L 25/12/2024 - 01:08:05: (map "de_dust2") Mod_LoadModel: models/player/dobby/dobby.mdl not found
L 25/12/2024 - 01:08:11: (map "de_dust2") Mod_LoadModel: models/player/dobby/dobby.mdl not found
L 25/12/2024 - 01:10:24: (map "de_dust2") Mod_LoadModel: models/player/dobby/dobby.mdl not found
L 25/12/2024 - 01:10:29: (map "de_dust2") Mod_LoadModel: models/player/dobby/dobby.mdl not found
L 25/12/2024 - 02:02:51: (map "de_dust2") Mod_LoadModel: models/player/dobby/dobby.mdl not found
L 25/12/2024 - 02:02:57: (map "de_dust2") Mod_LoadModel: models/player/dobby/dobby.mdl not found
L 25/12/2024 - 02:06:17: (map "de_dust2") Mod_LoadModel: models/player/sonynegro1/sonynegro1.mdl not found
L 25/12/2024 - 02:06:22: (map "de_dust2") Mod_LoadModel: models/player/sonynegro1/sonynegro1.mdl not found
L 25/12/2024 - 02:09:33: (map "de_dust2") Mod_LoadModel: models/player/cuymagico_pg/cuymagico_pg.mdl not found
L 25/12/2024 - 02:09:42: (map "de_dust2") Mod_LoadModel: models/player/cuymagico_pg/cuymagico_pg.mdl not found
L 25/12/2024 - 02:10:52: (map "de_dust2") Mod_LoadModel: sprites/gas_puff_gray_opaque.spr not found
L 25/12/2024 - 02:10:57: (map "de_dust2") Mod_LoadModel: sprites/gas_puff_gray_opaque.spr not found
L 25/12/2024 - 06:03:07: (map "cs_siege") Mod_LoadModel: models/bomberman_mod/w_bomb.mdl not found
L 25/12/2024 - 06:03:20: (map "de_dust2") Mod_LoadModel: models/bomberman_mod/w_bomb.mdl not found
L 25/12/2024 - 10:26:14: (map "de_dust2") Mod_LoadModel: models/bomberman_mod/w_bomb.mdl not found
L 25/12/2024 - 10:26:20: (map "de_dust2") Mod_LoadModel: models/bomberman_mod/w_bomb.mdl not found
L 25/12/2024 - 11:42:59: (map "sj_trix_zone") Mod_LoadModel: models/Sj-Pro/Bocha/nike_ball.mdl not found
L 25/12/2024 - 12:05:21: (map "he_dodgeball2") Mod_LoadModel: models/p_dodgeball.mdl not found
L 25/12/2024 - 12:05:27: (map "de_dust2") Mod_LoadModel: models/p_dodgeball.mdl not found
L 25/12/2024 - 12:18:08: (map "de_dust2") Mod_LoadModel: models/p_dodgeball.mdl not found
L 25/12/2024 - 12:18:14: (map "de_dust2") Mod_LoadModel: models/p_dodgeball.mdl not found
L 25/12/2024 - 12:19:48: (map "de_dust2") Mod_LoadModel: models/p_dodgeball.mdl not found
L 25/12/2024 - 12:19:54: (map "de_dust2") Mod_LoadModel: models/p_dodgeball.mdl not found
L 25/12/2024 - 12:20:11: (map "de_dust2") Mod_LoadModel: models/p_dodgeball.mdl not found
L 25/12/2024 - 12:21:41: (map "de_dust2") Mod_LoadModel: models/p_dodgeball.mdl not found
L 25/12/2024 - 12:21:46: (map "de_dust2") Mod_LoadModel: models/p_dodgeball.mdl not found
L 25/12/2024 - 12:22:56: (map "de_dust2") Mod_LoadModel: models/p_dodgeball.mdl not found
L 25/12/2024 - 12:23:02: (map "de_dust2") Mod_LoadModel: models/p_dodgeball.mdl not found
L 25/12/2024 - 12:24:50: (map "de_dust2") Mod_LoadModel: models/p_dodgeball.mdl not found
L 25/12/2024 - 12:24:55: (map "de_dust2") Mod_LoadModel: models/p_dodgeball.mdl not found
L 25/12/2024 - 12:25:24: (map "de_dust2") Mod_LoadModel: models/p_dodgeball.mdl not found
L 25/12/2024 - 12:32:55: (map "de_dust2") Mod_LoadModel: models/v_dodgeball.mdl not found
L 25/12/2024 - 12:33:00: (map "de_dust2") Mod_LoadModel: models/v_dodgeball.mdl not found
L 25/12/2024 - 12:33:31: (map "de_dust2") Mod_LoadModel: models/w_dodgeball.mdl not found
