L 01/06/2025 - 02:52:20: Start of error session.
L 01/06/2025 - 02:52:20: Info (map "deathrun_minecraft_fg") (file "addons/amxmodx/logs/error_20250106.log")
L 01/06/2025 - 02:52:20: Invalid player id 0
L 01/06/2025 - 02:52:20: [AMXX] Run time error 10 (plugin "status_monitor.amxx") (native "get_user_info") - debug not enabled!
L 01/06/2025 - 02:52:20: [AMXX] To enable debug mode, add "debug" after the plugin name in plugins.ini (without quotes).
L 01/06/2025 - 03:33:23: Start of error session.
L 01/06/2025 - 03:33:23: Info (map "deathrun_minecraft_fg") (file "addons/amxmodx/logs/error_20250106.log")
L 01/06/2025 - 03:33:23: Invalid player id 0
L 01/06/2025 - 03:33:23: [AMXX] Run time error 10 (plugin "status_monitor.amxx") (native "get_user_info") - debug not enabled!
L 01/06/2025 - 03:33:23: [AMXX] To enable debug mode, add "debug" after the plugin name in plugins.ini (without quotes).
L 01/06/2025 - 03:48:05: Invalid player id 0
L 01/06/2025 - 03:48:05: [AMXX] Run time error 10 (plugin "status_monitor.amxx") (native "get_user_info") - debug not enabled!
L 01/06/2025 - 03:48:05: [AMXX] To enable debug mode, add "debug" after the plugin name in plugins.ini (without quotes).
L 01/06/2025 - 04:08:29: Start of error session.
L 01/06/2025 - 04:08:29: Info (map "deathrun_surf!") (file "addons/amxmodx/logs/error_20250106.log")
L 01/06/2025 - 04:08:29: Invalid player id 0
L 01/06/2025 - 04:08:29: [AMXX] Run time error 10 (plugin "status_monitor.amxx") (native "get_user_info") - debug not enabled!
L 01/06/2025 - 04:08:29: [AMXX] To enable debug mode, add "debug" after the plugin name in plugins.ini (without quotes).
L 01/06/2025 - 07:13:02: Start of error session.
L 01/06/2025 - 07:13:02: Info (map "deathrun_minecraft_fg") (file "addons/amxmodx/logs/error_20250106.log")
L 01/06/2025 - 07:13:02: Invalid player id 0
L 01/06/2025 - 07:13:02: [AMXX] Run time error 10 (plugin "status_monitor.amxx") (native "get_user_info") - debug not enabled!
L 01/06/2025 - 07:13:02: [AMXX] To enable debug mode, add "debug" after the plugin name in plugins.ini (without quotes).
L 01/06/2025 - 07:33:40: Start of error session.
L 01/06/2025 - 07:33:40: Info (map "deathrun_forest") (file "addons/amxmodx/logs/error_20250106.log")
L 01/06/2025 - 07:33:40: Invalid player id 0
L 01/06/2025 - 07:33:40: [AMXX] Run time error 10 (plugin "status_monitor.amxx") (native "get_user_info") - debug not enabled!
L 01/06/2025 - 07:33:40: [AMXX] To enable debug mode, add "debug" after the plugin name in plugins.ini (without quotes).
L 01/06/2025 - 08:14:43: Start of error session.
L 01/06/2025 - 08:14:43: Info (map "deathrun_minecraft_fg") (file "addons/amxmodx/logs/error_20250106.log")
L 01/06/2025 - 08:14:43: Invalid player id 0
L 01/06/2025 - 08:14:43: [AMXX] Run time error 10 (plugin "status_monitor.amxx") (native "get_user_info") - debug not enabled!
L 01/06/2025 - 08:14:43: [AMXX] To enable debug mode, add "debug" after the plugin name in plugins.ini (without quotes).
L 01/06/2025 - 08:35:21: Start of error session.
L 01/06/2025 - 08:35:21: Info (map "deathrun_colors") (file "addons/amxmodx/logs/error_20250106.log")
L 01/06/2025 - 08:35:21: Invalid player id 0
L 01/06/2025 - 08:35:21: [AMXX] Run time error 10 (plugin "status_monitor.amxx") (native "get_user_info") - debug not enabled!
L 01/06/2025 - 08:35:21: [AMXX] To enable debug mode, add "debug" after the plugin name in plugins.ini (without quotes).
L 01/06/2025 - 12:52:08: Start of error session.
L 01/06/2025 - 12:52:08: Info (map "deathrace_brio") (file "addons/amxmodx/logs/error_20250106.log")
L 01/06/2025 - 12:52:08: Invalid player id 0
L 01/06/2025 - 12:52:08: [AMXX] Run time error 10 (plugin "status_monitor.amxx") (native "get_user_info") - debug not enabled!
L 01/06/2025 - 12:52:08: [AMXX] To enable debug mode, add "debug" after the plugin name in plugins.ini (without quotes).
L 01/06/2025 - 13:13:11: Start of error session.
L 01/06/2025 - 13:13:11: Info (map "deathrace_dangerous") (file "addons/amxmodx/logs/error_20250106.log")
L 01/06/2025 - 13:13:11: Invalid player id 0
L 01/06/2025 - 13:13:11: [AMXX] Run time error 10 (plugin "status_monitor.amxx") (native "get_user_info") - debug not enabled!
L 01/06/2025 - 13:13:11: [AMXX] To enable debug mode, add "debug" after the plugin name in plugins.ini (without quotes).
L 01/06/2025 - 16:11:15: Start of error session.
L 01/06/2025 - 16:11:15: Info (map "de_dust2") (file "addons/amxmodx/logs/error_20250106.log")
L 01/06/2025 - 16:11:15: [AMXX] Run time error 3 (plugin "slender.amxx") - debug not enabled!
L 01/06/2025 - 16:11:15: [AMXX] To enable debug mode, add "debug" after the plugin name in plugins.ini (without quotes).
L 01/06/2025 - 16:11:20: Invalid player id 0
L 01/06/2025 - 16:11:20: [AMXX] Run time error 10 (plugin "status_monitor.amxx") (native "get_user_info") - debug not enabled!
L 01/06/2025 - 16:11:20: [AMXX] To enable debug mode, add "debug" after the plugin name in plugins.ini (without quotes).
L 01/06/2025 - 16:12:01: Start of error session.
L 01/06/2025 - 16:12:01: Info (map "fy_pool_day") (file "addons/amxmodx/logs/error_20250106.log")
L 01/06/2025 - 16:12:01: Invalid player id 0
L 01/06/2025 - 16:12:01: [AMXX] Run time error 10 (plugin "status_monitor.amxx") (native "get_user_info") - debug not enabled!
L 01/06/2025 - 16:12:01: [AMXX] To enable debug mode, add "debug" after the plugin name in plugins.ini (without quotes).
L 01/06/2025 - 16:12:04: Invalid player id 0
L 01/06/2025 - 16:12:04: [AMXX] Run time error 10 (plugin "status_monitor.amxx") (native "get_user_info") - debug not enabled!
L 01/06/2025 - 16:12:04: [AMXX] To enable debug mode, add "debug" after the plugin name in plugins.ini (without quotes).
L 01/06/2025 - 16:23:55: Start of error session.
L 01/06/2025 - 16:23:55: Info (map "awp_india") (file "addons/amxmodx/logs/error_20250106.log")
L 01/06/2025 - 16:23:55: Invalid player id 0
L 01/06/2025 - 16:23:55: [AMXX] Run time error 10 (plugin "status_monitor.amxx") (native "get_user_info") - debug not enabled!
L 01/06/2025 - 16:23:55: [AMXX] To enable debug mode, add "debug" after the plugin name in plugins.ini (without quotes).
L 01/06/2025 - 16:23:58: Invalid player id 0
L 01/06/2025 - 16:23:58: [AMXX] Run time error 10 (plugin "status_monitor.amxx") (native "get_user_info") - debug not enabled!
L 01/06/2025 - 16:23:58: [AMXX] To enable debug mode, add "debug" after the plugin name in plugins.ini (without quotes).
L 01/06/2025 - 16:24:25: Start of error session.
L 01/06/2025 - 16:24:25: Info (map "awp_india") (file "addons/amxmodx/logs/error_20250106.log")
L 01/06/2025 - 16:24:25: Invalid player id 0
L 01/06/2025 - 16:24:25: [AMXX] Run time error 10 (plugin "status_monitor.amxx") (native "get_user_info") - debug not enabled!
L 01/06/2025 - 16:24:25: [AMXX] To enable debug mode, add "debug" after the plugin name in plugins.ini (without quotes).
L 01/06/2025 - 16:24:34: Invalid player id 0
L 01/06/2025 - 16:24:34: [AMXX] Run time error 10 (plugin "status_monitor.amxx") (native "get_user_info") - debug not enabled!
L 01/06/2025 - 16:24:34: [AMXX] To enable debug mode, add "debug" after the plugin name in plugins.ini (without quotes).
L 01/06/2025 - 16:35:23: Start of error session.
L 01/06/2025 - 16:35:23: Info (map "fy_pool_day") (file "addons/amxmodx/logs/error_20250106.log")
L 01/06/2025 - 16:35:23: Invalid player id 0
L 01/06/2025 - 16:35:23: [AMXX] Run time error 10 (plugin "status_monitor.amxx") (native "get_user_info") - debug not enabled!
L 01/06/2025 - 16:35:23: [AMXX] To enable debug mode, add "debug" after the plugin name in plugins.ini (without quotes).
L 01/06/2025 - 16:35:26: Invalid player id 0
L 01/06/2025 - 16:35:26: [AMXX] Run time error 10 (plugin "status_monitor.amxx") (native "get_user_info") - debug not enabled!
L 01/06/2025 - 16:35:26: [AMXX] To enable debug mode, add "debug" after the plugin name in plugins.ini (without quotes).
L 01/06/2025 - 16:47:47: Start of error session.
L 01/06/2025 - 16:47:47: Info (map "he_tennis") (file "addons/amxmodx/logs/error_20250106.log")
L 01/06/2025 - 16:47:47: Invalid player id 0
L 01/06/2025 - 16:47:47: [AMXX] Run time error 10 (plugin "status_monitor.amxx") (native "get_user_info") - debug not enabled!
L 01/06/2025 - 16:47:47: [AMXX] To enable debug mode, add "debug" after the plugin name in plugins.ini (without quotes).
L 01/06/2025 - 16:47:47: Invalid player id 0
L 01/06/2025 - 16:47:47: [AMXX] Run time error 10 (plugin "status_monitor.amxx") (native "get_user_info") - debug not enabled!
L 01/06/2025 - 16:47:47: [AMXX] To enable debug mode, add "debug" after the plugin name in plugins.ini (without quotes).
L 01/06/2025 - 17:20:09: Invalid index 6 (count: 3)
L 01/06/2025 - 17:20:09: [AMXX] Displaying debug trace (plugin "polymorph.amxx", version "1.1.3")
L 01/06/2025 - 17:20:09: [AMXX] Run time error 10: native error (native "ArrayGetStringHandle")
L 01/06/2025 - 17:20:09: [AMXX]    [0] polymorph.sma::ShowMapVoteMenu (line 1289)
L 01/06/2025 - 17:20:09: [AMXX]    [1] polymorph.sma::TaskVoteMapTimer (line 1237)
L 01/06/2025 - 17:20:10: Invalid index 6 (count: 3)
L 01/06/2025 - 17:20:10: [AMXX] Displaying debug trace (plugin "polymorph.amxx", version "1.1.3")
L 01/06/2025 - 17:20:10: [AMXX] Run time error 10: native error (native "ArrayGetStringHandle")
L 01/06/2025 - 17:20:10: [AMXX]    [0] polymorph.sma::ShowMapVoteMenu (line 1289)
L 01/06/2025 - 17:20:10: [AMXX]    [1] polymorph.sma::TaskVoteMapTimer (line 1237)
L 01/06/2025 - 17:20:11: Invalid index 6 (count: 3)
L 01/06/2025 - 17:20:11: [AMXX] Displaying debug trace (plugin "polymorph.amxx", version "1.1.3")
L 01/06/2025 - 17:20:11: [AMXX] Run time error 10: native error (native "ArrayGetStringHandle")
L 01/06/2025 - 17:20:11: [AMXX]    [0] polymorph.sma::ShowMapVoteMenu (line 1289)
L 01/06/2025 - 17:20:11: [AMXX]    [1] polymorph.sma::TaskVoteMapTimer (line 1237)
L 01/06/2025 - 17:20:12: Invalid index 6 (count: 3)
L 01/06/2025 - 17:20:12: [AMXX] Displaying debug trace (plugin "polymorph.amxx", version "1.1.3")
L 01/06/2025 - 17:20:12: [AMXX] Run time error 10: native error (native "ArrayGetStringHandle")
L 01/06/2025 - 17:20:12: [AMXX]    [0] polymorph.sma::ShowMapVoteMenu (line 1289)
L 01/06/2025 - 17:20:12: [AMXX]    [1] polymorph.sma::TaskVoteMapTimer (line 1237)
L 01/06/2025 - 17:20:12: Invalid index 4 (count: 3)
L 01/06/2025 - 17:20:12: [AMXX] Displaying debug trace (plugin "polymorph.amxx", version "1.1.3")
L 01/06/2025 - 17:20:12: [AMXX] Run time error 10: native error (native "ArrayGetString")
L 01/06/2025 - 17:20:12: [AMXX]    [0] polymorph.sma::HandleMapVoteMenu (line 1376)
L 01/06/2025 - 17:20:13: Invalid index 6 (count: 3)
L 01/06/2025 - 17:20:13: [AMXX] Displaying debug trace (plugin "polymorph.amxx", version "1.1.3")
L 01/06/2025 - 17:20:13: [AMXX] Run time error 10: native error (native "ArrayGetStringHandle")
L 01/06/2025 - 17:20:13: [AMXX]    [0] polymorph.sma::ShowMapVoteMenu (line 1289)
L 01/06/2025 - 17:20:13: [AMXX]    [1] polymorph.sma::TaskVoteMapTimer (line 1237)
L 01/06/2025 - 17:20:14: Invalid index 6 (count: 3)
L 01/06/2025 - 17:20:14: [AMXX] Displaying debug trace (plugin "polymorph.amxx", version "1.1.3")
L 01/06/2025 - 17:20:14: [AMXX] Run time error 10: native error (native "ArrayGetStringHandle")
L 01/06/2025 - 17:20:14: [AMXX]    [0] polymorph.sma::ShowMapVoteMenu (line 1289)
L 01/06/2025 - 17:20:14: [AMXX]    [1] polymorph.sma::TaskVoteMapTimer (line 1237)
L 01/06/2025 - 17:20:15: Invalid index 6 (count: 3)
L 01/06/2025 - 17:20:15: [AMXX] Displaying debug trace (plugin "polymorph.amxx", version "1.1.3")
L 01/06/2025 - 17:20:15: [AMXX] Run time error 10: native error (native "ArrayGetStringHandle")
L 01/06/2025 - 17:20:15: [AMXX]    [0] polymorph.sma::ShowMapVoteMenu (line 1289)
L 01/06/2025 - 17:20:15: [AMXX]    [1] polymorph.sma::TaskVoteMapTimer (line 1237)
L 01/06/2025 - 17:20:16: Invalid index 6 (count: 3)
L 01/06/2025 - 17:20:16: [AMXX] Displaying debug trace (plugin "polymorph.amxx", version "1.1.3")
L 01/06/2025 - 17:20:16: [AMXX] Run time error 10: native error (native "ArrayGetStringHandle")
L 01/06/2025 - 17:20:16: [AMXX]    [0] polymorph.sma::ShowMapVoteMenu (line 1289)
L 01/06/2025 - 17:20:16: [AMXX]    [1] polymorph.sma::TaskVoteMapTimer (line 1237)
L 01/06/2025 - 17:20:17: Invalid index 6 (count: 3)
L 01/06/2025 - 17:20:17: [AMXX] Displaying debug trace (plugin "polymorph.amxx", version "1.1.3")
L 01/06/2025 - 17:20:17: [AMXX] Run time error 10: native error (native "ArrayGetStringHandle")
L 01/06/2025 - 17:20:17: [AMXX]    [0] polymorph.sma::ShowMapVoteMenu (line 1289)
L 01/06/2025 - 17:20:17: [AMXX]    [1] polymorph.sma::TaskVoteMapTimer (line 1237)
L 01/06/2025 - 17:20:18: Invalid index 6 (count: 3)
L 01/06/2025 - 17:20:18: [AMXX] Displaying debug trace (plugin "polymorph.amxx", version "1.1.3")
L 01/06/2025 - 17:20:18: [AMXX] Run time error 10: native error (native "ArrayGetStringHandle")
L 01/06/2025 - 17:20:18: [AMXX]    [0] polymorph.sma::ShowMapVoteMenu (line 1289)
L 01/06/2025 - 17:20:18: [AMXX]    [1] polymorph.sma::TaskVoteMapTimer (line 1237)
L 01/06/2025 - 17:20:19: Invalid index 6 (count: 3)
L 01/06/2025 - 17:20:19: [AMXX] Displaying debug trace (plugin "polymorph.amxx", version "1.1.3")
L 01/06/2025 - 17:20:19: [AMXX] Run time error 10: native error (native "ArrayGetStringHandle")
L 01/06/2025 - 17:20:19: [AMXX]    [0] polymorph.sma::ShowMapVoteMenu (line 1289)
L 01/06/2025 - 17:20:19: [AMXX]    [1] polymorph.sma::TaskVoteMapTimer (line 1237)
L 01/06/2025 - 17:20:20: Invalid index 6 (count: 3)
L 01/06/2025 - 17:20:20: [AMXX] Displaying debug trace (plugin "polymorph.amxx", version "1.1.3")
L 01/06/2025 - 17:20:20: [AMXX] Run time error 10: native error (native "ArrayGetStringHandle")
L 01/06/2025 - 17:20:20: [AMXX]    [0] polymorph.sma::ShowMapVoteMenu (line 1289)
L 01/06/2025 - 17:20:20: [AMXX]    [1] polymorph.sma::TaskVoteMapTimer (line 1237)
L 01/06/2025 - 17:20:20: Invalid index 6 (count: 3)
L 01/06/2025 - 17:20:20: [AMXX] Displaying debug trace (plugin "polymorph.amxx", version "1.1.3")
L 01/06/2025 - 17:20:20: [AMXX] Run time error 10: native error (native "ArrayGetString")
L 01/06/2025 - 17:20:20: [AMXX]    [0] polymorph.sma::checkMapVotes (line 1427)
L 01/06/2025 - 17:20:21: Invalid index 6 (count: 3)
L 01/06/2025 - 17:20:21: [AMXX] Displaying debug trace (plugin "polymorph.amxx", version "1.1.3")
L 01/06/2025 - 17:20:21: [AMXX] Run time error 10: native error (native "ArrayGetStringHandle")
L 01/06/2025 - 17:20:21: [AMXX]    [0] polymorph.sma::ShowMapVoteMenu (line 1289)
L 01/06/2025 - 17:20:21: [AMXX]    [1] polymorph.sma::TaskVoteMapTimer (line 1237)
L 01/06/2025 - 17:20:22: Invalid index 6 (count: 3)
L 01/06/2025 - 17:20:22: [AMXX] Displaying debug trace (plugin "polymorph.amxx", version "1.1.3")
L 01/06/2025 - 17:20:22: [AMXX] Run time error 10: native error (native "ArrayGetStringHandle")
L 01/06/2025 - 17:20:22: [AMXX]    [0] polymorph.sma::ShowMapVoteMenu (line 1289)
L 01/06/2025 - 17:20:22: [AMXX]    [1] polymorph.sma::TaskVoteMapTimer (line 1237)
L 01/06/2025 - 17:20:23: Invalid index 6 (count: 3)
L 01/06/2025 - 17:20:23: [AMXX] Displaying debug trace (plugin "polymorph.amxx", version "1.1.3")
L 01/06/2025 - 17:20:23: [AMXX] Run time error 10: native error (native "ArrayGetStringHandle")
L 01/06/2025 - 17:20:23: [AMXX]    [0] polymorph.sma::ShowMapVoteMenu (line 1289)
L 01/06/2025 - 17:20:23: [AMXX]    [1] polymorph.sma::TaskVoteMapTimer (line 1237)
L 01/06/2025 - 17:20:24: Invalid index 6 (count: 3)
L 01/06/2025 - 17:20:24: [AMXX] Displaying debug trace (plugin "polymorph.amxx", version "1.1.3")
L 01/06/2025 - 17:20:24: [AMXX] Run time error 10: native error (native "ArrayGetStringHandle")
L 01/06/2025 - 17:20:24: [AMXX]    [0] polymorph.sma::ShowMapVoteMenu (line 1289)
L 01/06/2025 - 17:20:24: [AMXX]    [1] polymorph.sma::TaskVoteMapTimer (line 1237)
L 01/06/2025 - 17:20:25: Invalid index 6 (count: 3)
L 01/06/2025 - 17:20:25: [AMXX] Displaying debug trace (plugin "polymorph.amxx", version "1.1.3")
L 01/06/2025 - 17:20:25: [AMXX] Run time error 10: native error (native "ArrayGetStringHandle")
L 01/06/2025 - 17:20:25: [AMXX]    [0] polymorph.sma::ShowMapVoteMenu (line 1289)
L 01/06/2025 - 17:20:25: [AMXX]    [1] polymorph.sma::TaskVoteMapTimer (line 1237)
L 01/06/2025 - 17:20:26: Invalid index 6 (count: 3)
L 01/06/2025 - 17:20:26: [AMXX] Displaying debug trace (plugin "polymorph.amxx", version "1.1.3")
L 01/06/2025 - 17:20:26: [AMXX] Run time error 10: native error (native "ArrayGetStringHandle")
L 01/06/2025 - 17:20:26: [AMXX]    [0] polymorph.sma::ShowMapVoteMenu (line 1289)
L 01/06/2025 - 17:20:26: [AMXX]    [1] polymorph.sma::TaskVoteMapTimer (line 1237)
L 01/06/2025 - 17:20:27: Invalid index 6 (count: 3)
L 01/06/2025 - 17:20:27: [AMXX] Displaying debug trace (plugin "polymorph.amxx", version "1.1.3")
L 01/06/2025 - 17:20:27: [AMXX] Run time error 10: native error (native "ArrayGetStringHandle")
L 01/06/2025 - 17:20:27: [AMXX]    [0] polymorph.sma::ShowMapVoteMenu (line 1289)
L 01/06/2025 - 17:20:27: [AMXX]    [1] polymorph.sma::TaskVoteMapTimer (line 1237)
L 01/06/2025 - 17:20:28: Invalid index 6 (count: 3)
L 01/06/2025 - 17:20:28: [AMXX] Displaying debug trace (plugin "polymorph.amxx", version "1.1.3")
L 01/06/2025 - 17:20:28: [AMXX] Run time error 10: native error (native "ArrayGetStringHandle")
L 01/06/2025 - 17:20:28: [AMXX]    [0] polymorph.sma::ShowMapVoteMenu (line 1289)
L 01/06/2025 - 17:20:28: [AMXX]    [1] polymorph.sma::TaskVoteMapTimer (line 1237)
L 01/06/2025 - 17:20:29: Invalid index 6 (count: 3)
L 01/06/2025 - 17:20:29: [AMXX] Displaying debug trace (plugin "polymorph.amxx", version "1.1.3")
L 01/06/2025 - 17:20:29: [AMXX] Run time error 10: native error (native "ArrayGetStringHandle")
L 01/06/2025 - 17:20:29: [AMXX]    [0] polymorph.sma::ShowMapVoteMenu (line 1289)
L 01/06/2025 - 17:20:29: [AMXX]    [1] polymorph.sma::TaskVoteMapTimer (line 1237)
L 01/06/2025 - 17:20:30: Invalid index 6 (count: 3)
L 01/06/2025 - 17:20:30: [AMXX] Displaying debug trace (plugin "polymorph.amxx", version "1.1.3")
L 01/06/2025 - 17:20:30: [AMXX] Run time error 10: native error (native "ArrayGetStringHandle")
L 01/06/2025 - 17:20:30: [AMXX]    [0] polymorph.sma::ShowMapVoteMenu (line 1289)
L 01/06/2025 - 17:20:30: [AMXX]    [1] polymorph.sma::TaskVoteMapTimer (line 1237)
L 01/06/2025 - 17:20:31: Invalid index 6 (count: 3)
L 01/06/2025 - 17:20:31: [AMXX] Displaying debug trace (plugin "polymorph.amxx", version "1.1.3")
L 01/06/2025 - 17:20:31: [AMXX] Run time error 10: native error (native "ArrayGetStringHandle")
L 01/06/2025 - 17:20:31: [AMXX]    [0] polymorph.sma::ShowMapVoteMenu (line 1289)
L 01/06/2025 - 17:20:31: [AMXX]    [1] polymorph.sma::TaskVoteMapTimer (line 1237)
L 01/06/2025 - 17:20:32: Invalid index 6 (count: 3)
L 01/06/2025 - 17:20:32: [AMXX] Displaying debug trace (plugin "polymorph.amxx", version "1.1.3")
L 01/06/2025 - 17:20:32: [AMXX] Run time error 10: native error (native "ArrayGetStringHandle")
L 01/06/2025 - 17:20:32: [AMXX]    [0] polymorph.sma::ShowMapVoteMenu (line 1289)
L 01/06/2025 - 17:20:32: [AMXX]    [1] polymorph.sma::TaskVoteMapTimer (line 1237)
L 01/06/2025 - 17:20:33: Invalid index 6 (count: 3)
L 01/06/2025 - 17:20:33: [AMXX] Displaying debug trace (plugin "polymorph.amxx", version "1.1.3")
L 01/06/2025 - 17:20:33: [AMXX] Run time error 10: native error (native "ArrayGetStringHandle")
L 01/06/2025 - 17:20:33: [AMXX]    [0] polymorph.sma::ShowMapVoteMenu (line 1289)
L 01/06/2025 - 17:20:33: [AMXX]    [1] polymorph.sma::TaskVoteMapTimer (line 1237)
L 01/06/2025 - 17:20:34: Invalid index 6 (count: 3)
L 01/06/2025 - 17:20:34: [AMXX] Displaying debug trace (plugin "polymorph.amxx", version "1.1.3")
L 01/06/2025 - 17:20:34: [AMXX] Run time error 10: native error (native "ArrayGetStringHandle")
L 01/06/2025 - 17:20:34: [AMXX]    [0] polymorph.sma::ShowMapVoteMenu (line 1289)
L 01/06/2025 - 17:20:34: [AMXX]    [1] polymorph.sma::TaskVoteMapTimer (line 1237)
L 01/06/2025 - 17:20:35: Invalid index 6 (count: 3)
L 01/06/2025 - 17:20:35: [AMXX] Displaying debug trace (plugin "polymorph.amxx", version "1.1.3")
L 01/06/2025 - 17:20:35: [AMXX] Run time error 10: native error (native "ArrayGetStringHandle")
L 01/06/2025 - 17:20:35: [AMXX]    [0] polymorph.sma::ShowMapVoteMenu (line 1289)
L 01/06/2025 - 17:20:35: [AMXX]    [1] polymorph.sma::TaskVoteMapTimer (line 1237)
L 01/06/2025 - 17:20:36: Invalid index 6 (count: 3)
L 01/06/2025 - 17:20:36: [AMXX] Displaying debug trace (plugin "polymorph.amxx", version "1.1.3")
L 01/06/2025 - 17:20:36: [AMXX] Run time error 10: native error (native "ArrayGetStringHandle")
L 01/06/2025 - 17:20:36: [AMXX]    [0] polymorph.sma::ShowMapVoteMenu (line 1289)
L 01/06/2025 - 17:20:36: [AMXX]    [1] polymorph.sma::TaskVoteMapTimer (line 1237)
L 01/06/2025 - 17:20:37: Invalid index 6 (count: 3)
L 01/06/2025 - 17:20:37: [AMXX] Displaying debug trace (plugin "polymorph.amxx", version "1.1.3")
L 01/06/2025 - 17:20:37: [AMXX] Run time error 10: native error (native "ArrayGetStringHandle")
L 01/06/2025 - 17:20:37: [AMXX]    [0] polymorph.sma::ShowMapVoteMenu (line 1289)
L 01/06/2025 - 17:20:37: [AMXX]    [1] polymorph.sma::TaskVoteMapTimer (line 1237)
L 01/06/2025 - 17:20:38: Invalid index 6 (count: 3)
L 01/06/2025 - 17:20:38: [AMXX] Displaying debug trace (plugin "polymorph.amxx", version "1.1.3")
L 01/06/2025 - 17:20:38: [AMXX] Run time error 10: native error (native "ArrayGetStringHandle")
L 01/06/2025 - 17:20:38: [AMXX]    [0] polymorph.sma::ShowMapVoteMenu (line 1289)
L 01/06/2025 - 17:20:38: [AMXX]    [1] polymorph.sma::TaskVoteMapTimer (line 1237)
L 01/06/2025 - 17:20:39: Invalid index 6 (count: 3)
L 01/06/2025 - 17:20:39: [AMXX] Displaying debug trace (plugin "polymorph.amxx", version "1.1.3")
L 01/06/2025 - 17:20:39: [AMXX] Run time error 10: native error (native "ArrayGetStringHandle")
L 01/06/2025 - 17:20:39: [AMXX]    [0] polymorph.sma::ShowMapVoteMenu (line 1289)
L 01/06/2025 - 17:20:39: [AMXX]    [1] polymorph.sma::TaskVoteMapTimer (line 1237)
L 01/06/2025 - 17:20:56: Start of error session.
L 01/06/2025 - 17:20:56: Info (map "kz_arsacid") (file "addons/amxmodx/logs/error_20250106.log")
L 01/06/2025 - 17:20:56: Invalid player id 0
L 01/06/2025 - 17:20:56: [AMXX] Run time error 10 (plugin "status_monitor.amxx") (native "get_user_info") - debug not enabled!
L 01/06/2025 - 17:20:56: [AMXX] To enable debug mode, add "debug" after the plugin name in plugins.ini (without quotes).
L 01/06/2025 - 17:21:01: Invalid player id 0
L 01/06/2025 - 17:21:01: [AMXX] Run time error 10 (plugin "status_monitor.amxx") (native "get_user_info") - debug not enabled!
L 01/06/2025 - 17:21:01: [AMXX] To enable debug mode, add "debug" after the plugin name in plugins.ini (without quotes).
L 01/06/2025 - 17:21:03: Invalid player id 0
L 01/06/2025 - 17:21:03: [AMXX] Run time error 10 (plugin "status_monitor.amxx") (native "get_user_info") - debug not enabled!
L 01/06/2025 - 17:21:03: [AMXX] To enable debug mode, add "debug" after the plugin name in plugins.ini (without quotes).
L 01/06/2025 - 17:23:45: Start of error session.
L 01/06/2025 - 17:23:45: Info (map "kz_arsacid") (file "addons/amxmodx/logs/error_20250106.log")
L 01/06/2025 - 17:23:45: Invalid player id 0
L 01/06/2025 - 17:23:45: [AMXX] Run time error 10 (plugin "status_monitor.amxx") (native "get_user_info") - debug not enabled!
L 01/06/2025 - 17:23:45: [AMXX] To enable debug mode, add "debug" after the plugin name in plugins.ini (without quotes).
L 01/06/2025 - 17:23:47: Invalid player id 0
L 01/06/2025 - 17:23:47: [AMXX] Run time error 10 (plugin "status_monitor.amxx") (native "get_user_info") - debug not enabled!
L 01/06/2025 - 17:23:47: [AMXX] To enable debug mode, add "debug" after the plugin name in plugins.ini (without quotes).
L 01/06/2025 - 17:23:49: Invalid player id 0
L 01/06/2025 - 17:23:49: [AMXX] Run time error 10 (plugin "status_monitor.amxx") (native "get_user_info") - debug not enabled!
L 01/06/2025 - 17:23:49: [AMXX] To enable debug mode, add "debug" after the plugin name in plugins.ini (without quotes).
L 01/06/2025 - 17:25:21: Start of error session.
L 01/06/2025 - 17:25:21: Info (map "cs_paintball") (file "addons/amxmodx/logs/error_20250106.log")
L 01/06/2025 - 17:25:21: Invalid player id 0
L 01/06/2025 - 17:25:21: [AMXX] Run time error 10 (plugin "status_monitor.amxx") (native "get_user_info") - debug not enabled!
L 01/06/2025 - 17:25:21: [AMXX] To enable debug mode, add "debug" after the plugin name in plugins.ini (without quotes).
L 01/06/2025 - 17:27:56: Invalid player id 0
L 01/06/2025 - 17:27:56: [AMXX] Run time error 10 (plugin "status_monitor.amxx") (native "get_user_info") - debug not enabled!
L 01/06/2025 - 17:27:56: [AMXX] To enable debug mode, add "debug" after the plugin name in plugins.ini (without quotes).
L 01/06/2025 - 17:39:41: Invalid player id 0
L 01/06/2025 - 17:39:41: [AMXX] Run time error 10 (plugin "status_monitor.amxx") (native "get_user_info") - debug not enabled!
L 01/06/2025 - 17:39:41: [AMXX] To enable debug mode, add "debug" after the plugin name in plugins.ini (without quotes).
L 01/06/2025 - 17:56:04: Start of error session.
L 01/06/2025 - 17:56:04: Info (map "bomberman_final") (file "addons/amxmodx/logs/error_20250106.log")
L 01/06/2025 - 17:56:04: Invalid player id 0
L 01/06/2025 - 17:56:04: [AMXX] Run time error 10 (plugin "status_monitor.amxx") (native "get_user_info") - debug not enabled!
L 01/06/2025 - 17:56:04: [AMXX] To enable debug mode, add "debug" after the plugin name in plugins.ini (without quotes).
L 01/06/2025 - 17:56:06: Invalid player id 0
L 01/06/2025 - 17:56:06: [AMXX] Run time error 10 (plugin "status_monitor.amxx") (native "get_user_info") - debug not enabled!
L 01/06/2025 - 17:56:06: [AMXX] To enable debug mode, add "debug" after the plugin name in plugins.ini (without quotes).
L 01/06/2025 - 17:56:11: Invalid player id 0
L 01/06/2025 - 17:56:11: [AMXX] Run time error 10 (plugin "status_monitor.amxx") (native "get_user_info") - debug not enabled!
L 01/06/2025 - 17:56:11: [AMXX] To enable debug mode, add "debug" after the plugin name in plugins.ini (without quotes).
L 01/06/2025 - 18:12:23: Start of error session.
L 01/06/2025 - 18:12:23: Info (map "de_dust") (file "addons/amxmodx/logs/error_20250106.log")
L 01/06/2025 - 18:12:23: Invalid player id 0
L 01/06/2025 - 18:12:23: [AMXX] Run time error 10 (plugin "status_monitor.amxx") (native "get_user_info") - debug not enabled!
L 01/06/2025 - 18:12:23: [AMXX] To enable debug mode, add "debug" after the plugin name in plugins.ini (without quotes).
L 01/06/2025 - 18:12:23: Invalid player id 0
L 01/06/2025 - 18:12:23: [AMXX] Run time error 10 (plugin "status_monitor.amxx") (native "get_user_info") - debug not enabled!
L 01/06/2025 - 18:12:23: [AMXX] To enable debug mode, add "debug" after the plugin name in plugins.ini (without quotes).
L 01/06/2025 - 18:12:24: Invalid player id 0
L 01/06/2025 - 18:12:24: [AMXX] Run time error 10 (plugin "status_monitor.amxx") (native "get_user_info") - debug not enabled!
L 01/06/2025 - 18:12:24: [AMXX] To enable debug mode, add "debug" after the plugin name in plugins.ini (without quotes).
L 01/06/2025 - 18:21:22: Invalid player id 0
L 01/06/2025 - 18:21:22: [AMXX] Run time error 10 (plugin "status_monitor.amxx") (native "get_user_info") - debug not enabled!
L 01/06/2025 - 18:21:22: [AMXX] To enable debug mode, add "debug" after the plugin name in plugins.ini (without quotes).
L 01/06/2025 - 18:21:41: Invalid player id 0
L 01/06/2025 - 18:21:41: [AMXX] Run time error 10 (plugin "status_monitor.amxx") (native "get_user_info") - debug not enabled!
L 01/06/2025 - 18:21:41: [AMXX] To enable debug mode, add "debug" after the plugin name in plugins.ini (without quotes).
L 01/06/2025 - 18:23:27: Invalid player id 0
L 01/06/2025 - 18:23:27: [AMXX] Run time error 10 (plugin "status_monitor.amxx") (native "get_user_info") - debug not enabled!
L 01/06/2025 - 18:23:27: [AMXX] To enable debug mode, add "debug" after the plugin name in plugins.ini (without quotes).
L 01/06/2025 - 18:30:53: Start of error session.
L 01/06/2025 - 18:30:53: Info (map "hns_floppytown") (file "addons/amxmodx/logs/error_20250106.log")
L 01/06/2025 - 18:30:53: Invalid player id 0
L 01/06/2025 - 18:30:53: [AMXX] Run time error 10 (plugin "status_monitor.amxx") (native "get_user_info") - debug not enabled!
L 01/06/2025 - 18:30:53: [AMXX] To enable debug mode, add "debug" after the plugin name in plugins.ini (without quotes).
L 01/06/2025 - 18:30:53: Invalid player id 0
L 01/06/2025 - 18:30:53: [AMXX] Run time error 10 (plugin "status_monitor.amxx") (native "get_user_info") - debug not enabled!
L 01/06/2025 - 18:30:53: [AMXX] To enable debug mode, add "debug" after the plugin name in plugins.ini (without quotes).
L 01/06/2025 - 18:30:54: Invalid player id 0
L 01/06/2025 - 18:30:54: [AMXX] Run time error 10 (plugin "status_monitor.amxx") (native "get_user_info") - debug not enabled!
L 01/06/2025 - 18:30:54: [AMXX] To enable debug mode, add "debug" after the plugin name in plugins.ini (without quotes).
L 01/06/2025 - 18:43:09: Invalid player id 0
L 01/06/2025 - 18:43:09: [AMXX] Run time error 10 (plugin "status_monitor.amxx") (native "get_user_info") - debug not enabled!
L 01/06/2025 - 18:43:09: [AMXX] To enable debug mode, add "debug" after the plugin name in plugins.ini (without quotes).
L 01/06/2025 - 18:44:23: Invalid player id 0
L 01/06/2025 - 18:44:23: [AMXX] Run time error 10 (plugin "status_monitor.amxx") (native "get_user_info") - debug not enabled!
L 01/06/2025 - 18:44:23: [AMXX] To enable debug mode, add "debug" after the plugin name in plugins.ini (without quotes).
L 01/06/2025 - 18:44:57: Invalid player id 0
L 01/06/2025 - 18:44:57: [AMXX] Run time error 10 (plugin "status_monitor.amxx") (native "get_user_info") - debug not enabled!
L 01/06/2025 - 18:44:57: [AMXX] To enable debug mode, add "debug" after the plugin name in plugins.ini (without quotes).
L 01/06/2025 - 18:45:24: Invalid player id 0
L 01/06/2025 - 18:45:24: [AMXX] Run time error 10 (plugin "status_monitor.amxx") (native "get_user_info") - debug not enabled!
L 01/06/2025 - 18:45:24: [AMXX] To enable debug mode, add "debug" after the plugin name in plugins.ini (without quotes).
L 01/06/2025 - 18:48:31: Start of error session.
L 01/06/2025 - 18:48:31: Info (map "de_dust") (file "addons/amxmodx/logs/error_20250106.log")
L 01/06/2025 - 18:48:31: Invalid player id 0
L 01/06/2025 - 18:48:31: [AMXX] Run time error 10 (plugin "status_monitor.amxx") (native "get_user_info") - debug not enabled!
L 01/06/2025 - 18:48:31: [AMXX] To enable debug mode, add "debug" after the plugin name in plugins.ini (without quotes).
L 01/06/2025 - 18:48:33: Invalid player id 0
L 01/06/2025 - 18:48:33: [AMXX] Run time error 10 (plugin "status_monitor.amxx") (native "get_user_info") - debug not enabled!
L 01/06/2025 - 18:48:33: [AMXX] To enable debug mode, add "debug" after the plugin name in plugins.ini (without quotes).
L 01/06/2025 - 18:48:35: Invalid player id 0
L 01/06/2025 - 18:48:35: [AMXX] Run time error 10 (plugin "status_monitor.amxx") (native "get_user_info") - debug not enabled!
L 01/06/2025 - 18:48:35: [AMXX] To enable debug mode, add "debug" after the plugin name in plugins.ini (without quotes).
L 01/06/2025 - 18:48:37: Invalid player id 0
L 01/06/2025 - 18:48:37: [AMXX] Run time error 10 (plugin "status_monitor.amxx") (native "get_user_info") - debug not enabled!
L 01/06/2025 - 18:48:37: [AMXX] To enable debug mode, add "debug" after the plugin name in plugins.ini (without quotes).
L 01/06/2025 - 18:49:17: Invalid player id 0
L 01/06/2025 - 18:49:17: [AMXX] Run time error 10 (plugin "status_monitor.amxx") (native "get_user_info") - debug not enabled!
L 01/06/2025 - 18:49:17: [AMXX] To enable debug mode, add "debug" after the plugin name in plugins.ini (without quotes).
L 01/06/2025 - 18:49:25: Invalid player id 0
L 01/06/2025 - 18:49:25: [AMXX] Run time error 10 (plugin "status_monitor.amxx") (native "get_user_info") - debug not enabled!
L 01/06/2025 - 18:49:25: [AMXX] To enable debug mode, add "debug" after the plugin name in plugins.ini (without quotes).
L 01/06/2025 - 19:02:12: Invalid player id 0
L 01/06/2025 - 19:02:12: [AMXX] Run time error 10 (plugin "status_monitor.amxx") (native "get_user_info") - debug not enabled!
L 01/06/2025 - 19:02:12: [AMXX] To enable debug mode, add "debug" after the plugin name in plugins.ini (without quotes).
L 01/06/2025 - 19:06:32: Start of error session.
L 01/06/2025 - 19:06:32: Info (map "surf_iceday_remake") (file "addons/amxmodx/logs/error_20250106.log")
L 01/06/2025 - 19:06:32: Invalid player id 0
L 01/06/2025 - 19:06:32: [AMXX] Run time error 10 (plugin "status_monitor.amxx") (native "get_user_info") - debug not enabled!
L 01/06/2025 - 19:06:32: [AMXX] To enable debug mode, add "debug" after the plugin name in plugins.ini (without quotes).
L 01/06/2025 - 19:06:33: Invalid player id 0
L 01/06/2025 - 19:06:33: [AMXX] Run time error 10 (plugin "status_monitor.amxx") (native "get_user_info") - debug not enabled!
L 01/06/2025 - 19:06:33: [AMXX] To enable debug mode, add "debug" after the plugin name in plugins.ini (without quotes).
L 01/06/2025 - 19:06:34: Invalid player id 0
L 01/06/2025 - 19:06:34: [AMXX] Run time error 10 (plugin "status_monitor.amxx") (native "get_user_info") - debug not enabled!
L 01/06/2025 - 19:06:34: [AMXX] To enable debug mode, add "debug" after the plugin name in plugins.ini (without quotes).
L 01/06/2025 - 19:06:34: Invalid player id 0
L 01/06/2025 - 19:06:34: [AMXX] Run time error 10 (plugin "status_monitor.amxx") (native "get_user_info") - debug not enabled!
L 01/06/2025 - 19:06:34: [AMXX] To enable debug mode, add "debug" after the plugin name in plugins.ini (without quotes).
L 01/06/2025 - 19:06:34: Invalid player id 0
L 01/06/2025 - 19:06:34: [AMXX] Run time error 10 (plugin "status_monitor.amxx") (native "get_user_info") - debug not enabled!
L 01/06/2025 - 19:06:34: [AMXX] To enable debug mode, add "debug" after the plugin name in plugins.ini (without quotes).
L 01/06/2025 - 19:19:15: Invalid player id 0
L 01/06/2025 - 19:19:15: [AMXX] Run time error 10 (plugin "status_monitor.amxx") (native "get_user_info") - debug not enabled!
L 01/06/2025 - 19:19:15: [AMXX] To enable debug mode, add "debug" after the plugin name in plugins.ini (without quotes).
L 01/06/2025 - 19:21:41: Invalid player id 0
L 01/06/2025 - 19:21:41: [AMXX] Run time error 10 (plugin "status_monitor.amxx") (native "get_user_info") - debug not enabled!
L 01/06/2025 - 19:21:41: [AMXX] To enable debug mode, add "debug" after the plugin name in plugins.ini (without quotes).
L 01/06/2025 - 19:23:24: Invalid player id 0
L 01/06/2025 - 19:23:24: [AMXX] Run time error 10 (plugin "status_monitor.amxx") (native "get_user_info") - debug not enabled!
L 01/06/2025 - 19:23:24: [AMXX] To enable debug mode, add "debug" after the plugin name in plugins.ini (without quotes).
L 01/06/2025 - 19:25:32: Invalid player id 0
L 01/06/2025 - 19:25:32: [AMXX] Run time error 10 (plugin "status_monitor.amxx") (native "get_user_info") - debug not enabled!
L 01/06/2025 - 19:25:32: [AMXX] To enable debug mode, add "debug" after the plugin name in plugins.ini (without quotes).
L 01/06/2025 - 19:26:04: Start of error session.
L 01/06/2025 - 19:26:04: Info (map "fy_pool_day") (file "addons/amxmodx/logs/error_20250106.log")
L 01/06/2025 - 19:26:04: Invalid player id 0
L 01/06/2025 - 19:26:04: [AMXX] Run time error 10 (plugin "status_monitor.amxx") (native "get_user_info") - debug not enabled!
L 01/06/2025 - 19:26:04: [AMXX] To enable debug mode, add "debug" after the plugin name in plugins.ini (without quotes).
L 01/06/2025 - 19:26:06: Invalid player id 0
L 01/06/2025 - 19:26:06: [AMXX] Run time error 10 (plugin "status_monitor.amxx") (native "get_user_info") - debug not enabled!
L 01/06/2025 - 19:26:06: [AMXX] To enable debug mode, add "debug" after the plugin name in plugins.ini (without quotes).
L 01/06/2025 - 19:26:06: Invalid player id 0
L 01/06/2025 - 19:26:06: [AMXX] Run time error 10 (plugin "status_monitor.amxx") (native "get_user_info") - debug not enabled!
L 01/06/2025 - 19:26:06: [AMXX] To enable debug mode, add "debug" after the plugin name in plugins.ini (without quotes).
L 01/06/2025 - 19:26:06: Invalid player id 0
L 01/06/2025 - 19:26:06: [AMXX] Run time error 10 (plugin "status_monitor.amxx") (native "get_user_info") - debug not enabled!
L 01/06/2025 - 19:26:06: [AMXX] To enable debug mode, add "debug" after the plugin name in plugins.ini (without quotes).
L 01/06/2025 - 19:26:07: Invalid player id 0
L 01/06/2025 - 19:26:07: [AMXX] Run time error 10 (plugin "status_monitor.amxx") (native "get_user_info") - debug not enabled!
L 01/06/2025 - 19:26:07: [AMXX] To enable debug mode, add "debug" after the plugin name in plugins.ini (without quotes).
L 01/06/2025 - 19:26:14: Invalid player id 0
L 01/06/2025 - 19:26:14: [AMXX] Run time error 10 (plugin "status_monitor.amxx") (native "get_user_info") - debug not enabled!
L 01/06/2025 - 19:26:14: [AMXX] To enable debug mode, add "debug" after the plugin name in plugins.ini (without quotes).
L 01/06/2025 - 19:40:52: Invalid player id 0
L 01/06/2025 - 19:40:52: [AMXX] Run time error 10 (plugin "status_monitor.amxx") (native "get_user_info") - debug not enabled!
L 01/06/2025 - 19:40:52: [AMXX] To enable debug mode, add "debug" after the plugin name in plugins.ini (without quotes).
L 01/06/2025 - 19:41:11: Start of error session.
L 01/06/2025 - 19:41:11: Info (map "fy_pool_suite") (file "addons/amxmodx/logs/error_20250106.log")
L 01/06/2025 - 19:41:11: Invalid player id 0
L 01/06/2025 - 19:41:11: [AMXX] Run time error 10 (plugin "status_monitor.amxx") (native "get_user_info") - debug not enabled!
L 01/06/2025 - 19:41:11: [AMXX] To enable debug mode, add "debug" after the plugin name in plugins.ini (without quotes).
L 01/06/2025 - 19:41:12: Invalid player id 0
L 01/06/2025 - 19:41:12: [AMXX] Run time error 10 (plugin "status_monitor.amxx") (native "get_user_info") - debug not enabled!
L 01/06/2025 - 19:41:12: [AMXX] To enable debug mode, add "debug" after the plugin name in plugins.ini (without quotes).
L 01/06/2025 - 19:41:13: Invalid player id 0
L 01/06/2025 - 19:41:13: [AMXX] Run time error 10 (plugin "status_monitor.amxx") (native "get_user_info") - debug not enabled!
L 01/06/2025 - 19:41:13: [AMXX] To enable debug mode, add "debug" after the plugin name in plugins.ini (without quotes).
L 01/06/2025 - 19:41:13: Invalid player id 0
L 01/06/2025 - 19:41:13: [AMXX] Run time error 10 (plugin "status_monitor.amxx") (native "get_user_info") - debug not enabled!
L 01/06/2025 - 19:41:13: [AMXX] To enable debug mode, add "debug" after the plugin name in plugins.ini (without quotes).
L 01/06/2025 - 19:41:13: Invalid player id 0
L 01/06/2025 - 19:41:13: [AMXX] Run time error 10 (plugin "status_monitor.amxx") (native "get_user_info") - debug not enabled!
L 01/06/2025 - 19:41:13: [AMXX] To enable debug mode, add "debug" after the plugin name in plugins.ini (without quotes).
L 01/06/2025 - 19:41:13: Invalid player id 0
L 01/06/2025 - 19:41:13: [AMXX] Run time error 10 (plugin "status_monitor.amxx") (native "get_user_info") - debug not enabled!
L 01/06/2025 - 19:41:13: [AMXX] To enable debug mode, add "debug" after the plugin name in plugins.ini (without quotes).
L 01/06/2025 - 19:41:13: Invalid player id 0
L 01/06/2025 - 19:41:13: [AMXX] Run time error 10 (plugin "status_monitor.amxx") (native "get_user_info") - debug not enabled!
L 01/06/2025 - 19:41:13: [AMXX] To enable debug mode, add "debug" after the plugin name in plugins.ini (without quotes).
L 01/06/2025 - 19:41:35: Start of error session.
L 01/06/2025 - 19:41:35: Info (map "he_tennis") (file "addons/amxmodx/logs/error_20250106.log")
L 01/06/2025 - 19:41:35: Invalid player id 0
L 01/06/2025 - 19:41:35: [AMXX] Run time error 10 (plugin "status_monitor.amxx") (native "get_user_info") - debug not enabled!
L 01/06/2025 - 19:41:35: [AMXX] To enable debug mode, add "debug" after the plugin name in plugins.ini (without quotes).
L 01/06/2025 - 19:41:36: Invalid player id 0
L 01/06/2025 - 19:41:36: [AMXX] Run time error 10 (plugin "status_monitor.amxx") (native "get_user_info") - debug not enabled!
L 01/06/2025 - 19:41:36: [AMXX] To enable debug mode, add "debug" after the plugin name in plugins.ini (without quotes).
L 01/06/2025 - 19:41:37: Invalid player id 0
L 01/06/2025 - 19:41:37: [AMXX] Run time error 10 (plugin "status_monitor.amxx") (native "get_user_info") - debug not enabled!
L 01/06/2025 - 19:41:37: [AMXX] To enable debug mode, add "debug" after the plugin name in plugins.ini (without quotes).
L 01/06/2025 - 19:41:37: Invalid player id 0
L 01/06/2025 - 19:41:37: [AMXX] Run time error 10 (plugin "status_monitor.amxx") (native "get_user_info") - debug not enabled!
L 01/06/2025 - 19:41:37: [AMXX] To enable debug mode, add "debug" after the plugin name in plugins.ini (without quotes).
L 01/06/2025 - 19:41:37: Invalid player id 0
L 01/06/2025 - 19:41:37: [AMXX] Run time error 10 (plugin "status_monitor.amxx") (native "get_user_info") - debug not enabled!
L 01/06/2025 - 19:41:37: [AMXX] To enable debug mode, add "debug" after the plugin name in plugins.ini (without quotes).
L 01/06/2025 - 19:41:38: Invalid player id 0
L 01/06/2025 - 19:41:38: [AMXX] Run time error 10 (plugin "status_monitor.amxx") (native "get_user_info") - debug not enabled!
L 01/06/2025 - 19:41:38: [AMXX] To enable debug mode, add "debug" after the plugin name in plugins.ini (without quotes).
L 01/06/2025 - 19:50:25: Invalid player id 0
L 01/06/2025 - 19:50:25: [AMXX] Run time error 10 (plugin "status_monitor.amxx") (native "get_user_info") - debug not enabled!
L 01/06/2025 - 19:50:25: [AMXX] To enable debug mode, add "debug" after the plugin name in plugins.ini (without quotes).
L 01/06/2025 - 19:53:05: Invalid player id 0
L 01/06/2025 - 19:53:05: [AMXX] Run time error 10 (plugin "status_monitor.amxx") (native "get_user_info") - debug not enabled!
L 01/06/2025 - 19:53:05: [AMXX] To enable debug mode, add "debug" after the plugin name in plugins.ini (without quotes).
L 01/06/2025 - 20:03:04: Start of error session.
L 01/06/2025 - 20:03:04: Info (map "ka_roadwars_v3") (file "addons/amxmodx/logs/error_20250106.log")
L 01/06/2025 - 20:03:04: Invalid player id 0
L 01/06/2025 - 20:03:04: [AMXX] Run time error 10 (plugin "status_monitor.amxx") (native "get_user_info") - debug not enabled!
L 01/06/2025 - 20:03:04: [AMXX] To enable debug mode, add "debug" after the plugin name in plugins.ini (without quotes).
L 01/06/2025 - 20:03:05: Invalid player id 0
L 01/06/2025 - 20:03:05: [AMXX] Run time error 10 (plugin "status_monitor.amxx") (native "get_user_info") - debug not enabled!
L 01/06/2025 - 20:03:05: [AMXX] To enable debug mode, add "debug" after the plugin name in plugins.ini (without quotes).
L 01/06/2025 - 20:03:05: Invalid player id 0
L 01/06/2025 - 20:03:05: [AMXX] Run time error 10 (plugin "status_monitor.amxx") (native "get_user_info") - debug not enabled!
L 01/06/2025 - 20:03:05: [AMXX] To enable debug mode, add "debug" after the plugin name in plugins.ini (without quotes).
L 01/06/2025 - 20:03:06: Invalid player id 0
L 01/06/2025 - 20:03:06: [AMXX] Run time error 10 (plugin "status_monitor.amxx") (native "get_user_info") - debug not enabled!
L 01/06/2025 - 20:03:06: [AMXX] To enable debug mode, add "debug" after the plugin name in plugins.ini (without quotes).
L 01/06/2025 - 20:03:07: Invalid player id 0
L 01/06/2025 - 20:03:07: [AMXX] Run time error 10 (plugin "status_monitor.amxx") (native "get_user_info") - debug not enabled!
L 01/06/2025 - 20:03:07: [AMXX] To enable debug mode, add "debug" after the plugin name in plugins.ini (without quotes).
L 01/06/2025 - 20:03:55: Invalid player id 0
L 01/06/2025 - 20:03:55: [AMXX] Run time error 10 (plugin "status_monitor.amxx") (native "get_user_info") - debug not enabled!
L 01/06/2025 - 20:03:55: [AMXX] To enable debug mode, add "debug" after the plugin name in plugins.ini (without quotes).
L 01/06/2025 - 21:15:06: Start of error session.
L 01/06/2025 - 21:15:06: Info (map "crazycar_v2") (file "addons/amxmodx/logs/error_20250106.log")
L 01/06/2025 - 21:15:06: Invalid player id 0
L 01/06/2025 - 21:15:06: [AMXX] Run time error 10 (plugin "status_monitor.amxx") (native "get_user_info") - debug not enabled!
L 01/06/2025 - 21:15:06: [AMXX] To enable debug mode, add "debug" after the plugin name in plugins.ini (without quotes).
L 01/06/2025 - 23:21:12: Start of error session.
L 01/06/2025 - 23:21:12: Info (map "fy_titanic") (file "addons/amxmodx/logs/error_20250106.log")
L 01/06/2025 - 23:21:12: Invalid player id 0
L 01/06/2025 - 23:21:12: [AMXX] Run time error 10 (plugin "status_monitor.amxx") (native "get_user_info") - debug not enabled!
L 01/06/2025 - 23:21:12: [AMXX] To enable debug mode, add "debug" after the plugin name in plugins.ini (without quotes).
L 01/06/2025 - 23:21:18: Invalid player id 0
L 01/06/2025 - 23:21:18: [AMXX] Run time error 10 (plugin "status_monitor.amxx") (native "get_user_info") - debug not enabled!
L 01/06/2025 - 23:21:18: [AMXX] To enable debug mode, add "debug" after the plugin name in plugins.ini (without quotes).
L 01/06/2025 - 23:21:49: Start of error session.
L 01/06/2025 - 23:21:49: Info (map "fy_pool_day") (file "addons/amxmodx/logs/error_20250106.log")
L 01/06/2025 - 23:21:49: Invalid player id 0
L 01/06/2025 - 23:21:49: [AMXX] Run time error 10 (plugin "status_monitor.amxx") (native "get_user_info") - debug not enabled!
L 01/06/2025 - 23:21:49: [AMXX] To enable debug mode, add "debug" after the plugin name in plugins.ini (without quotes).
L 01/06/2025 - 23:21:50: Invalid player id 0
L 01/06/2025 - 23:21:50: [AMXX] Run time error 10 (plugin "status_monitor.amxx") (native "get_user_info") - debug not enabled!
L 01/06/2025 - 23:21:50: [AMXX] To enable debug mode, add "debug" after the plugin name in plugins.ini (without quotes).
