L 02/24/2025 - 00:14:48: Start of error session.
L 02/24/2025 - 00:14:48: Info (map "ze_deadspace_v2") (file "addons/amxmodx/logs/error_20250224.log")
L 02/24/2025 - 00:14:48: [AMXX] Plugin ("cucarachas_main.amxx") is setting itself as failed.
L 02/24/2025 - 00:14:48: [AMXX] Plugin says: Utiliza el Map Tool para adaptar este mapa a Cuca Mod.
L 02/24/2025 - 00:14:48: [AMXX] Run time error 1 (plugin "cucarachas_main.amxx") - forced exit
L 02/24/2025 - 00:14:48: Called dynanative into a paused plugin.
L 02/24/2025 - 00:14:48: [AMXX] Run time error 10 (plugin "cucarachas_extras.amxx") (native "cm_register_extra_item") - debug not enabled!
L 02/24/2025 - 00:14:48: [AMXX] To enable debug mode, add "debug" after the plugin name in plugins.ini (without quotes).
L 02/24/2025 - 00:34:59: Start of error session.
L 02/24/2025 - 00:34:59: Info (map "ze_remesa_old_final") (file "addons/amxmodx/logs/error_20250224.log")
L 02/24/2025 - 00:34:59: [AMXX] Plugin ("cucarachas_main.amxx") is setting itself as failed.
L 02/24/2025 - 00:34:59: [AMXX] Plugin says: Utiliza el Map Tool para adaptar este mapa a Cuca Mod.
L 02/24/2025 - 00:34:59: [AMXX] Run time error 1 (plugin "cucarachas_main.amxx") - forced exit
L 02/24/2025 - 00:34:59: Called dynanative into a paused plugin.
L 02/24/2025 - 00:34:59: [AMXX] Run time error 10 (plugin "cucarachas_extras.amxx") (native "cm_register_extra_item") - debug not enabled!
L 02/24/2025 - 00:34:59: [AMXX] To enable debug mode, add "debug" after the plugin name in plugins.ini (without quotes).
L 02/24/2025 - 00:55:09: Start of error session.
L 02/24/2025 - 00:55:09: Info (map "ze_deadspace_v2") (file "addons/amxmodx/logs/error_20250224.log")
L 02/24/2025 - 00:55:09: [AMXX] Plugin ("cucarachas_main.amxx") is setting itself as failed.
L 02/24/2025 - 00:55:09: [AMXX] Plugin says: Utiliza el Map Tool para adaptar este mapa a Cuca Mod.
L 02/24/2025 - 00:55:09: [AMXX] Run time error 1 (plugin "cucarachas_main.amxx") - forced exit
L 02/24/2025 - 00:55:09: Called dynanative into a paused plugin.
L 02/24/2025 - 00:55:09: [AMXX] Run time error 10 (plugin "cucarachas_extras.amxx") (native "cm_register_extra_item") - debug not enabled!
L 02/24/2025 - 00:55:09: [AMXX] To enable debug mode, add "debug" after the plugin name in plugins.ini (without quotes).
L 02/24/2025 - 01:15:19: Start of error session.
L 02/24/2025 - 01:15:19: Info (map "cs_estate") (file "addons/amxmodx/logs/error_20250224.log")
L 02/24/2025 - 01:15:19: [AMXX] Plugin ("cucarachas_main.amxx") is setting itself as failed.
L 02/24/2025 - 01:15:19: [AMXX] Plugin says: Utiliza el Map Tool para adaptar este mapa a Cuca Mod.
L 02/24/2025 - 01:15:19: [AMXX] Run time error 1 (plugin "cucarachas_main.amxx") - forced exit
L 02/24/2025 - 01:15:19: Called dynanative into a paused plugin.
L 02/24/2025 - 01:15:19: [AMXX] Run time error 10 (plugin "cucarachas_extras.amxx") (native "cm_register_extra_item") - debug not enabled!
L 02/24/2025 - 01:15:19: [AMXX] To enable debug mode, add "debug" after the plugin name in plugins.ini (without quotes).
L 02/24/2025 - 01:32:30: Start of error session.
L 02/24/2025 - 01:32:30: Info (map "de_dust") (file "addons/amxmodx/logs/error_20250224.log")
L 02/24/2025 - 01:32:30: [AMXX] Plugin ("cucarachas_main.amxx") is setting itself as failed.
L 02/24/2025 - 01:32:30: [AMXX] Plugin says: Utiliza el Map Tool para adaptar este mapa a Cuca Mod.
L 02/24/2025 - 01:32:30: [AMXX] Run time error 1 (plugin "cucarachas_main.amxx") - forced exit
L 02/24/2025 - 01:32:30: Called dynanative into a paused plugin.
L 02/24/2025 - 01:32:30: [AMXX] Run time error 10 (plugin "cucarachas_extras.amxx") (native "cm_register_extra_item") - debug not enabled!
L 02/24/2025 - 01:32:30: [AMXX] To enable debug mode, add "debug" after the plugin name in plugins.ini (without quotes).
L 02/24/2025 - 01:49:40: Start of error session.
L 02/24/2025 - 01:49:40: Info (map "de_dust2") (file "addons/amxmodx/logs/error_20250224.log")
L 02/24/2025 - 01:49:40: [AMXX] Plugin ("cucarachas_main.amxx") is setting itself as failed.
L 02/24/2025 - 01:49:40: [AMXX] Plugin says: Utiliza el Map Tool para adaptar este mapa a Cuca Mod.
L 02/24/2025 - 01:49:40: [AMXX] Run time error 1 (plugin "cucarachas_main.amxx") - forced exit
L 02/24/2025 - 01:49:40: Called dynanative into a paused plugin.
L 02/24/2025 - 01:49:40: [AMXX] Run time error 10 (plugin "cucarachas_extras.amxx") (native "cm_register_extra_item") - debug not enabled!
L 02/24/2025 - 01:49:40: [AMXX] To enable debug mode, add "debug" after the plugin name in plugins.ini (without quotes).
L 02/24/2025 - 02:12:50: Start of error session.
L 02/24/2025 - 02:12:50: Info (map "de_aztec") (file "addons/amxmodx/logs/error_20250224.log")
L 02/24/2025 - 02:12:50: [AMXX] Plugin ("cucarachas_main.amxx") is setting itself as failed.
L 02/24/2025 - 02:12:50: [AMXX] Plugin says: Utiliza el Map Tool para adaptar este mapa a Cuca Mod.
L 02/24/2025 - 02:12:50: [AMXX] Run time error 1 (plugin "cucarachas_main.amxx") - forced exit
L 02/24/2025 - 02:12:50: Called dynanative into a paused plugin.
L 02/24/2025 - 02:12:50: [AMXX] Run time error 10 (plugin "cucarachas_extras.amxx") (native "cm_register_extra_item") - debug not enabled!
L 02/24/2025 - 02:12:50: [AMXX] To enable debug mode, add "debug" after the plugin name in plugins.ini (without quotes).
L 02/24/2025 - 02:36:00: Start of error session.
L 02/24/2025 - 02:36:00: Info (map "de_dust2") (file "addons/amxmodx/logs/error_20250224.log")
L 02/24/2025 - 02:36:00: [AMXX] Plugin ("cucarachas_main.amxx") is setting itself as failed.
L 02/24/2025 - 02:36:00: [AMXX] Plugin says: Utiliza el Map Tool para adaptar este mapa a Cuca Mod.
L 02/24/2025 - 02:36:00: [AMXX] Run time error 1 (plugin "cucarachas_main.amxx") - forced exit
L 02/24/2025 - 02:36:00: Called dynanative into a paused plugin.
L 02/24/2025 - 02:36:00: [AMXX] Run time error 10 (plugin "cucarachas_extras.amxx") (native "cm_register_extra_item") - debug not enabled!
L 02/24/2025 - 02:36:00: [AMXX] To enable debug mode, add "debug" after the plugin name in plugins.ini (without quotes).
L 02/24/2025 - 02:59:10: Start of error session.
L 02/24/2025 - 02:59:10: Info (map "de_aztec") (file "addons/amxmodx/logs/error_20250224.log")
L 02/24/2025 - 02:59:10: [AMXX] Plugin ("cucarachas_main.amxx") is setting itself as failed.
L 02/24/2025 - 02:59:10: [AMXX] Plugin says: Utiliza el Map Tool para adaptar este mapa a Cuca Mod.
L 02/24/2025 - 02:59:10: [AMXX] Run time error 1 (plugin "cucarachas_main.amxx") - forced exit
L 02/24/2025 - 02:59:10: Called dynanative into a paused plugin.
L 02/24/2025 - 02:59:10: [AMXX] Run time error 10 (plugin "cucarachas_extras.amxx") (native "cm_register_extra_item") - debug not enabled!
L 02/24/2025 - 02:59:10: [AMXX] To enable debug mode, add "debug" after the plugin name in plugins.ini (without quotes).
L 02/24/2025 - 03:22:20: Start of error session.
L 02/24/2025 - 03:22:20: Info (map "cs_estate") (file "addons/amxmodx/logs/error_20250224.log")
L 02/24/2025 - 03:22:20: [AMXX] Plugin ("cucarachas_main.amxx") is setting itself as failed.
L 02/24/2025 - 03:22:20: [AMXX] Plugin says: Utiliza el Map Tool para adaptar este mapa a Cuca Mod.
L 02/24/2025 - 03:22:20: [AMXX] Run time error 1 (plugin "cucarachas_main.amxx") - forced exit
L 02/24/2025 - 03:22:20: Called dynanative into a paused plugin.
L 02/24/2025 - 03:22:20: [AMXX] Run time error 10 (plugin "cucarachas_extras.amxx") (native "cm_register_extra_item") - debug not enabled!
L 02/24/2025 - 03:22:20: [AMXX] To enable debug mode, add "debug" after the plugin name in plugins.ini (without quotes).
L 02/24/2025 - 03:39:30: Start of error session.
L 02/24/2025 - 03:39:30: Info (map "de_dust") (file "addons/amxmodx/logs/error_20250224.log")
L 02/24/2025 - 03:39:30: [AMXX] Plugin ("cucarachas_main.amxx") is setting itself as failed.
L 02/24/2025 - 03:39:30: [AMXX] Plugin says: Utiliza el Map Tool para adaptar este mapa a Cuca Mod.
L 02/24/2025 - 03:39:30: [AMXX] Run time error 1 (plugin "cucarachas_main.amxx") - forced exit
L 02/24/2025 - 03:39:30: Called dynanative into a paused plugin.
L 02/24/2025 - 03:39:30: [AMXX] Run time error 10 (plugin "cucarachas_extras.amxx") (native "cm_register_extra_item") - debug not enabled!
L 02/24/2025 - 03:39:30: [AMXX] To enable debug mode, add "debug" after the plugin name in plugins.ini (without quotes).
L 02/24/2025 - 03:56:40: Start of error session.
L 02/24/2025 - 03:56:40: Info (map "cs_assault") (file "addons/amxmodx/logs/error_20250224.log")
L 02/24/2025 - 03:56:40: [AMXX] Plugin ("cucarachas_main.amxx") is setting itself as failed.
L 02/24/2025 - 03:56:40: [AMXX] Plugin says: Utiliza el Map Tool para adaptar este mapa a Cuca Mod.
L 02/24/2025 - 03:56:40: [AMXX] Run time error 1 (plugin "cucarachas_main.amxx") - forced exit
L 02/24/2025 - 03:56:40: Called dynanative into a paused plugin.
L 02/24/2025 - 03:56:40: [AMXX] Run time error 10 (plugin "cucarachas_extras.amxx") (native "cm_register_extra_item") - debug not enabled!
L 02/24/2025 - 03:56:40: [AMXX] To enable debug mode, add "debug" after the plugin name in plugins.ini (without quotes).
L 02/24/2025 - 04:15:51: Start of error session.
L 02/24/2025 - 04:15:51: Info (map "de_chateau") (file "addons/amxmodx/logs/error_20250224.log")
L 02/24/2025 - 04:15:51: [AMXX] Plugin ("cucarachas_main.amxx") is setting itself as failed.
L 02/24/2025 - 04:15:51: [AMXX] Plugin says: Utiliza el Map Tool para adaptar este mapa a Cuca Mod.
L 02/24/2025 - 04:15:51: [AMXX] Run time error 1 (plugin "cucarachas_main.amxx") - forced exit
L 02/24/2025 - 04:15:51: Called dynanative into a paused plugin.
L 02/24/2025 - 04:15:51: [AMXX] Run time error 10 (plugin "cucarachas_extras.amxx") (native "cm_register_extra_item") - debug not enabled!
L 02/24/2025 - 04:15:51: [AMXX] To enable debug mode, add "debug" after the plugin name in plugins.ini (without quotes).
L 02/24/2025 - 04:25:55: Start of error session.
L 02/24/2025 - 04:25:55: Info (map "deathrun_temple2") (file "addons/amxmodx/logs/error_20250224.log")
L 02/24/2025 - 04:25:55: [AMXX] Plugin ("cucarachas_main.amxx") is setting itself as failed.
L 02/24/2025 - 04:25:55: [AMXX] Plugin says: Utiliza el Map Tool para adaptar este mapa a Cuca Mod.
L 02/24/2025 - 04:25:55: [AMXX] Run time error 1 (plugin "cucarachas_main.amxx") - forced exit
L 02/24/2025 - 04:25:55: Called dynanative into a paused plugin.
L 02/24/2025 - 04:25:55: [AMXX] Run time error 10 (plugin "cucarachas_extras.amxx") (native "cm_register_extra_item") - debug not enabled!
L 02/24/2025 - 04:25:55: [AMXX] To enable debug mode, add "debug" after the plugin name in plugins.ini (without quotes).
L 02/24/2025 - 04:46:28: Start of error session.
L 02/24/2025 - 04:46:28: Info (map "rubaka_arena") (file "addons/amxmodx/logs/error_20250224.log")
L 02/24/2025 - 04:46:28: [AMXX] Plugin ("cucarachas_main.amxx") is setting itself as failed.
L 02/24/2025 - 04:46:28: [AMXX] Plugin says: Utiliza el Map Tool para adaptar este mapa a Cuca Mod.
L 02/24/2025 - 04:46:28: [AMXX] Run time error 1 (plugin "cucarachas_main.amxx") - forced exit
L 02/24/2025 - 04:46:28: Called dynanative into a paused plugin.
L 02/24/2025 - 04:46:28: [AMXX] Run time error 10 (plugin "cucarachas_extras.amxx") (native "cm_register_extra_item") - debug not enabled!
L 02/24/2025 - 04:46:28: [AMXX] To enable debug mode, add "debug" after the plugin name in plugins.ini (without quotes).
L 02/24/2025 - 05:08:11: Start of error session.
L 02/24/2025 - 05:08:11: Info (map "rubaka_orange_x") (file "addons/amxmodx/logs/error_20250224.log")
L 02/24/2025 - 05:08:11: [AMXX] Plugin ("cucarachas_main.amxx") is setting itself as failed.
L 02/24/2025 - 05:08:11: [AMXX] Plugin says: Utiliza el Map Tool para adaptar este mapa a Cuca Mod.
L 02/24/2025 - 05:08:11: [AMXX] Run time error 1 (plugin "cucarachas_main.amxx") - forced exit
L 02/24/2025 - 05:08:11: Called dynanative into a paused plugin.
L 02/24/2025 - 05:08:11: [AMXX] Run time error 10 (plugin "cucarachas_extras.amxx") (native "cm_register_extra_item") - debug not enabled!
L 02/24/2025 - 05:08:11: [AMXX] To enable debug mode, add "debug" after the plugin name in plugins.ini (without quotes).
L 02/24/2025 - 05:29:54: Start of error session.
L 02/24/2025 - 05:29:54: Info (map "de_dust2") (file "addons/amxmodx/logs/error_20250224.log")
L 02/24/2025 - 05:29:54: [AMXX] Plugin ("cucarachas_main.amxx") is setting itself as failed.
L 02/24/2025 - 05:29:54: [AMXX] Plugin says: Utiliza el Map Tool para adaptar este mapa a Cuca Mod.
L 02/24/2025 - 05:29:54: [AMXX] Run time error 1 (plugin "cucarachas_main.amxx") - forced exit
L 02/24/2025 - 05:29:54: Called dynanative into a paused plugin.
L 02/24/2025 - 05:29:54: [AMXX] Run time error 10 (plugin "cucarachas_extras.amxx") (native "cm_register_extra_item") - debug not enabled!
L 02/24/2025 - 05:29:54: [AMXX] To enable debug mode, add "debug" after the plugin name in plugins.ini (without quotes).
L 02/24/2025 - 05:50:04: Start of error session.
L 02/24/2025 - 05:50:04: Info (map "de_inferno") (file "addons/amxmodx/logs/error_20250224.log")
L 02/24/2025 - 05:50:04: [AMXX] Plugin ("cucarachas_main.amxx") is setting itself as failed.
L 02/24/2025 - 05:50:04: [AMXX] Plugin says: Utiliza el Map Tool para adaptar este mapa a Cuca Mod.
L 02/24/2025 - 05:50:04: [AMXX] Run time error 1 (plugin "cucarachas_main.amxx") - forced exit
L 02/24/2025 - 05:50:04: Called dynanative into a paused plugin.
L 02/24/2025 - 05:50:04: [AMXX] Run time error 10 (plugin "cucarachas_extras.amxx") (native "cm_register_extra_item") - debug not enabled!
L 02/24/2025 - 05:50:04: [AMXX] To enable debug mode, add "debug" after the plugin name in plugins.ini (without quotes).
L 02/24/2025 - 06:10:14: Start of error session.
L 02/24/2025 - 06:10:14: Info (map "de_dust2") (file "addons/amxmodx/logs/error_20250224.log")
L 02/24/2025 - 06:10:14: [AMXX] Plugin ("cucarachas_main.amxx") is setting itself as failed.
L 02/24/2025 - 06:10:14: [AMXX] Plugin says: Utiliza el Map Tool para adaptar este mapa a Cuca Mod.
L 02/24/2025 - 06:10:14: [AMXX] Run time error 1 (plugin "cucarachas_main.amxx") - forced exit
L 02/24/2025 - 06:10:14: Called dynanative into a paused plugin.
L 02/24/2025 - 06:10:14: [AMXX] Run time error 10 (plugin "cucarachas_extras.amxx") (native "cm_register_extra_item") - debug not enabled!
L 02/24/2025 - 06:10:14: [AMXX] To enable debug mode, add "debug" after the plugin name in plugins.ini (without quotes).
L 02/24/2025 - 06:30:24: Start of error session.
L 02/24/2025 - 06:30:24: Info (map "de_dust2") (file "addons/amxmodx/logs/error_20250224.log")
L 02/24/2025 - 06:30:24: [AMXX] Plugin ("cucarachas_main.amxx") is setting itself as failed.
L 02/24/2025 - 06:30:24: [AMXX] Plugin says: Utiliza el Map Tool para adaptar este mapa a Cuca Mod.
L 02/24/2025 - 06:30:24: [AMXX] Run time error 1 (plugin "cucarachas_main.amxx") - forced exit
L 02/24/2025 - 06:30:24: Called dynanative into a paused plugin.
L 02/24/2025 - 06:30:24: [AMXX] Run time error 10 (plugin "cucarachas_extras.amxx") (native "cm_register_extra_item") - debug not enabled!
L 02/24/2025 - 06:30:24: [AMXX] To enable debug mode, add "debug" after the plugin name in plugins.ini (without quotes).
L 02/24/2025 - 06:53:34: Start of error session.
L 02/24/2025 - 06:53:34: Info (map "de_aztec") (file "addons/amxmodx/logs/error_20250224.log")
L 02/24/2025 - 06:53:34: [AMXX] Plugin ("cucarachas_main.amxx") is setting itself as failed.
L 02/24/2025 - 06:53:34: [AMXX] Plugin says: Utiliza el Map Tool para adaptar este mapa a Cuca Mod.
L 02/24/2025 - 06:53:34: [AMXX] Run time error 1 (plugin "cucarachas_main.amxx") - forced exit
L 02/24/2025 - 06:53:34: Called dynanative into a paused plugin.
L 02/24/2025 - 06:53:34: [AMXX] Run time error 10 (plugin "cucarachas_extras.amxx") (native "cm_register_extra_item") - debug not enabled!
L 02/24/2025 - 06:53:34: [AMXX] To enable debug mode, add "debug" after the plugin name in plugins.ini (without quotes).
L 02/24/2025 - 07:16:44: Start of error session.
L 02/24/2025 - 07:16:44: Info (map "de_dust2") (file "addons/amxmodx/logs/error_20250224.log")
L 02/24/2025 - 07:16:44: [AMXX] Plugin ("cucarachas_main.amxx") is setting itself as failed.
L 02/24/2025 - 07:16:44: [AMXX] Plugin says: Utiliza el Map Tool para adaptar este mapa a Cuca Mod.
L 02/24/2025 - 07:16:44: [AMXX] Run time error 1 (plugin "cucarachas_main.amxx") - forced exit
L 02/24/2025 - 07:16:44: Called dynanative into a paused plugin.
L 02/24/2025 - 07:16:44: [AMXX] Run time error 10 (plugin "cucarachas_extras.amxx") (native "cm_register_extra_item") - debug not enabled!
L 02/24/2025 - 07:16:44: [AMXX] To enable debug mode, add "debug" after the plugin name in plugins.ini (without quotes).
L 02/24/2025 - 07:36:55: Start of error session.
L 02/24/2025 - 07:36:55: Info (map "surf_iceday_remake") (file "addons/amxmodx/logs/error_20250224.log")
L 02/24/2025 - 07:36:55: [AMXX] Plugin ("cucarachas_main.amxx") is setting itself as failed.
L 02/24/2025 - 07:36:55: [AMXX] Plugin says: Utiliza el Map Tool para adaptar este mapa a Cuca Mod.
L 02/24/2025 - 07:36:55: [AMXX] Run time error 1 (plugin "cucarachas_main.amxx") - forced exit
L 02/24/2025 - 07:36:55: Called dynanative into a paused plugin.
L 02/24/2025 - 07:36:55: [AMXX] Run time error 10 (plugin "cucarachas_extras.amxx") (native "cm_register_extra_item") - debug not enabled!
L 02/24/2025 - 07:36:55: [AMXX] To enable debug mode, add "debug" after the plugin name in plugins.ini (without quotes).
L 02/24/2025 - 07:57:05: Start of error session.
L 02/24/2025 - 07:57:05: Info (map "kz_arsacid") (file "addons/amxmodx/logs/error_20250224.log")
L 02/24/2025 - 07:57:05: [AMXX] Plugin ("cucarachas_main.amxx") is setting itself as failed.
L 02/24/2025 - 07:57:05: [AMXX] Plugin says: Utiliza el Map Tool para adaptar este mapa a Cuca Mod.
L 02/24/2025 - 07:57:05: [AMXX] Run time error 1 (plugin "cucarachas_main.amxx") - forced exit
L 02/24/2025 - 07:57:05: Called dynanative into a paused plugin.
L 02/24/2025 - 07:57:05: [AMXX] Run time error 10 (plugin "cucarachas_extras.amxx") (native "cm_register_extra_item") - debug not enabled!
L 02/24/2025 - 07:57:05: [AMXX] To enable debug mode, add "debug" after the plugin name in plugins.ini (without quotes).
L 02/24/2025 - 08:17:15: Start of error session.
L 02/24/2025 - 08:17:15: Info (map "bkz_goldbhop") (file "addons/amxmodx/logs/error_20250224.log")
L 02/24/2025 - 08:17:15: [AMXX] Plugin ("cucarachas_main.amxx") is setting itself as failed.
L 02/24/2025 - 08:17:15: [AMXX] Plugin says: Utiliza el Map Tool para adaptar este mapa a Cuca Mod.
L 02/24/2025 - 08:17:15: [AMXX] Run time error 1 (plugin "cucarachas_main.amxx") - forced exit
L 02/24/2025 - 08:17:15: Called dynanative into a paused plugin.
L 02/24/2025 - 08:17:15: [AMXX] Run time error 10 (plugin "cucarachas_extras.amxx") (native "cm_register_extra_item") - debug not enabled!
L 02/24/2025 - 08:17:15: [AMXX] To enable debug mode, add "debug" after the plugin name in plugins.ini (without quotes).
L 02/24/2025 - 08:37:25: Start of error session.
L 02/24/2025 - 08:37:25: Info (map "kz_arsacid") (file "addons/amxmodx/logs/error_20250224.log")
L 02/24/2025 - 08:37:25: [AMXX] Plugin ("cucarachas_main.amxx") is setting itself as failed.
L 02/24/2025 - 08:37:25: [AMXX] Plugin says: Utiliza el Map Tool para adaptar este mapa a Cuca Mod.
L 02/24/2025 - 08:37:25: [AMXX] Run time error 1 (plugin "cucarachas_main.amxx") - forced exit
L 02/24/2025 - 08:37:25: Called dynanative into a paused plugin.
L 02/24/2025 - 08:37:25: [AMXX] Run time error 10 (plugin "cucarachas_extras.amxx") (native "cm_register_extra_item") - debug not enabled!
L 02/24/2025 - 08:37:25: [AMXX] To enable debug mode, add "debug" after the plugin name in plugins.ini (without quotes).
L 02/24/2025 - 08:57:35: Start of error session.
L 02/24/2025 - 08:57:35: Info (map "rubaka_2forts") (file "addons/amxmodx/logs/error_20250224.log")
L 02/24/2025 - 08:57:35: [AMXX] Plugin ("cucarachas_main.amxx") is setting itself as failed.
L 02/24/2025 - 08:57:35: [AMXX] Plugin says: Utiliza el Map Tool para adaptar este mapa a Cuca Mod.
L 02/24/2025 - 08:57:35: [AMXX] Run time error 1 (plugin "cucarachas_main.amxx") - forced exit
L 02/24/2025 - 08:57:35: Called dynanative into a paused plugin.
L 02/24/2025 - 08:57:35: [AMXX] Run time error 10 (plugin "cucarachas_extras.amxx") (native "cm_register_extra_item") - debug not enabled!
L 02/24/2025 - 08:57:35: [AMXX] To enable debug mode, add "debug" after the plugin name in plugins.ini (without quotes).
L 02/24/2025 - 09:19:18: Start of error session.
L 02/24/2025 - 09:19:18: Info (map "35hp_gx") (file "addons/amxmodx/logs/error_20250224.log")
L 02/24/2025 - 09:19:18: [AMXX] Plugin ("cucarachas_main.amxx") is setting itself as failed.
L 02/24/2025 - 09:19:18: [AMXX] Plugin says: Utiliza el Map Tool para adaptar este mapa a Cuca Mod.
L 02/24/2025 - 09:19:18: [AMXX] Run time error 1 (plugin "cucarachas_main.amxx") - forced exit
L 02/24/2025 - 09:19:18: Called dynanative into a paused plugin.
L 02/24/2025 - 09:19:18: [AMXX] Run time error 10 (plugin "cucarachas_extras.amxx") (native "cm_register_extra_item") - debug not enabled!
L 02/24/2025 - 09:19:18: [AMXX] To enable debug mode, add "debug" after the plugin name in plugins.ini (without quotes).
L 02/24/2025 - 09:41:01: Start of error session.
L 02/24/2025 - 09:41:01: Info (map "as_oilrig") (file "addons/amxmodx/logs/error_20250224.log")
L 02/24/2025 - 09:41:01: [AMXX] Plugin ("cucarachas_main.amxx") is setting itself as failed.
L 02/24/2025 - 09:41:01: [AMXX] Plugin says: Utiliza el Map Tool para adaptar este mapa a Cuca Mod.
L 02/24/2025 - 09:41:01: [AMXX] Run time error 1 (plugin "cucarachas_main.amxx") - forced exit
L 02/24/2025 - 09:41:01: Called dynanative into a paused plugin.
L 02/24/2025 - 09:41:01: [AMXX] Run time error 10 (plugin "cucarachas_extras.amxx") (native "cm_register_extra_item") - debug not enabled!
L 02/24/2025 - 09:41:01: [AMXX] To enable debug mode, add "debug" after the plugin name in plugins.ini (without quotes).
L 02/24/2025 - 10:06:11: Start of error session.
L 02/24/2025 - 10:06:11: Info (map "as_crazytank3") (file "addons/amxmodx/logs/error_20250224.log")
L 02/24/2025 - 10:06:11: [AMXX] Plugin ("cucarachas_main.amxx") is setting itself as failed.
L 02/24/2025 - 10:06:11: [AMXX] Plugin says: Utiliza el Map Tool para adaptar este mapa a Cuca Mod.
L 02/24/2025 - 10:06:11: [AMXX] Run time error 1 (plugin "cucarachas_main.amxx") - forced exit
L 02/24/2025 - 10:06:11: Called dynanative into a paused plugin.
L 02/24/2025 - 10:06:11: [AMXX] Run time error 10 (plugin "cucarachas_extras.amxx") (native "cm_register_extra_item") - debug not enabled!
L 02/24/2025 - 10:06:11: [AMXX] To enable debug mode, add "debug" after the plugin name in plugins.ini (without quotes).
L 02/24/2025 - 10:31:21: Start of error session.
L 02/24/2025 - 10:31:21: Info (map "as_oilrig") (file "addons/amxmodx/logs/error_20250224.log")
L 02/24/2025 - 10:31:21: [AMXX] Plugin ("cucarachas_main.amxx") is setting itself as failed.
L 02/24/2025 - 10:31:21: [AMXX] Plugin says: Utiliza el Map Tool para adaptar este mapa a Cuca Mod.
L 02/24/2025 - 10:31:21: [AMXX] Run time error 1 (plugin "cucarachas_main.amxx") - forced exit
L 02/24/2025 - 10:31:21: Called dynanative into a paused plugin.
L 02/24/2025 - 10:31:21: [AMXX] Run time error 10 (plugin "cucarachas_extras.amxx") (native "cm_register_extra_item") - debug not enabled!
L 02/24/2025 - 10:31:21: [AMXX] To enable debug mode, add "debug" after the plugin name in plugins.ini (without quotes).
L 02/24/2025 - 10:56:31: Start of error session.
L 02/24/2025 - 10:56:31: Info (map "de_dust2") (file "addons/amxmodx/logs/error_20250224.log")
L 02/24/2025 - 10:56:31: [AMXX] Plugin ("cucarachas_main.amxx") is setting itself as failed.
L 02/24/2025 - 10:56:31: [AMXX] Plugin says: Utiliza el Map Tool para adaptar este mapa a Cuca Mod.
L 02/24/2025 - 10:56:31: [AMXX] Run time error 1 (plugin "cucarachas_main.amxx") - forced exit
L 02/24/2025 - 10:56:31: Called dynanative into a paused plugin.
L 02/24/2025 - 10:56:31: [AMXX] Run time error 10 (plugin "cucarachas_extras.amxx") (native "cm_register_extra_item") - debug not enabled!
L 02/24/2025 - 10:56:31: [AMXX] To enable debug mode, add "debug" after the plugin name in plugins.ini (without quotes).
L 02/24/2025 - 11:16:41: Start of error session.
L 02/24/2025 - 11:16:41: Info (map "de_inferno") (file "addons/amxmodx/logs/error_20250224.log")
L 02/24/2025 - 11:16:41: [AMXX] Plugin ("cucarachas_main.amxx") is setting itself as failed.
L 02/24/2025 - 11:16:41: [AMXX] Plugin says: Utiliza el Map Tool para adaptar este mapa a Cuca Mod.
L 02/24/2025 - 11:16:41: [AMXX] Run time error 1 (plugin "cucarachas_main.amxx") - forced exit
L 02/24/2025 - 11:16:41: Called dynanative into a paused plugin.
L 02/24/2025 - 11:16:41: [AMXX] Run time error 10 (plugin "cucarachas_extras.amxx") (native "cm_register_extra_item") - debug not enabled!
L 02/24/2025 - 11:16:41: [AMXX] To enable debug mode, add "debug" after the plugin name in plugins.ini (without quotes).
L 02/24/2025 - 11:36:51: Start of error session.
L 02/24/2025 - 11:36:51: Info (map "de_dust2") (file "addons/amxmodx/logs/error_20250224.log")
L 02/24/2025 - 11:36:51: [AMXX] Plugin ("cucarachas_main.amxx") is setting itself as failed.
L 02/24/2025 - 11:36:51: [AMXX] Plugin says: Utiliza el Map Tool para adaptar este mapa a Cuca Mod.
L 02/24/2025 - 11:36:51: [AMXX] Run time error 1 (plugin "cucarachas_main.amxx") - forced exit
L 02/24/2025 - 11:36:51: Called dynanative into a paused plugin.
L 02/24/2025 - 11:36:51: [AMXX] Run time error 10 (plugin "cucarachas_extras.amxx") (native "cm_register_extra_item") - debug not enabled!
L 02/24/2025 - 11:36:51: [AMXX] To enable debug mode, add "debug" after the plugin name in plugins.ini (without quotes).
L 02/24/2025 - 11:57:01: Start of error session.
L 02/24/2025 - 11:57:01: Info (map "cs_estate") (file "addons/amxmodx/logs/error_20250224.log")
L 02/24/2025 - 11:57:01: [AMXX] Plugin ("cucarachas_main.amxx") is setting itself as failed.
L 02/24/2025 - 11:57:01: [AMXX] Plugin says: Utiliza el Map Tool para adaptar este mapa a Cuca Mod.
L 02/24/2025 - 11:57:01: [AMXX] Run time error 1 (plugin "cucarachas_main.amxx") - forced exit
L 02/24/2025 - 11:57:01: Called dynanative into a paused plugin.
L 02/24/2025 - 11:57:01: [AMXX] Run time error 10 (plugin "cucarachas_extras.amxx") (native "cm_register_extra_item") - debug not enabled!
L 02/24/2025 - 11:57:01: [AMXX] To enable debug mode, add "debug" after the plugin name in plugins.ini (without quotes).
L 02/24/2025 - 12:14:11: Start of error session.
L 02/24/2025 - 12:14:11: Info (map "de_dust") (file "addons/amxmodx/logs/error_20250224.log")
L 02/24/2025 - 12:14:11: [AMXX] Plugin ("cucarachas_main.amxx") is setting itself as failed.
L 02/24/2025 - 12:14:11: [AMXX] Plugin says: Utiliza el Map Tool para adaptar este mapa a Cuca Mod.
L 02/24/2025 - 12:14:11: [AMXX] Run time error 1 (plugin "cucarachas_main.amxx") - forced exit
L 02/24/2025 - 12:14:11: Called dynanative into a paused plugin.
L 02/24/2025 - 12:14:11: [AMXX] Run time error 10 (plugin "cucarachas_extras.amxx") (native "cm_register_extra_item") - debug not enabled!
L 02/24/2025 - 12:14:11: [AMXX] To enable debug mode, add "debug" after the plugin name in plugins.ini (without quotes).
L 02/24/2025 - 12:31:21: Start of error session.
L 02/24/2025 - 12:31:21: Info (map "as_oilrig") (file "addons/amxmodx/logs/error_20250224.log")
L 02/24/2025 - 12:31:21: [AMXX] Plugin ("cucarachas_main.amxx") is setting itself as failed.
L 02/24/2025 - 12:31:21: [AMXX] Plugin says: Utiliza el Map Tool para adaptar este mapa a Cuca Mod.
L 02/24/2025 - 12:31:21: [AMXX] Run time error 1 (plugin "cucarachas_main.amxx") - forced exit
L 02/24/2025 - 12:31:21: Called dynanative into a paused plugin.
L 02/24/2025 - 12:31:21: [AMXX] Run time error 10 (plugin "cucarachas_extras.amxx") (native "cm_register_extra_item") - debug not enabled!
L 02/24/2025 - 12:31:21: [AMXX] To enable debug mode, add "debug" after the plugin name in plugins.ini (without quotes).
L 02/24/2025 - 12:56:32: Start of error session.
L 02/24/2025 - 12:56:32: Info (map "as_crazytank3") (file "addons/amxmodx/logs/error_20250224.log")
L 02/24/2025 - 12:56:32: [AMXX] Plugin ("cucarachas_main.amxx") is setting itself as failed.
L 02/24/2025 - 12:56:32: [AMXX] Plugin says: Utiliza el Map Tool para adaptar este mapa a Cuca Mod.
L 02/24/2025 - 12:56:32: [AMXX] Run time error 1 (plugin "cucarachas_main.amxx") - forced exit
L 02/24/2025 - 12:56:32: Called dynanative into a paused plugin.
L 02/24/2025 - 12:56:32: [AMXX] Run time error 10 (plugin "cucarachas_extras.amxx") (native "cm_register_extra_item") - debug not enabled!
L 02/24/2025 - 12:56:32: [AMXX] To enable debug mode, add "debug" after the plugin name in plugins.ini (without quotes).
L 02/24/2025 - 13:21:42: Start of error session.
L 02/24/2025 - 13:21:42: Info (map "as_oilrig") (file "addons/amxmodx/logs/error_20250224.log")
L 02/24/2025 - 13:21:42: [AMXX] Plugin ("cucarachas_main.amxx") is setting itself as failed.
L 02/24/2025 - 13:21:42: [AMXX] Plugin says: Utiliza el Map Tool para adaptar este mapa a Cuca Mod.
L 02/24/2025 - 13:21:42: [AMXX] Run time error 1 (plugin "cucarachas_main.amxx") - forced exit
L 02/24/2025 - 13:21:42: Called dynanative into a paused plugin.
L 02/24/2025 - 13:21:42: [AMXX] Run time error 10 (plugin "cucarachas_extras.amxx") (native "cm_register_extra_item") - debug not enabled!
L 02/24/2025 - 13:21:42: [AMXX] To enable debug mode, add "debug" after the plugin name in plugins.ini (without quotes).
L 02/24/2025 - 13:46:52: Start of error session.
L 02/24/2025 - 13:46:52: Info (map "de_dust2") (file "addons/amxmodx/logs/error_20250224.log")
L 02/24/2025 - 13:46:52: [AMXX] Plugin ("cucarachas_main.amxx") is setting itself as failed.
L 02/24/2025 - 13:46:52: [AMXX] Plugin says: Utiliza el Map Tool para adaptar este mapa a Cuca Mod.
L 02/24/2025 - 13:46:52: [AMXX] Run time error 1 (plugin "cucarachas_main.amxx") - forced exit
L 02/24/2025 - 13:46:52: Called dynanative into a paused plugin.
L 02/24/2025 - 13:46:52: [AMXX] Run time error 10 (plugin "cucarachas_extras.amxx") (native "cm_register_extra_item") - debug not enabled!
L 02/24/2025 - 13:46:52: [AMXX] To enable debug mode, add "debug" after the plugin name in plugins.ini (without quotes).
L 02/24/2025 - 14:10:02: Start of error session.
L 02/24/2025 - 14:10:02: Info (map "de_aztec") (file "addons/amxmodx/logs/error_20250224.log")
L 02/24/2025 - 14:10:02: [AMXX] Plugin ("cucarachas_main.amxx") is setting itself as failed.
L 02/24/2025 - 14:10:02: [AMXX] Plugin says: Utiliza el Map Tool para adaptar este mapa a Cuca Mod.
L 02/24/2025 - 14:10:02: [AMXX] Run time error 1 (plugin "cucarachas_main.amxx") - forced exit
L 02/24/2025 - 14:10:02: Called dynanative into a paused plugin.
L 02/24/2025 - 14:10:02: [AMXX] Run time error 10 (plugin "cucarachas_extras.amxx") (native "cm_register_extra_item") - debug not enabled!
L 02/24/2025 - 14:10:02: [AMXX] To enable debug mode, add "debug" after the plugin name in plugins.ini (without quotes).
L 02/24/2025 - 14:33:12: Start of error session.
L 02/24/2025 - 14:33:12: Info (map "de_dust2") (file "addons/amxmodx/logs/error_20250224.log")
L 02/24/2025 - 14:33:12: [AMXX] Plugin ("cucarachas_main.amxx") is setting itself as failed.
L 02/24/2025 - 14:33:12: [AMXX] Plugin says: Utiliza el Map Tool para adaptar este mapa a Cuca Mod.
L 02/24/2025 - 14:33:12: [AMXX] Run time error 1 (plugin "cucarachas_main.amxx") - forced exit
L 02/24/2025 - 14:33:12: Called dynanative into a paused plugin.
L 02/24/2025 - 14:33:12: [AMXX] Run time error 10 (plugin "cucarachas_extras.amxx") (native "cm_register_extra_item") - debug not enabled!
L 02/24/2025 - 14:33:12: [AMXX] To enable debug mode, add "debug" after the plugin name in plugins.ini (without quotes).
L 02/24/2025 - 14:56:22: Start of error session.
L 02/24/2025 - 14:56:22: Info (map "de_aztec") (file "addons/amxmodx/logs/error_20250224.log")
L 02/24/2025 - 14:56:22: [AMXX] Plugin ("cucarachas_main.amxx") is setting itself as failed.
L 02/24/2025 - 14:56:22: [AMXX] Plugin says: Utiliza el Map Tool para adaptar este mapa a Cuca Mod.
L 02/24/2025 - 14:56:22: [AMXX] Run time error 1 (plugin "cucarachas_main.amxx") - forced exit
L 02/24/2025 - 14:56:22: Called dynanative into a paused plugin.
L 02/24/2025 - 14:56:22: [AMXX] Run time error 10 (plugin "cucarachas_extras.amxx") (native "cm_register_extra_item") - debug not enabled!
L 02/24/2025 - 14:56:22: [AMXX] To enable debug mode, add "debug" after the plugin name in plugins.ini (without quotes).
L 02/24/2025 - 15:19:32: Start of error session.
L 02/24/2025 - 15:19:32: Info (map "cs_assault") (file "addons/amxmodx/logs/error_20250224.log")
L 02/24/2025 - 15:19:32: [AMXX] Plugin ("cucarachas_main.amxx") is setting itself as failed.
L 02/24/2025 - 15:19:32: [AMXX] Plugin says: Utiliza el Map Tool para adaptar este mapa a Cuca Mod.
L 02/24/2025 - 15:19:32: [AMXX] Run time error 1 (plugin "cucarachas_main.amxx") - forced exit
L 02/24/2025 - 15:19:32: Called dynanative into a paused plugin.
L 02/24/2025 - 15:19:32: [AMXX] Run time error 10 (plugin "cucarachas_extras.amxx") (native "cm_register_extra_item") - debug not enabled!
L 02/24/2025 - 15:19:32: [AMXX] To enable debug mode, add "debug" after the plugin name in plugins.ini (without quotes).
L 02/24/2025 - 15:38:41: Start of error session.
L 02/24/2025 - 15:38:41: Info (map "de_chateau") (file "addons/amxmodx/logs/error_20250224.log")
L 02/24/2025 - 15:38:41: [AMXX] Plugin ("cucarachas_main.amxx") is setting itself as failed.
L 02/24/2025 - 15:38:41: [AMXX] Plugin says: Utiliza el Map Tool para adaptar este mapa a Cuca Mod.
L 02/24/2025 - 15:38:41: [AMXX] Run time error 1 (plugin "cucarachas_main.amxx") - forced exit
L 02/24/2025 - 15:38:41: Called dynanative into a paused plugin.
L 02/24/2025 - 15:38:41: [AMXX] Run time error 10 (plugin "cucarachas_extras.amxx") (native "cm_register_extra_item") - debug not enabled!
L 02/24/2025 - 15:38:41: [AMXX] To enable debug mode, add "debug" after the plugin name in plugins.ini (without quotes).
L 02/24/2025 - 15:57:51: Start of error session.
L 02/24/2025 - 15:57:51: Info (map "cs_assault") (file "addons/amxmodx/logs/error_20250224.log")
L 02/24/2025 - 15:57:51: [AMXX] Plugin ("cucarachas_main.amxx") is setting itself as failed.
L 02/24/2025 - 15:57:51: [AMXX] Plugin says: Utiliza el Map Tool para adaptar este mapa a Cuca Mod.
L 02/24/2025 - 15:57:51: [AMXX] Run time error 1 (plugin "cucarachas_main.amxx") - forced exit
L 02/24/2025 - 15:57:51: Called dynanative into a paused plugin.
L 02/24/2025 - 15:57:51: [AMXX] Run time error 10 (plugin "cucarachas_extras.amxx") (native "cm_register_extra_item") - debug not enabled!
L 02/24/2025 - 15:57:51: [AMXX] To enable debug mode, add "debug" after the plugin name in plugins.ini (without quotes).
L 02/24/2025 - 16:17:01: Start of error session.
L 02/24/2025 - 16:17:01: Info (map "cs_estate") (file "addons/amxmodx/logs/error_20250224.log")
L 02/24/2025 - 16:17:01: [AMXX] Plugin ("cucarachas_main.amxx") is setting itself as failed.
L 02/24/2025 - 16:17:01: [AMXX] Plugin says: Utiliza el Map Tool para adaptar este mapa a Cuca Mod.
L 02/24/2025 - 16:17:01: [AMXX] Run time error 1 (plugin "cucarachas_main.amxx") - forced exit
L 02/24/2025 - 16:17:01: Called dynanative into a paused plugin.
L 02/24/2025 - 16:17:01: [AMXX] Run time error 10 (plugin "cucarachas_extras.amxx") (native "cm_register_extra_item") - debug not enabled!
L 02/24/2025 - 16:17:01: [AMXX] To enable debug mode, add "debug" after the plugin name in plugins.ini (without quotes).
L 02/24/2025 - 16:34:13: Start of error session.
L 02/24/2025 - 16:34:13: Info (map "de_dust") (file "addons/amxmodx/logs/error_20250224.log")
L 02/24/2025 - 16:34:13: [AMXX] Plugin ("cucarachas_main.amxx") is setting itself as failed.
L 02/24/2025 - 16:34:13: [AMXX] Plugin says: Utiliza el Map Tool para adaptar este mapa a Cuca Mod.
L 02/24/2025 - 16:34:13: [AMXX] Run time error 1 (plugin "cucarachas_main.amxx") - forced exit
L 02/24/2025 - 16:34:13: Called dynanative into a paused plugin.
L 02/24/2025 - 16:34:13: [AMXX] Run time error 10 (plugin "cucarachas_extras.amxx") (native "cm_register_extra_item") - debug not enabled!
L 02/24/2025 - 16:34:13: [AMXX] To enable debug mode, add "debug" after the plugin name in plugins.ini (without quotes).
L 02/24/2025 - 16:51:24: Start of error session.
L 02/24/2025 - 16:51:24: Info (map "zm_ice_attack") (file "addons/amxmodx/logs/error_20250224.log")
L 02/24/2025 - 16:51:24: [AMXX] Plugin ("cucarachas_main.amxx") is setting itself as failed.
L 02/24/2025 - 16:51:24: [AMXX] Plugin says: Utiliza el Map Tool para adaptar este mapa a Cuca Mod.
L 02/24/2025 - 16:51:24: [AMXX] Run time error 1 (plugin "cucarachas_main.amxx") - forced exit
L 02/24/2025 - 16:51:24: Called dynanative into a paused plugin.
L 02/24/2025 - 16:51:24: [AMXX] Run time error 10 (plugin "cucarachas_extras.amxx") (native "cm_register_extra_item") - debug not enabled!
L 02/24/2025 - 16:51:24: [AMXX] To enable debug mode, add "debug" after the plugin name in plugins.ini (without quotes).
L 02/24/2025 - 17:12:35: Start of error session.
L 02/24/2025 - 17:12:35: Info (map "zm_toronto") (file "addons/amxmodx/logs/error_20250224.log")
L 02/24/2025 - 17:12:35: [AMXX] Plugin ("cucarachas_main.amxx") is setting itself as failed.
L 02/24/2025 - 17:12:35: [AMXX] Plugin says: Utiliza el Map Tool para adaptar este mapa a Cuca Mod.
L 02/24/2025 - 17:12:35: [AMXX] Run time error 1 (plugin "cucarachas_main.amxx") - forced exit
L 02/24/2025 - 17:12:35: Called dynanative into a paused plugin.
L 02/24/2025 - 17:12:35: [AMXX] Run time error 10 (plugin "cucarachas_extras.amxx") (native "cm_register_extra_item") - debug not enabled!
L 02/24/2025 - 17:12:35: [AMXX] To enable debug mode, add "debug" after the plugin name in plugins.ini (without quotes).
L 02/24/2025 - 17:33:45: Start of error session.
L 02/24/2025 - 17:33:45: Info (map "zm_ice_attack") (file "addons/amxmodx/logs/error_20250224.log")
L 02/24/2025 - 17:33:45: [AMXX] Plugin ("cucarachas_main.amxx") is setting itself as failed.
L 02/24/2025 - 17:33:45: [AMXX] Plugin says: Utiliza el Map Tool para adaptar este mapa a Cuca Mod.
L 02/24/2025 - 17:33:45: [AMXX] Run time error 1 (plugin "cucarachas_main.amxx") - forced exit
L 02/24/2025 - 17:33:45: Called dynanative into a paused plugin.
L 02/24/2025 - 17:33:45: [AMXX] Run time error 10 (plugin "cucarachas_extras.amxx") (native "cm_register_extra_item") - debug not enabled!
L 02/24/2025 - 17:33:45: [AMXX] To enable debug mode, add "debug" after the plugin name in plugins.ini (without quotes).
L 02/24/2025 - 17:54:55: Start of error session.
L 02/24/2025 - 17:54:55: Info (map "cs_assault") (file "addons/amxmodx/logs/error_20250224.log")
L 02/24/2025 - 17:54:55: [AMXX] Plugin ("cucarachas_main.amxx") is setting itself as failed.
L 02/24/2025 - 17:54:55: [AMXX] Plugin says: Utiliza el Map Tool para adaptar este mapa a Cuca Mod.
L 02/24/2025 - 17:54:55: [AMXX] Run time error 1 (plugin "cucarachas_main.amxx") - forced exit
L 02/24/2025 - 17:54:55: Called dynanative into a paused plugin.
L 02/24/2025 - 17:54:55: [AMXX] Run time error 10 (plugin "cucarachas_extras.amxx") (native "cm_register_extra_item") - debug not enabled!
L 02/24/2025 - 17:54:55: [AMXX] To enable debug mode, add "debug" after the plugin name in plugins.ini (without quotes).
L 02/24/2025 - 18:14:05: Start of error session.
L 02/24/2025 - 18:14:05: Info (map "de_chateau") (file "addons/amxmodx/logs/error_20250224.log")
L 02/24/2025 - 18:14:05: [AMXX] Plugin ("cucarachas_main.amxx") is setting itself as failed.
L 02/24/2025 - 18:14:05: [AMXX] Plugin says: Utiliza el Map Tool para adaptar este mapa a Cuca Mod.
L 02/24/2025 - 18:14:05: [AMXX] Run time error 1 (plugin "cucarachas_main.amxx") - forced exit
L 02/24/2025 - 18:14:05: Called dynanative into a paused plugin.
L 02/24/2025 - 18:14:05: [AMXX] Run time error 10 (plugin "cucarachas_extras.amxx") (native "cm_register_extra_item") - debug not enabled!
L 02/24/2025 - 18:14:05: [AMXX] To enable debug mode, add "debug" after the plugin name in plugins.ini (without quotes).
L 02/24/2025 - 18:33:15: Start of error session.
L 02/24/2025 - 18:33:15: Info (map "cs_assault") (file "addons/amxmodx/logs/error_20250224.log")
L 02/24/2025 - 18:33:15: [AMXX] Plugin ("cucarachas_main.amxx") is setting itself as failed.
L 02/24/2025 - 18:33:15: [AMXX] Plugin says: Utiliza el Map Tool para adaptar este mapa a Cuca Mod.
L 02/24/2025 - 18:33:15: [AMXX] Run time error 1 (plugin "cucarachas_main.amxx") - forced exit
L 02/24/2025 - 18:33:15: Called dynanative into a paused plugin.
L 02/24/2025 - 18:33:15: [AMXX] Run time error 10 (plugin "cucarachas_extras.amxx") (native "cm_register_extra_item") - debug not enabled!
L 02/24/2025 - 18:33:15: [AMXX] To enable debug mode, add "debug" after the plugin name in plugins.ini (without quotes).
L 02/24/2025 - 18:52:25: Start of error session.
L 02/24/2025 - 18:52:25: Info (map "rubaka_2forts") (file "addons/amxmodx/logs/error_20250224.log")
L 02/24/2025 - 18:52:25: [AMXX] Plugin ("cucarachas_main.amxx") is setting itself as failed.
L 02/24/2025 - 18:52:25: [AMXX] Plugin says: Utiliza el Map Tool para adaptar este mapa a Cuca Mod.
L 02/24/2025 - 18:52:25: [AMXX] Run time error 1 (plugin "cucarachas_main.amxx") - forced exit
L 02/24/2025 - 18:52:25: Called dynanative into a paused plugin.
L 02/24/2025 - 18:52:25: [AMXX] Run time error 10 (plugin "cucarachas_extras.amxx") (native "cm_register_extra_item") - debug not enabled!
L 02/24/2025 - 18:52:25: [AMXX] To enable debug mode, add "debug" after the plugin name in plugins.ini (without quotes).
L 02/24/2025 - 19:14:09: Start of error session.
L 02/24/2025 - 19:14:09: Info (map "rubaka_arena") (file "addons/amxmodx/logs/error_20250224.log")
L 02/24/2025 - 19:14:09: [AMXX] Plugin ("cucarachas_main.amxx") is setting itself as failed.
L 02/24/2025 - 19:14:09: [AMXX] Plugin says: Utiliza el Map Tool para adaptar este mapa a Cuca Mod.
L 02/24/2025 - 19:14:09: [AMXX] Run time error 1 (plugin "cucarachas_main.amxx") - forced exit
L 02/24/2025 - 19:14:09: Called dynanative into a paused plugin.
L 02/24/2025 - 19:14:09: [AMXX] Run time error 10 (plugin "cucarachas_extras.amxx") (native "cm_register_extra_item") - debug not enabled!
L 02/24/2025 - 19:14:09: [AMXX] To enable debug mode, add "debug" after the plugin name in plugins.ini (without quotes).
L 02/24/2025 - 19:35:55: Start of error session.
L 02/24/2025 - 19:35:55: Info (map "bomberman_final") (file "addons/amxmodx/logs/error_20250224.log")
L 02/24/2025 - 19:35:55: [AMXX] Plugin ("cucarachas_main.amxx") is setting itself as failed.
L 02/24/2025 - 19:35:55: [AMXX] Plugin says: Utiliza el Map Tool para adaptar este mapa a Cuca Mod.
L 02/24/2025 - 19:35:55: [AMXX] Run time error 1 (plugin "cucarachas_main.amxx") - forced exit
L 02/24/2025 - 19:35:55: Called dynanative into a paused plugin.
L 02/24/2025 - 19:35:55: [AMXX] Run time error 10 (plugin "cucarachas_extras.amxx") (native "cm_register_extra_item") - debug not enabled!
L 02/24/2025 - 19:35:55: [AMXX] To enable debug mode, add "debug" after the plugin name in plugins.ini (without quotes).
L 02/24/2025 - 19:52:05: Start of error session.
L 02/24/2025 - 19:52:05: Info (map "as_oilrig") (file "addons/amxmodx/logs/error_20250224.log")
L 02/24/2025 - 19:52:05: [AMXX] Plugin ("cucarachas_main.amxx") is setting itself as failed.
L 02/24/2025 - 19:52:05: [AMXX] Plugin says: Utiliza el Map Tool para adaptar este mapa a Cuca Mod.
L 02/24/2025 - 19:52:05: [AMXX] Run time error 1 (plugin "cucarachas_main.amxx") - forced exit
L 02/24/2025 - 19:52:05: Called dynanative into a paused plugin.
L 02/24/2025 - 19:52:05: [AMXX] Run time error 10 (plugin "cucarachas_extras.amxx") (native "cm_register_extra_item") - debug not enabled!
L 02/24/2025 - 19:52:05: [AMXX] To enable debug mode, add "debug" after the plugin name in plugins.ini (without quotes).
L 02/24/2025 - 20:17:19: Start of error session.
L 02/24/2025 - 20:17:19: Info (map "as_crazytank3") (file "addons/amxmodx/logs/error_20250224.log")
L 02/24/2025 - 20:17:19: [AMXX] Plugin ("cucarachas_main.amxx") is setting itself as failed.
L 02/24/2025 - 20:17:19: [AMXX] Plugin says: Utiliza el Map Tool para adaptar este mapa a Cuca Mod.
L 02/24/2025 - 20:17:19: [AMXX] Run time error 1 (plugin "cucarachas_main.amxx") - forced exit
L 02/24/2025 - 20:17:19: Called dynanative into a paused plugin.
L 02/24/2025 - 20:17:19: [AMXX] Run time error 10 (plugin "cucarachas_extras.amxx") (native "cm_register_extra_item") - debug not enabled!
L 02/24/2025 - 20:17:19: [AMXX] To enable debug mode, add "debug" after the plugin name in plugins.ini (without quotes).
L 02/24/2025 - 20:42:29: Start of error session.
L 02/24/2025 - 20:42:29: Info (map "as_oilrig") (file "addons/amxmodx/logs/error_20250224.log")
L 02/24/2025 - 20:42:29: [AMXX] Plugin ("cucarachas_main.amxx") is setting itself as failed.
L 02/24/2025 - 20:42:29: [AMXX] Plugin says: Utiliza el Map Tool para adaptar este mapa a Cuca Mod.
L 02/24/2025 - 20:42:29: [AMXX] Run time error 1 (plugin "cucarachas_main.amxx") - forced exit
L 02/24/2025 - 20:42:29: Called dynanative into a paused plugin.
L 02/24/2025 - 20:42:29: [AMXX] Run time error 10 (plugin "cucarachas_extras.amxx") (native "cm_register_extra_item") - debug not enabled!
L 02/24/2025 - 20:42:29: [AMXX] To enable debug mode, add "debug" after the plugin name in plugins.ini (without quotes).
L 02/24/2025 - 21:07:39: Start of error session.
L 02/24/2025 - 21:07:39: Info (map "cs_assault") (file "addons/amxmodx/logs/error_20250224.log")
L 02/24/2025 - 21:07:39: [AMXX] Plugin ("cucarachas_main.amxx") is setting itself as failed.
L 02/24/2025 - 21:07:39: [AMXX] Plugin says: Utiliza el Map Tool para adaptar este mapa a Cuca Mod.
L 02/24/2025 - 21:07:39: [AMXX] Run time error 1 (plugin "cucarachas_main.amxx") - forced exit
L 02/24/2025 - 21:07:39: Called dynanative into a paused plugin.
L 02/24/2025 - 21:07:39: [AMXX] Run time error 10 (plugin "cucarachas_extras.amxx") (native "cm_register_extra_item") - debug not enabled!
L 02/24/2025 - 21:07:39: [AMXX] To enable debug mode, add "debug" after the plugin name in plugins.ini (without quotes).
L 02/24/2025 - 21:26:49: Start of error session.
L 02/24/2025 - 21:26:49: Info (map "de_chateau") (file "addons/amxmodx/logs/error_20250224.log")
L 02/24/2025 - 21:26:49: [AMXX] Plugin ("cucarachas_main.amxx") is setting itself as failed.
L 02/24/2025 - 21:26:49: [AMXX] Plugin says: Utiliza el Map Tool para adaptar este mapa a Cuca Mod.
L 02/24/2025 - 21:26:49: [AMXX] Run time error 1 (plugin "cucarachas_main.amxx") - forced exit
L 02/24/2025 - 21:26:49: Called dynanative into a paused plugin.
L 02/24/2025 - 21:26:49: [AMXX] Run time error 10 (plugin "cucarachas_extras.amxx") (native "cm_register_extra_item") - debug not enabled!
L 02/24/2025 - 21:26:49: [AMXX] To enable debug mode, add "debug" after the plugin name in plugins.ini (without quotes).
L 02/24/2025 - 21:45:59: Start of error session.
L 02/24/2025 - 21:45:59: Info (map "cs_assault") (file "addons/amxmodx/logs/error_20250224.log")
L 02/24/2025 - 21:45:59: [AMXX] Plugin ("cucarachas_main.amxx") is setting itself as failed.
L 02/24/2025 - 21:45:59: [AMXX] Plugin says: Utiliza el Map Tool para adaptar este mapa a Cuca Mod.
L 02/24/2025 - 21:45:59: [AMXX] Run time error 1 (plugin "cucarachas_main.amxx") - forced exit
L 02/24/2025 - 21:45:59: Called dynanative into a paused plugin.
L 02/24/2025 - 21:45:59: [AMXX] Run time error 10 (plugin "cucarachas_extras.amxx") (native "cm_register_extra_item") - debug not enabled!
L 02/24/2025 - 21:45:59: [AMXX] To enable debug mode, add "debug" after the plugin name in plugins.ini (without quotes).
L 02/24/2025 - 22:05:09: Start of error session.
L 02/24/2025 - 22:05:09: Info (map "de_chateau") (file "addons/amxmodx/logs/error_20250224.log")
L 02/24/2025 - 22:05:09: [AMXX] Plugin ("cucarachas_main.amxx") is setting itself as failed.
L 02/24/2025 - 22:05:09: [AMXX] Plugin says: Utiliza el Map Tool para adaptar este mapa a Cuca Mod.
L 02/24/2025 - 22:05:09: [AMXX] Run time error 1 (plugin "cucarachas_main.amxx") - forced exit
L 02/24/2025 - 22:05:09: Called dynanative into a paused plugin.
L 02/24/2025 - 22:05:09: [AMXX] Run time error 10 (plugin "cucarachas_extras.amxx") (native "cm_register_extra_item") - debug not enabled!
L 02/24/2025 - 22:05:09: [AMXX] To enable debug mode, add "debug" after the plugin name in plugins.ini (without quotes).
L 02/24/2025 - 22:24:19: Start of error session.
L 02/24/2025 - 22:24:19: Info (map "cs_assault") (file "addons/amxmodx/logs/error_20250224.log")
L 02/24/2025 - 22:24:19: [AMXX] Plugin ("cucarachas_main.amxx") is setting itself as failed.
L 02/24/2025 - 22:24:19: [AMXX] Plugin says: Utiliza el Map Tool para adaptar este mapa a Cuca Mod.
L 02/24/2025 - 22:24:19: [AMXX] Run time error 1 (plugin "cucarachas_main.amxx") - forced exit
L 02/24/2025 - 22:24:19: Called dynanative into a paused plugin.
L 02/24/2025 - 22:24:19: [AMXX] Run time error 10 (plugin "cucarachas_extras.amxx") (native "cm_register_extra_item") - debug not enabled!
L 02/24/2025 - 22:24:19: [AMXX] To enable debug mode, add "debug" after the plugin name in plugins.ini (without quotes).
L 02/24/2025 - 22:43:28: Start of error session.
L 02/24/2025 - 22:43:28: Info (map "de_chateau") (file "addons/amxmodx/logs/error_20250224.log")
L 02/24/2025 - 22:43:28: [AMXX] Plugin ("cucarachas_main.amxx") is setting itself as failed.
L 02/24/2025 - 22:43:28: [AMXX] Plugin says: Utiliza el Map Tool para adaptar este mapa a Cuca Mod.
L 02/24/2025 - 22:43:28: [AMXX] Run time error 1 (plugin "cucarachas_main.amxx") - forced exit
L 02/24/2025 - 22:43:28: Called dynanative into a paused plugin.
L 02/24/2025 - 22:43:28: [AMXX] Run time error 10 (plugin "cucarachas_extras.amxx") (native "cm_register_extra_item") - debug not enabled!
L 02/24/2025 - 22:43:28: [AMXX] To enable debug mode, add "debug" after the plugin name in plugins.ini (without quotes).
L 02/24/2025 - 23:02:38: Start of error session.
L 02/24/2025 - 23:02:38: Info (map "de_dust2") (file "addons/amxmodx/logs/error_20250224.log")
L 02/24/2025 - 23:02:38: [AMXX] Plugin ("cucarachas_main.amxx") is setting itself as failed.
L 02/24/2025 - 23:02:38: [AMXX] Plugin says: Utiliza el Map Tool para adaptar este mapa a Cuca Mod.
L 02/24/2025 - 23:02:38: [AMXX] Run time error 1 (plugin "cucarachas_main.amxx") - forced exit
L 02/24/2025 - 23:02:38: Called dynanative into a paused plugin.
L 02/24/2025 - 23:02:38: [AMXX] Run time error 10 (plugin "cucarachas_extras.amxx") (native "cm_register_extra_item") - debug not enabled!
L 02/24/2025 - 23:02:38: [AMXX] To enable debug mode, add "debug" after the plugin name in plugins.ini (without quotes).
L 02/24/2025 - 23:22:49: Start of error session.
L 02/24/2025 - 23:22:49: Info (map "surf_iceday_remake") (file "addons/amxmodx/logs/error_20250224.log")
L 02/24/2025 - 23:22:49: [AMXX] Plugin ("cucarachas_main.amxx") is setting itself as failed.
L 02/24/2025 - 23:22:49: [AMXX] Plugin says: Utiliza el Map Tool para adaptar este mapa a Cuca Mod.
L 02/24/2025 - 23:22:49: [AMXX] Run time error 1 (plugin "cucarachas_main.amxx") - forced exit
L 02/24/2025 - 23:22:49: Called dynanative into a paused plugin.
L 02/24/2025 - 23:22:49: [AMXX] Run time error 10 (plugin "cucarachas_extras.amxx") (native "cm_register_extra_item") - debug not enabled!
L 02/24/2025 - 23:22:49: [AMXX] To enable debug mode, add "debug" after the plugin name in plugins.ini (without quotes).
L 02/24/2025 - 23:42:58: Start of error session.
L 02/24/2025 - 23:42:58: Info (map "cs_assault") (file "addons/amxmodx/logs/error_20250224.log")
L 02/24/2025 - 23:42:58: [AMXX] Plugin ("cucarachas_main.amxx") is setting itself as failed.
L 02/24/2025 - 23:42:58: [AMXX] Plugin says: Utiliza el Map Tool para adaptar este mapa a Cuca Mod.
L 02/24/2025 - 23:42:58: [AMXX] Run time error 1 (plugin "cucarachas_main.amxx") - forced exit
L 02/24/2025 - 23:42:58: Called dynanative into a paused plugin.
L 02/24/2025 - 23:42:58: [AMXX] Run time error 10 (plugin "cucarachas_extras.amxx") (native "cm_register_extra_item") - debug not enabled!
L 02/24/2025 - 23:42:58: [AMXX] To enable debug mode, add "debug" after the plugin name in plugins.ini (without quotes).
