L 02/15/2025 - 00:02:07: Start of error session.
L 02/15/2025 - 00:02:07: Info (map "cs_assault") (file "addons/amxmodx/logs/error_20250215.log")
L 02/15/2025 - 00:02:07: [AMXX] Plugin ("cucarachas_main.amxx") is setting itself as failed.
L 02/15/2025 - 00:02:07: [AMXX] Plugin says: Utiliza el Map Tool para adaptar este mapa a Cuca Mod.
L 02/15/2025 - 00:02:07: [AMXX] Run time error 1 (plugin "cucarachas_main.amxx") - forced exit
L 02/15/2025 - 00:02:07: Called dynanative into a paused plugin.
L 02/15/2025 - 00:02:07: [AMXX] Run time error 10 (plugin "cucarachas_extras.amxx") (native "cm_register_extra_item") - debug not enabled!
L 02/15/2025 - 00:02:07: [AMXX] To enable debug mode, add "debug" after the plugin name in plugins.ini (without quotes).
L 02/15/2025 - 00:21:17: Start of error session.
L 02/15/2025 - 00:21:17: Info (map "de_chateau") (file "addons/amxmodx/logs/error_20250215.log")
L 02/15/2025 - 00:21:17: [AMXX] Plugin ("cucarachas_main.amxx") is setting itself as failed.
L 02/15/2025 - 00:21:17: [AMXX] Plugin says: Utiliza el Map Tool para adaptar este mapa a Cuca Mod.
L 02/15/2025 - 00:21:17: [AMXX] Run time error 1 (plugin "cucarachas_main.amxx") - forced exit
L 02/15/2025 - 00:21:17: Called dynanative into a paused plugin.
L 02/15/2025 - 00:21:17: [AMXX] Run time error 10 (plugin "cucarachas_extras.amxx") (native "cm_register_extra_item") - debug not enabled!
L 02/15/2025 - 00:21:17: [AMXX] To enable debug mode, add "debug" after the plugin name in plugins.ini (without quotes).
L 02/15/2025 - 00:40:27: Start of error session.
L 02/15/2025 - 00:40:27: Info (map "cs_assault") (file "addons/amxmodx/logs/error_20250215.log")
L 02/15/2025 - 00:40:27: [AMXX] Plugin ("cucarachas_main.amxx") is setting itself as failed.
L 02/15/2025 - 00:40:27: [AMXX] Plugin says: Utiliza el Map Tool para adaptar este mapa a Cuca Mod.
L 02/15/2025 - 00:40:27: [AMXX] Run time error 1 (plugin "cucarachas_main.amxx") - forced exit
L 02/15/2025 - 00:40:27: Called dynanative into a paused plugin.
L 02/15/2025 - 00:40:27: [AMXX] Run time error 10 (plugin "cucarachas_extras.amxx") (native "cm_register_extra_item") - debug not enabled!
L 02/15/2025 - 00:40:27: [AMXX] To enable debug mode, add "debug" after the plugin name in plugins.ini (without quotes).
L 02/15/2025 - 00:59:37: Start of error session.
L 02/15/2025 - 00:59:37: Info (map "zm_ice_attack") (file "addons/amxmodx/logs/error_20250215.log")
L 02/15/2025 - 00:59:37: [AMXX] Plugin ("cucarachas_main.amxx") is setting itself as failed.
L 02/15/2025 - 00:59:37: [AMXX] Plugin says: Utiliza el Map Tool para adaptar este mapa a Cuca Mod.
L 02/15/2025 - 00:59:37: [AMXX] Run time error 1 (plugin "cucarachas_main.amxx") - forced exit
L 02/15/2025 - 00:59:37: Called dynanative into a paused plugin.
L 02/15/2025 - 00:59:37: [AMXX] Run time error 10 (plugin "cucarachas_extras.amxx") (native "cm_register_extra_item") - debug not enabled!
L 02/15/2025 - 00:59:37: [AMXX] To enable debug mode, add "debug" after the plugin name in plugins.ini (without quotes).
L 02/15/2025 - 01:20:47: Start of error session.
L 02/15/2025 - 01:20:47: Info (map "zm_toronto") (file "addons/amxmodx/logs/error_20250215.log")
L 02/15/2025 - 01:20:47: [AMXX] Plugin ("cucarachas_main.amxx") is setting itself as failed.
L 02/15/2025 - 01:20:47: [AMXX] Plugin says: Utiliza el Map Tool para adaptar este mapa a Cuca Mod.
L 02/15/2025 - 01:20:47: [AMXX] Run time error 1 (plugin "cucarachas_main.amxx") - forced exit
L 02/15/2025 - 01:20:47: Called dynanative into a paused plugin.
L 02/15/2025 - 01:20:47: [AMXX] Run time error 10 (plugin "cucarachas_extras.amxx") (native "cm_register_extra_item") - debug not enabled!
L 02/15/2025 - 01:20:47: [AMXX] To enable debug mode, add "debug" after the plugin name in plugins.ini (without quotes).
L 02/15/2025 - 01:41:58: Start of error session.
L 02/15/2025 - 01:41:58: Info (map "zm_ice_attack") (file "addons/amxmodx/logs/error_20250215.log")
L 02/15/2025 - 01:41:58: [AMXX] Plugin ("cucarachas_main.amxx") is setting itself as failed.
L 02/15/2025 - 01:41:58: [AMXX] Plugin says: Utiliza el Map Tool para adaptar este mapa a Cuca Mod.
L 02/15/2025 - 01:41:58: [AMXX] Run time error 1 (plugin "cucarachas_main.amxx") - forced exit
L 02/15/2025 - 01:41:58: Called dynanative into a paused plugin.
L 02/15/2025 - 01:41:58: [AMXX] Run time error 10 (plugin "cucarachas_extras.amxx") (native "cm_register_extra_item") - debug not enabled!
L 02/15/2025 - 01:41:58: [AMXX] To enable debug mode, add "debug" after the plugin name in plugins.ini (without quotes).
L 02/15/2025 - 02:03:08: Start of error session.
L 02/15/2025 - 02:03:08: Info (map "de_dust2") (file "addons/amxmodx/logs/error_20250215.log")
L 02/15/2025 - 02:03:08: [AMXX] Plugin ("cucarachas_main.amxx") is setting itself as failed.
L 02/15/2025 - 02:03:08: [AMXX] Plugin says: Utiliza el Map Tool para adaptar este mapa a Cuca Mod.
L 02/15/2025 - 02:03:08: [AMXX] Run time error 1 (plugin "cucarachas_main.amxx") - forced exit
L 02/15/2025 - 02:03:08: Called dynanative into a paused plugin.
L 02/15/2025 - 02:03:08: [AMXX] Run time error 10 (plugin "cucarachas_extras.amxx") (native "cm_register_extra_item") - debug not enabled!
L 02/15/2025 - 02:03:08: [AMXX] To enable debug mode, add "debug" after the plugin name in plugins.ini (without quotes).
L 02/15/2025 - 02:23:18: Start of error session.
L 02/15/2025 - 02:23:18: Info (map "de_inferno") (file "addons/amxmodx/logs/error_20250215.log")
L 02/15/2025 - 02:23:18: [AMXX] Plugin ("cucarachas_main.amxx") is setting itself as failed.
L 02/15/2025 - 02:23:18: [AMXX] Plugin says: Utiliza el Map Tool para adaptar este mapa a Cuca Mod.
L 02/15/2025 - 02:23:18: [AMXX] Run time error 1 (plugin "cucarachas_main.amxx") - forced exit
L 02/15/2025 - 02:23:18: Called dynanative into a paused plugin.
L 02/15/2025 - 02:23:18: [AMXX] Run time error 10 (plugin "cucarachas_extras.amxx") (native "cm_register_extra_item") - debug not enabled!
L 02/15/2025 - 02:23:18: [AMXX] To enable debug mode, add "debug" after the plugin name in plugins.ini (without quotes).
L 02/15/2025 - 02:43:27: Start of error session.
L 02/15/2025 - 02:43:27: Info (map "de_dust2") (file "addons/amxmodx/logs/error_20250215.log")
L 02/15/2025 - 02:43:27: [AMXX] Plugin ("cucarachas_main.amxx") is setting itself as failed.
L 02/15/2025 - 02:43:27: [AMXX] Plugin says: Utiliza el Map Tool para adaptar este mapa a Cuca Mod.
L 02/15/2025 - 02:43:27: [AMXX] Run time error 1 (plugin "cucarachas_main.amxx") - forced exit
L 02/15/2025 - 02:43:27: Called dynanative into a paused plugin.
L 02/15/2025 - 02:43:27: [AMXX] Run time error 10 (plugin "cucarachas_extras.amxx") (native "cm_register_extra_item") - debug not enabled!
L 02/15/2025 - 02:43:27: [AMXX] To enable debug mode, add "debug" after the plugin name in plugins.ini (without quotes).
L 02/15/2025 - 03:03:37: Start of error session.
L 02/15/2025 - 03:03:37: Info (map "de_inferno") (file "addons/amxmodx/logs/error_20250215.log")
L 02/15/2025 - 03:03:37: [AMXX] Plugin ("cucarachas_main.amxx") is setting itself as failed.
L 02/15/2025 - 03:03:37: [AMXX] Plugin says: Utiliza el Map Tool para adaptar este mapa a Cuca Mod.
L 02/15/2025 - 03:03:37: [AMXX] Run time error 1 (plugin "cucarachas_main.amxx") - forced exit
L 02/15/2025 - 03:03:37: Called dynanative into a paused plugin.
L 02/15/2025 - 03:03:37: [AMXX] Run time error 10 (plugin "cucarachas_extras.amxx") (native "cm_register_extra_item") - debug not enabled!
L 02/15/2025 - 03:03:37: [AMXX] To enable debug mode, add "debug" after the plugin name in plugins.ini (without quotes).
L 02/15/2025 - 03:23:47: Start of error session.
L 02/15/2025 - 03:23:47: Info (map "de_dust2") (file "addons/amxmodx/logs/error_20250215.log")
L 02/15/2025 - 03:23:47: [AMXX] Plugin ("cucarachas_main.amxx") is setting itself as failed.
L 02/15/2025 - 03:23:47: [AMXX] Plugin says: Utiliza el Map Tool para adaptar este mapa a Cuca Mod.
L 02/15/2025 - 03:23:47: [AMXX] Run time error 1 (plugin "cucarachas_main.amxx") - forced exit
L 02/15/2025 - 03:23:47: Called dynanative into a paused plugin.
L 02/15/2025 - 03:23:47: [AMXX] Run time error 10 (plugin "cucarachas_extras.amxx") (native "cm_register_extra_item") - debug not enabled!
L 02/15/2025 - 03:23:47: [AMXX] To enable debug mode, add "debug" after the plugin name in plugins.ini (without quotes).
L 02/15/2025 - 03:43:57: Start of error session.
L 02/15/2025 - 03:43:57: Info (map "de_inferno") (file "addons/amxmodx/logs/error_20250215.log")
L 02/15/2025 - 03:43:57: [AMXX] Plugin ("cucarachas_main.amxx") is setting itself as failed.
L 02/15/2025 - 03:43:57: [AMXX] Plugin says: Utiliza el Map Tool para adaptar este mapa a Cuca Mod.
L 02/15/2025 - 03:43:57: [AMXX] Run time error 1 (plugin "cucarachas_main.amxx") - forced exit
L 02/15/2025 - 03:43:57: Called dynanative into a paused plugin.
L 02/15/2025 - 03:43:57: [AMXX] Run time error 10 (plugin "cucarachas_extras.amxx") (native "cm_register_extra_item") - debug not enabled!
L 02/15/2025 - 03:43:57: [AMXX] To enable debug mode, add "debug" after the plugin name in plugins.ini (without quotes).
L 02/15/2025 - 04:04:07: Start of error session.
L 02/15/2025 - 04:04:07: Info (map "de_dust2") (file "addons/amxmodx/logs/error_20250215.log")
L 02/15/2025 - 04:04:07: [AMXX] Plugin ("cucarachas_main.amxx") is setting itself as failed.
L 02/15/2025 - 04:04:07: [AMXX] Plugin says: Utiliza el Map Tool para adaptar este mapa a Cuca Mod.
L 02/15/2025 - 04:04:07: [AMXX] Run time error 1 (plugin "cucarachas_main.amxx") - forced exit
L 02/15/2025 - 04:04:07: Called dynanative into a paused plugin.
L 02/15/2025 - 04:04:07: [AMXX] Run time error 10 (plugin "cucarachas_extras.amxx") (native "cm_register_extra_item") - debug not enabled!
L 02/15/2025 - 04:04:07: [AMXX] To enable debug mode, add "debug" after the plugin name in plugins.ini (without quotes).
L 02/15/2025 - 04:27:17: Start of error session.
L 02/15/2025 - 04:27:17: Info (map "de_aztec") (file "addons/amxmodx/logs/error_20250215.log")
L 02/15/2025 - 04:27:17: [AMXX] Plugin ("cucarachas_main.amxx") is setting itself as failed.
L 02/15/2025 - 04:27:17: [AMXX] Plugin says: Utiliza el Map Tool para adaptar este mapa a Cuca Mod.
L 02/15/2025 - 04:27:17: [AMXX] Run time error 1 (plugin "cucarachas_main.amxx") - forced exit
L 02/15/2025 - 04:27:17: Called dynanative into a paused plugin.
L 02/15/2025 - 04:27:17: [AMXX] Run time error 10 (plugin "cucarachas_extras.amxx") (native "cm_register_extra_item") - debug not enabled!
L 02/15/2025 - 04:27:17: [AMXX] To enable debug mode, add "debug" after the plugin name in plugins.ini (without quotes).
L 02/15/2025 - 04:50:30: Start of error session.
L 02/15/2025 - 04:50:30: Info (map "kz_arsacid") (file "addons/amxmodx/logs/error_20250215.log")
L 02/15/2025 - 04:50:30: [AMXX] Plugin ("cucarachas_main.amxx") is setting itself as failed.
L 02/15/2025 - 04:50:30: [AMXX] Plugin says: Utiliza el Map Tool para adaptar este mapa a Cuca Mod.
L 02/15/2025 - 04:50:30: [AMXX] Run time error 1 (plugin "cucarachas_main.amxx") - forced exit
L 02/15/2025 - 04:50:30: Called dynanative into a paused plugin.
L 02/15/2025 - 04:50:30: [AMXX] Run time error 10 (plugin "cucarachas_extras.amxx") (native "cm_register_extra_item") - debug not enabled!
L 02/15/2025 - 04:50:30: [AMXX] To enable debug mode, add "debug" after the plugin name in plugins.ini (without quotes).
L 02/15/2025 - 05:10:40: Start of error session.
L 02/15/2025 - 05:10:40: Info (map "kz_xj_brickjump") (file "addons/amxmodx/logs/error_20250215.log")
L 02/15/2025 - 05:10:40: [AMXX] Plugin ("cucarachas_main.amxx") is setting itself as failed.
L 02/15/2025 - 05:10:40: [AMXX] Plugin says: Utiliza el Map Tool para adaptar este mapa a Cuca Mod.
L 02/15/2025 - 05:10:40: [AMXX] Run time error 1 (plugin "cucarachas_main.amxx") - forced exit
L 02/15/2025 - 05:10:40: Called dynanative into a paused plugin.
L 02/15/2025 - 05:10:40: [AMXX] Run time error 10 (plugin "cucarachas_extras.amxx") (native "cm_register_extra_item") - debug not enabled!
L 02/15/2025 - 05:10:40: [AMXX] To enable debug mode, add "debug" after the plugin name in plugins.ini (without quotes).
L 02/15/2025 - 05:30:50: Start of error session.
L 02/15/2025 - 05:30:50: Info (map "bkz_goldbhop") (file "addons/amxmodx/logs/error_20250215.log")
L 02/15/2025 - 05:30:50: [AMXX] Plugin ("cucarachas_main.amxx") is setting itself as failed.
L 02/15/2025 - 05:30:50: [AMXX] Plugin says: Utiliza el Map Tool para adaptar este mapa a Cuca Mod.
L 02/15/2025 - 05:30:50: [AMXX] Run time error 1 (plugin "cucarachas_main.amxx") - forced exit
L 02/15/2025 - 05:30:50: Called dynanative into a paused plugin.
L 02/15/2025 - 05:30:50: [AMXX] Run time error 10 (plugin "cucarachas_extras.amxx") (native "cm_register_extra_item") - debug not enabled!
L 02/15/2025 - 05:30:50: [AMXX] To enable debug mode, add "debug" after the plugin name in plugins.ini (without quotes).
L 02/15/2025 - 05:51:00: Start of error session.
L 02/15/2025 - 05:51:00: Info (map "cs_backalley") (file "addons/amxmodx/logs/error_20250215.log")
L 02/15/2025 - 05:51:00: [AMXX] Plugin ("cucarachas_main.amxx") is setting itself as failed.
L 02/15/2025 - 05:51:00: [AMXX] Plugin says: Utiliza el Map Tool para adaptar este mapa a Cuca Mod.
L 02/15/2025 - 05:51:00: [AMXX] Run time error 1 (plugin "cucarachas_main.amxx") - forced exit
L 02/15/2025 - 05:51:00: Called dynanative into a paused plugin.
L 02/15/2025 - 05:51:00: [AMXX] Run time error 10 (plugin "cucarachas_extras.amxx") (native "cm_register_extra_item") - debug not enabled!
L 02/15/2025 - 05:51:00: [AMXX] To enable debug mode, add "debug" after the plugin name in plugins.ini (without quotes).
L 02/15/2025 - 06:10:10: Start of error session.
L 02/15/2025 - 06:10:10: Info (map "cs_assault") (file "addons/amxmodx/logs/error_20250215.log")
L 02/15/2025 - 06:10:10: [AMXX] Plugin ("cucarachas_main.amxx") is setting itself as failed.
L 02/15/2025 - 06:10:10: [AMXX] Plugin says: Utiliza el Map Tool para adaptar este mapa a Cuca Mod.
L 02/15/2025 - 06:10:10: [AMXX] Run time error 1 (plugin "cucarachas_main.amxx") - forced exit
L 02/15/2025 - 06:10:10: Called dynanative into a paused plugin.
L 02/15/2025 - 06:10:10: [AMXX] Run time error 10 (plugin "cucarachas_extras.amxx") (native "cm_register_extra_item") - debug not enabled!
L 02/15/2025 - 06:10:10: [AMXX] To enable debug mode, add "debug" after the plugin name in plugins.ini (without quotes).
L 02/15/2025 - 06:29:20: Start of error session.
L 02/15/2025 - 06:29:20: Info (map "de_chateau") (file "addons/amxmodx/logs/error_20250215.log")
L 02/15/2025 - 06:29:20: [AMXX] Plugin ("cucarachas_main.amxx") is setting itself as failed.
L 02/15/2025 - 06:29:20: [AMXX] Plugin says: Utiliza el Map Tool para adaptar este mapa a Cuca Mod.
L 02/15/2025 - 06:29:20: [AMXX] Run time error 1 (plugin "cucarachas_main.amxx") - forced exit
L 02/15/2025 - 06:29:20: Called dynanative into a paused plugin.
L 02/15/2025 - 06:29:20: [AMXX] Run time error 10 (plugin "cucarachas_extras.amxx") (native "cm_register_extra_item") - debug not enabled!
L 02/15/2025 - 06:29:20: [AMXX] To enable debug mode, add "debug" after the plugin name in plugins.ini (without quotes).
L 02/15/2025 - 06:48:30: Start of error session.
L 02/15/2025 - 06:48:30: Info (map "rubaka_2forts") (file "addons/amxmodx/logs/error_20250215.log")
L 02/15/2025 - 06:48:30: [AMXX] Plugin ("cucarachas_main.amxx") is setting itself as failed.
L 02/15/2025 - 06:48:30: [AMXX] Plugin says: Utiliza el Map Tool para adaptar este mapa a Cuca Mod.
L 02/15/2025 - 06:48:30: [AMXX] Run time error 1 (plugin "cucarachas_main.amxx") - forced exit
L 02/15/2025 - 06:48:30: Called dynanative into a paused plugin.
L 02/15/2025 - 06:48:30: [AMXX] Run time error 10 (plugin "cucarachas_extras.amxx") (native "cm_register_extra_item") - debug not enabled!
L 02/15/2025 - 06:48:30: [AMXX] To enable debug mode, add "debug" after the plugin name in plugins.ini (without quotes).
L 02/15/2025 - 07:10:13: Start of error session.
L 02/15/2025 - 07:10:13: Info (map "35hp_gx") (file "addons/amxmodx/logs/error_20250215.log")
L 02/15/2025 - 07:10:13: [AMXX] Plugin ("cucarachas_main.amxx") is setting itself as failed.
L 02/15/2025 - 07:10:13: [AMXX] Plugin says: Utiliza el Map Tool para adaptar este mapa a Cuca Mod.
L 02/15/2025 - 07:10:13: [AMXX] Run time error 1 (plugin "cucarachas_main.amxx") - forced exit
L 02/15/2025 - 07:10:13: Called dynanative into a paused plugin.
L 02/15/2025 - 07:10:13: [AMXX] Run time error 10 (plugin "cucarachas_extras.amxx") (native "cm_register_extra_item") - debug not enabled!
L 02/15/2025 - 07:10:13: [AMXX] To enable debug mode, add "debug" after the plugin name in plugins.ini (without quotes).
L 02/15/2025 - 07:31:56: Start of error session.
L 02/15/2025 - 07:31:56: Info (map "kz_arsacid") (file "addons/amxmodx/logs/error_20250215.log")
L 02/15/2025 - 07:31:56: [AMXX] Plugin ("cucarachas_main.amxx") is setting itself as failed.
L 02/15/2025 - 07:31:56: [AMXX] Plugin says: Utiliza el Map Tool para adaptar este mapa a Cuca Mod.
L 02/15/2025 - 07:31:56: [AMXX] Run time error 1 (plugin "cucarachas_main.amxx") - forced exit
L 02/15/2025 - 07:31:56: Called dynanative into a paused plugin.
L 02/15/2025 - 07:31:56: [AMXX] Run time error 10 (plugin "cucarachas_extras.amxx") (native "cm_register_extra_item") - debug not enabled!
L 02/15/2025 - 07:31:56: [AMXX] To enable debug mode, add "debug" after the plugin name in plugins.ini (without quotes).
L 02/15/2025 - 07:52:06: Start of error session.
L 02/15/2025 - 07:52:06: Info (map "kz_xj_brickjump") (file "addons/amxmodx/logs/error_20250215.log")
L 02/15/2025 - 07:52:06: [AMXX] Plugin ("cucarachas_main.amxx") is setting itself as failed.
L 02/15/2025 - 07:52:06: [AMXX] Plugin says: Utiliza el Map Tool para adaptar este mapa a Cuca Mod.
L 02/15/2025 - 07:52:06: [AMXX] Run time error 1 (plugin "cucarachas_main.amxx") - forced exit
L 02/15/2025 - 07:52:06: Called dynanative into a paused plugin.
L 02/15/2025 - 07:52:06: [AMXX] Run time error 10 (plugin "cucarachas_extras.amxx") (native "cm_register_extra_item") - debug not enabled!
L 02/15/2025 - 07:52:06: [AMXX] To enable debug mode, add "debug" after the plugin name in plugins.ini (without quotes).
L 02/15/2025 - 08:12:16: Start of error session.
L 02/15/2025 - 08:12:16: Info (map "bkz_goldbhop") (file "addons/amxmodx/logs/error_20250215.log")
L 02/15/2025 - 08:12:16: [AMXX] Plugin ("cucarachas_main.amxx") is setting itself as failed.
L 02/15/2025 - 08:12:16: [AMXX] Plugin says: Utiliza el Map Tool para adaptar este mapa a Cuca Mod.
L 02/15/2025 - 08:12:16: [AMXX] Run time error 1 (plugin "cucarachas_main.amxx") - forced exit
L 02/15/2025 - 08:12:16: Called dynanative into a paused plugin.
L 02/15/2025 - 08:12:16: [AMXX] Run time error 10 (plugin "cucarachas_extras.amxx") (native "cm_register_extra_item") - debug not enabled!
L 02/15/2025 - 08:12:16: [AMXX] To enable debug mode, add "debug" after the plugin name in plugins.ini (without quotes).
L 02/15/2025 - 08:32:26: Start of error session.
L 02/15/2025 - 08:32:26: Info (map "sj_pro") (file "addons/amxmodx/logs/error_20250215.log")
L 02/15/2025 - 08:32:26: [AMXX] Plugin ("cucarachas_main.amxx") is setting itself as failed.
L 02/15/2025 - 08:32:26: [AMXX] Plugin says: Utiliza el Map Tool para adaptar este mapa a Cuca Mod.
L 02/15/2025 - 08:32:26: [AMXX] Run time error 1 (plugin "cucarachas_main.amxx") - forced exit
L 02/15/2025 - 08:32:26: Called dynanative into a paused plugin.
L 02/15/2025 - 08:32:26: [AMXX] Run time error 10 (plugin "cucarachas_extras.amxx") (native "cm_register_extra_item") - debug not enabled!
L 02/15/2025 - 08:32:26: [AMXX] To enable debug mode, add "debug" after the plugin name in plugins.ini (without quotes).
L 02/15/2025 - 08:52:40: Start of error session.
L 02/15/2025 - 08:52:40: Info (map "cs_assault") (file "addons/amxmodx/logs/error_20250215.log")
L 02/15/2025 - 08:52:40: [AMXX] Plugin ("cucarachas_main.amxx") is setting itself as failed.
L 02/15/2025 - 08:52:40: [AMXX] Plugin says: Utiliza el Map Tool para adaptar este mapa a Cuca Mod.
L 02/15/2025 - 08:52:40: [AMXX] Run time error 1 (plugin "cucarachas_main.amxx") - forced exit
L 02/15/2025 - 08:52:40: Called dynanative into a paused plugin.
L 02/15/2025 - 08:52:40: [AMXX] Run time error 10 (plugin "cucarachas_extras.amxx") (native "cm_register_extra_item") - debug not enabled!
L 02/15/2025 - 08:52:40: [AMXX] To enable debug mode, add "debug" after the plugin name in plugins.ini (without quotes).
L 02/15/2025 - 09:11:50: Start of error session.
L 02/15/2025 - 09:11:50: Info (map "de_chateau") (file "addons/amxmodx/logs/error_20250215.log")
L 02/15/2025 - 09:11:50: [AMXX] Plugin ("cucarachas_main.amxx") is setting itself as failed.
L 02/15/2025 - 09:11:50: [AMXX] Plugin says: Utiliza el Map Tool para adaptar este mapa a Cuca Mod.
L 02/15/2025 - 09:11:50: [AMXX] Run time error 1 (plugin "cucarachas_main.amxx") - forced exit
L 02/15/2025 - 09:11:50: Called dynanative into a paused plugin.
L 02/15/2025 - 09:11:50: [AMXX] Run time error 10 (plugin "cucarachas_extras.amxx") (native "cm_register_extra_item") - debug not enabled!
L 02/15/2025 - 09:11:50: [AMXX] To enable debug mode, add "debug" after the plugin name in plugins.ini (without quotes).
L 02/15/2025 - 09:31:00: Start of error session.
L 02/15/2025 - 09:31:00: Info (map "cs_assault") (file "addons/amxmodx/logs/error_20250215.log")
L 02/15/2025 - 09:31:00: [AMXX] Plugin ("cucarachas_main.amxx") is setting itself as failed.
L 02/15/2025 - 09:31:00: [AMXX] Plugin says: Utiliza el Map Tool para adaptar este mapa a Cuca Mod.
L 02/15/2025 - 09:31:00: [AMXX] Run time error 1 (plugin "cucarachas_main.amxx") - forced exit
L 02/15/2025 - 09:31:00: Called dynanative into a paused plugin.
L 02/15/2025 - 09:31:00: [AMXX] Run time error 10 (plugin "cucarachas_extras.amxx") (native "cm_register_extra_item") - debug not enabled!
L 02/15/2025 - 09:31:00: [AMXX] To enable debug mode, add "debug" after the plugin name in plugins.ini (without quotes).
L 02/15/2025 - 09:50:10: Start of error session.
L 02/15/2025 - 09:50:10: Info (map "de_dust2") (file "addons/amxmodx/logs/error_20250215.log")
L 02/15/2025 - 09:50:10: [AMXX] Plugin ("cucarachas_main.amxx") is setting itself as failed.
L 02/15/2025 - 09:50:10: [AMXX] Plugin says: Utiliza el Map Tool para adaptar este mapa a Cuca Mod.
L 02/15/2025 - 09:50:10: [AMXX] Run time error 1 (plugin "cucarachas_main.amxx") - forced exit
L 02/15/2025 - 09:50:10: Called dynanative into a paused plugin.
L 02/15/2025 - 09:50:10: [AMXX] Run time error 10 (plugin "cucarachas_extras.amxx") (native "cm_register_extra_item") - debug not enabled!
L 02/15/2025 - 09:50:10: [AMXX] To enable debug mode, add "debug" after the plugin name in plugins.ini (without quotes).
L 02/15/2025 - 10:13:22: Start of error session.
L 02/15/2025 - 10:13:22: Info (map "de_aztec") (file "addons/amxmodx/logs/error_20250215.log")
L 02/15/2025 - 10:13:22: [AMXX] Plugin ("cucarachas_main.amxx") is setting itself as failed.
L 02/15/2025 - 10:13:22: [AMXX] Plugin says: Utiliza el Map Tool para adaptar este mapa a Cuca Mod.
L 02/15/2025 - 10:13:22: [AMXX] Run time error 1 (plugin "cucarachas_main.amxx") - forced exit
L 02/15/2025 - 10:13:22: Called dynanative into a paused plugin.
L 02/15/2025 - 10:13:22: [AMXX] Run time error 10 (plugin "cucarachas_extras.amxx") (native "cm_register_extra_item") - debug not enabled!
L 02/15/2025 - 10:13:22: [AMXX] To enable debug mode, add "debug" after the plugin name in plugins.ini (without quotes).
L 02/15/2025 - 10:36:32: Start of error session.
L 02/15/2025 - 10:36:32: Info (map "de_dust2") (file "addons/amxmodx/logs/error_20250215.log")
L 02/15/2025 - 10:36:32: [AMXX] Plugin ("cucarachas_main.amxx") is setting itself as failed.
L 02/15/2025 - 10:36:32: [AMXX] Plugin says: Utiliza el Map Tool para adaptar este mapa a Cuca Mod.
L 02/15/2025 - 10:36:32: [AMXX] Run time error 1 (plugin "cucarachas_main.amxx") - forced exit
L 02/15/2025 - 10:36:32: Called dynanative into a paused plugin.
L 02/15/2025 - 10:36:32: [AMXX] Run time error 10 (plugin "cucarachas_extras.amxx") (native "cm_register_extra_item") - debug not enabled!
L 02/15/2025 - 10:36:32: [AMXX] To enable debug mode, add "debug" after the plugin name in plugins.ini (without quotes).
L 02/15/2025 - 10:59:42: Start of error session.
L 02/15/2025 - 10:59:42: Info (map "de_aztec") (file "addons/amxmodx/logs/error_20250215.log")
L 02/15/2025 - 10:59:42: [AMXX] Plugin ("cucarachas_main.amxx") is setting itself as failed.
L 02/15/2025 - 10:59:42: [AMXX] Plugin says: Utiliza el Map Tool para adaptar este mapa a Cuca Mod.
L 02/15/2025 - 10:59:42: [AMXX] Run time error 1 (plugin "cucarachas_main.amxx") - forced exit
L 02/15/2025 - 10:59:42: Called dynanative into a paused plugin.
L 02/15/2025 - 10:59:42: [AMXX] Run time error 10 (plugin "cucarachas_extras.amxx") (native "cm_register_extra_item") - debug not enabled!
L 02/15/2025 - 10:59:42: [AMXX] To enable debug mode, add "debug" after the plugin name in plugins.ini (without quotes).
L 02/15/2025 - 11:22:52: Start of error session.
L 02/15/2025 - 11:22:52: Info (map "de_dust2") (file "addons/amxmodx/logs/error_20250215.log")
L 02/15/2025 - 11:22:52: [AMXX] Plugin ("cucarachas_main.amxx") is setting itself as failed.
L 02/15/2025 - 11:22:52: [AMXX] Plugin says: Utiliza el Map Tool para adaptar este mapa a Cuca Mod.
L 02/15/2025 - 11:22:52: [AMXX] Run time error 1 (plugin "cucarachas_main.amxx") - forced exit
L 02/15/2025 - 11:22:52: Called dynanative into a paused plugin.
L 02/15/2025 - 11:22:52: [AMXX] Run time error 10 (plugin "cucarachas_extras.amxx") (native "cm_register_extra_item") - debug not enabled!
L 02/15/2025 - 11:22:52: [AMXX] To enable debug mode, add "debug" after the plugin name in plugins.ini (without quotes).
L 02/15/2025 - 11:43:02: Start of error session.
L 02/15/2025 - 11:43:02: Info (map "surf_iceday_remake") (file "addons/amxmodx/logs/error_20250215.log")
L 02/15/2025 - 11:43:02: [AMXX] Plugin ("cucarachas_main.amxx") is setting itself as failed.
L 02/15/2025 - 11:43:02: [AMXX] Plugin says: Utiliza el Map Tool para adaptar este mapa a Cuca Mod.
L 02/15/2025 - 11:43:02: [AMXX] Run time error 1 (plugin "cucarachas_main.amxx") - forced exit
L 02/15/2025 - 11:43:02: Called dynanative into a paused plugin.
L 02/15/2025 - 11:43:02: [AMXX] Run time error 10 (plugin "cucarachas_extras.amxx") (native "cm_register_extra_item") - debug not enabled!
L 02/15/2025 - 11:43:02: [AMXX] To enable debug mode, add "debug" after the plugin name in plugins.ini (without quotes).
L 02/15/2025 - 12:03:12: Start of error session.
L 02/15/2025 - 12:03:12: Info (map "cs_assault") (file "addons/amxmodx/logs/error_20250215.log")
L 02/15/2025 - 12:03:12: [AMXX] Plugin ("cucarachas_main.amxx") is setting itself as failed.
L 02/15/2025 - 12:03:12: [AMXX] Plugin says: Utiliza el Map Tool para adaptar este mapa a Cuca Mod.
L 02/15/2025 - 12:03:12: [AMXX] Run time error 1 (plugin "cucarachas_main.amxx") - forced exit
L 02/15/2025 - 12:03:12: Called dynanative into a paused plugin.
L 02/15/2025 - 12:03:12: [AMXX] Run time error 10 (plugin "cucarachas_extras.amxx") (native "cm_register_extra_item") - debug not enabled!
L 02/15/2025 - 12:03:12: [AMXX] To enable debug mode, add "debug" after the plugin name in plugins.ini (without quotes).
L 02/15/2025 - 12:22:22: Start of error session.
L 02/15/2025 - 12:22:22: Info (map "de_chateau") (file "addons/amxmodx/logs/error_20250215.log")
L 02/15/2025 - 12:22:22: [AMXX] Plugin ("cucarachas_main.amxx") is setting itself as failed.
L 02/15/2025 - 12:22:22: [AMXX] Plugin says: Utiliza el Map Tool para adaptar este mapa a Cuca Mod.
L 02/15/2025 - 12:22:22: [AMXX] Run time error 1 (plugin "cucarachas_main.amxx") - forced exit
L 02/15/2025 - 12:22:22: Called dynanative into a paused plugin.
L 02/15/2025 - 12:22:22: [AMXX] Run time error 10 (plugin "cucarachas_extras.amxx") (native "cm_register_extra_item") - debug not enabled!
L 02/15/2025 - 12:22:22: [AMXX] To enable debug mode, add "debug" after the plugin name in plugins.ini (without quotes).
L 02/15/2025 - 12:41:32: Start of error session.
L 02/15/2025 - 12:41:32: Info (map "cs_assault") (file "addons/amxmodx/logs/error_20250215.log")
L 02/15/2025 - 12:41:32: [AMXX] Plugin ("cucarachas_main.amxx") is setting itself as failed.
L 02/15/2025 - 12:41:32: [AMXX] Plugin says: Utiliza el Map Tool para adaptar este mapa a Cuca Mod.
L 02/15/2025 - 12:41:32: [AMXX] Run time error 1 (plugin "cucarachas_main.amxx") - forced exit
L 02/15/2025 - 12:41:32: Called dynanative into a paused plugin.
L 02/15/2025 - 12:41:32: [AMXX] Run time error 10 (plugin "cucarachas_extras.amxx") (native "cm_register_extra_item") - debug not enabled!
L 02/15/2025 - 12:41:32: [AMXX] To enable debug mode, add "debug" after the plugin name in plugins.ini (without quotes).
L 02/15/2025 - 13:00:42: Start of error session.
L 02/15/2025 - 13:00:42: Info (map "rubaka_2forts") (file "addons/amxmodx/logs/error_20250215.log")
L 02/15/2025 - 13:00:42: [AMXX] Plugin ("cucarachas_main.amxx") is setting itself as failed.
L 02/15/2025 - 13:00:42: [AMXX] Plugin says: Utiliza el Map Tool para adaptar este mapa a Cuca Mod.
L 02/15/2025 - 13:00:42: [AMXX] Run time error 1 (plugin "cucarachas_main.amxx") - forced exit
L 02/15/2025 - 13:00:42: Called dynanative into a paused plugin.
L 02/15/2025 - 13:00:42: [AMXX] Run time error 10 (plugin "cucarachas_extras.amxx") (native "cm_register_extra_item") - debug not enabled!
L 02/15/2025 - 13:00:42: [AMXX] To enable debug mode, add "debug" after the plugin name in plugins.ini (without quotes).
L 02/15/2025 - 13:22:24: Start of error session.
L 02/15/2025 - 13:22:24: Info (map "rubaka_orange_x") (file "addons/amxmodx/logs/error_20250215.log")
L 02/15/2025 - 13:22:24: [AMXX] Plugin ("cucarachas_main.amxx") is setting itself as failed.
L 02/15/2025 - 13:22:24: [AMXX] Plugin says: Utiliza el Map Tool para adaptar este mapa a Cuca Mod.
L 02/15/2025 - 13:22:24: [AMXX] Run time error 1 (plugin "cucarachas_main.amxx") - forced exit
L 02/15/2025 - 13:22:24: Called dynanative into a paused plugin.
L 02/15/2025 - 13:22:24: [AMXX] Run time error 10 (plugin "cucarachas_extras.amxx") (native "cm_register_extra_item") - debug not enabled!
L 02/15/2025 - 13:22:24: [AMXX] To enable debug mode, add "debug" after the plugin name in plugins.ini (without quotes).
L 02/15/2025 - 13:44:09: Start of error session.
L 02/15/2025 - 13:44:09: Info (map "ze_deadspace_v2") (file "addons/amxmodx/logs/error_20250215.log")
L 02/15/2025 - 13:44:09: [AMXX] Plugin ("cucarachas_main.amxx") is setting itself as failed.
L 02/15/2025 - 13:44:09: [AMXX] Plugin says: Utiliza el Map Tool para adaptar este mapa a Cuca Mod.
L 02/15/2025 - 13:44:09: [AMXX] Run time error 1 (plugin "cucarachas_main.amxx") - forced exit
L 02/15/2025 - 13:44:09: Called dynanative into a paused plugin.
L 02/15/2025 - 13:44:09: [AMXX] Run time error 10 (plugin "cucarachas_extras.amxx") (native "cm_register_extra_item") - debug not enabled!
L 02/15/2025 - 13:44:09: [AMXX] To enable debug mode, add "debug" after the plugin name in plugins.ini (without quotes).
L 02/15/2025 - 14:04:21: Start of error session.
L 02/15/2025 - 14:04:21: Info (map "ze_remesa_old_final") (file "addons/amxmodx/logs/error_20250215.log")
L 02/15/2025 - 14:04:21: [AMXX] Plugin ("cucarachas_main.amxx") is setting itself as failed.
L 02/15/2025 - 14:04:21: [AMXX] Plugin says: Utiliza el Map Tool para adaptar este mapa a Cuca Mod.
L 02/15/2025 - 14:04:21: [AMXX] Run time error 1 (plugin "cucarachas_main.amxx") - forced exit
L 02/15/2025 - 14:04:21: Called dynanative into a paused plugin.
L 02/15/2025 - 14:04:21: [AMXX] Run time error 10 (plugin "cucarachas_extras.amxx") (native "cm_register_extra_item") - debug not enabled!
L 02/15/2025 - 14:04:21: [AMXX] To enable debug mode, add "debug" after the plugin name in plugins.ini (without quotes).
L 02/15/2025 - 14:24:33: Start of error session.
L 02/15/2025 - 14:24:33: Info (map "ze_deadspace_v2") (file "addons/amxmodx/logs/error_20250215.log")
L 02/15/2025 - 14:24:33: [AMXX] Plugin ("cucarachas_main.amxx") is setting itself as failed.
L 02/15/2025 - 14:24:33: [AMXX] Plugin says: Utiliza el Map Tool para adaptar este mapa a Cuca Mod.
L 02/15/2025 - 14:24:33: [AMXX] Run time error 1 (plugin "cucarachas_main.amxx") - forced exit
L 02/15/2025 - 14:24:33: Called dynanative into a paused plugin.
L 02/15/2025 - 14:24:33: [AMXX] Run time error 10 (plugin "cucarachas_extras.amxx") (native "cm_register_extra_item") - debug not enabled!
L 02/15/2025 - 14:24:33: [AMXX] To enable debug mode, add "debug" after the plugin name in plugins.ini (without quotes).
L 02/15/2025 - 14:44:43: Start of error session.
L 02/15/2025 - 14:44:43: Info (map "zm_ice_attack") (file "addons/amxmodx/logs/error_20250215.log")
L 02/15/2025 - 14:44:43: [AMXX] Plugin ("cucarachas_main.amxx") is setting itself as failed.
L 02/15/2025 - 14:44:43: [AMXX] Plugin says: Utiliza el Map Tool para adaptar este mapa a Cuca Mod.
L 02/15/2025 - 14:44:43: [AMXX] Run time error 1 (plugin "cucarachas_main.amxx") - forced exit
L 02/15/2025 - 14:44:43: Called dynanative into a paused plugin.
L 02/15/2025 - 14:44:43: [AMXX] Run time error 10 (plugin "cucarachas_extras.amxx") (native "cm_register_extra_item") - debug not enabled!
L 02/15/2025 - 14:44:43: [AMXX] To enable debug mode, add "debug" after the plugin name in plugins.ini (without quotes).
L 02/15/2025 - 15:05:53: Start of error session.
L 02/15/2025 - 15:05:53: Info (map "zm_toronto") (file "addons/amxmodx/logs/error_20250215.log")
L 02/15/2025 - 15:05:53: [AMXX] Plugin ("cucarachas_main.amxx") is setting itself as failed.
L 02/15/2025 - 15:05:53: [AMXX] Plugin says: Utiliza el Map Tool para adaptar este mapa a Cuca Mod.
L 02/15/2025 - 15:05:53: [AMXX] Run time error 1 (plugin "cucarachas_main.amxx") - forced exit
L 02/15/2025 - 15:05:53: Called dynanative into a paused plugin.
L 02/15/2025 - 15:05:53: [AMXX] Run time error 10 (plugin "cucarachas_extras.amxx") (native "cm_register_extra_item") - debug not enabled!
L 02/15/2025 - 15:05:53: [AMXX] To enable debug mode, add "debug" after the plugin name in plugins.ini (without quotes).
L 02/15/2025 - 15:27:04: Start of error session.
L 02/15/2025 - 15:27:04: Info (map "zm_ice_attack") (file "addons/amxmodx/logs/error_20250215.log")
L 02/15/2025 - 15:27:04: [AMXX] Plugin ("cucarachas_main.amxx") is setting itself as failed.
L 02/15/2025 - 15:27:04: [AMXX] Plugin says: Utiliza el Map Tool para adaptar este mapa a Cuca Mod.
L 02/15/2025 - 15:27:04: [AMXX] Run time error 1 (plugin "cucarachas_main.amxx") - forced exit
L 02/15/2025 - 15:27:04: Called dynanative into a paused plugin.
L 02/15/2025 - 15:27:04: [AMXX] Run time error 10 (plugin "cucarachas_extras.amxx") (native "cm_register_extra_item") - debug not enabled!
L 02/15/2025 - 15:27:04: [AMXX] To enable debug mode, add "debug" after the plugin name in plugins.ini (without quotes).
L 02/15/2025 - 15:48:14: Start of error session.
L 02/15/2025 - 15:48:14: Info (map "zm_toronto") (file "addons/amxmodx/logs/error_20250215.log")
L 02/15/2025 - 15:48:14: [AMXX] Plugin ("cucarachas_main.amxx") is setting itself as failed.
L 02/15/2025 - 15:48:14: [AMXX] Plugin says: Utiliza el Map Tool para adaptar este mapa a Cuca Mod.
L 02/15/2025 - 15:48:14: [AMXX] Run time error 1 (plugin "cucarachas_main.amxx") - forced exit
L 02/15/2025 - 15:48:14: Called dynanative into a paused plugin.
L 02/15/2025 - 15:48:14: [AMXX] Run time error 10 (plugin "cucarachas_extras.amxx") (native "cm_register_extra_item") - debug not enabled!
L 02/15/2025 - 15:48:14: [AMXX] To enable debug mode, add "debug" after the plugin name in plugins.ini (without quotes).
L 02/15/2025 - 16:09:24: Start of error session.
L 02/15/2025 - 16:09:24: Info (map "zm_ice_attack") (file "addons/amxmodx/logs/error_20250215.log")
L 02/15/2025 - 16:09:24: [AMXX] Plugin ("cucarachas_main.amxx") is setting itself as failed.
L 02/15/2025 - 16:09:24: [AMXX] Plugin says: Utiliza el Map Tool para adaptar este mapa a Cuca Mod.
L 02/15/2025 - 16:09:24: [AMXX] Run time error 1 (plugin "cucarachas_main.amxx") - forced exit
L 02/15/2025 - 16:09:24: Called dynanative into a paused plugin.
L 02/15/2025 - 16:09:24: [AMXX] Run time error 10 (plugin "cucarachas_extras.amxx") (native "cm_register_extra_item") - debug not enabled!
L 02/15/2025 - 16:09:24: [AMXX] To enable debug mode, add "debug" after the plugin name in plugins.ini (without quotes).
L 02/15/2025 - 16:30:35: Start of error session.
L 02/15/2025 - 16:30:35: Info (map "zm_toronto") (file "addons/amxmodx/logs/error_20250215.log")
L 02/15/2025 - 16:30:35: [AMXX] Plugin ("cucarachas_main.amxx") is setting itself as failed.
L 02/15/2025 - 16:30:35: [AMXX] Plugin says: Utiliza el Map Tool para adaptar este mapa a Cuca Mod.
L 02/15/2025 - 16:30:35: [AMXX] Run time error 1 (plugin "cucarachas_main.amxx") - forced exit
L 02/15/2025 - 16:30:35: Called dynanative into a paused plugin.
L 02/15/2025 - 16:30:35: [AMXX] Run time error 10 (plugin "cucarachas_extras.amxx") (native "cm_register_extra_item") - debug not enabled!
L 02/15/2025 - 16:30:35: [AMXX] To enable debug mode, add "debug" after the plugin name in plugins.ini (without quotes).
L 02/15/2025 - 16:51:45: Start of error session.
L 02/15/2025 - 16:51:45: Info (map "de_dust2") (file "addons/amxmodx/logs/error_20250215.log")
L 02/15/2025 - 16:51:45: [AMXX] Plugin ("cucarachas_main.amxx") is setting itself as failed.
L 02/15/2025 - 16:51:45: [AMXX] Plugin says: Utiliza el Map Tool para adaptar este mapa a Cuca Mod.
L 02/15/2025 - 16:51:45: [AMXX] Run time error 1 (plugin "cucarachas_main.amxx") - forced exit
L 02/15/2025 - 16:51:45: Called dynanative into a paused plugin.
L 02/15/2025 - 16:51:45: [AMXX] Run time error 10 (plugin "cucarachas_extras.amxx") (native "cm_register_extra_item") - debug not enabled!
L 02/15/2025 - 16:51:45: [AMXX] To enable debug mode, add "debug" after the plugin name in plugins.ini (without quotes).
L 02/15/2025 - 17:11:55: Start of error session.
L 02/15/2025 - 17:11:55: Info (map "de_inferno") (file "addons/amxmodx/logs/error_20250215.log")
L 02/15/2025 - 17:11:55: [AMXX] Plugin ("cucarachas_main.amxx") is setting itself as failed.
L 02/15/2025 - 17:11:55: [AMXX] Plugin says: Utiliza el Map Tool para adaptar este mapa a Cuca Mod.
L 02/15/2025 - 17:11:55: [AMXX] Run time error 1 (plugin "cucarachas_main.amxx") - forced exit
L 02/15/2025 - 17:11:55: Called dynanative into a paused plugin.
L 02/15/2025 - 17:11:55: [AMXX] Run time error 10 (plugin "cucarachas_extras.amxx") (native "cm_register_extra_item") - debug not enabled!
L 02/15/2025 - 17:11:55: [AMXX] To enable debug mode, add "debug" after the plugin name in plugins.ini (without quotes).
L 02/15/2025 - 17:32:05: Start of error session.
L 02/15/2025 - 17:32:05: Info (map "de_dust2") (file "addons/amxmodx/logs/error_20250215.log")
L 02/15/2025 - 17:32:05: [AMXX] Plugin ("cucarachas_main.amxx") is setting itself as failed.
L 02/15/2025 - 17:32:05: [AMXX] Plugin says: Utiliza el Map Tool para adaptar este mapa a Cuca Mod.
L 02/15/2025 - 17:32:05: [AMXX] Run time error 1 (plugin "cucarachas_main.amxx") - forced exit
L 02/15/2025 - 17:32:05: Called dynanative into a paused plugin.
L 02/15/2025 - 17:32:05: [AMXX] Run time error 10 (plugin "cucarachas_extras.amxx") (native "cm_register_extra_item") - debug not enabled!
L 02/15/2025 - 17:32:05: [AMXX] To enable debug mode, add "debug" after the plugin name in plugins.ini (without quotes).
L 02/15/2025 - 17:52:15: Start of error session.
L 02/15/2025 - 17:52:15: Info (map "de_inferno") (file "addons/amxmodx/logs/error_20250215.log")
L 02/15/2025 - 17:52:15: [AMXX] Plugin ("cucarachas_main.amxx") is setting itself as failed.
L 02/15/2025 - 17:52:15: [AMXX] Plugin says: Utiliza el Map Tool para adaptar este mapa a Cuca Mod.
L 02/15/2025 - 17:52:15: [AMXX] Run time error 1 (plugin "cucarachas_main.amxx") - forced exit
L 02/15/2025 - 17:52:15: Called dynanative into a paused plugin.
L 02/15/2025 - 17:52:15: [AMXX] Run time error 10 (plugin "cucarachas_extras.amxx") (native "cm_register_extra_item") - debug not enabled!
L 02/15/2025 - 17:52:15: [AMXX] To enable debug mode, add "debug" after the plugin name in plugins.ini (without quotes).
L 02/15/2025 - 18:12:24: Start of error session.
L 02/15/2025 - 18:12:24: Info (map "de_dust2") (file "addons/amxmodx/logs/error_20250215.log")
L 02/15/2025 - 18:12:24: [AMXX] Plugin ("cucarachas_main.amxx") is setting itself as failed.
L 02/15/2025 - 18:12:24: [AMXX] Plugin says: Utiliza el Map Tool para adaptar este mapa a Cuca Mod.
L 02/15/2025 - 18:12:24: [AMXX] Run time error 1 (plugin "cucarachas_main.amxx") - forced exit
L 02/15/2025 - 18:12:24: Called dynanative into a paused plugin.
L 02/15/2025 - 18:12:24: [AMXX] Run time error 10 (plugin "cucarachas_extras.amxx") (native "cm_register_extra_item") - debug not enabled!
L 02/15/2025 - 18:12:24: [AMXX] To enable debug mode, add "debug" after the plugin name in plugins.ini (without quotes).
L 02/15/2025 - 18:32:34: Start of error session.
L 02/15/2025 - 18:32:34: Info (map "de_inferno") (file "addons/amxmodx/logs/error_20250215.log")
L 02/15/2025 - 18:32:34: [AMXX] Plugin ("cucarachas_main.amxx") is setting itself as failed.
L 02/15/2025 - 18:32:34: [AMXX] Plugin says: Utiliza el Map Tool para adaptar este mapa a Cuca Mod.
L 02/15/2025 - 18:32:34: [AMXX] Run time error 1 (plugin "cucarachas_main.amxx") - forced exit
L 02/15/2025 - 18:32:34: Called dynanative into a paused plugin.
L 02/15/2025 - 18:32:34: [AMXX] Run time error 10 (plugin "cucarachas_extras.amxx") (native "cm_register_extra_item") - debug not enabled!
L 02/15/2025 - 18:32:34: [AMXX] To enable debug mode, add "debug" after the plugin name in plugins.ini (without quotes).
L 02/15/2025 - 18:52:44: Start of error session.
L 02/15/2025 - 18:52:44: Info (map "cs_assault") (file "addons/amxmodx/logs/error_20250215.log")
L 02/15/2025 - 18:52:44: [AMXX] Plugin ("cucarachas_main.amxx") is setting itself as failed.
L 02/15/2025 - 18:52:44: [AMXX] Plugin says: Utiliza el Map Tool para adaptar este mapa a Cuca Mod.
L 02/15/2025 - 18:52:44: [AMXX] Run time error 1 (plugin "cucarachas_main.amxx") - forced exit
L 02/15/2025 - 18:52:44: Called dynanative into a paused plugin.
L 02/15/2025 - 18:52:44: [AMXX] Run time error 10 (plugin "cucarachas_extras.amxx") (native "cm_register_extra_item") - debug not enabled!
L 02/15/2025 - 18:52:44: [AMXX] To enable debug mode, add "debug" after the plugin name in plugins.ini (without quotes).
L 02/15/2025 - 19:11:54: Start of error session.
L 02/15/2025 - 19:11:54: Info (map "de_chateau") (file "addons/amxmodx/logs/error_20250215.log")
L 02/15/2025 - 19:11:54: [AMXX] Plugin ("cucarachas_main.amxx") is setting itself as failed.
L 02/15/2025 - 19:11:54: [AMXX] Plugin says: Utiliza el Map Tool para adaptar este mapa a Cuca Mod.
L 02/15/2025 - 19:11:54: [AMXX] Run time error 1 (plugin "cucarachas_main.amxx") - forced exit
L 02/15/2025 - 19:11:54: Called dynanative into a paused plugin.
L 02/15/2025 - 19:11:54: [AMXX] Run time error 10 (plugin "cucarachas_extras.amxx") (native "cm_register_extra_item") - debug not enabled!
L 02/15/2025 - 19:11:54: [AMXX] To enable debug mode, add "debug" after the plugin name in plugins.ini (without quotes).
L 02/15/2025 - 19:31:04: Start of error session.
L 02/15/2025 - 19:31:04: Info (map "cs_assault") (file "addons/amxmodx/logs/error_20250215.log")
L 02/15/2025 - 19:31:04: [AMXX] Plugin ("cucarachas_main.amxx") is setting itself as failed.
L 02/15/2025 - 19:31:04: [AMXX] Plugin says: Utiliza el Map Tool para adaptar este mapa a Cuca Mod.
L 02/15/2025 - 19:31:04: [AMXX] Run time error 1 (plugin "cucarachas_main.amxx") - forced exit
L 02/15/2025 - 19:31:04: Called dynanative into a paused plugin.
L 02/15/2025 - 19:31:04: [AMXX] Run time error 10 (plugin "cucarachas_extras.amxx") (native "cm_register_extra_item") - debug not enabled!
L 02/15/2025 - 19:31:04: [AMXX] To enable debug mode, add "debug" after the plugin name in plugins.ini (without quotes).
L 02/15/2025 - 19:50:14: Start of error session.
L 02/15/2025 - 19:50:14: Info (map "as_oilrig") (file "addons/amxmodx/logs/error_20250215.log")
L 02/15/2025 - 19:50:14: [AMXX] Plugin ("cucarachas_main.amxx") is setting itself as failed.
L 02/15/2025 - 19:50:14: [AMXX] Plugin says: Utiliza el Map Tool para adaptar este mapa a Cuca Mod.
L 02/15/2025 - 19:50:14: [AMXX] Run time error 1 (plugin "cucarachas_main.amxx") - forced exit
L 02/15/2025 - 19:50:14: Called dynanative into a paused plugin.
L 02/15/2025 - 19:50:14: [AMXX] Run time error 10 (plugin "cucarachas_extras.amxx") (native "cm_register_extra_item") - debug not enabled!
L 02/15/2025 - 19:50:14: [AMXX] To enable debug mode, add "debug" after the plugin name in plugins.ini (without quotes).
L 02/15/2025 - 20:15:24: Start of error session.
L 02/15/2025 - 20:15:24: Info (map "as_crazytank3") (file "addons/amxmodx/logs/error_20250215.log")
L 02/15/2025 - 20:15:24: [AMXX] Plugin ("cucarachas_main.amxx") is setting itself as failed.
L 02/15/2025 - 20:15:24: [AMXX] Plugin says: Utiliza el Map Tool para adaptar este mapa a Cuca Mod.
L 02/15/2025 - 20:15:24: [AMXX] Run time error 1 (plugin "cucarachas_main.amxx") - forced exit
L 02/15/2025 - 20:15:24: Called dynanative into a paused plugin.
L 02/15/2025 - 20:15:24: [AMXX] Run time error 10 (plugin "cucarachas_extras.amxx") (native "cm_register_extra_item") - debug not enabled!
L 02/15/2025 - 20:15:24: [AMXX] To enable debug mode, add "debug" after the plugin name in plugins.ini (without quotes).
L 02/15/2025 - 20:40:34: Start of error session.
L 02/15/2025 - 20:40:34: Info (map "as_oilrig") (file "addons/amxmodx/logs/error_20250215.log")
L 02/15/2025 - 20:40:34: [AMXX] Plugin ("cucarachas_main.amxx") is setting itself as failed.
L 02/15/2025 - 20:40:34: [AMXX] Plugin says: Utiliza el Map Tool para adaptar este mapa a Cuca Mod.
L 02/15/2025 - 20:40:34: [AMXX] Run time error 1 (plugin "cucarachas_main.amxx") - forced exit
L 02/15/2025 - 20:40:34: Called dynanative into a paused plugin.
L 02/15/2025 - 20:40:34: [AMXX] Run time error 10 (plugin "cucarachas_extras.amxx") (native "cm_register_extra_item") - debug not enabled!
L 02/15/2025 - 20:40:34: [AMXX] To enable debug mode, add "debug" after the plugin name in plugins.ini (without quotes).
L 02/15/2025 - 21:05:44: Start of error session.
L 02/15/2025 - 21:05:44: Info (map "de_dust2") (file "addons/amxmodx/logs/error_20250215.log")
L 02/15/2025 - 21:05:44: [AMXX] Plugin ("cucarachas_main.amxx") is setting itself as failed.
L 02/15/2025 - 21:05:44: [AMXX] Plugin says: Utiliza el Map Tool para adaptar este mapa a Cuca Mod.
L 02/15/2025 - 21:05:44: [AMXX] Run time error 1 (plugin "cucarachas_main.amxx") - forced exit
L 02/15/2025 - 21:05:44: Called dynanative into a paused plugin.
L 02/15/2025 - 21:05:44: [AMXX] Run time error 10 (plugin "cucarachas_extras.amxx") (native "cm_register_extra_item") - debug not enabled!
L 02/15/2025 - 21:05:44: [AMXX] To enable debug mode, add "debug" after the plugin name in plugins.ini (without quotes).
L 02/15/2025 - 21:25:54: Start of error session.
L 02/15/2025 - 21:25:54: Info (map "surf_iceday_remake") (file "addons/amxmodx/logs/error_20250215.log")
L 02/15/2025 - 21:25:54: [AMXX] Plugin ("cucarachas_main.amxx") is setting itself as failed.
L 02/15/2025 - 21:25:54: [AMXX] Plugin says: Utiliza el Map Tool para adaptar este mapa a Cuca Mod.
L 02/15/2025 - 21:25:54: [AMXX] Run time error 1 (plugin "cucarachas_main.amxx") - forced exit
L 02/15/2025 - 21:25:54: Called dynanative into a paused plugin.
L 02/15/2025 - 21:25:54: [AMXX] Run time error 10 (plugin "cucarachas_extras.amxx") (native "cm_register_extra_item") - debug not enabled!
L 02/15/2025 - 21:25:54: [AMXX] To enable debug mode, add "debug" after the plugin name in plugins.ini (without quotes).
L 02/15/2025 - 21:46:05: Start of error session.
L 02/15/2025 - 21:46:05: Info (map "kz_arsacid") (file "addons/amxmodx/logs/error_20250215.log")
L 02/15/2025 - 21:46:05: [AMXX] Plugin ("cucarachas_main.amxx") is setting itself as failed.
L 02/15/2025 - 21:46:05: [AMXX] Plugin says: Utiliza el Map Tool para adaptar este mapa a Cuca Mod.
L 02/15/2025 - 21:46:05: [AMXX] Run time error 1 (plugin "cucarachas_main.amxx") - forced exit
L 02/15/2025 - 21:46:05: Called dynanative into a paused plugin.
L 02/15/2025 - 21:46:05: [AMXX] Run time error 10 (plugin "cucarachas_extras.amxx") (native "cm_register_extra_item") - debug not enabled!
L 02/15/2025 - 21:46:05: [AMXX] To enable debug mode, add "debug" after the plugin name in plugins.ini (without quotes).
L 02/15/2025 - 22:06:15: Start of error session.
L 02/15/2025 - 22:06:15: Info (map "bkz_goldbhop") (file "addons/amxmodx/logs/error_20250215.log")
L 02/15/2025 - 22:06:15: [AMXX] Plugin ("cucarachas_main.amxx") is setting itself as failed.
L 02/15/2025 - 22:06:15: [AMXX] Plugin says: Utiliza el Map Tool para adaptar este mapa a Cuca Mod.
L 02/15/2025 - 22:06:15: [AMXX] Run time error 1 (plugin "cucarachas_main.amxx") - forced exit
L 02/15/2025 - 22:06:15: Called dynanative into a paused plugin.
L 02/15/2025 - 22:06:15: [AMXX] Run time error 10 (plugin "cucarachas_extras.amxx") (native "cm_register_extra_item") - debug not enabled!
L 02/15/2025 - 22:06:15: [AMXX] To enable debug mode, add "debug" after the plugin name in plugins.ini (without quotes).
L 02/15/2025 - 22:26:25: Start of error session.
L 02/15/2025 - 22:26:25: Info (map "kz_xj_brickjump") (file "addons/amxmodx/logs/error_20250215.log")
L 02/15/2025 - 22:26:25: [AMXX] Plugin ("cucarachas_main.amxx") is setting itself as failed.
L 02/15/2025 - 22:26:25: [AMXX] Plugin says: Utiliza el Map Tool para adaptar este mapa a Cuca Mod.
L 02/15/2025 - 22:26:25: [AMXX] Run time error 1 (plugin "cucarachas_main.amxx") - forced exit
L 02/15/2025 - 22:26:25: Called dynanative into a paused plugin.
L 02/15/2025 - 22:26:25: [AMXX] Run time error 10 (plugin "cucarachas_extras.amxx") (native "cm_register_extra_item") - debug not enabled!
L 02/15/2025 - 22:26:25: [AMXX] To enable debug mode, add "debug" after the plugin name in plugins.ini (without quotes).
L 02/15/2025 - 22:46:35: Start of error session.
L 02/15/2025 - 22:46:35: Info (map "de_aztec") (file "addons/amxmodx/logs/error_20250215.log")
L 02/15/2025 - 22:46:35: [AMXX] Plugin ("cucarachas_main.amxx") is setting itself as failed.
L 02/15/2025 - 22:46:35: [AMXX] Plugin says: Utiliza el Map Tool para adaptar este mapa a Cuca Mod.
L 02/15/2025 - 22:46:35: [AMXX] Run time error 1 (plugin "cucarachas_main.amxx") - forced exit
L 02/15/2025 - 22:46:35: Called dynanative into a paused plugin.
L 02/15/2025 - 22:46:35: [AMXX] Run time error 10 (plugin "cucarachas_extras.amxx") (native "cm_register_extra_item") - debug not enabled!
L 02/15/2025 - 22:46:35: [AMXX] To enable debug mode, add "debug" after the plugin name in plugins.ini (without quotes).
L 02/15/2025 - 23:06:45: Start of error session.
L 02/15/2025 - 23:06:45: Info (map "de_dust2") (file "addons/amxmodx/logs/error_20250215.log")
L 02/15/2025 - 23:06:45: [AMXX] Plugin ("cucarachas_main.amxx") is setting itself as failed.
L 02/15/2025 - 23:06:45: [AMXX] Plugin says: Utiliza el Map Tool para adaptar este mapa a Cuca Mod.
L 02/15/2025 - 23:06:45: [AMXX] Run time error 1 (plugin "cucarachas_main.amxx") - forced exit
L 02/15/2025 - 23:06:45: Called dynanative into a paused plugin.
L 02/15/2025 - 23:06:45: [AMXX] Run time error 10 (plugin "cucarachas_extras.amxx") (native "cm_register_extra_item") - debug not enabled!
L 02/15/2025 - 23:06:45: [AMXX] To enable debug mode, add "debug" after the plugin name in plugins.ini (without quotes).
L 02/15/2025 - 23:26:55: Start of error session.
L 02/15/2025 - 23:26:55: Info (map "de_dust2") (file "addons/amxmodx/logs/error_20250215.log")
L 02/15/2025 - 23:26:55: [AMXX] Plugin ("cucarachas_main.amxx") is setting itself as failed.
L 02/15/2025 - 23:26:55: [AMXX] Plugin says: Utiliza el Map Tool para adaptar este mapa a Cuca Mod.
L 02/15/2025 - 23:26:55: [AMXX] Run time error 1 (plugin "cucarachas_main.amxx") - forced exit
L 02/15/2025 - 23:26:55: Called dynanative into a paused plugin.
L 02/15/2025 - 23:26:55: [AMXX] Run time error 10 (plugin "cucarachas_extras.amxx") (native "cm_register_extra_item") - debug not enabled!
L 02/15/2025 - 23:26:55: [AMXX] To enable debug mode, add "debug" after the plugin name in plugins.ini (without quotes).
L 02/15/2025 - 23:50:05: Start of error session.
L 02/15/2025 - 23:50:05: Info (map "de_aztec") (file "addons/amxmodx/logs/error_20250215.log")
L 02/15/2025 - 23:50:05: [AMXX] Plugin ("cucarachas_main.amxx") is setting itself as failed.
L 02/15/2025 - 23:50:05: [AMXX] Plugin says: Utiliza el Map Tool para adaptar este mapa a Cuca Mod.
L 02/15/2025 - 23:50:05: [AMXX] Run time error 1 (plugin "cucarachas_main.amxx") - forced exit
L 02/15/2025 - 23:50:05: Called dynanative into a paused plugin.
L 02/15/2025 - 23:50:05: [AMXX] Run time error 10 (plugin "cucarachas_extras.amxx") (native "cm_register_extra_item") - debug not enabled!
L 02/15/2025 - 23:50:05: [AMXX] To enable debug mode, add "debug" after the plugin name in plugins.ini (without quotes).
