L 01/10/2025 - 00:29:05: Start of error session.
L 01/10/2025 - 00:29:05: Info (map "de_dust2") (file "addons/amxmodx/logs/error_20250110.log")
L 01/10/2025 - 00:29:05: Invalid player id 0
L 01/10/2025 - 00:29:05: [AMXX] Run time error 10 (plugin "status_monitor.amxx") (native "get_user_info") - debug not enabled!
L 01/10/2025 - 00:29:05: [AMXX] To enable debug mode, add "debug" after the plugin name in plugins.ini (without quotes).
L 01/10/2025 - 00:32:35: Start of error session.
L 01/10/2025 - 00:32:35: Info (map "rubaka_2forts") (file "addons/amxmodx/logs/error_20250110.log")
L 01/10/2025 - 00:32:35: Invalid player id 0
L 01/10/2025 - 00:32:35: [AMXX] Run time error 10 (plugin "status_monitor.amxx") (native "get_user_info") - debug not enabled!
L 01/10/2025 - 00:32:35: [AMXX] To enable debug mode, add "debug" after the plugin name in plugins.ini (without quotes).
L 01/10/2025 - 00:32:35: Invalid player id 0
L 01/10/2025 - 00:32:35: [AMXX] Run time error 10 (plugin "status_monitor.amxx") (native "get_user_info") - debug not enabled!
L 01/10/2025 - 00:32:35: [AMXX] To enable debug mode, add "debug" after the plugin name in plugins.ini (without quotes).
L 01/10/2025 - 00:54:17: Start of error session.
L 01/10/2025 - 00:54:17: Info (map "35hp_gx") (file "addons/amxmodx/logs/error_20250110.log")
L 01/10/2025 - 00:54:17: Invalid player id 0
L 01/10/2025 - 00:54:17: [AMXX] Run time error 10 (plugin "status_monitor.amxx") (native "get_user_info") - debug not enabled!
L 01/10/2025 - 00:54:17: [AMXX] To enable debug mode, add "debug" after the plugin name in plugins.ini (without quotes).
L 01/10/2025 - 00:54:17: Invalid player id 0
L 01/10/2025 - 00:54:17: [AMXX] Run time error 10 (plugin "status_monitor.amxx") (native "get_user_info") - debug not enabled!
L 01/10/2025 - 00:54:17: [AMXX] To enable debug mode, add "debug" after the plugin name in plugins.ini (without quotes).
L 01/10/2025 - 00:57:53: Invalid player id 0
L 01/10/2025 - 00:57:53: [AMXX] Run time error 10 (plugin "status_monitor.amxx") (native "get_user_info") - debug not enabled!
L 01/10/2025 - 00:57:53: [AMXX] To enable debug mode, add "debug" after the plugin name in plugins.ini (without quotes).
L 01/10/2025 - 02:59:17: Start of error session.
L 01/10/2025 - 02:59:17: Info (map "de_chateau") (file "addons/amxmodx/logs/error_20250110.log")
L 01/10/2025 - 02:59:17: Invalid player id 0
L 01/10/2025 - 02:59:17: [AMXX] Run time error 10 (plugin "status_monitor.amxx") (native "get_user_info") - debug not enabled!
L 01/10/2025 - 02:59:17: [AMXX] To enable debug mode, add "debug" after the plugin name in plugins.ini (without quotes).
L 01/10/2025 - 03:00:44: Start of error session.
L 01/10/2025 - 03:00:44: Info (map "de_dust2") (file "addons/amxmodx/logs/error_20250110.log")
L 01/10/2025 - 03:00:44: Invalid player id 0
L 01/10/2025 - 03:00:44: [AMXX] Run time error 10 (plugin "status_monitor.amxx") (native "get_user_info") - debug not enabled!
L 01/10/2025 - 03:00:44: [AMXX] To enable debug mode, add "debug" after the plugin name in plugins.ini (without quotes).
L 01/10/2025 - 03:08:20: Start of error session.
L 01/10/2025 - 03:08:20: Info (map "de_dust2") (file "addons/amxmodx/logs/error_20250110.log")
L 01/10/2025 - 03:08:20: Invalid player id 0
L 01/10/2025 - 03:08:20: [AMXX] Run time error 10 (plugin "status_monitor.amxx") (native "get_user_info") - debug not enabled!
L 01/10/2025 - 03:08:20: [AMXX] To enable debug mode, add "debug" after the plugin name in plugins.ini (without quotes).
L 01/10/2025 - 03:09:33: Invalid player id 0
L 01/10/2025 - 03:09:33: [AMXX] Run time error 10 (plugin "status_monitor.amxx") (native "get_user_info") - debug not enabled!
L 01/10/2025 - 03:09:33: [AMXX] To enable debug mode, add "debug" after the plugin name in plugins.ini (without quotes).
L 01/10/2025 - 03:10:16: Invalid player id 0
L 01/10/2025 - 03:10:16: [AMXX] Run time error 10 (plugin "status_monitor.amxx") (native "get_user_info") - debug not enabled!
L 01/10/2025 - 03:10:16: [AMXX] To enable debug mode, add "debug" after the plugin name in plugins.ini (without quotes).
L 01/10/2025 - 03:12:25: Invalid player id 0
L 01/10/2025 - 03:12:25: [AMXX] Run time error 10 (plugin "status_monitor.amxx") (native "get_user_info") - debug not enabled!
L 01/10/2025 - 03:12:25: [AMXX] To enable debug mode, add "debug" after the plugin name in plugins.ini (without quotes).
L 01/10/2025 - 03:13:02: Invalid player id 0
L 01/10/2025 - 03:13:02: [AMXX] Run time error 10 (plugin "status_monitor.amxx") (native "get_user_info") - debug not enabled!
L 01/10/2025 - 03:13:02: [AMXX] To enable debug mode, add "debug" after the plugin name in plugins.ini (without quotes).
L 01/10/2025 - 03:13:46: Start of error session.
L 01/10/2025 - 03:13:46: Info (map "de_mon") (file "addons/amxmodx/logs/error_20250110.log")
L 01/10/2025 - 03:13:46: Invalid player id 0
L 01/10/2025 - 03:13:46: [AMXX] Run time error 10 (plugin "status_monitor.amxx") (native "get_user_info") - debug not enabled!
L 01/10/2025 - 03:13:46: [AMXX] To enable debug mode, add "debug" after the plugin name in plugins.ini (without quotes).
L 01/10/2025 - 03:13:59: Invalid player id 0
L 01/10/2025 - 03:13:59: [AMXX] Run time error 10 (plugin "status_monitor.amxx") (native "get_user_info") - debug not enabled!
L 01/10/2025 - 03:13:59: [AMXX] To enable debug mode, add "debug" after the plugin name in plugins.ini (without quotes).
L 01/10/2025 - 03:14:49: Invalid player id 0
L 01/10/2025 - 03:14:49: [AMXX] Run time error 10 (plugin "status_monitor.amxx") (native "get_user_info") - debug not enabled!
L 01/10/2025 - 03:14:49: [AMXX] To enable debug mode, add "debug" after the plugin name in plugins.ini (without quotes).
L 01/10/2025 - 03:21:55: Start of error session.
L 01/10/2025 - 03:21:55: Info (map "de_dust2") (file "addons/amxmodx/logs/error_20250110.log")
L 01/10/2025 - 03:21:55: Invalid player id 0
L 01/10/2025 - 03:21:55: [AMXX] Run time error 10 (plugin "status_monitor.amxx") (native "get_user_info") - debug not enabled!
L 01/10/2025 - 03:21:55: [AMXX] To enable debug mode, add "debug" after the plugin name in plugins.ini (without quotes).
L 01/10/2025 - 03:21:57: Invalid player id 0
L 01/10/2025 - 03:21:57: [AMXX] Run time error 10 (plugin "status_monitor.amxx") (native "get_user_info") - debug not enabled!
L 01/10/2025 - 03:21:57: [AMXX] To enable debug mode, add "debug" after the plugin name in plugins.ini (without quotes).
L 01/10/2025 - 03:22:12: Invalid player id 0
L 01/10/2025 - 03:22:12: [AMXX] Run time error 10 (plugin "status_monitor.amxx") (native "get_user_info") - debug not enabled!
L 01/10/2025 - 03:22:12: [AMXX] To enable debug mode, add "debug" after the plugin name in plugins.ini (without quotes).
L 01/10/2025 - 03:22:36: Start of error session.
L 01/10/2025 - 03:22:36: Info (map "de_dust2") (file "addons/amxmodx/logs/error_20250110.log")
L 01/10/2025 - 03:22:36: Invalid player id 0
L 01/10/2025 - 03:22:36: [AMXX] Run time error 10 (plugin "status_monitor.amxx") (native "get_user_info") - debug not enabled!
L 01/10/2025 - 03:22:36: [AMXX] To enable debug mode, add "debug" after the plugin name in plugins.ini (without quotes).
L 01/10/2025 - 03:22:37: Invalid player id 0
L 01/10/2025 - 03:22:37: [AMXX] Run time error 10 (plugin "status_monitor.amxx") (native "get_user_info") - debug not enabled!
L 01/10/2025 - 03:22:37: [AMXX] To enable debug mode, add "debug" after the plugin name in plugins.ini (without quotes).
L 01/10/2025 - 03:22:38: Invalid player id 0
L 01/10/2025 - 03:22:38: [AMXX] Run time error 10 (plugin "status_monitor.amxx") (native "get_user_info") - debug not enabled!
L 01/10/2025 - 03:22:38: [AMXX] To enable debug mode, add "debug" after the plugin name in plugins.ini (without quotes).
L 01/10/2025 - 03:23:51: Start of error session.
L 01/10/2025 - 03:23:51: Info (map "de_dust2") (file "addons/amxmodx/logs/error_20250110.log")
L 01/10/2025 - 03:23:51: Invalid player id 0
L 01/10/2025 - 03:23:51: [AMXX] Run time error 10 (plugin "status_monitor.amxx") (native "get_user_info") - debug not enabled!
L 01/10/2025 - 03:23:51: [AMXX] To enable debug mode, add "debug" after the plugin name in plugins.ini (without quotes).
L 01/10/2025 - 03:23:52: Invalid player id 0
L 01/10/2025 - 03:23:52: [AMXX] Run time error 10 (plugin "status_monitor.amxx") (native "get_user_info") - debug not enabled!
L 01/10/2025 - 03:23:52: [AMXX] To enable debug mode, add "debug" after the plugin name in plugins.ini (without quotes).
L 01/10/2025 - 03:24:14: Start of error session.
L 01/10/2025 - 03:24:14: Info (map "de_mon") (file "addons/amxmodx/logs/error_20250110.log")
L 01/10/2025 - 03:24:14: Invalid player id 0
L 01/10/2025 - 03:24:14: [AMXX] Run time error 10 (plugin "status_monitor.amxx") (native "get_user_info") - debug not enabled!
L 01/10/2025 - 03:24:14: [AMXX] To enable debug mode, add "debug" after the plugin name in plugins.ini (without quotes).
L 01/10/2025 - 03:24:15: Invalid player id 0
L 01/10/2025 - 03:24:15: [AMXX] Run time error 10 (plugin "status_monitor.amxx") (native "get_user_info") - debug not enabled!
L 01/10/2025 - 03:24:15: [AMXX] To enable debug mode, add "debug" after the plugin name in plugins.ini (without quotes).
L 01/10/2025 - 03:52:35: Start of error session.
L 01/10/2025 - 03:52:35: Info (map "as_oilrig") (file "addons/amxmodx/logs/error_20250110.log")
L 01/10/2025 - 03:52:35: Invalid player id 0
L 01/10/2025 - 03:52:35: [AMXX] Run time error 10 (plugin "status_monitor.amxx") (native "get_user_info") - debug not enabled!
L 01/10/2025 - 03:52:36: [AMXX] To enable debug mode, add "debug" after the plugin name in plugins.ini (without quotes).
L 01/10/2025 - 06:37:27: Start of error session.
L 01/10/2025 - 06:37:27: Info (map "rubaka_2forts") (file "addons/amxmodx/logs/error_20250110.log")
L 01/10/2025 - 06:37:27: Invalid player id 0
L 01/10/2025 - 06:37:27: [AMXX] Run time error 10 (plugin "status_monitor.amxx") (native "get_user_info") - debug not enabled!
L 01/10/2025 - 06:37:27: [AMXX] To enable debug mode, add "debug" after the plugin name in plugins.ini (without quotes).
L 01/10/2025 - 06:37:27: Invalid player id 0
L 01/10/2025 - 06:37:27: [AMXX] Run time error 10 (plugin "status_monitor.amxx") (native "get_user_info") - debug not enabled!
L 01/10/2025 - 06:37:27: [AMXX] To enable debug mode, add "debug" after the plugin name in plugins.ini (without quotes).
L 01/10/2025 - 06:59:13: Start of error session.
L 01/10/2025 - 06:59:13: Info (map "rubaka_arena") (file "addons/amxmodx/logs/error_20250110.log")
L 01/10/2025 - 06:59:13: Invalid player id 0
L 01/10/2025 - 06:59:13: [AMXX] Run time error 10 (plugin "status_monitor.amxx") (native "get_user_info") - debug not enabled!
L 01/10/2025 - 06:59:13: [AMXX] To enable debug mode, add "debug" after the plugin name in plugins.ini (without quotes).
L 01/10/2025 - 06:59:13: Invalid player id 0
L 01/10/2025 - 06:59:13: [AMXX] Run time error 10 (plugin "status_monitor.amxx") (native "get_user_info") - debug not enabled!
L 01/10/2025 - 06:59:13: [AMXX] To enable debug mode, add "debug" after the plugin name in plugins.ini (without quotes).
L 01/10/2025 - 07:16:11: Invalid player id 0
L 01/10/2025 - 07:16:11: [AMXX] Run time error 10 (plugin "status_monitor.amxx") (native "get_user_info") - debug not enabled!
L 01/10/2025 - 07:16:11: [AMXX] To enable debug mode, add "debug" after the plugin name in plugins.ini (without quotes).
L 01/10/2025 - 13:03:52: Start of error session.
L 01/10/2025 - 13:03:52: Info (map "rubaka_2forts") (file "addons/amxmodx/logs/error_20250110.log")
L 01/10/2025 - 13:03:52: Invalid player id 0
L 01/10/2025 - 13:03:52: [AMXX] Run time error 10 (plugin "status_monitor.amxx") (native "get_user_info") - debug not enabled!
L 01/10/2025 - 13:03:52: [AMXX] To enable debug mode, add "debug" after the plugin name in plugins.ini (without quotes).
L 01/10/2025 - 13:03:52: Invalid player id 0
L 01/10/2025 - 13:03:52: [AMXX] Run time error 10 (plugin "status_monitor.amxx") (native "get_user_info") - debug not enabled!
L 01/10/2025 - 13:03:52: [AMXX] To enable debug mode, add "debug" after the plugin name in plugins.ini (without quotes).
L 01/10/2025 - 13:25:35: Start of error session.
L 01/10/2025 - 13:25:35: Info (map "rubaka_orange_x") (file "addons/amxmodx/logs/error_20250110.log")
L 01/10/2025 - 13:25:35: Invalid player id 0
L 01/10/2025 - 13:25:35: [AMXX] Run time error 10 (plugin "status_monitor.amxx") (native "get_user_info") - debug not enabled!
L 01/10/2025 - 13:25:35: [AMXX] To enable debug mode, add "debug" after the plugin name in plugins.ini (without quotes).
L 01/10/2025 - 13:25:35: Invalid player id 0
L 01/10/2025 - 13:25:35: [AMXX] Run time error 10 (plugin "status_monitor.amxx") (native "get_user_info") - debug not enabled!
L 01/10/2025 - 13:25:35: [AMXX] To enable debug mode, add "debug" after the plugin name in plugins.ini (without quotes).
L 01/10/2025 - 15:53:17: Start of error session.
L 01/10/2025 - 15:53:17: Info (map "rubaka_2forts") (file "addons/amxmodx/logs/error_20250110.log")
L 01/10/2025 - 15:53:17: Invalid player id 0
L 01/10/2025 - 15:53:17: [AMXX] Run time error 10 (plugin "status_monitor.amxx") (native "get_user_info") - debug not enabled!
L 01/10/2025 - 15:53:17: [AMXX] To enable debug mode, add "debug" after the plugin name in plugins.ini (without quotes).
L 01/10/2025 - 15:53:17: Invalid player id 0
L 01/10/2025 - 15:53:17: [AMXX] Run time error 10 (plugin "status_monitor.amxx") (native "get_user_info") - debug not enabled!
L 01/10/2025 - 15:53:17: [AMXX] To enable debug mode, add "debug" after the plugin name in plugins.ini (without quotes).
L 01/10/2025 - 15:57:30: Invalid player id 0
L 01/10/2025 - 15:57:30: [AMXX] Run time error 10 (plugin "status_monitor.amxx") (native "get_user_info") - debug not enabled!
L 01/10/2025 - 15:57:30: [AMXX] To enable debug mode, add "debug" after the plugin name in plugins.ini (without quotes).
L 01/10/2025 - 15:57:55: Invalid player id 0
L 01/10/2025 - 15:57:55: [AMXX] Run time error 10 (plugin "status_monitor.amxx") (native "get_user_info") - debug not enabled!
L 01/10/2025 - 15:57:55: [AMXX] To enable debug mode, add "debug" after the plugin name in plugins.ini (without quotes).
L 01/10/2025 - 15:58:00: Invalid player id 0
L 01/10/2025 - 15:58:00: [AMXX] Run time error 10 (plugin "status_monitor.amxx") (native "get_user_info") - debug not enabled!
L 01/10/2025 - 15:58:00: [AMXX] To enable debug mode, add "debug" after the plugin name in plugins.ini (without quotes).
L 01/10/2025 - 15:58:23: Invalid player id 0
L 01/10/2025 - 15:58:23: [AMXX] Run time error 10 (plugin "status_monitor.amxx") (native "get_user_info") - debug not enabled!
L 01/10/2025 - 15:58:23: [AMXX] To enable debug mode, add "debug" after the plugin name in plugins.ini (without quotes).
L 01/10/2025 - 15:59:16: Start of error session.
L 01/10/2025 - 15:59:16: Info (map "de_mon") (file "addons/amxmodx/logs/error_20250110.log")
L 01/10/2025 - 15:59:16: Invalid player id 0
L 01/10/2025 - 15:59:16: [AMXX] Run time error 10 (plugin "status_monitor.amxx") (native "get_user_info") - debug not enabled!
L 01/10/2025 - 15:59:16: [AMXX] To enable debug mode, add "debug" after the plugin name in plugins.ini (without quotes).
L 01/10/2025 - 15:59:18: Invalid player id 0
L 01/10/2025 - 15:59:18: [AMXX] Run time error 10 (plugin "status_monitor.amxx") (native "get_user_info") - debug not enabled!
L 01/10/2025 - 15:59:18: [AMXX] To enable debug mode, add "debug" after the plugin name in plugins.ini (without quotes).
L 01/10/2025 - 15:59:21: Invalid player id 0
L 01/10/2025 - 15:59:21: [AMXX] Run time error 10 (plugin "status_monitor.amxx") (native "get_user_info") - debug not enabled!
L 01/10/2025 - 15:59:21: [AMXX] To enable debug mode, add "debug" after the plugin name in plugins.ini (without quotes).
L 01/10/2025 - 16:09:09: Invalid player id 0
L 01/10/2025 - 16:09:09: [AMXX] Run time error 10 (plugin "status_monitor.amxx") (native "get_user_info") - debug not enabled!
L 01/10/2025 - 16:09:09: [AMXX] To enable debug mode, add "debug" after the plugin name in plugins.ini (without quotes).
L 01/10/2025 - 16:10:04: Start of error session.
L 01/10/2025 - 16:10:04: Info (map "de_mon") (file "addons/amxmodx/logs/error_20250110.log")
L 01/10/2025 - 16:10:04: Invalid player id 0
L 01/10/2025 - 16:10:04: [AMXX] Run time error 10 (plugin "status_monitor.amxx") (native "get_user_info") - debug not enabled!
L 01/10/2025 - 16:10:04: [AMXX] To enable debug mode, add "debug" after the plugin name in plugins.ini (without quotes).
L 01/10/2025 - 16:10:05: Invalid player id 0
L 01/10/2025 - 16:10:05: [AMXX] Run time error 10 (plugin "status_monitor.amxx") (native "get_user_info") - debug not enabled!
L 01/10/2025 - 16:10:05: [AMXX] To enable debug mode, add "debug" after the plugin name in plugins.ini (without quotes).
L 01/10/2025 - 16:10:06: Invalid player id 0
L 01/10/2025 - 16:10:06: [AMXX] Run time error 10 (plugin "status_monitor.amxx") (native "get_user_info") - debug not enabled!
L 01/10/2025 - 16:10:06: [AMXX] To enable debug mode, add "debug" after the plugin name in plugins.ini (without quotes).
L 01/10/2025 - 16:10:08: Invalid player id 0
L 01/10/2025 - 16:10:08: [AMXX] Run time error 10 (plugin "status_monitor.amxx") (native "get_user_info") - debug not enabled!
L 01/10/2025 - 16:10:08: [AMXX] To enable debug mode, add "debug" after the plugin name in plugins.ini (without quotes).
L 01/10/2025 - 16:10:23: Start of error session.
L 01/10/2025 - 16:10:23: Info (map "de_mon") (file "addons/amxmodx/logs/error_20250110.log")
L 01/10/2025 - 16:10:23: Invalid player id 0
L 01/10/2025 - 16:10:23: [AMXX] Run time error 10 (plugin "status_monitor.amxx") (native "get_user_info") - debug not enabled!
L 01/10/2025 - 16:10:23: [AMXX] To enable debug mode, add "debug" after the plugin name in plugins.ini (without quotes).
L 01/10/2025 - 16:10:24: Invalid player id 0
L 01/10/2025 - 16:10:24: [AMXX] Run time error 10 (plugin "status_monitor.amxx") (native "get_user_info") - debug not enabled!
L 01/10/2025 - 16:10:24: [AMXX] To enable debug mode, add "debug" after the plugin name in plugins.ini (without quotes).
L 01/10/2025 - 16:10:27: Invalid player id 0
L 01/10/2025 - 16:10:27: [AMXX] Run time error 10 (plugin "status_monitor.amxx") (native "get_user_info") - debug not enabled!
L 01/10/2025 - 16:10:27: [AMXX] To enable debug mode, add "debug" after the plugin name in plugins.ini (without quotes).
L 01/10/2025 - 16:10:52: Invalid player id 0
L 01/10/2025 - 16:10:52: [AMXX] Run time error 10 (plugin "status_monitor.amxx") (native "get_user_info") - debug not enabled!
L 01/10/2025 - 16:10:52: [AMXX] To enable debug mode, add "debug" after the plugin name in plugins.ini (without quotes).
L 01/10/2025 - 16:13:34: Start of error session.
L 01/10/2025 - 16:13:34: Info (map "de_aztec") (file "addons/amxmodx/logs/error_20250110.log")
L 01/10/2025 - 16:13:34: Invalid player id 0
L 01/10/2025 - 16:13:34: [AMXX] Run time error 10 (plugin "status_monitor.amxx") (native "get_user_info") - debug not enabled!
L 01/10/2025 - 16:13:34: [AMXX] To enable debug mode, add "debug" after the plugin name in plugins.ini (without quotes).
L 01/10/2025 - 16:13:34: Invalid player id 0
L 01/10/2025 - 16:13:34: [AMXX] Run time error 10 (plugin "status_monitor.amxx") (native "get_user_info") - debug not enabled!
L 01/10/2025 - 16:13:34: [AMXX] To enable debug mode, add "debug" after the plugin name in plugins.ini (without quotes).
L 01/10/2025 - 16:13:36: Invalid player id 0
L 01/10/2025 - 16:13:36: [AMXX] Run time error 10 (plugin "status_monitor.amxx") (native "get_user_info") - debug not enabled!
L 01/10/2025 - 16:13:36: [AMXX] To enable debug mode, add "debug" after the plugin name in plugins.ini (without quotes).
L 01/10/2025 - 16:13:40: Invalid player id 0
L 01/10/2025 - 16:13:40: [AMXX] Run time error 10 (plugin "status_monitor.amxx") (native "get_user_info") - debug not enabled!
L 01/10/2025 - 16:13:40: [AMXX] To enable debug mode, add "debug" after the plugin name in plugins.ini (without quotes).
L 01/10/2025 - 16:16:37: Invalid player id 0
L 01/10/2025 - 16:16:37: [AMXX] Run time error 10 (plugin "status_monitor.amxx") (native "get_user_info") - debug not enabled!
L 01/10/2025 - 16:16:37: [AMXX] To enable debug mode, add "debug" after the plugin name in plugins.ini (without quotes).
L 01/10/2025 - 16:18:04: Invalid player id 0
L 01/10/2025 - 16:18:04: [AMXX] Run time error 10 (plugin "status_monitor.amxx") (native "get_user_info") - debug not enabled!
L 01/10/2025 - 16:18:04: [AMXX] To enable debug mode, add "debug" after the plugin name in plugins.ini (without quotes).
L 01/10/2025 - 16:18:52: Invalid player id 0
L 01/10/2025 - 16:18:52: [AMXX] Run time error 10 (plugin "status_monitor.amxx") (native "get_user_info") - debug not enabled!
L 01/10/2025 - 16:18:52: [AMXX] To enable debug mode, add "debug" after the plugin name in plugins.ini (without quotes).
L 01/10/2025 - 18:04:16: Start of error session.
L 01/10/2025 - 18:04:16: Info (map "kz_arsacid") (file "addons/amxmodx/logs/error_20250110.log")
L 01/10/2025 - 18:04:16: Invalid player id 0
L 01/10/2025 - 18:04:16: [AMXX] Run time error 10 (plugin "status_monitor.amxx") (native "get_user_info") - debug not enabled!
L 01/10/2025 - 18:04:16: [AMXX] To enable debug mode, add "debug" after the plugin name in plugins.ini (without quotes).
L 01/10/2025 - 18:24:25: Start of error session.
L 01/10/2025 - 18:24:25: Info (map "bkz_goldbhop") (file "addons/amxmodx/logs/error_20250110.log")
L 01/10/2025 - 18:24:25: Invalid player id 0
L 01/10/2025 - 18:24:25: [AMXX] Run time error 10 (plugin "status_monitor.amxx") (native "get_user_info") - debug not enabled!
L 01/10/2025 - 18:24:25: [AMXX] To enable debug mode, add "debug" after the plugin name in plugins.ini (without quotes).
L 01/10/2025 - 18:44:35: Start of error session.
L 01/10/2025 - 18:44:35: Info (map "kz_xj_brickjump") (file "addons/amxmodx/logs/error_20250110.log")
L 01/10/2025 - 18:44:35: Invalid player id 0
L 01/10/2025 - 18:44:35: [AMXX] Run time error 10 (plugin "status_monitor.amxx") (native "get_user_info") - debug not enabled!
L 01/10/2025 - 18:44:35: [AMXX] To enable debug mode, add "debug" after the plugin name in plugins.ini (without quotes).
