L 02/06/2025 - 00:04:20: Start of error session.
L 02/06/2025 - 00:04:20: Info (map "rubaka_2forts") (file "addons/amxmodx/logs/error_20250206.log")
L 02/06/2025 - 00:04:20: [AMXX] Plugin ("cucarachas_main.amxx") is setting itself as failed.
L 02/06/2025 - 00:04:20: [AMXX] Plugin says: Utiliza el Map Tool para adaptar este mapa a Cuca Mod.
L 02/06/2025 - 00:04:20: [AMXX] Run time error 1 (plugin "cucarachas_main.amxx") - forced exit
L 02/06/2025 - 00:04:20: Called dynanative into a paused plugin.
L 02/06/2025 - 00:04:20: [AMXX] Run time error 10 (plugin "cucarachas_extras.amxx") (native "cm_register_extra_item") - debug not enabled!
L 02/06/2025 - 00:04:20: [AMXX] To enable debug mode, add "debug" after the plugin name in plugins.ini (without quotes).
L 02/06/2025 - 00:26:03: Start of error session.
L 02/06/2025 - 00:26:03: Info (map "35hp_gx") (file "addons/amxmodx/logs/error_20250206.log")
L 02/06/2025 - 00:26:03: [AMXX] Plugin ("cucarachas_main.amxx") is setting itself as failed.
L 02/06/2025 - 00:26:03: [AMXX] Plugin says: Utiliza el Map Tool para adaptar este mapa a Cuca Mod.
L 02/06/2025 - 00:26:03: [AMXX] Run time error 1 (plugin "cucarachas_main.amxx") - forced exit
L 02/06/2025 - 00:26:03: Called dynanative into a paused plugin.
L 02/06/2025 - 00:26:03: [AMXX] Run time error 10 (plugin "cucarachas_extras.amxx") (native "cm_register_extra_item") - debug not enabled!
L 02/06/2025 - 00:26:03: [AMXX] To enable debug mode, add "debug" after the plugin name in plugins.ini (without quotes).
L 02/06/2025 - 00:47:46: Start of error session.
L 02/06/2025 - 00:47:46: Info (map "as_oilrig") (file "addons/amxmodx/logs/error_20250206.log")
L 02/06/2025 - 00:47:46: [AMXX] Plugin ("cucarachas_main.amxx") is setting itself as failed.
L 02/06/2025 - 00:47:46: [AMXX] Plugin says: Utiliza el Map Tool para adaptar este mapa a Cuca Mod.
L 02/06/2025 - 00:47:46: [AMXX] Run time error 1 (plugin "cucarachas_main.amxx") - forced exit
L 02/06/2025 - 00:47:46: Called dynanative into a paused plugin.
L 02/06/2025 - 00:47:46: [AMXX] Run time error 10 (plugin "cucarachas_extras.amxx") (native "cm_register_extra_item") - debug not enabled!
L 02/06/2025 - 00:47:46: [AMXX] To enable debug mode, add "debug" after the plugin name in plugins.ini (without quotes).
L 02/06/2025 - 01:12:56: Start of error session.
L 02/06/2025 - 01:12:56: Info (map "as_crazytank3") (file "addons/amxmodx/logs/error_20250206.log")
L 02/06/2025 - 01:12:56: [AMXX] Plugin ("cucarachas_main.amxx") is setting itself as failed.
L 02/06/2025 - 01:12:56: [AMXX] Plugin says: Utiliza el Map Tool para adaptar este mapa a Cuca Mod.
L 02/06/2025 - 01:12:56: [AMXX] Run time error 1 (plugin "cucarachas_main.amxx") - forced exit
L 02/06/2025 - 01:12:56: Called dynanative into a paused plugin.
L 02/06/2025 - 01:12:56: [AMXX] Run time error 10 (plugin "cucarachas_extras.amxx") (native "cm_register_extra_item") - debug not enabled!
L 02/06/2025 - 01:12:56: [AMXX] To enable debug mode, add "debug" after the plugin name in plugins.ini (without quotes).
L 02/06/2025 - 01:38:06: Start of error session.
L 02/06/2025 - 01:38:06: Info (map "as_oilrig") (file "addons/amxmodx/logs/error_20250206.log")
L 02/06/2025 - 01:38:06: [AMXX] Plugin ("cucarachas_main.amxx") is setting itself as failed.
L 02/06/2025 - 01:38:06: [AMXX] Plugin says: Utiliza el Map Tool para adaptar este mapa a Cuca Mod.
L 02/06/2025 - 01:38:06: [AMXX] Run time error 1 (plugin "cucarachas_main.amxx") - forced exit
L 02/06/2025 - 01:38:06: Called dynanative into a paused plugin.
L 02/06/2025 - 01:38:06: [AMXX] Run time error 10 (plugin "cucarachas_extras.amxx") (native "cm_register_extra_item") - debug not enabled!
L 02/06/2025 - 01:38:06: [AMXX] To enable debug mode, add "debug" after the plugin name in plugins.ini (without quotes).
L 02/06/2025 - 02:03:16: Start of error session.
L 02/06/2025 - 02:03:16: Info (map "cs_estate") (file "addons/amxmodx/logs/error_20250206.log")
L 02/06/2025 - 02:03:16: [AMXX] Plugin ("cucarachas_main.amxx") is setting itself as failed.
L 02/06/2025 - 02:03:16: [AMXX] Plugin says: Utiliza el Map Tool para adaptar este mapa a Cuca Mod.
L 02/06/2025 - 02:03:16: [AMXX] Run time error 1 (plugin "cucarachas_main.amxx") - forced exit
L 02/06/2025 - 02:03:16: Called dynanative into a paused plugin.
L 02/06/2025 - 02:03:16: [AMXX] Run time error 10 (plugin "cucarachas_extras.amxx") (native "cm_register_extra_item") - debug not enabled!
L 02/06/2025 - 02:03:16: [AMXX] To enable debug mode, add "debug" after the plugin name in plugins.ini (without quotes).
L 02/06/2025 - 02:20:26: Start of error session.
L 02/06/2025 - 02:20:26: Info (map "de_dust") (file "addons/amxmodx/logs/error_20250206.log")
L 02/06/2025 - 02:20:26: [AMXX] Plugin ("cucarachas_main.amxx") is setting itself as failed.
L 02/06/2025 - 02:20:26: [AMXX] Plugin says: Utiliza el Map Tool para adaptar este mapa a Cuca Mod.
L 02/06/2025 - 02:20:26: [AMXX] Run time error 1 (plugin "cucarachas_main.amxx") - forced exit
L 02/06/2025 - 02:20:26: Called dynanative into a paused plugin.
L 02/06/2025 - 02:20:26: [AMXX] Run time error 10 (plugin "cucarachas_extras.amxx") (native "cm_register_extra_item") - debug not enabled!
L 02/06/2025 - 02:20:26: [AMXX] To enable debug mode, add "debug" after the plugin name in plugins.ini (without quotes).
L 02/06/2025 - 02:37:36: Start of error session.
L 02/06/2025 - 02:37:36: Info (map "rubaka_2forts") (file "addons/amxmodx/logs/error_20250206.log")
L 02/06/2025 - 02:37:36: [AMXX] Plugin ("cucarachas_main.amxx") is setting itself as failed.
L 02/06/2025 - 02:37:36: [AMXX] Plugin says: Utiliza el Map Tool para adaptar este mapa a Cuca Mod.
L 02/06/2025 - 02:37:36: [AMXX] Run time error 1 (plugin "cucarachas_main.amxx") - forced exit
L 02/06/2025 - 02:37:36: Called dynanative into a paused plugin.
L 02/06/2025 - 02:37:36: [AMXX] Run time error 10 (plugin "cucarachas_extras.amxx") (native "cm_register_extra_item") - debug not enabled!
L 02/06/2025 - 02:37:36: [AMXX] To enable debug mode, add "debug" after the plugin name in plugins.ini (without quotes).
L 02/06/2025 - 02:59:19: Start of error session.
L 02/06/2025 - 02:59:19: Info (map "35hp_gx") (file "addons/amxmodx/logs/error_20250206.log")
L 02/06/2025 - 02:59:19: [AMXX] Plugin ("cucarachas_main.amxx") is setting itself as failed.
L 02/06/2025 - 02:59:19: [AMXX] Plugin says: Utiliza el Map Tool para adaptar este mapa a Cuca Mod.
L 02/06/2025 - 02:59:19: [AMXX] Run time error 1 (plugin "cucarachas_main.amxx") - forced exit
L 02/06/2025 - 02:59:19: Called dynanative into a paused plugin.
L 02/06/2025 - 02:59:19: [AMXX] Run time error 10 (plugin "cucarachas_extras.amxx") (native "cm_register_extra_item") - debug not enabled!
L 02/06/2025 - 02:59:19: [AMXX] To enable debug mode, add "debug" after the plugin name in plugins.ini (without quotes).
L 02/06/2025 - 03:21:02: Start of error session.
L 02/06/2025 - 03:21:02: Info (map "zm_ice_attack") (file "addons/amxmodx/logs/error_20250206.log")
L 02/06/2025 - 03:21:02: [AMXX] Plugin ("cucarachas_main.amxx") is setting itself as failed.
L 02/06/2025 - 03:21:02: [AMXX] Plugin says: Utiliza el Map Tool para adaptar este mapa a Cuca Mod.
L 02/06/2025 - 03:21:02: [AMXX] Run time error 1 (plugin "cucarachas_main.amxx") - forced exit
L 02/06/2025 - 03:21:02: Called dynanative into a paused plugin.
L 02/06/2025 - 03:21:02: [AMXX] Run time error 10 (plugin "cucarachas_extras.amxx") (native "cm_register_extra_item") - debug not enabled!
L 02/06/2025 - 03:21:02: [AMXX] To enable debug mode, add "debug" after the plugin name in plugins.ini (without quotes).
L 02/06/2025 - 03:42:12: Start of error session.
L 02/06/2025 - 03:42:12: Info (map "zm_toronto") (file "addons/amxmodx/logs/error_20250206.log")
L 02/06/2025 - 03:42:12: [AMXX] Plugin ("cucarachas_main.amxx") is setting itself as failed.
L 02/06/2025 - 03:42:12: [AMXX] Plugin says: Utiliza el Map Tool para adaptar este mapa a Cuca Mod.
L 02/06/2025 - 03:42:12: [AMXX] Run time error 1 (plugin "cucarachas_main.amxx") - forced exit
L 02/06/2025 - 03:42:12: Called dynanative into a paused plugin.
L 02/06/2025 - 03:42:12: [AMXX] Run time error 10 (plugin "cucarachas_extras.amxx") (native "cm_register_extra_item") - debug not enabled!
L 02/06/2025 - 03:42:12: [AMXX] To enable debug mode, add "debug" after the plugin name in plugins.ini (without quotes).
L 02/06/2025 - 04:03:22: Start of error session.
L 02/06/2025 - 04:03:22: Info (map "zm_ice_attack") (file "addons/amxmodx/logs/error_20250206.log")
L 02/06/2025 - 04:03:22: [AMXX] Plugin ("cucarachas_main.amxx") is setting itself as failed.
L 02/06/2025 - 04:03:22: [AMXX] Plugin says: Utiliza el Map Tool para adaptar este mapa a Cuca Mod.
L 02/06/2025 - 04:03:22: [AMXX] Run time error 1 (plugin "cucarachas_main.amxx") - forced exit
L 02/06/2025 - 04:03:22: Called dynanative into a paused plugin.
L 02/06/2025 - 04:03:22: [AMXX] Run time error 10 (plugin "cucarachas_extras.amxx") (native "cm_register_extra_item") - debug not enabled!
L 02/06/2025 - 04:03:22: [AMXX] To enable debug mode, add "debug" after the plugin name in plugins.ini (without quotes).
L 02/06/2025 - 04:24:33: Start of error session.
L 02/06/2025 - 04:24:33: Info (map "de_dust2") (file "addons/amxmodx/logs/error_20250206.log")
L 02/06/2025 - 04:24:33: [AMXX] Plugin ("cucarachas_main.amxx") is setting itself as failed.
L 02/06/2025 - 04:24:33: [AMXX] Plugin says: Utiliza el Map Tool para adaptar este mapa a Cuca Mod.
L 02/06/2025 - 04:24:33: [AMXX] Run time error 1 (plugin "cucarachas_main.amxx") - forced exit
L 02/06/2025 - 04:24:33: Called dynanative into a paused plugin.
L 02/06/2025 - 04:24:33: [AMXX] Run time error 10 (plugin "cucarachas_extras.amxx") (native "cm_register_extra_item") - debug not enabled!
L 02/06/2025 - 04:24:33: [AMXX] To enable debug mode, add "debug" after the plugin name in plugins.ini (without quotes).
L 02/06/2025 - 04:47:43: Start of error session.
L 02/06/2025 - 04:47:43: Info (map "de_aztec") (file "addons/amxmodx/logs/error_20250206.log")
L 02/06/2025 - 04:47:43: [AMXX] Plugin ("cucarachas_main.amxx") is setting itself as failed.
L 02/06/2025 - 04:47:43: [AMXX] Plugin says: Utiliza el Map Tool para adaptar este mapa a Cuca Mod.
L 02/06/2025 - 04:47:43: [AMXX] Run time error 1 (plugin "cucarachas_main.amxx") - forced exit
L 02/06/2025 - 04:47:43: Called dynanative into a paused plugin.
L 02/06/2025 - 04:47:43: [AMXX] Run time error 10 (plugin "cucarachas_extras.amxx") (native "cm_register_extra_item") - debug not enabled!
L 02/06/2025 - 04:47:43: [AMXX] To enable debug mode, add "debug" after the plugin name in plugins.ini (without quotes).
L 02/06/2025 - 05:10:53: Start of error session.
L 02/06/2025 - 05:10:53: Info (map "rubaka_2forts") (file "addons/amxmodx/logs/error_20250206.log")
L 02/06/2025 - 05:10:53: [AMXX] Plugin ("cucarachas_main.amxx") is setting itself as failed.
L 02/06/2025 - 05:10:53: [AMXX] Plugin says: Utiliza el Map Tool para adaptar este mapa a Cuca Mod.
L 02/06/2025 - 05:10:53: [AMXX] Run time error 1 (plugin "cucarachas_main.amxx") - forced exit
L 02/06/2025 - 05:10:53: Called dynanative into a paused plugin.
L 02/06/2025 - 05:10:53: [AMXX] Run time error 10 (plugin "cucarachas_extras.amxx") (native "cm_register_extra_item") - debug not enabled!
L 02/06/2025 - 05:10:53: [AMXX] To enable debug mode, add "debug" after the plugin name in plugins.ini (without quotes).
L 02/06/2025 - 05:32:35: Start of error session.
L 02/06/2025 - 05:32:35: Info (map "35hp_gx") (file "addons/amxmodx/logs/error_20250206.log")
L 02/06/2025 - 05:32:35: [AMXX] Plugin ("cucarachas_main.amxx") is setting itself as failed.
L 02/06/2025 - 05:32:35: [AMXX] Plugin says: Utiliza el Map Tool para adaptar este mapa a Cuca Mod.
L 02/06/2025 - 05:32:35: [AMXX] Run time error 1 (plugin "cucarachas_main.amxx") - forced exit
L 02/06/2025 - 05:32:35: Called dynanative into a paused plugin.
L 02/06/2025 - 05:32:35: [AMXX] Run time error 10 (plugin "cucarachas_extras.amxx") (native "cm_register_extra_item") - debug not enabled!
L 02/06/2025 - 05:32:35: [AMXX] To enable debug mode, add "debug" after the plugin name in plugins.ini (without quotes).
L 02/06/2025 - 05:54:18: Start of error session.
L 02/06/2025 - 05:54:18: Info (map "de_dust2") (file "addons/amxmodx/logs/error_20250206.log")
L 02/06/2025 - 05:54:18: [AMXX] Plugin ("cucarachas_main.amxx") is setting itself as failed.
L 02/06/2025 - 05:54:18: [AMXX] Plugin says: Utiliza el Map Tool para adaptar este mapa a Cuca Mod.
L 02/06/2025 - 05:54:18: [AMXX] Run time error 1 (plugin "cucarachas_main.amxx") - forced exit
L 02/06/2025 - 05:54:18: Called dynanative into a paused plugin.
L 02/06/2025 - 05:54:18: [AMXX] Run time error 10 (plugin "cucarachas_extras.amxx") (native "cm_register_extra_item") - debug not enabled!
L 02/06/2025 - 05:54:18: [AMXX] To enable debug mode, add "debug" after the plugin name in plugins.ini (without quotes).
L 02/06/2025 - 06:14:28: Start of error session.
L 02/06/2025 - 06:14:28: Info (map "de_inferno") (file "addons/amxmodx/logs/error_20250206.log")
L 02/06/2025 - 06:14:28: [AMXX] Plugin ("cucarachas_main.amxx") is setting itself as failed.
L 02/06/2025 - 06:14:28: [AMXX] Plugin says: Utiliza el Map Tool para adaptar este mapa a Cuca Mod.
L 02/06/2025 - 06:14:28: [AMXX] Run time error 1 (plugin "cucarachas_main.amxx") - forced exit
L 02/06/2025 - 06:14:28: Called dynanative into a paused plugin.
L 02/06/2025 - 06:14:28: [AMXX] Run time error 10 (plugin "cucarachas_extras.amxx") (native "cm_register_extra_item") - debug not enabled!
L 02/06/2025 - 06:14:28: [AMXX] To enable debug mode, add "debug" after the plugin name in plugins.ini (without quotes).
L 02/06/2025 - 06:34:38: Start of error session.
L 02/06/2025 - 06:34:38: Info (map "de_dust2") (file "addons/amxmodx/logs/error_20250206.log")
L 02/06/2025 - 06:34:38: [AMXX] Plugin ("cucarachas_main.amxx") is setting itself as failed.
L 02/06/2025 - 06:34:38: [AMXX] Plugin says: Utiliza el Map Tool para adaptar este mapa a Cuca Mod.
L 02/06/2025 - 06:34:38: [AMXX] Run time error 1 (plugin "cucarachas_main.amxx") - forced exit
L 02/06/2025 - 06:34:38: Called dynanative into a paused plugin.
L 02/06/2025 - 06:34:38: [AMXX] Run time error 10 (plugin "cucarachas_extras.amxx") (native "cm_register_extra_item") - debug not enabled!
L 02/06/2025 - 06:34:38: [AMXX] To enable debug mode, add "debug" after the plugin name in plugins.ini (without quotes).
L 02/06/2025 - 06:54:48: Start of error session.
L 02/06/2025 - 06:54:48: Info (map "zm_ice_attack") (file "addons/amxmodx/logs/error_20250206.log")
L 02/06/2025 - 06:54:48: [AMXX] Plugin ("cucarachas_main.amxx") is setting itself as failed.
L 02/06/2025 - 06:54:48: [AMXX] Plugin says: Utiliza el Map Tool para adaptar este mapa a Cuca Mod.
L 02/06/2025 - 06:54:48: [AMXX] Run time error 1 (plugin "cucarachas_main.amxx") - forced exit
L 02/06/2025 - 06:54:48: Called dynanative into a paused plugin.
L 02/06/2025 - 06:54:48: [AMXX] Run time error 10 (plugin "cucarachas_extras.amxx") (native "cm_register_extra_item") - debug not enabled!
L 02/06/2025 - 06:54:48: [AMXX] To enable debug mode, add "debug" after the plugin name in plugins.ini (without quotes).
L 02/06/2025 - 07:15:59: Start of error session.
L 02/06/2025 - 07:15:59: Info (map "zm_toronto") (file "addons/amxmodx/logs/error_20250206.log")
L 02/06/2025 - 07:15:59: [AMXX] Plugin ("cucarachas_main.amxx") is setting itself as failed.
L 02/06/2025 - 07:15:59: [AMXX] Plugin says: Utiliza el Map Tool para adaptar este mapa a Cuca Mod.
L 02/06/2025 - 07:15:59: [AMXX] Run time error 1 (plugin "cucarachas_main.amxx") - forced exit
L 02/06/2025 - 07:15:59: Called dynanative into a paused plugin.
L 02/06/2025 - 07:15:59: [AMXX] Run time error 10 (plugin "cucarachas_extras.amxx") (native "cm_register_extra_item") - debug not enabled!
L 02/06/2025 - 07:15:59: [AMXX] To enable debug mode, add "debug" after the plugin name in plugins.ini (without quotes).
L 02/06/2025 - 07:37:09: Start of error session.
L 02/06/2025 - 07:37:09: Info (map "zm_ice_attack") (file "addons/amxmodx/logs/error_20250206.log")
L 02/06/2025 - 07:37:09: [AMXX] Plugin ("cucarachas_main.amxx") is setting itself as failed.
L 02/06/2025 - 07:37:09: [AMXX] Plugin says: Utiliza el Map Tool para adaptar este mapa a Cuca Mod.
L 02/06/2025 - 07:37:09: [AMXX] Run time error 1 (plugin "cucarachas_main.amxx") - forced exit
L 02/06/2025 - 07:37:09: Called dynanative into a paused plugin.
L 02/06/2025 - 07:37:09: [AMXX] Run time error 10 (plugin "cucarachas_extras.amxx") (native "cm_register_extra_item") - debug not enabled!
L 02/06/2025 - 07:37:09: [AMXX] To enable debug mode, add "debug" after the plugin name in plugins.ini (without quotes).
L 02/06/2025 - 07:58:19: Start of error session.
L 02/06/2025 - 07:58:19: Info (map "de_dust2") (file "addons/amxmodx/logs/error_20250206.log")
L 02/06/2025 - 07:58:19: [AMXX] Plugin ("cucarachas_main.amxx") is setting itself as failed.
L 02/06/2025 - 07:58:19: [AMXX] Plugin says: Utiliza el Map Tool para adaptar este mapa a Cuca Mod.
L 02/06/2025 - 07:58:19: [AMXX] Run time error 1 (plugin "cucarachas_main.amxx") - forced exit
L 02/06/2025 - 07:58:19: Called dynanative into a paused plugin.
L 02/06/2025 - 07:58:19: [AMXX] Run time error 10 (plugin "cucarachas_extras.amxx") (native "cm_register_extra_item") - debug not enabled!
L 02/06/2025 - 07:58:19: [AMXX] To enable debug mode, add "debug" after the plugin name in plugins.ini (without quotes).
L 02/06/2025 - 08:18:29: Start of error session.
L 02/06/2025 - 08:18:29: Info (map "de_inferno") (file "addons/amxmodx/logs/error_20250206.log")
L 02/06/2025 - 08:18:29: [AMXX] Plugin ("cucarachas_main.amxx") is setting itself as failed.
L 02/06/2025 - 08:18:29: [AMXX] Plugin says: Utiliza el Map Tool para adaptar este mapa a Cuca Mod.
L 02/06/2025 - 08:18:29: [AMXX] Run time error 1 (plugin "cucarachas_main.amxx") - forced exit
L 02/06/2025 - 08:18:29: Called dynanative into a paused plugin.
L 02/06/2025 - 08:18:29: [AMXX] Run time error 10 (plugin "cucarachas_extras.amxx") (native "cm_register_extra_item") - debug not enabled!
L 02/06/2025 - 08:18:29: [AMXX] To enable debug mode, add "debug" after the plugin name in plugins.ini (without quotes).
L 02/06/2025 - 08:38:39: Start of error session.
L 02/06/2025 - 08:38:39: Info (map "de_dust2") (file "addons/amxmodx/logs/error_20250206.log")
L 02/06/2025 - 08:38:39: [AMXX] Plugin ("cucarachas_main.amxx") is setting itself as failed.
L 02/06/2025 - 08:38:39: [AMXX] Plugin says: Utiliza el Map Tool para adaptar este mapa a Cuca Mod.
L 02/06/2025 - 08:38:39: [AMXX] Run time error 1 (plugin "cucarachas_main.amxx") - forced exit
L 02/06/2025 - 08:38:39: Called dynanative into a paused plugin.
L 02/06/2025 - 08:38:39: [AMXX] Run time error 10 (plugin "cucarachas_extras.amxx") (native "cm_register_extra_item") - debug not enabled!
L 02/06/2025 - 08:38:39: [AMXX] To enable debug mode, add "debug" after the plugin name in plugins.ini (without quotes).
L 02/06/2025 - 08:58:49: Start of error session.
L 02/06/2025 - 08:58:49: Info (map "de_dust2") (file "addons/amxmodx/logs/error_20250206.log")
L 02/06/2025 - 08:58:49: [AMXX] Plugin ("cucarachas_main.amxx") is setting itself as failed.
L 02/06/2025 - 08:58:49: [AMXX] Plugin says: Utiliza el Map Tool para adaptar este mapa a Cuca Mod.
L 02/06/2025 - 08:58:49: [AMXX] Run time error 1 (plugin "cucarachas_main.amxx") - forced exit
L 02/06/2025 - 08:58:49: Called dynanative into a paused plugin.
L 02/06/2025 - 08:58:49: [AMXX] Run time error 10 (plugin "cucarachas_extras.amxx") (native "cm_register_extra_item") - debug not enabled!
L 02/06/2025 - 08:58:49: [AMXX] To enable debug mode, add "debug" after the plugin name in plugins.ini (without quotes).
L 02/06/2025 - 09:21:59: Start of error session.
L 02/06/2025 - 09:21:59: Info (map "de_aztec") (file "addons/amxmodx/logs/error_20250206.log")
L 02/06/2025 - 09:21:59: [AMXX] Plugin ("cucarachas_main.amxx") is setting itself as failed.
L 02/06/2025 - 09:21:59: [AMXX] Plugin says: Utiliza el Map Tool para adaptar este mapa a Cuca Mod.
L 02/06/2025 - 09:21:59: [AMXX] Run time error 1 (plugin "cucarachas_main.amxx") - forced exit
L 02/06/2025 - 09:21:59: Called dynanative into a paused plugin.
L 02/06/2025 - 09:21:59: [AMXX] Run time error 10 (plugin "cucarachas_extras.amxx") (native "cm_register_extra_item") - debug not enabled!
L 02/06/2025 - 09:21:59: [AMXX] To enable debug mode, add "debug" after the plugin name in plugins.ini (without quotes).
L 02/06/2025 - 09:45:09: Start of error session.
L 02/06/2025 - 09:45:09: Info (map "de_dust2") (file "addons/amxmodx/logs/error_20250206.log")
L 02/06/2025 - 09:45:09: [AMXX] Plugin ("cucarachas_main.amxx") is setting itself as failed.
L 02/06/2025 - 09:45:09: [AMXX] Plugin says: Utiliza el Map Tool para adaptar este mapa a Cuca Mod.
L 02/06/2025 - 09:45:09: [AMXX] Run time error 1 (plugin "cucarachas_main.amxx") - forced exit
L 02/06/2025 - 09:45:09: Called dynanative into a paused plugin.
L 02/06/2025 - 09:45:09: [AMXX] Run time error 10 (plugin "cucarachas_extras.amxx") (native "cm_register_extra_item") - debug not enabled!
L 02/06/2025 - 09:45:09: [AMXX] To enable debug mode, add "debug" after the plugin name in plugins.ini (without quotes).
L 02/06/2025 - 10:08:20: Start of error session.
L 02/06/2025 - 10:08:20: Info (map "de_aztec") (file "addons/amxmodx/logs/error_20250206.log")
L 02/06/2025 - 10:08:20: [AMXX] Plugin ("cucarachas_main.amxx") is setting itself as failed.
L 02/06/2025 - 10:08:20: [AMXX] Plugin says: Utiliza el Map Tool para adaptar este mapa a Cuca Mod.
L 02/06/2025 - 10:08:20: [AMXX] Run time error 1 (plugin "cucarachas_main.amxx") - forced exit
L 02/06/2025 - 10:08:20: Called dynanative into a paused plugin.
L 02/06/2025 - 10:08:20: [AMXX] Run time error 10 (plugin "cucarachas_extras.amxx") (native "cm_register_extra_item") - debug not enabled!
L 02/06/2025 - 10:08:20: [AMXX] To enable debug mode, add "debug" after the plugin name in plugins.ini (without quotes).
L 02/06/2025 - 10:31:30: Start of error session.
L 02/06/2025 - 10:31:30: Info (map "de_dust2") (file "addons/amxmodx/logs/error_20250206.log")
L 02/06/2025 - 10:31:30: [AMXX] Plugin ("cucarachas_main.amxx") is setting itself as failed.
L 02/06/2025 - 10:31:30: [AMXX] Plugin says: Utiliza el Map Tool para adaptar este mapa a Cuca Mod.
L 02/06/2025 - 10:31:30: [AMXX] Run time error 1 (plugin "cucarachas_main.amxx") - forced exit
L 02/06/2025 - 10:31:30: Called dynanative into a paused plugin.
L 02/06/2025 - 10:31:30: [AMXX] Run time error 10 (plugin "cucarachas_extras.amxx") (native "cm_register_extra_item") - debug not enabled!
L 02/06/2025 - 10:31:30: [AMXX] To enable debug mode, add "debug" after the plugin name in plugins.ini (without quotes).
L 02/06/2025 - 10:54:40: Start of error session.
L 02/06/2025 - 10:54:40: Info (map "de_aztec") (file "addons/amxmodx/logs/error_20250206.log")
L 02/06/2025 - 10:54:40: [AMXX] Plugin ("cucarachas_main.amxx") is setting itself as failed.
L 02/06/2025 - 10:54:40: [AMXX] Plugin says: Utiliza el Map Tool para adaptar este mapa a Cuca Mod.
L 02/06/2025 - 10:54:40: [AMXX] Run time error 1 (plugin "cucarachas_main.amxx") - forced exit
L 02/06/2025 - 10:54:40: Called dynanative into a paused plugin.
L 02/06/2025 - 10:54:40: [AMXX] Run time error 10 (plugin "cucarachas_extras.amxx") (native "cm_register_extra_item") - debug not enabled!
L 02/06/2025 - 10:54:40: [AMXX] To enable debug mode, add "debug" after the plugin name in plugins.ini (without quotes).
L 02/06/2025 - 11:17:49: Start of error session.
L 02/06/2025 - 11:17:49: Info (map "cs_assault") (file "addons/amxmodx/logs/error_20250206.log")
L 02/06/2025 - 11:17:49: [AMXX] Plugin ("cucarachas_main.amxx") is setting itself as failed.
L 02/06/2025 - 11:17:49: [AMXX] Plugin says: Utiliza el Map Tool para adaptar este mapa a Cuca Mod.
L 02/06/2025 - 11:17:49: [AMXX] Run time error 1 (plugin "cucarachas_main.amxx") - forced exit
L 02/06/2025 - 11:17:49: Called dynanative into a paused plugin.
L 02/06/2025 - 11:17:49: [AMXX] Run time error 10 (plugin "cucarachas_extras.amxx") (native "cm_register_extra_item") - debug not enabled!
L 02/06/2025 - 11:17:49: [AMXX] To enable debug mode, add "debug" after the plugin name in plugins.ini (without quotes).
L 02/06/2025 - 11:36:59: Start of error session.
L 02/06/2025 - 11:36:59: Info (map "de_chateau") (file "addons/amxmodx/logs/error_20250206.log")
L 02/06/2025 - 11:36:59: [AMXX] Plugin ("cucarachas_main.amxx") is setting itself as failed.
L 02/06/2025 - 11:36:59: [AMXX] Plugin says: Utiliza el Map Tool para adaptar este mapa a Cuca Mod.
L 02/06/2025 - 11:36:59: [AMXX] Run time error 1 (plugin "cucarachas_main.amxx") - forced exit
L 02/06/2025 - 11:36:59: Called dynanative into a paused plugin.
L 02/06/2025 - 11:36:59: [AMXX] Run time error 10 (plugin "cucarachas_extras.amxx") (native "cm_register_extra_item") - debug not enabled!
L 02/06/2025 - 11:36:59: [AMXX] To enable debug mode, add "debug" after the plugin name in plugins.ini (without quotes).
L 02/06/2025 - 11:56:09: Start of error session.
L 02/06/2025 - 11:56:09: Info (map "cs_assault") (file "addons/amxmodx/logs/error_20250206.log")
L 02/06/2025 - 11:56:09: [AMXX] Plugin ("cucarachas_main.amxx") is setting itself as failed.
L 02/06/2025 - 11:56:09: [AMXX] Plugin says: Utiliza el Map Tool para adaptar este mapa a Cuca Mod.
L 02/06/2025 - 11:56:09: [AMXX] Run time error 1 (plugin "cucarachas_main.amxx") - forced exit
L 02/06/2025 - 11:56:09: Called dynanative into a paused plugin.
L 02/06/2025 - 11:56:09: [AMXX] Run time error 10 (plugin "cucarachas_extras.amxx") (native "cm_register_extra_item") - debug not enabled!
L 02/06/2025 - 11:56:09: [AMXX] To enable debug mode, add "debug" after the plugin name in plugins.ini (without quotes).
L 02/06/2025 - 12:15:19: Start of error session.
L 02/06/2025 - 12:15:19: Info (map "rubaka_2forts") (file "addons/amxmodx/logs/error_20250206.log")
L 02/06/2025 - 12:15:19: [AMXX] Plugin ("cucarachas_main.amxx") is setting itself as failed.
L 02/06/2025 - 12:15:19: [AMXX] Plugin says: Utiliza el Map Tool para adaptar este mapa a Cuca Mod.
L 02/06/2025 - 12:15:19: [AMXX] Run time error 1 (plugin "cucarachas_main.amxx") - forced exit
L 02/06/2025 - 12:15:19: Called dynanative into a paused plugin.
L 02/06/2025 - 12:15:19: [AMXX] Run time error 10 (plugin "cucarachas_extras.amxx") (native "cm_register_extra_item") - debug not enabled!
L 02/06/2025 - 12:15:19: [AMXX] To enable debug mode, add "debug" after the plugin name in plugins.ini (without quotes).
L 02/06/2025 - 12:37:02: Start of error session.
L 02/06/2025 - 12:37:02: Info (map "rubaka_arena") (file "addons/amxmodx/logs/error_20250206.log")
L 02/06/2025 - 12:37:02: [AMXX] Plugin ("cucarachas_main.amxx") is setting itself as failed.
L 02/06/2025 - 12:37:02: [AMXX] Plugin says: Utiliza el Map Tool para adaptar este mapa a Cuca Mod.
L 02/06/2025 - 12:37:02: [AMXX] Run time error 1 (plugin "cucarachas_main.amxx") - forced exit
L 02/06/2025 - 12:37:02: Called dynanative into a paused plugin.
L 02/06/2025 - 12:37:02: [AMXX] Run time error 10 (plugin "cucarachas_extras.amxx") (native "cm_register_extra_item") - debug not enabled!
L 02/06/2025 - 12:37:02: [AMXX] To enable debug mode, add "debug" after the plugin name in plugins.ini (without quotes).
L 02/06/2025 - 12:58:46: Start of error session.
L 02/06/2025 - 12:58:46: Info (map "deathrun_minecraft_fg") (file "addons/amxmodx/logs/error_20250206.log")
L 02/06/2025 - 12:58:46: [AMXX] Plugin ("cucarachas_main.amxx") is setting itself as failed.
L 02/06/2025 - 12:58:46: [AMXX] Plugin says: Utiliza el Map Tool para adaptar este mapa a Cuca Mod.
L 02/06/2025 - 12:58:46: [AMXX] Run time error 1 (plugin "cucarachas_main.amxx") - forced exit
L 02/06/2025 - 12:58:46: Called dynanative into a paused plugin.
L 02/06/2025 - 12:58:46: [AMXX] Run time error 10 (plugin "cucarachas_extras.amxx") (native "cm_register_extra_item") - debug not enabled!
L 02/06/2025 - 12:58:46: [AMXX] To enable debug mode, add "debug" after the plugin name in plugins.ini (without quotes).
L 02/06/2025 - 13:19:18: Start of error session.
L 02/06/2025 - 13:19:18: Info (map "deathrun_c00l_f") (file "addons/amxmodx/logs/error_20250206.log")
L 02/06/2025 - 13:19:18: [AMXX] Plugin ("cucarachas_main.amxx") is setting itself as failed.
L 02/06/2025 - 13:19:18: [AMXX] Plugin says: Utiliza el Map Tool para adaptar este mapa a Cuca Mod.
L 02/06/2025 - 13:19:18: [AMXX] Run time error 1 (plugin "cucarachas_main.amxx") - forced exit
L 02/06/2025 - 13:19:18: Called dynanative into a paused plugin.
L 02/06/2025 - 13:19:18: [AMXX] Run time error 10 (plugin "cucarachas_extras.amxx") (native "cm_register_extra_item") - debug not enabled!
L 02/06/2025 - 13:19:18: [AMXX] To enable debug mode, add "debug" after the plugin name in plugins.ini (without quotes).
L 02/06/2025 - 13:39:50: Start of error session.
L 02/06/2025 - 13:39:50: Info (map "deathrun_forest") (file "addons/amxmodx/logs/error_20250206.log")
L 02/06/2025 - 13:39:50: [AMXX] Plugin ("cucarachas_main.amxx") is setting itself as failed.
L 02/06/2025 - 13:39:50: [AMXX] Plugin says: Utiliza el Map Tool para adaptar este mapa a Cuca Mod.
L 02/06/2025 - 13:39:50: [AMXX] Run time error 1 (plugin "cucarachas_main.amxx") - forced exit
L 02/06/2025 - 13:39:50: Called dynanative into a paused plugin.
L 02/06/2025 - 13:39:50: [AMXX] Run time error 10 (plugin "cucarachas_extras.amxx") (native "cm_register_extra_item") - debug not enabled!
L 02/06/2025 - 13:39:50: [AMXX] To enable debug mode, add "debug" after the plugin name in plugins.ini (without quotes).
L 02/06/2025 - 14:00:23: Start of error session.
L 02/06/2025 - 14:00:23: Info (map "surf_iceday_remake") (file "addons/amxmodx/logs/error_20250206.log")
L 02/06/2025 - 14:00:23: [AMXX] Plugin ("cucarachas_main.amxx") is setting itself as failed.
L 02/06/2025 - 14:00:23: [AMXX] Plugin says: Utiliza el Map Tool para adaptar este mapa a Cuca Mod.
L 02/06/2025 - 14:00:23: [AMXX] Run time error 1 (plugin "cucarachas_main.amxx") - forced exit
L 02/06/2025 - 14:00:23: Called dynanative into a paused plugin.
L 02/06/2025 - 14:00:23: [AMXX] Run time error 10 (plugin "cucarachas_extras.amxx") (native "cm_register_extra_item") - debug not enabled!
L 02/06/2025 - 14:00:23: [AMXX] To enable debug mode, add "debug" after the plugin name in plugins.ini (without quotes).
L 02/06/2025 - 14:20:33: Start of error session.
L 02/06/2025 - 14:20:33: Info (map "de_dust2") (file "addons/amxmodx/logs/error_20250206.log")
L 02/06/2025 - 14:20:33: [AMXX] Plugin ("cucarachas_main.amxx") is setting itself as failed.
L 02/06/2025 - 14:20:33: [AMXX] Plugin says: Utiliza el Map Tool para adaptar este mapa a Cuca Mod.
L 02/06/2025 - 14:20:33: [AMXX] Run time error 1 (plugin "cucarachas_main.amxx") - forced exit
L 02/06/2025 - 14:20:33: Called dynanative into a paused plugin.
L 02/06/2025 - 14:20:33: [AMXX] Run time error 10 (plugin "cucarachas_extras.amxx") (native "cm_register_extra_item") - debug not enabled!
L 02/06/2025 - 14:20:33: [AMXX] To enable debug mode, add "debug" after the plugin name in plugins.ini (without quotes).
L 02/06/2025 - 14:40:43: Start of error session.
L 02/06/2025 - 14:40:43: Info (map "cs_assault") (file "addons/amxmodx/logs/error_20250206.log")
L 02/06/2025 - 14:40:43: [AMXX] Plugin ("cucarachas_main.amxx") is setting itself as failed.
L 02/06/2025 - 14:40:43: [AMXX] Plugin says: Utiliza el Map Tool para adaptar este mapa a Cuca Mod.
L 02/06/2025 - 14:40:43: [AMXX] Run time error 1 (plugin "cucarachas_main.amxx") - forced exit
L 02/06/2025 - 14:40:43: Called dynanative into a paused plugin.
L 02/06/2025 - 14:40:43: [AMXX] Run time error 10 (plugin "cucarachas_extras.amxx") (native "cm_register_extra_item") - debug not enabled!
L 02/06/2025 - 14:40:43: [AMXX] To enable debug mode, add "debug" after the plugin name in plugins.ini (without quotes).
L 02/06/2025 - 14:59:52: Start of error session.
L 02/06/2025 - 14:59:52: Info (map "de_chateau") (file "addons/amxmodx/logs/error_20250206.log")
L 02/06/2025 - 14:59:52: [AMXX] Plugin ("cucarachas_main.amxx") is setting itself as failed.
L 02/06/2025 - 14:59:52: [AMXX] Plugin says: Utiliza el Map Tool para adaptar este mapa a Cuca Mod.
L 02/06/2025 - 14:59:52: [AMXX] Run time error 1 (plugin "cucarachas_main.amxx") - forced exit
L 02/06/2025 - 14:59:52: Called dynanative into a paused plugin.
L 02/06/2025 - 14:59:52: [AMXX] Run time error 10 (plugin "cucarachas_extras.amxx") (native "cm_register_extra_item") - debug not enabled!
L 02/06/2025 - 14:59:52: [AMXX] To enable debug mode, add "debug" after the plugin name in plugins.ini (without quotes).
L 02/06/2025 - 15:19:03: Start of error session.
L 02/06/2025 - 15:19:03: Info (map "cs_assault") (file "addons/amxmodx/logs/error_20250206.log")
L 02/06/2025 - 15:19:03: [AMXX] Plugin ("cucarachas_main.amxx") is setting itself as failed.
L 02/06/2025 - 15:19:03: [AMXX] Plugin says: Utiliza el Map Tool para adaptar este mapa a Cuca Mod.
L 02/06/2025 - 15:19:03: [AMXX] Run time error 1 (plugin "cucarachas_main.amxx") - forced exit
L 02/06/2025 - 15:19:03: Called dynanative into a paused plugin.
L 02/06/2025 - 15:19:03: [AMXX] Run time error 10 (plugin "cucarachas_extras.amxx") (native "cm_register_extra_item") - debug not enabled!
L 02/06/2025 - 15:19:03: [AMXX] To enable debug mode, add "debug" after the plugin name in plugins.ini (without quotes).
L 02/06/2025 - 15:38:13: Start of error session.
L 02/06/2025 - 15:38:13: Info (map "as_oilrig") (file "addons/amxmodx/logs/error_20250206.log")
L 02/06/2025 - 15:38:13: [AMXX] Plugin ("cucarachas_main.amxx") is setting itself as failed.
L 02/06/2025 - 15:38:13: [AMXX] Plugin says: Utiliza el Map Tool para adaptar este mapa a Cuca Mod.
L 02/06/2025 - 15:38:13: [AMXX] Run time error 1 (plugin "cucarachas_main.amxx") - forced exit
L 02/06/2025 - 15:38:13: Called dynanative into a paused plugin.
L 02/06/2025 - 15:38:13: [AMXX] Run time error 10 (plugin "cucarachas_extras.amxx") (native "cm_register_extra_item") - debug not enabled!
L 02/06/2025 - 15:38:13: [AMXX] To enable debug mode, add "debug" after the plugin name in plugins.ini (without quotes).
L 02/06/2025 - 16:03:23: Start of error session.
L 02/06/2025 - 16:03:23: Info (map "as_crazytank3") (file "addons/amxmodx/logs/error_20250206.log")
L 02/06/2025 - 16:03:23: [AMXX] Plugin ("cucarachas_main.amxx") is setting itself as failed.
L 02/06/2025 - 16:03:23: [AMXX] Plugin says: Utiliza el Map Tool para adaptar este mapa a Cuca Mod.
L 02/06/2025 - 16:03:23: [AMXX] Run time error 1 (plugin "cucarachas_main.amxx") - forced exit
L 02/06/2025 - 16:03:23: Called dynanative into a paused plugin.
L 02/06/2025 - 16:03:23: [AMXX] Run time error 10 (plugin "cucarachas_extras.amxx") (native "cm_register_extra_item") - debug not enabled!
L 02/06/2025 - 16:03:23: [AMXX] To enable debug mode, add "debug" after the plugin name in plugins.ini (without quotes).
L 02/06/2025 - 16:28:33: Start of error session.
L 02/06/2025 - 16:28:33: Info (map "as_oilrig") (file "addons/amxmodx/logs/error_20250206.log")
L 02/06/2025 - 16:28:33: [AMXX] Plugin ("cucarachas_main.amxx") is setting itself as failed.
L 02/06/2025 - 16:28:33: [AMXX] Plugin says: Utiliza el Map Tool para adaptar este mapa a Cuca Mod.
L 02/06/2025 - 16:28:33: [AMXX] Run time error 1 (plugin "cucarachas_main.amxx") - forced exit
L 02/06/2025 - 16:28:33: Called dynanative into a paused plugin.
L 02/06/2025 - 16:28:33: [AMXX] Run time error 10 (plugin "cucarachas_extras.amxx") (native "cm_register_extra_item") - debug not enabled!
L 02/06/2025 - 16:28:33: [AMXX] To enable debug mode, add "debug" after the plugin name in plugins.ini (without quotes).
L 02/06/2025 - 16:53:43: Start of error session.
L 02/06/2025 - 16:53:43: Info (map "cs_assault") (file "addons/amxmodx/logs/error_20250206.log")
L 02/06/2025 - 16:53:43: [AMXX] Plugin ("cucarachas_main.amxx") is setting itself as failed.
L 02/06/2025 - 16:53:43: [AMXX] Plugin says: Utiliza el Map Tool para adaptar este mapa a Cuca Mod.
L 02/06/2025 - 16:53:43: [AMXX] Run time error 1 (plugin "cucarachas_main.amxx") - forced exit
L 02/06/2025 - 16:53:43: Called dynanative into a paused plugin.
L 02/06/2025 - 16:53:43: [AMXX] Run time error 10 (plugin "cucarachas_extras.amxx") (native "cm_register_extra_item") - debug not enabled!
L 02/06/2025 - 16:53:43: [AMXX] To enable debug mode, add "debug" after the plugin name in plugins.ini (without quotes).
L 02/06/2025 - 17:12:53: Start of error session.
L 02/06/2025 - 17:12:53: Info (map "de_chateau") (file "addons/amxmodx/logs/error_20250206.log")
L 02/06/2025 - 17:12:53: [AMXX] Plugin ("cucarachas_main.amxx") is setting itself as failed.
L 02/06/2025 - 17:12:53: [AMXX] Plugin says: Utiliza el Map Tool para adaptar este mapa a Cuca Mod.
L 02/06/2025 - 17:12:53: [AMXX] Run time error 1 (plugin "cucarachas_main.amxx") - forced exit
L 02/06/2025 - 17:12:53: Called dynanative into a paused plugin.
L 02/06/2025 - 17:12:53: [AMXX] Run time error 10 (plugin "cucarachas_extras.amxx") (native "cm_register_extra_item") - debug not enabled!
L 02/06/2025 - 17:12:53: [AMXX] To enable debug mode, add "debug" after the plugin name in plugins.ini (without quotes).
L 02/06/2025 - 17:32:03: Start of error session.
L 02/06/2025 - 17:32:03: Info (map "cs_assault") (file "addons/amxmodx/logs/error_20250206.log")
L 02/06/2025 - 17:32:03: [AMXX] Plugin ("cucarachas_main.amxx") is setting itself as failed.
L 02/06/2025 - 17:32:03: [AMXX] Plugin says: Utiliza el Map Tool para adaptar este mapa a Cuca Mod.
L 02/06/2025 - 17:32:03: [AMXX] Run time error 1 (plugin "cucarachas_main.amxx") - forced exit
L 02/06/2025 - 17:32:03: Called dynanative into a paused plugin.
L 02/06/2025 - 17:32:03: [AMXX] Run time error 10 (plugin "cucarachas_extras.amxx") (native "cm_register_extra_item") - debug not enabled!
L 02/06/2025 - 17:32:03: [AMXX] To enable debug mode, add "debug" after the plugin name in plugins.ini (without quotes).
L 02/06/2025 - 17:51:13: Start of error session.
L 02/06/2025 - 17:51:13: Info (map "as_oilrig") (file "addons/amxmodx/logs/error_20250206.log")
L 02/06/2025 - 17:51:13: [AMXX] Plugin ("cucarachas_main.amxx") is setting itself as failed.
L 02/06/2025 - 17:51:13: [AMXX] Plugin says: Utiliza el Map Tool para adaptar este mapa a Cuca Mod.
L 02/06/2025 - 17:51:13: [AMXX] Run time error 1 (plugin "cucarachas_main.amxx") - forced exit
L 02/06/2025 - 17:51:13: Called dynanative into a paused plugin.
L 02/06/2025 - 17:51:13: [AMXX] Run time error 10 (plugin "cucarachas_extras.amxx") (native "cm_register_extra_item") - debug not enabled!
L 02/06/2025 - 17:51:13: [AMXX] To enable debug mode, add "debug" after the plugin name in plugins.ini (without quotes).
L 02/06/2025 - 18:16:23: Start of error session.
L 02/06/2025 - 18:16:23: Info (map "as_crazytank3") (file "addons/amxmodx/logs/error_20250206.log")
L 02/06/2025 - 18:16:23: [AMXX] Plugin ("cucarachas_main.amxx") is setting itself as failed.
L 02/06/2025 - 18:16:23: [AMXX] Plugin says: Utiliza el Map Tool para adaptar este mapa a Cuca Mod.
L 02/06/2025 - 18:16:23: [AMXX] Run time error 1 (plugin "cucarachas_main.amxx") - forced exit
L 02/06/2025 - 18:16:23: Called dynanative into a paused plugin.
L 02/06/2025 - 18:16:23: [AMXX] Run time error 10 (plugin "cucarachas_extras.amxx") (native "cm_register_extra_item") - debug not enabled!
L 02/06/2025 - 18:16:23: [AMXX] To enable debug mode, add "debug" after the plugin name in plugins.ini (without quotes).
L 02/06/2025 - 18:41:33: Start of error session.
L 02/06/2025 - 18:41:33: Info (map "as_oilrig") (file "addons/amxmodx/logs/error_20250206.log")
L 02/06/2025 - 18:41:33: [AMXX] Plugin ("cucarachas_main.amxx") is setting itself as failed.
L 02/06/2025 - 18:41:33: [AMXX] Plugin says: Utiliza el Map Tool para adaptar este mapa a Cuca Mod.
L 02/06/2025 - 18:41:33: [AMXX] Run time error 1 (plugin "cucarachas_main.amxx") - forced exit
L 02/06/2025 - 18:41:33: Called dynanative into a paused plugin.
L 02/06/2025 - 18:41:33: [AMXX] Run time error 10 (plugin "cucarachas_extras.amxx") (native "cm_register_extra_item") - debug not enabled!
L 02/06/2025 - 18:41:33: [AMXX] To enable debug mode, add "debug" after the plugin name in plugins.ini (without quotes).
L 02/06/2025 - 19:06:43: Start of error session.
L 02/06/2025 - 19:06:43: Info (map "de_dust2") (file "addons/amxmodx/logs/error_20250206.log")
L 02/06/2025 - 19:06:43: [AMXX] Plugin ("cucarachas_main.amxx") is setting itself as failed.
L 02/06/2025 - 19:06:43: [AMXX] Plugin says: Utiliza el Map Tool para adaptar este mapa a Cuca Mod.
L 02/06/2025 - 19:06:43: [AMXX] Run time error 1 (plugin "cucarachas_main.amxx") - forced exit
L 02/06/2025 - 19:06:43: Called dynanative into a paused plugin.
L 02/06/2025 - 19:06:43: [AMXX] Run time error 10 (plugin "cucarachas_extras.amxx") (native "cm_register_extra_item") - debug not enabled!
L 02/06/2025 - 19:06:43: [AMXX] To enable debug mode, add "debug" after the plugin name in plugins.ini (without quotes).
L 02/06/2025 - 19:26:53: Start of error session.
L 02/06/2025 - 19:26:53: Info (map "surf_iceday_remake") (file "addons/amxmodx/logs/error_20250206.log")
L 02/06/2025 - 19:26:53: [AMXX] Plugin ("cucarachas_main.amxx") is setting itself as failed.
L 02/06/2025 - 19:26:53: [AMXX] Plugin says: Utiliza el Map Tool para adaptar este mapa a Cuca Mod.
L 02/06/2025 - 19:26:53: [AMXX] Run time error 1 (plugin "cucarachas_main.amxx") - forced exit
L 02/06/2025 - 19:26:53: Called dynanative into a paused plugin.
L 02/06/2025 - 19:26:53: [AMXX] Run time error 10 (plugin "cucarachas_extras.amxx") (native "cm_register_extra_item") - debug not enabled!
L 02/06/2025 - 19:26:53: [AMXX] To enable debug mode, add "debug" after the plugin name in plugins.ini (without quotes).
L 02/06/2025 - 19:47:03: Start of error session.
L 02/06/2025 - 19:47:03: Info (map "cs_assault") (file "addons/amxmodx/logs/error_20250206.log")
L 02/06/2025 - 19:47:03: [AMXX] Plugin ("cucarachas_main.amxx") is setting itself as failed.
L 02/06/2025 - 19:47:03: [AMXX] Plugin says: Utiliza el Map Tool para adaptar este mapa a Cuca Mod.
L 02/06/2025 - 19:47:03: [AMXX] Run time error 1 (plugin "cucarachas_main.amxx") - forced exit
L 02/06/2025 - 19:47:03: Called dynanative into a paused plugin.
L 02/06/2025 - 19:47:03: [AMXX] Run time error 10 (plugin "cucarachas_extras.amxx") (native "cm_register_extra_item") - debug not enabled!
L 02/06/2025 - 19:47:03: [AMXX] To enable debug mode, add "debug" after the plugin name in plugins.ini (without quotes).
L 02/06/2025 - 20:06:13: Start of error session.
L 02/06/2025 - 20:06:13: Info (map "de_chateau") (file "addons/amxmodx/logs/error_20250206.log")
L 02/06/2025 - 20:06:13: [AMXX] Plugin ("cucarachas_main.amxx") is setting itself as failed.
L 02/06/2025 - 20:06:13: [AMXX] Plugin says: Utiliza el Map Tool para adaptar este mapa a Cuca Mod.
L 02/06/2025 - 20:06:13: [AMXX] Run time error 1 (plugin "cucarachas_main.amxx") - forced exit
L 02/06/2025 - 20:06:13: Called dynanative into a paused plugin.
L 02/06/2025 - 20:06:13: [AMXX] Run time error 10 (plugin "cucarachas_extras.amxx") (native "cm_register_extra_item") - debug not enabled!
L 02/06/2025 - 20:06:13: [AMXX] To enable debug mode, add "debug" after the plugin name in plugins.ini (without quotes).
L 02/06/2025 - 20:25:23: Start of error session.
L 02/06/2025 - 20:25:23: Info (map "cs_assault") (file "addons/amxmodx/logs/error_20250206.log")
L 02/06/2025 - 20:25:23: [AMXX] Plugin ("cucarachas_main.amxx") is setting itself as failed.
L 02/06/2025 - 20:25:23: [AMXX] Plugin says: Utiliza el Map Tool para adaptar este mapa a Cuca Mod.
L 02/06/2025 - 20:25:23: [AMXX] Run time error 1 (plugin "cucarachas_main.amxx") - forced exit
L 02/06/2025 - 20:25:23: Called dynanative into a paused plugin.
L 02/06/2025 - 20:25:23: [AMXX] Run time error 10 (plugin "cucarachas_extras.amxx") (native "cm_register_extra_item") - debug not enabled!
L 02/06/2025 - 20:25:23: [AMXX] To enable debug mode, add "debug" after the plugin name in plugins.ini (without quotes).
L 02/06/2025 - 20:44:33: Start of error session.
L 02/06/2025 - 20:44:33: Info (map "zm_ice_attack") (file "addons/amxmodx/logs/error_20250206.log")
L 02/06/2025 - 20:44:33: [AMXX] Plugin ("cucarachas_main.amxx") is setting itself as failed.
L 02/06/2025 - 20:44:33: [AMXX] Plugin says: Utiliza el Map Tool para adaptar este mapa a Cuca Mod.
L 02/06/2025 - 20:44:33: [AMXX] Run time error 1 (plugin "cucarachas_main.amxx") - forced exit
L 02/06/2025 - 20:44:33: Called dynanative into a paused plugin.
L 02/06/2025 - 20:44:33: [AMXX] Run time error 10 (plugin "cucarachas_extras.amxx") (native "cm_register_extra_item") - debug not enabled!
L 02/06/2025 - 20:44:33: [AMXX] To enable debug mode, add "debug" after the plugin name in plugins.ini (without quotes).
L 02/06/2025 - 21:05:43: Start of error session.
L 02/06/2025 - 21:05:43: Info (map "zm_toronto") (file "addons/amxmodx/logs/error_20250206.log")
L 02/06/2025 - 21:05:43: [AMXX] Plugin ("cucarachas_main.amxx") is setting itself as failed.
L 02/06/2025 - 21:05:43: [AMXX] Plugin says: Utiliza el Map Tool para adaptar este mapa a Cuca Mod.
L 02/06/2025 - 21:05:43: [AMXX] Run time error 1 (plugin "cucarachas_main.amxx") - forced exit
L 02/06/2025 - 21:05:43: Called dynanative into a paused plugin.
L 02/06/2025 - 21:05:43: [AMXX] Run time error 10 (plugin "cucarachas_extras.amxx") (native "cm_register_extra_item") - debug not enabled!
L 02/06/2025 - 21:05:43: [AMXX] To enable debug mode, add "debug" after the plugin name in plugins.ini (without quotes).
L 02/06/2025 - 21:26:54: Start of error session.
L 02/06/2025 - 21:26:54: Info (map "zm_ice_attack") (file "addons/amxmodx/logs/error_20250206.log")
L 02/06/2025 - 21:26:54: [AMXX] Plugin ("cucarachas_main.amxx") is setting itself as failed.
L 02/06/2025 - 21:26:54: [AMXX] Plugin says: Utiliza el Map Tool para adaptar este mapa a Cuca Mod.
L 02/06/2025 - 21:26:54: [AMXX] Run time error 1 (plugin "cucarachas_main.amxx") - forced exit
L 02/06/2025 - 21:26:54: Called dynanative into a paused plugin.
L 02/06/2025 - 21:26:54: [AMXX] Run time error 10 (plugin "cucarachas_extras.amxx") (native "cm_register_extra_item") - debug not enabled!
L 02/06/2025 - 21:26:54: [AMXX] To enable debug mode, add "debug" after the plugin name in plugins.ini (without quotes).
L 02/06/2025 - 21:48:04: Start of error session.
L 02/06/2025 - 21:48:04: Info (map "de_dust2") (file "addons/amxmodx/logs/error_20250206.log")
L 02/06/2025 - 21:48:04: [AMXX] Plugin ("cucarachas_main.amxx") is setting itself as failed.
L 02/06/2025 - 21:48:04: [AMXX] Plugin says: Utiliza el Map Tool para adaptar este mapa a Cuca Mod.
L 02/06/2025 - 21:48:04: [AMXX] Run time error 1 (plugin "cucarachas_main.amxx") - forced exit
L 02/06/2025 - 21:48:04: Called dynanative into a paused plugin.
L 02/06/2025 - 21:48:04: [AMXX] Run time error 10 (plugin "cucarachas_extras.amxx") (native "cm_register_extra_item") - debug not enabled!
L 02/06/2025 - 21:48:04: [AMXX] To enable debug mode, add "debug" after the plugin name in plugins.ini (without quotes).
L 02/06/2025 - 22:08:14: Start of error session.
L 02/06/2025 - 22:08:14: Info (map "surf_iceday_remake") (file "addons/amxmodx/logs/error_20250206.log")
L 02/06/2025 - 22:08:14: [AMXX] Plugin ("cucarachas_main.amxx") is setting itself as failed.
L 02/06/2025 - 22:08:14: [AMXX] Plugin says: Utiliza el Map Tool para adaptar este mapa a Cuca Mod.
L 02/06/2025 - 22:08:14: [AMXX] Run time error 1 (plugin "cucarachas_main.amxx") - forced exit
L 02/06/2025 - 22:08:14: Called dynanative into a paused plugin.
L 02/06/2025 - 22:08:14: [AMXX] Run time error 10 (plugin "cucarachas_extras.amxx") (native "cm_register_extra_item") - debug not enabled!
L 02/06/2025 - 22:08:14: [AMXX] To enable debug mode, add "debug" after the plugin name in plugins.ini (without quotes).
L 02/06/2025 - 22:28:24: Start of error session.
L 02/06/2025 - 22:28:24: Info (map "cs_estate") (file "addons/amxmodx/logs/error_20250206.log")
L 02/06/2025 - 22:28:24: [AMXX] Plugin ("cucarachas_main.amxx") is setting itself as failed.
L 02/06/2025 - 22:28:24: [AMXX] Plugin says: Utiliza el Map Tool para adaptar este mapa a Cuca Mod.
L 02/06/2025 - 22:28:24: [AMXX] Run time error 1 (plugin "cucarachas_main.amxx") - forced exit
L 02/06/2025 - 22:28:24: Called dynanative into a paused plugin.
L 02/06/2025 - 22:28:24: [AMXX] Run time error 10 (plugin "cucarachas_extras.amxx") (native "cm_register_extra_item") - debug not enabled!
L 02/06/2025 - 22:28:24: [AMXX] To enable debug mode, add "debug" after the plugin name in plugins.ini (without quotes).
L 02/06/2025 - 22:45:34: Start of error session.
L 02/06/2025 - 22:45:34: Info (map "de_dust") (file "addons/amxmodx/logs/error_20250206.log")
L 02/06/2025 - 22:45:34: [AMXX] Plugin ("cucarachas_main.amxx") is setting itself as failed.
L 02/06/2025 - 22:45:34: [AMXX] Plugin says: Utiliza el Map Tool para adaptar este mapa a Cuca Mod.
L 02/06/2025 - 22:45:34: [AMXX] Run time error 1 (plugin "cucarachas_main.amxx") - forced exit
L 02/06/2025 - 22:45:34: Called dynanative into a paused plugin.
L 02/06/2025 - 22:45:34: [AMXX] Run time error 10 (plugin "cucarachas_extras.amxx") (native "cm_register_extra_item") - debug not enabled!
L 02/06/2025 - 22:45:34: [AMXX] To enable debug mode, add "debug" after the plugin name in plugins.ini (without quotes).
L 02/06/2025 - 23:02:44: Start of error session.
L 02/06/2025 - 23:02:44: Info (map "as_oilrig") (file "addons/amxmodx/logs/error_20250206.log")
L 02/06/2025 - 23:02:44: [AMXX] Plugin ("cucarachas_main.amxx") is setting itself as failed.
L 02/06/2025 - 23:02:44: [AMXX] Plugin says: Utiliza el Map Tool para adaptar este mapa a Cuca Mod.
L 02/06/2025 - 23:02:44: [AMXX] Run time error 1 (plugin "cucarachas_main.amxx") - forced exit
L 02/06/2025 - 23:02:44: Called dynanative into a paused plugin.
L 02/06/2025 - 23:02:44: [AMXX] Run time error 10 (plugin "cucarachas_extras.amxx") (native "cm_register_extra_item") - debug not enabled!
L 02/06/2025 - 23:02:44: [AMXX] To enable debug mode, add "debug" after the plugin name in plugins.ini (without quotes).
L 02/06/2025 - 23:27:54: Start of error session.
L 02/06/2025 - 23:27:54: Info (map "as_crazytank3") (file "addons/amxmodx/logs/error_20250206.log")
L 02/06/2025 - 23:27:54: [AMXX] Plugin ("cucarachas_main.amxx") is setting itself as failed.
L 02/06/2025 - 23:27:54: [AMXX] Plugin says: Utiliza el Map Tool para adaptar este mapa a Cuca Mod.
L 02/06/2025 - 23:27:54: [AMXX] Run time error 1 (plugin "cucarachas_main.amxx") - forced exit
L 02/06/2025 - 23:27:54: Called dynanative into a paused plugin.
L 02/06/2025 - 23:27:54: [AMXX] Run time error 10 (plugin "cucarachas_extras.amxx") (native "cm_register_extra_item") - debug not enabled!
L 02/06/2025 - 23:27:54: [AMXX] To enable debug mode, add "debug" after the plugin name in plugins.ini (without quotes).
L 02/06/2025 - 23:53:04: Start of error session.
L 02/06/2025 - 23:53:04: Info (map "as_oilrig") (file "addons/amxmodx/logs/error_20250206.log")
L 02/06/2025 - 23:53:04: [AMXX] Plugin ("cucarachas_main.amxx") is setting itself as failed.
L 02/06/2025 - 23:53:04: [AMXX] Plugin says: Utiliza el Map Tool para adaptar este mapa a Cuca Mod.
L 02/06/2025 - 23:53:04: [AMXX] Run time error 1 (plugin "cucarachas_main.amxx") - forced exit
L 02/06/2025 - 23:53:04: Called dynanative into a paused plugin.
L 02/06/2025 - 23:53:04: [AMXX] Run time error 10 (plugin "cucarachas_extras.amxx") (native "cm_register_extra_item") - debug not enabled!
L 02/06/2025 - 23:53:04: [AMXX] To enable debug mode, add "debug" after the plugin name in plugins.ini (without quotes).
