L 12/31/2024 - 00:01:50: Start of error session.
L 12/31/2024 - 00:01:50: Info (map "skariz_brainhard2") (file "addons/amxmodx/logs/error_20241231.log")
L 12/31/2024 - 00:01:50: Invalid player id 0
L 12/31/2024 - 00:01:50: [AMXX] Run time error 10 (plugin "status_monitor.amxx") (native "get_user_info") - debug not enabled!
L 12/31/2024 - 00:01:50: [AMXX] To enable debug mode, add "debug" after the plugin name in plugins.ini (without quotes).
L 12/31/2024 - 00:01:51: Invalid player id 0
L 12/31/2024 - 00:01:51: [AMXX] Run time error 10 (plugin "status_monitor.amxx") (native "get_user_info") - debug not enabled!
L 12/31/2024 - 00:01:51: [AMXX] To enable debug mode, add "debug" after the plugin name in plugins.ini (without quotes).
L 12/31/2024 - 00:01:51: Invalid player id 0
L 12/31/2024 - 00:01:51: [AMXX] Run time error 10 (plugin "status_monitor.amxx") (native "get_user_info") - debug not enabled!
L 12/31/2024 - 00:01:51: [AMXX] To enable debug mode, add "debug" after the plugin name in plugins.ini (without quotes).
L 12/31/2024 - 00:01:51: Invalid player id 0
L 12/31/2024 - 00:01:51: [AMXX] Run time error 10 (plugin "status_monitor.amxx") (native "get_user_info") - debug not enabled!
L 12/31/2024 - 00:01:51: [AMXX] To enable debug mode, add "debug" after the plugin name in plugins.ini (without quotes).
L 12/31/2024 - 00:01:51: Invalid player id 0
L 12/31/2024 - 00:01:51: [AMXX] Run time error 10 (plugin "status_monitor.amxx") (native "get_user_info") - debug not enabled!
L 12/31/2024 - 00:01:51: [AMXX] To enable debug mode, add "debug" after the plugin name in plugins.ini (without quotes).
L 12/31/2024 - 00:01:51: Invalid player id 0
L 12/31/2024 - 00:01:51: [AMXX] Run time error 10 (plugin "status_monitor.amxx") (native "get_user_info") - debug not enabled!
L 12/31/2024 - 00:01:51: [AMXX] To enable debug mode, add "debug" after the plugin name in plugins.ini (without quotes).
L 12/31/2024 - 00:01:53: Invalid player id 0
L 12/31/2024 - 00:01:53: [AMXX] Run time error 10 (plugin "status_monitor.amxx") (native "get_user_info") - debug not enabled!
L 12/31/2024 - 00:01:53: [AMXX] To enable debug mode, add "debug" after the plugin name in plugins.ini (without quotes).
L 12/31/2024 - 00:01:53: Invalid player id 0
L 12/31/2024 - 00:01:53: [AMXX] Run time error 10 (plugin "status_monitor.amxx") (native "get_user_info") - debug not enabled!
L 12/31/2024 - 00:01:53: [AMXX] To enable debug mode, add "debug" after the plugin name in plugins.ini (without quotes).
L 12/31/2024 - 00:01:56: Invalid player id 0
L 12/31/2024 - 00:01:56: [AMXX] Run time error 10 (plugin "status_monitor.amxx") (native "get_user_info") - debug not enabled!
L 12/31/2024 - 00:01:56: [AMXX] To enable debug mode, add "debug" after the plugin name in plugins.ini (without quotes).
L 12/31/2024 - 00:04:29: Start of error session.
L 12/31/2024 - 00:04:29: Info (map "deathrun_poolday") (file "addons/amxmodx/logs/error_20241231.log")
L 12/31/2024 - 00:04:29: Invalid player id 0
L 12/31/2024 - 00:04:29: [AMXX] Run time error 10 (plugin "status_monitor.amxx") (native "get_user_info") - debug not enabled!
L 12/31/2024 - 00:04:29: [AMXX] To enable debug mode, add "debug" after the plugin name in plugins.ini (without quotes).
L 12/31/2024 - 00:04:29: Invalid player id 0
L 12/31/2024 - 00:04:29: [AMXX] Run time error 10 (plugin "status_monitor.amxx") (native "get_user_info") - debug not enabled!
L 12/31/2024 - 00:04:29: [AMXX] To enable debug mode, add "debug" after the plugin name in plugins.ini (without quotes).
L 12/31/2024 - 00:04:31: Invalid player id 0
L 12/31/2024 - 00:04:31: [AMXX] Run time error 10 (plugin "status_monitor.amxx") (native "get_user_info") - debug not enabled!
L 12/31/2024 - 00:04:31: [AMXX] To enable debug mode, add "debug" after the plugin name in plugins.ini (without quotes).
L 12/31/2024 - 00:04:31: Invalid player id 0
L 12/31/2024 - 00:04:31: [AMXX] Run time error 10 (plugin "status_monitor.amxx") (native "get_user_info") - debug not enabled!
L 12/31/2024 - 00:04:31: [AMXX] To enable debug mode, add "debug" after the plugin name in plugins.ini (without quotes).
L 12/31/2024 - 00:04:32: Invalid player id 0
L 12/31/2024 - 00:04:32: [AMXX] Run time error 10 (plugin "status_monitor.amxx") (native "get_user_info") - debug not enabled!
L 12/31/2024 - 00:04:32: [AMXX] To enable debug mode, add "debug" after the plugin name in plugins.ini (without quotes).
L 12/31/2024 - 00:04:32: Invalid player id 0
L 12/31/2024 - 00:04:32: [AMXX] Run time error 10 (plugin "status_monitor.amxx") (native "get_user_info") - debug not enabled!
L 12/31/2024 - 00:04:32: [AMXX] To enable debug mode, add "debug" after the plugin name in plugins.ini (without quotes).
L 12/31/2024 - 00:04:33: Invalid player id 0
L 12/31/2024 - 00:04:33: [AMXX] Run time error 10 (plugin "status_monitor.amxx") (native "get_user_info") - debug not enabled!
L 12/31/2024 - 00:04:33: [AMXX] To enable debug mode, add "debug" after the plugin name in plugins.ini (without quotes).
L 12/31/2024 - 00:04:35: Invalid player id 0
L 12/31/2024 - 00:04:35: [AMXX] Run time error 10 (plugin "status_monitor.amxx") (native "get_user_info") - debug not enabled!
L 12/31/2024 - 00:04:35: [AMXX] To enable debug mode, add "debug" after the plugin name in plugins.ini (without quotes).
L 12/31/2024 - 00:04:38: Invalid player id 0
L 12/31/2024 - 00:04:38: [AMXX] Run time error 10 (plugin "status_monitor.amxx") (native "get_user_info") - debug not enabled!
L 12/31/2024 - 00:04:38: [AMXX] To enable debug mode, add "debug" after the plugin name in plugins.ini (without quotes).
L 12/31/2024 - 00:04:38: Invalid player id 0
L 12/31/2024 - 00:04:38: [AMXX] Run time error 10 (plugin "status_monitor.amxx") (native "get_user_info") - debug not enabled!
L 12/31/2024 - 00:04:38: [AMXX] To enable debug mode, add "debug" after the plugin name in plugins.ini (without quotes).
L 12/31/2024 - 00:04:50: Invalid player id 0
L 12/31/2024 - 00:04:50: [AMXX] Run time error 10 (plugin "status_monitor.amxx") (native "get_user_info") - debug not enabled!
L 12/31/2024 - 00:04:50: [AMXX] To enable debug mode, add "debug" after the plugin name in plugins.ini (without quotes).
L 12/31/2024 - 00:08:02: Invalid player id 0
L 12/31/2024 - 00:08:02: [AMXX] Run time error 10 (plugin "status_monitor.amxx") (native "get_user_info") - debug not enabled!
L 12/31/2024 - 00:08:02: [AMXX] To enable debug mode, add "debug" after the plugin name in plugins.ini (without quotes).
L 12/31/2024 - 00:08:26: Invalid player id 0
L 12/31/2024 - 00:08:26: [AMXX] Run time error 10 (plugin "status_monitor.amxx") (native "get_user_info") - debug not enabled!
L 12/31/2024 - 00:08:26: [AMXX] To enable debug mode, add "debug" after the plugin name in plugins.ini (without quotes).
L 12/31/2024 - 00:08:39: Invalid player id 0
L 12/31/2024 - 00:08:39: [AMXX] Run time error 10 (plugin "status_monitor.amxx") (native "get_user_info") - debug not enabled!
L 12/31/2024 - 00:08:39: [AMXX] To enable debug mode, add "debug" after the plugin name in plugins.ini (without quotes).
L 12/31/2024 - 00:12:33: Invalid player id 0
L 12/31/2024 - 00:12:33: [AMXX] Run time error 10 (plugin "status_monitor.amxx") (native "get_user_info") - debug not enabled!
L 12/31/2024 - 00:12:33: [AMXX] To enable debug mode, add "debug" after the plugin name in plugins.ini (without quotes).
L 12/31/2024 - 00:13:56: Invalid player id 0
L 12/31/2024 - 00:13:56: [AMXX] Run time error 10 (plugin "status_monitor.amxx") (native "get_user_info") - debug not enabled!
L 12/31/2024 - 00:13:56: [AMXX] To enable debug mode, add "debug" after the plugin name in plugins.ini (without quotes).
L 12/31/2024 - 00:15:15: Invalid player id 0
L 12/31/2024 - 00:15:15: [AMXX] Run time error 10 (plugin "status_monitor.amxx") (native "get_user_info") - debug not enabled!
L 12/31/2024 - 00:15:15: [AMXX] To enable debug mode, add "debug" after the plugin name in plugins.ini (without quotes).
L 12/31/2024 - 00:15:45: Invalid player id 0
L 12/31/2024 - 00:15:45: [AMXX] Run time error 10 (plugin "status_monitor.amxx") (native "get_user_info") - debug not enabled!
L 12/31/2024 - 00:15:45: [AMXX] To enable debug mode, add "debug" after the plugin name in plugins.ini (without quotes).
L 12/31/2024 - 00:17:15: Invalid player id 0
L 12/31/2024 - 00:17:15: [AMXX] Run time error 10 (plugin "status_monitor.amxx") (native "get_user_info") - debug not enabled!
L 12/31/2024 - 00:17:15: [AMXX] To enable debug mode, add "debug" after the plugin name in plugins.ini (without quotes).
L 12/31/2024 - 00:19:49: Invalid player id 0
L 12/31/2024 - 00:19:49: [AMXX] Run time error 10 (plugin "status_monitor.amxx") (native "get_user_info") - debug not enabled!
L 12/31/2024 - 00:19:49: [AMXX] To enable debug mode, add "debug" after the plugin name in plugins.ini (without quotes).
L 12/31/2024 - 00:19:52: Invalid player id 0
L 12/31/2024 - 00:19:52: [AMXX] Run time error 10 (plugin "status_monitor.amxx") (native "get_user_info") - debug not enabled!
L 12/31/2024 - 00:19:52: [AMXX] To enable debug mode, add "debug" after the plugin name in plugins.ini (without quotes).
L 12/31/2024 - 00:20:10: Invalid player id 0
L 12/31/2024 - 00:20:10: [AMXX] Run time error 10 (plugin "status_monitor.amxx") (native "get_user_info") - debug not enabled!
L 12/31/2024 - 00:20:10: [AMXX] To enable debug mode, add "debug" after the plugin name in plugins.ini (without quotes).
L 12/31/2024 - 00:24:51: [CSTRIKE] Invalid player 7 (not in-game)
L 12/31/2024 - 00:24:51: [AMXX] Displaying debug trace (plugin "vidasdr.amxx", version "1.1.0")
L 12/31/2024 - 00:24:51: [AMXX] Run time error 10: native error (native "cs_get_user_team")
L 12/31/2024 - 00:24:51: [AMXX]    [0] Untitled.sma::func_AskForRevive_handler (line 110)
L 12/31/2024 - 00:25:08: Start of error session.
L 12/31/2024 - 00:25:08: Info (map "fy_titanic") (file "addons/amxmodx/logs/error_20241231.log")
L 12/31/2024 - 00:25:08: Invalid player id 0
L 12/31/2024 - 00:25:08: [AMXX] Run time error 10 (plugin "status_monitor.amxx") (native "get_user_info") - debug not enabled!
L 12/31/2024 - 00:25:08: [AMXX] To enable debug mode, add "debug" after the plugin name in plugins.ini (without quotes).
L 12/31/2024 - 00:25:09: Invalid player id 0
L 12/31/2024 - 00:25:09: [AMXX] Run time error 10 (plugin "status_monitor.amxx") (native "get_user_info") - debug not enabled!
L 12/31/2024 - 00:25:09: [AMXX] To enable debug mode, add "debug" after the plugin name in plugins.ini (without quotes).
L 12/31/2024 - 00:25:09: Invalid player id 0
L 12/31/2024 - 00:25:09: [AMXX] Run time error 10 (plugin "status_monitor.amxx") (native "get_user_info") - debug not enabled!
L 12/31/2024 - 00:25:09: [AMXX] To enable debug mode, add "debug" after the plugin name in plugins.ini (without quotes).
L 12/31/2024 - 00:25:09: Invalid player id 0
L 12/31/2024 - 00:25:09: [AMXX] Run time error 10 (plugin "status_monitor.amxx") (native "get_user_info") - debug not enabled!
L 12/31/2024 - 00:25:09: [AMXX] To enable debug mode, add "debug" after the plugin name in plugins.ini (without quotes).
L 12/31/2024 - 00:25:11: Invalid player id 0
L 12/31/2024 - 00:25:11: [AMXX] Run time error 10 (plugin "status_monitor.amxx") (native "get_user_info") - debug not enabled!
L 12/31/2024 - 00:25:11: [AMXX] To enable debug mode, add "debug" after the plugin name in plugins.ini (without quotes).
L 12/31/2024 - 00:25:12: Invalid player id 0
L 12/31/2024 - 00:25:12: [AMXX] Run time error 10 (plugin "status_monitor.amxx") (native "get_user_info") - debug not enabled!
L 12/31/2024 - 00:25:12: [AMXX] To enable debug mode, add "debug" after the plugin name in plugins.ini (without quotes).
L 12/31/2024 - 00:25:18: Invalid player id 0
L 12/31/2024 - 00:25:18: [AMXX] Run time error 10 (plugin "status_monitor.amxx") (native "get_user_info") - debug not enabled!
L 12/31/2024 - 00:25:18: [AMXX] To enable debug mode, add "debug" after the plugin name in plugins.ini (without quotes).
L 12/31/2024 - 00:25:37: Start of error session.
L 12/31/2024 - 00:25:37: Info (map "fy_pool_day") (file "addons/amxmodx/logs/error_20241231.log")
L 12/31/2024 - 00:25:37: Invalid player id 0
L 12/31/2024 - 00:25:37: [AMXX] Run time error 10 (plugin "status_monitor.amxx") (native "get_user_info") - debug not enabled!
L 12/31/2024 - 00:25:37: [AMXX] To enable debug mode, add "debug" after the plugin name in plugins.ini (without quotes).
L 12/31/2024 - 00:25:38: Invalid player id 0
L 12/31/2024 - 00:25:38: [AMXX] Run time error 10 (plugin "status_monitor.amxx") (native "get_user_info") - debug not enabled!
L 12/31/2024 - 00:25:38: [AMXX] To enable debug mode, add "debug" after the plugin name in plugins.ini (without quotes).
L 12/31/2024 - 00:25:38: Invalid player id 0
L 12/31/2024 - 00:25:38: [AMXX] Run time error 10 (plugin "status_monitor.amxx") (native "get_user_info") - debug not enabled!
L 12/31/2024 - 00:25:38: [AMXX] To enable debug mode, add "debug" after the plugin name in plugins.ini (without quotes).
L 12/31/2024 - 00:25:38: Invalid player id 0
L 12/31/2024 - 00:25:38: [AMXX] Run time error 10 (plugin "status_monitor.amxx") (native "get_user_info") - debug not enabled!
L 12/31/2024 - 00:25:38: [AMXX] To enable debug mode, add "debug" after the plugin name in plugins.ini (without quotes).
L 12/31/2024 - 00:25:39: Invalid player id 0
L 12/31/2024 - 00:25:39: [AMXX] Run time error 10 (plugin "status_monitor.amxx") (native "get_user_info") - debug not enabled!
L 12/31/2024 - 00:25:39: [AMXX] To enable debug mode, add "debug" after the plugin name in plugins.ini (without quotes).
L 12/31/2024 - 00:25:41: Invalid player id 0
L 12/31/2024 - 00:25:41: [AMXX] Run time error 10 (plugin "status_monitor.amxx") (native "get_user_info") - debug not enabled!
L 12/31/2024 - 00:25:41: [AMXX] To enable debug mode, add "debug" after the plugin name in plugins.ini (without quotes).
L 12/31/2024 - 00:25:41: Invalid player id 0
L 12/31/2024 - 00:25:41: [AMXX] Run time error 10 (plugin "status_monitor.amxx") (native "get_user_info") - debug not enabled!
L 12/31/2024 - 00:25:41: [AMXX] To enable debug mode, add "debug" after the plugin name in plugins.ini (without quotes).
L 12/31/2024 - 00:32:12: Invalid player id 0
L 12/31/2024 - 00:32:12: [AMXX] Run time error 10 (plugin "status_monitor.amxx") (native "get_user_info") - debug not enabled!
L 12/31/2024 - 00:32:12: [AMXX] To enable debug mode, add "debug" after the plugin name in plugins.ini (without quotes).
L 12/31/2024 - 00:47:57: String formatted incorrectly - parameter 11 (total 10)
L 12/31/2024 - 00:47:57: [AMXX] Run time error 25 (plugin "gungame.amxx") - debug not enabled!
L 12/31/2024 - 00:47:57: [AMXX] To enable debug mode, add "debug" after the plugin name in plugins.ini (without quotes).
L 12/31/2024 - 00:48:22: Start of error session.
L 12/31/2024 - 00:48:22: Info (map "de_dust2") (file "addons/amxmodx/logs/error_20241231.log")
L 12/31/2024 - 00:48:22: Invalid player id 0
L 12/31/2024 - 00:48:22: [AMXX] Run time error 10 (plugin "status_monitor.amxx") (native "get_user_info") - debug not enabled!
L 12/31/2024 - 00:48:22: [AMXX] To enable debug mode, add "debug" after the plugin name in plugins.ini (without quotes).
L 12/31/2024 - 00:48:23: Invalid player id 0
L 12/31/2024 - 00:48:23: [AMXX] Run time error 10 (plugin "status_monitor.amxx") (native "get_user_info") - debug not enabled!
L 12/31/2024 - 00:48:23: [AMXX] To enable debug mode, add "debug" after the plugin name in plugins.ini (without quotes).
L 12/31/2024 - 00:48:25: Invalid player id 0
L 12/31/2024 - 00:48:25: [AMXX] Run time error 10 (plugin "status_monitor.amxx") (native "get_user_info") - debug not enabled!
L 12/31/2024 - 00:48:25: [AMXX] To enable debug mode, add "debug" after the plugin name in plugins.ini (without quotes).
L 12/31/2024 - 00:50:11: Invalid player id 0
L 12/31/2024 - 00:50:11: [AMXX] Run time error 10 (plugin "status_monitor.amxx") (native "get_user_info") - debug not enabled!
L 12/31/2024 - 00:50:11: [AMXX] To enable debug mode, add "debug" after the plugin name in plugins.ini (without quotes).
L 12/31/2024 - 00:50:12: Invalid player id 0
L 12/31/2024 - 00:50:12: [AMXX] Run time error 10 (plugin "status_monitor.amxx") (native "get_user_info") - debug not enabled!
L 12/31/2024 - 00:50:12: [AMXX] To enable debug mode, add "debug" after the plugin name in plugins.ini (without quotes).
L 12/31/2024 - 00:51:00: Start of error session.
L 12/31/2024 - 00:51:00: Info (map "mini_dust2") (file "addons/amxmodx/logs/error_20241231.log")
L 12/31/2024 - 00:51:00: Invalid player id 0
L 12/31/2024 - 00:51:00: [AMXX] Run time error 10 (plugin "status_monitor.amxx") (native "get_user_info") - debug not enabled!
L 12/31/2024 - 00:51:00: [AMXX] To enable debug mode, add "debug" after the plugin name in plugins.ini (without quotes).
L 12/31/2024 - 00:51:01: Invalid player id 0
L 12/31/2024 - 00:51:01: [AMXX] Run time error 10 (plugin "status_monitor.amxx") (native "get_user_info") - debug not enabled!
L 12/31/2024 - 00:51:01: [AMXX] To enable debug mode, add "debug" after the plugin name in plugins.ini (without quotes).
L 12/31/2024 - 00:51:01: Invalid player id 0
L 12/31/2024 - 00:51:01: [AMXX] Run time error 10 (plugin "status_monitor.amxx") (native "get_user_info") - debug not enabled!
L 12/31/2024 - 00:51:01: [AMXX] To enable debug mode, add "debug" after the plugin name in plugins.ini (without quotes).
L 12/31/2024 - 00:51:01: Invalid player id 0
L 12/31/2024 - 00:51:01: [AMXX] Run time error 10 (plugin "status_monitor.amxx") (native "get_user_info") - debug not enabled!
L 12/31/2024 - 00:51:01: [AMXX] To enable debug mode, add "debug" after the plugin name in plugins.ini (without quotes).
L 12/31/2024 - 00:51:04: Invalid player id 0
L 12/31/2024 - 00:51:04: [AMXX] Run time error 10 (plugin "status_monitor.amxx") (native "get_user_info") - debug not enabled!
L 12/31/2024 - 00:51:04: [AMXX] To enable debug mode, add "debug" after the plugin name in plugins.ini (without quotes).
L 12/31/2024 - 03:38:32: Start of error session.
L 12/31/2024 - 03:38:32: Info (map "deathrun_fuzzy") (file "addons/amxmodx/logs/error_20241231.log")
L 12/31/2024 - 03:38:32: Invalid player id 0
L 12/31/2024 - 03:38:32: [AMXX] Run time error 10 (plugin "status_monitor.amxx") (native "get_user_info") - debug not enabled!
L 12/31/2024 - 03:38:32: [AMXX] To enable debug mode, add "debug" after the plugin name in plugins.ini (without quotes).
L 12/31/2024 - 03:59:08: Start of error session.
L 12/31/2024 - 03:59:08: Info (map "deathrun_taringacs_hombrealagua") (file "addons/amxmodx/logs/error_20241231.log")
L 12/31/2024 - 03:59:08: Invalid player id 0
L 12/31/2024 - 03:59:08: [AMXX] Run time error 10 (plugin "status_monitor.amxx") (native "get_user_info") - debug not enabled!
L 12/31/2024 - 03:59:08: [AMXX] To enable debug mode, add "debug" after the plugin name in plugins.ini (without quotes).
L 12/31/2024 - 04:19:44: Start of error session.
L 12/31/2024 - 04:19:44: Info (map "deathrun_absolute_spider") (file "addons/amxmodx/logs/error_20241231.log")
L 12/31/2024 - 04:19:44: Invalid player id 0
L 12/31/2024 - 04:19:44: [AMXX] Run time error 10 (plugin "status_monitor.amxx") (native "get_user_info") - debug not enabled!
L 12/31/2024 - 04:19:44: [AMXX] To enable debug mode, add "debug" after the plugin name in plugins.ini (without quotes).
L 12/31/2024 - 06:30:36: Start of error session.
L 12/31/2024 - 06:30:36: Info (map "kz_arsacid") (file "addons/amxmodx/logs/error_20241231.log")
L 12/31/2024 - 06:30:36: Invalid player id 0
L 12/31/2024 - 06:30:36: [AMXX] Run time error 10 (plugin "status_monitor.amxx") (native "get_user_info") - debug not enabled!
L 12/31/2024 - 06:30:36: [AMXX] To enable debug mode, add "debug" after the plugin name in plugins.ini (without quotes).
L 12/31/2024 - 06:50:50: Start of error session.
L 12/31/2024 - 06:50:50: Info (map "bkz_goldbhop") (file "addons/amxmodx/logs/error_20241231.log")
L 12/31/2024 - 06:50:50: Invalid player id 0
L 12/31/2024 - 06:50:50: [AMXX] Run time error 10 (plugin "status_monitor.amxx") (native "get_user_info") - debug not enabled!
L 12/31/2024 - 06:50:50: [AMXX] To enable debug mode, add "debug" after the plugin name in plugins.ini (without quotes).
L 12/31/2024 - 07:11:05: Start of error session.
L 12/31/2024 - 07:11:05: Info (map "kz_arsacid") (file "addons/amxmodx/logs/error_20241231.log")
L 12/31/2024 - 07:11:05: Invalid player id 0
L 12/31/2024 - 07:11:05: [AMXX] Run time error 10 (plugin "status_monitor.amxx") (native "get_user_info") - debug not enabled!
L 12/31/2024 - 07:11:05: [AMXX] To enable debug mode, add "debug" after the plugin name in plugins.ini (without quotes).
L 12/31/2024 - 07:20:41: Invalid player id 0
L 12/31/2024 - 07:20:41: [AMXX] Run time error 10 (plugin "status_monitor.amxx") (native "get_user_info") - debug not enabled!
L 12/31/2024 - 07:20:41: [AMXX] To enable debug mode, add "debug" after the plugin name in plugins.ini (without quotes).
L 12/31/2024 - 07:30:27: Player 2 is not in game.
L 12/31/2024 - 07:30:27: [AMXX] Displaying debug trace (plugin "kz_jumpplugin.amxx", version "1.7")
L 12/31/2024 - 07:30:27: [AMXX] Run time error 10: native error (native "menu_display")
L 12/31/2024 - 07:30:27: [AMXX]    [0] Untitled.sma::mainmenu (line 2052)
L 12/31/2024 - 07:30:27: [AMXX]    [1] Untitled.sma::commandsmenufunccions (line 2138)
L 12/31/2024 - 09:05:29: Start of error session.
L 12/31/2024 - 09:05:29: Info (map "gg_dust_2_vk") (file "addons/amxmodx/logs/error_20241231.log")
L 12/31/2024 - 09:05:29: Invalid player id 0
L 12/31/2024 - 09:05:29: [AMXX] Run time error 10 (plugin "status_monitor.amxx") (native "get_user_info") - debug not enabled!
L 12/31/2024 - 09:05:29: [AMXX] To enable debug mode, add "debug" after the plugin name in plugins.ini (without quotes).
L 12/31/2024 - 09:28:13: Invalid player id 0
L 12/31/2024 - 09:28:13: [AMXX] Run time error 10 (plugin "status_monitor.amxx") (native "get_user_info") - debug not enabled!
L 12/31/2024 - 09:28:13: [AMXX] To enable debug mode, add "debug" after the plugin name in plugins.ini (without quotes).
L 12/31/2024 - 12:25:56: Start of error session.
L 12/31/2024 - 12:25:56: Info (map "deathrace_alley") (file "addons/amxmodx/logs/error_20241231.log")
L 12/31/2024 - 12:25:56: Invalid player id 0
L 12/31/2024 - 12:25:56: [AMXX] Run time error 10 (plugin "status_monitor.amxx") (native "get_user_info") - debug not enabled!
L 12/31/2024 - 12:25:56: [AMXX] To enable debug mode, add "debug" after the plugin name in plugins.ini (without quotes).
L 12/31/2024 - 12:45:43: Start of error session.
L 12/31/2024 - 12:45:43: Info (map "bb_nemesis") (file "addons/amxmodx/logs/error_20241231.log")
L 12/31/2024 - 12:45:43: Invalid player id 0
L 12/31/2024 - 12:45:43: [AMXX] Run time error 10 (plugin "status_monitor.amxx") (native "get_user_info") - debug not enabled!
L 12/31/2024 - 12:45:43: [AMXX] To enable debug mode, add "debug" after the plugin name in plugins.ini (without quotes).
L 12/31/2024 - 14:24:01: Start of error session.
L 12/31/2024 - 14:24:01: Info (map "!vip_truck") (file "addons/amxmodx/logs/error_20241231.log")
L 12/31/2024 - 14:24:01: Invalid player id 0
L 12/31/2024 - 14:24:01: [AMXX] Run time error 10 (plugin "status_monitor.amxx") (native "get_user_info") - debug not enabled!
L 12/31/2024 - 14:24:01: [AMXX] To enable debug mode, add "debug" after the plugin name in plugins.ini (without quotes).
L 12/31/2024 - 14:24:41: Start of error session.
L 12/31/2024 - 14:24:41: Info (map "deathrace_alley") (file "addons/amxmodx/logs/error_20241231.log")
L 12/31/2024 - 14:24:41: Invalid player id 0
L 12/31/2024 - 14:24:41: [AMXX] Run time error 10 (plugin "status_monitor.amxx") (native "get_user_info") - debug not enabled!
L 12/31/2024 - 14:24:41: [AMXX] To enable debug mode, add "debug" after the plugin name in plugins.ini (without quotes).
L 12/31/2024 - 14:29:52: Invalid array handle provided (0)
L 12/31/2024 - 14:29:52: [AMXX] Displaying debug trace (plugin "polymorph.amxx", version "1.1.3")
L 12/31/2024 - 14:29:52: [AMXX] Run time error 10: native error (native "ArraySize")
L 12/31/2024 - 14:29:52: [AMXX]    [0] polymorph.sma::ShowMapVoteMenu (line 1043)
L 12/31/2024 - 14:29:52: [AMXX]    [1] polymorph.sma::TaskVoteMapTimer (line 991)
L 12/31/2024 - 14:29:53: Invalid array handle provided (0)
L 12/31/2024 - 14:29:53: [AMXX] Displaying debug trace (plugin "polymorph.amxx", version "1.1.3")
L 12/31/2024 - 14:29:53: [AMXX] Run time error 10: native error (native "ArraySize")
L 12/31/2024 - 14:29:53: [AMXX]    [0] polymorph.sma::ShowMapVoteMenu (line 1043)
L 12/31/2024 - 14:29:53: [AMXX]    [1] polymorph.sma::TaskVoteMapTimer (line 991)
L 12/31/2024 - 14:29:54: Invalid array handle provided (0)
L 12/31/2024 - 14:29:54: [AMXX] Displaying debug trace (plugin "polymorph.amxx", version "1.1.3")
L 12/31/2024 - 14:29:54: [AMXX] Run time error 10: native error (native "ArraySize")
L 12/31/2024 - 14:29:54: [AMXX]    [0] polymorph.sma::ShowMapVoteMenu (line 1043)
L 12/31/2024 - 14:29:54: [AMXX]    [1] polymorph.sma::TaskVoteMapTimer (line 991)
L 12/31/2024 - 14:29:55: Invalid array handle provided (0)
L 12/31/2024 - 14:29:55: [AMXX] Displaying debug trace (plugin "polymorph.amxx", version "1.1.3")
L 12/31/2024 - 14:29:55: [AMXX] Run time error 10: native error (native "ArraySize")
L 12/31/2024 - 14:29:55: [AMXX]    [0] polymorph.sma::ShowMapVoteMenu (line 1043)
L 12/31/2024 - 14:29:55: [AMXX]    [1] polymorph.sma::TaskVoteMapTimer (line 991)
L 12/31/2024 - 14:29:56: Invalid array handle provided (0)
L 12/31/2024 - 14:29:56: [AMXX] Displaying debug trace (plugin "polymorph.amxx", version "1.1.3")
L 12/31/2024 - 14:29:56: [AMXX] Run time error 10: native error (native "ArraySize")
L 12/31/2024 - 14:29:56: [AMXX]    [0] polymorph.sma::ShowMapVoteMenu (line 1043)
L 12/31/2024 - 14:29:56: [AMXX]    [1] polymorph.sma::TaskVoteMapTimer (line 991)
L 12/31/2024 - 14:29:57: Invalid array handle provided (0)
L 12/31/2024 - 14:29:57: [AMXX] Displaying debug trace (plugin "polymorph.amxx", version "1.1.3")
L 12/31/2024 - 14:29:57: [AMXX] Run time error 10: native error (native "ArraySize")
L 12/31/2024 - 14:29:57: [AMXX]    [0] polymorph.sma::ShowMapVoteMenu (line 1043)
L 12/31/2024 - 14:29:57: [AMXX]    [1] polymorph.sma::TaskVoteMapTimer (line 991)
L 12/31/2024 - 14:29:58: Invalid array handle provided (0)
L 12/31/2024 - 14:29:58: [AMXX] Displaying debug trace (plugin "polymorph.amxx", version "1.1.3")
L 12/31/2024 - 14:29:58: [AMXX] Run time error 10: native error (native "ArraySize")
L 12/31/2024 - 14:29:58: [AMXX]    [0] polymorph.sma::ShowMapVoteMenu (line 1043)
L 12/31/2024 - 14:29:58: [AMXX]    [1] polymorph.sma::TaskVoteMapTimer (line 991)
L 12/31/2024 - 14:29:59: Invalid array handle provided (0)
L 12/31/2024 - 14:29:59: [AMXX] Displaying debug trace (plugin "polymorph.amxx", version "1.1.3")
L 12/31/2024 - 14:29:59: [AMXX] Run time error 10: native error (native "ArraySize")
L 12/31/2024 - 14:29:59: [AMXX]    [0] polymorph.sma::ShowMapVoteMenu (line 1043)
L 12/31/2024 - 14:29:59: [AMXX]    [1] polymorph.sma::TaskVoteMapTimer (line 991)
L 12/31/2024 - 14:30:00: Invalid array handle provided (0)
L 12/31/2024 - 14:30:00: [AMXX] Displaying debug trace (plugin "polymorph.amxx", version "1.1.3")
L 12/31/2024 - 14:30:00: [AMXX] Run time error 10: native error (native "ArraySize")
L 12/31/2024 - 14:30:00: [AMXX]    [0] polymorph.sma::ShowMapVoteMenu (line 1043)
L 12/31/2024 - 14:30:00: [AMXX]    [1] polymorph.sma::TaskVoteMapTimer (line 991)
L 12/31/2024 - 14:30:01: Invalid array handle provided (0)
L 12/31/2024 - 14:30:01: [AMXX] Displaying debug trace (plugin "polymorph.amxx", version "1.1.3")
L 12/31/2024 - 14:30:01: [AMXX] Run time error 10: native error (native "ArraySize")
L 12/31/2024 - 14:30:01: [AMXX]    [0] polymorph.sma::ShowMapVoteMenu (line 1043)
L 12/31/2024 - 14:30:01: [AMXX]    [1] polymorph.sma::TaskVoteMapTimer (line 991)
L 12/31/2024 - 14:30:02: Invalid array handle provided (0)
L 12/31/2024 - 14:30:02: [AMXX] Displaying debug trace (plugin "polymorph.amxx", version "1.1.3")
L 12/31/2024 - 14:30:02: [AMXX] Run time error 10: native error (native "ArraySize")
L 12/31/2024 - 14:30:02: [AMXX]    [0] polymorph.sma::ShowMapVoteMenu (line 1043)
L 12/31/2024 - 14:30:02: [AMXX]    [1] polymorph.sma::TaskVoteMapTimer (line 991)
L 12/31/2024 - 14:30:03: Invalid array handle provided (0)
L 12/31/2024 - 14:30:03: [AMXX] Displaying debug trace (plugin "polymorph.amxx", version "1.1.3")
L 12/31/2024 - 14:30:03: [AMXX] Run time error 10: native error (native "ArraySize")
L 12/31/2024 - 14:30:03: [AMXX]    [0] polymorph.sma::ShowMapVoteMenu (line 1043)
L 12/31/2024 - 14:30:03: [AMXX]    [1] polymorph.sma::TaskVoteMapTimer (line 991)
L 12/31/2024 - 14:30:04: Invalid array handle provided (0)
L 12/31/2024 - 14:30:04: [AMXX] Displaying debug trace (plugin "polymorph.amxx", version "1.1.3")
L 12/31/2024 - 14:30:04: [AMXX] Run time error 10: native error (native "ArraySize")
L 12/31/2024 - 14:30:04: [AMXX]    [0] polymorph.sma::ShowMapVoteMenu (line 1043)
L 12/31/2024 - 14:30:04: [AMXX]    [1] polymorph.sma::TaskVoteMapTimer (line 991)
L 12/31/2024 - 14:30:05: Invalid array handle provided (0)
L 12/31/2024 - 14:30:05: [AMXX] Displaying debug trace (plugin "polymorph.amxx", version "1.1.3")
L 12/31/2024 - 14:30:05: [AMXX] Run time error 10: native error (native "ArraySize")
L 12/31/2024 - 14:30:05: [AMXX]    [0] polymorph.sma::ShowMapVoteMenu (line 1043)
L 12/31/2024 - 14:30:05: [AMXX]    [1] polymorph.sma::TaskVoteMapTimer (line 991)
L 12/31/2024 - 14:30:06: Invalid array handle provided (0)
L 12/31/2024 - 14:30:06: [AMXX] Displaying debug trace (plugin "polymorph.amxx", version "1.1.3")
L 12/31/2024 - 14:30:06: [AMXX] Run time error 10: native error (native "ArraySize")
L 12/31/2024 - 14:30:06: [AMXX]    [0] polymorph.sma::ShowMapVoteMenu (line 1043)
L 12/31/2024 - 14:30:06: [AMXX]    [1] polymorph.sma::TaskVoteMapTimer (line 991)
L 12/31/2024 - 14:30:07: Invalid array handle provided (0)
L 12/31/2024 - 14:30:07: [AMXX] Displaying debug trace (plugin "polymorph.amxx", version "1.1.3")
L 12/31/2024 - 14:30:07: [AMXX] Run time error 10: native error (native "ArraySize")
L 12/31/2024 - 14:30:07: [AMXX]    [0] polymorph.sma::ShowMapVoteMenu (line 1043)
L 12/31/2024 - 14:30:07: [AMXX]    [1] polymorph.sma::TaskVoteMapTimer (line 991)
L 12/31/2024 - 14:30:08: Invalid array handle provided (0)
L 12/31/2024 - 14:30:08: [AMXX] Displaying debug trace (plugin "polymorph.amxx", version "1.1.3")
L 12/31/2024 - 14:30:08: [AMXX] Run time error 10: native error (native "ArraySize")
L 12/31/2024 - 14:30:08: [AMXX]    [0] polymorph.sma::ShowMapVoteMenu (line 1043)
L 12/31/2024 - 14:30:08: [AMXX]    [1] polymorph.sma::TaskVoteMapTimer (line 991)
L 12/31/2024 - 14:30:09: Invalid array handle provided (0)
L 12/31/2024 - 14:30:09: [AMXX] Displaying debug trace (plugin "polymorph.amxx", version "1.1.3")
L 12/31/2024 - 14:30:09: [AMXX] Run time error 10: native error (native "ArraySize")
L 12/31/2024 - 14:30:09: [AMXX]    [0] polymorph.sma::ShowMapVoteMenu (line 1043)
L 12/31/2024 - 14:30:09: [AMXX]    [1] polymorph.sma::TaskVoteMapTimer (line 991)
L 12/31/2024 - 14:30:10: Invalid array handle provided (0)
L 12/31/2024 - 14:30:10: [AMXX] Displaying debug trace (plugin "polymorph.amxx", version "1.1.3")
L 12/31/2024 - 14:30:10: [AMXX] Run time error 10: native error (native "ArraySize")
L 12/31/2024 - 14:30:10: [AMXX]    [0] polymorph.sma::ShowMapVoteMenu (line 1043)
L 12/31/2024 - 14:30:10: [AMXX]    [1] polymorph.sma::TaskVoteMapTimer (line 991)
L 12/31/2024 - 14:30:11: Invalid array handle provided (0)
L 12/31/2024 - 14:30:11: [AMXX] Displaying debug trace (plugin "polymorph.amxx", version "1.1.3")
L 12/31/2024 - 14:30:11: [AMXX] Run time error 10: native error (native "ArraySize")
L 12/31/2024 - 14:30:11: [AMXX]    [0] polymorph.sma::ShowMapVoteMenu (line 1043)
L 12/31/2024 - 14:30:11: [AMXX]    [1] polymorph.sma::TaskVoteMapTimer (line 991)
L 12/31/2024 - 14:30:12: Invalid array handle provided (0)
L 12/31/2024 - 14:30:12: [AMXX] Displaying debug trace (plugin "polymorph.amxx", version "1.1.3")
L 12/31/2024 - 14:30:12: [AMXX] Run time error 10: native error (native "ArraySize")
L 12/31/2024 - 14:30:12: [AMXX]    [0] polymorph.sma::ShowMapVoteMenu (line 1043)
L 12/31/2024 - 14:30:12: [AMXX]    [1] polymorph.sma::TaskVoteMapTimer (line 991)
L 12/31/2024 - 14:30:13: Invalid array handle provided (0)
L 12/31/2024 - 14:30:13: [AMXX] Displaying debug trace (plugin "polymorph.amxx", version "1.1.3")
L 12/31/2024 - 14:30:13: [AMXX] Run time error 10: native error (native "ArraySize")
L 12/31/2024 - 14:30:13: [AMXX]    [0] polymorph.sma::ShowMapVoteMenu (line 1043)
L 12/31/2024 - 14:30:13: [AMXX]    [1] polymorph.sma::TaskVoteMapTimer (line 991)
L 12/31/2024 - 14:30:14: Invalid array handle provided (0)
L 12/31/2024 - 14:30:14: [AMXX] Displaying debug trace (plugin "polymorph.amxx", version "1.1.3")
L 12/31/2024 - 14:30:14: [AMXX] Run time error 10: native error (native "ArraySize")
L 12/31/2024 - 14:30:14: [AMXX]    [0] polymorph.sma::ShowMapVoteMenu (line 1043)
L 12/31/2024 - 14:30:14: [AMXX]    [1] polymorph.sma::TaskVoteMapTimer (line 991)
L 12/31/2024 - 14:30:15: Invalid array handle provided (0)
L 12/31/2024 - 14:30:15: [AMXX] Displaying debug trace (plugin "polymorph.amxx", version "1.1.3")
L 12/31/2024 - 14:30:15: [AMXX] Run time error 10: native error (native "ArraySize")
L 12/31/2024 - 14:30:15: [AMXX]    [0] polymorph.sma::ShowMapVoteMenu (line 1043)
L 12/31/2024 - 14:30:15: [AMXX]    [1] polymorph.sma::TaskVoteMapTimer (line 991)
L 12/31/2024 - 14:30:16: Invalid array handle provided (0)
L 12/31/2024 - 14:30:16: [AMXX] Displaying debug trace (plugin "polymorph.amxx", version "1.1.3")
L 12/31/2024 - 14:30:16: [AMXX] Run time error 10: native error (native "ArraySize")
L 12/31/2024 - 14:30:16: [AMXX]    [0] polymorph.sma::ShowMapVoteMenu (line 1043)
L 12/31/2024 - 14:30:16: [AMXX]    [1] polymorph.sma::TaskVoteMapTimer (line 991)
L 12/31/2024 - 14:30:17: Invalid array handle provided (0)
L 12/31/2024 - 14:30:17: [AMXX] Displaying debug trace (plugin "polymorph.amxx", version "1.1.3")
L 12/31/2024 - 14:30:17: [AMXX] Run time error 10: native error (native "ArraySize")
L 12/31/2024 - 14:30:17: [AMXX]    [0] polymorph.sma::ShowMapVoteMenu (line 1043)
L 12/31/2024 - 14:30:17: [AMXX]    [1] polymorph.sma::TaskVoteMapTimer (line 991)
L 12/31/2024 - 14:30:18: Invalid array handle provided (0)
L 12/31/2024 - 14:30:18: [AMXX] Displaying debug trace (plugin "polymorph.amxx", version "1.1.3")
L 12/31/2024 - 14:30:18: [AMXX] Run time error 10: native error (native "ArraySize")
L 12/31/2024 - 14:30:18: [AMXX]    [0] polymorph.sma::ShowMapVoteMenu (line 1043)
L 12/31/2024 - 14:30:18: [AMXX]    [1] polymorph.sma::TaskVoteMapTimer (line 991)
L 12/31/2024 - 14:30:19: Invalid array handle provided (0)
L 12/31/2024 - 14:30:19: [AMXX] Displaying debug trace (plugin "polymorph.amxx", version "1.1.3")
L 12/31/2024 - 14:30:19: [AMXX] Run time error 10: native error (native "ArraySize")
L 12/31/2024 - 14:30:19: [AMXX]    [0] polymorph.sma::ShowMapVoteMenu (line 1043)
L 12/31/2024 - 14:30:19: [AMXX]    [1] polymorph.sma::TaskVoteMapTimer (line 991)
L 12/31/2024 - 14:30:20: Invalid array handle provided (0)
L 12/31/2024 - 14:30:20: [AMXX] Displaying debug trace (plugin "polymorph.amxx", version "1.1.3")
L 12/31/2024 - 14:30:20: [AMXX] Run time error 10: native error (native "ArraySize")
L 12/31/2024 - 14:30:20: [AMXX]    [0] polymorph.sma::ShowMapVoteMenu (line 1043)
L 12/31/2024 - 14:30:20: [AMXX]    [1] polymorph.sma::TaskVoteMapTimer (line 991)
L 12/31/2024 - 14:30:21: Invalid array handle provided (0)
L 12/31/2024 - 14:30:21: [AMXX] Displaying debug trace (plugin "polymorph.amxx", version "1.1.3")
L 12/31/2024 - 14:30:21: [AMXX] Run time error 10: native error (native "ArraySize")
L 12/31/2024 - 14:30:21: [AMXX]    [0] polymorph.sma::ShowMapVoteMenu (line 1043)
L 12/31/2024 - 14:30:21: [AMXX]    [1] polymorph.sma::TaskVoteMapTimer (line 991)
L 12/31/2024 - 14:30:38: Start of error session.
L 12/31/2024 - 14:30:38: Info (map "sj_trix_zone") (file "addons/amxmodx/logs/error_20241231.log")
L 12/31/2024 - 14:30:38: Invalid player id 0
L 12/31/2024 - 14:30:38: [AMXX] Run time error 10 (plugin "status_monitor.amxx") (native "get_user_info") - debug not enabled!
L 12/31/2024 - 14:30:38: [AMXX] To enable debug mode, add "debug" after the plugin name in plugins.ini (without quotes).
L 12/31/2024 - 14:38:18: Start of error session.
L 12/31/2024 - 14:38:18: Info (map "deathrace_colcaa_pg") (file "addons/amxmodx/logs/error_20241231.log")
L 12/31/2024 - 14:38:18: Invalid player id 0
L 12/31/2024 - 14:38:18: [AMXX] Run time error 10 (plugin "status_monitor.amxx") (native "get_user_info") - debug not enabled!
L 12/31/2024 - 14:38:18: [AMXX] To enable debug mode, add "debug" after the plugin name in plugins.ini (without quotes).
L 12/31/2024 - 14:42:37: Start of error session.
L 12/31/2024 - 14:42:37: Info (map "de_chateau") (file "addons/amxmodx/logs/error_20241231.log")
L 12/31/2024 - 14:42:37: Invalid player id 0
L 12/31/2024 - 14:42:37: [AMXX] Run time error 10 (plugin "status_monitor.amxx") (native "get_user_info") - debug not enabled!
L 12/31/2024 - 14:42:37: [AMXX] To enable debug mode, add "debug" after the plugin name in plugins.ini (without quotes).
L 12/31/2024 - 14:44:27: Start of error session.
L 12/31/2024 - 14:44:27: Info (map "deathrace_calle_pg") (file "addons/amxmodx/logs/error_20241231.log")
L 12/31/2024 - 14:44:27: Invalid player id 0
L 12/31/2024 - 14:44:27: [AMXX] Run time error 10 (plugin "status_monitor.amxx") (native "get_user_info") - debug not enabled!
L 12/31/2024 - 14:44:27: [AMXX] To enable debug mode, add "debug" after the plugin name in plugins.ini (without quotes).
L 12/31/2024 - 14:57:01: Start of error session.
L 12/31/2024 - 14:57:01: Info (map "deathrace_calle_pg") (file "addons/amxmodx/logs/error_20241231.log")
L 12/31/2024 - 14:57:01: Invalid player id 0
L 12/31/2024 - 14:57:01: [AMXX] Run time error 10 (plugin "status_monitor.amxx") (native "get_user_info") - debug not enabled!
L 12/31/2024 - 14:57:01: [AMXX] To enable debug mode, add "debug" after the plugin name in plugins.ini (without quotes).
L 12/31/2024 - 15:10:13: Invalid player id 0
L 12/31/2024 - 15:10:13: [AMXX] Run time error 10 (plugin "status_monitor.amxx") (native "get_user_info") - debug not enabled!
L 12/31/2024 - 15:10:13: [AMXX] To enable debug mode, add "debug" after the plugin name in plugins.ini (without quotes).
L 12/31/2024 - 15:10:47: Start of error session.
L 12/31/2024 - 15:10:47: Info (map "deathrace_calle_pg") (file "addons/amxmodx/logs/error_20241231.log")
L 12/31/2024 - 15:10:47: Invalid player id 0
L 12/31/2024 - 15:10:47: [AMXX] Run time error 10 (plugin "status_monitor.amxx") (native "get_user_info") - debug not enabled!
L 12/31/2024 - 15:10:47: [AMXX] To enable debug mode, add "debug" after the plugin name in plugins.ini (without quotes).
L 12/31/2024 - 15:16:10: Start of error session.
L 12/31/2024 - 15:16:10: Info (map "deathrace_calle_pg") (file "addons/amxmodx/logs/error_20241231.log")
L 12/31/2024 - 15:16:10: Invalid player id 0
L 12/31/2024 - 15:16:10: [AMXX] Run time error 10 (plugin "status_monitor.amxx") (native "get_user_info") - debug not enabled!
L 12/31/2024 - 15:16:10: [AMXX] To enable debug mode, add "debug" after the plugin name in plugins.ini (without quotes).
L 12/31/2024 - 15:22:41: Start of error session.
L 12/31/2024 - 15:22:41: Info (map "deathrace_calle_pg") (file "addons/amxmodx/logs/error_20241231.log")
L 12/31/2024 - 15:22:41: Invalid player id 0
L 12/31/2024 - 15:22:41: [AMXX] Run time error 10 (plugin "status_monitor.amxx") (native "get_user_info") - debug not enabled!
L 12/31/2024 - 15:22:41: [AMXX] To enable debug mode, add "debug" after the plugin name in plugins.ini (without quotes).
L 12/31/2024 - 15:27:44: Start of error session.
L 12/31/2024 - 15:27:44: Info (map "fy_titanic") (file "addons/amxmodx/logs/error_20241231.log")
L 12/31/2024 - 15:27:44: Invalid player id 0
L 12/31/2024 - 15:27:44: [AMXX] Run time error 10 (plugin "status_monitor.amxx") (native "get_user_info") - debug not enabled!
L 12/31/2024 - 15:27:44: [AMXX] To enable debug mode, add "debug" after the plugin name in plugins.ini (without quotes).
L 12/31/2024 - 15:29:40: Start of error session.
L 12/31/2024 - 15:29:40: Info (map "deathrace_calle_pg") (file "addons/amxmodx/logs/error_20241231.log")
L 12/31/2024 - 15:29:40: Invalid player id 0
L 12/31/2024 - 15:29:40: [AMXX] Run time error 10 (plugin "status_monitor.amxx") (native "get_user_info") - debug not enabled!
L 12/31/2024 - 15:29:40: [AMXX] To enable debug mode, add "debug" after the plugin name in plugins.ini (without quotes).
L 12/31/2024 - 15:30:57: Start of error session.
L 12/31/2024 - 15:30:57: Info (map "cs_assault") (file "addons/amxmodx/logs/error_20241231.log")
L 12/31/2024 - 15:30:57: Invalid player id 0
L 12/31/2024 - 15:30:57: [AMXX] Run time error 10 (plugin "status_monitor.amxx") (native "get_user_info") - debug not enabled!
L 12/31/2024 - 15:30:57: [AMXX] To enable debug mode, add "debug" after the plugin name in plugins.ini (without quotes).
L 12/31/2024 - 15:33:25: Invalid player id 0
L 12/31/2024 - 15:33:25: [AMXX] Run time error 10 (plugin "status_monitor.amxx") (native "get_user_info") - debug not enabled!
L 12/31/2024 - 15:33:25: [AMXX] To enable debug mode, add "debug" after the plugin name in plugins.ini (without quotes).
L 12/31/2024 - 15:35:08: Invalid player id 0
L 12/31/2024 - 15:35:08: [AMXX] Run time error 10 (plugin "status_monitor.amxx") (native "get_user_info") - debug not enabled!
L 12/31/2024 - 15:35:08: [AMXX] To enable debug mode, add "debug" after the plugin name in plugins.ini (without quotes).
L 12/31/2024 - 15:35:55: Invalid player id 0
L 12/31/2024 - 15:35:55: [AMXX] Run time error 10 (plugin "status_monitor.amxx") (native "get_user_info") - debug not enabled!
L 12/31/2024 - 15:35:55: [AMXX] To enable debug mode, add "debug" after the plugin name in plugins.ini (without quotes).
L 12/31/2024 - 15:39:52: Start of error session.
L 12/31/2024 - 15:39:52: Info (map "de_dust2") (file "addons/amxmodx/logs/error_20241231.log")
L 12/31/2024 - 15:39:52: Invalid player id 0
L 12/31/2024 - 15:39:52: [AMXX] Run time error 10 (plugin "status_monitor.amxx") (native "get_user_info") - debug not enabled!
L 12/31/2024 - 15:39:52: [AMXX] To enable debug mode, add "debug" after the plugin name in plugins.ini (without quotes).
L 12/31/2024 - 15:39:53: Invalid player id 0
L 12/31/2024 - 15:39:53: [AMXX] Run time error 10 (plugin "status_monitor.amxx") (native "get_user_info") - debug not enabled!
L 12/31/2024 - 15:39:53: [AMXX] To enable debug mode, add "debug" after the plugin name in plugins.ini (without quotes).
L 12/31/2024 - 15:39:53: Invalid player id 0
L 12/31/2024 - 15:39:53: [AMXX] Run time error 10 (plugin "status_monitor.amxx") (native "get_user_info") - debug not enabled!
L 12/31/2024 - 15:39:53: [AMXX] To enable debug mode, add "debug" after the plugin name in plugins.ini (without quotes).
L 12/31/2024 - 15:39:54: Invalid player id 0
L 12/31/2024 - 15:39:54: [AMXX] Run time error 10 (plugin "status_monitor.amxx") (native "get_user_info") - debug not enabled!
L 12/31/2024 - 15:39:54: [AMXX] To enable debug mode, add "debug" after the plugin name in plugins.ini (without quotes).
L 12/31/2024 - 15:41:50: Start of error session.
L 12/31/2024 - 15:41:50: Info (map "scoutzknivez") (file "addons/amxmodx/logs/error_20241231.log")
L 12/31/2024 - 15:41:50: Invalid player id 0
L 12/31/2024 - 15:41:50: [AMXX] Run time error 10 (plugin "status_monitor.amxx") (native "get_user_info") - debug not enabled!
L 12/31/2024 - 15:41:50: [AMXX] To enable debug mode, add "debug" after the plugin name in plugins.ini (without quotes).
L 12/31/2024 - 15:41:51: Invalid player id 0
L 12/31/2024 - 15:41:51: [AMXX] Run time error 10 (plugin "status_monitor.amxx") (native "get_user_info") - debug not enabled!
L 12/31/2024 - 15:41:51: [AMXX] To enable debug mode, add "debug" after the plugin name in plugins.ini (without quotes).
L 12/31/2024 - 15:41:52: Invalid player id 0
L 12/31/2024 - 15:41:52: [AMXX] Run time error 10 (plugin "status_monitor.amxx") (native "get_user_info") - debug not enabled!
L 12/31/2024 - 15:41:52: [AMXX] To enable debug mode, add "debug" after the plugin name in plugins.ini (without quotes).
L 12/31/2024 - 15:41:57: Invalid player id 0
L 12/31/2024 - 15:41:57: [AMXX] Run time error 10 (plugin "status_monitor.amxx") (native "get_user_info") - debug not enabled!
L 12/31/2024 - 15:41:57: [AMXX] To enable debug mode, add "debug" after the plugin name in plugins.ini (without quotes).
L 12/31/2024 - 15:58:47: Invalid player id 0
L 12/31/2024 - 15:58:47: [AMXX] Run time error 10 (plugin "status_monitor.amxx") (native "get_user_info") - debug not enabled!
L 12/31/2024 - 15:58:47: [AMXX] To enable debug mode, add "debug" after the plugin name in plugins.ini (without quotes).
L 12/31/2024 - 15:59:56: Invalid player id 0
L 12/31/2024 - 15:59:56: [AMXX] Run time error 10 (plugin "status_monitor.amxx") (native "get_user_info") - debug not enabled!
L 12/31/2024 - 15:59:56: [AMXX] To enable debug mode, add "debug" after the plugin name in plugins.ini (without quotes).
L 12/31/2024 - 16:00:28: Start of error session.
L 12/31/2024 - 16:00:28: Info (map "scoutzknivez") (file "addons/amxmodx/logs/error_20241231.log")
L 12/31/2024 - 16:00:28: Invalid player id 0
L 12/31/2024 - 16:00:28: [AMXX] Run time error 10 (plugin "status_monitor.amxx") (native "get_user_info") - debug not enabled!
L 12/31/2024 - 16:00:28: [AMXX] To enable debug mode, add "debug" after the plugin name in plugins.ini (without quotes).
L 12/31/2024 - 16:00:28: Invalid player id 0
L 12/31/2024 - 16:00:28: [AMXX] Run time error 10 (plugin "status_monitor.amxx") (native "get_user_info") - debug not enabled!
L 12/31/2024 - 16:00:28: [AMXX] To enable debug mode, add "debug" after the plugin name in plugins.ini (without quotes).
L 12/31/2024 - 16:00:29: Invalid player id 0
L 12/31/2024 - 16:00:29: [AMXX] Run time error 10 (plugin "status_monitor.amxx") (native "get_user_info") - debug not enabled!
L 12/31/2024 - 16:00:29: [AMXX] To enable debug mode, add "debug" after the plugin name in plugins.ini (without quotes).
L 12/31/2024 - 16:03:03: Start of error session.
L 12/31/2024 - 16:03:03: Info (map "deathrace_anal") (file "addons/amxmodx/logs/error_20241231.log")
L 12/31/2024 - 16:03:03: Invalid player id 0
L 12/31/2024 - 16:03:03: [AMXX] Run time error 10 (plugin "status_monitor.amxx") (native "get_user_info") - debug not enabled!
L 12/31/2024 - 16:03:03: [AMXX] To enable debug mode, add "debug" after the plugin name in plugins.ini (without quotes).
L 12/31/2024 - 16:03:04: Invalid player id 0
L 12/31/2024 - 16:03:04: [AMXX] Run time error 10 (plugin "status_monitor.amxx") (native "get_user_info") - debug not enabled!
L 12/31/2024 - 16:03:04: [AMXX] To enable debug mode, add "debug" after the plugin name in plugins.ini (without quotes).
L 12/31/2024 - 16:03:05: Invalid player id 0
L 12/31/2024 - 16:03:05: [AMXX] Run time error 10 (plugin "status_monitor.amxx") (native "get_user_info") - debug not enabled!
L 12/31/2024 - 16:03:05: [AMXX] To enable debug mode, add "debug" after the plugin name in plugins.ini (without quotes).
L 12/31/2024 - 16:05:11: Invalid player id 0
L 12/31/2024 - 16:05:11: [AMXX] Run time error 10 (plugin "status_monitor.amxx") (native "get_user_info") - debug not enabled!
L 12/31/2024 - 16:05:11: [AMXX] To enable debug mode, add "debug" after the plugin name in plugins.ini (without quotes).
L 12/31/2024 - 16:09:53: Start of error session.
L 12/31/2024 - 16:09:53: Info (map "carros-chocones_pg2") (file "addons/amxmodx/logs/error_20241231.log")
L 12/31/2024 - 16:09:53: Invalid player id 0
L 12/31/2024 - 16:09:53: [AMXX] Run time error 10 (plugin "status_monitor.amxx") (native "get_user_info") - debug not enabled!
L 12/31/2024 - 16:09:53: [AMXX] To enable debug mode, add "debug" after the plugin name in plugins.ini (without quotes).
L 12/31/2024 - 16:09:53: Invalid player id 0
L 12/31/2024 - 16:09:53: [AMXX] Run time error 10 (plugin "status_monitor.amxx") (native "get_user_info") - debug not enabled!
L 12/31/2024 - 16:09:53: [AMXX] To enable debug mode, add "debug" after the plugin name in plugins.ini (without quotes).
L 12/31/2024 - 16:09:54: Invalid player id 0
L 12/31/2024 - 16:09:54: [AMXX] Run time error 10 (plugin "status_monitor.amxx") (native "get_user_info") - debug not enabled!
L 12/31/2024 - 16:09:54: [AMXX] To enable debug mode, add "debug" after the plugin name in plugins.ini (without quotes).
L 12/31/2024 - 16:09:54: Invalid player id 0
L 12/31/2024 - 16:09:54: [AMXX] Run time error 10 (plugin "status_monitor.amxx") (native "get_user_info") - debug not enabled!
L 12/31/2024 - 16:09:54: [AMXX] To enable debug mode, add "debug" after the plugin name in plugins.ini (without quotes).
L 12/31/2024 - 16:19:51: Invalid player id 0
L 12/31/2024 - 16:19:51: [AMXX] Run time error 10 (plugin "status_monitor.amxx") (native "get_user_info") - debug not enabled!
L 12/31/2024 - 16:19:51: [AMXX] To enable debug mode, add "debug" after the plugin name in plugins.ini (without quotes).
L 12/31/2024 - 16:24:18: Invalid player id 0
L 12/31/2024 - 16:24:18: [AMXX] Run time error 10 (plugin "status_monitor.amxx") (native "get_user_info") - debug not enabled!
L 12/31/2024 - 16:24:18: [AMXX] To enable debug mode, add "debug" after the plugin name in plugins.ini (without quotes).
L 12/31/2024 - 16:32:17: Invalid player id 0
L 12/31/2024 - 16:32:17: [AMXX] Run time error 10 (plugin "status_monitor.amxx") (native "get_user_info") - debug not enabled!
L 12/31/2024 - 16:32:17: [AMXX] To enable debug mode, add "debug" after the plugin name in plugins.ini (without quotes).
L 12/31/2024 - 16:33:04: Start of error session.
L 12/31/2024 - 16:33:04: Info (map "carros-chocones_pg2") (file "addons/amxmodx/logs/error_20241231.log")
L 12/31/2024 - 16:33:04: Invalid player id 0
L 12/31/2024 - 16:33:04: [AMXX] Run time error 10 (plugin "status_monitor.amxx") (native "get_user_info") - debug not enabled!
L 12/31/2024 - 16:33:04: [AMXX] To enable debug mode, add "debug" after the plugin name in plugins.ini (without quotes).
L 12/31/2024 - 16:33:04: Invalid player id 0
L 12/31/2024 - 16:33:04: [AMXX] Run time error 10 (plugin "status_monitor.amxx") (native "get_user_info") - debug not enabled!
L 12/31/2024 - 16:33:04: [AMXX] To enable debug mode, add "debug" after the plugin name in plugins.ini (without quotes).
L 12/31/2024 - 16:33:05: Invalid player id 0
L 12/31/2024 - 16:33:05: [AMXX] Run time error 10 (plugin "status_monitor.amxx") (native "get_user_info") - debug not enabled!
L 12/31/2024 - 16:33:05: [AMXX] To enable debug mode, add "debug" after the plugin name in plugins.ini (without quotes).
L 12/31/2024 - 16:33:06: Invalid player id 0
L 12/31/2024 - 16:33:06: [AMXX] Run time error 10 (plugin "status_monitor.amxx") (native "get_user_info") - debug not enabled!
L 12/31/2024 - 16:33:06: [AMXX] To enable debug mode, add "debug" after the plugin name in plugins.ini (without quotes).
L 12/31/2024 - 16:33:06: Invalid player id 0
L 12/31/2024 - 16:33:06: [AMXX] Run time error 10 (plugin "status_monitor.amxx") (native "get_user_info") - debug not enabled!
L 12/31/2024 - 16:33:06: [AMXX] To enable debug mode, add "debug" after the plugin name in plugins.ini (without quotes).
L 12/31/2024 - 16:33:07: Invalid player id 0
L 12/31/2024 - 16:33:07: [AMXX] Run time error 10 (plugin "status_monitor.amxx") (native "get_user_info") - debug not enabled!
L 12/31/2024 - 16:33:07: [AMXX] To enable debug mode, add "debug" after the plugin name in plugins.ini (without quotes).
L 12/31/2024 - 16:33:08: Invalid player id 0
L 12/31/2024 - 16:33:08: [AMXX] Run time error 10 (plugin "status_monitor.amxx") (native "get_user_info") - debug not enabled!
L 12/31/2024 - 16:33:08: [AMXX] To enable debug mode, add "debug" after the plugin name in plugins.ini (without quotes).
L 12/31/2024 - 16:36:15: Invalid player id 0
L 12/31/2024 - 16:36:15: [AMXX] Run time error 10 (plugin "status_monitor.amxx") (native "get_user_info") - debug not enabled!
L 12/31/2024 - 16:36:15: [AMXX] To enable debug mode, add "debug" after the plugin name in plugins.ini (without quotes).
L 12/31/2024 - 16:37:26: Invalid player id 0
L 12/31/2024 - 16:37:26: [AMXX] Run time error 10 (plugin "status_monitor.amxx") (native "get_user_info") - debug not enabled!
L 12/31/2024 - 16:37:26: [AMXX] To enable debug mode, add "debug" after the plugin name in plugins.ini (without quotes).
L 12/31/2024 - 16:37:47: Invalid player id 0
L 12/31/2024 - 16:37:47: [AMXX] Run time error 10 (plugin "status_monitor.amxx") (native "get_user_info") - debug not enabled!
L 12/31/2024 - 16:37:47: [AMXX] To enable debug mode, add "debug" after the plugin name in plugins.ini (without quotes).
L 12/31/2024 - 16:39:14: Invalid player id 0
L 12/31/2024 - 16:39:14: [AMXX] Run time error 10 (plugin "status_monitor.amxx") (native "get_user_info") - debug not enabled!
L 12/31/2024 - 16:39:14: [AMXX] To enable debug mode, add "debug" after the plugin name in plugins.ini (without quotes).
L 12/31/2024 - 16:43:35: Invalid player id 0
L 12/31/2024 - 16:43:35: [AMXX] Run time error 10 (plugin "status_monitor.amxx") (native "get_user_info") - debug not enabled!
L 12/31/2024 - 16:43:35: [AMXX] To enable debug mode, add "debug" after the plugin name in plugins.ini (without quotes).
L 12/31/2024 - 16:46:17: Start of error session.
L 12/31/2024 - 16:46:17: Info (map "carros-chocones_pg2") (file "addons/amxmodx/logs/error_20241231.log")
L 12/31/2024 - 16:46:17: Invalid player id 0
L 12/31/2024 - 16:46:17: [AMXX] Run time error 10 (plugin "status_monitor.amxx") (native "get_user_info") - debug not enabled!
L 12/31/2024 - 16:46:17: [AMXX] To enable debug mode, add "debug" after the plugin name in plugins.ini (without quotes).
L 12/31/2024 - 16:46:17: Invalid player id 0
L 12/31/2024 - 16:46:17: [AMXX] Run time error 10 (plugin "status_monitor.amxx") (native "get_user_info") - debug not enabled!
L 12/31/2024 - 16:46:17: [AMXX] To enable debug mode, add "debug" after the plugin name in plugins.ini (without quotes).
L 12/31/2024 - 16:46:17: Invalid player id 0
L 12/31/2024 - 16:46:17: [AMXX] Run time error 10 (plugin "status_monitor.amxx") (native "get_user_info") - debug not enabled!
L 12/31/2024 - 16:46:17: [AMXX] To enable debug mode, add "debug" after the plugin name in plugins.ini (without quotes).
L 12/31/2024 - 16:46:17: Invalid player id 0
L 12/31/2024 - 16:46:17: [AMXX] Run time error 10 (plugin "status_monitor.amxx") (native "get_user_info") - debug not enabled!
L 12/31/2024 - 16:46:17: [AMXX] To enable debug mode, add "debug" after the plugin name in plugins.ini (without quotes).
L 12/31/2024 - 16:46:18: Invalid player id 0
L 12/31/2024 - 16:46:18: [AMXX] Run time error 10 (plugin "status_monitor.amxx") (native "get_user_info") - debug not enabled!
L 12/31/2024 - 16:46:18: [AMXX] To enable debug mode, add "debug" after the plugin name in plugins.ini (without quotes).
L 12/31/2024 - 16:47:04: Invalid player id 0
L 12/31/2024 - 16:47:04: [AMXX] Run time error 10 (plugin "status_monitor.amxx") (native "get_user_info") - debug not enabled!
L 12/31/2024 - 16:47:04: [AMXX] To enable debug mode, add "debug" after the plugin name in plugins.ini (without quotes).
L 12/31/2024 - 16:48:48: Start of error session.
L 12/31/2024 - 16:48:48: Info (map "cs_assault") (file "addons/amxmodx/logs/error_20241231.log")
L 12/31/2024 - 16:48:48: Invalid player id 0
L 12/31/2024 - 16:48:48: [AMXX] Run time error 10 (plugin "status_monitor.amxx") (native "get_user_info") - debug not enabled!
L 12/31/2024 - 16:48:48: [AMXX] To enable debug mode, add "debug" after the plugin name in plugins.ini (without quotes).
L 12/31/2024 - 16:48:49: Invalid player id 0
L 12/31/2024 - 16:48:49: [AMXX] Run time error 10 (plugin "status_monitor.amxx") (native "get_user_info") - debug not enabled!
L 12/31/2024 - 16:48:49: [AMXX] To enable debug mode, add "debug" after the plugin name in plugins.ini (without quotes).
L 12/31/2024 - 16:48:51: Invalid player id 0
L 12/31/2024 - 16:48:51: [AMXX] Run time error 10 (plugin "status_monitor.amxx") (native "get_user_info") - debug not enabled!
L 12/31/2024 - 16:48:51: [AMXX] To enable debug mode, add "debug" after the plugin name in plugins.ini (without quotes).
L 12/31/2024 - 16:48:52: Invalid player id 0
L 12/31/2024 - 16:48:52: [AMXX] Run time error 10 (plugin "status_monitor.amxx") (native "get_user_info") - debug not enabled!
L 12/31/2024 - 16:48:52: [AMXX] To enable debug mode, add "debug" after the plugin name in plugins.ini (without quotes).
L 12/31/2024 - 16:54:50: Invalid player id 0
L 12/31/2024 - 16:54:50: [AMXX] Run time error 10 (plugin "status_monitor.amxx") (native "get_user_info") - debug not enabled!
L 12/31/2024 - 16:54:50: [AMXX] To enable debug mode, add "debug" after the plugin name in plugins.ini (without quotes).
L 12/31/2024 - 16:55:12: Invalid player id 0
L 12/31/2024 - 16:55:12: [AMXX] Run time error 10 (plugin "status_monitor.amxx") (native "get_user_info") - debug not enabled!
L 12/31/2024 - 16:55:12: [AMXX] To enable debug mode, add "debug" after the plugin name in plugins.ini (without quotes).
L 12/31/2024 - 16:57:36: Invalid player id 0
L 12/31/2024 - 16:57:36: [AMXX] Run time error 10 (plugin "status_monitor.amxx") (native "get_user_info") - debug not enabled!
L 12/31/2024 - 16:57:36: [AMXX] To enable debug mode, add "debug" after the plugin name in plugins.ini (without quotes).
L 12/31/2024 - 17:04:19: Invalid player id 0
L 12/31/2024 - 17:04:19: [AMXX] Run time error 10 (plugin "status_monitor.amxx") (native "get_user_info") - debug not enabled!
L 12/31/2024 - 17:04:19: [AMXX] To enable debug mode, add "debug" after the plugin name in plugins.ini (without quotes).
L 12/31/2024 - 17:07:36: Invalid player id 0
L 12/31/2024 - 17:07:36: [AMXX] Run time error 10 (plugin "status_monitor.amxx") (native "get_user_info") - debug not enabled!
L 12/31/2024 - 17:07:36: [AMXX] To enable debug mode, add "debug" after the plugin name in plugins.ini (without quotes).
L 12/31/2024 - 17:08:47: Invalid player id 0
L 12/31/2024 - 17:08:47: [AMXX] Run time error 10 (plugin "status_monitor.amxx") (native "get_user_info") - debug not enabled!
L 12/31/2024 - 17:08:47: [AMXX] To enable debug mode, add "debug" after the plugin name in plugins.ini (without quotes).
L 12/31/2024 - 17:08:51: Invalid player id 0
L 12/31/2024 - 17:08:51: [AMXX] Run time error 10 (plugin "status_monitor.amxx") (native "get_user_info") - debug not enabled!
L 12/31/2024 - 17:08:51: [AMXX] To enable debug mode, add "debug" after the plugin name in plugins.ini (without quotes).
L 12/31/2024 - 17:09:20: Start of error session.
L 12/31/2024 - 17:09:20: Info (map "cs_backalley") (file "addons/amxmodx/logs/error_20241231.log")
L 12/31/2024 - 17:09:20: Invalid player id 0
L 12/31/2024 - 17:09:20: [AMXX] Run time error 10 (plugin "status_monitor.amxx") (native "get_user_info") - debug not enabled!
L 12/31/2024 - 17:09:20: [AMXX] To enable debug mode, add "debug" after the plugin name in plugins.ini (without quotes).
L 12/31/2024 - 17:09:21: Invalid player id 0
L 12/31/2024 - 17:09:21: [AMXX] Run time error 10 (plugin "status_monitor.amxx") (native "get_user_info") - debug not enabled!
L 12/31/2024 - 17:09:21: [AMXX] To enable debug mode, add "debug" after the plugin name in plugins.ini (without quotes).
L 12/31/2024 - 17:09:21: Invalid player id 0
L 12/31/2024 - 17:09:21: [AMXX] Run time error 10 (plugin "status_monitor.amxx") (native "get_user_info") - debug not enabled!
L 12/31/2024 - 17:09:21: [AMXX] To enable debug mode, add "debug" after the plugin name in plugins.ini (without quotes).
L 12/31/2024 - 17:09:22: Invalid player id 0
L 12/31/2024 - 17:09:22: [AMXX] Run time error 10 (plugin "status_monitor.amxx") (native "get_user_info") - debug not enabled!
L 12/31/2024 - 17:09:22: [AMXX] To enable debug mode, add "debug" after the plugin name in plugins.ini (without quotes).
L 12/31/2024 - 17:09:22: Invalid player id 0
L 12/31/2024 - 17:09:22: [AMXX] Run time error 10 (plugin "status_monitor.amxx") (native "get_user_info") - debug not enabled!
L 12/31/2024 - 17:09:22: [AMXX] To enable debug mode, add "debug" after the plugin name in plugins.ini (without quotes).
L 12/31/2024 - 17:09:22: Invalid player id 0
L 12/31/2024 - 17:09:22: [AMXX] Run time error 10 (plugin "status_monitor.amxx") (native "get_user_info") - debug not enabled!
L 12/31/2024 - 17:09:22: [AMXX] To enable debug mode, add "debug" after the plugin name in plugins.ini (without quotes).
L 12/31/2024 - 17:09:22: Invalid player id 0
L 12/31/2024 - 17:09:22: [AMXX] Run time error 10 (plugin "status_monitor.amxx") (native "get_user_info") - debug not enabled!
L 12/31/2024 - 17:09:22: [AMXX] To enable debug mode, add "debug" after the plugin name in plugins.ini (without quotes).
L 12/31/2024 - 17:09:23: Invalid player id 0
L 12/31/2024 - 17:09:23: [AMXX] Run time error 10 (plugin "status_monitor.amxx") (native "get_user_info") - debug not enabled!
L 12/31/2024 - 17:09:23: [AMXX] To enable debug mode, add "debug" after the plugin name in plugins.ini (without quotes).
L 12/31/2024 - 17:10:39: Start of error session.
L 12/31/2024 - 17:10:39: Info (map "aim_map") (file "addons/amxmodx/logs/error_20241231.log")
L 12/31/2024 - 17:10:39: Invalid player id 0
L 12/31/2024 - 17:10:39: [AMXX] Run time error 10 (plugin "status_monitor.amxx") (native "get_user_info") - debug not enabled!
L 12/31/2024 - 17:10:39: [AMXX] To enable debug mode, add "debug" after the plugin name in plugins.ini (without quotes).
L 12/31/2024 - 17:10:39: Invalid player id 0
L 12/31/2024 - 17:10:39: [AMXX] Run time error 10 (plugin "status_monitor.amxx") (native "get_user_info") - debug not enabled!
L 12/31/2024 - 17:10:39: [AMXX] To enable debug mode, add "debug" after the plugin name in plugins.ini (without quotes).
L 12/31/2024 - 17:10:39: Invalid player id 0
L 12/31/2024 - 17:10:39: [AMXX] Run time error 10 (plugin "status_monitor.amxx") (native "get_user_info") - debug not enabled!
L 12/31/2024 - 17:10:39: [AMXX] To enable debug mode, add "debug" after the plugin name in plugins.ini (without quotes).
L 12/31/2024 - 17:10:40: Invalid player id 0
L 12/31/2024 - 17:10:40: [AMXX] Run time error 10 (plugin "status_monitor.amxx") (native "get_user_info") - debug not enabled!
L 12/31/2024 - 17:10:40: [AMXX] To enable debug mode, add "debug" after the plugin name in plugins.ini (without quotes).
L 12/31/2024 - 17:10:40: Invalid player id 0
L 12/31/2024 - 17:10:40: [AMXX] Run time error 10 (plugin "status_monitor.amxx") (native "get_user_info") - debug not enabled!
L 12/31/2024 - 17:10:40: [AMXX] To enable debug mode, add "debug" after the plugin name in plugins.ini (without quotes).
L 12/31/2024 - 17:10:41: Invalid player id 0
L 12/31/2024 - 17:10:41: [AMXX] Run time error 10 (plugin "status_monitor.amxx") (native "get_user_info") - debug not enabled!
L 12/31/2024 - 17:10:41: [AMXX] To enable debug mode, add "debug" after the plugin name in plugins.ini (without quotes).
L 12/31/2024 - 17:10:42: Invalid player id 0
L 12/31/2024 - 17:10:42: [AMXX] Run time error 10 (plugin "status_monitor.amxx") (native "get_user_info") - debug not enabled!
L 12/31/2024 - 17:10:42: [AMXX] To enable debug mode, add "debug" after the plugin name in plugins.ini (without quotes).
L 12/31/2024 - 17:10:48: Invalid player id 0
L 12/31/2024 - 17:10:48: [AMXX] Run time error 10 (plugin "status_monitor.amxx") (native "get_user_info") - debug not enabled!
L 12/31/2024 - 17:10:48: [AMXX] To enable debug mode, add "debug" after the plugin name in plugins.ini (without quotes).
L 12/31/2024 - 17:12:17: Invalid player id 0
L 12/31/2024 - 17:12:17: [AMXX] Run time error 10 (plugin "status_monitor.amxx") (native "get_user_info") - debug not enabled!
L 12/31/2024 - 17:12:17: [AMXX] To enable debug mode, add "debug" after the plugin name in plugins.ini (without quotes).
L 12/31/2024 - 17:14:35: Invalid player id 0
L 12/31/2024 - 17:14:35: [AMXX] Run time error 10 (plugin "status_monitor.amxx") (native "get_user_info") - debug not enabled!
L 12/31/2024 - 17:14:35: [AMXX] To enable debug mode, add "debug" after the plugin name in plugins.ini (without quotes).
L 12/31/2024 - 17:15:43: Invalid player id 0
L 12/31/2024 - 17:15:43: [AMXX] Run time error 10 (plugin "status_monitor.amxx") (native "get_user_info") - debug not enabled!
L 12/31/2024 - 17:15:43: [AMXX] To enable debug mode, add "debug" after the plugin name in plugins.ini (without quotes).
L 12/31/2024 - 17:16:57: Invalid player id 0
L 12/31/2024 - 17:16:57: [AMXX] Run time error 10 (plugin "status_monitor.amxx") (native "get_user_info") - debug not enabled!
L 12/31/2024 - 17:16:57: [AMXX] To enable debug mode, add "debug" after the plugin name in plugins.ini (without quotes).
L 12/31/2024 - 17:17:02: Invalid player id 0
L 12/31/2024 - 17:17:02: [AMXX] Run time error 10 (plugin "status_monitor.amxx") (native "get_user_info") - debug not enabled!
L 12/31/2024 - 17:17:02: [AMXX] To enable debug mode, add "debug" after the plugin name in plugins.ini (without quotes).
L 12/31/2024 - 17:17:06: Invalid player id 0
L 12/31/2024 - 17:17:06: [AMXX] Run time error 10 (plugin "status_monitor.amxx") (native "get_user_info") - debug not enabled!
L 12/31/2024 - 17:17:06: [AMXX] To enable debug mode, add "debug" after the plugin name in plugins.ini (without quotes).
L 12/31/2024 - 17:17:16: Invalid player id 0
L 12/31/2024 - 17:17:16: [AMXX] Run time error 10 (plugin "status_monitor.amxx") (native "get_user_info") - debug not enabled!
L 12/31/2024 - 17:17:16: [AMXX] To enable debug mode, add "debug" after the plugin name in plugins.ini (without quotes).
L 12/31/2024 - 17:31:07: Start of error session.
L 12/31/2024 - 17:31:07: Info (map "as_crazytank3") (file "addons/amxmodx/logs/error_20241231.log")
L 12/31/2024 - 17:31:07: Invalid player id 0
L 12/31/2024 - 17:31:07: [AMXX] Run time error 10 (plugin "status_monitor.amxx") (native "get_user_info") - debug not enabled!
L 12/31/2024 - 17:31:07: [AMXX] To enable debug mode, add "debug" after the plugin name in plugins.ini (without quotes).
L 12/31/2024 - 17:31:07: Invalid player id 0
L 12/31/2024 - 17:31:07: [AMXX] Run time error 10 (plugin "status_monitor.amxx") (native "get_user_info") - debug not enabled!
L 12/31/2024 - 17:31:07: [AMXX] To enable debug mode, add "debug" after the plugin name in plugins.ini (without quotes).
L 12/31/2024 - 17:31:12: Invalid player id 0
L 12/31/2024 - 17:31:12: [AMXX] Run time error 10 (plugin "status_monitor.amxx") (native "get_user_info") - debug not enabled!
L 12/31/2024 - 17:31:12: [AMXX] To enable debug mode, add "debug" after the plugin name in plugins.ini (without quotes).
L 12/31/2024 - 17:31:13: Invalid player id 0
L 12/31/2024 - 17:31:13: [AMXX] Run time error 10 (plugin "status_monitor.amxx") (native "get_user_info") - debug not enabled!
L 12/31/2024 - 17:31:13: [AMXX] To enable debug mode, add "debug" after the plugin name in plugins.ini (without quotes).
L 12/31/2024 - 17:31:27: Invalid player id 0
L 12/31/2024 - 17:31:27: [AMXX] Run time error 10 (plugin "status_monitor.amxx") (native "get_user_info") - debug not enabled!
L 12/31/2024 - 17:31:27: [AMXX] To enable debug mode, add "debug" after the plugin name in plugins.ini (without quotes).
L 12/31/2024 - 17:43:13: Invalid player id 0
L 12/31/2024 - 17:43:13: [AMXX] Run time error 10 (plugin "status_monitor.amxx") (native "get_user_info") - debug not enabled!
L 12/31/2024 - 17:43:13: [AMXX] To enable debug mode, add "debug" after the plugin name in plugins.ini (without quotes).
L 12/31/2024 - 17:43:37: Invalid player id 0
L 12/31/2024 - 17:43:37: [AMXX] Run time error 10 (plugin "status_monitor.amxx") (native "get_user_info") - debug not enabled!
L 12/31/2024 - 17:43:37: [AMXX] To enable debug mode, add "debug" after the plugin name in plugins.ini (without quotes).
L 12/31/2024 - 17:48:58: Start of error session.
L 12/31/2024 - 17:48:58: Info (map "as_metropolitano_pg") (file "addons/amxmodx/logs/error_20241231.log")
L 12/31/2024 - 17:48:58: Invalid player id 0
L 12/31/2024 - 17:48:58: [AMXX] Run time error 10 (plugin "status_monitor.amxx") (native "get_user_info") - debug not enabled!
L 12/31/2024 - 17:48:58: [AMXX] To enable debug mode, add "debug" after the plugin name in plugins.ini (without quotes).
L 12/31/2024 - 17:48:59: Invalid player id 0
L 12/31/2024 - 17:48:59: [AMXX] Run time error 10 (plugin "status_monitor.amxx") (native "get_user_info") - debug not enabled!
L 12/31/2024 - 17:48:59: [AMXX] To enable debug mode, add "debug" after the plugin name in plugins.ini (without quotes).
L 12/31/2024 - 17:49:00: Invalid player id 0
L 12/31/2024 - 17:49:00: [AMXX] Run time error 10 (plugin "status_monitor.amxx") (native "get_user_info") - debug not enabled!
L 12/31/2024 - 17:49:00: [AMXX] To enable debug mode, add "debug" after the plugin name in plugins.ini (without quotes).
L 12/31/2024 - 17:49:01: Invalid player id 0
L 12/31/2024 - 17:49:01: [AMXX] Run time error 10 (plugin "status_monitor.amxx") (native "get_user_info") - debug not enabled!
L 12/31/2024 - 17:49:01: [AMXX] To enable debug mode, add "debug" after the plugin name in plugins.ini (without quotes).
L 12/31/2024 - 17:58:25: Invalid player id 0
L 12/31/2024 - 17:58:25: [AMXX] Run time error 10 (plugin "status_monitor.amxx") (native "get_user_info") - debug not enabled!
L 12/31/2024 - 17:58:25: [AMXX] To enable debug mode, add "debug" after the plugin name in plugins.ini (without quotes).
L 12/31/2024 - 18:15:19: Start of error session.
L 12/31/2024 - 18:15:19: Info (map "as_oilrig") (file "addons/amxmodx/logs/error_20241231.log")
L 12/31/2024 - 18:15:19: Invalid player id 0
L 12/31/2024 - 18:15:19: [AMXX] Run time error 10 (plugin "status_monitor.amxx") (native "get_user_info") - debug not enabled!
L 12/31/2024 - 18:15:19: [AMXX] To enable debug mode, add "debug" after the plugin name in plugins.ini (without quotes).
L 12/31/2024 - 18:16:36: Invalid player id 0
L 12/31/2024 - 18:16:36: [AMXX] Run time error 10 (plugin "status_monitor.amxx") (native "get_user_info") - debug not enabled!
L 12/31/2024 - 18:16:36: [AMXX] To enable debug mode, add "debug" after the plugin name in plugins.ini (without quotes).
L 12/31/2024 - 18:17:08: Start of error session.
L 12/31/2024 - 18:17:08: Info (map "as_oilrig") (file "addons/amxmodx/logs/error_20241231.log")
L 12/31/2024 - 18:17:08: Function "cmdShowMods" was not found
L 12/31/2024 - 18:17:08: [AMXX] Displaying debug trace (plugin "polymorph.amxx", version "1.1.3")
L 12/31/2024 - 18:17:08: [AMXX] Run time error 19: function not found 
L 12/31/2024 - 18:17:08: [AMXX]    [0] polymorph.sma::plugin_init (line 163)
L 12/31/2024 - 18:17:19: Invalid player id 0
L 12/31/2024 - 18:17:19: [AMXX] Run time error 10 (plugin "status_monitor.amxx") (native "get_user_info") - debug not enabled!
L 12/31/2024 - 18:17:19: [AMXX] To enable debug mode, add "debug" after the plugin name in plugins.ini (without quotes).
L 12/31/2024 - 18:17:19: Invalid player id 0
L 12/31/2024 - 18:17:19: [AMXX] Run time error 10 (plugin "status_monitor.amxx") (native "get_user_info") - debug not enabled!
L 12/31/2024 - 18:17:19: [AMXX] To enable debug mode, add "debug" after the plugin name in plugins.ini (without quotes).
L 12/31/2024 - 18:18:42: Invalid player id 0
L 12/31/2024 - 18:18:42: [AMXX] Run time error 10 (plugin "status_monitor.amxx") (native "get_user_info") - debug not enabled!
L 12/31/2024 - 18:18:42: [AMXX] To enable debug mode, add "debug" after the plugin name in plugins.ini (without quotes).
L 12/31/2024 - 18:22:00: String formatted incorrectly - parameter 7 (total 6)
L 12/31/2024 - 18:22:00: [AMXX] Run time error 25 (plugin "admincmd.amxx") - debug not enabled!
L 12/31/2024 - 18:22:00: [AMXX] To enable debug mode, add "debug" after the plugin name in plugins.ini (without quotes).
L 12/31/2024 - 18:22:27: String formatted incorrectly - parameter 7 (total 6)
L 12/31/2024 - 18:22:27: [AMXX] Run time error 25 (plugin "admincmd.amxx") - debug not enabled!
L 12/31/2024 - 18:22:27: [AMXX] To enable debug mode, add "debug" after the plugin name in plugins.ini (without quotes).
L 12/31/2024 - 18:22:28: String formatted incorrectly - parameter 7 (total 6)
L 12/31/2024 - 18:22:28: [AMXX] Run time error 25 (plugin "admincmd.amxx") - debug not enabled!
L 12/31/2024 - 18:22:28: [AMXX] To enable debug mode, add "debug" after the plugin name in plugins.ini (without quotes).
L 12/31/2024 - 18:22:30: String formatted incorrectly - parameter 7 (total 6)
L 12/31/2024 - 18:22:30: [AMXX] Run time error 25 (plugin "admincmd.amxx") - debug not enabled!
L 12/31/2024 - 18:22:30: [AMXX] To enable debug mode, add "debug" after the plugin name in plugins.ini (without quotes).
L 12/31/2024 - 18:22:31: String formatted incorrectly - parameter 6 (total 5)
L 12/31/2024 - 18:22:31: [AMXX] Run time error 25 (plugin "admincmd.amxx") - debug not enabled!
L 12/31/2024 - 18:22:31: [AMXX] To enable debug mode, add "debug" after the plugin name in plugins.ini (without quotes).
L 12/31/2024 - 18:22:38: String formatted incorrectly - parameter 6 (total 5)
L 12/31/2024 - 18:22:38: [AMXX] Run time error 25 (plugin "admincmd.amxx") - debug not enabled!
L 12/31/2024 - 18:22:38: [AMXX] To enable debug mode, add "debug" after the plugin name in plugins.ini (without quotes).
L 12/31/2024 - 18:22:40: String formatted incorrectly - parameter 7 (total 6)
L 12/31/2024 - 18:22:40: [AMXX] Run time error 25 (plugin "admincmd.amxx") - debug not enabled!
L 12/31/2024 - 18:22:40: [AMXX] To enable debug mode, add "debug" after the plugin name in plugins.ini (without quotes).
L 12/31/2024 - 18:22:41: String formatted incorrectly - parameter 7 (total 6)
L 12/31/2024 - 18:22:41: [AMXX] Run time error 25 (plugin "admincmd.amxx") - debug not enabled!
L 12/31/2024 - 18:22:41: [AMXX] To enable debug mode, add "debug" after the plugin name in plugins.ini (without quotes).
L 12/31/2024 - 18:23:48: Start of error session.
L 12/31/2024 - 18:23:48: Info (map "de_dust2") (file "addons/amxmodx/logs/error_20241231.log")
L 12/31/2024 - 18:23:48: Invalid player id 0
L 12/31/2024 - 18:23:48: [AMXX] Run time error 10 (plugin "status_monitor.amxx") (native "get_user_info") - debug not enabled!
L 12/31/2024 - 18:23:48: [AMXX] To enable debug mode, add "debug" after the plugin name in plugins.ini (without quotes).
L 12/31/2024 - 18:23:48: Invalid player id 0
L 12/31/2024 - 18:23:48: [AMXX] Run time error 10 (plugin "status_monitor.amxx") (native "get_user_info") - debug not enabled!
L 12/31/2024 - 18:23:48: [AMXX] To enable debug mode, add "debug" after the plugin name in plugins.ini (without quotes).
L 12/31/2024 - 18:23:48: Invalid player id 0
L 12/31/2024 - 18:23:48: [AMXX] Run time error 10 (plugin "status_monitor.amxx") (native "get_user_info") - debug not enabled!
L 12/31/2024 - 18:23:48: [AMXX] To enable debug mode, add "debug" after the plugin name in plugins.ini (without quotes).
L 12/31/2024 - 18:23:50: Invalid player id 0
L 12/31/2024 - 18:23:50: [AMXX] Run time error 10 (plugin "status_monitor.amxx") (native "get_user_info") - debug not enabled!
L 12/31/2024 - 18:23:50: [AMXX] To enable debug mode, add "debug" after the plugin name in plugins.ini (without quotes).
L 12/31/2024 - 18:25:06: Start of error session.
L 12/31/2024 - 18:25:06: Info (map "de_dust2") (file "addons/amxmodx/logs/error_20241231.log")
L 12/31/2024 - 18:25:06: Invalid player id 0
L 12/31/2024 - 18:25:06: [AMXX] Run time error 10 (plugin "status_monitor.amxx") (native "get_user_info") - debug not enabled!
L 12/31/2024 - 18:25:06: [AMXX] To enable debug mode, add "debug" after the plugin name in plugins.ini (without quotes).
L 12/31/2024 - 18:25:06: Invalid player id 0
L 12/31/2024 - 18:25:06: [AMXX] Run time error 10 (plugin "status_monitor.amxx") (native "get_user_info") - debug not enabled!
L 12/31/2024 - 18:25:06: [AMXX] To enable debug mode, add "debug" after the plugin name in plugins.ini (without quotes).
L 12/31/2024 - 18:25:06: Invalid player id 0
L 12/31/2024 - 18:25:06: [AMXX] Run time error 10 (plugin "status_monitor.amxx") (native "get_user_info") - debug not enabled!
L 12/31/2024 - 18:25:06: [AMXX] To enable debug mode, add "debug" after the plugin name in plugins.ini (without quotes).
L 12/31/2024 - 18:25:07: Invalid player id 0
L 12/31/2024 - 18:25:07: [AMXX] Run time error 10 (plugin "status_monitor.amxx") (native "get_user_info") - debug not enabled!
L 12/31/2024 - 18:25:07: [AMXX] To enable debug mode, add "debug" after the plugin name in plugins.ini (without quotes).
L 12/31/2024 - 18:27:21: Invalid player id 0
L 12/31/2024 - 18:27:21: [AMXX] Run time error 10 (plugin "status_monitor.amxx") (native "get_user_info") - debug not enabled!
L 12/31/2024 - 18:27:21: [AMXX] To enable debug mode, add "debug" after the plugin name in plugins.ini (without quotes).
L 12/31/2024 - 18:29:55: Start of error session.
L 12/31/2024 - 18:29:55: Info (map "de_dust2") (file "addons/amxmodx/logs/error_20241231.log")
L 12/31/2024 - 18:29:55: Invalid player id 0
L 12/31/2024 - 18:29:55: [AMXX] Run time error 10 (plugin "status_monitor.amxx") (native "get_user_info") - debug not enabled!
L 12/31/2024 - 18:29:55: [AMXX] To enable debug mode, add "debug" after the plugin name in plugins.ini (without quotes).
L 12/31/2024 - 18:29:55: Invalid player id 0
L 12/31/2024 - 18:29:55: [AMXX] Run time error 10 (plugin "status_monitor.amxx") (native "get_user_info") - debug not enabled!
L 12/31/2024 - 18:29:55: [AMXX] To enable debug mode, add "debug" after the plugin name in plugins.ini (without quotes).
L 12/31/2024 - 18:29:55: Invalid player id 0
L 12/31/2024 - 18:29:55: [AMXX] Run time error 10 (plugin "status_monitor.amxx") (native "get_user_info") - debug not enabled!
L 12/31/2024 - 18:29:55: [AMXX] To enable debug mode, add "debug" after the plugin name in plugins.ini (without quotes).
L 12/31/2024 - 18:29:55: Invalid player id 0
L 12/31/2024 - 18:29:55: [AMXX] Run time error 10 (plugin "status_monitor.amxx") (native "get_user_info") - debug not enabled!
L 12/31/2024 - 18:29:55: [AMXX] To enable debug mode, add "debug" after the plugin name in plugins.ini (without quotes).
L 12/31/2024 - 18:29:56: Invalid player id 0
L 12/31/2024 - 18:29:56: [AMXX] Run time error 10 (plugin "status_monitor.amxx") (native "get_user_info") - debug not enabled!
L 12/31/2024 - 18:29:56: [AMXX] To enable debug mode, add "debug" after the plugin name in plugins.ini (without quotes).
L 12/31/2024 - 18:35:42: Invalid player id 0
L 12/31/2024 - 18:35:42: [AMXX] Run time error 10 (plugin "status_monitor.amxx") (native "get_user_info") - debug not enabled!
L 12/31/2024 - 18:35:42: [AMXX] To enable debug mode, add "debug" after the plugin name in plugins.ini (without quotes).
L 12/31/2024 - 18:36:36: Invalid player id 0
L 12/31/2024 - 18:36:36: [AMXX] Run time error 10 (plugin "status_monitor.amxx") (native "get_user_info") - debug not enabled!
L 12/31/2024 - 18:36:36: [AMXX] To enable debug mode, add "debug" after the plugin name in plugins.ini (without quotes).
L 12/31/2024 - 18:38:11: Start of error session.
L 12/31/2024 - 18:38:11: Info (map "de_dust2") (file "addons/amxmodx/logs/error_20241231.log")
L 12/31/2024 - 18:38:11: Invalid player id 0
L 12/31/2024 - 18:38:11: [AMXX] Run time error 10 (plugin "status_monitor.amxx") (native "get_user_info") - debug not enabled!
L 12/31/2024 - 18:38:11: [AMXX] To enable debug mode, add "debug" after the plugin name in plugins.ini (without quotes).
L 12/31/2024 - 18:38:12: Invalid player id 0
L 12/31/2024 - 18:38:12: [AMXX] Run time error 10 (plugin "status_monitor.amxx") (native "get_user_info") - debug not enabled!
L 12/31/2024 - 18:38:12: [AMXX] To enable debug mode, add "debug" after the plugin name in plugins.ini (without quotes).
L 12/31/2024 - 18:38:12: Invalid player id 0
L 12/31/2024 - 18:38:12: [AMXX] Run time error 10 (plugin "status_monitor.amxx") (native "get_user_info") - debug not enabled!
L 12/31/2024 - 18:38:12: [AMXX] To enable debug mode, add "debug" after the plugin name in plugins.ini (without quotes).
L 12/31/2024 - 18:38:12: Invalid player id 0
L 12/31/2024 - 18:38:12: [AMXX] Run time error 10 (plugin "status_monitor.amxx") (native "get_user_info") - debug not enabled!
L 12/31/2024 - 18:38:12: [AMXX] To enable debug mode, add "debug" after the plugin name in plugins.ini (without quotes).
L 12/31/2024 - 18:38:12: Invalid player id 0
L 12/31/2024 - 18:38:12: [AMXX] Run time error 10 (plugin "status_monitor.amxx") (native "get_user_info") - debug not enabled!
L 12/31/2024 - 18:38:12: [AMXX] To enable debug mode, add "debug" after the plugin name in plugins.ini (without quotes).
L 12/31/2024 - 18:38:13: Invalid player id 0
L 12/31/2024 - 18:38:13: [AMXX] Run time error 10 (plugin "status_monitor.amxx") (native "get_user_info") - debug not enabled!
L 12/31/2024 - 18:38:13: [AMXX] To enable debug mode, add "debug" after the plugin name in plugins.ini (without quotes).
L 12/31/2024 - 18:38:56: Invalid player id 0
L 12/31/2024 - 18:38:56: [AMXX] Run time error 10 (plugin "status_monitor.amxx") (native "get_user_info") - debug not enabled!
L 12/31/2024 - 18:38:56: [AMXX] To enable debug mode, add "debug" after the plugin name in plugins.ini (without quotes).
L 12/31/2024 - 18:42:28: Invalid player id 0
L 12/31/2024 - 18:42:28: [AMXX] Run time error 10 (plugin "status_monitor.amxx") (native "get_user_info") - debug not enabled!
L 12/31/2024 - 18:42:28: [AMXX] To enable debug mode, add "debug" after the plugin name in plugins.ini (without quotes).
L 12/31/2024 - 18:42:59: Start of error session.
L 12/31/2024 - 18:42:59: Info (map "cs_assault") (file "addons/amxmodx/logs/error_20241231.log")
L 12/31/2024 - 18:42:59: Invalid player id 0
L 12/31/2024 - 18:42:59: [AMXX] Run time error 10 (plugin "status_monitor.amxx") (native "get_user_info") - debug not enabled!
L 12/31/2024 - 18:42:59: [AMXX] To enable debug mode, add "debug" after the plugin name in plugins.ini (without quotes).
L 12/31/2024 - 18:43:00: Invalid player id 0
L 12/31/2024 - 18:43:00: [AMXX] Run time error 10 (plugin "status_monitor.amxx") (native "get_user_info") - debug not enabled!
L 12/31/2024 - 18:43:00: [AMXX] To enable debug mode, add "debug" after the plugin name in plugins.ini (without quotes).
L 12/31/2024 - 18:43:00: Invalid player id 0
L 12/31/2024 - 18:43:00: [AMXX] Run time error 10 (plugin "status_monitor.amxx") (native "get_user_info") - debug not enabled!
L 12/31/2024 - 18:43:00: [AMXX] To enable debug mode, add "debug" after the plugin name in plugins.ini (without quotes).
L 12/31/2024 - 18:43:00: Invalid player id 0
L 12/31/2024 - 18:43:00: [AMXX] Run time error 10 (plugin "status_monitor.amxx") (native "get_user_info") - debug not enabled!
L 12/31/2024 - 18:43:00: [AMXX] To enable debug mode, add "debug" after the plugin name in plugins.ini (without quotes).
L 12/31/2024 - 18:43:01: Invalid player id 0
L 12/31/2024 - 18:43:01: [AMXX] Run time error 10 (plugin "status_monitor.amxx") (native "get_user_info") - debug not enabled!
L 12/31/2024 - 18:43:01: [AMXX] To enable debug mode, add "debug" after the plugin name in plugins.ini (without quotes).
L 12/31/2024 - 18:43:28: Start of error session.
L 12/31/2024 - 18:43:28: Info (map "deathrace_calle_pg") (file "addons/amxmodx/logs/error_20241231.log")
L 12/31/2024 - 18:43:28: Invalid player id 0
L 12/31/2024 - 18:43:28: [AMXX] Run time error 10 (plugin "status_monitor.amxx") (native "get_user_info") - debug not enabled!
L 12/31/2024 - 18:43:28: [AMXX] To enable debug mode, add "debug" after the plugin name in plugins.ini (without quotes).
L 12/31/2024 - 18:43:29: Invalid player id 0
L 12/31/2024 - 18:43:29: [AMXX] Run time error 10 (plugin "status_monitor.amxx") (native "get_user_info") - debug not enabled!
L 12/31/2024 - 18:43:29: [AMXX] To enable debug mode, add "debug" after the plugin name in plugins.ini (without quotes).
L 12/31/2024 - 18:43:29: Invalid player id 0
L 12/31/2024 - 18:43:29: [AMXX] Run time error 10 (plugin "status_monitor.amxx") (native "get_user_info") - debug not enabled!
L 12/31/2024 - 18:43:29: [AMXX] To enable debug mode, add "debug" after the plugin name in plugins.ini (without quotes).
L 12/31/2024 - 18:43:30: Invalid player id 0
L 12/31/2024 - 18:43:30: [AMXX] Run time error 10 (plugin "status_monitor.amxx") (native "get_user_info") - debug not enabled!
L 12/31/2024 - 18:43:30: [AMXX] To enable debug mode, add "debug" after the plugin name in plugins.ini (without quotes).
L 12/31/2024 - 18:43:31: Invalid player id 0
L 12/31/2024 - 18:43:31: [AMXX] Run time error 10 (plugin "status_monitor.amxx") (native "get_user_info") - debug not enabled!
L 12/31/2024 - 18:43:31: [AMXX] To enable debug mode, add "debug" after the plugin name in plugins.ini (without quotes).
L 12/31/2024 - 18:45:49: Invalid player id 0
L 12/31/2024 - 18:45:49: [AMXX] Run time error 10 (plugin "status_monitor.amxx") (native "get_user_info") - debug not enabled!
L 12/31/2024 - 18:45:49: [AMXX] To enable debug mode, add "debug" after the plugin name in plugins.ini (without quotes).
L 12/31/2024 - 18:50:14: Invalid player id 0
L 12/31/2024 - 18:50:14: [AMXX] Run time error 10 (plugin "status_monitor.amxx") (native "get_user_info") - debug not enabled!
L 12/31/2024 - 18:50:14: [AMXX] To enable debug mode, add "debug" after the plugin name in plugins.ini (without quotes).
L 12/31/2024 - 18:52:54: Invalid player id 0
L 12/31/2024 - 18:52:54: [AMXX] Run time error 10 (plugin "status_monitor.amxx") (native "get_user_info") - debug not enabled!
L 12/31/2024 - 18:52:54: [AMXX] To enable debug mode, add "debug" after the plugin name in plugins.ini (without quotes).
L 12/31/2024 - 18:53:10: Start of error session.
L 12/31/2024 - 18:53:10: Info (map "deathrace_colcaa_pg") (file "addons/amxmodx/logs/error_20241231.log")
L 12/31/2024 - 18:53:10: Invalid player id 0
L 12/31/2024 - 18:53:10: [AMXX] Run time error 10 (plugin "status_monitor.amxx") (native "get_user_info") - debug not enabled!
L 12/31/2024 - 18:53:10: [AMXX] To enable debug mode, add "debug" after the plugin name in plugins.ini (without quotes).
L 12/31/2024 - 18:53:11: Invalid player id 0
L 12/31/2024 - 18:53:11: [AMXX] Run time error 10 (plugin "status_monitor.amxx") (native "get_user_info") - debug not enabled!
L 12/31/2024 - 18:53:11: [AMXX] To enable debug mode, add "debug" after the plugin name in plugins.ini (without quotes).
L 12/31/2024 - 18:53:11: Invalid player id 0
L 12/31/2024 - 18:53:11: [AMXX] Run time error 10 (plugin "status_monitor.amxx") (native "get_user_info") - debug not enabled!
L 12/31/2024 - 18:53:11: [AMXX] To enable debug mode, add "debug" after the plugin name in plugins.ini (without quotes).
L 12/31/2024 - 18:53:11: Invalid player id 0
L 12/31/2024 - 18:53:11: [AMXX] Run time error 10 (plugin "status_monitor.amxx") (native "get_user_info") - debug not enabled!
L 12/31/2024 - 18:53:11: [AMXX] To enable debug mode, add "debug" after the plugin name in plugins.ini (without quotes).
L 12/31/2024 - 18:53:11: Invalid player id 0
L 12/31/2024 - 18:53:11: [AMXX] Run time error 10 (plugin "status_monitor.amxx") (native "get_user_info") - debug not enabled!
L 12/31/2024 - 18:53:11: [AMXX] To enable debug mode, add "debug" after the plugin name in plugins.ini (without quotes).
L 12/31/2024 - 18:53:11: Invalid player id 0
L 12/31/2024 - 18:53:11: [AMXX] Run time error 10 (plugin "status_monitor.amxx") (native "get_user_info") - debug not enabled!
L 12/31/2024 - 18:53:11: [AMXX] To enable debug mode, add "debug" after the plugin name in plugins.ini (without quotes).
L 12/31/2024 - 19:06:03: Start of error session.
L 12/31/2024 - 19:06:03: Info (map "css_overpass") (file "addons/amxmodx/logs/error_20241231.log")
L 12/31/2024 - 19:06:03: Invalid player id 0
L 12/31/2024 - 19:06:03: [AMXX] Run time error 10 (plugin "status_monitor.amxx") (native "get_user_info") - debug not enabled!
L 12/31/2024 - 19:06:03: [AMXX] To enable debug mode, add "debug" after the plugin name in plugins.ini (without quotes).
L 12/31/2024 - 19:06:04: Invalid player id 0
L 12/31/2024 - 19:06:04: [AMXX] Run time error 10 (plugin "status_monitor.amxx") (native "get_user_info") - debug not enabled!
L 12/31/2024 - 19:06:04: [AMXX] To enable debug mode, add "debug" after the plugin name in plugins.ini (without quotes).
L 12/31/2024 - 19:06:04: Invalid player id 0
L 12/31/2024 - 19:06:04: [AMXX] Run time error 10 (plugin "status_monitor.amxx") (native "get_user_info") - debug not enabled!
L 12/31/2024 - 19:06:04: [AMXX] To enable debug mode, add "debug" after the plugin name in plugins.ini (without quotes).
L 12/31/2024 - 19:06:07: Invalid player id 0
L 12/31/2024 - 19:06:07: [AMXX] Run time error 10 (plugin "status_monitor.amxx") (native "get_user_info") - debug not enabled!
L 12/31/2024 - 19:06:07: [AMXX] To enable debug mode, add "debug" after the plugin name in plugins.ini (without quotes).
L 12/31/2024 - 20:57:02: Start of error session.
L 12/31/2024 - 20:57:02: Info (map "crazycar_v2") (file "addons/amxmodx/logs/error_20241231.log")
L 12/31/2024 - 20:57:02: Invalid player id 0
L 12/31/2024 - 20:57:02: [AMXX] Run time error 10 (plugin "status_monitor.amxx") (native "get_user_info") - debug not enabled!
L 12/31/2024 - 20:57:02: [AMXX] To enable debug mode, add "debug" after the plugin name in plugins.ini (without quotes).
L 12/31/2024 - 21:48:34: Start of error session.
L 12/31/2024 - 21:48:34: Info (map "ze_remesa_old_final") (file "addons/amxmodx/logs/error_20241231.log")
L 12/31/2024 - 21:48:34: Invalid player id 0
L 12/31/2024 - 21:48:34: [AMXX] Run time error 10 (plugin "status_monitor.amxx") (native "get_user_info") - debug not enabled!
L 12/31/2024 - 21:48:34: [AMXX] To enable debug mode, add "debug" after the plugin name in plugins.ini (without quotes).
L 12/31/2024 - 21:54:53: Start of error session.
L 12/31/2024 - 21:54:53: Info (map "de_dust2") (file "addons/amxmodx/logs/error_20241231.log")
L 12/31/2024 - 21:54:53: Invalid player id 0
L 12/31/2024 - 21:54:53: [AMXX] Run time error 10 (plugin "status_monitor.amxx") (native "get_user_info") - debug not enabled!
L 12/31/2024 - 21:54:53: [AMXX] To enable debug mode, add "debug" after the plugin name in plugins.ini (without quotes).
L 12/31/2024 - 22:19:53: Start of error session.
L 12/31/2024 - 22:19:53: Info (map "de_dust2") (file "addons/amxmodx/logs/error_20241231.log")
L 12/31/2024 - 22:19:53: Invalid player id 0
L 12/31/2024 - 22:19:53: [AMXX] Run time error 10 (plugin "status_monitor.amxx") (native "get_user_info") - debug not enabled!
L 12/31/2024 - 22:19:53: [AMXX] To enable debug mode, add "debug" after the plugin name in plugins.ini (without quotes).
L 12/31/2024 - 22:22:53: Invalid player id 0
L 12/31/2024 - 22:22:53: [AMXX] Run time error 10 (plugin "status_monitor.amxx") (native "get_user_info") - debug not enabled!
L 12/31/2024 - 22:22:53: [AMXX] To enable debug mode, add "debug" after the plugin name in plugins.ini (without quotes).
L 12/31/2024 - 22:25:11: Invalid player id 0
L 12/31/2024 - 22:25:11: [AMXX] Run time error 10 (plugin "status_monitor.amxx") (native "get_user_info") - debug not enabled!
L 12/31/2024 - 22:25:11: [AMXX] To enable debug mode, add "debug" after the plugin name in plugins.ini (without quotes).
L 12/31/2024 - 22:26:56: Start of error session.
L 12/31/2024 - 22:26:56: Info (map "de_dust2") (file "addons/amxmodx/logs/error_20241231.log")
L 12/31/2024 - 22:26:56: Invalid player id 0
L 12/31/2024 - 22:26:56: [AMXX] Run time error 10 (plugin "status_monitor.amxx") (native "get_user_info") - debug not enabled!
L 12/31/2024 - 22:26:56: [AMXX] To enable debug mode, add "debug" after the plugin name in plugins.ini (without quotes).
L 12/31/2024 - 22:28:37: Start of error session.
L 12/31/2024 - 22:28:37: Info (map "deathrun_barbie_csbr") (file "addons/amxmodx/logs/error_20241231.log")
L 12/31/2024 - 22:28:37: Invalid player id 0
L 12/31/2024 - 22:28:37: [AMXX] Run time error 10 (plugin "status_monitor.amxx") (native "get_user_info") - debug not enabled!
L 12/31/2024 - 22:28:37: [AMXX] To enable debug mode, add "debug" after the plugin name in plugins.ini (without quotes).
L 12/31/2024 - 22:28:40: Invalid player id 0
L 12/31/2024 - 22:28:40: [AMXX] Run time error 10 (plugin "status_monitor.amxx") (native "get_user_info") - debug not enabled!
L 12/31/2024 - 22:28:40: [AMXX] To enable debug mode, add "debug" after the plugin name in plugins.ini (without quotes).
L 12/31/2024 - 22:30:41: Start of error session.
L 12/31/2024 - 22:30:41: Info (map "de_chateau") (file "addons/amxmodx/logs/error_20241231.log")
L 12/31/2024 - 22:30:41: Invalid player id 0
L 12/31/2024 - 22:30:41: [AMXX] Run time error 10 (plugin "status_monitor.amxx") (native "get_user_info") - debug not enabled!
L 12/31/2024 - 22:30:41: [AMXX] To enable debug mode, add "debug" after the plugin name in plugins.ini (without quotes).
L 12/31/2024 - 22:38:58: Start of error session.
L 12/31/2024 - 22:38:58: Info (map "de_dust2") (file "addons/amxmodx/logs/error_20241231.log")
L 12/31/2024 - 22:38:58: Invalid player id 0
L 12/31/2024 - 22:38:58: [AMXX] Run time error 10 (plugin "status_monitor.amxx") (native "get_user_info") - debug not enabled!
L 12/31/2024 - 22:38:58: [AMXX] To enable debug mode, add "debug" after the plugin name in plugins.ini (without quotes).
L 12/31/2024 - 22:39:04: String formatted incorrectly - parameter 7 (total 6)
L 12/31/2024 - 22:39:04: [AMXX] Run time error 25 (plugin "admincmd.amxx") - debug not enabled!
L 12/31/2024 - 22:39:04: [AMXX] To enable debug mode, add "debug" after the plugin name in plugins.ini (without quotes).
L 12/31/2024 - 22:40:51: Start of error session.
L 12/31/2024 - 22:40:51: Info (map "de_inferno") (file "addons/amxmodx/logs/error_20241231.log")
L 12/31/2024 - 22:40:51: Invalid player id 0
L 12/31/2024 - 22:40:51: [AMXX] Run time error 10 (plugin "status_monitor.amxx") (native "get_user_info") - debug not enabled!
L 12/31/2024 - 22:40:51: [AMXX] To enable debug mode, add "debug" after the plugin name in plugins.ini (without quotes).
L 12/31/2024 - 22:43:13: Start of error session.
L 12/31/2024 - 22:43:13: Info (map "jail_buuuuuuuuuuuu") (file "addons/amxmodx/logs/error_20241231.log")
L 12/31/2024 - 22:43:13: Invalid player id 0
L 12/31/2024 - 22:43:13: [AMXX] Run time error 10 (plugin "status_monitor.amxx") (native "get_user_info") - debug not enabled!
L 12/31/2024 - 22:43:13: [AMXX] To enable debug mode, add "debug" after the plugin name in plugins.ini (without quotes).
L 12/31/2024 - 22:43:52: Start of error session.
L 12/31/2024 - 22:43:52: Info (map "deathrun_barbie_remake") (file "addons/amxmodx/logs/error_20241231.log")
L 12/31/2024 - 22:43:52: Invalid player id 0
L 12/31/2024 - 22:43:52: [AMXX] Run time error 10 (plugin "status_monitor.amxx") (native "get_user_info") - debug not enabled!
L 12/31/2024 - 22:43:52: [AMXX] To enable debug mode, add "debug" after the plugin name in plugins.ini (without quotes).
L 12/31/2024 - 22:43:52: Invalid player id 0
L 12/31/2024 - 22:43:52: [AMXX] Run time error 10 (plugin "status_monitor.amxx") (native "get_user_info") - debug not enabled!
L 12/31/2024 - 22:43:52: [AMXX] To enable debug mode, add "debug" after the plugin name in plugins.ini (without quotes).
L 12/31/2024 - 22:48:40: Start of error session.
L 12/31/2024 - 22:48:40: Info (map "zm_toronto") (file "addons/amxmodx/logs/error_20241231.log")
L 12/31/2024 - 22:48:40: Invalid player id 0
L 12/31/2024 - 22:48:40: [AMXX] Run time error 10 (plugin "status_monitor.amxx") (native "get_user_info") - debug not enabled!
L 12/31/2024 - 22:48:40: [AMXX] To enable debug mode, add "debug" after the plugin name in plugins.ini (without quotes).
L 12/31/2024 - 22:53:31: Invalid player id 0
L 12/31/2024 - 22:53:31: [AMXX] Run time error 10 (plugin "status_monitor.amxx") (native "get_user_info") - debug not enabled!
L 12/31/2024 - 22:53:31: [AMXX] To enable debug mode, add "debug" after the plugin name in plugins.ini (without quotes).
L 12/31/2024 - 22:53:57: Start of error session.
L 12/31/2024 - 22:53:57: Info (map "de_dust2") (file "addons/amxmodx/logs/error_20241231.log")
L 12/31/2024 - 22:53:57: Invalid player id 0
L 12/31/2024 - 22:53:57: [AMXX] Run time error 10 (plugin "status_monitor.amxx") (native "get_user_info") - debug not enabled!
L 12/31/2024 - 22:53:57: [AMXX] To enable debug mode, add "debug" after the plugin name in plugins.ini (without quotes).
L 12/31/2024 - 22:55:44: Start of error session.
L 12/31/2024 - 22:55:44: Info (map "de_dust2") (file "addons/amxmodx/logs/error_20241231.log")
L 12/31/2024 - 22:55:44: Invalid player id 0
L 12/31/2024 - 22:55:44: [AMXX] Run time error 10 (plugin "status_monitor.amxx") (native "get_user_info") - debug not enabled!
L 12/31/2024 - 22:55:44: [AMXX] To enable debug mode, add "debug" after the plugin name in plugins.ini (without quotes).
L 12/31/2024 - 22:59:07: Start of error session.
L 12/31/2024 - 22:59:07: Info (map "deathrace_colcaa_pg") (file "addons/amxmodx/logs/error_20241231.log")
L 12/31/2024 - 22:59:07: Invalid player id 0
L 12/31/2024 - 22:59:07: [AMXX] Run time error 10 (plugin "status_monitor.amxx") (native "get_user_info") - debug not enabled!
L 12/31/2024 - 22:59:07: [AMXX] To enable debug mode, add "debug" after the plugin name in plugins.ini (without quotes).
L 12/31/2024 - 23:23:07: Start of error session.
L 12/31/2024 - 23:23:07: Info (map "deathrun_barbie_remake") (file "addons/amxmodx/logs/error_20241231.log")
L 12/31/2024 - 23:23:07: Invalid player id 0
L 12/31/2024 - 23:23:07: [AMXX] Run time error 10 (plugin "status_monitor.amxx") (native "get_user_info") - debug not enabled!
L 12/31/2024 - 23:23:07: [AMXX] To enable debug mode, add "debug" after the plugin name in plugins.ini (without quotes).
L 12/31/2024 - 23:43:44: Start of error session.
L 12/31/2024 - 23:43:44: Info (map "deathrun_horror") (file "addons/amxmodx/logs/error_20241231.log")
L 12/31/2024 - 23:43:44: Invalid player id 0
L 12/31/2024 - 23:43:44: [AMXX] Run time error 10 (plugin "status_monitor.amxx") (native "get_user_info") - debug not enabled!
L 12/31/2024 - 23:43:44: [AMXX] To enable debug mode, add "debug" after the plugin name in plugins.ini (without quotes).
