L 03/15/2025 - 00:03:43: Start of error session.
L 03/15/2025 - 00:03:43: Info (map "rubaka_2forts") (file "addons/amxmodx/logs/error_20250315.log")
L 03/15/2025 - 00:03:43: [AMXX] Plugin ("cucarachas_main.amxx") is setting itself as failed.
L 03/15/2025 - 00:03:43: [AMXX] Plugin says: Utiliza el Map Tool para adaptar este mapa a Cuca Mod.
L 03/15/2025 - 00:03:43: [AMXX] Run time error 1 (plugin "cucarachas_main.amxx") - forced exit
L 03/15/2025 - 00:03:43: Called dynanative into a paused plugin.
L 03/15/2025 - 00:03:43: [AMXX] Run time error 10 (plugin "cucarachas_extras.amxx") (native "cm_register_extra_item") - debug not enabled!
L 03/15/2025 - 00:03:43: [AMXX] To enable debug mode, add "debug" after the plugin name in plugins.ini (without quotes).
L 03/15/2025 - 00:25:26: Start of error session.
L 03/15/2025 - 00:25:26: Info (map "rubaka_orange_x") (file "addons/amxmodx/logs/error_20250315.log")
L 03/15/2025 - 00:25:26: [AMXX] Plugin ("cucarachas_main.amxx") is setting itself as failed.
L 03/15/2025 - 00:25:26: [AMXX] Plugin says: Utiliza el Map Tool para adaptar este mapa a Cuca Mod.
L 03/15/2025 - 00:25:26: [AMXX] Run time error 1 (plugin "cucarachas_main.amxx") - forced exit
L 03/15/2025 - 00:25:26: Called dynanative into a paused plugin.
L 03/15/2025 - 00:25:26: [AMXX] Run time error 10 (plugin "cucarachas_extras.amxx") (native "cm_register_extra_item") - debug not enabled!
L 03/15/2025 - 00:25:26: [AMXX] To enable debug mode, add "debug" after the plugin name in plugins.ini (without quotes).
L 03/15/2025 - 00:47:08: Start of error session.
L 03/15/2025 - 00:47:08: Info (map "bomberman_final") (file "addons/amxmodx/logs/error_20250315.log")
L 03/15/2025 - 00:47:08: [AMXX] Plugin ("cucarachas_main.amxx") is setting itself as failed.
L 03/15/2025 - 00:47:08: [AMXX] Plugin says: Utiliza el Map Tool para adaptar este mapa a Cuca Mod.
L 03/15/2025 - 00:47:08: [AMXX] Run time error 1 (plugin "cucarachas_main.amxx") - forced exit
L 03/15/2025 - 00:47:08: Called dynanative into a paused plugin.
L 03/15/2025 - 00:47:08: [AMXX] Run time error 10 (plugin "cucarachas_extras.amxx") (native "cm_register_extra_item") - debug not enabled!
L 03/15/2025 - 00:47:08: [AMXX] To enable debug mode, add "debug" after the plugin name in plugins.ini (without quotes).
L 03/15/2025 - 01:03:18: Start of error session.
L 03/15/2025 - 01:03:18: Info (map "zm_ice_attack") (file "addons/amxmodx/logs/error_20250315.log")
L 03/15/2025 - 01:03:18: [AMXX] Plugin ("cucarachas_main.amxx") is setting itself as failed.
L 03/15/2025 - 01:03:18: [AMXX] Plugin says: Utiliza el Map Tool para adaptar este mapa a Cuca Mod.
L 03/15/2025 - 01:03:18: [AMXX] Run time error 1 (plugin "cucarachas_main.amxx") - forced exit
L 03/15/2025 - 01:03:18: Called dynanative into a paused plugin.
L 03/15/2025 - 01:03:18: [AMXX] Run time error 10 (plugin "cucarachas_extras.amxx") (native "cm_register_extra_item") - debug not enabled!
L 03/15/2025 - 01:03:18: [AMXX] To enable debug mode, add "debug" after the plugin name in plugins.ini (without quotes).
L 03/15/2025 - 01:24:28: Start of error session.
L 03/15/2025 - 01:24:28: Info (map "zm_toronto") (file "addons/amxmodx/logs/error_20250315.log")
L 03/15/2025 - 01:24:28: [AMXX] Plugin ("cucarachas_main.amxx") is setting itself as failed.
L 03/15/2025 - 01:24:28: [AMXX] Plugin says: Utiliza el Map Tool para adaptar este mapa a Cuca Mod.
L 03/15/2025 - 01:24:28: [AMXX] Run time error 1 (plugin "cucarachas_main.amxx") - forced exit
L 03/15/2025 - 01:24:28: Called dynanative into a paused plugin.
L 03/15/2025 - 01:24:28: [AMXX] Run time error 10 (plugin "cucarachas_extras.amxx") (native "cm_register_extra_item") - debug not enabled!
L 03/15/2025 - 01:24:28: [AMXX] To enable debug mode, add "debug" after the plugin name in plugins.ini (without quotes).
L 03/15/2025 - 01:45:38: Start of error session.
L 03/15/2025 - 01:45:38: Info (map "zm_ice_attack") (file "addons/amxmodx/logs/error_20250315.log")
L 03/15/2025 - 01:45:38: [AMXX] Plugin ("cucarachas_main.amxx") is setting itself as failed.
L 03/15/2025 - 01:45:38: [AMXX] Plugin says: Utiliza el Map Tool para adaptar este mapa a Cuca Mod.
L 03/15/2025 - 01:45:38: [AMXX] Run time error 1 (plugin "cucarachas_main.amxx") - forced exit
L 03/15/2025 - 01:45:38: Called dynanative into a paused plugin.
L 03/15/2025 - 01:45:38: [AMXX] Run time error 10 (plugin "cucarachas_extras.amxx") (native "cm_register_extra_item") - debug not enabled!
L 03/15/2025 - 01:45:38: [AMXX] To enable debug mode, add "debug" after the plugin name in plugins.ini (without quotes).
L 03/15/2025 - 02:06:48: Start of error session.
L 03/15/2025 - 02:06:48: Info (map "zm_toronto") (file "addons/amxmodx/logs/error_20250315.log")
L 03/15/2025 - 02:06:48: [AMXX] Plugin ("cucarachas_main.amxx") is setting itself as failed.
L 03/15/2025 - 02:06:48: [AMXX] Plugin says: Utiliza el Map Tool para adaptar este mapa a Cuca Mod.
L 03/15/2025 - 02:06:48: [AMXX] Run time error 1 (plugin "cucarachas_main.amxx") - forced exit
L 03/15/2025 - 02:06:48: Called dynanative into a paused plugin.
L 03/15/2025 - 02:06:48: [AMXX] Run time error 10 (plugin "cucarachas_extras.amxx") (native "cm_register_extra_item") - debug not enabled!
L 03/15/2025 - 02:06:48: [AMXX] To enable debug mode, add "debug" after the plugin name in plugins.ini (without quotes).
L 03/15/2025 - 02:27:58: Start of error session.
L 03/15/2025 - 02:27:58: Info (map "zm_ice_attack") (file "addons/amxmodx/logs/error_20250315.log")
L 03/15/2025 - 02:27:58: [AMXX] Plugin ("cucarachas_main.amxx") is setting itself as failed.
L 03/15/2025 - 02:27:58: [AMXX] Plugin says: Utiliza el Map Tool para adaptar este mapa a Cuca Mod.
L 03/15/2025 - 02:27:58: [AMXX] Run time error 1 (plugin "cucarachas_main.amxx") - forced exit
L 03/15/2025 - 02:27:58: Called dynanative into a paused plugin.
L 03/15/2025 - 02:27:58: [AMXX] Run time error 10 (plugin "cucarachas_extras.amxx") (native "cm_register_extra_item") - debug not enabled!
L 03/15/2025 - 02:27:58: [AMXX] To enable debug mode, add "debug" after the plugin name in plugins.ini (without quotes).
L 03/15/2025 - 02:49:08: Start of error session.
L 03/15/2025 - 02:49:08: Info (map "zm_toronto") (file "addons/amxmodx/logs/error_20250315.log")
L 03/15/2025 - 02:49:08: [AMXX] Plugin ("cucarachas_main.amxx") is setting itself as failed.
L 03/15/2025 - 02:49:08: [AMXX] Plugin says: Utiliza el Map Tool para adaptar este mapa a Cuca Mod.
L 03/15/2025 - 02:49:08: [AMXX] Run time error 1 (plugin "cucarachas_main.amxx") - forced exit
L 03/15/2025 - 02:49:08: Called dynanative into a paused plugin.
L 03/15/2025 - 02:49:08: [AMXX] Run time error 10 (plugin "cucarachas_extras.amxx") (native "cm_register_extra_item") - debug not enabled!
L 03/15/2025 - 02:49:08: [AMXX] To enable debug mode, add "debug" after the plugin name in plugins.ini (without quotes).
L 03/15/2025 - 03:10:18: Start of error session.
L 03/15/2025 - 03:10:18: Info (map "de_dust2") (file "addons/amxmodx/logs/error_20250315.log")
L 03/15/2025 - 03:10:18: [AMXX] Plugin ("cucarachas_main.amxx") is setting itself as failed.
L 03/15/2025 - 03:10:18: [AMXX] Plugin says: Utiliza el Map Tool para adaptar este mapa a Cuca Mod.
L 03/15/2025 - 03:10:18: [AMXX] Run time error 1 (plugin "cucarachas_main.amxx") - forced exit
L 03/15/2025 - 03:10:18: Called dynanative into a paused plugin.
L 03/15/2025 - 03:10:18: [AMXX] Run time error 10 (plugin "cucarachas_extras.amxx") (native "cm_register_extra_item") - debug not enabled!
L 03/15/2025 - 03:10:18: [AMXX] To enable debug mode, add "debug" after the plugin name in plugins.ini (without quotes).
L 03/15/2025 - 03:33:28: Start of error session.
L 03/15/2025 - 03:33:28: Info (map "de_aztec") (file "addons/amxmodx/logs/error_20250315.log")
L 03/15/2025 - 03:33:28: [AMXX] Plugin ("cucarachas_main.amxx") is setting itself as failed.
L 03/15/2025 - 03:33:28: [AMXX] Plugin says: Utiliza el Map Tool para adaptar este mapa a Cuca Mod.
L 03/15/2025 - 03:33:28: [AMXX] Run time error 1 (plugin "cucarachas_main.amxx") - forced exit
L 03/15/2025 - 03:33:28: Called dynanative into a paused plugin.
L 03/15/2025 - 03:33:28: [AMXX] Run time error 10 (plugin "cucarachas_extras.amxx") (native "cm_register_extra_item") - debug not enabled!
L 03/15/2025 - 03:33:28: [AMXX] To enable debug mode, add "debug" after the plugin name in plugins.ini (without quotes).
L 03/15/2025 - 03:56:38: Start of error session.
L 03/15/2025 - 03:56:38: Info (map "rubaka_2forts") (file "addons/amxmodx/logs/error_20250315.log")
L 03/15/2025 - 03:56:38: [AMXX] Plugin ("cucarachas_main.amxx") is setting itself as failed.
L 03/15/2025 - 03:56:38: [AMXX] Plugin says: Utiliza el Map Tool para adaptar este mapa a Cuca Mod.
L 03/15/2025 - 03:56:38: [AMXX] Run time error 1 (plugin "cucarachas_main.amxx") - forced exit
L 03/15/2025 - 03:56:38: Called dynanative into a paused plugin.
L 03/15/2025 - 03:56:38: [AMXX] Run time error 10 (plugin "cucarachas_extras.amxx") (native "cm_register_extra_item") - debug not enabled!
L 03/15/2025 - 03:56:38: [AMXX] To enable debug mode, add "debug" after the plugin name in plugins.ini (without quotes).
L 03/15/2025 - 04:18:20: Start of error session.
L 03/15/2025 - 04:18:20: Info (map "rubaka_orange_x") (file "addons/amxmodx/logs/error_20250315.log")
L 03/15/2025 - 04:18:20: [AMXX] Plugin ("cucarachas_main.amxx") is setting itself as failed.
L 03/15/2025 - 04:18:20: [AMXX] Plugin says: Utiliza el Map Tool para adaptar este mapa a Cuca Mod.
L 03/15/2025 - 04:18:20: [AMXX] Run time error 1 (plugin "cucarachas_main.amxx") - forced exit
L 03/15/2025 - 04:18:20: Called dynanative into a paused plugin.
L 03/15/2025 - 04:18:20: [AMXX] Run time error 10 (plugin "cucarachas_extras.amxx") (native "cm_register_extra_item") - debug not enabled!
L 03/15/2025 - 04:18:20: [AMXX] To enable debug mode, add "debug" after the plugin name in plugins.ini (without quotes).
L 03/15/2025 - 04:40:03: Start of error session.
L 03/15/2025 - 04:40:03: Info (map "as_oilrig") (file "addons/amxmodx/logs/error_20250315.log")
L 03/15/2025 - 04:40:03: [AMXX] Plugin ("cucarachas_main.amxx") is setting itself as failed.
L 03/15/2025 - 04:40:03: [AMXX] Plugin says: Utiliza el Map Tool para adaptar este mapa a Cuca Mod.
L 03/15/2025 - 04:40:03: [AMXX] Run time error 1 (plugin "cucarachas_main.amxx") - forced exit
L 03/15/2025 - 04:40:03: Called dynanative into a paused plugin.
L 03/15/2025 - 04:40:03: [AMXX] Run time error 10 (plugin "cucarachas_extras.amxx") (native "cm_register_extra_item") - debug not enabled!
L 03/15/2025 - 04:40:03: [AMXX] To enable debug mode, add "debug" after the plugin name in plugins.ini (without quotes).
L 03/15/2025 - 05:05:13: Start of error session.
L 03/15/2025 - 05:05:13: Info (map "as_crazytank3") (file "addons/amxmodx/logs/error_20250315.log")
L 03/15/2025 - 05:05:13: [AMXX] Plugin ("cucarachas_main.amxx") is setting itself as failed.
L 03/15/2025 - 05:05:13: [AMXX] Plugin says: Utiliza el Map Tool para adaptar este mapa a Cuca Mod.
L 03/15/2025 - 05:05:13: [AMXX] Run time error 1 (plugin "cucarachas_main.amxx") - forced exit
L 03/15/2025 - 05:05:13: Called dynanative into a paused plugin.
L 03/15/2025 - 05:05:13: [AMXX] Run time error 10 (plugin "cucarachas_extras.amxx") (native "cm_register_extra_item") - debug not enabled!
L 03/15/2025 - 05:05:13: [AMXX] To enable debug mode, add "debug" after the plugin name in plugins.ini (without quotes).
L 03/15/2025 - 05:30:23: Start of error session.
L 03/15/2025 - 05:30:23: Info (map "as_oilrig") (file "addons/amxmodx/logs/error_20250315.log")
L 03/15/2025 - 05:30:23: [AMXX] Plugin ("cucarachas_main.amxx") is setting itself as failed.
L 03/15/2025 - 05:30:23: [AMXX] Plugin says: Utiliza el Map Tool para adaptar este mapa a Cuca Mod.
L 03/15/2025 - 05:30:23: [AMXX] Run time error 1 (plugin "cucarachas_main.amxx") - forced exit
L 03/15/2025 - 05:30:23: Called dynanative into a paused plugin.
L 03/15/2025 - 05:30:23: [AMXX] Run time error 10 (plugin "cucarachas_extras.amxx") (native "cm_register_extra_item") - debug not enabled!
L 03/15/2025 - 05:30:23: [AMXX] To enable debug mode, add "debug" after the plugin name in plugins.ini (without quotes).
L 03/15/2025 - 05:55:32: Start of error session.
L 03/15/2025 - 05:55:32: Info (map "de_dust2") (file "addons/amxmodx/logs/error_20250315.log")
L 03/15/2025 - 05:55:32: [AMXX] Plugin ("cucarachas_main.amxx") is setting itself as failed.
L 03/15/2025 - 05:55:32: [AMXX] Plugin says: Utiliza el Map Tool para adaptar este mapa a Cuca Mod.
L 03/15/2025 - 05:55:32: [AMXX] Run time error 1 (plugin "cucarachas_main.amxx") - forced exit
L 03/15/2025 - 05:55:32: Called dynanative into a paused plugin.
L 03/15/2025 - 05:55:32: [AMXX] Run time error 10 (plugin "cucarachas_extras.amxx") (native "cm_register_extra_item") - debug not enabled!
L 03/15/2025 - 05:55:32: [AMXX] To enable debug mode, add "debug" after the plugin name in plugins.ini (without quotes).
L 03/15/2025 - 06:15:42: Start of error session.
L 03/15/2025 - 06:15:42: Info (map "de_inferno") (file "addons/amxmodx/logs/error_20250315.log")
L 03/15/2025 - 06:15:42: [AMXX] Plugin ("cucarachas_main.amxx") is setting itself as failed.
L 03/15/2025 - 06:15:42: [AMXX] Plugin says: Utiliza el Map Tool para adaptar este mapa a Cuca Mod.
L 03/15/2025 - 06:15:42: [AMXX] Run time error 1 (plugin "cucarachas_main.amxx") - forced exit
L 03/15/2025 - 06:15:42: Called dynanative into a paused plugin.
L 03/15/2025 - 06:15:42: [AMXX] Run time error 10 (plugin "cucarachas_extras.amxx") (native "cm_register_extra_item") - debug not enabled!
L 03/15/2025 - 06:15:42: [AMXX] To enable debug mode, add "debug" after the plugin name in plugins.ini (without quotes).
L 03/15/2025 - 06:35:52: Start of error session.
L 03/15/2025 - 06:35:52: Info (map "de_dust2") (file "addons/amxmodx/logs/error_20250315.log")
L 03/15/2025 - 06:35:52: [AMXX] Plugin ("cucarachas_main.amxx") is setting itself as failed.
L 03/15/2025 - 06:35:52: [AMXX] Plugin says: Utiliza el Map Tool para adaptar este mapa a Cuca Mod.
L 03/15/2025 - 06:35:52: [AMXX] Run time error 1 (plugin "cucarachas_main.amxx") - forced exit
L 03/15/2025 - 06:35:52: Called dynanative into a paused plugin.
L 03/15/2025 - 06:35:52: [AMXX] Run time error 10 (plugin "cucarachas_extras.amxx") (native "cm_register_extra_item") - debug not enabled!
L 03/15/2025 - 06:35:52: [AMXX] To enable debug mode, add "debug" after the plugin name in plugins.ini (without quotes).
L 03/15/2025 - 06:56:02: Start of error session.
L 03/15/2025 - 06:56:02: Info (map "as_oilrig") (file "addons/amxmodx/logs/error_20250315.log")
L 03/15/2025 - 06:56:02: [AMXX] Plugin ("cucarachas_main.amxx") is setting itself as failed.
L 03/15/2025 - 06:56:02: [AMXX] Plugin says: Utiliza el Map Tool para adaptar este mapa a Cuca Mod.
L 03/15/2025 - 06:56:02: [AMXX] Run time error 1 (plugin "cucarachas_main.amxx") - forced exit
L 03/15/2025 - 06:56:02: Called dynanative into a paused plugin.
L 03/15/2025 - 06:56:02: [AMXX] Run time error 10 (plugin "cucarachas_extras.amxx") (native "cm_register_extra_item") - debug not enabled!
L 03/15/2025 - 06:56:02: [AMXX] To enable debug mode, add "debug" after the plugin name in plugins.ini (without quotes).
L 03/15/2025 - 07:21:11: Start of error session.
L 03/15/2025 - 07:21:11: Info (map "as_crazytank3") (file "addons/amxmodx/logs/error_20250315.log")
L 03/15/2025 - 07:21:11: [AMXX] Plugin ("cucarachas_main.amxx") is setting itself as failed.
L 03/15/2025 - 07:21:11: [AMXX] Plugin says: Utiliza el Map Tool para adaptar este mapa a Cuca Mod.
L 03/15/2025 - 07:21:11: [AMXX] Run time error 1 (plugin "cucarachas_main.amxx") - forced exit
L 03/15/2025 - 07:21:11: Called dynanative into a paused plugin.
L 03/15/2025 - 07:21:11: [AMXX] Run time error 10 (plugin "cucarachas_extras.amxx") (native "cm_register_extra_item") - debug not enabled!
L 03/15/2025 - 07:21:11: [AMXX] To enable debug mode, add "debug" after the plugin name in plugins.ini (without quotes).
L 03/15/2025 - 07:46:21: Start of error session.
L 03/15/2025 - 07:46:21: Info (map "as_oilrig") (file "addons/amxmodx/logs/error_20250315.log")
L 03/15/2025 - 07:46:21: [AMXX] Plugin ("cucarachas_main.amxx") is setting itself as failed.
L 03/15/2025 - 07:46:21: [AMXX] Plugin says: Utiliza el Map Tool para adaptar este mapa a Cuca Mod.
L 03/15/2025 - 07:46:21: [AMXX] Run time error 1 (plugin "cucarachas_main.amxx") - forced exit
L 03/15/2025 - 07:46:21: Called dynanative into a paused plugin.
L 03/15/2025 - 07:46:21: [AMXX] Run time error 10 (plugin "cucarachas_extras.amxx") (native "cm_register_extra_item") - debug not enabled!
L 03/15/2025 - 07:46:21: [AMXX] To enable debug mode, add "debug" after the plugin name in plugins.ini (without quotes).
L 03/15/2025 - 08:11:31: Start of error session.
L 03/15/2025 - 08:11:31: Info (map "kz_arsacid") (file "addons/amxmodx/logs/error_20250315.log")
L 03/15/2025 - 08:11:31: [AMXX] Plugin ("cucarachas_main.amxx") is setting itself as failed.
L 03/15/2025 - 08:11:31: [AMXX] Plugin says: Utiliza el Map Tool para adaptar este mapa a Cuca Mod.
L 03/15/2025 - 08:11:31: [AMXX] Run time error 1 (plugin "cucarachas_main.amxx") - forced exit
L 03/15/2025 - 08:11:31: Called dynanative into a paused plugin.
L 03/15/2025 - 08:11:31: [AMXX] Run time error 10 (plugin "cucarachas_extras.amxx") (native "cm_register_extra_item") - debug not enabled!
L 03/15/2025 - 08:11:31: [AMXX] To enable debug mode, add "debug" after the plugin name in plugins.ini (without quotes).
L 03/15/2025 - 08:31:41: Start of error session.
L 03/15/2025 - 08:31:41: Info (map "kz_xj_brickjump") (file "addons/amxmodx/logs/error_20250315.log")
L 03/15/2025 - 08:31:41: [AMXX] Plugin ("cucarachas_main.amxx") is setting itself as failed.
L 03/15/2025 - 08:31:41: [AMXX] Plugin says: Utiliza el Map Tool para adaptar este mapa a Cuca Mod.
L 03/15/2025 - 08:31:41: [AMXX] Run time error 1 (plugin "cucarachas_main.amxx") - forced exit
L 03/15/2025 - 08:31:41: Called dynanative into a paused plugin.
L 03/15/2025 - 08:31:41: [AMXX] Run time error 10 (plugin "cucarachas_extras.amxx") (native "cm_register_extra_item") - debug not enabled!
L 03/15/2025 - 08:31:41: [AMXX] To enable debug mode, add "debug" after the plugin name in plugins.ini (without quotes).
L 03/15/2025 - 08:51:51: Start of error session.
L 03/15/2025 - 08:51:51: Info (map "kz_arsacid") (file "addons/amxmodx/logs/error_20250315.log")
L 03/15/2025 - 08:51:51: [AMXX] Plugin ("cucarachas_main.amxx") is setting itself as failed.
L 03/15/2025 - 08:51:51: [AMXX] Plugin says: Utiliza el Map Tool para adaptar este mapa a Cuca Mod.
L 03/15/2025 - 08:51:51: [AMXX] Run time error 1 (plugin "cucarachas_main.amxx") - forced exit
L 03/15/2025 - 08:51:51: Called dynanative into a paused plugin.
L 03/15/2025 - 08:51:51: [AMXX] Run time error 10 (plugin "cucarachas_extras.amxx") (native "cm_register_extra_item") - debug not enabled!
L 03/15/2025 - 08:51:51: [AMXX] To enable debug mode, add "debug" after the plugin name in plugins.ini (without quotes).
L 03/15/2025 - 09:12:01: Start of error session.
L 03/15/2025 - 09:12:01: Info (map "!vip_truck") (file "addons/amxmodx/logs/error_20250315.log")
L 03/15/2025 - 09:12:01: [AMXX] Plugin ("cucarachas_main.amxx") is setting itself as failed.
L 03/15/2025 - 09:12:01: [AMXX] Plugin says: Utiliza el Map Tool para adaptar este mapa a Cuca Mod.
L 03/15/2025 - 09:12:01: [AMXX] Run time error 1 (plugin "cucarachas_main.amxx") - forced exit
L 03/15/2025 - 09:12:01: Called dynanative into a paused plugin.
L 03/15/2025 - 09:12:01: [AMXX] Run time error 10 (plugin "cucarachas_extras.amxx") (native "cm_register_extra_item") - debug not enabled!
L 03/15/2025 - 09:12:01: [AMXX] To enable debug mode, add "debug" after the plugin name in plugins.ini (without quotes).
L 03/15/2025 - 09:37:10: Start of error session.
L 03/15/2025 - 09:37:10: Info (map "as_oilrig") (file "addons/amxmodx/logs/error_20250315.log")
L 03/15/2025 - 09:37:10: [AMXX] Plugin ("cucarachas_main.amxx") is setting itself as failed.
L 03/15/2025 - 09:37:10: [AMXX] Plugin says: Utiliza el Map Tool para adaptar este mapa a Cuca Mod.
L 03/15/2025 - 09:37:10: [AMXX] Run time error 1 (plugin "cucarachas_main.amxx") - forced exit
L 03/15/2025 - 09:37:10: Called dynanative into a paused plugin.
L 03/15/2025 - 09:37:10: [AMXX] Run time error 10 (plugin "cucarachas_extras.amxx") (native "cm_register_extra_item") - debug not enabled!
L 03/15/2025 - 09:37:10: [AMXX] To enable debug mode, add "debug" after the plugin name in plugins.ini (without quotes).
L 03/15/2025 - 10:02:20: Start of error session.
L 03/15/2025 - 10:02:20: Info (map "as_crazytank3") (file "addons/amxmodx/logs/error_20250315.log")
L 03/15/2025 - 10:02:20: [AMXX] Plugin ("cucarachas_main.amxx") is setting itself as failed.
L 03/15/2025 - 10:02:20: [AMXX] Plugin says: Utiliza el Map Tool para adaptar este mapa a Cuca Mod.
L 03/15/2025 - 10:02:20: [AMXX] Run time error 1 (plugin "cucarachas_main.amxx") - forced exit
L 03/15/2025 - 10:02:20: Called dynanative into a paused plugin.
L 03/15/2025 - 10:02:20: [AMXX] Run time error 10 (plugin "cucarachas_extras.amxx") (native "cm_register_extra_item") - debug not enabled!
L 03/15/2025 - 10:02:20: [AMXX] To enable debug mode, add "debug" after the plugin name in plugins.ini (without quotes).
L 03/15/2025 - 10:27:30: Start of error session.
L 03/15/2025 - 10:27:30: Info (map "de_dust2") (file "addons/amxmodx/logs/error_20250315.log")
L 03/15/2025 - 10:27:30: [AMXX] Plugin ("cucarachas_main.amxx") is setting itself as failed.
L 03/15/2025 - 10:27:30: [AMXX] Plugin says: Utiliza el Map Tool para adaptar este mapa a Cuca Mod.
L 03/15/2025 - 10:27:30: [AMXX] Run time error 1 (plugin "cucarachas_main.amxx") - forced exit
L 03/15/2025 - 10:27:30: Called dynanative into a paused plugin.
L 03/15/2025 - 10:27:30: [AMXX] Run time error 10 (plugin "cucarachas_extras.amxx") (native "cm_register_extra_item") - debug not enabled!
L 03/15/2025 - 10:27:30: [AMXX] To enable debug mode, add "debug" after the plugin name in plugins.ini (without quotes).
L 03/15/2025 - 10:47:40: Start of error session.
L 03/15/2025 - 10:47:40: Info (map "surf_iceday_remake") (file "addons/amxmodx/logs/error_20250315.log")
L 03/15/2025 - 10:47:40: [AMXX] Plugin ("cucarachas_main.amxx") is setting itself as failed.
L 03/15/2025 - 10:47:40: [AMXX] Plugin says: Utiliza el Map Tool para adaptar este mapa a Cuca Mod.
L 03/15/2025 - 10:47:40: [AMXX] Run time error 1 (plugin "cucarachas_main.amxx") - forced exit
L 03/15/2025 - 10:47:40: Called dynanative into a paused plugin.
L 03/15/2025 - 10:47:40: [AMXX] Run time error 10 (plugin "cucarachas_extras.amxx") (native "cm_register_extra_item") - debug not enabled!
L 03/15/2025 - 10:47:40: [AMXX] To enable debug mode, add "debug" after the plugin name in plugins.ini (without quotes).
L 03/15/2025 - 11:07:50: Start of error session.
L 03/15/2025 - 11:07:50: Info (map "cs_estate") (file "addons/amxmodx/logs/error_20250315.log")
L 03/15/2025 - 11:07:50: [AMXX] Plugin ("cucarachas_main.amxx") is setting itself as failed.
L 03/15/2025 - 11:07:50: [AMXX] Plugin says: Utiliza el Map Tool para adaptar este mapa a Cuca Mod.
L 03/15/2025 - 11:07:50: [AMXX] Run time error 1 (plugin "cucarachas_main.amxx") - forced exit
L 03/15/2025 - 11:07:50: Called dynanative into a paused plugin.
L 03/15/2025 - 11:07:50: [AMXX] Run time error 10 (plugin "cucarachas_extras.amxx") (native "cm_register_extra_item") - debug not enabled!
L 03/15/2025 - 11:07:50: [AMXX] To enable debug mode, add "debug" after the plugin name in plugins.ini (without quotes).
L 03/15/2025 - 11:24:59: Start of error session.
L 03/15/2025 - 11:24:59: Info (map "de_dust") (file "addons/amxmodx/logs/error_20250315.log")
L 03/15/2025 - 11:24:59: [AMXX] Plugin ("cucarachas_main.amxx") is setting itself as failed.
L 03/15/2025 - 11:24:59: [AMXX] Plugin says: Utiliza el Map Tool para adaptar este mapa a Cuca Mod.
L 03/15/2025 - 11:24:59: [AMXX] Run time error 1 (plugin "cucarachas_main.amxx") - forced exit
L 03/15/2025 - 11:24:59: Called dynanative into a paused plugin.
L 03/15/2025 - 11:24:59: [AMXX] Run time error 10 (plugin "cucarachas_extras.amxx") (native "cm_register_extra_item") - debug not enabled!
L 03/15/2025 - 11:24:59: [AMXX] To enable debug mode, add "debug" after the plugin name in plugins.ini (without quotes).
L 03/15/2025 - 11:42:09: Start of error session.
L 03/15/2025 - 11:42:09: Info (map "kz_arsacid") (file "addons/amxmodx/logs/error_20250315.log")
L 03/15/2025 - 11:42:09: [AMXX] Plugin ("cucarachas_main.amxx") is setting itself as failed.
L 03/15/2025 - 11:42:09: [AMXX] Plugin says: Utiliza el Map Tool para adaptar este mapa a Cuca Mod.
L 03/15/2025 - 11:42:09: [AMXX] Run time error 1 (plugin "cucarachas_main.amxx") - forced exit
L 03/15/2025 - 11:42:09: Called dynanative into a paused plugin.
L 03/15/2025 - 11:42:09: [AMXX] Run time error 10 (plugin "cucarachas_extras.amxx") (native "cm_register_extra_item") - debug not enabled!
L 03/15/2025 - 11:42:09: [AMXX] To enable debug mode, add "debug" after the plugin name in plugins.ini (without quotes).
L 03/15/2025 - 12:02:19: Start of error session.
L 03/15/2025 - 12:02:19: Info (map "bkz_goldbhop") (file "addons/amxmodx/logs/error_20250315.log")
L 03/15/2025 - 12:02:19: [AMXX] Plugin ("cucarachas_main.amxx") is setting itself as failed.
L 03/15/2025 - 12:02:19: [AMXX] Plugin says: Utiliza el Map Tool para adaptar este mapa a Cuca Mod.
L 03/15/2025 - 12:02:19: [AMXX] Run time error 1 (plugin "cucarachas_main.amxx") - forced exit
L 03/15/2025 - 12:02:19: Called dynanative into a paused plugin.
L 03/15/2025 - 12:02:19: [AMXX] Run time error 10 (plugin "cucarachas_extras.amxx") (native "cm_register_extra_item") - debug not enabled!
L 03/15/2025 - 12:02:19: [AMXX] To enable debug mode, add "debug" after the plugin name in plugins.ini (without quotes).
L 03/15/2025 - 12:22:29: Start of error session.
L 03/15/2025 - 12:22:29: Info (map "kz_xj_brickjump") (file "addons/amxmodx/logs/error_20250315.log")
L 03/15/2025 - 12:22:29: [AMXX] Plugin ("cucarachas_main.amxx") is setting itself as failed.
L 03/15/2025 - 12:22:29: [AMXX] Plugin says: Utiliza el Map Tool para adaptar este mapa a Cuca Mod.
L 03/15/2025 - 12:22:29: [AMXX] Run time error 1 (plugin "cucarachas_main.amxx") - forced exit
L 03/15/2025 - 12:22:29: Called dynanative into a paused plugin.
L 03/15/2025 - 12:22:29: [AMXX] Run time error 10 (plugin "cucarachas_extras.amxx") (native "cm_register_extra_item") - debug not enabled!
L 03/15/2025 - 12:22:29: [AMXX] To enable debug mode, add "debug" after the plugin name in plugins.ini (without quotes).
L 03/15/2025 - 12:42:39: Start of error session.
L 03/15/2025 - 12:42:39: Info (map "as_oilrig") (file "addons/amxmodx/logs/error_20250315.log")
L 03/15/2025 - 12:42:39: [AMXX] Plugin ("cucarachas_main.amxx") is setting itself as failed.
L 03/15/2025 - 12:42:39: [AMXX] Plugin says: Utiliza el Map Tool para adaptar este mapa a Cuca Mod.
L 03/15/2025 - 12:42:39: [AMXX] Run time error 1 (plugin "cucarachas_main.amxx") - forced exit
L 03/15/2025 - 12:42:39: Called dynanative into a paused plugin.
L 03/15/2025 - 12:42:39: [AMXX] Run time error 10 (plugin "cucarachas_extras.amxx") (native "cm_register_extra_item") - debug not enabled!
L 03/15/2025 - 12:42:39: [AMXX] To enable debug mode, add "debug" after the plugin name in plugins.ini (without quotes).
L 03/15/2025 - 13:07:49: Start of error session.
L 03/15/2025 - 13:07:49: Info (map "as_crazytank3") (file "addons/amxmodx/logs/error_20250315.log")
L 03/15/2025 - 13:07:49: [AMXX] Plugin ("cucarachas_main.amxx") is setting itself as failed.
L 03/15/2025 - 13:07:49: [AMXX] Plugin says: Utiliza el Map Tool para adaptar este mapa a Cuca Mod.
L 03/15/2025 - 13:07:49: [AMXX] Run time error 1 (plugin "cucarachas_main.amxx") - forced exit
L 03/15/2025 - 13:07:49: Called dynanative into a paused plugin.
L 03/15/2025 - 13:07:49: [AMXX] Run time error 10 (plugin "cucarachas_extras.amxx") (native "cm_register_extra_item") - debug not enabled!
L 03/15/2025 - 13:07:49: [AMXX] To enable debug mode, add "debug" after the plugin name in plugins.ini (without quotes).
L 03/15/2025 - 13:32:58: Start of error session.
L 03/15/2025 - 13:32:58: Info (map "as_oilrig") (file "addons/amxmodx/logs/error_20250315.log")
L 03/15/2025 - 13:32:58: [AMXX] Plugin ("cucarachas_main.amxx") is setting itself as failed.
L 03/15/2025 - 13:32:58: [AMXX] Plugin says: Utiliza el Map Tool para adaptar este mapa a Cuca Mod.
L 03/15/2025 - 13:32:58: [AMXX] Run time error 1 (plugin "cucarachas_main.amxx") - forced exit
L 03/15/2025 - 13:32:58: Called dynanative into a paused plugin.
L 03/15/2025 - 13:32:58: [AMXX] Run time error 10 (plugin "cucarachas_extras.amxx") (native "cm_register_extra_item") - debug not enabled!
L 03/15/2025 - 13:32:58: [AMXX] To enable debug mode, add "debug" after the plugin name in plugins.ini (without quotes).
L 03/15/2025 - 13:58:08: Start of error session.
L 03/15/2025 - 13:58:08: Info (map "cs_estate") (file "addons/amxmodx/logs/error_20250315.log")
L 03/15/2025 - 13:58:08: [AMXX] Plugin ("cucarachas_main.amxx") is setting itself as failed.
L 03/15/2025 - 13:58:08: [AMXX] Plugin says: Utiliza el Map Tool para adaptar este mapa a Cuca Mod.
L 03/15/2025 - 13:58:08: [AMXX] Run time error 1 (plugin "cucarachas_main.amxx") - forced exit
L 03/15/2025 - 13:58:08: Called dynanative into a paused plugin.
L 03/15/2025 - 13:58:08: [AMXX] Run time error 10 (plugin "cucarachas_extras.amxx") (native "cm_register_extra_item") - debug not enabled!
L 03/15/2025 - 13:58:08: [AMXX] To enable debug mode, add "debug" after the plugin name in plugins.ini (without quotes).
L 03/15/2025 - 14:15:18: Start of error session.
L 03/15/2025 - 14:15:18: Info (map "de_dust") (file "addons/amxmodx/logs/error_20250315.log")
L 03/15/2025 - 14:15:18: [AMXX] Plugin ("cucarachas_main.amxx") is setting itself as failed.
L 03/15/2025 - 14:15:18: [AMXX] Plugin says: Utiliza el Map Tool para adaptar este mapa a Cuca Mod.
L 03/15/2025 - 14:15:18: [AMXX] Run time error 1 (plugin "cucarachas_main.amxx") - forced exit
L 03/15/2025 - 14:15:18: Called dynanative into a paused plugin.
L 03/15/2025 - 14:15:18: [AMXX] Run time error 10 (plugin "cucarachas_extras.amxx") (native "cm_register_extra_item") - debug not enabled!
L 03/15/2025 - 14:15:18: [AMXX] To enable debug mode, add "debug" after the plugin name in plugins.ini (without quotes).
L 03/15/2025 - 14:32:28: Start of error session.
L 03/15/2025 - 14:32:28: Info (map "zm_ice_attack") (file "addons/amxmodx/logs/error_20250315.log")
L 03/15/2025 - 14:32:28: [AMXX] Plugin ("cucarachas_main.amxx") is setting itself as failed.
L 03/15/2025 - 14:32:28: [AMXX] Plugin says: Utiliza el Map Tool para adaptar este mapa a Cuca Mod.
L 03/15/2025 - 14:32:28: [AMXX] Run time error 1 (plugin "cucarachas_main.amxx") - forced exit
L 03/15/2025 - 14:32:28: Called dynanative into a paused plugin.
L 03/15/2025 - 14:32:28: [AMXX] Run time error 10 (plugin "cucarachas_extras.amxx") (native "cm_register_extra_item") - debug not enabled!
L 03/15/2025 - 14:32:28: [AMXX] To enable debug mode, add "debug" after the plugin name in plugins.ini (without quotes).
L 03/15/2025 - 14:53:38: Start of error session.
L 03/15/2025 - 14:53:38: Info (map "zm_toronto") (file "addons/amxmodx/logs/error_20250315.log")
L 03/15/2025 - 14:53:38: [AMXX] Plugin ("cucarachas_main.amxx") is setting itself as failed.
L 03/15/2025 - 14:53:38: [AMXX] Plugin says: Utiliza el Map Tool para adaptar este mapa a Cuca Mod.
L 03/15/2025 - 14:53:38: [AMXX] Run time error 1 (plugin "cucarachas_main.amxx") - forced exit
L 03/15/2025 - 14:53:38: Called dynanative into a paused plugin.
L 03/15/2025 - 14:53:38: [AMXX] Run time error 10 (plugin "cucarachas_extras.amxx") (native "cm_register_extra_item") - debug not enabled!
L 03/15/2025 - 14:53:38: [AMXX] To enable debug mode, add "debug" after the plugin name in plugins.ini (without quotes).
L 03/15/2025 - 15:14:50: Start of error session.
L 03/15/2025 - 15:14:50: Info (map "zm_ice_attack") (file "addons/amxmodx/logs/error_20250315.log")
L 03/15/2025 - 15:14:50: [AMXX] Plugin ("cucarachas_main.amxx") is setting itself as failed.
L 03/15/2025 - 15:14:50: [AMXX] Plugin says: Utiliza el Map Tool para adaptar este mapa a Cuca Mod.
L 03/15/2025 - 15:14:50: [AMXX] Run time error 1 (plugin "cucarachas_main.amxx") - forced exit
L 03/15/2025 - 15:14:50: Called dynanative into a paused plugin.
L 03/15/2025 - 15:14:50: [AMXX] Run time error 10 (plugin "cucarachas_extras.amxx") (native "cm_register_extra_item") - debug not enabled!
L 03/15/2025 - 15:14:50: [AMXX] To enable debug mode, add "debug" after the plugin name in plugins.ini (without quotes).
L 03/15/2025 - 15:36:00: Start of error session.
L 03/15/2025 - 15:36:00: Info (map "cs_assault") (file "addons/amxmodx/logs/error_20250315.log")
L 03/15/2025 - 15:36:00: [AMXX] Plugin ("cucarachas_main.amxx") is setting itself as failed.
L 03/15/2025 - 15:36:00: [AMXX] Plugin says: Utiliza el Map Tool para adaptar este mapa a Cuca Mod.
L 03/15/2025 - 15:36:00: [AMXX] Run time error 1 (plugin "cucarachas_main.amxx") - forced exit
L 03/15/2025 - 15:36:00: Called dynanative into a paused plugin.
L 03/15/2025 - 15:36:00: [AMXX] Run time error 10 (plugin "cucarachas_extras.amxx") (native "cm_register_extra_item") - debug not enabled!
L 03/15/2025 - 15:36:00: [AMXX] To enable debug mode, add "debug" after the plugin name in plugins.ini (without quotes).
L 03/15/2025 - 15:55:10: Start of error session.
L 03/15/2025 - 15:55:10: Info (map "de_chateau") (file "addons/amxmodx/logs/error_20250315.log")
L 03/15/2025 - 15:55:10: [AMXX] Plugin ("cucarachas_main.amxx") is setting itself as failed.
L 03/15/2025 - 15:55:10: [AMXX] Plugin says: Utiliza el Map Tool para adaptar este mapa a Cuca Mod.
L 03/15/2025 - 15:55:10: [AMXX] Run time error 1 (plugin "cucarachas_main.amxx") - forced exit
L 03/15/2025 - 15:55:10: Called dynanative into a paused plugin.
L 03/15/2025 - 15:55:10: [AMXX] Run time error 10 (plugin "cucarachas_extras.amxx") (native "cm_register_extra_item") - debug not enabled!
L 03/15/2025 - 15:55:10: [AMXX] To enable debug mode, add "debug" after the plugin name in plugins.ini (without quotes).
L 03/15/2025 - 16:14:20: Start of error session.
L 03/15/2025 - 16:14:20: Info (map "cs_assault") (file "addons/amxmodx/logs/error_20250315.log")
L 03/15/2025 - 16:14:20: [AMXX] Plugin ("cucarachas_main.amxx") is setting itself as failed.
L 03/15/2025 - 16:14:20: [AMXX] Plugin says: Utiliza el Map Tool para adaptar este mapa a Cuca Mod.
L 03/15/2025 - 16:14:20: [AMXX] Run time error 1 (plugin "cucarachas_main.amxx") - forced exit
L 03/15/2025 - 16:14:20: Called dynanative into a paused plugin.
L 03/15/2025 - 16:14:20: [AMXX] Run time error 10 (plugin "cucarachas_extras.amxx") (native "cm_register_extra_item") - debug not enabled!
L 03/15/2025 - 16:14:20: [AMXX] To enable debug mode, add "debug" after the plugin name in plugins.ini (without quotes).
L 03/15/2025 - 16:33:30: Start of error session.
L 03/15/2025 - 16:33:30: Info (map "cs_estate") (file "addons/amxmodx/logs/error_20250315.log")
L 03/15/2025 - 16:33:30: [AMXX] Plugin ("cucarachas_main.amxx") is setting itself as failed.
L 03/15/2025 - 16:33:30: [AMXX] Plugin says: Utiliza el Map Tool para adaptar este mapa a Cuca Mod.
L 03/15/2025 - 16:33:30: [AMXX] Run time error 1 (plugin "cucarachas_main.amxx") - forced exit
L 03/15/2025 - 16:33:30: Called dynanative into a paused plugin.
L 03/15/2025 - 16:33:30: [AMXX] Run time error 10 (plugin "cucarachas_extras.amxx") (native "cm_register_extra_item") - debug not enabled!
L 03/15/2025 - 16:33:30: [AMXX] To enable debug mode, add "debug" after the plugin name in plugins.ini (without quotes).
L 03/15/2025 - 16:50:39: Start of error session.
L 03/15/2025 - 16:50:39: Info (map "de_dust") (file "addons/amxmodx/logs/error_20250315.log")
L 03/15/2025 - 16:50:39: [AMXX] Plugin ("cucarachas_main.amxx") is setting itself as failed.
L 03/15/2025 - 16:50:39: [AMXX] Plugin says: Utiliza el Map Tool para adaptar este mapa a Cuca Mod.
L 03/15/2025 - 16:50:39: [AMXX] Run time error 1 (plugin "cucarachas_main.amxx") - forced exit
L 03/15/2025 - 16:50:39: Called dynanative into a paused plugin.
L 03/15/2025 - 16:50:39: [AMXX] Run time error 10 (plugin "cucarachas_extras.amxx") (native "cm_register_extra_item") - debug not enabled!
L 03/15/2025 - 16:50:39: [AMXX] To enable debug mode, add "debug" after the plugin name in plugins.ini (without quotes).
L 03/15/2025 - 17:07:49: Start of error session.
L 03/15/2025 - 17:07:49: Info (map "de_dust2") (file "addons/amxmodx/logs/error_20250315.log")
L 03/15/2025 - 17:07:49: [AMXX] Plugin ("cucarachas_main.amxx") is setting itself as failed.
L 03/15/2025 - 17:07:49: [AMXX] Plugin says: Utiliza el Map Tool para adaptar este mapa a Cuca Mod.
L 03/15/2025 - 17:07:49: [AMXX] Run time error 1 (plugin "cucarachas_main.amxx") - forced exit
L 03/15/2025 - 17:07:49: Called dynanative into a paused plugin.
L 03/15/2025 - 17:07:49: [AMXX] Run time error 10 (plugin "cucarachas_extras.amxx") (native "cm_register_extra_item") - debug not enabled!
L 03/15/2025 - 17:07:49: [AMXX] To enable debug mode, add "debug" after the plugin name in plugins.ini (without quotes).
L 03/15/2025 - 17:30:59: Start of error session.
L 03/15/2025 - 17:30:59: Info (map "de_aztec") (file "addons/amxmodx/logs/error_20250315.log")
L 03/15/2025 - 17:30:59: [AMXX] Plugin ("cucarachas_main.amxx") is setting itself as failed.
L 03/15/2025 - 17:30:59: [AMXX] Plugin says: Utiliza el Map Tool para adaptar este mapa a Cuca Mod.
L 03/15/2025 - 17:30:59: [AMXX] Run time error 1 (plugin "cucarachas_main.amxx") - forced exit
L 03/15/2025 - 17:30:59: Called dynanative into a paused plugin.
L 03/15/2025 - 17:30:59: [AMXX] Run time error 10 (plugin "cucarachas_extras.amxx") (native "cm_register_extra_item") - debug not enabled!
L 03/15/2025 - 17:30:59: [AMXX] To enable debug mode, add "debug" after the plugin name in plugins.ini (without quotes).
L 03/15/2025 - 17:54:09: Start of error session.
L 03/15/2025 - 17:54:09: Info (map "as_oilrig") (file "addons/amxmodx/logs/error_20250315.log")
L 03/15/2025 - 17:54:09: [AMXX] Plugin ("cucarachas_main.amxx") is setting itself as failed.
L 03/15/2025 - 17:54:09: [AMXX] Plugin says: Utiliza el Map Tool para adaptar este mapa a Cuca Mod.
L 03/15/2025 - 17:54:09: [AMXX] Run time error 1 (plugin "cucarachas_main.amxx") - forced exit
L 03/15/2025 - 17:54:09: Called dynanative into a paused plugin.
L 03/15/2025 - 17:54:09: [AMXX] Run time error 10 (plugin "cucarachas_extras.amxx") (native "cm_register_extra_item") - debug not enabled!
L 03/15/2025 - 17:54:09: [AMXX] To enable debug mode, add "debug" after the plugin name in plugins.ini (without quotes).
L 03/15/2025 - 18:19:19: Start of error session.
L 03/15/2025 - 18:19:19: Info (map "as_crazytank3") (file "addons/amxmodx/logs/error_20250315.log")
L 03/15/2025 - 18:19:19: [AMXX] Plugin ("cucarachas_main.amxx") is setting itself as failed.
L 03/15/2025 - 18:19:19: [AMXX] Plugin says: Utiliza el Map Tool para adaptar este mapa a Cuca Mod.
L 03/15/2025 - 18:19:19: [AMXX] Run time error 1 (plugin "cucarachas_main.amxx") - forced exit
L 03/15/2025 - 18:19:19: Called dynanative into a paused plugin.
L 03/15/2025 - 18:19:19: [AMXX] Run time error 10 (plugin "cucarachas_extras.amxx") (native "cm_register_extra_item") - debug not enabled!
L 03/15/2025 - 18:19:19: [AMXX] To enable debug mode, add "debug" after the plugin name in plugins.ini (without quotes).
L 03/15/2025 - 18:44:28: Start of error session.
L 03/15/2025 - 18:44:28: Info (map "as_oilrig") (file "addons/amxmodx/logs/error_20250315.log")
L 03/15/2025 - 18:44:28: [AMXX] Plugin ("cucarachas_main.amxx") is setting itself as failed.
L 03/15/2025 - 18:44:28: [AMXX] Plugin says: Utiliza el Map Tool para adaptar este mapa a Cuca Mod.
L 03/15/2025 - 18:44:28: [AMXX] Run time error 1 (plugin "cucarachas_main.amxx") - forced exit
L 03/15/2025 - 18:44:28: Called dynanative into a paused plugin.
L 03/15/2025 - 18:44:28: [AMXX] Run time error 10 (plugin "cucarachas_extras.amxx") (native "cm_register_extra_item") - debug not enabled!
L 03/15/2025 - 18:44:28: [AMXX] To enable debug mode, add "debug" after the plugin name in plugins.ini (without quotes).
L 03/15/2025 - 19:09:38: Start of error session.
L 03/15/2025 - 19:09:38: Info (map "de_dust2") (file "addons/amxmodx/logs/error_20250315.log")
L 03/15/2025 - 19:09:38: [AMXX] Plugin ("cucarachas_main.amxx") is setting itself as failed.
L 03/15/2025 - 19:09:38: [AMXX] Plugin says: Utiliza el Map Tool para adaptar este mapa a Cuca Mod.
L 03/15/2025 - 19:09:38: [AMXX] Run time error 1 (plugin "cucarachas_main.amxx") - forced exit
L 03/15/2025 - 19:09:38: Called dynanative into a paused plugin.
L 03/15/2025 - 19:09:38: [AMXX] Run time error 10 (plugin "cucarachas_extras.amxx") (native "cm_register_extra_item") - debug not enabled!
L 03/15/2025 - 19:09:38: [AMXX] To enable debug mode, add "debug" after the plugin name in plugins.ini (without quotes).
L 03/15/2025 - 19:29:48: Start of error session.
L 03/15/2025 - 19:29:48: Info (map "surf_iceday_remake") (file "addons/amxmodx/logs/error_20250315.log")
L 03/15/2025 - 19:29:48: [AMXX] Plugin ("cucarachas_main.amxx") is setting itself as failed.
L 03/15/2025 - 19:29:48: [AMXX] Plugin says: Utiliza el Map Tool para adaptar este mapa a Cuca Mod.
L 03/15/2025 - 19:29:48: [AMXX] Run time error 1 (plugin "cucarachas_main.amxx") - forced exit
L 03/15/2025 - 19:29:48: Called dynanative into a paused plugin.
L 03/15/2025 - 19:29:48: [AMXX] Run time error 10 (plugin "cucarachas_extras.amxx") (native "cm_register_extra_item") - debug not enabled!
L 03/15/2025 - 19:29:48: [AMXX] To enable debug mode, add "debug" after the plugin name in plugins.ini (without quotes).
L 03/15/2025 - 19:49:58: Start of error session.
L 03/15/2025 - 19:49:58: Info (map "kz_arsacid") (file "addons/amxmodx/logs/error_20250315.log")
L 03/15/2025 - 19:49:58: [AMXX] Plugin ("cucarachas_main.amxx") is setting itself as failed.
L 03/15/2025 - 19:49:58: [AMXX] Plugin says: Utiliza el Map Tool para adaptar este mapa a Cuca Mod.
L 03/15/2025 - 19:49:58: [AMXX] Run time error 1 (plugin "cucarachas_main.amxx") - forced exit
L 03/15/2025 - 19:49:58: Called dynanative into a paused plugin.
L 03/15/2025 - 19:49:58: [AMXX] Run time error 10 (plugin "cucarachas_extras.amxx") (native "cm_register_extra_item") - debug not enabled!
L 03/15/2025 - 19:49:58: [AMXX] To enable debug mode, add "debug" after the plugin name in plugins.ini (without quotes).
L 03/15/2025 - 20:10:08: Start of error session.
L 03/15/2025 - 20:10:08: Info (map "bkz_goldbhop") (file "addons/amxmodx/logs/error_20250315.log")
L 03/15/2025 - 20:10:08: [AMXX] Plugin ("cucarachas_main.amxx") is setting itself as failed.
L 03/15/2025 - 20:10:08: [AMXX] Plugin says: Utiliza el Map Tool para adaptar este mapa a Cuca Mod.
L 03/15/2025 - 20:10:08: [AMXX] Run time error 1 (plugin "cucarachas_main.amxx") - forced exit
L 03/15/2025 - 20:10:08: Called dynanative into a paused plugin.
L 03/15/2025 - 20:10:08: [AMXX] Run time error 10 (plugin "cucarachas_extras.amxx") (native "cm_register_extra_item") - debug not enabled!
L 03/15/2025 - 20:10:08: [AMXX] To enable debug mode, add "debug" after the plugin name in plugins.ini (without quotes).
L 03/15/2025 - 20:30:18: Start of error session.
L 03/15/2025 - 20:30:18: Info (map "kz_xj_brickjump") (file "addons/amxmodx/logs/error_20250315.log")
L 03/15/2025 - 20:30:18: [AMXX] Plugin ("cucarachas_main.amxx") is setting itself as failed.
L 03/15/2025 - 20:30:18: [AMXX] Plugin says: Utiliza el Map Tool para adaptar este mapa a Cuca Mod.
L 03/15/2025 - 20:30:18: [AMXX] Run time error 1 (plugin "cucarachas_main.amxx") - forced exit
L 03/15/2025 - 20:30:18: Called dynanative into a paused plugin.
L 03/15/2025 - 20:30:18: [AMXX] Run time error 10 (plugin "cucarachas_extras.amxx") (native "cm_register_extra_item") - debug not enabled!
L 03/15/2025 - 20:30:18: [AMXX] To enable debug mode, add "debug" after the plugin name in plugins.ini (without quotes).
L 03/15/2025 - 20:50:28: Start of error session.
L 03/15/2025 - 20:50:28: Info (map "bb_crete3") (file "addons/amxmodx/logs/error_20250315.log")
L 03/15/2025 - 20:50:28: [AMXX] Plugin ("cucarachas_main.amxx") is setting itself as failed.
L 03/15/2025 - 20:50:28: [AMXX] Plugin says: Utiliza el Map Tool para adaptar este mapa a Cuca Mod.
L 03/15/2025 - 20:50:28: [AMXX] Run time error 1 (plugin "cucarachas_main.amxx") - forced exit
L 03/15/2025 - 20:50:28: Called dynanative into a paused plugin.
L 03/15/2025 - 20:50:28: [AMXX] Run time error 10 (plugin "cucarachas_extras.amxx") (native "cm_register_extra_item") - debug not enabled!
L 03/15/2025 - 20:50:28: [AMXX] To enable debug mode, add "debug" after the plugin name in plugins.ini (without quotes).
L 03/15/2025 - 21:15:37: Start of error session.
L 03/15/2025 - 21:15:37: Info (map "bb_colours") (file "addons/amxmodx/logs/error_20250315.log")
L 03/15/2025 - 21:15:37: [AMXX] Plugin ("cucarachas_main.amxx") is setting itself as failed.
L 03/15/2025 - 21:15:37: [AMXX] Plugin says: Utiliza el Map Tool para adaptar este mapa a Cuca Mod.
L 03/15/2025 - 21:15:37: [AMXX] Run time error 1 (plugin "cucarachas_main.amxx") - forced exit
L 03/15/2025 - 21:15:37: Called dynanative into a paused plugin.
L 03/15/2025 - 21:15:37: [AMXX] Run time error 10 (plugin "cucarachas_extras.amxx") (native "cm_register_extra_item") - debug not enabled!
L 03/15/2025 - 21:15:37: [AMXX] To enable debug mode, add "debug" after the plugin name in plugins.ini (without quotes).
L 03/15/2025 - 21:40:47: Start of error session.
L 03/15/2025 - 21:40:47: Info (map "cs_assault") (file "addons/amxmodx/logs/error_20250315.log")
L 03/15/2025 - 21:40:47: [AMXX] Plugin ("cucarachas_main.amxx") is setting itself as failed.
L 03/15/2025 - 21:40:47: [AMXX] Plugin says: Utiliza el Map Tool para adaptar este mapa a Cuca Mod.
L 03/15/2025 - 21:40:47: [AMXX] Run time error 1 (plugin "cucarachas_main.amxx") - forced exit
L 03/15/2025 - 21:40:47: Called dynanative into a paused plugin.
L 03/15/2025 - 21:40:47: [AMXX] Run time error 10 (plugin "cucarachas_extras.amxx") (native "cm_register_extra_item") - debug not enabled!
L 03/15/2025 - 21:40:47: [AMXX] To enable debug mode, add "debug" after the plugin name in plugins.ini (without quotes).
L 03/15/2025 - 21:59:57: Start of error session.
L 03/15/2025 - 21:59:57: Info (map "de_chateau") (file "addons/amxmodx/logs/error_20250315.log")
L 03/15/2025 - 21:59:57: [AMXX] Plugin ("cucarachas_main.amxx") is setting itself as failed.
L 03/15/2025 - 21:59:57: [AMXX] Plugin says: Utiliza el Map Tool para adaptar este mapa a Cuca Mod.
L 03/15/2025 - 21:59:57: [AMXX] Run time error 1 (plugin "cucarachas_main.amxx") - forced exit
L 03/15/2025 - 21:59:57: Called dynanative into a paused plugin.
L 03/15/2025 - 21:59:57: [AMXX] Run time error 10 (plugin "cucarachas_extras.amxx") (native "cm_register_extra_item") - debug not enabled!
L 03/15/2025 - 21:59:57: [AMXX] To enable debug mode, add "debug" after the plugin name in plugins.ini (without quotes).
L 03/15/2025 - 22:19:06: Start of error session.
L 03/15/2025 - 22:19:06: Info (map "cs_assault") (file "addons/amxmodx/logs/error_20250315.log")
L 03/15/2025 - 22:19:06: [AMXX] Plugin ("cucarachas_main.amxx") is setting itself as failed.
L 03/15/2025 - 22:19:06: [AMXX] Plugin says: Utiliza el Map Tool para adaptar este mapa a Cuca Mod.
L 03/15/2025 - 22:19:06: [AMXX] Run time error 1 (plugin "cucarachas_main.amxx") - forced exit
L 03/15/2025 - 22:19:06: Called dynanative into a paused plugin.
L 03/15/2025 - 22:19:06: [AMXX] Run time error 10 (plugin "cucarachas_extras.amxx") (native "cm_register_extra_item") - debug not enabled!
L 03/15/2025 - 22:19:06: [AMXX] To enable debug mode, add "debug" after the plugin name in plugins.ini (without quotes).
L 03/15/2025 - 22:38:16: Start of error session.
L 03/15/2025 - 22:38:16: Info (map "cs_estate") (file "addons/amxmodx/logs/error_20250315.log")
L 03/15/2025 - 22:38:16: [AMXX] Plugin ("cucarachas_main.amxx") is setting itself as failed.
L 03/15/2025 - 22:38:16: [AMXX] Plugin says: Utiliza el Map Tool para adaptar este mapa a Cuca Mod.
L 03/15/2025 - 22:38:16: [AMXX] Run time error 1 (plugin "cucarachas_main.amxx") - forced exit
L 03/15/2025 - 22:38:16: Called dynanative into a paused plugin.
L 03/15/2025 - 22:38:16: [AMXX] Run time error 10 (plugin "cucarachas_extras.amxx") (native "cm_register_extra_item") - debug not enabled!
L 03/15/2025 - 22:38:16: [AMXX] To enable debug mode, add "debug" after the plugin name in plugins.ini (without quotes).
L 03/15/2025 - 22:55:26: Start of error session.
L 03/15/2025 - 22:55:26: Info (map "de_dust") (file "addons/amxmodx/logs/error_20250315.log")
L 03/15/2025 - 22:55:26: [AMXX] Plugin ("cucarachas_main.amxx") is setting itself as failed.
L 03/15/2025 - 22:55:26: [AMXX] Plugin says: Utiliza el Map Tool para adaptar este mapa a Cuca Mod.
L 03/15/2025 - 22:55:26: [AMXX] Run time error 1 (plugin "cucarachas_main.amxx") - forced exit
L 03/15/2025 - 22:55:26: Called dynanative into a paused plugin.
L 03/15/2025 - 22:55:26: [AMXX] Run time error 10 (plugin "cucarachas_extras.amxx") (native "cm_register_extra_item") - debug not enabled!
L 03/15/2025 - 22:55:26: [AMXX] To enable debug mode, add "debug" after the plugin name in plugins.ini (without quotes).
L 03/15/2025 - 23:12:36: Start of error session.
L 03/15/2025 - 23:12:36: Info (map "kz_arsacid") (file "addons/amxmodx/logs/error_20250315.log")
L 03/15/2025 - 23:12:36: [AMXX] Plugin ("cucarachas_main.amxx") is setting itself as failed.
L 03/15/2025 - 23:12:36: [AMXX] Plugin says: Utiliza el Map Tool para adaptar este mapa a Cuca Mod.
L 03/15/2025 - 23:12:36: [AMXX] Run time error 1 (plugin "cucarachas_main.amxx") - forced exit
L 03/15/2025 - 23:12:36: Called dynanative into a paused plugin.
L 03/15/2025 - 23:12:36: [AMXX] Run time error 10 (plugin "cucarachas_extras.amxx") (native "cm_register_extra_item") - debug not enabled!
L 03/15/2025 - 23:12:36: [AMXX] To enable debug mode, add "debug" after the plugin name in plugins.ini (without quotes).
L 03/15/2025 - 23:32:46: Start of error session.
L 03/15/2025 - 23:32:46: Info (map "bkz_goldbhop") (file "addons/amxmodx/logs/error_20250315.log")
L 03/15/2025 - 23:32:46: [AMXX] Plugin ("cucarachas_main.amxx") is setting itself as failed.
L 03/15/2025 - 23:32:46: [AMXX] Plugin says: Utiliza el Map Tool para adaptar este mapa a Cuca Mod.
L 03/15/2025 - 23:32:46: [AMXX] Run time error 1 (plugin "cucarachas_main.amxx") - forced exit
L 03/15/2025 - 23:32:46: Called dynanative into a paused plugin.
L 03/15/2025 - 23:32:46: [AMXX] Run time error 10 (plugin "cucarachas_extras.amxx") (native "cm_register_extra_item") - debug not enabled!
L 03/15/2025 - 23:32:46: [AMXX] To enable debug mode, add "debug" after the plugin name in plugins.ini (without quotes).
L 03/15/2025 - 23:52:56: Start of error session.
L 03/15/2025 - 23:52:56: Info (map "kz_xj_brickjump") (file "addons/amxmodx/logs/error_20250315.log")
L 03/15/2025 - 23:52:56: [AMXX] Plugin ("cucarachas_main.amxx") is setting itself as failed.
L 03/15/2025 - 23:52:56: [AMXX] Plugin says: Utiliza el Map Tool para adaptar este mapa a Cuca Mod.
L 03/15/2025 - 23:52:56: [AMXX] Run time error 1 (plugin "cucarachas_main.amxx") - forced exit
L 03/15/2025 - 23:52:56: Called dynanative into a paused plugin.
L 03/15/2025 - 23:52:56: [AMXX] Run time error 10 (plugin "cucarachas_extras.amxx") (native "cm_register_extra_item") - debug not enabled!
L 03/15/2025 - 23:52:56: [AMXX] To enable debug mode, add "debug" after the plugin name in plugins.ini (without quotes).
