L 02/10/2025 - 00:09:47: Start of error session.
L 02/10/2025 - 00:09:47: Info (map "kz_arsacid") (file "addons/amxmodx/logs/error_20250210.log")
L 02/10/2025 - 00:09:47: [AMXX] Plugin ("cucarachas_main.amxx") is setting itself as failed.
L 02/10/2025 - 00:09:47: [AMXX] Plugin says: Utiliza el Map Tool para adaptar este mapa a Cuca Mod.
L 02/10/2025 - 00:09:47: [AMXX] Run time error 1 (plugin "cucarachas_main.amxx") - forced exit
L 02/10/2025 - 00:09:47: Called dynanative into a paused plugin.
L 02/10/2025 - 00:09:47: [AMXX] Run time error 10 (plugin "cucarachas_extras.amxx") (native "cm_register_extra_item") - debug not enabled!
L 02/10/2025 - 00:09:47: [AMXX] To enable debug mode, add "debug" after the plugin name in plugins.ini (without quotes).
L 02/10/2025 - 00:29:57: Start of error session.
L 02/10/2025 - 00:29:57: Info (map "bkz_goldbhop") (file "addons/amxmodx/logs/error_20250210.log")
L 02/10/2025 - 00:29:57: [AMXX] Plugin ("cucarachas_main.amxx") is setting itself as failed.
L 02/10/2025 - 00:29:57: [AMXX] Plugin says: Utiliza el Map Tool para adaptar este mapa a Cuca Mod.
L 02/10/2025 - 00:29:57: [AMXX] Run time error 1 (plugin "cucarachas_main.amxx") - forced exit
L 02/10/2025 - 00:29:57: Called dynanative into a paused plugin.
L 02/10/2025 - 00:29:57: [AMXX] Run time error 10 (plugin "cucarachas_extras.amxx") (native "cm_register_extra_item") - debug not enabled!
L 02/10/2025 - 00:29:57: [AMXX] To enable debug mode, add "debug" after the plugin name in plugins.ini (without quotes).
L 02/10/2025 - 00:50:07: Start of error session.
L 02/10/2025 - 00:50:07: Info (map "kz_arsacid") (file "addons/amxmodx/logs/error_20250210.log")
L 02/10/2025 - 00:50:07: [AMXX] Plugin ("cucarachas_main.amxx") is setting itself as failed.
L 02/10/2025 - 00:50:07: [AMXX] Plugin says: Utiliza el Map Tool para adaptar este mapa a Cuca Mod.
L 02/10/2025 - 00:50:07: [AMXX] Run time error 1 (plugin "cucarachas_main.amxx") - forced exit
L 02/10/2025 - 00:50:07: Called dynanative into a paused plugin.
L 02/10/2025 - 00:50:07: [AMXX] Run time error 10 (plugin "cucarachas_extras.amxx") (native "cm_register_extra_item") - debug not enabled!
L 02/10/2025 - 00:50:07: [AMXX] To enable debug mode, add "debug" after the plugin name in plugins.ini (without quotes).
L 02/10/2025 - 01:10:17: Start of error session.
L 02/10/2025 - 01:10:17: Info (map "surf_iceday_remake") (file "addons/amxmodx/logs/error_20250210.log")
L 02/10/2025 - 01:10:17: [AMXX] Plugin ("cucarachas_main.amxx") is setting itself as failed.
L 02/10/2025 - 01:10:17: [AMXX] Plugin says: Utiliza el Map Tool para adaptar este mapa a Cuca Mod.
L 02/10/2025 - 01:10:17: [AMXX] Run time error 1 (plugin "cucarachas_main.amxx") - forced exit
L 02/10/2025 - 01:10:17: Called dynanative into a paused plugin.
L 02/10/2025 - 01:10:17: [AMXX] Run time error 10 (plugin "cucarachas_extras.amxx") (native "cm_register_extra_item") - debug not enabled!
L 02/10/2025 - 01:10:17: [AMXX] To enable debug mode, add "debug" after the plugin name in plugins.ini (without quotes).
L 02/10/2025 - 01:30:27: Start of error session.
L 02/10/2025 - 01:30:27: Info (map "de_dust2") (file "addons/amxmodx/logs/error_20250210.log")
L 02/10/2025 - 01:30:27: [AMXX] Plugin ("cucarachas_main.amxx") is setting itself as failed.
L 02/10/2025 - 01:30:27: [AMXX] Plugin says: Utiliza el Map Tool para adaptar este mapa a Cuca Mod.
L 02/10/2025 - 01:30:27: [AMXX] Run time error 1 (plugin "cucarachas_main.amxx") - forced exit
L 02/10/2025 - 01:30:27: Called dynanative into a paused plugin.
L 02/10/2025 - 01:30:27: [AMXX] Run time error 10 (plugin "cucarachas_extras.amxx") (native "cm_register_extra_item") - debug not enabled!
L 02/10/2025 - 01:30:27: [AMXX] To enable debug mode, add "debug" after the plugin name in plugins.ini (without quotes).
L 02/10/2025 - 01:50:37: Start of error session.
L 02/10/2025 - 01:50:37: Info (map "cs_estate") (file "addons/amxmodx/logs/error_20250210.log")
L 02/10/2025 - 01:50:37: [AMXX] Plugin ("cucarachas_main.amxx") is setting itself as failed.
L 02/10/2025 - 01:50:37: [AMXX] Plugin says: Utiliza el Map Tool para adaptar este mapa a Cuca Mod.
L 02/10/2025 - 01:50:37: [AMXX] Run time error 1 (plugin "cucarachas_main.amxx") - forced exit
L 02/10/2025 - 01:50:37: Called dynanative into a paused plugin.
L 02/10/2025 - 01:50:37: [AMXX] Run time error 10 (plugin "cucarachas_extras.amxx") (native "cm_register_extra_item") - debug not enabled!
L 02/10/2025 - 01:50:37: [AMXX] To enable debug mode, add "debug" after the plugin name in plugins.ini (without quotes).
L 02/10/2025 - 02:07:48: Start of error session.
L 02/10/2025 - 02:07:48: Info (map "de_dust") (file "addons/amxmodx/logs/error_20250210.log")
L 02/10/2025 - 02:07:48: [AMXX] Plugin ("cucarachas_main.amxx") is setting itself as failed.
L 02/10/2025 - 02:07:48: [AMXX] Plugin says: Utiliza el Map Tool para adaptar este mapa a Cuca Mod.
L 02/10/2025 - 02:07:48: [AMXX] Run time error 1 (plugin "cucarachas_main.amxx") - forced exit
L 02/10/2025 - 02:07:48: Called dynanative into a paused plugin.
L 02/10/2025 - 02:07:48: [AMXX] Run time error 10 (plugin "cucarachas_extras.amxx") (native "cm_register_extra_item") - debug not enabled!
L 02/10/2025 - 02:07:48: [AMXX] To enable debug mode, add "debug" after the plugin name in plugins.ini (without quotes).
L 02/10/2025 - 02:24:58: Start of error session.
L 02/10/2025 - 02:24:58: Info (map "cs_estate") (file "addons/amxmodx/logs/error_20250210.log")
L 02/10/2025 - 02:24:58: [AMXX] Plugin ("cucarachas_main.amxx") is setting itself as failed.
L 02/10/2025 - 02:24:58: [AMXX] Plugin says: Utiliza el Map Tool para adaptar este mapa a Cuca Mod.
L 02/10/2025 - 02:24:58: [AMXX] Run time error 1 (plugin "cucarachas_main.amxx") - forced exit
L 02/10/2025 - 02:24:58: Called dynanative into a paused plugin.
L 02/10/2025 - 02:24:58: [AMXX] Run time error 10 (plugin "cucarachas_extras.amxx") (native "cm_register_extra_item") - debug not enabled!
L 02/10/2025 - 02:24:58: [AMXX] To enable debug mode, add "debug" after the plugin name in plugins.ini (without quotes).
L 02/10/2025 - 02:42:08: Start of error session.
L 02/10/2025 - 02:42:08: Info (map "de_dust") (file "addons/amxmodx/logs/error_20250210.log")
L 02/10/2025 - 02:42:08: [AMXX] Plugin ("cucarachas_main.amxx") is setting itself as failed.
L 02/10/2025 - 02:42:08: [AMXX] Plugin says: Utiliza el Map Tool para adaptar este mapa a Cuca Mod.
L 02/10/2025 - 02:42:08: [AMXX] Run time error 1 (plugin "cucarachas_main.amxx") - forced exit
L 02/10/2025 - 02:42:08: Called dynanative into a paused plugin.
L 02/10/2025 - 02:42:08: [AMXX] Run time error 10 (plugin "cucarachas_extras.amxx") (native "cm_register_extra_item") - debug not enabled!
L 02/10/2025 - 02:42:08: [AMXX] To enable debug mode, add "debug" after the plugin name in plugins.ini (without quotes).
L 02/10/2025 - 02:59:19: Start of error session.
L 02/10/2025 - 02:59:19: Info (map "rubaka_2forts") (file "addons/amxmodx/logs/error_20250210.log")
L 02/10/2025 - 02:59:19: [AMXX] Plugin ("cucarachas_main.amxx") is setting itself as failed.
L 02/10/2025 - 02:59:19: [AMXX] Plugin says: Utiliza el Map Tool para adaptar este mapa a Cuca Mod.
L 02/10/2025 - 02:59:19: [AMXX] Run time error 1 (plugin "cucarachas_main.amxx") - forced exit
L 02/10/2025 - 02:59:19: Called dynanative into a paused plugin.
L 02/10/2025 - 02:59:19: [AMXX] Run time error 10 (plugin "cucarachas_extras.amxx") (native "cm_register_extra_item") - debug not enabled!
L 02/10/2025 - 02:59:19: [AMXX] To enable debug mode, add "debug" after the plugin name in plugins.ini (without quotes).
L 02/10/2025 - 03:21:02: Start of error session.
L 02/10/2025 - 03:21:02: Info (map "rubaka_orange_x") (file "addons/amxmodx/logs/error_20250210.log")
L 02/10/2025 - 03:21:02: [AMXX] Plugin ("cucarachas_main.amxx") is setting itself as failed.
L 02/10/2025 - 03:21:02: [AMXX] Plugin says: Utiliza el Map Tool para adaptar este mapa a Cuca Mod.
L 02/10/2025 - 03:21:02: [AMXX] Run time error 1 (plugin "cucarachas_main.amxx") - forced exit
L 02/10/2025 - 03:21:02: Called dynanative into a paused plugin.
L 02/10/2025 - 03:21:02: [AMXX] Run time error 10 (plugin "cucarachas_extras.amxx") (native "cm_register_extra_item") - debug not enabled!
L 02/10/2025 - 03:21:02: [AMXX] To enable debug mode, add "debug" after the plugin name in plugins.ini (without quotes).
L 02/10/2025 - 03:42:44: Start of error session.
L 02/10/2025 - 03:42:44: Info (map "crazycar_v2") (file "addons/amxmodx/logs/error_20250210.log")
L 02/10/2025 - 03:42:44: [AMXX] Plugin ("cucarachas_main.amxx") is setting itself as failed.
L 02/10/2025 - 03:42:44: [AMXX] Plugin says: Utiliza el Map Tool para adaptar este mapa a Cuca Mod.
L 02/10/2025 - 03:42:44: [AMXX] Run time error 1 (plugin "cucarachas_main.amxx") - forced exit
L 02/10/2025 - 03:42:44: Called dynanative into a paused plugin.
L 02/10/2025 - 03:42:44: [AMXX] Run time error 10 (plugin "cucarachas_extras.amxx") (native "cm_register_extra_item") - debug not enabled!
L 02/10/2025 - 03:42:44: [AMXX] To enable debug mode, add "debug" after the plugin name in plugins.ini (without quotes).
L 02/10/2025 - 04:03:54: Start of error session.
L 02/10/2025 - 04:03:54: Info (map "he_tennis") (file "addons/amxmodx/logs/error_20250210.log")
L 02/10/2025 - 04:03:54: [AMXX] Plugin ("cucarachas_main.amxx") is setting itself as failed.
L 02/10/2025 - 04:03:54: [AMXX] Plugin says: Utiliza el Map Tool para adaptar este mapa a Cuca Mod.
L 02/10/2025 - 04:03:54: [AMXX] Run time error 1 (plugin "cucarachas_main.amxx") - forced exit
L 02/10/2025 - 04:03:54: Called dynanative into a paused plugin.
L 02/10/2025 - 04:03:54: [AMXX] Run time error 10 (plugin "cucarachas_extras.amxx") (native "cm_register_extra_item") - debug not enabled!
L 02/10/2025 - 04:03:54: [AMXX] To enable debug mode, add "debug" after the plugin name in plugins.ini (without quotes).
L 02/10/2025 - 04:25:04: Start of error session.
L 02/10/2025 - 04:25:04: Info (map "crazycar_v2") (file "addons/amxmodx/logs/error_20250210.log")
L 02/10/2025 - 04:25:04: [AMXX] Plugin ("cucarachas_main.amxx") is setting itself as failed.
L 02/10/2025 - 04:25:04: [AMXX] Plugin says: Utiliza el Map Tool para adaptar este mapa a Cuca Mod.
L 02/10/2025 - 04:25:04: [AMXX] Run time error 1 (plugin "cucarachas_main.amxx") - forced exit
L 02/10/2025 - 04:25:04: Called dynanative into a paused plugin.
L 02/10/2025 - 04:25:04: [AMXX] Run time error 10 (plugin "cucarachas_extras.amxx") (native "cm_register_extra_item") - debug not enabled!
L 02/10/2025 - 04:25:04: [AMXX] To enable debug mode, add "debug" after the plugin name in plugins.ini (without quotes).
L 02/10/2025 - 04:46:14: Start of error session.
L 02/10/2025 - 04:46:14: Info (map "cs_estate") (file "addons/amxmodx/logs/error_20250210.log")
L 02/10/2025 - 04:46:14: [AMXX] Plugin ("cucarachas_main.amxx") is setting itself as failed.
L 02/10/2025 - 04:46:14: [AMXX] Plugin says: Utiliza el Map Tool para adaptar este mapa a Cuca Mod.
L 02/10/2025 - 04:46:14: [AMXX] Run time error 1 (plugin "cucarachas_main.amxx") - forced exit
L 02/10/2025 - 04:46:14: Called dynanative into a paused plugin.
L 02/10/2025 - 04:46:14: [AMXX] Run time error 10 (plugin "cucarachas_extras.amxx") (native "cm_register_extra_item") - debug not enabled!
L 02/10/2025 - 04:46:14: [AMXX] To enable debug mode, add "debug" after the plugin name in plugins.ini (without quotes).
L 02/10/2025 - 05:03:25: Start of error session.
L 02/10/2025 - 05:03:25: Info (map "de_dust") (file "addons/amxmodx/logs/error_20250210.log")
L 02/10/2025 - 05:03:25: [AMXX] Plugin ("cucarachas_main.amxx") is setting itself as failed.
L 02/10/2025 - 05:03:25: [AMXX] Plugin says: Utiliza el Map Tool para adaptar este mapa a Cuca Mod.
L 02/10/2025 - 05:03:25: [AMXX] Run time error 1 (plugin "cucarachas_main.amxx") - forced exit
L 02/10/2025 - 05:03:25: Called dynanative into a paused plugin.
L 02/10/2025 - 05:03:25: [AMXX] Run time error 10 (plugin "cucarachas_extras.amxx") (native "cm_register_extra_item") - debug not enabled!
L 02/10/2025 - 05:03:25: [AMXX] To enable debug mode, add "debug" after the plugin name in plugins.ini (without quotes).
L 02/10/2025 - 05:20:35: Start of error session.
L 02/10/2025 - 05:20:35: Info (map "as_oilrig") (file "addons/amxmodx/logs/error_20250210.log")
L 02/10/2025 - 05:20:35: [AMXX] Plugin ("cucarachas_main.amxx") is setting itself as failed.
L 02/10/2025 - 05:20:35: [AMXX] Plugin says: Utiliza el Map Tool para adaptar este mapa a Cuca Mod.
L 02/10/2025 - 05:20:35: [AMXX] Run time error 1 (plugin "cucarachas_main.amxx") - forced exit
L 02/10/2025 - 05:20:35: Called dynanative into a paused plugin.
L 02/10/2025 - 05:20:35: [AMXX] Run time error 10 (plugin "cucarachas_extras.amxx") (native "cm_register_extra_item") - debug not enabled!
L 02/10/2025 - 05:20:35: [AMXX] To enable debug mode, add "debug" after the plugin name in plugins.ini (without quotes).
L 02/10/2025 - 05:45:45: Start of error session.
L 02/10/2025 - 05:45:45: Info (map "as_crazytank3") (file "addons/amxmodx/logs/error_20250210.log")
L 02/10/2025 - 05:45:45: [AMXX] Plugin ("cucarachas_main.amxx") is setting itself as failed.
L 02/10/2025 - 05:45:45: [AMXX] Plugin says: Utiliza el Map Tool para adaptar este mapa a Cuca Mod.
L 02/10/2025 - 05:45:45: [AMXX] Run time error 1 (plugin "cucarachas_main.amxx") - forced exit
L 02/10/2025 - 05:45:45: Called dynanative into a paused plugin.
L 02/10/2025 - 05:45:45: [AMXX] Run time error 10 (plugin "cucarachas_extras.amxx") (native "cm_register_extra_item") - debug not enabled!
L 02/10/2025 - 05:45:45: [AMXX] To enable debug mode, add "debug" after the plugin name in plugins.ini (without quotes).
L 02/10/2025 - 06:10:55: Start of error session.
L 02/10/2025 - 06:10:55: Info (map "as_oilrig") (file "addons/amxmodx/logs/error_20250210.log")
L 02/10/2025 - 06:10:55: [AMXX] Plugin ("cucarachas_main.amxx") is setting itself as failed.
L 02/10/2025 - 06:10:55: [AMXX] Plugin says: Utiliza el Map Tool para adaptar este mapa a Cuca Mod.
L 02/10/2025 - 06:10:55: [AMXX] Run time error 1 (plugin "cucarachas_main.amxx") - forced exit
L 02/10/2025 - 06:10:55: Called dynanative into a paused plugin.
L 02/10/2025 - 06:10:55: [AMXX] Run time error 10 (plugin "cucarachas_extras.amxx") (native "cm_register_extra_item") - debug not enabled!
L 02/10/2025 - 06:10:55: [AMXX] To enable debug mode, add "debug" after the plugin name in plugins.ini (without quotes).
L 02/10/2025 - 06:36:05: Start of error session.
L 02/10/2025 - 06:36:05: Info (map "as_crazytank3") (file "addons/amxmodx/logs/error_20250210.log")
L 02/10/2025 - 06:36:05: [AMXX] Plugin ("cucarachas_main.amxx") is setting itself as failed.
L 02/10/2025 - 06:36:05: [AMXX] Plugin says: Utiliza el Map Tool para adaptar este mapa a Cuca Mod.
L 02/10/2025 - 06:36:05: [AMXX] Run time error 1 (plugin "cucarachas_main.amxx") - forced exit
L 02/10/2025 - 06:36:05: Called dynanative into a paused plugin.
L 02/10/2025 - 06:36:05: [AMXX] Run time error 10 (plugin "cucarachas_extras.amxx") (native "cm_register_extra_item") - debug not enabled!
L 02/10/2025 - 06:36:05: [AMXX] To enable debug mode, add "debug" after the plugin name in plugins.ini (without quotes).
L 02/10/2025 - 07:01:15: Start of error session.
L 02/10/2025 - 07:01:15: Info (map "as_oilrig") (file "addons/amxmodx/logs/error_20250210.log")
L 02/10/2025 - 07:01:15: [AMXX] Plugin ("cucarachas_main.amxx") is setting itself as failed.
L 02/10/2025 - 07:01:15: [AMXX] Plugin says: Utiliza el Map Tool para adaptar este mapa a Cuca Mod.
L 02/10/2025 - 07:01:15: [AMXX] Run time error 1 (plugin "cucarachas_main.amxx") - forced exit
L 02/10/2025 - 07:01:15: Called dynanative into a paused plugin.
L 02/10/2025 - 07:01:15: [AMXX] Run time error 10 (plugin "cucarachas_extras.amxx") (native "cm_register_extra_item") - debug not enabled!
L 02/10/2025 - 07:01:15: [AMXX] To enable debug mode, add "debug" after the plugin name in plugins.ini (without quotes).
L 02/10/2025 - 07:26:25: Start of error session.
L 02/10/2025 - 07:26:25: Info (map "as_crazytank3") (file "addons/amxmodx/logs/error_20250210.log")
L 02/10/2025 - 07:26:25: [AMXX] Plugin ("cucarachas_main.amxx") is setting itself as failed.
L 02/10/2025 - 07:26:25: [AMXX] Plugin says: Utiliza el Map Tool para adaptar este mapa a Cuca Mod.
L 02/10/2025 - 07:26:25: [AMXX] Run time error 1 (plugin "cucarachas_main.amxx") - forced exit
L 02/10/2025 - 07:26:25: Called dynanative into a paused plugin.
L 02/10/2025 - 07:26:25: [AMXX] Run time error 10 (plugin "cucarachas_extras.amxx") (native "cm_register_extra_item") - debug not enabled!
L 02/10/2025 - 07:26:25: [AMXX] To enable debug mode, add "debug" after the plugin name in plugins.ini (without quotes).
L 02/10/2025 - 07:51:35: Start of error session.
L 02/10/2025 - 07:51:35: Info (map "de_dust2") (file "addons/amxmodx/logs/error_20250210.log")
L 02/10/2025 - 07:51:35: [AMXX] Plugin ("cucarachas_main.amxx") is setting itself as failed.
L 02/10/2025 - 07:51:35: [AMXX] Plugin says: Utiliza el Map Tool para adaptar este mapa a Cuca Mod.
L 02/10/2025 - 07:51:35: [AMXX] Run time error 1 (plugin "cucarachas_main.amxx") - forced exit
L 02/10/2025 - 07:51:35: Called dynanative into a paused plugin.
L 02/10/2025 - 07:51:35: [AMXX] Run time error 10 (plugin "cucarachas_extras.amxx") (native "cm_register_extra_item") - debug not enabled!
L 02/10/2025 - 07:51:35: [AMXX] To enable debug mode, add "debug" after the plugin name in plugins.ini (without quotes).
L 02/10/2025 - 08:11:45: Start of error session.
L 02/10/2025 - 08:11:45: Info (map "surf_iceday_remake") (file "addons/amxmodx/logs/error_20250210.log")
L 02/10/2025 - 08:11:45: [AMXX] Plugin ("cucarachas_main.amxx") is setting itself as failed.
L 02/10/2025 - 08:11:45: [AMXX] Plugin says: Utiliza el Map Tool para adaptar este mapa a Cuca Mod.
L 02/10/2025 - 08:11:45: [AMXX] Run time error 1 (plugin "cucarachas_main.amxx") - forced exit
L 02/10/2025 - 08:11:45: Called dynanative into a paused plugin.
L 02/10/2025 - 08:11:45: [AMXX] Run time error 10 (plugin "cucarachas_extras.amxx") (native "cm_register_extra_item") - debug not enabled!
L 02/10/2025 - 08:11:45: [AMXX] To enable debug mode, add "debug" after the plugin name in plugins.ini (without quotes).
L 02/10/2025 - 08:31:55: Start of error session.
L 02/10/2025 - 08:31:55: Info (map "de_dust2") (file "addons/amxmodx/logs/error_20250210.log")
L 02/10/2025 - 08:31:55: [AMXX] Plugin ("cucarachas_main.amxx") is setting itself as failed.
L 02/10/2025 - 08:31:55: [AMXX] Plugin says: Utiliza el Map Tool para adaptar este mapa a Cuca Mod.
L 02/10/2025 - 08:31:55: [AMXX] Run time error 1 (plugin "cucarachas_main.amxx") - forced exit
L 02/10/2025 - 08:31:55: Called dynanative into a paused plugin.
L 02/10/2025 - 08:31:55: [AMXX] Run time error 10 (plugin "cucarachas_extras.amxx") (native "cm_register_extra_item") - debug not enabled!
L 02/10/2025 - 08:31:55: [AMXX] To enable debug mode, add "debug" after the plugin name in plugins.ini (without quotes).
L 02/10/2025 - 08:52:05: Start of error session.
L 02/10/2025 - 08:52:05: Info (map "surf_iceday_remake") (file "addons/amxmodx/logs/error_20250210.log")
L 02/10/2025 - 08:52:05: [AMXX] Plugin ("cucarachas_main.amxx") is setting itself as failed.
L 02/10/2025 - 08:52:05: [AMXX] Plugin says: Utiliza el Map Tool para adaptar este mapa a Cuca Mod.
L 02/10/2025 - 08:52:05: [AMXX] Run time error 1 (plugin "cucarachas_main.amxx") - forced exit
L 02/10/2025 - 08:52:05: Called dynanative into a paused plugin.
L 02/10/2025 - 08:52:05: [AMXX] Run time error 10 (plugin "cucarachas_extras.amxx") (native "cm_register_extra_item") - debug not enabled!
L 02/10/2025 - 08:52:05: [AMXX] To enable debug mode, add "debug" after the plugin name in plugins.ini (without quotes).
L 02/10/2025 - 09:12:15: Start of error session.
L 02/10/2025 - 09:12:15: Info (map "cs_assault") (file "addons/amxmodx/logs/error_20250210.log")
L 02/10/2025 - 09:12:15: [AMXX] Plugin ("cucarachas_main.amxx") is setting itself as failed.
L 02/10/2025 - 09:12:15: [AMXX] Plugin says: Utiliza el Map Tool para adaptar este mapa a Cuca Mod.
L 02/10/2025 - 09:12:15: [AMXX] Run time error 1 (plugin "cucarachas_main.amxx") - forced exit
L 02/10/2025 - 09:12:15: Called dynanative into a paused plugin.
L 02/10/2025 - 09:12:15: [AMXX] Run time error 10 (plugin "cucarachas_extras.amxx") (native "cm_register_extra_item") - debug not enabled!
L 02/10/2025 - 09:12:15: [AMXX] To enable debug mode, add "debug" after the plugin name in plugins.ini (without quotes).
L 02/10/2025 - 09:31:25: Start of error session.
L 02/10/2025 - 09:31:25: Info (map "de_chateau") (file "addons/amxmodx/logs/error_20250210.log")
L 02/10/2025 - 09:31:25: [AMXX] Plugin ("cucarachas_main.amxx") is setting itself as failed.
L 02/10/2025 - 09:31:25: [AMXX] Plugin says: Utiliza el Map Tool para adaptar este mapa a Cuca Mod.
L 02/10/2025 - 09:31:25: [AMXX] Run time error 1 (plugin "cucarachas_main.amxx") - forced exit
L 02/10/2025 - 09:31:25: Called dynanative into a paused plugin.
L 02/10/2025 - 09:31:25: [AMXX] Run time error 10 (plugin "cucarachas_extras.amxx") (native "cm_register_extra_item") - debug not enabled!
L 02/10/2025 - 09:31:25: [AMXX] To enable debug mode, add "debug" after the plugin name in plugins.ini (without quotes).
L 02/10/2025 - 09:50:39: Start of error session.
L 02/10/2025 - 09:50:39: Info (map "cs_assault") (file "addons/amxmodx/logs/error_20250210.log")
L 02/10/2025 - 09:50:39: [AMXX] Plugin ("cucarachas_main.amxx") is setting itself as failed.
L 02/10/2025 - 09:50:39: [AMXX] Plugin says: Utiliza el Map Tool para adaptar este mapa a Cuca Mod.
L 02/10/2025 - 09:50:39: [AMXX] Run time error 1 (plugin "cucarachas_main.amxx") - forced exit
L 02/10/2025 - 09:50:39: Called dynanative into a paused plugin.
L 02/10/2025 - 09:50:39: [AMXX] Run time error 10 (plugin "cucarachas_extras.amxx") (native "cm_register_extra_item") - debug not enabled!
L 02/10/2025 - 09:50:39: [AMXX] To enable debug mode, add "debug" after the plugin name in plugins.ini (without quotes).
L 02/10/2025 - 10:09:49: Start of error session.
L 02/10/2025 - 10:09:49: Info (map "de_chateau") (file "addons/amxmodx/logs/error_20250210.log")
L 02/10/2025 - 10:09:49: [AMXX] Plugin ("cucarachas_main.amxx") is setting itself as failed.
L 02/10/2025 - 10:09:49: [AMXX] Plugin says: Utiliza el Map Tool para adaptar este mapa a Cuca Mod.
L 02/10/2025 - 10:09:49: [AMXX] Run time error 1 (plugin "cucarachas_main.amxx") - forced exit
L 02/10/2025 - 10:09:49: Called dynanative into a paused plugin.
L 02/10/2025 - 10:09:49: [AMXX] Run time error 10 (plugin "cucarachas_extras.amxx") (native "cm_register_extra_item") - debug not enabled!
L 02/10/2025 - 10:09:49: [AMXX] To enable debug mode, add "debug" after the plugin name in plugins.ini (without quotes).
L 02/10/2025 - 10:28:59: Start of error session.
L 02/10/2025 - 10:28:59: Info (map "cs_assault") (file "addons/amxmodx/logs/error_20250210.log")
L 02/10/2025 - 10:28:59: [AMXX] Plugin ("cucarachas_main.amxx") is setting itself as failed.
L 02/10/2025 - 10:28:59: [AMXX] Plugin says: Utiliza el Map Tool para adaptar este mapa a Cuca Mod.
L 02/10/2025 - 10:28:59: [AMXX] Run time error 1 (plugin "cucarachas_main.amxx") - forced exit
L 02/10/2025 - 10:28:59: Called dynanative into a paused plugin.
L 02/10/2025 - 10:28:59: [AMXX] Run time error 10 (plugin "cucarachas_extras.amxx") (native "cm_register_extra_item") - debug not enabled!
L 02/10/2025 - 10:28:59: [AMXX] To enable debug mode, add "debug" after the plugin name in plugins.ini (without quotes).
L 02/10/2025 - 10:48:09: Start of error session.
L 02/10/2025 - 10:48:09: Info (map "de_chateau") (file "addons/amxmodx/logs/error_20250210.log")
L 02/10/2025 - 10:48:09: [AMXX] Plugin ("cucarachas_main.amxx") is setting itself as failed.
L 02/10/2025 - 10:48:09: [AMXX] Plugin says: Utiliza el Map Tool para adaptar este mapa a Cuca Mod.
L 02/10/2025 - 10:48:09: [AMXX] Run time error 1 (plugin "cucarachas_main.amxx") - forced exit
L 02/10/2025 - 10:48:09: Called dynanative into a paused plugin.
L 02/10/2025 - 10:48:09: [AMXX] Run time error 10 (plugin "cucarachas_extras.amxx") (native "cm_register_extra_item") - debug not enabled!
L 02/10/2025 - 10:48:09: [AMXX] To enable debug mode, add "debug" after the plugin name in plugins.ini (without quotes).
L 02/10/2025 - 11:07:19: Start of error session.
L 02/10/2025 - 11:07:19: Info (map "cs_estate") (file "addons/amxmodx/logs/error_20250210.log")
L 02/10/2025 - 11:07:19: [AMXX] Plugin ("cucarachas_main.amxx") is setting itself as failed.
L 02/10/2025 - 11:07:19: [AMXX] Plugin says: Utiliza el Map Tool para adaptar este mapa a Cuca Mod.
L 02/10/2025 - 11:07:19: [AMXX] Run time error 1 (plugin "cucarachas_main.amxx") - forced exit
L 02/10/2025 - 11:07:19: Called dynanative into a paused plugin.
L 02/10/2025 - 11:07:19: [AMXX] Run time error 10 (plugin "cucarachas_extras.amxx") (native "cm_register_extra_item") - debug not enabled!
L 02/10/2025 - 11:07:19: [AMXX] To enable debug mode, add "debug" after the plugin name in plugins.ini (without quotes).
L 02/10/2025 - 11:24:29: Start of error session.
L 02/10/2025 - 11:24:29: Info (map "de_dust") (file "addons/amxmodx/logs/error_20250210.log")
L 02/10/2025 - 11:24:29: [AMXX] Plugin ("cucarachas_main.amxx") is setting itself as failed.
L 02/10/2025 - 11:24:29: [AMXX] Plugin says: Utiliza el Map Tool para adaptar este mapa a Cuca Mod.
L 02/10/2025 - 11:24:29: [AMXX] Run time error 1 (plugin "cucarachas_main.amxx") - forced exit
L 02/10/2025 - 11:24:29: Called dynanative into a paused plugin.
L 02/10/2025 - 11:24:29: [AMXX] Run time error 10 (plugin "cucarachas_extras.amxx") (native "cm_register_extra_item") - debug not enabled!
L 02/10/2025 - 11:24:29: [AMXX] To enable debug mode, add "debug" after the plugin name in plugins.ini (without quotes).
L 02/10/2025 - 11:41:39: Start of error session.
L 02/10/2025 - 11:41:39: Info (map "zm_ice_attack") (file "addons/amxmodx/logs/error_20250210.log")
L 02/10/2025 - 11:41:39: [AMXX] Plugin ("cucarachas_main.amxx") is setting itself as failed.
L 02/10/2025 - 11:41:39: [AMXX] Plugin says: Utiliza el Map Tool para adaptar este mapa a Cuca Mod.
L 02/10/2025 - 11:41:39: [AMXX] Run time error 1 (plugin "cucarachas_main.amxx") - forced exit
L 02/10/2025 - 11:41:39: Called dynanative into a paused plugin.
L 02/10/2025 - 11:41:39: [AMXX] Run time error 10 (plugin "cucarachas_extras.amxx") (native "cm_register_extra_item") - debug not enabled!
L 02/10/2025 - 11:41:39: [AMXX] To enable debug mode, add "debug" after the plugin name in plugins.ini (without quotes).
L 02/10/2025 - 12:02:50: Start of error session.
L 02/10/2025 - 12:02:50: Info (map "zm_toronto") (file "addons/amxmodx/logs/error_20250210.log")
L 02/10/2025 - 12:02:50: [AMXX] Plugin ("cucarachas_main.amxx") is setting itself as failed.
L 02/10/2025 - 12:02:50: [AMXX] Plugin says: Utiliza el Map Tool para adaptar este mapa a Cuca Mod.
L 02/10/2025 - 12:02:50: [AMXX] Run time error 1 (plugin "cucarachas_main.amxx") - forced exit
L 02/10/2025 - 12:02:50: Called dynanative into a paused plugin.
L 02/10/2025 - 12:02:50: [AMXX] Run time error 10 (plugin "cucarachas_extras.amxx") (native "cm_register_extra_item") - debug not enabled!
L 02/10/2025 - 12:02:50: [AMXX] To enable debug mode, add "debug" after the plugin name in plugins.ini (without quotes).
L 02/10/2025 - 12:24:00: Start of error session.
L 02/10/2025 - 12:24:00: Info (map "zm_ice_attack") (file "addons/amxmodx/logs/error_20250210.log")
L 02/10/2025 - 12:24:00: [AMXX] Plugin ("cucarachas_main.amxx") is setting itself as failed.
L 02/10/2025 - 12:24:00: [AMXX] Plugin says: Utiliza el Map Tool para adaptar este mapa a Cuca Mod.
L 02/10/2025 - 12:24:00: [AMXX] Run time error 1 (plugin "cucarachas_main.amxx") - forced exit
L 02/10/2025 - 12:24:00: Called dynanative into a paused plugin.
L 02/10/2025 - 12:24:00: [AMXX] Run time error 10 (plugin "cucarachas_extras.amxx") (native "cm_register_extra_item") - debug not enabled!
L 02/10/2025 - 12:24:00: [AMXX] To enable debug mode, add "debug" after the plugin name in plugins.ini (without quotes).
L 02/10/2025 - 12:45:10: Start of error session.
L 02/10/2025 - 12:45:10: Info (map "cs_estate") (file "addons/amxmodx/logs/error_20250210.log")
L 02/10/2025 - 12:45:10: [AMXX] Plugin ("cucarachas_main.amxx") is setting itself as failed.
L 02/10/2025 - 12:45:10: [AMXX] Plugin says: Utiliza el Map Tool para adaptar este mapa a Cuca Mod.
L 02/10/2025 - 12:45:10: [AMXX] Run time error 1 (plugin "cucarachas_main.amxx") - forced exit
L 02/10/2025 - 12:45:10: Called dynanative into a paused plugin.
L 02/10/2025 - 12:45:10: [AMXX] Run time error 10 (plugin "cucarachas_extras.amxx") (native "cm_register_extra_item") - debug not enabled!
L 02/10/2025 - 12:45:10: [AMXX] To enable debug mode, add "debug" after the plugin name in plugins.ini (without quotes).
L 02/10/2025 - 13:02:20: Start of error session.
L 02/10/2025 - 13:02:20: Info (map "de_dust") (file "addons/amxmodx/logs/error_20250210.log")
L 02/10/2025 - 13:02:20: [AMXX] Plugin ("cucarachas_main.amxx") is setting itself as failed.
L 02/10/2025 - 13:02:20: [AMXX] Plugin says: Utiliza el Map Tool para adaptar este mapa a Cuca Mod.
L 02/10/2025 - 13:02:20: [AMXX] Run time error 1 (plugin "cucarachas_main.amxx") - forced exit
L 02/10/2025 - 13:02:20: Called dynanative into a paused plugin.
L 02/10/2025 - 13:02:20: [AMXX] Run time error 10 (plugin "cucarachas_extras.amxx") (native "cm_register_extra_item") - debug not enabled!
L 02/10/2025 - 13:02:20: [AMXX] To enable debug mode, add "debug" after the plugin name in plugins.ini (without quotes).
L 02/10/2025 - 13:19:30: Start of error session.
L 02/10/2025 - 13:19:30: Info (map "as_oilrig") (file "addons/amxmodx/logs/error_20250210.log")
L 02/10/2025 - 13:19:30: [AMXX] Plugin ("cucarachas_main.amxx") is setting itself as failed.
L 02/10/2025 - 13:19:30: [AMXX] Plugin says: Utiliza el Map Tool para adaptar este mapa a Cuca Mod.
L 02/10/2025 - 13:19:30: [AMXX] Run time error 1 (plugin "cucarachas_main.amxx") - forced exit
L 02/10/2025 - 13:19:30: Called dynanative into a paused plugin.
L 02/10/2025 - 13:19:30: [AMXX] Run time error 10 (plugin "cucarachas_extras.amxx") (native "cm_register_extra_item") - debug not enabled!
L 02/10/2025 - 13:19:30: [AMXX] To enable debug mode, add "debug" after the plugin name in plugins.ini (without quotes).
L 02/10/2025 - 13:44:40: Start of error session.
L 02/10/2025 - 13:44:40: Info (map "as_crazytank3") (file "addons/amxmodx/logs/error_20250210.log")
L 02/10/2025 - 13:44:40: [AMXX] Plugin ("cucarachas_main.amxx") is setting itself as failed.
L 02/10/2025 - 13:44:40: [AMXX] Plugin says: Utiliza el Map Tool para adaptar este mapa a Cuca Mod.
L 02/10/2025 - 13:44:40: [AMXX] Run time error 1 (plugin "cucarachas_main.amxx") - forced exit
L 02/10/2025 - 13:44:40: Called dynanative into a paused plugin.
L 02/10/2025 - 13:44:40: [AMXX] Run time error 10 (plugin "cucarachas_extras.amxx") (native "cm_register_extra_item") - debug not enabled!
L 02/10/2025 - 13:44:40: [AMXX] To enable debug mode, add "debug" after the plugin name in plugins.ini (without quotes).
L 02/10/2025 - 14:09:50: Start of error session.
L 02/10/2025 - 14:09:50: Info (map "as_oilrig") (file "addons/amxmodx/logs/error_20250210.log")
L 02/10/2025 - 14:09:50: [AMXX] Plugin ("cucarachas_main.amxx") is setting itself as failed.
L 02/10/2025 - 14:09:50: [AMXX] Plugin says: Utiliza el Map Tool para adaptar este mapa a Cuca Mod.
L 02/10/2025 - 14:09:50: [AMXX] Run time error 1 (plugin "cucarachas_main.amxx") - forced exit
L 02/10/2025 - 14:09:50: Called dynanative into a paused plugin.
L 02/10/2025 - 14:09:50: [AMXX] Run time error 10 (plugin "cucarachas_extras.amxx") (native "cm_register_extra_item") - debug not enabled!
L 02/10/2025 - 14:09:50: [AMXX] To enable debug mode, add "debug" after the plugin name in plugins.ini (without quotes).
L 02/10/2025 - 14:35:01: Start of error session.
L 02/10/2025 - 14:35:01: Info (map "zm_ice_attack") (file "addons/amxmodx/logs/error_20250210.log")
L 02/10/2025 - 14:35:01: [AMXX] Plugin ("cucarachas_main.amxx") is setting itself as failed.
L 02/10/2025 - 14:35:01: [AMXX] Plugin says: Utiliza el Map Tool para adaptar este mapa a Cuca Mod.
L 02/10/2025 - 14:35:01: [AMXX] Run time error 1 (plugin "cucarachas_main.amxx") - forced exit
L 02/10/2025 - 14:35:01: Called dynanative into a paused plugin.
L 02/10/2025 - 14:35:01: [AMXX] Run time error 10 (plugin "cucarachas_extras.amxx") (native "cm_register_extra_item") - debug not enabled!
L 02/10/2025 - 14:35:01: [AMXX] To enable debug mode, add "debug" after the plugin name in plugins.ini (without quotes).
L 02/10/2025 - 14:56:11: Start of error session.
L 02/10/2025 - 14:56:11: Info (map "zm_toronto") (file "addons/amxmodx/logs/error_20250210.log")
L 02/10/2025 - 14:56:11: [AMXX] Plugin ("cucarachas_main.amxx") is setting itself as failed.
L 02/10/2025 - 14:56:11: [AMXX] Plugin says: Utiliza el Map Tool para adaptar este mapa a Cuca Mod.
L 02/10/2025 - 14:56:11: [AMXX] Run time error 1 (plugin "cucarachas_main.amxx") - forced exit
L 02/10/2025 - 14:56:11: Called dynanative into a paused plugin.
L 02/10/2025 - 14:56:11: [AMXX] Run time error 10 (plugin "cucarachas_extras.amxx") (native "cm_register_extra_item") - debug not enabled!
L 02/10/2025 - 14:56:11: [AMXX] To enable debug mode, add "debug" after the plugin name in plugins.ini (without quotes).
L 02/10/2025 - 15:17:21: Start of error session.
L 02/10/2025 - 15:17:21: Info (map "zm_ice_attack") (file "addons/amxmodx/logs/error_20250210.log")
L 02/10/2025 - 15:17:21: [AMXX] Plugin ("cucarachas_main.amxx") is setting itself as failed.
L 02/10/2025 - 15:17:21: [AMXX] Plugin says: Utiliza el Map Tool para adaptar este mapa a Cuca Mod.
L 02/10/2025 - 15:17:21: [AMXX] Run time error 1 (plugin "cucarachas_main.amxx") - forced exit
L 02/10/2025 - 15:17:21: Called dynanative into a paused plugin.
L 02/10/2025 - 15:17:21: [AMXX] Run time error 10 (plugin "cucarachas_extras.amxx") (native "cm_register_extra_item") - debug not enabled!
L 02/10/2025 - 15:17:21: [AMXX] To enable debug mode, add "debug" after the plugin name in plugins.ini (without quotes).
L 02/10/2025 - 15:38:31: Start of error session.
L 02/10/2025 - 15:38:31: Info (map "de_dust2") (file "addons/amxmodx/logs/error_20250210.log")
L 02/10/2025 - 15:38:31: [AMXX] Plugin ("cucarachas_main.amxx") is setting itself as failed.
L 02/10/2025 - 15:38:31: [AMXX] Plugin says: Utiliza el Map Tool para adaptar este mapa a Cuca Mod.
L 02/10/2025 - 15:38:31: [AMXX] Run time error 1 (plugin "cucarachas_main.amxx") - forced exit
L 02/10/2025 - 15:38:31: Called dynanative into a paused plugin.
L 02/10/2025 - 15:38:31: [AMXX] Run time error 10 (plugin "cucarachas_extras.amxx") (native "cm_register_extra_item") - debug not enabled!
L 02/10/2025 - 15:38:31: [AMXX] To enable debug mode, add "debug" after the plugin name in plugins.ini (without quotes).
L 02/10/2025 - 16:01:41: Start of error session.
L 02/10/2025 - 16:01:41: Info (map "de_aztec") (file "addons/amxmodx/logs/error_20250210.log")
L 02/10/2025 - 16:01:41: [AMXX] Plugin ("cucarachas_main.amxx") is setting itself as failed.
L 02/10/2025 - 16:01:41: [AMXX] Plugin says: Utiliza el Map Tool para adaptar este mapa a Cuca Mod.
L 02/10/2025 - 16:01:41: [AMXX] Run time error 1 (plugin "cucarachas_main.amxx") - forced exit
L 02/10/2025 - 16:01:41: Called dynanative into a paused plugin.
L 02/10/2025 - 16:01:41: [AMXX] Run time error 10 (plugin "cucarachas_extras.amxx") (native "cm_register_extra_item") - debug not enabled!
L 02/10/2025 - 16:01:41: [AMXX] To enable debug mode, add "debug" after the plugin name in plugins.ini (without quotes).
L 02/10/2025 - 16:24:52: Start of error session.
L 02/10/2025 - 16:24:52: Info (map "cs_estate") (file "addons/amxmodx/logs/error_20250210.log")
L 02/10/2025 - 16:24:52: [AMXX] Plugin ("cucarachas_main.amxx") is setting itself as failed.
L 02/10/2025 - 16:24:52: [AMXX] Plugin says: Utiliza el Map Tool para adaptar este mapa a Cuca Mod.
L 02/10/2025 - 16:24:52: [AMXX] Run time error 1 (plugin "cucarachas_main.amxx") - forced exit
L 02/10/2025 - 16:24:52: Called dynanative into a paused plugin.
L 02/10/2025 - 16:24:52: [AMXX] Run time error 10 (plugin "cucarachas_extras.amxx") (native "cm_register_extra_item") - debug not enabled!
L 02/10/2025 - 16:24:52: [AMXX] To enable debug mode, add "debug" after the plugin name in plugins.ini (without quotes).
L 02/10/2025 - 16:42:02: Start of error session.
L 02/10/2025 - 16:42:02: Info (map "de_dust") (file "addons/amxmodx/logs/error_20250210.log")
L 02/10/2025 - 16:42:02: [AMXX] Plugin ("cucarachas_main.amxx") is setting itself as failed.
L 02/10/2025 - 16:42:02: [AMXX] Plugin says: Utiliza el Map Tool para adaptar este mapa a Cuca Mod.
L 02/10/2025 - 16:42:02: [AMXX] Run time error 1 (plugin "cucarachas_main.amxx") - forced exit
L 02/10/2025 - 16:42:02: Called dynanative into a paused plugin.
L 02/10/2025 - 16:42:02: [AMXX] Run time error 10 (plugin "cucarachas_extras.amxx") (native "cm_register_extra_item") - debug not enabled!
L 02/10/2025 - 16:42:02: [AMXX] To enable debug mode, add "debug" after the plugin name in plugins.ini (without quotes).
L 02/10/2025 - 16:59:12: Start of error session.
L 02/10/2025 - 16:59:12: Info (map "zm_ice_attack") (file "addons/amxmodx/logs/error_20250210.log")
L 02/10/2025 - 16:59:12: [AMXX] Plugin ("cucarachas_main.amxx") is setting itself as failed.
L 02/10/2025 - 16:59:12: [AMXX] Plugin says: Utiliza el Map Tool para adaptar este mapa a Cuca Mod.
L 02/10/2025 - 16:59:12: [AMXX] Run time error 1 (plugin "cucarachas_main.amxx") - forced exit
L 02/10/2025 - 16:59:12: Called dynanative into a paused plugin.
L 02/10/2025 - 16:59:12: [AMXX] Run time error 10 (plugin "cucarachas_extras.amxx") (native "cm_register_extra_item") - debug not enabled!
L 02/10/2025 - 16:59:12: [AMXX] To enable debug mode, add "debug" after the plugin name in plugins.ini (without quotes).
L 02/10/2025 - 17:20:22: Start of error session.
L 02/10/2025 - 17:20:22: Info (map "zm_toronto") (file "addons/amxmodx/logs/error_20250210.log")
L 02/10/2025 - 17:20:22: [AMXX] Plugin ("cucarachas_main.amxx") is setting itself as failed.
L 02/10/2025 - 17:20:22: [AMXX] Plugin says: Utiliza el Map Tool para adaptar este mapa a Cuca Mod.
L 02/10/2025 - 17:20:22: [AMXX] Run time error 1 (plugin "cucarachas_main.amxx") - forced exit
L 02/10/2025 - 17:20:22: Called dynanative into a paused plugin.
L 02/10/2025 - 17:20:22: [AMXX] Run time error 10 (plugin "cucarachas_extras.amxx") (native "cm_register_extra_item") - debug not enabled!
L 02/10/2025 - 17:20:22: [AMXX] To enable debug mode, add "debug" after the plugin name in plugins.ini (without quotes).
L 02/10/2025 - 17:41:33: Start of error session.
L 02/10/2025 - 17:41:33: Info (map "zm_ice_attack") (file "addons/amxmodx/logs/error_20250210.log")
L 02/10/2025 - 17:41:33: [AMXX] Plugin ("cucarachas_main.amxx") is setting itself as failed.
L 02/10/2025 - 17:41:33: [AMXX] Plugin says: Utiliza el Map Tool para adaptar este mapa a Cuca Mod.
L 02/10/2025 - 17:41:33: [AMXX] Run time error 1 (plugin "cucarachas_main.amxx") - forced exit
L 02/10/2025 - 17:41:33: Called dynanative into a paused plugin.
L 02/10/2025 - 17:41:33: [AMXX] Run time error 10 (plugin "cucarachas_extras.amxx") (native "cm_register_extra_item") - debug not enabled!
L 02/10/2025 - 17:41:33: [AMXX] To enable debug mode, add "debug" after the plugin name in plugins.ini (without quotes).
L 02/10/2025 - 18:02:43: Start of error session.
L 02/10/2025 - 18:02:43: Info (map "rubaka_2forts") (file "addons/amxmodx/logs/error_20250210.log")
L 02/10/2025 - 18:02:43: [AMXX] Plugin ("cucarachas_main.amxx") is setting itself as failed.
L 02/10/2025 - 18:02:43: [AMXX] Plugin says: Utiliza el Map Tool para adaptar este mapa a Cuca Mod.
L 02/10/2025 - 18:02:43: [AMXX] Run time error 1 (plugin "cucarachas_main.amxx") - forced exit
L 02/10/2025 - 18:02:43: Called dynanative into a paused plugin.
L 02/10/2025 - 18:02:43: [AMXX] Run time error 10 (plugin "cucarachas_extras.amxx") (native "cm_register_extra_item") - debug not enabled!
L 02/10/2025 - 18:02:43: [AMXX] To enable debug mode, add "debug" after the plugin name in plugins.ini (without quotes).
L 02/10/2025 - 18:24:25: Start of error session.
L 02/10/2025 - 18:24:25: Info (map "35hp_gx") (file "addons/amxmodx/logs/error_20250210.log")
L 02/10/2025 - 18:24:25: [AMXX] Plugin ("cucarachas_main.amxx") is setting itself as failed.
L 02/10/2025 - 18:24:25: [AMXX] Plugin says: Utiliza el Map Tool para adaptar este mapa a Cuca Mod.
L 02/10/2025 - 18:24:25: [AMXX] Run time error 1 (plugin "cucarachas_main.amxx") - forced exit
L 02/10/2025 - 18:24:25: Called dynanative into a paused plugin.
L 02/10/2025 - 18:24:25: [AMXX] Run time error 10 (plugin "cucarachas_extras.amxx") (native "cm_register_extra_item") - debug not enabled!
L 02/10/2025 - 18:24:25: [AMXX] To enable debug mode, add "debug" after the plugin name in plugins.ini (without quotes).
L 02/10/2025 - 18:46:08: Start of error session.
L 02/10/2025 - 18:46:08: Info (map "fy_titanic") (file "addons/amxmodx/logs/error_20250210.log")
L 02/10/2025 - 18:46:08: [AMXX] Plugin ("cucarachas_main.amxx") is setting itself as failed.
L 02/10/2025 - 18:46:08: [AMXX] Plugin says: Utiliza el Map Tool para adaptar este mapa a Cuca Mod.
L 02/10/2025 - 18:46:08: [AMXX] Run time error 1 (plugin "cucarachas_main.amxx") - forced exit
L 02/10/2025 - 18:46:08: Called dynanative into a paused plugin.
L 02/10/2025 - 18:46:08: [AMXX] Run time error 10 (plugin "cucarachas_extras.amxx") (native "cm_register_extra_item") - debug not enabled!
L 02/10/2025 - 18:46:08: [AMXX] To enable debug mode, add "debug" after the plugin name in plugins.ini (without quotes).
L 02/10/2025 - 19:31:18: Start of error session.
L 02/10/2025 - 19:31:18: Info (map "fy_pool_suite") (file "addons/amxmodx/logs/error_20250210.log")
L 02/10/2025 - 19:31:18: [AMXX] Plugin ("cucarachas_main.amxx") is setting itself as failed.
L 02/10/2025 - 19:31:18: [AMXX] Plugin says: Utiliza el Map Tool para adaptar este mapa a Cuca Mod.
L 02/10/2025 - 19:31:18: [AMXX] Run time error 1 (plugin "cucarachas_main.amxx") - forced exit
L 02/10/2025 - 19:31:18: Called dynanative into a paused plugin.
L 02/10/2025 - 19:31:18: [AMXX] Run time error 10 (plugin "cucarachas_extras.amxx") (native "cm_register_extra_item") - debug not enabled!
L 02/10/2025 - 19:31:18: [AMXX] To enable debug mode, add "debug" after the plugin name in plugins.ini (without quotes).
L 02/10/2025 - 20:16:28: Start of error session.
L 02/10/2025 - 20:16:28: Info (map "fy_titanic") (file "addons/amxmodx/logs/error_20250210.log")
L 02/10/2025 - 20:16:28: [AMXX] Plugin ("cucarachas_main.amxx") is setting itself as failed.
L 02/10/2025 - 20:16:28: [AMXX] Plugin says: Utiliza el Map Tool para adaptar este mapa a Cuca Mod.
L 02/10/2025 - 20:16:28: [AMXX] Run time error 1 (plugin "cucarachas_main.amxx") - forced exit
L 02/10/2025 - 20:16:28: Called dynanative into a paused plugin.
L 02/10/2025 - 20:16:28: [AMXX] Run time error 10 (plugin "cucarachas_extras.amxx") (native "cm_register_extra_item") - debug not enabled!
L 02/10/2025 - 20:16:28: [AMXX] To enable debug mode, add "debug" after the plugin name in plugins.ini (without quotes).
L 02/10/2025 - 21:01:38: Start of error session.
L 02/10/2025 - 21:01:38: Info (map "de_dust2") (file "addons/amxmodx/logs/error_20250210.log")
L 02/10/2025 - 21:01:38: [AMXX] Plugin ("cucarachas_main.amxx") is setting itself as failed.
L 02/10/2025 - 21:01:38: [AMXX] Plugin says: Utiliza el Map Tool para adaptar este mapa a Cuca Mod.
L 02/10/2025 - 21:01:38: [AMXX] Run time error 1 (plugin "cucarachas_main.amxx") - forced exit
L 02/10/2025 - 21:01:38: Called dynanative into a paused plugin.
L 02/10/2025 - 21:01:38: [AMXX] Run time error 10 (plugin "cucarachas_extras.amxx") (native "cm_register_extra_item") - debug not enabled!
L 02/10/2025 - 21:01:38: [AMXX] To enable debug mode, add "debug" after the plugin name in plugins.ini (without quotes).
L 02/10/2025 - 21:21:48: Start of error session.
L 02/10/2025 - 21:21:48: Info (map "de_inferno") (file "addons/amxmodx/logs/error_20250210.log")
L 02/10/2025 - 21:21:48: [AMXX] Plugin ("cucarachas_main.amxx") is setting itself as failed.
L 02/10/2025 - 21:21:48: [AMXX] Plugin says: Utiliza el Map Tool para adaptar este mapa a Cuca Mod.
L 02/10/2025 - 21:21:48: [AMXX] Run time error 1 (plugin "cucarachas_main.amxx") - forced exit
L 02/10/2025 - 21:21:48: Called dynanative into a paused plugin.
L 02/10/2025 - 21:21:48: [AMXX] Run time error 10 (plugin "cucarachas_extras.amxx") (native "cm_register_extra_item") - debug not enabled!
L 02/10/2025 - 21:21:48: [AMXX] To enable debug mode, add "debug" after the plugin name in plugins.ini (without quotes).
L 02/10/2025 - 21:41:58: Start of error session.
L 02/10/2025 - 21:41:58: Info (map "de_dust2") (file "addons/amxmodx/logs/error_20250210.log")
L 02/10/2025 - 21:41:58: [AMXX] Plugin ("cucarachas_main.amxx") is setting itself as failed.
L 02/10/2025 - 21:41:58: [AMXX] Plugin says: Utiliza el Map Tool para adaptar este mapa a Cuca Mod.
L 02/10/2025 - 21:41:58: [AMXX] Run time error 1 (plugin "cucarachas_main.amxx") - forced exit
L 02/10/2025 - 21:41:58: Called dynanative into a paused plugin.
L 02/10/2025 - 21:41:58: [AMXX] Run time error 10 (plugin "cucarachas_extras.amxx") (native "cm_register_extra_item") - debug not enabled!
L 02/10/2025 - 21:41:58: [AMXX] To enable debug mode, add "debug" after the plugin name in plugins.ini (without quotes).
L 02/10/2025 - 22:02:08: Start of error session.
L 02/10/2025 - 22:02:08: Info (map "zm_ice_attack") (file "addons/amxmodx/logs/error_20250210.log")
L 02/10/2025 - 22:02:08: [AMXX] Plugin ("cucarachas_main.amxx") is setting itself as failed.
L 02/10/2025 - 22:02:08: [AMXX] Plugin says: Utiliza el Map Tool para adaptar este mapa a Cuca Mod.
L 02/10/2025 - 22:02:08: [AMXX] Run time error 1 (plugin "cucarachas_main.amxx") - forced exit
L 02/10/2025 - 22:02:08: Called dynanative into a paused plugin.
L 02/10/2025 - 22:02:08: [AMXX] Run time error 10 (plugin "cucarachas_extras.amxx") (native "cm_register_extra_item") - debug not enabled!
L 02/10/2025 - 22:02:08: [AMXX] To enable debug mode, add "debug" after the plugin name in plugins.ini (without quotes).
L 02/10/2025 - 22:23:18: Start of error session.
L 02/10/2025 - 22:23:18: Info (map "zm_toronto") (file "addons/amxmodx/logs/error_20250210.log")
L 02/10/2025 - 22:23:18: [AMXX] Plugin ("cucarachas_main.amxx") is setting itself as failed.
L 02/10/2025 - 22:23:18: [AMXX] Plugin says: Utiliza el Map Tool para adaptar este mapa a Cuca Mod.
L 02/10/2025 - 22:23:18: [AMXX] Run time error 1 (plugin "cucarachas_main.amxx") - forced exit
L 02/10/2025 - 22:23:18: Called dynanative into a paused plugin.
L 02/10/2025 - 22:23:18: [AMXX] Run time error 10 (plugin "cucarachas_extras.amxx") (native "cm_register_extra_item") - debug not enabled!
L 02/10/2025 - 22:23:18: [AMXX] To enable debug mode, add "debug" after the plugin name in plugins.ini (without quotes).
L 02/10/2025 - 22:44:29: Start of error session.
L 02/10/2025 - 22:44:29: Info (map "zm_ice_attack") (file "addons/amxmodx/logs/error_20250210.log")
L 02/10/2025 - 22:44:29: [AMXX] Plugin ("cucarachas_main.amxx") is setting itself as failed.
L 02/10/2025 - 22:44:29: [AMXX] Plugin says: Utiliza el Map Tool para adaptar este mapa a Cuca Mod.
L 02/10/2025 - 22:44:29: [AMXX] Run time error 1 (plugin "cucarachas_main.amxx") - forced exit
L 02/10/2025 - 22:44:29: Called dynanative into a paused plugin.
L 02/10/2025 - 22:44:29: [AMXX] Run time error 10 (plugin "cucarachas_extras.amxx") (native "cm_register_extra_item") - debug not enabled!
L 02/10/2025 - 22:44:29: [AMXX] To enable debug mode, add "debug" after the plugin name in plugins.ini (without quotes).
L 02/10/2025 - 23:05:39: Start of error session.
L 02/10/2025 - 23:05:39: Info (map "cs_assault") (file "addons/amxmodx/logs/error_20250210.log")
L 02/10/2025 - 23:05:39: [AMXX] Plugin ("cucarachas_main.amxx") is setting itself as failed.
L 02/10/2025 - 23:05:39: [AMXX] Plugin says: Utiliza el Map Tool para adaptar este mapa a Cuca Mod.
L 02/10/2025 - 23:05:39: [AMXX] Run time error 1 (plugin "cucarachas_main.amxx") - forced exit
L 02/10/2025 - 23:05:39: Called dynanative into a paused plugin.
L 02/10/2025 - 23:05:39: [AMXX] Run time error 10 (plugin "cucarachas_extras.amxx") (native "cm_register_extra_item") - debug not enabled!
L 02/10/2025 - 23:05:39: [AMXX] To enable debug mode, add "debug" after the plugin name in plugins.ini (without quotes).
L 02/10/2025 - 23:24:49: Start of error session.
L 02/10/2025 - 23:24:49: Info (map "de_chateau") (file "addons/amxmodx/logs/error_20250210.log")
L 02/10/2025 - 23:24:49: [AMXX] Plugin ("cucarachas_main.amxx") is setting itself as failed.
L 02/10/2025 - 23:24:49: [AMXX] Plugin says: Utiliza el Map Tool para adaptar este mapa a Cuca Mod.
L 02/10/2025 - 23:24:49: [AMXX] Run time error 1 (plugin "cucarachas_main.amxx") - forced exit
L 02/10/2025 - 23:24:49: Called dynanative into a paused plugin.
L 02/10/2025 - 23:24:49: [AMXX] Run time error 10 (plugin "cucarachas_extras.amxx") (native "cm_register_extra_item") - debug not enabled!
L 02/10/2025 - 23:24:49: [AMXX] To enable debug mode, add "debug" after the plugin name in plugins.ini (without quotes).
L 02/10/2025 - 23:43:58: Start of error session.
L 02/10/2025 - 23:43:58: Info (map "cs_assault") (file "addons/amxmodx/logs/error_20250210.log")
L 02/10/2025 - 23:43:58: [AMXX] Plugin ("cucarachas_main.amxx") is setting itself as failed.
L 02/10/2025 - 23:43:58: [AMXX] Plugin says: Utiliza el Map Tool para adaptar este mapa a Cuca Mod.
L 02/10/2025 - 23:43:58: [AMXX] Run time error 1 (plugin "cucarachas_main.amxx") - forced exit
L 02/10/2025 - 23:43:58: Called dynanative into a paused plugin.
L 02/10/2025 - 23:43:58: [AMXX] Run time error 10 (plugin "cucarachas_extras.amxx") (native "cm_register_extra_item") - debug not enabled!
L 02/10/2025 - 23:43:58: [AMXX] To enable debug mode, add "debug" after the plugin name in plugins.ini (without quotes).
