L 12/27/2024 - 00:00:03: Start of error session.
L 12/27/2024 - 00:00:03: Info (map "de_dust2") (file "addons/amxmodx/logs/error_20241227.log")
L 12/27/2024 - 00:00:03: Invalid player id 0
L 12/27/2024 - 00:00:03: [AMXX] Run time error 10 (plugin "status_monitor.amxx") (native "get_user_info") - debug not enabled!
L 12/27/2024 - 00:00:03: [AMXX] To enable debug mode, add "debug" after the plugin name in plugins.ini (without quotes).
L 12/27/2024 - 00:00:03: Invalid player id 0
L 12/27/2024 - 00:00:03: [AMXX] Run time error 10 (plugin "status_monitor.amxx") (native "get_user_info") - debug not enabled!
L 12/27/2024 - 00:00:03: [AMXX] To enable debug mode, add "debug" after the plugin name in plugins.ini (without quotes).
L 12/27/2024 - 00:00:03: Invalid player id 0
L 12/27/2024 - 00:00:03: [AMXX] Run time error 10 (plugin "status_monitor.amxx") (native "get_user_info") - debug not enabled!
L 12/27/2024 - 00:00:03: [AMXX] To enable debug mode, add "debug" after the plugin name in plugins.ini (without quotes).
L 12/27/2024 - 00:00:04: Invalid player id 0
L 12/27/2024 - 00:00:04: [AMXX] Run time error 10 (plugin "status_monitor.amxx") (native "get_user_info") - debug not enabled!
L 12/27/2024 - 00:00:04: [AMXX] To enable debug mode, add "debug" after the plugin name in plugins.ini (without quotes).
L 12/27/2024 - 00:00:04: Invalid player id 0
L 12/27/2024 - 00:00:04: [AMXX] Run time error 10 (plugin "status_monitor.amxx") (native "get_user_info") - debug not enabled!
L 12/27/2024 - 00:00:04: [AMXX] To enable debug mode, add "debug" after the plugin name in plugins.ini (without quotes).
L 12/27/2024 - 00:03:44: Invalid player id 0
L 12/27/2024 - 00:03:44: [AMXX] Run time error 10 (plugin "status_monitor.amxx") (native "get_user_info") - debug not enabled!
L 12/27/2024 - 00:03:44: [AMXX] To enable debug mode, add "debug" after the plugin name in plugins.ini (without quotes).
L 12/27/2024 - 00:04:14: Invalid player id 0
L 12/27/2024 - 00:04:14: [AMXX] Run time error 10 (plugin "status_monitor.amxx") (native "get_user_info") - debug not enabled!
L 12/27/2024 - 00:04:14: [AMXX] To enable debug mode, add "debug" after the plugin name in plugins.ini (without quotes).
L 12/27/2024 - 00:06:06: Invalid player id 0
L 12/27/2024 - 00:06:06: [AMXX] Run time error 10 (plugin "status_monitor.amxx") (native "get_user_info") - debug not enabled!
L 12/27/2024 - 00:06:06: [AMXX] To enable debug mode, add "debug" after the plugin name in plugins.ini (without quotes).
L 12/27/2024 - 00:06:32: Invalid player id 0
L 12/27/2024 - 00:06:32: [AMXX] Run time error 10 (plugin "status_monitor.amxx") (native "get_user_info") - debug not enabled!
L 12/27/2024 - 00:06:32: [AMXX] To enable debug mode, add "debug" after the plugin name in plugins.ini (without quotes).
L 12/27/2024 - 00:07:52: Start of error session.
L 12/27/2024 - 00:07:52: Info (map "sj_trix_zone") (file "addons/amxmodx/logs/error_20241227.log")
L 12/27/2024 - 00:07:52: Invalid player id 0
L 12/27/2024 - 00:07:52: [AMXX] Run time error 10 (plugin "status_monitor.amxx") (native "get_user_info") - debug not enabled!
L 12/27/2024 - 00:07:52: [AMXX] To enable debug mode, add "debug" after the plugin name in plugins.ini (without quotes).
L 12/27/2024 - 00:07:53: Invalid player id 0
L 12/27/2024 - 00:07:53: [AMXX] Run time error 10 (plugin "status_monitor.amxx") (native "get_user_info") - debug not enabled!
L 12/27/2024 - 00:07:53: [AMXX] To enable debug mode, add "debug" after the plugin name in plugins.ini (without quotes).
L 12/27/2024 - 00:07:53: Invalid player id 0
L 12/27/2024 - 00:07:53: [AMXX] Run time error 10 (plugin "status_monitor.amxx") (native "get_user_info") - debug not enabled!
L 12/27/2024 - 00:07:53: [AMXX] To enable debug mode, add "debug" after the plugin name in plugins.ini (without quotes).
L 12/27/2024 - 00:07:53: Invalid player id 0
L 12/27/2024 - 00:07:53: [AMXX] Run time error 10 (plugin "status_monitor.amxx") (native "get_user_info") - debug not enabled!
L 12/27/2024 - 00:07:53: [AMXX] To enable debug mode, add "debug" after the plugin name in plugins.ini (without quotes).
L 12/27/2024 - 00:07:54: Invalid player id 0
L 12/27/2024 - 00:07:54: [AMXX] Run time error 10 (plugin "status_monitor.amxx") (native "get_user_info") - debug not enabled!
L 12/27/2024 - 00:07:54: [AMXX] To enable debug mode, add "debug" after the plugin name in plugins.ini (without quotes).
L 12/27/2024 - 00:07:54: Invalid player id 0
L 12/27/2024 - 00:07:54: [AMXX] Run time error 10 (plugin "status_monitor.amxx") (native "get_user_info") - debug not enabled!
L 12/27/2024 - 00:07:54: [AMXX] To enable debug mode, add "debug" after the plugin name in plugins.ini (without quotes).
L 12/27/2024 - 00:09:23: Invalid player id 0
L 12/27/2024 - 00:09:23: [AMXX] Run time error 10 (plugin "status_monitor.amxx") (native "get_user_info") - debug not enabled!
L 12/27/2024 - 00:09:23: [AMXX] To enable debug mode, add "debug" after the plugin name in plugins.ini (without quotes).
L 12/27/2024 - 00:10:31: Start of error session.
L 12/27/2024 - 00:10:31: Info (map "!vip_truck") (file "addons/amxmodx/logs/error_20241227.log")
L 12/27/2024 - 00:10:31: Invalid player id 0
L 12/27/2024 - 00:10:31: [AMXX] Run time error 10 (plugin "status_monitor.amxx") (native "get_user_info") - debug not enabled!
L 12/27/2024 - 00:10:31: [AMXX] To enable debug mode, add "debug" after the plugin name in plugins.ini (without quotes).
L 12/27/2024 - 00:10:31: Invalid player id 0
L 12/27/2024 - 00:10:31: [AMXX] Run time error 10 (plugin "status_monitor.amxx") (native "get_user_info") - debug not enabled!
L 12/27/2024 - 00:10:31: [AMXX] To enable debug mode, add "debug" after the plugin name in plugins.ini (without quotes).
L 12/27/2024 - 00:10:31: Invalid player id 0
L 12/27/2024 - 00:10:31: [AMXX] Run time error 10 (plugin "status_monitor.amxx") (native "get_user_info") - debug not enabled!
L 12/27/2024 - 00:10:31: [AMXX] To enable debug mode, add "debug" after the plugin name in plugins.ini (without quotes).
L 12/27/2024 - 00:10:32: Invalid player id 0
L 12/27/2024 - 00:10:32: [AMXX] Run time error 10 (plugin "status_monitor.amxx") (native "get_user_info") - debug not enabled!
L 12/27/2024 - 00:10:32: [AMXX] To enable debug mode, add "debug" after the plugin name in plugins.ini (without quotes).
L 12/27/2024 - 00:10:32: Invalid player id 0
L 12/27/2024 - 00:10:32: [AMXX] Run time error 10 (plugin "status_monitor.amxx") (native "get_user_info") - debug not enabled!
L 12/27/2024 - 00:10:32: [AMXX] To enable debug mode, add "debug" after the plugin name in plugins.ini (without quotes).
L 12/27/2024 - 00:10:32: Invalid player id 0
L 12/27/2024 - 00:10:32: [AMXX] Run time error 10 (plugin "status_monitor.amxx") (native "get_user_info") - debug not enabled!
L 12/27/2024 - 00:10:32: [AMXX] To enable debug mode, add "debug" after the plugin name in plugins.ini (without quotes).
L 12/27/2024 - 00:13:06: Start of error session.
L 12/27/2024 - 00:13:06: Info (map "de_dust2") (file "addons/amxmodx/logs/error_20241227.log")
L 12/27/2024 - 00:13:06: Invalid player id 0
L 12/27/2024 - 00:13:06: [AMXX] Run time error 10 (plugin "status_monitor.amxx") (native "get_user_info") - debug not enabled!
L 12/27/2024 - 00:13:06: [AMXX] To enable debug mode, add "debug" after the plugin name in plugins.ini (without quotes).
L 12/27/2024 - 00:13:11: Invalid player id 0
L 12/27/2024 - 00:13:11: [AMXX] Run time error 10 (plugin "status_monitor.amxx") (native "get_user_info") - debug not enabled!
L 12/27/2024 - 00:13:11: [AMXX] To enable debug mode, add "debug" after the plugin name in plugins.ini (without quotes).
L 12/27/2024 - 00:13:17: Invalid player id 0
L 12/27/2024 - 00:13:17: [AMXX] Run time error 10 (plugin "status_monitor.amxx") (native "get_user_info") - debug not enabled!
L 12/27/2024 - 00:13:17: [AMXX] To enable debug mode, add "debug" after the plugin name in plugins.ini (without quotes).
L 12/27/2024 - 00:13:24: Invalid player id 0
L 12/27/2024 - 00:13:24: [AMXX] Run time error 10 (plugin "status_monitor.amxx") (native "get_user_info") - debug not enabled!
L 12/27/2024 - 00:13:24: [AMXX] To enable debug mode, add "debug" after the plugin name in plugins.ini (without quotes).
L 12/27/2024 - 00:13:27: Invalid player id 0
L 12/27/2024 - 00:13:27: [AMXX] Run time error 10 (plugin "status_monitor.amxx") (native "get_user_info") - debug not enabled!
L 12/27/2024 - 00:13:27: [AMXX] To enable debug mode, add "debug" after the plugin name in plugins.ini (without quotes).
L 12/27/2024 - 00:13:30: Invalid player id 0
L 12/27/2024 - 00:13:30: [AMXX] Run time error 10 (plugin "status_monitor.amxx") (native "get_user_info") - debug not enabled!
L 12/27/2024 - 00:13:30: [AMXX] To enable debug mode, add "debug" after the plugin name in plugins.ini (without quotes).
L 12/27/2024 - 00:14:25: Invalid player id 0
L 12/27/2024 - 00:14:25: [AMXX] Run time error 10 (plugin "status_monitor.amxx") (native "get_user_info") - debug not enabled!
L 12/27/2024 - 00:14:25: [AMXX] To enable debug mode, add "debug" after the plugin name in plugins.ini (without quotes).
L 12/27/2024 - 00:15:05: Start of error session.
L 12/27/2024 - 00:15:05: Info (map "deathrun_poolday") (file "addons/amxmodx/logs/error_20241227.log")
L 12/27/2024 - 00:15:05: Invalid player id 0
L 12/27/2024 - 00:15:05: [AMXX] Run time error 10 (plugin "status_monitor.amxx") (native "get_user_info") - debug not enabled!
L 12/27/2024 - 00:15:05: [AMXX] To enable debug mode, add "debug" after the plugin name in plugins.ini (without quotes).
L 12/27/2024 - 00:15:06: Invalid player id 0
L 12/27/2024 - 00:15:06: [AMXX] Run time error 10 (plugin "status_monitor.amxx") (native "get_user_info") - debug not enabled!
L 12/27/2024 - 00:15:06: [AMXX] To enable debug mode, add "debug" after the plugin name in plugins.ini (without quotes).
L 12/27/2024 - 00:15:06: Invalid player id 0
L 12/27/2024 - 00:15:06: [AMXX] Run time error 10 (plugin "status_monitor.amxx") (native "get_user_info") - debug not enabled!
L 12/27/2024 - 00:15:06: [AMXX] To enable debug mode, add "debug" after the plugin name in plugins.ini (without quotes).
L 12/27/2024 - 00:15:07: Invalid player id 0
L 12/27/2024 - 00:15:07: [AMXX] Run time error 10 (plugin "status_monitor.amxx") (native "get_user_info") - debug not enabled!
L 12/27/2024 - 00:15:07: [AMXX] To enable debug mode, add "debug" after the plugin name in plugins.ini (without quotes).
L 12/27/2024 - 00:15:08: Invalid player id 0
L 12/27/2024 - 00:15:08: [AMXX] Run time error 10 (plugin "status_monitor.amxx") (native "get_user_info") - debug not enabled!
L 12/27/2024 - 00:15:08: [AMXX] To enable debug mode, add "debug" after the plugin name in plugins.ini (without quotes).
L 12/27/2024 - 00:15:09: Invalid player id 0
L 12/27/2024 - 00:15:09: [AMXX] Run time error 10 (plugin "status_monitor.amxx") (native "get_user_info") - debug not enabled!
L 12/27/2024 - 00:15:09: [AMXX] To enable debug mode, add "debug" after the plugin name in plugins.ini (without quotes).
L 12/27/2024 - 00:15:15: Invalid player id 0
L 12/27/2024 - 00:15:15: [AMXX] Run time error 10 (plugin "status_monitor.amxx") (native "get_user_info") - debug not enabled!
L 12/27/2024 - 00:15:15: [AMXX] To enable debug mode, add "debug" after the plugin name in plugins.ini (without quotes).
L 12/27/2024 - 00:17:22: Start of error session.
L 12/27/2024 - 00:17:22: Info (map "deathrun_poolday") (file "addons/amxmodx/logs/error_20241227.log")
L 12/27/2024 - 00:17:22: Invalid player id 0
L 12/27/2024 - 00:17:22: [AMXX] Run time error 10 (plugin "status_monitor.amxx") (native "get_user_info") - debug not enabled!
L 12/27/2024 - 00:17:22: [AMXX] To enable debug mode, add "debug" after the plugin name in plugins.ini (without quotes).
L 12/27/2024 - 00:17:22: Invalid player id 0
L 12/27/2024 - 00:17:22: [AMXX] Run time error 10 (plugin "status_monitor.amxx") (native "get_user_info") - debug not enabled!
L 12/27/2024 - 00:17:22: [AMXX] To enable debug mode, add "debug" after the plugin name in plugins.ini (without quotes).
L 12/27/2024 - 00:17:22: Invalid player id 0
L 12/27/2024 - 00:17:22: [AMXX] Run time error 10 (plugin "status_monitor.amxx") (native "get_user_info") - debug not enabled!
L 12/27/2024 - 00:17:22: [AMXX] To enable debug mode, add "debug" after the plugin name in plugins.ini (without quotes).
L 12/27/2024 - 00:17:22: Invalid player id 0
L 12/27/2024 - 00:17:22: [AMXX] Run time error 10 (plugin "status_monitor.amxx") (native "get_user_info") - debug not enabled!
L 12/27/2024 - 00:17:22: [AMXX] To enable debug mode, add "debug" after the plugin name in plugins.ini (without quotes).
L 12/27/2024 - 00:17:22: Invalid player id 0
L 12/27/2024 - 00:17:22: [AMXX] Run time error 10 (plugin "status_monitor.amxx") (native "get_user_info") - debug not enabled!
L 12/27/2024 - 00:17:22: [AMXX] To enable debug mode, add "debug" after the plugin name in plugins.ini (without quotes).
L 12/27/2024 - 00:17:23: Invalid player id 0
L 12/27/2024 - 00:17:23: [AMXX] Run time error 10 (plugin "status_monitor.amxx") (native "get_user_info") - debug not enabled!
L 12/27/2024 - 00:17:23: [AMXX] To enable debug mode, add "debug" after the plugin name in plugins.ini (without quotes).
L 12/27/2024 - 00:21:32: Invalid player id 0
L 12/27/2024 - 00:21:32: [AMXX] Run time error 10 (plugin "status_monitor.amxx") (native "get_user_info") - debug not enabled!
L 12/27/2024 - 00:21:32: [AMXX] To enable debug mode, add "debug" after the plugin name in plugins.ini (without quotes).
L 12/27/2024 - 00:22:01: Start of error session.
L 12/27/2024 - 00:22:01: Info (map "deathrun_poolday") (file "addons/amxmodx/logs/error_20241227.log")
L 12/27/2024 - 00:22:01: [AMXX] Plugin file open error (plugin "deathrun_modes.amxx")
L 12/27/2024 - 00:22:15: Invalid player id 0
L 12/27/2024 - 00:22:15: [AMXX] Run time error 10 (plugin "status_monitor.amxx") (native "get_user_info") - debug not enabled!
L 12/27/2024 - 00:22:15: [AMXX] To enable debug mode, add "debug" after the plugin name in plugins.ini (without quotes).
L 12/27/2024 - 00:22:15: Invalid player id 0
L 12/27/2024 - 00:22:15: [AMXX] Run time error 10 (plugin "status_monitor.amxx") (native "get_user_info") - debug not enabled!
L 12/27/2024 - 00:22:15: [AMXX] To enable debug mode, add "debug" after the plugin name in plugins.ini (without quotes).
L 12/27/2024 - 00:22:16: Invalid player id 0
L 12/27/2024 - 00:22:16: [AMXX] Run time error 10 (plugin "status_monitor.amxx") (native "get_user_info") - debug not enabled!
L 12/27/2024 - 00:22:16: [AMXX] To enable debug mode, add "debug" after the plugin name in plugins.ini (without quotes).
L 12/27/2024 - 00:22:16: Invalid player id 0
L 12/27/2024 - 00:22:16: [AMXX] Run time error 10 (plugin "status_monitor.amxx") (native "get_user_info") - debug not enabled!
L 12/27/2024 - 00:22:16: [AMXX] To enable debug mode, add "debug" after the plugin name in plugins.ini (without quotes).
L 12/27/2024 - 00:22:16: Invalid player id 0
L 12/27/2024 - 00:22:16: [AMXX] Run time error 10 (plugin "status_monitor.amxx") (native "get_user_info") - debug not enabled!
L 12/27/2024 - 00:22:16: [AMXX] To enable debug mode, add "debug" after the plugin name in plugins.ini (without quotes).
L 12/27/2024 - 00:22:16: Invalid player id 0
L 12/27/2024 - 00:22:16: [AMXX] Run time error 10 (plugin "status_monitor.amxx") (native "get_user_info") - debug not enabled!
L 12/27/2024 - 00:22:16: [AMXX] To enable debug mode, add "debug" after the plugin name in plugins.ini (without quotes).
L 12/27/2024 - 00:22:18: Invalid player id 0
L 12/27/2024 - 00:22:18: [AMXX] Run time error 10 (plugin "status_monitor.amxx") (native "get_user_info") - debug not enabled!
L 12/27/2024 - 00:22:18: [AMXX] To enable debug mode, add "debug" after the plugin name in plugins.ini (without quotes).
L 12/27/2024 - 00:24:00: Start of error session.
L 12/27/2024 - 00:24:00: Info (map "deathrun_poolday") (file "addons/amxmodx/logs/error_20241227.log")
L 12/27/2024 - 00:24:00: Invalid player id 0
L 12/27/2024 - 00:24:00: [AMXX] Run time error 10 (plugin "status_monitor.amxx") (native "get_user_info") - debug not enabled!
L 12/27/2024 - 00:24:00: [AMXX] To enable debug mode, add "debug" after the plugin name in plugins.ini (without quotes).
L 12/27/2024 - 00:24:00: Invalid player id 0
L 12/27/2024 - 00:24:00: [AMXX] Run time error 10 (plugin "status_monitor.amxx") (native "get_user_info") - debug not enabled!
L 12/27/2024 - 00:24:00: [AMXX] To enable debug mode, add "debug" after the plugin name in plugins.ini (without quotes).
L 12/27/2024 - 00:24:00: Invalid player id 0
L 12/27/2024 - 00:24:00: [AMXX] Run time error 10 (plugin "status_monitor.amxx") (native "get_user_info") - debug not enabled!
L 12/27/2024 - 00:24:00: [AMXX] To enable debug mode, add "debug" after the plugin name in plugins.ini (without quotes).
L 12/27/2024 - 00:24:01: Invalid player id 0
L 12/27/2024 - 00:24:01: [AMXX] Run time error 10 (plugin "status_monitor.amxx") (native "get_user_info") - debug not enabled!
L 12/27/2024 - 00:24:01: [AMXX] To enable debug mode, add "debug" after the plugin name in plugins.ini (without quotes).
L 12/27/2024 - 00:24:01: Invalid player id 0
L 12/27/2024 - 00:24:01: [AMXX] Run time error 10 (plugin "status_monitor.amxx") (native "get_user_info") - debug not enabled!
L 12/27/2024 - 00:24:01: [AMXX] To enable debug mode, add "debug" after the plugin name in plugins.ini (without quotes).
L 12/27/2024 - 00:24:01: Invalid player id 0
L 12/27/2024 - 00:24:01: [AMXX] Run time error 10 (plugin "status_monitor.amxx") (native "get_user_info") - debug not enabled!
L 12/27/2024 - 00:24:01: [AMXX] To enable debug mode, add "debug" after the plugin name in plugins.ini (without quotes).
L 12/27/2024 - 00:24:03: Invalid player id 0
L 12/27/2024 - 00:24:03: [AMXX] Run time error 10 (plugin "status_monitor.amxx") (native "get_user_info") - debug not enabled!
L 12/27/2024 - 00:24:03: [AMXX] To enable debug mode, add "debug" after the plugin name in plugins.ini (without quotes).
L 12/27/2024 - 00:26:02: Invalid player id 0
L 12/27/2024 - 00:26:02: [AMXX] Run time error 10 (plugin "status_monitor.amxx") (native "get_user_info") - debug not enabled!
L 12/27/2024 - 00:26:02: [AMXX] To enable debug mode, add "debug" after the plugin name in plugins.ini (without quotes).
L 12/27/2024 - 00:30:08: [CSTRIKE] Invalid player 4 (not in-game)
L 12/27/2024 - 00:30:08: [AMXX] Displaying debug trace (plugin "vidasdr.amxx", version "1.1.0")
L 12/27/2024 - 00:30:08: [AMXX] Run time error 10: native error (native "cs_get_user_team")
L 12/27/2024 - 00:30:08: [AMXX]    [0] Untitled.sma::func_AskForRevive_handler (line 110)
L 12/27/2024 - 00:30:23: Start of error session.
L 12/27/2024 - 00:30:23: Info (map "deathrun_poolday") (file "addons/amxmodx/logs/error_20241227.log")
L 12/27/2024 - 00:30:23: Invalid player id 0
L 12/27/2024 - 00:30:23: [AMXX] Run time error 10 (plugin "status_monitor.amxx") (native "get_user_info") - debug not enabled!
L 12/27/2024 - 00:30:23: [AMXX] To enable debug mode, add "debug" after the plugin name in plugins.ini (without quotes).
L 12/27/2024 - 00:30:23: Invalid player id 0
L 12/27/2024 - 00:30:23: [AMXX] Run time error 10 (plugin "status_monitor.amxx") (native "get_user_info") - debug not enabled!
L 12/27/2024 - 00:30:23: [AMXX] To enable debug mode, add "debug" after the plugin name in plugins.ini (without quotes).
L 12/27/2024 - 00:30:23: Invalid player id 0
L 12/27/2024 - 00:30:23: [AMXX] Run time error 10 (plugin "status_monitor.amxx") (native "get_user_info") - debug not enabled!
L 12/27/2024 - 00:30:23: [AMXX] To enable debug mode, add "debug" after the plugin name in plugins.ini (without quotes).
L 12/27/2024 - 00:30:24: Invalid player id 0
L 12/27/2024 - 00:30:24: [AMXX] Run time error 10 (plugin "status_monitor.amxx") (native "get_user_info") - debug not enabled!
L 12/27/2024 - 00:30:24: [AMXX] To enable debug mode, add "debug" after the plugin name in plugins.ini (without quotes).
L 12/27/2024 - 00:30:24: Invalid player id 0
L 12/27/2024 - 00:30:24: [AMXX] Run time error 10 (plugin "status_monitor.amxx") (native "get_user_info") - debug not enabled!
L 12/27/2024 - 00:30:24: [AMXX] To enable debug mode, add "debug" after the plugin name in plugins.ini (without quotes).
L 12/27/2024 - 00:30:24: Invalid player id 0
L 12/27/2024 - 00:30:24: [AMXX] Run time error 10 (plugin "status_monitor.amxx") (native "get_user_info") - debug not enabled!
L 12/27/2024 - 00:30:24: [AMXX] To enable debug mode, add "debug" after the plugin name in plugins.ini (without quotes).
L 12/27/2024 - 00:30:26: Invalid player id 0
L 12/27/2024 - 00:30:26: [AMXX] Run time error 10 (plugin "status_monitor.amxx") (native "get_user_info") - debug not enabled!
L 12/27/2024 - 00:30:26: [AMXX] To enable debug mode, add "debug" after the plugin name in plugins.ini (without quotes).
L 12/27/2024 - 00:33:44: Start of error session.
L 12/27/2024 - 00:33:44: Info (map "deathrun_poolday") (file "addons/amxmodx/logs/error_20241227.log")
L 12/27/2024 - 00:33:44: Invalid player id 0
L 12/27/2024 - 00:33:44: [AMXX] Run time error 10 (plugin "status_monitor.amxx") (native "get_user_info") - debug not enabled!
L 12/27/2024 - 00:33:44: [AMXX] To enable debug mode, add "debug" after the plugin name in plugins.ini (without quotes).
L 12/27/2024 - 00:33:44: Invalid player id 0
L 12/27/2024 - 00:33:44: [AMXX] Run time error 10 (plugin "status_monitor.amxx") (native "get_user_info") - debug not enabled!
L 12/27/2024 - 00:33:44: [AMXX] To enable debug mode, add "debug" after the plugin name in plugins.ini (without quotes).
L 12/27/2024 - 00:33:45: Invalid player id 0
L 12/27/2024 - 00:33:45: [AMXX] Run time error 10 (plugin "status_monitor.amxx") (native "get_user_info") - debug not enabled!
L 12/27/2024 - 00:33:45: [AMXX] To enable debug mode, add "debug" after the plugin name in plugins.ini (without quotes).
L 12/27/2024 - 00:33:45: Invalid player id 0
L 12/27/2024 - 00:33:45: [AMXX] Run time error 10 (plugin "status_monitor.amxx") (native "get_user_info") - debug not enabled!
L 12/27/2024 - 00:33:45: [AMXX] To enable debug mode, add "debug" after the plugin name in plugins.ini (without quotes).
L 12/27/2024 - 00:33:45: Invalid player id 0
L 12/27/2024 - 00:33:45: [AMXX] Run time error 10 (plugin "status_monitor.amxx") (native "get_user_info") - debug not enabled!
L 12/27/2024 - 00:33:45: [AMXX] To enable debug mode, add "debug" after the plugin name in plugins.ini (without quotes).
L 12/27/2024 - 00:33:45: Invalid player id 0
L 12/27/2024 - 00:33:45: [AMXX] Run time error 10 (plugin "status_monitor.amxx") (native "get_user_info") - debug not enabled!
L 12/27/2024 - 00:33:45: [AMXX] To enable debug mode, add "debug" after the plugin name in plugins.ini (without quotes).
L 12/27/2024 - 00:37:10: Start of error session.
L 12/27/2024 - 00:37:10: Info (map "deathrun_poolday") (file "addons/amxmodx/logs/error_20241227.log")
L 12/27/2024 - 00:37:10: Invalid player id 0
L 12/27/2024 - 00:37:10: [AMXX] Run time error 10 (plugin "status_monitor.amxx") (native "get_user_info") - debug not enabled!
L 12/27/2024 - 00:37:10: [AMXX] To enable debug mode, add "debug" after the plugin name in plugins.ini (without quotes).
L 12/27/2024 - 00:37:10: Invalid player id 0
L 12/27/2024 - 00:37:10: [AMXX] Run time error 10 (plugin "status_monitor.amxx") (native "get_user_info") - debug not enabled!
L 12/27/2024 - 00:37:10: [AMXX] To enable debug mode, add "debug" after the plugin name in plugins.ini (without quotes).
L 12/27/2024 - 00:37:10: Invalid player id 0
L 12/27/2024 - 00:37:10: [AMXX] Run time error 10 (plugin "status_monitor.amxx") (native "get_user_info") - debug not enabled!
L 12/27/2024 - 00:37:10: [AMXX] To enable debug mode, add "debug" after the plugin name in plugins.ini (without quotes).
L 12/27/2024 - 00:37:11: Invalid player id 0
L 12/27/2024 - 00:37:11: [AMXX] Run time error 10 (plugin "status_monitor.amxx") (native "get_user_info") - debug not enabled!
L 12/27/2024 - 00:37:11: [AMXX] To enable debug mode, add "debug" after the plugin name in plugins.ini (without quotes).
L 12/27/2024 - 00:37:13: Invalid player id 0
L 12/27/2024 - 00:37:13: [AMXX] Run time error 10 (plugin "status_monitor.amxx") (native "get_user_info") - debug not enabled!
L 12/27/2024 - 00:37:13: [AMXX] To enable debug mode, add "debug" after the plugin name in plugins.ini (without quotes).
L 12/27/2024 - 00:39:48: Start of error session.
L 12/27/2024 - 00:39:48: Info (map "deathrace_brio") (file "addons/amxmodx/logs/error_20241227.log")
L 12/27/2024 - 00:39:48: Invalid player id 0
L 12/27/2024 - 00:39:48: [AMXX] Run time error 10 (plugin "status_monitor.amxx") (native "get_user_info") - debug not enabled!
L 12/27/2024 - 00:39:48: [AMXX] To enable debug mode, add "debug" after the plugin name in plugins.ini (without quotes).
L 12/27/2024 - 00:39:48: Invalid player id 0
L 12/27/2024 - 00:39:48: [AMXX] Run time error 10 (plugin "status_monitor.amxx") (native "get_user_info") - debug not enabled!
L 12/27/2024 - 00:39:48: [AMXX] To enable debug mode, add "debug" after the plugin name in plugins.ini (without quotes).
L 12/27/2024 - 00:39:50: Invalid player id 0
L 12/27/2024 - 00:39:50: [AMXX] Run time error 10 (plugin "status_monitor.amxx") (native "get_user_info") - debug not enabled!
L 12/27/2024 - 00:39:50: [AMXX] To enable debug mode, add "debug" after the plugin name in plugins.ini (without quotes).
L 12/27/2024 - 00:39:50: Invalid player id 0
L 12/27/2024 - 00:39:50: [AMXX] Run time error 10 (plugin "status_monitor.amxx") (native "get_user_info") - debug not enabled!
L 12/27/2024 - 00:39:50: [AMXX] To enable debug mode, add "debug" after the plugin name in plugins.ini (without quotes).
L 12/27/2024 - 00:41:52: Start of error session.
L 12/27/2024 - 00:41:52: Info (map "de_dust2") (file "addons/amxmodx/logs/error_20241227.log")
L 12/27/2024 - 00:41:52: Invalid player id 0
L 12/27/2024 - 00:41:52: [AMXX] Run time error 10 (plugin "status_monitor.amxx") (native "get_user_info") - debug not enabled!
L 12/27/2024 - 00:41:52: [AMXX] To enable debug mode, add "debug" after the plugin name in plugins.ini (without quotes).
L 12/27/2024 - 00:41:57: Invalid player id 0
L 12/27/2024 - 00:41:57: [AMXX] Run time error 10 (plugin "status_monitor.amxx") (native "get_user_info") - debug not enabled!
L 12/27/2024 - 00:41:57: [AMXX] To enable debug mode, add "debug" after the plugin name in plugins.ini (without quotes).
L 12/27/2024 - 00:42:36: Invalid player id 0
L 12/27/2024 - 00:42:36: [AMXX] Run time error 10 (plugin "status_monitor.amxx") (native "get_user_info") - debug not enabled!
L 12/27/2024 - 00:42:36: [AMXX] To enable debug mode, add "debug" after the plugin name in plugins.ini (without quotes).
L 12/27/2024 - 00:43:27: Invalid player id 0
L 12/27/2024 - 00:43:27: [AMXX] Run time error 10 (plugin "status_monitor.amxx") (native "get_user_info") - debug not enabled!
L 12/27/2024 - 00:43:27: [AMXX] To enable debug mode, add "debug" after the plugin name in plugins.ini (without quotes).
L 12/27/2024 - 00:47:55: Start of error session.
L 12/27/2024 - 00:47:55: Info (map "de_dust2") (file "addons/amxmodx/logs/error_20241227.log")
L 12/27/2024 - 00:47:55: Invalid player id 0
L 12/27/2024 - 00:47:55: [AMXX] Run time error 10 (plugin "status_monitor.amxx") (native "get_user_info") - debug not enabled!
L 12/27/2024 - 00:47:55: [AMXX] To enable debug mode, add "debug" after the plugin name in plugins.ini (without quotes).
L 12/27/2024 - 00:48:14: Invalid player id 0
L 12/27/2024 - 00:48:14: [AMXX] Run time error 10 (plugin "status_monitor.amxx") (native "get_user_info") - debug not enabled!
L 12/27/2024 - 00:48:14: [AMXX] To enable debug mode, add "debug" after the plugin name in plugins.ini (without quotes).
L 12/27/2024 - 00:48:19: Invalid player id 0
L 12/27/2024 - 00:48:19: [AMXX] Run time error 10 (plugin "status_monitor.amxx") (native "get_user_info") - debug not enabled!
L 12/27/2024 - 00:48:19: [AMXX] To enable debug mode, add "debug" after the plugin name in plugins.ini (without quotes).
L 12/27/2024 - 00:48:19: Invalid player id 0
L 12/27/2024 - 00:48:19: [AMXX] Run time error 10 (plugin "status_monitor.amxx") (native "get_user_info") - debug not enabled!
L 12/27/2024 - 00:48:19: [AMXX] To enable debug mode, add "debug" after the plugin name in plugins.ini (without quotes).
L 12/27/2024 - 00:48:25: Invalid player id 0
L 12/27/2024 - 00:48:25: [AMXX] Run time error 10 (plugin "status_monitor.amxx") (native "get_user_info") - debug not enabled!
L 12/27/2024 - 00:48:25: [AMXX] To enable debug mode, add "debug" after the plugin name in plugins.ini (without quotes).
L 12/27/2024 - 00:48:26: Invalid player id 0
L 12/27/2024 - 00:48:26: [AMXX] Run time error 10 (plugin "status_monitor.amxx") (native "get_user_info") - debug not enabled!
L 12/27/2024 - 00:48:26: [AMXX] To enable debug mode, add "debug" after the plugin name in plugins.ini (without quotes).
L 12/27/2024 - 00:48:28: Invalid player id 0
L 12/27/2024 - 00:48:28: [AMXX] Run time error 10 (plugin "status_monitor.amxx") (native "get_user_info") - debug not enabled!
L 12/27/2024 - 00:48:28: [AMXX] To enable debug mode, add "debug" after the plugin name in plugins.ini (without quotes).
L 12/27/2024 - 00:48:48: Start of error session.
L 12/27/2024 - 00:48:48: Info (map "rubaka_2forts") (file "addons/amxmodx/logs/error_20241227.log")
L 12/27/2024 - 00:48:48: Invalid player id 0
L 12/27/2024 - 00:48:48: [AMXX] Run time error 10 (plugin "status_monitor.amxx") (native "get_user_info") - debug not enabled!
L 12/27/2024 - 00:48:48: [AMXX] To enable debug mode, add "debug" after the plugin name in plugins.ini (without quotes).
L 12/27/2024 - 00:48:49: Invalid player id 0
L 12/27/2024 - 00:48:49: [AMXX] Run time error 10 (plugin "status_monitor.amxx") (native "get_user_info") - debug not enabled!
L 12/27/2024 - 00:48:49: [AMXX] To enable debug mode, add "debug" after the plugin name in plugins.ini (without quotes).
L 12/27/2024 - 00:48:49: Invalid player id 0
L 12/27/2024 - 00:48:49: [AMXX] Run time error 10 (plugin "status_monitor.amxx") (native "get_user_info") - debug not enabled!
L 12/27/2024 - 00:48:49: [AMXX] To enable debug mode, add "debug" after the plugin name in plugins.ini (without quotes).
L 12/27/2024 - 00:48:50: Invalid player id 0
L 12/27/2024 - 00:48:50: [AMXX] Run time error 10 (plugin "status_monitor.amxx") (native "get_user_info") - debug not enabled!
L 12/27/2024 - 00:48:50: [AMXX] To enable debug mode, add "debug" after the plugin name in plugins.ini (without quotes).
L 12/27/2024 - 00:48:51: Invalid player id 0
L 12/27/2024 - 00:48:51: [AMXX] Run time error 10 (plugin "status_monitor.amxx") (native "get_user_info") - debug not enabled!
L 12/27/2024 - 00:48:51: [AMXX] To enable debug mode, add "debug" after the plugin name in plugins.ini (without quotes).
L 12/27/2024 - 00:48:54: Invalid player id 0
L 12/27/2024 - 00:48:54: [AMXX] Run time error 10 (plugin "status_monitor.amxx") (native "get_user_info") - debug not enabled!
L 12/27/2024 - 00:48:54: [AMXX] To enable debug mode, add "debug" after the plugin name in plugins.ini (without quotes).
L 12/27/2024 - 00:48:54: Invalid player id 0
L 12/27/2024 - 00:48:54: [AMXX] Run time error 10 (plugin "status_monitor.amxx") (native "get_user_info") - debug not enabled!
L 12/27/2024 - 00:48:54: [AMXX] To enable debug mode, add "debug" after the plugin name in plugins.ini (without quotes).
L 12/27/2024 - 00:53:53: Start of error session.
L 12/27/2024 - 00:53:53: Info (map "de_dust2") (file "addons/amxmodx/logs/error_20241227.log")
L 12/27/2024 - 00:53:53: Invalid player id 0
L 12/27/2024 - 00:53:53: [AMXX] Run time error 10 (plugin "status_monitor.amxx") (native "get_user_info") - debug not enabled!
L 12/27/2024 - 00:53:53: [AMXX] To enable debug mode, add "debug" after the plugin name in plugins.ini (without quotes).
L 12/27/2024 - 00:54:13: Invalid player id 0
L 12/27/2024 - 00:54:13: [AMXX] Run time error 10 (plugin "status_monitor.amxx") (native "get_user_info") - debug not enabled!
L 12/27/2024 - 00:54:13: [AMXX] To enable debug mode, add "debug" after the plugin name in plugins.ini (without quotes).
L 12/27/2024 - 00:54:18: Invalid player id 0
L 12/27/2024 - 00:54:18: [AMXX] Run time error 10 (plugin "status_monitor.amxx") (native "get_user_info") - debug not enabled!
L 12/27/2024 - 00:54:18: [AMXX] To enable debug mode, add "debug" after the plugin name in plugins.ini (without quotes).
L 12/27/2024 - 00:54:41: Invalid player id 0
L 12/27/2024 - 00:54:41: [AMXX] Run time error 10 (plugin "status_monitor.amxx") (native "get_user_info") - debug not enabled!
L 12/27/2024 - 00:54:41: [AMXX] To enable debug mode, add "debug" after the plugin name in plugins.ini (without quotes).
L 12/27/2024 - 00:54:45: Invalid player id 0
L 12/27/2024 - 00:54:45: [AMXX] Run time error 10 (plugin "status_monitor.amxx") (native "get_user_info") - debug not enabled!
L 12/27/2024 - 00:54:45: [AMXX] To enable debug mode, add "debug" after the plugin name in plugins.ini (without quotes).
L 12/27/2024 - 00:54:54: Invalid player id 0
L 12/27/2024 - 00:54:54: [AMXX] Run time error 10 (plugin "status_monitor.amxx") (native "get_user_info") - debug not enabled!
L 12/27/2024 - 00:54:54: [AMXX] To enable debug mode, add "debug" after the plugin name in plugins.ini (without quotes).
L 12/27/2024 - 00:55:27: Invalid player id 0
L 12/27/2024 - 00:55:27: [AMXX] Run time error 10 (plugin "status_monitor.amxx") (native "get_user_info") - debug not enabled!
L 12/27/2024 - 00:55:27: [AMXX] To enable debug mode, add "debug" after the plugin name in plugins.ini (without quotes).
L 12/27/2024 - 00:55:29: Player 3 is not in game.
L 12/27/2024 - 00:55:29: [AMXX] Displaying debug trace (plugin "kz_jumpplugin.amxx", version "1.7")
L 12/27/2024 - 00:55:29: [AMXX] Run time error 10: native error (native "menu_display")
L 12/27/2024 - 00:55:29: [AMXX]    [0] Untitled.sma::mainmenu (line 2052)
L 12/27/2024 - 00:55:29: [AMXX]    [1] Untitled.sma::commandsmenufunccions (line 2138)
L 12/27/2024 - 00:55:45: Start of error session.
L 12/27/2024 - 00:55:45: Info (map "kz_cargo") (file "addons/amxmodx/logs/error_20241227.log")
L 12/27/2024 - 00:55:45: Invalid player id 0
L 12/27/2024 - 00:55:45: [AMXX] Run time error 10 (plugin "status_monitor.amxx") (native "get_user_info") - debug not enabled!
L 12/27/2024 - 00:55:45: [AMXX] To enable debug mode, add "debug" after the plugin name in plugins.ini (without quotes).
L 12/27/2024 - 00:58:13: Invalid player id 0
L 12/27/2024 - 00:58:13: [AMXX] Run time error 10 (plugin "status_monitor.amxx") (native "get_user_info") - debug not enabled!
L 12/27/2024 - 00:58:13: [AMXX] To enable debug mode, add "debug" after the plugin name in plugins.ini (without quotes).
L 12/27/2024 - 00:58:28: Invalid player id 0
L 12/27/2024 - 00:58:28: [AMXX] Run time error 10 (plugin "status_monitor.amxx") (native "get_user_info") - debug not enabled!
L 12/27/2024 - 00:58:28: [AMXX] To enable debug mode, add "debug" after the plugin name in plugins.ini (without quotes).
L 12/27/2024 - 00:58:57: Invalid player id 0
L 12/27/2024 - 00:58:57: [AMXX] Run time error 10 (plugin "status_monitor.amxx") (native "get_user_info") - debug not enabled!
L 12/27/2024 - 00:58:57: [AMXX] To enable debug mode, add "debug" after the plugin name in plugins.ini (without quotes).
L 12/27/2024 - 00:59:31: Invalid player id 0
L 12/27/2024 - 00:59:31: [AMXX] Run time error 10 (plugin "status_monitor.amxx") (native "get_user_info") - debug not enabled!
L 12/27/2024 - 00:59:31: [AMXX] To enable debug mode, add "debug" after the plugin name in plugins.ini (without quotes).
L 12/27/2024 - 00:59:37: Invalid player id 0
L 12/27/2024 - 00:59:37: [AMXX] Run time error 10 (plugin "status_monitor.amxx") (native "get_user_info") - debug not enabled!
L 12/27/2024 - 00:59:37: [AMXX] To enable debug mode, add "debug" after the plugin name in plugins.ini (without quotes).
L 12/27/2024 - 01:02:34: Start of error session.
L 12/27/2024 - 01:02:34: Info (map "zm_remake_pg") (file "addons/amxmodx/logs/error_20241227.log")
L 12/27/2024 - 01:02:34: Invalid player id 0
L 12/27/2024 - 01:02:34: [AMXX] Run time error 10 (plugin "status_monitor.amxx") (native "get_user_info") - debug not enabled!
L 12/27/2024 - 01:02:34: [AMXX] To enable debug mode, add "debug" after the plugin name in plugins.ini (without quotes).
L 12/27/2024 - 01:02:36: Invalid player id 0
L 12/27/2024 - 01:02:36: [AMXX] Run time error 10 (plugin "status_monitor.amxx") (native "get_user_info") - debug not enabled!
L 12/27/2024 - 01:02:36: [AMXX] To enable debug mode, add "debug" after the plugin name in plugins.ini (without quotes).
L 12/27/2024 - 01:03:15: Invalid player id 0
L 12/27/2024 - 01:03:15: [AMXX] Run time error 10 (plugin "status_monitor.amxx") (native "get_user_info") - debug not enabled!
L 12/27/2024 - 01:03:15: [AMXX] To enable debug mode, add "debug" after the plugin name in plugins.ini (without quotes).
L 12/27/2024 - 01:03:20: Invalid player id 0
L 12/27/2024 - 01:03:20: [AMXX] Run time error 10 (plugin "status_monitor.amxx") (native "get_user_info") - debug not enabled!
L 12/27/2024 - 01:03:20: [AMXX] To enable debug mode, add "debug" after the plugin name in plugins.ini (without quotes).
L 12/27/2024 - 01:04:10: Start of error session.
L 12/27/2024 - 01:04:10: Info (map "zm_remake_pg") (file "addons/amxmodx/logs/error_20241227.log")
L 12/27/2024 - 01:04:10: Invalid player id 0
L 12/27/2024 - 01:04:10: [AMXX] Run time error 10 (plugin "status_monitor.amxx") (native "get_user_info") - debug not enabled!
L 12/27/2024 - 01:04:10: [AMXX] To enable debug mode, add "debug" after the plugin name in plugins.ini (without quotes).
L 12/27/2024 - 01:04:10: Invalid player id 0
L 12/27/2024 - 01:04:10: [AMXX] Run time error 10 (plugin "status_monitor.amxx") (native "get_user_info") - debug not enabled!
L 12/27/2024 - 01:04:10: [AMXX] To enable debug mode, add "debug" after the plugin name in plugins.ini (without quotes).
L 12/27/2024 - 01:04:10: Invalid player id 0
L 12/27/2024 - 01:04:10: [AMXX] Run time error 10 (plugin "status_monitor.amxx") (native "get_user_info") - debug not enabled!
L 12/27/2024 - 01:04:10: [AMXX] To enable debug mode, add "debug" after the plugin name in plugins.ini (without quotes).
L 12/27/2024 - 01:04:10: Invalid player id 0
L 12/27/2024 - 01:04:10: [AMXX] Run time error 10 (plugin "status_monitor.amxx") (native "get_user_info") - debug not enabled!
L 12/27/2024 - 01:04:10: [AMXX] To enable debug mode, add "debug" after the plugin name in plugins.ini (without quotes).
L 12/27/2024 - 01:04:25: Invalid player id 0
L 12/27/2024 - 01:04:25: [AMXX] Run time error 10 (plugin "status_monitor.amxx") (native "get_user_info") - debug not enabled!
L 12/27/2024 - 01:04:25: [AMXX] To enable debug mode, add "debug" after the plugin name in plugins.ini (without quotes).
L 12/27/2024 - 01:07:21: Start of error session.
L 12/27/2024 - 01:07:21: Info (map "bb_classic11") (file "addons/amxmodx/logs/error_20241227.log")
L 12/27/2024 - 01:07:21: Invalid player id 0
L 12/27/2024 - 01:07:21: [AMXX] Run time error 10 (plugin "status_monitor.amxx") (native "get_user_info") - debug not enabled!
L 12/27/2024 - 01:07:21: [AMXX] To enable debug mode, add "debug" after the plugin name in plugins.ini (without quotes).
L 12/27/2024 - 01:07:23: Invalid player id 0
L 12/27/2024 - 01:07:23: [AMXX] Run time error 10 (plugin "status_monitor.amxx") (native "get_user_info") - debug not enabled!
L 12/27/2024 - 01:07:23: [AMXX] To enable debug mode, add "debug" after the plugin name in plugins.ini (without quotes).
L 12/27/2024 - 01:07:24: Invalid player id 0
L 12/27/2024 - 01:07:24: [AMXX] Run time error 10 (plugin "status_monitor.amxx") (native "get_user_info") - debug not enabled!
L 12/27/2024 - 01:07:24: [AMXX] To enable debug mode, add "debug" after the plugin name in plugins.ini (without quotes).
L 12/27/2024 - 01:07:25: Invalid player id 0
L 12/27/2024 - 01:07:25: [AMXX] Run time error 10 (plugin "status_monitor.amxx") (native "get_user_info") - debug not enabled!
L 12/27/2024 - 01:07:25: [AMXX] To enable debug mode, add "debug" after the plugin name in plugins.ini (without quotes).
L 12/27/2024 - 01:07:41: Start of error session.
L 12/27/2024 - 01:07:41: Info (map "zm_remake_pg") (file "addons/amxmodx/logs/error_20241227.log")
L 12/27/2024 - 01:07:41: Invalid player id 0
L 12/27/2024 - 01:07:41: [AMXX] Run time error 10 (plugin "status_monitor.amxx") (native "get_user_info") - debug not enabled!
L 12/27/2024 - 01:07:41: [AMXX] To enable debug mode, add "debug" after the plugin name in plugins.ini (without quotes).
L 12/27/2024 - 01:07:41: Invalid player id 0
L 12/27/2024 - 01:07:41: [AMXX] Run time error 10 (plugin "status_monitor.amxx") (native "get_user_info") - debug not enabled!
L 12/27/2024 - 01:07:41: [AMXX] To enable debug mode, add "debug" after the plugin name in plugins.ini (without quotes).
L 12/27/2024 - 01:07:42: Invalid player id 0
L 12/27/2024 - 01:07:42: [AMXX] Run time error 10 (plugin "status_monitor.amxx") (native "get_user_info") - debug not enabled!
L 12/27/2024 - 01:07:42: [AMXX] To enable debug mode, add "debug" after the plugin name in plugins.ini (without quotes).
L 12/27/2024 - 01:07:42: Invalid player id 0
L 12/27/2024 - 01:07:42: [AMXX] Run time error 10 (plugin "status_monitor.amxx") (native "get_user_info") - debug not enabled!
L 12/27/2024 - 01:07:42: [AMXX] To enable debug mode, add "debug" after the plugin name in plugins.ini (without quotes).
L 12/27/2024 - 01:07:42: Invalid player id 0
L 12/27/2024 - 01:07:42: [AMXX] Run time error 10 (plugin "status_monitor.amxx") (native "get_user_info") - debug not enabled!
L 12/27/2024 - 01:07:42: [AMXX] To enable debug mode, add "debug" after the plugin name in plugins.ini (without quotes).
L 12/27/2024 - 01:08:29: Start of error session.
L 12/27/2024 - 01:08:29: Info (map "bb_classic11") (file "addons/amxmodx/logs/error_20241227.log")
L 12/27/2024 - 01:08:29: Invalid player id 0
L 12/27/2024 - 01:08:29: [AMXX] Run time error 10 (plugin "status_monitor.amxx") (native "get_user_info") - debug not enabled!
L 12/27/2024 - 01:08:29: [AMXX] To enable debug mode, add "debug" after the plugin name in plugins.ini (without quotes).
L 12/27/2024 - 01:08:29: Invalid player id 0
L 12/27/2024 - 01:08:29: [AMXX] Run time error 10 (plugin "status_monitor.amxx") (native "get_user_info") - debug not enabled!
L 12/27/2024 - 01:08:29: [AMXX] To enable debug mode, add "debug" after the plugin name in plugins.ini (without quotes).
L 12/27/2024 - 01:08:29: Invalid player id 0
L 12/27/2024 - 01:08:29: [AMXX] Run time error 10 (plugin "status_monitor.amxx") (native "get_user_info") - debug not enabled!
L 12/27/2024 - 01:08:29: [AMXX] To enable debug mode, add "debug" after the plugin name in plugins.ini (without quotes).
L 12/27/2024 - 01:08:29: Invalid player id 0
L 12/27/2024 - 01:08:29: [AMXX] Run time error 10 (plugin "status_monitor.amxx") (native "get_user_info") - debug not enabled!
L 12/27/2024 - 01:08:29: [AMXX] To enable debug mode, add "debug" after the plugin name in plugins.ini (without quotes).
L 12/27/2024 - 01:08:29: Invalid player id 0
L 12/27/2024 - 01:08:29: [AMXX] Run time error 10 (plugin "status_monitor.amxx") (native "get_user_info") - debug not enabled!
L 12/27/2024 - 01:08:29: [AMXX] To enable debug mode, add "debug" after the plugin name in plugins.ini (without quotes).
L 12/27/2024 - 01:09:56: Start of error session.
L 12/27/2024 - 01:09:56: Info (map "bb_tql") (file "addons/amxmodx/logs/error_20241227.log")
L 12/27/2024 - 01:09:56: Invalid player id 0
L 12/27/2024 - 01:09:56: [AMXX] Run time error 10 (plugin "status_monitor.amxx") (native "get_user_info") - debug not enabled!
L 12/27/2024 - 01:09:56: [AMXX] To enable debug mode, add "debug" after the plugin name in plugins.ini (without quotes).
L 12/27/2024 - 01:09:56: Invalid player id 0
L 12/27/2024 - 01:09:56: [AMXX] Run time error 10 (plugin "status_monitor.amxx") (native "get_user_info") - debug not enabled!
L 12/27/2024 - 01:09:56: [AMXX] To enable debug mode, add "debug" after the plugin name in plugins.ini (without quotes).
L 12/27/2024 - 01:09:56: Invalid player id 0
L 12/27/2024 - 01:09:56: [AMXX] Run time error 10 (plugin "status_monitor.amxx") (native "get_user_info") - debug not enabled!
L 12/27/2024 - 01:09:56: [AMXX] To enable debug mode, add "debug" after the plugin name in plugins.ini (without quotes).
L 12/27/2024 - 01:09:56: Invalid player id 0
L 12/27/2024 - 01:09:56: [AMXX] Run time error 10 (plugin "status_monitor.amxx") (native "get_user_info") - debug not enabled!
L 12/27/2024 - 01:09:56: [AMXX] To enable debug mode, add "debug" after the plugin name in plugins.ini (without quotes).
L 12/27/2024 - 01:09:57: Invalid player id 0
L 12/27/2024 - 01:09:57: [AMXX] Run time error 10 (plugin "status_monitor.amxx") (native "get_user_info") - debug not enabled!
L 12/27/2024 - 01:09:57: [AMXX] To enable debug mode, add "debug" after the plugin name in plugins.ini (without quotes).
L 12/27/2024 - 01:17:33: Start of error session.
L 12/27/2024 - 01:17:33: Info (map "de_dust2") (file "addons/amxmodx/logs/error_20241227.log")
L 12/27/2024 - 01:17:33: Invalid player id 0
L 12/27/2024 - 01:17:33: [AMXX] Run time error 10 (plugin "status_monitor.amxx") (native "get_user_info") - debug not enabled!
L 12/27/2024 - 01:17:33: [AMXX] To enable debug mode, add "debug" after the plugin name in plugins.ini (without quotes).
L 12/27/2024 - 01:17:54: Invalid player id 0
L 12/27/2024 - 01:17:54: [AMXX] Run time error 10 (plugin "status_monitor.amxx") (native "get_user_info") - debug not enabled!
L 12/27/2024 - 01:17:54: [AMXX] To enable debug mode, add "debug" after the plugin name in plugins.ini (without quotes).
L 12/27/2024 - 01:18:03: Invalid player id 0
L 12/27/2024 - 01:18:03: [AMXX] Run time error 10 (plugin "status_monitor.amxx") (native "get_user_info") - debug not enabled!
L 12/27/2024 - 01:18:03: [AMXX] To enable debug mode, add "debug" after the plugin name in plugins.ini (without quotes).
L 12/27/2024 - 01:19:15: Invalid player id 0
L 12/27/2024 - 01:19:15: [AMXX] Run time error 10 (plugin "status_monitor.amxx") (native "get_user_info") - debug not enabled!
L 12/27/2024 - 01:19:15: [AMXX] To enable debug mode, add "debug" after the plugin name in plugins.ini (without quotes).
L 12/27/2024 - 01:19:52: Invalid player id 0
L 12/27/2024 - 01:19:52: [AMXX] Run time error 10 (plugin "status_monitor.amxx") (native "get_user_info") - debug not enabled!
L 12/27/2024 - 01:19:52: [AMXX] To enable debug mode, add "debug" after the plugin name in plugins.ini (without quotes).
L 12/27/2024 - 01:20:26: String formatted incorrectly - parameter 7 (total 6)
L 12/27/2024 - 01:20:26: [AMXX] Run time error 25 (plugin "admincmd.amxx") - debug not enabled!
L 12/27/2024 - 01:20:26: [AMXX] To enable debug mode, add "debug" after the plugin name in plugins.ini (without quotes).
L 12/27/2024 - 01:23:55: Start of error session.
L 12/27/2024 - 01:23:55: Info (map "happyvalley_2nd_lt") (file "addons/amxmodx/logs/error_20241227.log")
L 12/27/2024 - 01:23:55: Invalid player id 0
L 12/27/2024 - 01:23:55: [AMXX] Run time error 10 (plugin "status_monitor.amxx") (native "get_user_info") - debug not enabled!
L 12/27/2024 - 01:23:55: [AMXX] To enable debug mode, add "debug" after the plugin name in plugins.ini (without quotes).
L 12/27/2024 - 01:23:56: Invalid player id 0
L 12/27/2024 - 01:23:56: [AMXX] Run time error 10 (plugin "status_monitor.amxx") (native "get_user_info") - debug not enabled!
L 12/27/2024 - 01:23:56: [AMXX] To enable debug mode, add "debug" after the plugin name in plugins.ini (without quotes).
L 12/27/2024 - 01:23:56: Invalid player id 0
L 12/27/2024 - 01:23:56: [AMXX] Run time error 10 (plugin "status_monitor.amxx") (native "get_user_info") - debug not enabled!
L 12/27/2024 - 01:23:56: [AMXX] To enable debug mode, add "debug" after the plugin name in plugins.ini (without quotes).
L 12/27/2024 - 01:23:57: Invalid player id 0
L 12/27/2024 - 01:23:57: [AMXX] Run time error 10 (plugin "status_monitor.amxx") (native "get_user_info") - debug not enabled!
L 12/27/2024 - 01:23:57: [AMXX] To enable debug mode, add "debug" after the plugin name in plugins.ini (without quotes).
L 12/27/2024 - 01:23:58: Invalid player id 0
L 12/27/2024 - 01:23:58: [AMXX] Run time error 10 (plugin "status_monitor.amxx") (native "get_user_info") - debug not enabled!
L 12/27/2024 - 01:23:58: [AMXX] To enable debug mode, add "debug" after the plugin name in plugins.ini (without quotes).
L 12/27/2024 - 01:24:05: Invalid player id 0
L 12/27/2024 - 01:24:05: [AMXX] Run time error 10 (plugin "status_monitor.amxx") (native "get_user_info") - debug not enabled!
L 12/27/2024 - 01:24:05: [AMXX] To enable debug mode, add "debug" after the plugin name in plugins.ini (without quotes).
L 12/27/2024 - 01:24:23: Start of error session.
L 12/27/2024 - 01:24:23: Info (map "happyvalley_2nd_lt") (file "addons/amxmodx/logs/error_20241227.log")
L 12/27/2024 - 01:24:23: Invalid player id 0
L 12/27/2024 - 01:24:23: [AMXX] Run time error 10 (plugin "status_monitor.amxx") (native "get_user_info") - debug not enabled!
L 12/27/2024 - 01:24:23: [AMXX] To enable debug mode, add "debug" after the plugin name in plugins.ini (without quotes).
L 12/27/2024 - 01:24:23: Invalid player id 0
L 12/27/2024 - 01:24:23: [AMXX] Run time error 10 (plugin "status_monitor.amxx") (native "get_user_info") - debug not enabled!
L 12/27/2024 - 01:24:23: [AMXX] To enable debug mode, add "debug" after the plugin name in plugins.ini (without quotes).
L 12/27/2024 - 01:24:24: Invalid player id 0
L 12/27/2024 - 01:24:24: [AMXX] Run time error 10 (plugin "status_monitor.amxx") (native "get_user_info") - debug not enabled!
L 12/27/2024 - 01:24:24: [AMXX] To enable debug mode, add "debug" after the plugin name in plugins.ini (without quotes).
L 12/27/2024 - 01:24:24: Invalid player id 0
L 12/27/2024 - 01:24:24: [AMXX] Run time error 10 (plugin "status_monitor.amxx") (native "get_user_info") - debug not enabled!
L 12/27/2024 - 01:24:24: [AMXX] To enable debug mode, add "debug" after the plugin name in plugins.ini (without quotes).
L 12/27/2024 - 01:24:24: Invalid player id 0
L 12/27/2024 - 01:24:24: [AMXX] Run time error 10 (plugin "status_monitor.amxx") (native "get_user_info") - debug not enabled!
L 12/27/2024 - 01:24:24: [AMXX] To enable debug mode, add "debug" after the plugin name in plugins.ini (without quotes).
L 12/27/2024 - 01:24:25: Invalid player id 0
L 12/27/2024 - 01:24:25: [AMXX] Run time error 10 (plugin "status_monitor.amxx") (native "get_user_info") - debug not enabled!
L 12/27/2024 - 01:24:25: [AMXX] To enable debug mode, add "debug" after the plugin name in plugins.ini (without quotes).
L 12/27/2024 - 01:25:21: Start of error session.
L 12/27/2024 - 01:25:21: Info (map "happyvalley_2nd_lt") (file "addons/amxmodx/logs/error_20241227.log")
L 12/27/2024 - 01:25:21: Invalid player id 0
L 12/27/2024 - 01:25:21: [AMXX] Run time error 10 (plugin "status_monitor.amxx") (native "get_user_info") - debug not enabled!
L 12/27/2024 - 01:25:21: [AMXX] To enable debug mode, add "debug" after the plugin name in plugins.ini (without quotes).
L 12/27/2024 - 01:25:21: Invalid player id 0
L 12/27/2024 - 01:25:21: [AMXX] Run time error 10 (plugin "status_monitor.amxx") (native "get_user_info") - debug not enabled!
L 12/27/2024 - 01:25:21: [AMXX] To enable debug mode, add "debug" after the plugin name in plugins.ini (without quotes).
L 12/27/2024 - 01:25:21: Invalid player id 0
L 12/27/2024 - 01:25:21: [AMXX] Run time error 10 (plugin "status_monitor.amxx") (native "get_user_info") - debug not enabled!
L 12/27/2024 - 01:25:21: [AMXX] To enable debug mode, add "debug" after the plugin name in plugins.ini (without quotes).
L 12/27/2024 - 01:25:22: Invalid player id 0
L 12/27/2024 - 01:25:22: [AMXX] Run time error 10 (plugin "status_monitor.amxx") (native "get_user_info") - debug not enabled!
L 12/27/2024 - 01:25:22: [AMXX] To enable debug mode, add "debug" after the plugin name in plugins.ini (without quotes).
L 12/27/2024 - 01:25:22: Invalid player id 0
L 12/27/2024 - 01:25:22: [AMXX] Run time error 10 (plugin "status_monitor.amxx") (native "get_user_info") - debug not enabled!
L 12/27/2024 - 01:25:22: [AMXX] To enable debug mode, add "debug" after the plugin name in plugins.ini (without quotes).
L 12/27/2024 - 01:25:22: Invalid player id 0
L 12/27/2024 - 01:25:22: [AMXX] Run time error 10 (plugin "status_monitor.amxx") (native "get_user_info") - debug not enabled!
L 12/27/2024 - 01:25:22: [AMXX] To enable debug mode, add "debug" after the plugin name in plugins.ini (without quotes).
L 12/27/2024 - 01:33:40: Start of error session.
L 12/27/2024 - 01:33:40: Info (map "mini_dust_pro") (file "addons/amxmodx/logs/error_20241227.log")
L 12/27/2024 - 01:33:40: Invalid player id 0
L 12/27/2024 - 01:33:40: [AMXX] Run time error 10 (plugin "status_monitor.amxx") (native "get_user_info") - debug not enabled!
L 12/27/2024 - 01:33:40: [AMXX] To enable debug mode, add "debug" after the plugin name in plugins.ini (without quotes).
L 12/27/2024 - 01:33:41: Invalid player id 0
L 12/27/2024 - 01:33:41: [AMXX] Run time error 10 (plugin "status_monitor.amxx") (native "get_user_info") - debug not enabled!
L 12/27/2024 - 01:33:41: [AMXX] To enable debug mode, add "debug" after the plugin name in plugins.ini (without quotes).
L 12/27/2024 - 01:33:41: Invalid player id 0
L 12/27/2024 - 01:33:41: [AMXX] Run time error 10 (plugin "status_monitor.amxx") (native "get_user_info") - debug not enabled!
L 12/27/2024 - 01:33:41: [AMXX] To enable debug mode, add "debug" after the plugin name in plugins.ini (without quotes).
L 12/27/2024 - 01:33:41: Invalid player id 0
L 12/27/2024 - 01:33:41: [AMXX] Run time error 10 (plugin "status_monitor.amxx") (native "get_user_info") - debug not enabled!
L 12/27/2024 - 01:33:41: [AMXX] To enable debug mode, add "debug" after the plugin name in plugins.ini (without quotes).
L 12/27/2024 - 01:33:43: Invalid player id 0
L 12/27/2024 - 01:33:43: [AMXX] Run time error 10 (plugin "status_monitor.amxx") (native "get_user_info") - debug not enabled!
L 12/27/2024 - 01:33:43: [AMXX] To enable debug mode, add "debug" after the plugin name in plugins.ini (without quotes).
L 12/27/2024 - 01:33:46: Invalid player id 0
L 12/27/2024 - 01:33:46: [AMXX] Run time error 10 (plugin "status_monitor.amxx") (native "get_user_info") - debug not enabled!
L 12/27/2024 - 01:33:46: [AMXX] To enable debug mode, add "debug" after the plugin name in plugins.ini (without quotes).
L 12/27/2024 - 01:37:42: Start of error session.
L 12/27/2024 - 01:37:42: Info (map "mini_dust_pro") (file "addons/amxmodx/logs/error_20241227.log")
L 12/27/2024 - 01:37:42: Invalid player id 0
L 12/27/2024 - 01:37:42: [AMXX] Run time error 10 (plugin "status_monitor.amxx") (native "get_user_info") - debug not enabled!
L 12/27/2024 - 01:37:42: [AMXX] To enable debug mode, add "debug" after the plugin name in plugins.ini (without quotes).
L 12/27/2024 - 01:37:43: Invalid player id 0
L 12/27/2024 - 01:37:43: [AMXX] Run time error 10 (plugin "status_monitor.amxx") (native "get_user_info") - debug not enabled!
L 12/27/2024 - 01:37:43: [AMXX] To enable debug mode, add "debug" after the plugin name in plugins.ini (without quotes).
L 12/27/2024 - 01:37:43: Invalid player id 0
L 12/27/2024 - 01:37:43: [AMXX] Run time error 10 (plugin "status_monitor.amxx") (native "get_user_info") - debug not enabled!
L 12/27/2024 - 01:37:43: [AMXX] To enable debug mode, add "debug" after the plugin name in plugins.ini (without quotes).
L 12/27/2024 - 01:37:55: Invalid player id 0
L 12/27/2024 - 01:37:55: [AMXX] Run time error 10 (plugin "status_monitor.amxx") (native "get_user_info") - debug not enabled!
L 12/27/2024 - 01:37:55: [AMXX] To enable debug mode, add "debug" after the plugin name in plugins.ini (without quotes).
L 12/27/2024 - 01:38:03: Invalid player id 0
L 12/27/2024 - 01:38:03: [AMXX] Run time error 10 (plugin "status_monitor.amxx") (native "get_user_info") - debug not enabled!
L 12/27/2024 - 01:38:03: [AMXX] To enable debug mode, add "debug" after the plugin name in plugins.ini (without quotes).
L 12/27/2024 - 01:38:08: Invalid player id 0
L 12/27/2024 - 01:38:08: [AMXX] Run time error 10 (plugin "status_monitor.amxx") (native "get_user_info") - debug not enabled!
L 12/27/2024 - 01:38:08: [AMXX] To enable debug mode, add "debug" after the plugin name in plugins.ini (without quotes).
L 12/27/2024 - 01:53:15: Invalid player id 0
L 12/27/2024 - 01:53:15: [AMXX] Run time error 10 (plugin "status_monitor.amxx") (native "get_user_info") - debug not enabled!
L 12/27/2024 - 01:53:15: [AMXX] To enable debug mode, add "debug" after the plugin name in plugins.ini (without quotes).
L 12/27/2024 - 01:54:30: String formatted incorrectly - parameter 8 (total 7)
L 12/27/2024 - 01:54:30: [AMXX] Run time error 25 (plugin "gungame.amxx") - debug not enabled!
L 12/27/2024 - 01:54:30: [AMXX] To enable debug mode, add "debug" after the plugin name in plugins.ini (without quotes).
L 12/27/2024 - 01:54:41: Start of error session.
L 12/27/2024 - 01:54:41: Info (map "de_inferno2") (file "addons/amxmodx/logs/error_20241227.log")
L 12/27/2024 - 01:54:41: [AMXX] Displaying debug trace (plugin "cagar.amxx", version "unknown")
L 12/27/2024 - 01:54:41: [AMXX] Run time error 4: index out of bounds 
L 12/27/2024 - 01:54:41: [AMXX]    [0] Untitled.sma::plugin_precache (line 30)
L 12/27/2024 - 01:54:57: Invalid player id 0
L 12/27/2024 - 01:54:57: [AMXX] Run time error 10 (plugin "status_monitor.amxx") (native "get_user_info") - debug not enabled!
L 12/27/2024 - 01:54:57: [AMXX] To enable debug mode, add "debug" after the plugin name in plugins.ini (without quotes).
L 12/27/2024 - 01:55:44: Invalid player id 0
L 12/27/2024 - 01:55:44: [AMXX] Run time error 10 (plugin "status_monitor.amxx") (native "get_user_info") - debug not enabled!
L 12/27/2024 - 01:55:44: [AMXX] To enable debug mode, add "debug" after the plugin name in plugins.ini (without quotes).
L 12/27/2024 - 01:56:15: Start of error session.
L 12/27/2024 - 01:56:15: Info (map "jail_xmf") (file "addons/amxmodx/logs/error_20241227.log")
L 12/27/2024 - 01:56:15: [AMXX] Displaying debug trace (plugin "cagar.amxx", version "unknown")
L 12/27/2024 - 01:56:15: [AMXX] Run time error 4: index out of bounds 
L 12/27/2024 - 01:56:15: [AMXX]    [0] Untitled.sma::plugin_precache (line 30)
L 12/27/2024 - 01:56:29: Invalid player id 0
L 12/27/2024 - 01:56:29: [AMXX] Run time error 10 (plugin "status_monitor.amxx") (native "get_user_info") - debug not enabled!
L 12/27/2024 - 01:56:29: [AMXX] To enable debug mode, add "debug" after the plugin name in plugins.ini (without quotes).
L 12/27/2024 - 01:56:31: Invalid player id 0
L 12/27/2024 - 01:56:31: [AMXX] Run time error 10 (plugin "status_monitor.amxx") (native "get_user_info") - debug not enabled!
L 12/27/2024 - 01:56:31: [AMXX] To enable debug mode, add "debug" after the plugin name in plugins.ini (without quotes).
L 12/27/2024 - 01:56:38: Invalid player id 0
L 12/27/2024 - 01:56:38: [AMXX] Run time error 10 (plugin "status_monitor.amxx") (native "get_user_info") - debug not enabled!
L 12/27/2024 - 01:56:38: [AMXX] To enable debug mode, add "debug" after the plugin name in plugins.ini (without quotes).
L 12/27/2024 - 01:58:04: Invalid player id 0
L 12/27/2024 - 01:58:04: [AMXX] Run time error 10 (plugin "status_monitor.amxx") (native "get_user_info") - debug not enabled!
L 12/27/2024 - 01:58:04: [AMXX] To enable debug mode, add "debug" after the plugin name in plugins.ini (without quotes).
L 12/27/2024 - 01:58:38: Invalid player id 0
L 12/27/2024 - 01:58:38: [AMXX] Run time error 10 (plugin "status_monitor.amxx") (native "get_user_info") - debug not enabled!
L 12/27/2024 - 01:58:38: [AMXX] To enable debug mode, add "debug" after the plugin name in plugins.ini (without quotes).
L 12/27/2024 - 01:58:39: Invalid player id 0
L 12/27/2024 - 01:58:39: [AMXX] Run time error 10 (plugin "status_monitor.amxx") (native "get_user_info") - debug not enabled!
L 12/27/2024 - 01:58:39: [AMXX] To enable debug mode, add "debug" after the plugin name in plugins.ini (without quotes).
L 12/27/2024 - 01:59:38: [ENGINE] Entity 0 can not be removed
L 12/27/2024 - 01:59:38: [AMXX] Displaying debug trace (plugin "cagar.amxx", version "unknown")
L 12/27/2024 - 01:59:38: [AMXX] Run time error 10: native error (native "remove_entity")
L 12/27/2024 - 01:59:38: [AMXX]    [0] Untitled.sma::Cagar (line 49)
L 12/27/2024 - 01:59:44: [ENGINE] Entity 0 can not be removed
L 12/27/2024 - 01:59:44: [AMXX] Displaying debug trace (plugin "cagar.amxx", version "unknown")
L 12/27/2024 - 01:59:44: [AMXX] Run time error 10: native error (native "remove_entity")
L 12/27/2024 - 01:59:44: [AMXX]    [0] Untitled.sma::Cagar (line 49)
L 12/27/2024 - 01:59:45: [ENGINE] Entity 0 can not be removed
L 12/27/2024 - 01:59:45: [AMXX] Displaying debug trace (plugin "cagar.amxx", version "unknown")
L 12/27/2024 - 01:59:45: [AMXX] Run time error 10: native error (native "remove_entity")
L 12/27/2024 - 01:59:45: [AMXX]    [0] Untitled.sma::Cagar (line 49)
L 12/27/2024 - 01:59:47: [ENGINE] Entity 0 can not be removed
L 12/27/2024 - 01:59:47: [AMXX] Displaying debug trace (plugin "cagar.amxx", version "unknown")
L 12/27/2024 - 01:59:47: [AMXX] Run time error 10: native error (native "remove_entity")
L 12/27/2024 - 01:59:47: [AMXX]    [0] Untitled.sma::Cagar (line 49)
L 12/27/2024 - 01:59:50: [ENGINE] Entity 0 can not be removed
L 12/27/2024 - 01:59:50: [AMXX] Displaying debug trace (plugin "cagar.amxx", version "unknown")
L 12/27/2024 - 01:59:50: [AMXX] Run time error 10: native error (native "remove_entity")
L 12/27/2024 - 01:59:50: [AMXX]    [0] Untitled.sma::Cagar (line 49)
L 12/27/2024 - 01:59:52: [ENGINE] Entity 0 can not be removed
L 12/27/2024 - 01:59:52: [AMXX] Displaying debug trace (plugin "cagar.amxx", version "unknown")
L 12/27/2024 - 01:59:52: [AMXX] Run time error 10: native error (native "remove_entity")
L 12/27/2024 - 01:59:52: [AMXX]    [0] Untitled.sma::Cagar (line 49)
L 12/27/2024 - 02:00:28: [ENGINE] Entity 0 can not be removed
L 12/27/2024 - 02:00:28: [AMXX] Displaying debug trace (plugin "cagar.amxx", version "unknown")
L 12/27/2024 - 02:00:28: [AMXX] Run time error 10: native error (native "remove_entity")
L 12/27/2024 - 02:00:28: [AMXX]    [0] Untitled.sma::Cagar (line 49)
L 12/27/2024 - 02:03:22: [ENGINE] Entity 0 can not be removed
L 12/27/2024 - 02:03:22: [AMXX] Displaying debug trace (plugin "pisspg.amxx", version "2.0")
L 12/27/2024 - 02:03:22: [AMXX] Run time error 10: native error (native "remove_entity")
L 12/27/2024 - 02:03:22: [AMXX]    [0] Untitled.sma::reset_hud (line 446)
L 12/27/2024 - 02:05:15: [ENGINE] Entity 0 can not be removed
L 12/27/2024 - 02:05:15: [AMXX] Displaying debug trace (plugin "pisspg.amxx", version "2.0")
L 12/27/2024 - 02:05:15: [AMXX] Run time error 10: native error (native "remove_entity")
L 12/27/2024 - 02:05:15: [AMXX]    [0] Untitled.sma::reset_hud (line 434)
L 12/27/2024 - 02:07:05: [ENGINE] Entity 0 can not be removed
L 12/27/2024 - 02:07:05: [AMXX] Displaying debug trace (plugin "pisspg.amxx", version "2.0")
L 12/27/2024 - 02:07:05: [AMXX] Run time error 10: native error (native "remove_entity")
L 12/27/2024 - 02:07:05: [AMXX]    [0] Untitled.sma::reset_hud (line 434)
L 12/27/2024 - 02:07:57: [ENGINE] Entity 0 can not be removed
L 12/27/2024 - 02:07:57: [AMXX] Displaying debug trace (plugin "pisspg.amxx", version "2.0")
L 12/27/2024 - 02:07:57: [AMXX] Run time error 10: native error (native "remove_entity")
L 12/27/2024 - 02:07:57: [AMXX]    [0] Untitled.sma::reset_hud (line 434)
L 12/27/2024 - 02:07:57: [AMXX]    [1] Untitled.sma::client_disconnect (line 507)
L 12/27/2024 - 02:08:15: Start of error session.
L 12/27/2024 - 02:08:15: Info (map "soccerjam") (file "addons/amxmodx/logs/error_20241227.log")
L 12/27/2024 - 02:08:15: Invalid player id 0
L 12/27/2024 - 02:08:15: [AMXX] Run time error 10 (plugin "status_monitor.amxx") (native "get_user_info") - debug not enabled!
L 12/27/2024 - 02:08:15: [AMXX] To enable debug mode, add "debug" after the plugin name in plugins.ini (without quotes).
L 12/27/2024 - 02:08:16: Invalid player id 0
L 12/27/2024 - 02:08:16: [AMXX] Run time error 10 (plugin "status_monitor.amxx") (native "get_user_info") - debug not enabled!
L 12/27/2024 - 02:08:16: [AMXX] To enable debug mode, add "debug" after the plugin name in plugins.ini (without quotes).
L 12/27/2024 - 02:08:16: Invalid player id 0
L 12/27/2024 - 02:08:16: [AMXX] Run time error 10 (plugin "status_monitor.amxx") (native "get_user_info") - debug not enabled!
L 12/27/2024 - 02:08:16: [AMXX] To enable debug mode, add "debug" after the plugin name in plugins.ini (without quotes).
L 12/27/2024 - 02:08:22: Invalid player id 0
L 12/27/2024 - 02:08:22: [AMXX] Run time error 10 (plugin "status_monitor.amxx") (native "get_user_info") - debug not enabled!
L 12/27/2024 - 02:08:22: [AMXX] To enable debug mode, add "debug" after the plugin name in plugins.ini (without quotes).
L 12/27/2024 - 02:08:27: Invalid player id 0
L 12/27/2024 - 02:08:27: [AMXX] Run time error 10 (plugin "status_monitor.amxx") (native "get_user_info") - debug not enabled!
L 12/27/2024 - 02:08:27: [AMXX] To enable debug mode, add "debug" after the plugin name in plugins.ini (without quotes).
L 12/27/2024 - 02:08:30: Invalid player id 0
L 12/27/2024 - 02:08:30: [AMXX] Run time error 10 (plugin "status_monitor.amxx") (native "get_user_info") - debug not enabled!
L 12/27/2024 - 02:08:30: [AMXX] To enable debug mode, add "debug" after the plugin name in plugins.ini (without quotes).
L 12/27/2024 - 02:37:34: Invalid player id 0
L 12/27/2024 - 02:37:34: [AMXX] Run time error 10 (plugin "status_monitor.amxx") (native "get_user_info") - debug not enabled!
L 12/27/2024 - 02:37:34: [AMXX] To enable debug mode, add "debug" after the plugin name in plugins.ini (without quotes).
L 12/27/2024 - 02:43:13: Invalid player id 0
L 12/27/2024 - 02:43:13: [AMXX] Run time error 10 (plugin "status_monitor.amxx") (native "get_user_info") - debug not enabled!
L 12/27/2024 - 02:43:13: [AMXX] To enable debug mode, add "debug" after the plugin name in plugins.ini (without quotes).
L 12/27/2024 - 02:43:49: Start of error session.
L 12/27/2024 - 02:43:49: Info (map "de_dust2") (file "addons/amxmodx/logs/error_20241227.log")
L 12/27/2024 - 02:43:49: Invalid player id 0
L 12/27/2024 - 02:43:49: [AMXX] Run time error 10 (plugin "status_monitor.amxx") (native "get_user_info") - debug not enabled!
L 12/27/2024 - 02:43:49: [AMXX] To enable debug mode, add "debug" after the plugin name in plugins.ini (without quotes).
L 12/27/2024 - 02:43:49: Invalid player id 0
L 12/27/2024 - 02:43:49: [AMXX] Run time error 10 (plugin "status_monitor.amxx") (native "get_user_info") - debug not enabled!
L 12/27/2024 - 02:43:49: [AMXX] To enable debug mode, add "debug" after the plugin name in plugins.ini (without quotes).
L 12/27/2024 - 02:43:50: Invalid player id 0
L 12/27/2024 - 02:43:50: [AMXX] Run time error 10 (plugin "status_monitor.amxx") (native "get_user_info") - debug not enabled!
L 12/27/2024 - 02:43:50: [AMXX] To enable debug mode, add "debug" after the plugin name in plugins.ini (without quotes).
L 12/27/2024 - 02:43:52: Invalid player id 0
L 12/27/2024 - 02:43:52: [AMXX] Run time error 10 (plugin "status_monitor.amxx") (native "get_user_info") - debug not enabled!
L 12/27/2024 - 02:43:52: [AMXX] To enable debug mode, add "debug" after the plugin name in plugins.ini (without quotes).
L 12/27/2024 - 02:43:52: Invalid player id 0
L 12/27/2024 - 02:43:52: [AMXX] Run time error 10 (plugin "status_monitor.amxx") (native "get_user_info") - debug not enabled!
L 12/27/2024 - 02:43:52: [AMXX] To enable debug mode, add "debug" after the plugin name in plugins.ini (without quotes).
L 12/27/2024 - 02:43:54: Invalid player id 0
L 12/27/2024 - 02:43:54: [AMXX] Run time error 10 (plugin "status_monitor.amxx") (native "get_user_info") - debug not enabled!
L 12/27/2024 - 02:43:54: [AMXX] To enable debug mode, add "debug" after the plugin name in plugins.ini (without quotes).
L 12/27/2024 - 02:43:58: Invalid player id 0
L 12/27/2024 - 02:43:58: [AMXX] Run time error 10 (plugin "status_monitor.amxx") (native "get_user_info") - debug not enabled!
L 12/27/2024 - 02:43:58: [AMXX] To enable debug mode, add "debug" after the plugin name in plugins.ini (without quotes).
L 12/27/2024 - 02:45:09: Invalid player id 0
L 12/27/2024 - 02:45:09: [AMXX] Run time error 10 (plugin "status_monitor.amxx") (native "get_user_info") - debug not enabled!
L 12/27/2024 - 02:45:09: [AMXX] To enable debug mode, add "debug" after the plugin name in plugins.ini (without quotes).
L 12/27/2024 - 02:45:47: Start of error session.
L 12/27/2024 - 02:45:47: Info (map "de_dust2") (file "addons/amxmodx/logs/error_20241227.log")
L 12/27/2024 - 02:45:47: Invalid player id 0
L 12/27/2024 - 02:45:47: [AMXX] Run time error 10 (plugin "status_monitor.amxx") (native "get_user_info") - debug not enabled!
L 12/27/2024 - 02:45:47: [AMXX] To enable debug mode, add "debug" after the plugin name in plugins.ini (without quotes).
L 12/27/2024 - 02:45:47: Invalid player id 0
L 12/27/2024 - 02:45:47: [AMXX] Run time error 10 (plugin "status_monitor.amxx") (native "get_user_info") - debug not enabled!
L 12/27/2024 - 02:45:47: [AMXX] To enable debug mode, add "debug" after the plugin name in plugins.ini (without quotes).
L 12/27/2024 - 02:45:47: Invalid player id 0
L 12/27/2024 - 02:45:47: [AMXX] Run time error 10 (plugin "status_monitor.amxx") (native "get_user_info") - debug not enabled!
L 12/27/2024 - 02:45:47: [AMXX] To enable debug mode, add "debug" after the plugin name in plugins.ini (without quotes).
L 12/27/2024 - 02:45:47: Invalid player id 0
L 12/27/2024 - 02:45:47: [AMXX] Run time error 10 (plugin "status_monitor.amxx") (native "get_user_info") - debug not enabled!
L 12/27/2024 - 02:45:47: [AMXX] To enable debug mode, add "debug" after the plugin name in plugins.ini (without quotes).
L 12/27/2024 - 02:45:47: Invalid player id 0
L 12/27/2024 - 02:45:47: [AMXX] Run time error 10 (plugin "status_monitor.amxx") (native "get_user_info") - debug not enabled!
L 12/27/2024 - 02:45:47: [AMXX] To enable debug mode, add "debug" after the plugin name in plugins.ini (without quotes).
L 12/27/2024 - 02:45:47: Invalid player id 0
L 12/27/2024 - 02:45:47: [AMXX] Run time error 10 (plugin "status_monitor.amxx") (native "get_user_info") - debug not enabled!
L 12/27/2024 - 02:45:47: [AMXX] To enable debug mode, add "debug" after the plugin name in plugins.ini (without quotes).
L 12/27/2024 - 02:45:50: Invalid player id 0
L 12/27/2024 - 02:45:50: [AMXX] Run time error 10 (plugin "status_monitor.amxx") (native "get_user_info") - debug not enabled!
L 12/27/2024 - 02:45:50: [AMXX] To enable debug mode, add "debug" after the plugin name in plugins.ini (without quotes).
L 12/27/2024 - 02:46:23: Invalid player id 0
L 12/27/2024 - 02:46:23: [AMXX] Run time error 10 (plugin "status_monitor.amxx") (native "get_user_info") - debug not enabled!
L 12/27/2024 - 02:46:23: [AMXX] To enable debug mode, add "debug" after the plugin name in plugins.ini (without quotes).
L 12/27/2024 - 02:55:28: Invalid player id 0
L 12/27/2024 - 02:55:28: [AMXX] Run time error 10 (plugin "status_monitor.amxx") (native "get_user_info") - debug not enabled!
L 12/27/2024 - 02:55:28: [AMXX] To enable debug mode, add "debug" after the plugin name in plugins.ini (without quotes).
L 12/27/2024 - 03:00:39: String formatted incorrectly - parameter 6 (total 5)
L 12/27/2024 - 03:00:39: [AMXX] Run time error 25 (plugin "adminhelp.amxx") - debug not enabled!
L 12/27/2024 - 03:00:39: [AMXX] To enable debug mode, add "debug" after the plugin name in plugins.ini (without quotes).
L 12/27/2024 - 03:02:05: Start of error session.
L 12/27/2024 - 03:02:05: Info (map "fy_chavo") (file "addons/amxmodx/logs/error_20241227.log")
L 12/27/2024 - 03:02:05: Invalid player id 0
L 12/27/2024 - 03:02:05: [AMXX] Run time error 10 (plugin "status_monitor.amxx") (native "get_user_info") - debug not enabled!
L 12/27/2024 - 03:02:05: [AMXX] To enable debug mode, add "debug" after the plugin name in plugins.ini (without quotes).
L 12/27/2024 - 03:02:06: Invalid player id 0
L 12/27/2024 - 03:02:06: [AMXX] Run time error 10 (plugin "status_monitor.amxx") (native "get_user_info") - debug not enabled!
L 12/27/2024 - 03:02:06: [AMXX] To enable debug mode, add "debug" after the plugin name in plugins.ini (without quotes).
L 12/27/2024 - 03:02:06: Invalid player id 0
L 12/27/2024 - 03:02:06: [AMXX] Run time error 10 (plugin "status_monitor.amxx") (native "get_user_info") - debug not enabled!
L 12/27/2024 - 03:02:06: [AMXX] To enable debug mode, add "debug" after the plugin name in plugins.ini (without quotes).
L 12/27/2024 - 03:02:10: Invalid player id 0
L 12/27/2024 - 03:02:10: [AMXX] Run time error 10 (plugin "status_monitor.amxx") (native "get_user_info") - debug not enabled!
L 12/27/2024 - 03:02:10: [AMXX] To enable debug mode, add "debug" after the plugin name in plugins.ini (without quotes).
L 12/27/2024 - 03:02:11: Invalid player id 0
L 12/27/2024 - 03:02:11: [AMXX] Run time error 10 (plugin "status_monitor.amxx") (native "get_user_info") - debug not enabled!
L 12/27/2024 - 03:02:11: [AMXX] To enable debug mode, add "debug" after the plugin name in plugins.ini (without quotes).
L 12/27/2024 - 03:03:18: String formatted incorrectly - parameter 6 (total 5)
L 12/27/2024 - 03:03:18: [AMXX] Run time error 25 (plugin "adminhelp.amxx") - debug not enabled!
L 12/27/2024 - 03:03:18: [AMXX] To enable debug mode, add "debug" after the plugin name in plugins.ini (without quotes).
L 12/27/2024 - 03:03:49: Start of error session.
L 12/27/2024 - 03:03:49: Info (map "fy_chavo") (file "addons/amxmodx/logs/error_20241227.log")
L 12/27/2024 - 03:03:49: Invalid player id 0
L 12/27/2024 - 03:03:49: [AMXX] Run time error 10 (plugin "status_monitor.amxx") (native "get_user_info") - debug not enabled!
L 12/27/2024 - 03:03:49: [AMXX] To enable debug mode, add "debug" after the plugin name in plugins.ini (without quotes).
L 12/27/2024 - 03:03:49: Invalid player id 0
L 12/27/2024 - 03:03:49: [AMXX] Run time error 10 (plugin "status_monitor.amxx") (native "get_user_info") - debug not enabled!
L 12/27/2024 - 03:03:49: [AMXX] To enable debug mode, add "debug" after the plugin name in plugins.ini (without quotes).
L 12/27/2024 - 03:03:50: Invalid player id 0
L 12/27/2024 - 03:03:50: [AMXX] Run time error 10 (plugin "status_monitor.amxx") (native "get_user_info") - debug not enabled!
L 12/27/2024 - 03:03:50: [AMXX] To enable debug mode, add "debug" after the plugin name in plugins.ini (without quotes).
L 12/27/2024 - 03:03:50: Invalid player id 0
L 12/27/2024 - 03:03:50: [AMXX] Run time error 10 (plugin "status_monitor.amxx") (native "get_user_info") - debug not enabled!
L 12/27/2024 - 03:03:50: [AMXX] To enable debug mode, add "debug" after the plugin name in plugins.ini (without quotes).
L 12/27/2024 - 03:03:52: Invalid player id 0
L 12/27/2024 - 03:03:52: [AMXX] Run time error 10 (plugin "status_monitor.amxx") (native "get_user_info") - debug not enabled!
L 12/27/2024 - 03:03:52: [AMXX] To enable debug mode, add "debug" after the plugin name in plugins.ini (without quotes).
L 12/27/2024 - 03:04:07: String formatted incorrectly - parameter 6 (total 5)
L 12/27/2024 - 03:04:07: [AMXX] Run time error 25 (plugin "adminhelp.amxx") - debug not enabled!
L 12/27/2024 - 03:04:07: [AMXX] To enable debug mode, add "debug" after the plugin name in plugins.ini (without quotes).
L 12/27/2024 - 03:06:07: String formatted incorrectly - parameter 6 (total 5)
L 12/27/2024 - 03:06:07: [AMXX] Run time error 25 (plugin "adminhelp.amxx") - debug not enabled!
L 12/27/2024 - 03:06:07: [AMXX] To enable debug mode, add "debug" after the plugin name in plugins.ini (without quotes).
L 12/27/2024 - 03:06:11: String formatted incorrectly - parameter 6 (total 5)
L 12/27/2024 - 03:06:11: [AMXX] Run time error 25 (plugin "adminhelp.amxx") - debug not enabled!
L 12/27/2024 - 03:06:11: [AMXX] To enable debug mode, add "debug" after the plugin name in plugins.ini (without quotes).
L 12/27/2024 - 03:06:39: String formatted incorrectly - parameter 6 (total 5)
L 12/27/2024 - 03:06:39: [AMXX] Run time error 25 (plugin "adminhelp.amxx") - debug not enabled!
L 12/27/2024 - 03:06:39: [AMXX] To enable debug mode, add "debug" after the plugin name in plugins.ini (without quotes).
L 12/27/2024 - 03:09:21: String formatted incorrectly - parameter 6 (total 5)
L 12/27/2024 - 03:09:21: [AMXX] Run time error 25 (plugin "adminhelp.amxx") - debug not enabled!
L 12/27/2024 - 03:09:21: [AMXX] To enable debug mode, add "debug" after the plugin name in plugins.ini (without quotes).
L 12/27/2024 - 03:09:35: String formatted incorrectly - parameter 6 (total 5)
L 12/27/2024 - 03:09:35: [AMXX] Run time error 25 (plugin "adminhelp.amxx") - debug not enabled!
L 12/27/2024 - 03:09:35: [AMXX] To enable debug mode, add "debug" after the plugin name in plugins.ini (without quotes).
L 12/27/2024 - 03:09:49: String formatted incorrectly - parameter 6 (total 5)
L 12/27/2024 - 03:09:49: [AMXX] Run time error 25 (plugin "adminhelp.amxx") - debug not enabled!
L 12/27/2024 - 03:09:49: [AMXX] To enable debug mode, add "debug" after the plugin name in plugins.ini (without quotes).
L 12/27/2024 - 03:10:02: String formatted incorrectly - parameter 6 (total 5)
L 12/27/2024 - 03:10:02: [AMXX] Run time error 25 (plugin "adminhelp.amxx") - debug not enabled!
L 12/27/2024 - 03:10:02: [AMXX] To enable debug mode, add "debug" after the plugin name in plugins.ini (without quotes).
L 12/27/2024 - 03:10:38: String formatted incorrectly - parameter 6 (total 5)
L 12/27/2024 - 03:10:38: [AMXX] Run time error 25 (plugin "adminhelp.amxx") - debug not enabled!
L 12/27/2024 - 03:10:38: [AMXX] To enable debug mode, add "debug" after the plugin name in plugins.ini (without quotes).
L 12/27/2024 - 03:10:44: String formatted incorrectly - parameter 6 (total 5)
L 12/27/2024 - 03:10:44: [AMXX] Run time error 25 (plugin "adminhelp.amxx") - debug not enabled!
L 12/27/2024 - 03:10:44: [AMXX] To enable debug mode, add "debug" after the plugin name in plugins.ini (without quotes).
L 12/27/2024 - 03:10:58: String formatted incorrectly - parameter 6 (total 5)
L 12/27/2024 - 03:10:58: [AMXX] Run time error 25 (plugin "adminhelp.amxx") - debug not enabled!
L 12/27/2024 - 03:10:58: [AMXX] To enable debug mode, add "debug" after the plugin name in plugins.ini (without quotes).
L 12/27/2024 - 03:11:04: String formatted incorrectly - parameter 5 (total 4)
L 12/27/2024 - 03:11:04: [AMXX] Run time error 25 (plugin "adminhelp.amxx") - debug not enabled!
L 12/27/2024 - 03:11:04: [AMXX] To enable debug mode, add "debug" after the plugin name in plugins.ini (without quotes).
L 12/27/2024 - 03:20:18: Invalid player id 0
L 12/27/2024 - 03:20:18: [AMXX] Run time error 10 (plugin "status_monitor.amxx") (native "get_user_info") - debug not enabled!
L 12/27/2024 - 03:20:18: [AMXX] To enable debug mode, add "debug" after the plugin name in plugins.ini (without quotes).
L 12/27/2024 - 03:24:17: Start of error session.
L 12/27/2024 - 03:24:17: Info (map "mini_dust2") (file "addons/amxmodx/logs/error_20241227.log")
L 12/27/2024 - 03:24:17: Invalid player id 0
L 12/27/2024 - 03:24:17: [AMXX] Run time error 10 (plugin "status_monitor.amxx") (native "get_user_info") - debug not enabled!
L 12/27/2024 - 03:24:17: [AMXX] To enable debug mode, add "debug" after the plugin name in plugins.ini (without quotes).
L 12/27/2024 - 09:37:44: Start of error session.
L 12/27/2024 - 09:37:44: Info (map "awp_india") (file "addons/amxmodx/logs/error_20241227.log")
L 12/27/2024 - 09:37:44: Invalid player id 0
L 12/27/2024 - 09:37:44: [AMXX] Run time error 10 (plugin "status_monitor.amxx") (native "get_user_info") - debug not enabled!
L 12/27/2024 - 09:37:44: [AMXX] To enable debug mode, add "debug" after the plugin name in plugins.ini (without quotes).
L 12/27/2024 - 09:40:38: String formatted incorrectly - parameter 6 (total 5)
L 12/27/2024 - 09:40:38: [AMXX] Run time error 25 (plugin "adminhelp.amxx") - debug not enabled!
L 12/27/2024 - 09:40:38: [AMXX] To enable debug mode, add "debug" after the plugin name in plugins.ini (without quotes).
L 12/27/2024 - 09:42:15: Start of error session.
L 12/27/2024 - 09:42:15: Info (map "he_dodgeball2") (file "addons/amxmodx/logs/error_20241227.log")
L 12/27/2024 - 09:42:15: Invalid player id 0
L 12/27/2024 - 09:42:15: [AMXX] Run time error 10 (plugin "status_monitor.amxx") (native "get_user_info") - debug not enabled!
L 12/27/2024 - 09:42:15: [AMXX] To enable debug mode, add "debug" after the plugin name in plugins.ini (without quotes).
L 12/27/2024 - 09:59:13: Start of error session.
L 12/27/2024 - 09:59:13: Info (map "rubaka_2forts") (file "addons/amxmodx/logs/error_20241227.log")
L 12/27/2024 - 09:59:13: Invalid player id 0
L 12/27/2024 - 09:59:13: [AMXX] Run time error 10 (plugin "status_monitor.amxx") (native "get_user_info") - debug not enabled!
L 12/27/2024 - 09:59:13: [AMXX] To enable debug mode, add "debug" after the plugin name in plugins.ini (without quotes).
L 12/27/2024 - 09:59:13: Invalid player id 0
L 12/27/2024 - 09:59:13: [AMXX] Run time error 10 (plugin "status_monitor.amxx") (native "get_user_info") - debug not enabled!
L 12/27/2024 - 09:59:13: [AMXX] To enable debug mode, add "debug" after the plugin name in plugins.ini (without quotes).
L 12/27/2024 - 10:21:05: Start of error session.
L 12/27/2024 - 10:21:05: Info (map "rubaka_orange_x") (file "addons/amxmodx/logs/error_20241227.log")
L 12/27/2024 - 10:21:05: Invalid player id 0
L 12/27/2024 - 10:21:05: [AMXX] Run time error 10 (plugin "status_monitor.amxx") (native "get_user_info") - debug not enabled!
L 12/27/2024 - 10:21:05: [AMXX] To enable debug mode, add "debug" after the plugin name in plugins.ini (without quotes).
L 12/27/2024 - 10:21:05: Invalid player id 0
L 12/27/2024 - 10:21:05: [AMXX] Run time error 10 (plugin "status_monitor.amxx") (native "get_user_info") - debug not enabled!
L 12/27/2024 - 10:21:05: [AMXX] To enable debug mode, add "debug" after the plugin name in plugins.ini (without quotes).
L 12/27/2024 - 11:45:40: Start of error session.
L 12/27/2024 - 11:45:40: Info (map "jb_projetocs") (file "addons/amxmodx/logs/error_20241227.log")
L 12/27/2024 - 11:45:40: [AMXX] Displaying debug trace (plugin "cagar.amxx", version "unknown")
L 12/27/2024 - 11:45:40: [AMXX] Run time error 4: index out of bounds 
L 12/27/2024 - 11:45:40: [AMXX]    [0] Untitled.sma::plugin_precache (line 30)
L 12/27/2024 - 12:10:56: Start of error session.
L 12/27/2024 - 12:10:56: Info (map "jail_greytown") (file "addons/amxmodx/logs/error_20241227.log")
L 12/27/2024 - 12:10:56: [AMXX] Displaying debug trace (plugin "cagar.amxx", version "unknown")
L 12/27/2024 - 12:10:56: [AMXX] Run time error 4: index out of bounds 
L 12/27/2024 - 12:10:56: [AMXX]    [0] Untitled.sma::plugin_precache (line 30)
L 12/27/2024 - 12:30:34: Start of error session.
L 12/27/2024 - 12:30:34: Info (map "de_dust2") (file "addons/amxmodx/logs/error_20241227.log")
L 12/27/2024 - 12:30:34: Invalid player id 0
L 12/27/2024 - 12:30:34: [AMXX] Run time error 10 (plugin "status_monitor.amxx") (native "get_user_info") - debug not enabled!
L 12/27/2024 - 12:30:34: [AMXX] To enable debug mode, add "debug" after the plugin name in plugins.ini (without quotes).
L 12/27/2024 - 12:39:12: Start of error session.
L 12/27/2024 - 12:39:12: Info (map "de_dust2") (file "addons/amxmodx/logs/error_20241227.log")
L 12/27/2024 - 12:39:12: Invalid player id 0
L 12/27/2024 - 12:39:12: [AMXX] Run time error 10 (plugin "status_monitor.amxx") (native "get_user_info") - debug not enabled!
L 12/27/2024 - 12:39:12: [AMXX] To enable debug mode, add "debug" after the plugin name in plugins.ini (without quotes).
L 12/27/2024 - 12:41:16: Start of error session.
L 12/27/2024 - 12:41:16: Info (map "deathrun_poolday") (file "addons/amxmodx/logs/error_20241227.log")
L 12/27/2024 - 12:41:16: Invalid player id 0
L 12/27/2024 - 12:41:16: [AMXX] Run time error 10 (plugin "status_monitor.amxx") (native "get_user_info") - debug not enabled!
L 12/27/2024 - 12:41:16: [AMXX] To enable debug mode, add "debug" after the plugin name in plugins.ini (without quotes).
L 12/27/2024 - 12:42:39: Invalid player id 0
L 12/27/2024 - 12:42:39: [AMXX] Run time error 10 (plugin "status_monitor.amxx") (native "get_user_info") - debug not enabled!
L 12/27/2024 - 12:42:39: [AMXX] To enable debug mode, add "debug" after the plugin name in plugins.ini (without quotes).
L 12/27/2024 - 15:43:53: Start of error session.
L 12/27/2024 - 15:43:53: Info (map "!vip_truck") (file "addons/amxmodx/logs/error_20241227.log")
L 12/27/2024 - 15:43:53: Invalid player id 0
L 12/27/2024 - 15:43:53: [AMXX] Run time error 10 (plugin "status_monitor.amxx") (native "get_user_info") - debug not enabled!
L 12/27/2024 - 15:43:53: [AMXX] To enable debug mode, add "debug" after the plugin name in plugins.ini (without quotes).
L 12/27/2024 - 20:46:52: Start of error session.
L 12/27/2024 - 20:46:52: Info (map "mini_dust_pro") (file "addons/amxmodx/logs/error_20241227.log")
L 12/27/2024 - 20:46:52: Invalid player id 0
L 12/27/2024 - 20:46:52: [AMXX] Run time error 10 (plugin "status_monitor.amxx") (native "get_user_info") - debug not enabled!
L 12/27/2024 - 20:46:52: [AMXX] To enable debug mode, add "debug" after the plugin name in plugins.ini (without quotes).
L 12/27/2024 - 23:30:28: Start of error session.
L 12/27/2024 - 23:30:28: Info (map "mini_dust2") (file "addons/amxmodx/logs/error_20241227.log")
L 12/27/2024 - 23:30:28: Invalid player id 0
L 12/27/2024 - 23:30:28: [AMXX] Run time error 10 (plugin "status_monitor.amxx") (native "get_user_info") - debug not enabled!
L 12/27/2024 - 23:30:28: [AMXX] To enable debug mode, add "debug" after the plugin name in plugins.ini (without quotes).
L 12/27/2024 - 23:32:25: Start of error session.
L 12/27/2024 - 23:32:25: Info (map "rubaka_orange_x") (file "addons/amxmodx/logs/error_20241227.log")
L 12/27/2024 - 23:32:25: Invalid player id 0
L 12/27/2024 - 23:32:25: [AMXX] Run time error 10 (plugin "status_monitor.amxx") (native "get_user_info") - debug not enabled!
L 12/27/2024 - 23:32:25: [AMXX] To enable debug mode, add "debug" after the plugin name in plugins.ini (without quotes).
L 12/27/2024 - 23:33:04: Invalid player id 0
L 12/27/2024 - 23:33:04: [AMXX] Run time error 10 (plugin "status_monitor.amxx") (native "get_user_info") - debug not enabled!
L 12/27/2024 - 23:33:04: [AMXX] To enable debug mode, add "debug" after the plugin name in plugins.ini (without quotes).
L 12/27/2024 - 23:33:04: Invalid player id 0
L 12/27/2024 - 23:33:04: [AMXX] Run time error 10 (plugin "status_monitor.amxx") (native "get_user_info") - debug not enabled!
L 12/27/2024 - 23:33:04: [AMXX] To enable debug mode, add "debug" after the plugin name in plugins.ini (without quotes).
L 12/27/2024 - 23:33:52: Invalid player id 0
L 12/27/2024 - 23:33:52: [AMXX] Run time error 10 (plugin "status_monitor.amxx") (native "get_user_info") - debug not enabled!
L 12/27/2024 - 23:33:52: [AMXX] To enable debug mode, add "debug" after the plugin name in plugins.ini (without quotes).
