L 01/20/2025 - 00:19:35: Start of error session.
L 01/20/2025 - 00:19:35: Info (map "de_dust2") (file "addons/amxmodx/logs/error_20250120.log")
L 01/20/2025 - 00:19:35: [AMXX] Plugin ("cucarachas_main.amxx") is setting itself as failed.
L 01/20/2025 - 00:19:35: [AMXX] Plugin says: Utiliza el Map Tool para adaptar este mapa a Cuca Mod.
L 01/20/2025 - 00:19:35: [AMXX] Run time error 1 (plugin "cucarachas_main.amxx") - forced exit
L 01/20/2025 - 00:19:35: Called dynanative into a paused plugin.
L 01/20/2025 - 00:19:35: [AMXX] Run time error 10 (plugin "cucarachas_extras.amxx") (native "cm_register_extra_item") - debug not enabled!
L 01/20/2025 - 00:19:35: [AMXX] To enable debug mode, add "debug" after the plugin name in plugins.ini (without quotes).
L 01/20/2025 - 00:40:45: Start of error session.
L 01/20/2025 - 00:40:45: Info (map "de_inferno") (file "addons/amxmodx/logs/error_20250120.log")
L 01/20/2025 - 00:40:45: [AMXX] Plugin ("cucarachas_main.amxx") is setting itself as failed.
L 01/20/2025 - 00:40:45: [AMXX] Plugin says: Utiliza el Map Tool para adaptar este mapa a Cuca Mod.
L 01/20/2025 - 00:40:45: [AMXX] Run time error 1 (plugin "cucarachas_main.amxx") - forced exit
L 01/20/2025 - 00:40:45: Called dynanative into a paused plugin.
L 01/20/2025 - 00:40:45: [AMXX] Run time error 10 (plugin "cucarachas_extras.amxx") (native "cm_register_extra_item") - debug not enabled!
L 01/20/2025 - 00:40:45: [AMXX] To enable debug mode, add "debug" after the plugin name in plugins.ini (without quotes).
L 01/20/2025 - 01:01:55: Start of error session.
L 01/20/2025 - 01:01:55: Info (map "de_dust2") (file "addons/amxmodx/logs/error_20250120.log")
L 01/20/2025 - 01:01:55: [AMXX] Plugin ("cucarachas_main.amxx") is setting itself as failed.
L 01/20/2025 - 01:01:55: [AMXX] Plugin says: Utiliza el Map Tool para adaptar este mapa a Cuca Mod.
L 01/20/2025 - 01:01:55: [AMXX] Run time error 1 (plugin "cucarachas_main.amxx") - forced exit
L 01/20/2025 - 01:01:55: Called dynanative into a paused plugin.
L 01/20/2025 - 01:01:55: [AMXX] Run time error 10 (plugin "cucarachas_extras.amxx") (native "cm_register_extra_item") - debug not enabled!
L 01/20/2025 - 01:01:55: [AMXX] To enable debug mode, add "debug" after the plugin name in plugins.ini (without quotes).
L 01/20/2025 - 01:16:05: Start of error session.
L 01/20/2025 - 01:16:05: Info (map "de_dust2") (file "addons/amxmodx/logs/error_20250120.log")
L 01/20/2025 - 01:16:05: [AMXX] Plugin ("cucarachas_main.amxx") is setting itself as failed.
L 01/20/2025 - 01:16:05: [AMXX] Plugin says: Utiliza el Map Tool para adaptar este mapa a Cuca Mod.
L 01/20/2025 - 01:16:05: [AMXX] Run time error 1 (plugin "cucarachas_main.amxx") - forced exit
L 01/20/2025 - 01:16:05: Called dynanative into a paused plugin.
L 01/20/2025 - 01:16:05: [AMXX] Run time error 10 (plugin "cucarachas_extras.amxx") (native "cm_register_extra_item") - debug not enabled!
L 01/20/2025 - 01:16:05: [AMXX] To enable debug mode, add "debug" after the plugin name in plugins.ini (without quotes).
L 01/20/2025 - 01:19:28: Start of error session.
L 01/20/2025 - 01:19:28: Info (map "sj_trix_zone") (file "addons/amxmodx/logs/error_20250120.log")
L 01/20/2025 - 01:19:28: [AMXX] Plugin ("cucarachas_main.amxx") is setting itself as failed.
L 01/20/2025 - 01:19:28: [AMXX] Plugin says: Utiliza el Map Tool para adaptar este mapa a Cuca Mod.
L 01/20/2025 - 01:19:28: [AMXX] Run time error 1 (plugin "cucarachas_main.amxx") - forced exit
L 01/20/2025 - 01:19:28: Called dynanative into a paused plugin.
L 01/20/2025 - 01:19:28: [AMXX] Run time error 10 (plugin "cucarachas_extras.amxx") (native "cm_register_extra_item") - debug not enabled!
L 01/20/2025 - 01:19:28: [AMXX] To enable debug mode, add "debug" after the plugin name in plugins.ini (without quotes).
L 01/20/2025 - 01:55:46: Start of error session.
L 01/20/2025 - 01:55:46: Info (map "cs_assault") (file "addons/amxmodx/logs/error_20250120.log")
L 01/20/2025 - 01:55:46: [AMXX] Plugin ("cucarachas_main.amxx") is setting itself as failed.
L 01/20/2025 - 01:55:46: [AMXX] Plugin says: Utiliza el Map Tool para adaptar este mapa a Cuca Mod.
L 01/20/2025 - 01:55:46: [AMXX] Run time error 1 (plugin "cucarachas_main.amxx") - forced exit
L 01/20/2025 - 01:55:46: Called dynanative into a paused plugin.
L 01/20/2025 - 01:55:46: [AMXX] Run time error 10 (plugin "cucarachas_extras.amxx") (native "cm_register_extra_item") - debug not enabled!
L 01/20/2025 - 01:55:46: [AMXX] To enable debug mode, add "debug" after the plugin name in plugins.ini (without quotes).
L 01/20/2025 - 02:14:56: Start of error session.
L 01/20/2025 - 02:14:56: Info (map "de_chateau") (file "addons/amxmodx/logs/error_20250120.log")
L 01/20/2025 - 02:14:56: [AMXX] Plugin ("cucarachas_main.amxx") is setting itself as failed.
L 01/20/2025 - 02:14:56: [AMXX] Plugin says: Utiliza el Map Tool para adaptar este mapa a Cuca Mod.
L 01/20/2025 - 02:14:56: [AMXX] Run time error 1 (plugin "cucarachas_main.amxx") - forced exit
L 01/20/2025 - 02:14:56: Called dynanative into a paused plugin.
L 01/20/2025 - 02:14:56: [AMXX] Run time error 10 (plugin "cucarachas_extras.amxx") (native "cm_register_extra_item") - debug not enabled!
L 01/20/2025 - 02:14:56: [AMXX] To enable debug mode, add "debug" after the plugin name in plugins.ini (without quotes).
L 01/20/2025 - 02:34:06: Start of error session.
L 01/20/2025 - 02:34:06: Info (map "cs_assault") (file "addons/amxmodx/logs/error_20250120.log")
L 01/20/2025 - 02:34:06: [AMXX] Plugin ("cucarachas_main.amxx") is setting itself as failed.
L 01/20/2025 - 02:34:06: [AMXX] Plugin says: Utiliza el Map Tool para adaptar este mapa a Cuca Mod.
L 01/20/2025 - 02:34:06: [AMXX] Run time error 1 (plugin "cucarachas_main.amxx") - forced exit
L 01/20/2025 - 02:34:06: Called dynanative into a paused plugin.
L 01/20/2025 - 02:34:06: [AMXX] Run time error 10 (plugin "cucarachas_extras.amxx") (native "cm_register_extra_item") - debug not enabled!
L 01/20/2025 - 02:34:06: [AMXX] To enable debug mode, add "debug" after the plugin name in plugins.ini (without quotes).
L 01/20/2025 - 02:53:16: Start of error session.
L 01/20/2025 - 02:53:16: Info (map "rubaka_2forts") (file "addons/amxmodx/logs/error_20250120.log")
L 01/20/2025 - 02:53:16: [AMXX] Plugin ("cucarachas_main.amxx") is setting itself as failed.
L 01/20/2025 - 02:53:16: [AMXX] Plugin says: Utiliza el Map Tool para adaptar este mapa a Cuca Mod.
L 01/20/2025 - 02:53:16: [AMXX] Run time error 1 (plugin "cucarachas_main.amxx") - forced exit
L 01/20/2025 - 02:53:16: Called dynanative into a paused plugin.
L 01/20/2025 - 02:53:16: [AMXX] Run time error 10 (plugin "cucarachas_extras.amxx") (native "cm_register_extra_item") - debug not enabled!
L 01/20/2025 - 02:53:16: [AMXX] To enable debug mode, add "debug" after the plugin name in plugins.ini (without quotes).
L 01/20/2025 - 03:14:58: Start of error session.
L 01/20/2025 - 03:14:58: Info (map "35hp_gx") (file "addons/amxmodx/logs/error_20250120.log")
L 01/20/2025 - 03:14:58: [AMXX] Plugin ("cucarachas_main.amxx") is setting itself as failed.
L 01/20/2025 - 03:14:58: [AMXX] Plugin says: Utiliza el Map Tool para adaptar este mapa a Cuca Mod.
L 01/20/2025 - 03:14:58: [AMXX] Run time error 1 (plugin "cucarachas_main.amxx") - forced exit
L 01/20/2025 - 03:14:58: Called dynanative into a paused plugin.
L 01/20/2025 - 03:14:58: [AMXX] Run time error 10 (plugin "cucarachas_extras.amxx") (native "cm_register_extra_item") - debug not enabled!
L 01/20/2025 - 03:14:58: [AMXX] To enable debug mode, add "debug" after the plugin name in plugins.ini (without quotes).
L 01/20/2025 - 03:36:41: Start of error session.
L 01/20/2025 - 03:36:41: Info (map "happyvalley_2nd_lt") (file "addons/amxmodx/logs/error_20250120.log")
L 01/20/2025 - 03:36:41: [AMXX] Plugin ("cucarachas_main.amxx") is setting itself as failed.
L 01/20/2025 - 03:36:41: [AMXX] Plugin says: Utiliza el Map Tool para adaptar este mapa a Cuca Mod.
L 01/20/2025 - 03:36:41: [AMXX] Run time error 1 (plugin "cucarachas_main.amxx") - forced exit
L 01/20/2025 - 03:36:41: Called dynanative into a paused plugin.
L 01/20/2025 - 03:36:41: [AMXX] Run time error 10 (plugin "cucarachas_extras.amxx") (native "cm_register_extra_item") - debug not enabled!
L 01/20/2025 - 03:36:41: [AMXX] To enable debug mode, add "debug" after the plugin name in plugins.ini (without quotes).
L 01/20/2025 - 03:57:51: Start of error session.
L 01/20/2025 - 03:57:51: Info (map "skariz_brainhard2") (file "addons/amxmodx/logs/error_20250120.log")
L 01/20/2025 - 03:57:51: [AMXX] Plugin ("cucarachas_main.amxx") is setting itself as failed.
L 01/20/2025 - 03:57:51: [AMXX] Plugin says: Utiliza el Map Tool para adaptar este mapa a Cuca Mod.
L 01/20/2025 - 03:57:51: [AMXX] Run time error 1 (plugin "cucarachas_main.amxx") - forced exit
L 01/20/2025 - 03:57:51: Called dynanative into a paused plugin.
L 01/20/2025 - 03:57:51: [AMXX] Run time error 10 (plugin "cucarachas_extras.amxx") (native "cm_register_extra_item") - debug not enabled!
L 01/20/2025 - 03:57:51: [AMXX] To enable debug mode, add "debug" after the plugin name in plugins.ini (without quotes).
L 01/20/2025 - 04:19:01: Start of error session.
L 01/20/2025 - 04:19:01: Info (map "happyvalley_2nd_lt") (file "addons/amxmodx/logs/error_20250120.log")
L 01/20/2025 - 04:19:01: [AMXX] Plugin ("cucarachas_main.amxx") is setting itself as failed.
L 01/20/2025 - 04:19:01: [AMXX] Plugin says: Utiliza el Map Tool para adaptar este mapa a Cuca Mod.
L 01/20/2025 - 04:19:01: [AMXX] Run time error 1 (plugin "cucarachas_main.amxx") - forced exit
L 01/20/2025 - 04:19:01: Called dynanative into a paused plugin.
L 01/20/2025 - 04:19:01: [AMXX] Run time error 10 (plugin "cucarachas_extras.amxx") (native "cm_register_extra_item") - debug not enabled!
L 01/20/2025 - 04:19:01: [AMXX] To enable debug mode, add "debug" after the plugin name in plugins.ini (without quotes).
L 01/20/2025 - 04:40:11: Start of error session.
L 01/20/2025 - 04:40:11: Info (map "rubaka_2forts") (file "addons/amxmodx/logs/error_20250120.log")
L 01/20/2025 - 04:40:11: [AMXX] Plugin ("cucarachas_main.amxx") is setting itself as failed.
L 01/20/2025 - 04:40:11: [AMXX] Plugin says: Utiliza el Map Tool para adaptar este mapa a Cuca Mod.
L 01/20/2025 - 04:40:11: [AMXX] Run time error 1 (plugin "cucarachas_main.amxx") - forced exit
L 01/20/2025 - 04:40:11: Called dynanative into a paused plugin.
L 01/20/2025 - 04:40:11: [AMXX] Run time error 10 (plugin "cucarachas_extras.amxx") (native "cm_register_extra_item") - debug not enabled!
L 01/20/2025 - 04:40:11: [AMXX] To enable debug mode, add "debug" after the plugin name in plugins.ini (without quotes).
L 01/20/2025 - 05:01:54: Start of error session.
L 01/20/2025 - 05:01:54: Info (map "35hp_gx") (file "addons/amxmodx/logs/error_20250120.log")
L 01/20/2025 - 05:01:54: [AMXX] Plugin ("cucarachas_main.amxx") is setting itself as failed.
L 01/20/2025 - 05:01:54: [AMXX] Plugin says: Utiliza el Map Tool para adaptar este mapa a Cuca Mod.
L 01/20/2025 - 05:01:54: [AMXX] Run time error 1 (plugin "cucarachas_main.amxx") - forced exit
L 01/20/2025 - 05:01:54: Called dynanative into a paused plugin.
L 01/20/2025 - 05:01:54: [AMXX] Run time error 10 (plugin "cucarachas_extras.amxx") (native "cm_register_extra_item") - debug not enabled!
L 01/20/2025 - 05:01:54: [AMXX] To enable debug mode, add "debug" after the plugin name in plugins.ini (without quotes).
L 01/20/2025 - 05:23:36: Start of error session.
L 01/20/2025 - 05:23:36: Info (map "de_dust2") (file "addons/amxmodx/logs/error_20250120.log")
L 01/20/2025 - 05:23:36: [AMXX] Plugin ("cucarachas_main.amxx") is setting itself as failed.
L 01/20/2025 - 05:23:36: [AMXX] Plugin says: Utiliza el Map Tool para adaptar este mapa a Cuca Mod.
L 01/20/2025 - 05:23:36: [AMXX] Run time error 1 (plugin "cucarachas_main.amxx") - forced exit
L 01/20/2025 - 05:23:36: Called dynanative into a paused plugin.
L 01/20/2025 - 05:23:36: [AMXX] Run time error 10 (plugin "cucarachas_extras.amxx") (native "cm_register_extra_item") - debug not enabled!
L 01/20/2025 - 05:23:36: [AMXX] To enable debug mode, add "debug" after the plugin name in plugins.ini (without quotes).
L 01/20/2025 - 05:44:46: Start of error session.
L 01/20/2025 - 05:44:46: Info (map "de_inferno") (file "addons/amxmodx/logs/error_20250120.log")
L 01/20/2025 - 05:44:46: [AMXX] Plugin ("cucarachas_main.amxx") is setting itself as failed.
L 01/20/2025 - 05:44:46: [AMXX] Plugin says: Utiliza el Map Tool para adaptar este mapa a Cuca Mod.
L 01/20/2025 - 05:44:46: [AMXX] Run time error 1 (plugin "cucarachas_main.amxx") - forced exit
L 01/20/2025 - 05:44:46: Called dynanative into a paused plugin.
L 01/20/2025 - 05:44:46: [AMXX] Run time error 10 (plugin "cucarachas_extras.amxx") (native "cm_register_extra_item") - debug not enabled!
L 01/20/2025 - 05:44:46: [AMXX] To enable debug mode, add "debug" after the plugin name in plugins.ini (without quotes).
L 01/20/2025 - 06:05:57: Start of error session.
L 01/20/2025 - 06:05:57: Info (map "cs_estate") (file "addons/amxmodx/logs/error_20250120.log")
L 01/20/2025 - 06:05:57: [AMXX] Plugin ("cucarachas_main.amxx") is setting itself as failed.
L 01/20/2025 - 06:05:57: [AMXX] Plugin says: Utiliza el Map Tool para adaptar este mapa a Cuca Mod.
L 01/20/2025 - 06:05:57: [AMXX] Run time error 1 (plugin "cucarachas_main.amxx") - forced exit
L 01/20/2025 - 06:05:57: Called dynanative into a paused plugin.
L 01/20/2025 - 06:05:57: [AMXX] Run time error 10 (plugin "cucarachas_extras.amxx") (native "cm_register_extra_item") - debug not enabled!
L 01/20/2025 - 06:05:57: [AMXX] To enable debug mode, add "debug" after the plugin name in plugins.ini (without quotes).
L 01/20/2025 - 06:23:07: Start of error session.
L 01/20/2025 - 06:23:07: Info (map "de_dust") (file "addons/amxmodx/logs/error_20250120.log")
L 01/20/2025 - 06:23:07: [AMXX] Plugin ("cucarachas_main.amxx") is setting itself as failed.
L 01/20/2025 - 06:23:07: [AMXX] Plugin says: Utiliza el Map Tool para adaptar este mapa a Cuca Mod.
L 01/20/2025 - 06:23:07: [AMXX] Run time error 1 (plugin "cucarachas_main.amxx") - forced exit
L 01/20/2025 - 06:23:07: Called dynanative into a paused plugin.
L 01/20/2025 - 06:23:07: [AMXX] Run time error 10 (plugin "cucarachas_extras.amxx") (native "cm_register_extra_item") - debug not enabled!
L 01/20/2025 - 06:23:07: [AMXX] To enable debug mode, add "debug" after the plugin name in plugins.ini (without quotes).
L 01/20/2025 - 06:40:17: Start of error session.
L 01/20/2025 - 06:40:17: Info (map "zm_ice_attack") (file "addons/amxmodx/logs/error_20250120.log")
L 01/20/2025 - 06:40:17: [AMXX] Plugin ("cucarachas_main.amxx") is setting itself as failed.
L 01/20/2025 - 06:40:17: [AMXX] Plugin says: Utiliza el Map Tool para adaptar este mapa a Cuca Mod.
L 01/20/2025 - 06:40:17: [AMXX] Run time error 1 (plugin "cucarachas_main.amxx") - forced exit
L 01/20/2025 - 06:40:17: Called dynanative into a paused plugin.
L 01/20/2025 - 06:40:17: [AMXX] Run time error 10 (plugin "cucarachas_extras.amxx") (native "cm_register_extra_item") - debug not enabled!
L 01/20/2025 - 06:40:17: [AMXX] To enable debug mode, add "debug" after the plugin name in plugins.ini (without quotes).
L 01/20/2025 - 07:01:29: Start of error session.
L 01/20/2025 - 07:01:29: Info (map "zm_toronto") (file "addons/amxmodx/logs/error_20250120.log")
L 01/20/2025 - 07:01:29: [AMXX] Plugin ("cucarachas_main.amxx") is setting itself as failed.
L 01/20/2025 - 07:01:29: [AMXX] Plugin says: Utiliza el Map Tool para adaptar este mapa a Cuca Mod.
L 01/20/2025 - 07:01:29: [AMXX] Run time error 1 (plugin "cucarachas_main.amxx") - forced exit
L 01/20/2025 - 07:01:29: Called dynanative into a paused plugin.
L 01/20/2025 - 07:01:29: [AMXX] Run time error 10 (plugin "cucarachas_extras.amxx") (native "cm_register_extra_item") - debug not enabled!
L 01/20/2025 - 07:01:29: [AMXX] To enable debug mode, add "debug" after the plugin name in plugins.ini (without quotes).
L 01/20/2025 - 07:22:39: Start of error session.
L 01/20/2025 - 07:22:39: Info (map "zm_ice_attack") (file "addons/amxmodx/logs/error_20250120.log")
L 01/20/2025 - 07:22:39: [AMXX] Plugin ("cucarachas_main.amxx") is setting itself as failed.
L 01/20/2025 - 07:22:39: [AMXX] Plugin says: Utiliza el Map Tool para adaptar este mapa a Cuca Mod.
L 01/20/2025 - 07:22:39: [AMXX] Run time error 1 (plugin "cucarachas_main.amxx") - forced exit
L 01/20/2025 - 07:22:39: Called dynanative into a paused plugin.
L 01/20/2025 - 07:22:39: [AMXX] Run time error 10 (plugin "cucarachas_extras.amxx") (native "cm_register_extra_item") - debug not enabled!
L 01/20/2025 - 07:22:39: [AMXX] To enable debug mode, add "debug" after the plugin name in plugins.ini (without quotes).
L 01/20/2025 - 07:43:49: Start of error session.
L 01/20/2025 - 07:43:49: Info (map "rubaka_2forts") (file "addons/amxmodx/logs/error_20250120.log")
L 01/20/2025 - 07:43:49: [AMXX] Plugin ("cucarachas_main.amxx") is setting itself as failed.
L 01/20/2025 - 07:43:49: [AMXX] Plugin says: Utiliza el Map Tool para adaptar este mapa a Cuca Mod.
L 01/20/2025 - 07:43:49: [AMXX] Run time error 1 (plugin "cucarachas_main.amxx") - forced exit
L 01/20/2025 - 07:43:49: Called dynanative into a paused plugin.
L 01/20/2025 - 07:43:49: [AMXX] Run time error 10 (plugin "cucarachas_extras.amxx") (native "cm_register_extra_item") - debug not enabled!
L 01/20/2025 - 07:43:49: [AMXX] To enable debug mode, add "debug" after the plugin name in plugins.ini (without quotes).
L 01/20/2025 - 08:05:32: Start of error session.
L 01/20/2025 - 08:05:32: Info (map "35hp_gx") (file "addons/amxmodx/logs/error_20250120.log")
L 01/20/2025 - 08:05:32: [AMXX] Plugin ("cucarachas_main.amxx") is setting itself as failed.
L 01/20/2025 - 08:05:32: [AMXX] Plugin says: Utiliza el Map Tool para adaptar este mapa a Cuca Mod.
L 01/20/2025 - 08:05:32: [AMXX] Run time error 1 (plugin "cucarachas_main.amxx") - forced exit
L 01/20/2025 - 08:05:32: Called dynanative into a paused plugin.
L 01/20/2025 - 08:05:32: [AMXX] Run time error 10 (plugin "cucarachas_extras.amxx") (native "cm_register_extra_item") - debug not enabled!
L 01/20/2025 - 08:05:32: [AMXX] To enable debug mode, add "debug" after the plugin name in plugins.ini (without quotes).
L 01/20/2025 - 08:27:15: Start of error session.
L 01/20/2025 - 08:27:15: Info (map "surf_iceday_remake") (file "addons/amxmodx/logs/error_20250120.log")
L 01/20/2025 - 08:27:15: [AMXX] Plugin ("cucarachas_main.amxx") is setting itself as failed.
L 01/20/2025 - 08:27:15: [AMXX] Plugin says: Utiliza el Map Tool para adaptar este mapa a Cuca Mod.
L 01/20/2025 - 08:27:15: [AMXX] Run time error 1 (plugin "cucarachas_main.amxx") - forced exit
L 01/20/2025 - 08:27:15: Called dynanative into a paused plugin.
L 01/20/2025 - 08:27:15: [AMXX] Run time error 10 (plugin "cucarachas_extras.amxx") (native "cm_register_extra_item") - debug not enabled!
L 01/20/2025 - 08:27:15: [AMXX] To enable debug mode, add "debug" after the plugin name in plugins.ini (without quotes).
L 01/20/2025 - 08:47:25: Start of error session.
L 01/20/2025 - 08:47:25: Info (map "surf_ski_2") (file "addons/amxmodx/logs/error_20250120.log")
L 01/20/2025 - 08:47:25: [AMXX] Plugin ("cucarachas_main.amxx") is setting itself as failed.
L 01/20/2025 - 08:47:25: [AMXX] Plugin says: Utiliza el Map Tool para adaptar este mapa a Cuca Mod.
L 01/20/2025 - 08:47:25: [AMXX] Run time error 1 (plugin "cucarachas_main.amxx") - forced exit
L 01/20/2025 - 08:47:25: Called dynanative into a paused plugin.
L 01/20/2025 - 08:47:25: [AMXX] Run time error 10 (plugin "cucarachas_extras.amxx") (native "cm_register_extra_item") - debug not enabled!
L 01/20/2025 - 08:47:25: [AMXX] To enable debug mode, add "debug" after the plugin name in plugins.ini (without quotes).
L 01/20/2025 - 09:07:35: Start of error session.
L 01/20/2025 - 09:07:35: Info (map "surf_iceday_remake") (file "addons/amxmodx/logs/error_20250120.log")
L 01/20/2025 - 09:07:35: [AMXX] Plugin ("cucarachas_main.amxx") is setting itself as failed.
L 01/20/2025 - 09:07:35: [AMXX] Plugin says: Utiliza el Map Tool para adaptar este mapa a Cuca Mod.
L 01/20/2025 - 09:07:35: [AMXX] Run time error 1 (plugin "cucarachas_main.amxx") - forced exit
L 01/20/2025 - 09:07:35: Called dynanative into a paused plugin.
L 01/20/2025 - 09:07:35: [AMXX] Run time error 10 (plugin "cucarachas_extras.amxx") (native "cm_register_extra_item") - debug not enabled!
L 01/20/2025 - 09:07:35: [AMXX] To enable debug mode, add "debug" after the plugin name in plugins.ini (without quotes).
L 01/20/2025 - 09:27:45: Start of error session.
L 01/20/2025 - 09:27:45: Info (map "de_dust2") (file "addons/amxmodx/logs/error_20250120.log")
L 01/20/2025 - 09:27:45: [AMXX] Plugin ("cucarachas_main.amxx") is setting itself as failed.
L 01/20/2025 - 09:27:45: [AMXX] Plugin says: Utiliza el Map Tool para adaptar este mapa a Cuca Mod.
L 01/20/2025 - 09:27:45: [AMXX] Run time error 1 (plugin "cucarachas_main.amxx") - forced exit
L 01/20/2025 - 09:27:45: Called dynanative into a paused plugin.
L 01/20/2025 - 09:27:45: [AMXX] Run time error 10 (plugin "cucarachas_extras.amxx") (native "cm_register_extra_item") - debug not enabled!
L 01/20/2025 - 09:27:45: [AMXX] To enable debug mode, add "debug" after the plugin name in plugins.ini (without quotes).
L 01/20/2025 - 09:47:55: Start of error session.
L 01/20/2025 - 09:47:55: Info (map "surf_iceday_remake") (file "addons/amxmodx/logs/error_20250120.log")
L 01/20/2025 - 09:47:55: [AMXX] Plugin ("cucarachas_main.amxx") is setting itself as failed.
L 01/20/2025 - 09:47:55: [AMXX] Plugin says: Utiliza el Map Tool para adaptar este mapa a Cuca Mod.
L 01/20/2025 - 09:47:55: [AMXX] Run time error 1 (plugin "cucarachas_main.amxx") - forced exit
L 01/20/2025 - 09:47:55: Called dynanative into a paused plugin.
L 01/20/2025 - 09:47:55: [AMXX] Run time error 10 (plugin "cucarachas_extras.amxx") (native "cm_register_extra_item") - debug not enabled!
L 01/20/2025 - 09:47:55: [AMXX] To enable debug mode, add "debug" after the plugin name in plugins.ini (without quotes).
L 01/20/2025 - 10:08:05: Start of error session.
L 01/20/2025 - 10:08:05: Info (map "de_dust2") (file "addons/amxmodx/logs/error_20250120.log")
L 01/20/2025 - 10:08:05: [AMXX] Plugin ("cucarachas_main.amxx") is setting itself as failed.
L 01/20/2025 - 10:08:05: [AMXX] Plugin says: Utiliza el Map Tool para adaptar este mapa a Cuca Mod.
L 01/20/2025 - 10:08:05: [AMXX] Run time error 1 (plugin "cucarachas_main.amxx") - forced exit
L 01/20/2025 - 10:08:05: Called dynanative into a paused plugin.
L 01/20/2025 - 10:08:05: [AMXX] Run time error 10 (plugin "cucarachas_extras.amxx") (native "cm_register_extra_item") - debug not enabled!
L 01/20/2025 - 10:08:05: [AMXX] To enable debug mode, add "debug" after the plugin name in plugins.ini (without quotes).
L 01/20/2025 - 10:28:15: Start of error session.
L 01/20/2025 - 10:28:15: Info (map "de_inferno") (file "addons/amxmodx/logs/error_20250120.log")
L 01/20/2025 - 10:28:15: [AMXX] Plugin ("cucarachas_main.amxx") is setting itself as failed.
L 01/20/2025 - 10:28:15: [AMXX] Plugin says: Utiliza el Map Tool para adaptar este mapa a Cuca Mod.
L 01/20/2025 - 10:28:15: [AMXX] Run time error 1 (plugin "cucarachas_main.amxx") - forced exit
L 01/20/2025 - 10:28:15: Called dynanative into a paused plugin.
L 01/20/2025 - 10:28:15: [AMXX] Run time error 10 (plugin "cucarachas_extras.amxx") (native "cm_register_extra_item") - debug not enabled!
L 01/20/2025 - 10:28:15: [AMXX] To enable debug mode, add "debug" after the plugin name in plugins.ini (without quotes).
L 01/20/2025 - 10:48:24: Start of error session.
L 01/20/2025 - 10:48:24: Info (map "de_dust2") (file "addons/amxmodx/logs/error_20250120.log")
L 01/20/2025 - 10:48:24: [AMXX] Plugin ("cucarachas_main.amxx") is setting itself as failed.
L 01/20/2025 - 10:48:24: [AMXX] Plugin says: Utiliza el Map Tool para adaptar este mapa a Cuca Mod.
L 01/20/2025 - 10:48:24: [AMXX] Run time error 1 (plugin "cucarachas_main.amxx") - forced exit
L 01/20/2025 - 10:48:24: Called dynanative into a paused plugin.
L 01/20/2025 - 10:48:24: [AMXX] Run time error 10 (plugin "cucarachas_extras.amxx") (native "cm_register_extra_item") - debug not enabled!
L 01/20/2025 - 10:48:24: [AMXX] To enable debug mode, add "debug" after the plugin name in plugins.ini (without quotes).
L 01/20/2025 - 11:08:34: Start of error session.
L 01/20/2025 - 11:08:34: Info (map "cs_assault") (file "addons/amxmodx/logs/error_20250120.log")
L 01/20/2025 - 11:08:34: [AMXX] Plugin ("cucarachas_main.amxx") is setting itself as failed.
L 01/20/2025 - 11:08:34: [AMXX] Plugin says: Utiliza el Map Tool para adaptar este mapa a Cuca Mod.
L 01/20/2025 - 11:08:34: [AMXX] Run time error 1 (plugin "cucarachas_main.amxx") - forced exit
L 01/20/2025 - 11:08:34: Called dynanative into a paused plugin.
L 01/20/2025 - 11:08:34: [AMXX] Run time error 10 (plugin "cucarachas_extras.amxx") (native "cm_register_extra_item") - debug not enabled!
L 01/20/2025 - 11:08:34: [AMXX] To enable debug mode, add "debug" after the plugin name in plugins.ini (without quotes).
L 01/20/2025 - 11:27:44: Start of error session.
L 01/20/2025 - 11:27:44: Info (map "de_chateau") (file "addons/amxmodx/logs/error_20250120.log")
L 01/20/2025 - 11:27:44: [AMXX] Plugin ("cucarachas_main.amxx") is setting itself as failed.
L 01/20/2025 - 11:27:44: [AMXX] Plugin says: Utiliza el Map Tool para adaptar este mapa a Cuca Mod.
L 01/20/2025 - 11:27:44: [AMXX] Run time error 1 (plugin "cucarachas_main.amxx") - forced exit
L 01/20/2025 - 11:27:44: Called dynanative into a paused plugin.
L 01/20/2025 - 11:27:44: [AMXX] Run time error 10 (plugin "cucarachas_extras.amxx") (native "cm_register_extra_item") - debug not enabled!
L 01/20/2025 - 11:27:44: [AMXX] To enable debug mode, add "debug" after the plugin name in plugins.ini (without quotes).
L 01/20/2025 - 11:46:54: Start of error session.
L 01/20/2025 - 11:46:54: Info (map "cs_assault") (file "addons/amxmodx/logs/error_20250120.log")
L 01/20/2025 - 11:46:54: [AMXX] Plugin ("cucarachas_main.amxx") is setting itself as failed.
L 01/20/2025 - 11:46:54: [AMXX] Plugin says: Utiliza el Map Tool para adaptar este mapa a Cuca Mod.
L 01/20/2025 - 11:46:54: [AMXX] Run time error 1 (plugin "cucarachas_main.amxx") - forced exit
L 01/20/2025 - 11:46:54: Called dynanative into a paused plugin.
L 01/20/2025 - 11:46:54: [AMXX] Run time error 10 (plugin "cucarachas_extras.amxx") (native "cm_register_extra_item") - debug not enabled!
L 01/20/2025 - 11:46:54: [AMXX] To enable debug mode, add "debug" after the plugin name in plugins.ini (without quotes).
L 01/20/2025 - 12:06:03: Start of error session.
L 01/20/2025 - 12:06:03: Info (map "de_dust2") (file "addons/amxmodx/logs/error_20250120.log")
L 01/20/2025 - 12:06:03: [AMXX] Plugin ("cucarachas_main.amxx") is setting itself as failed.
L 01/20/2025 - 12:06:03: [AMXX] Plugin says: Utiliza el Map Tool para adaptar este mapa a Cuca Mod.
L 01/20/2025 - 12:06:03: [AMXX] Run time error 1 (plugin "cucarachas_main.amxx") - forced exit
L 01/20/2025 - 12:06:03: Called dynanative into a paused plugin.
L 01/20/2025 - 12:06:03: [AMXX] Run time error 10 (plugin "cucarachas_extras.amxx") (native "cm_register_extra_item") - debug not enabled!
L 01/20/2025 - 12:06:03: [AMXX] To enable debug mode, add "debug" after the plugin name in plugins.ini (without quotes).
L 01/20/2025 - 12:26:13: Start of error session.
L 01/20/2025 - 12:26:13: Info (map "surf_iceday_remake") (file "addons/amxmodx/logs/error_20250120.log")
L 01/20/2025 - 12:26:13: [AMXX] Plugin ("cucarachas_main.amxx") is setting itself as failed.
L 01/20/2025 - 12:26:13: [AMXX] Plugin says: Utiliza el Map Tool para adaptar este mapa a Cuca Mod.
L 01/20/2025 - 12:26:13: [AMXX] Run time error 1 (plugin "cucarachas_main.amxx") - forced exit
L 01/20/2025 - 12:26:13: Called dynanative into a paused plugin.
L 01/20/2025 - 12:26:13: [AMXX] Run time error 10 (plugin "cucarachas_extras.amxx") (native "cm_register_extra_item") - debug not enabled!
L 01/20/2025 - 12:26:13: [AMXX] To enable debug mode, add "debug" after the plugin name in plugins.ini (without quotes).
L 01/20/2025 - 12:46:23: Start of error session.
L 01/20/2025 - 12:46:23: Info (map "de_dust2") (file "addons/amxmodx/logs/error_20250120.log")
L 01/20/2025 - 12:46:23: [AMXX] Plugin ("cucarachas_main.amxx") is setting itself as failed.
L 01/20/2025 - 12:46:23: [AMXX] Plugin says: Utiliza el Map Tool para adaptar este mapa a Cuca Mod.
L 01/20/2025 - 12:46:23: [AMXX] Run time error 1 (plugin "cucarachas_main.amxx") - forced exit
L 01/20/2025 - 12:46:23: Called dynanative into a paused plugin.
L 01/20/2025 - 12:46:23: [AMXX] Run time error 10 (plugin "cucarachas_extras.amxx") (native "cm_register_extra_item") - debug not enabled!
L 01/20/2025 - 12:46:23: [AMXX] To enable debug mode, add "debug" after the plugin name in plugins.ini (without quotes).
L 01/20/2025 - 13:09:33: Start of error session.
L 01/20/2025 - 13:09:33: Info (map "de_aztec") (file "addons/amxmodx/logs/error_20250120.log")
L 01/20/2025 - 13:09:33: [AMXX] Plugin ("cucarachas_main.amxx") is setting itself as failed.
L 01/20/2025 - 13:09:33: [AMXX] Plugin says: Utiliza el Map Tool para adaptar este mapa a Cuca Mod.
L 01/20/2025 - 13:09:33: [AMXX] Run time error 1 (plugin "cucarachas_main.amxx") - forced exit
L 01/20/2025 - 13:09:33: Called dynanative into a paused plugin.
L 01/20/2025 - 13:09:33: [AMXX] Run time error 10 (plugin "cucarachas_extras.amxx") (native "cm_register_extra_item") - debug not enabled!
L 01/20/2025 - 13:09:33: [AMXX] To enable debug mode, add "debug" after the plugin name in plugins.ini (without quotes).
L 01/20/2025 - 13:32:43: Start of error session.
L 01/20/2025 - 13:32:43: Info (map "cs_assault") (file "addons/amxmodx/logs/error_20250120.log")
L 01/20/2025 - 13:32:43: [AMXX] Plugin ("cucarachas_main.amxx") is setting itself as failed.
L 01/20/2025 - 13:32:43: [AMXX] Plugin says: Utiliza el Map Tool para adaptar este mapa a Cuca Mod.
L 01/20/2025 - 13:32:43: [AMXX] Run time error 1 (plugin "cucarachas_main.amxx") - forced exit
L 01/20/2025 - 13:32:43: Called dynanative into a paused plugin.
L 01/20/2025 - 13:32:43: [AMXX] Run time error 10 (plugin "cucarachas_extras.amxx") (native "cm_register_extra_item") - debug not enabled!
L 01/20/2025 - 13:32:43: [AMXX] To enable debug mode, add "debug" after the plugin name in plugins.ini (without quotes).
L 01/20/2025 - 13:51:52: Start of error session.
L 01/20/2025 - 13:51:52: Info (map "de_chateau") (file "addons/amxmodx/logs/error_20250120.log")
L 01/20/2025 - 13:51:52: [AMXX] Plugin ("cucarachas_main.amxx") is setting itself as failed.
L 01/20/2025 - 13:51:52: [AMXX] Plugin says: Utiliza el Map Tool para adaptar este mapa a Cuca Mod.
L 01/20/2025 - 13:51:52: [AMXX] Run time error 1 (plugin "cucarachas_main.amxx") - forced exit
L 01/20/2025 - 13:51:52: Called dynanative into a paused plugin.
L 01/20/2025 - 13:51:52: [AMXX] Run time error 10 (plugin "cucarachas_extras.amxx") (native "cm_register_extra_item") - debug not enabled!
L 01/20/2025 - 13:51:52: [AMXX] To enable debug mode, add "debug" after the plugin name in plugins.ini (without quotes).
L 01/20/2025 - 14:11:02: Start of error session.
L 01/20/2025 - 14:11:02: Info (map "cs_assault") (file "addons/amxmodx/logs/error_20250120.log")
L 01/20/2025 - 14:11:02: [AMXX] Plugin ("cucarachas_main.amxx") is setting itself as failed.
L 01/20/2025 - 14:11:02: [AMXX] Plugin says: Utiliza el Map Tool para adaptar este mapa a Cuca Mod.
L 01/20/2025 - 14:11:02: [AMXX] Run time error 1 (plugin "cucarachas_main.amxx") - forced exit
L 01/20/2025 - 14:11:02: Called dynanative into a paused plugin.
L 01/20/2025 - 14:11:02: [AMXX] Run time error 10 (plugin "cucarachas_extras.amxx") (native "cm_register_extra_item") - debug not enabled!
L 01/20/2025 - 14:11:02: [AMXX] To enable debug mode, add "debug" after the plugin name in plugins.ini (without quotes).
L 01/20/2025 - 14:30:12: Start of error session.
L 01/20/2025 - 14:30:12: Info (map "rubaka_2forts") (file "addons/amxmodx/logs/error_20250120.log")
L 01/20/2025 - 14:30:12: [AMXX] Plugin ("cucarachas_main.amxx") is setting itself as failed.
L 01/20/2025 - 14:30:12: [AMXX] Plugin says: Utiliza el Map Tool para adaptar este mapa a Cuca Mod.
L 01/20/2025 - 14:30:12: [AMXX] Run time error 1 (plugin "cucarachas_main.amxx") - forced exit
L 01/20/2025 - 14:30:12: Called dynanative into a paused plugin.
L 01/20/2025 - 14:30:12: [AMXX] Run time error 10 (plugin "cucarachas_extras.amxx") (native "cm_register_extra_item") - debug not enabled!
L 01/20/2025 - 14:30:12: [AMXX] To enable debug mode, add "debug" after the plugin name in plugins.ini (without quotes).
L 01/20/2025 - 14:51:54: Start of error session.
L 01/20/2025 - 14:51:54: Info (map "35hp_gx") (file "addons/amxmodx/logs/error_20250120.log")
L 01/20/2025 - 14:51:54: [AMXX] Plugin ("cucarachas_main.amxx") is setting itself as failed.
L 01/20/2025 - 14:51:54: [AMXX] Plugin says: Utiliza el Map Tool para adaptar este mapa a Cuca Mod.
L 01/20/2025 - 14:51:54: [AMXX] Run time error 1 (plugin "cucarachas_main.amxx") - forced exit
L 01/20/2025 - 14:51:54: Called dynanative into a paused plugin.
L 01/20/2025 - 14:51:54: [AMXX] Run time error 10 (plugin "cucarachas_extras.amxx") (native "cm_register_extra_item") - debug not enabled!
L 01/20/2025 - 14:51:54: [AMXX] To enable debug mode, add "debug" after the plugin name in plugins.ini (without quotes).
L 01/20/2025 - 15:13:37: Start of error session.
L 01/20/2025 - 15:13:37: Info (map "de_dust2") (file "addons/amxmodx/logs/error_20250120.log")
L 01/20/2025 - 15:13:37: [AMXX] Plugin ("cucarachas_main.amxx") is setting itself as failed.
L 01/20/2025 - 15:13:37: [AMXX] Plugin says: Utiliza el Map Tool para adaptar este mapa a Cuca Mod.
L 01/20/2025 - 15:13:37: [AMXX] Run time error 1 (plugin "cucarachas_main.amxx") - forced exit
L 01/20/2025 - 15:13:37: Called dynanative into a paused plugin.
L 01/20/2025 - 15:13:37: [AMXX] Run time error 10 (plugin "cucarachas_extras.amxx") (native "cm_register_extra_item") - debug not enabled!
L 01/20/2025 - 15:13:37: [AMXX] To enable debug mode, add "debug" after the plugin name in plugins.ini (without quotes).
L 01/20/2025 - 15:33:47: Start of error session.
L 01/20/2025 - 15:33:47: Info (map "surf_iceday_remake") (file "addons/amxmodx/logs/error_20250120.log")
L 01/20/2025 - 15:33:47: [AMXX] Plugin ("cucarachas_main.amxx") is setting itself as failed.
L 01/20/2025 - 15:33:47: [AMXX] Plugin says: Utiliza el Map Tool para adaptar este mapa a Cuca Mod.
L 01/20/2025 - 15:33:47: [AMXX] Run time error 1 (plugin "cucarachas_main.amxx") - forced exit
L 01/20/2025 - 15:33:47: Called dynanative into a paused plugin.
L 01/20/2025 - 15:33:47: [AMXX] Run time error 10 (plugin "cucarachas_extras.amxx") (native "cm_register_extra_item") - debug not enabled!
L 01/20/2025 - 15:33:47: [AMXX] To enable debug mode, add "debug" after the plugin name in plugins.ini (without quotes).
L 01/20/2025 - 15:53:57: Start of error session.
L 01/20/2025 - 15:53:57: Info (map "de_dust2") (file "addons/amxmodx/logs/error_20250120.log")
L 01/20/2025 - 15:53:57: [AMXX] Plugin ("cucarachas_main.amxx") is setting itself as failed.
L 01/20/2025 - 15:53:57: [AMXX] Plugin says: Utiliza el Map Tool para adaptar este mapa a Cuca Mod.
L 01/20/2025 - 15:53:57: [AMXX] Run time error 1 (plugin "cucarachas_main.amxx") - forced exit
L 01/20/2025 - 15:53:57: Called dynanative into a paused plugin.
L 01/20/2025 - 15:53:57: [AMXX] Run time error 10 (plugin "cucarachas_extras.amxx") (native "cm_register_extra_item") - debug not enabled!
L 01/20/2025 - 15:53:57: [AMXX] To enable debug mode, add "debug" after the plugin name in plugins.ini (without quotes).
L 01/20/2025 - 16:14:06: Start of error session.
L 01/20/2025 - 16:14:06: Info (map "surf_iceday_remake") (file "addons/amxmodx/logs/error_20250120.log")
L 01/20/2025 - 16:14:06: [AMXX] Plugin ("cucarachas_main.amxx") is setting itself as failed.
L 01/20/2025 - 16:14:06: [AMXX] Plugin says: Utiliza el Map Tool para adaptar este mapa a Cuca Mod.
L 01/20/2025 - 16:14:06: [AMXX] Run time error 1 (plugin "cucarachas_main.amxx") - forced exit
L 01/20/2025 - 16:14:06: Called dynanative into a paused plugin.
L 01/20/2025 - 16:14:06: [AMXX] Run time error 10 (plugin "cucarachas_extras.amxx") (native "cm_register_extra_item") - debug not enabled!
L 01/20/2025 - 16:14:06: [AMXX] To enable debug mode, add "debug" after the plugin name in plugins.ini (without quotes).
L 01/20/2025 - 16:34:16: Start of error session.
L 01/20/2025 - 16:34:16: Info (map "de_dust2") (file "addons/amxmodx/logs/error_20250120.log")
L 01/20/2025 - 16:34:16: [AMXX] Plugin ("cucarachas_main.amxx") is setting itself as failed.
L 01/20/2025 - 16:34:16: [AMXX] Plugin says: Utiliza el Map Tool para adaptar este mapa a Cuca Mod.
L 01/20/2025 - 16:34:16: [AMXX] Run time error 1 (plugin "cucarachas_main.amxx") - forced exit
L 01/20/2025 - 16:34:16: Called dynanative into a paused plugin.
L 01/20/2025 - 16:34:16: [AMXX] Run time error 10 (plugin "cucarachas_extras.amxx") (native "cm_register_extra_item") - debug not enabled!
L 01/20/2025 - 16:34:16: [AMXX] To enable debug mode, add "debug" after the plugin name in plugins.ini (without quotes).
L 01/20/2025 - 16:54:26: Start of error session.
L 01/20/2025 - 16:54:26: Info (map "de_inferno") (file "addons/amxmodx/logs/error_20250120.log")
L 01/20/2025 - 16:54:26: [AMXX] Plugin ("cucarachas_main.amxx") is setting itself as failed.
L 01/20/2025 - 16:54:26: [AMXX] Plugin says: Utiliza el Map Tool para adaptar este mapa a Cuca Mod.
L 01/20/2025 - 16:54:26: [AMXX] Run time error 1 (plugin "cucarachas_main.amxx") - forced exit
L 01/20/2025 - 16:54:26: Called dynanative into a paused plugin.
L 01/20/2025 - 16:54:26: [AMXX] Run time error 10 (plugin "cucarachas_extras.amxx") (native "cm_register_extra_item") - debug not enabled!
L 01/20/2025 - 16:54:26: [AMXX] To enable debug mode, add "debug" after the plugin name in plugins.ini (without quotes).
L 01/20/2025 - 17:14:37: Start of error session.
L 01/20/2025 - 17:14:37: Info (map "de_dust2") (file "addons/amxmodx/logs/error_20250120.log")
L 01/20/2025 - 17:14:37: [AMXX] Plugin ("cucarachas_main.amxx") is setting itself as failed.
L 01/20/2025 - 17:14:37: [AMXX] Plugin says: Utiliza el Map Tool para adaptar este mapa a Cuca Mod.
L 01/20/2025 - 17:14:37: [AMXX] Run time error 1 (plugin "cucarachas_main.amxx") - forced exit
L 01/20/2025 - 17:14:37: Called dynanative into a paused plugin.
L 01/20/2025 - 17:14:37: [AMXX] Run time error 10 (plugin "cucarachas_extras.amxx") (native "cm_register_extra_item") - debug not enabled!
L 01/20/2025 - 17:14:37: [AMXX] To enable debug mode, add "debug" after the plugin name in plugins.ini (without quotes).
L 01/20/2025 - 17:35:19: Start of error session.
L 01/20/2025 - 17:35:19: Info (map "de_dust2") (file "addons/amxmodx/logs/error_20250120.log")
L 01/20/2025 - 17:35:19: [AMXX] Plugin ("cucarachas_main.amxx") is setting itself as failed.
L 01/20/2025 - 17:35:19: [AMXX] Plugin says: Utiliza el Map Tool para adaptar este mapa a Cuca Mod.
L 01/20/2025 - 17:35:19: [AMXX] Run time error 1 (plugin "cucarachas_main.amxx") - forced exit
L 01/20/2025 - 17:35:19: Called dynanative into a paused plugin.
L 01/20/2025 - 17:35:19: [AMXX] Run time error 10 (plugin "cucarachas_extras.amxx") (native "cm_register_extra_item") - debug not enabled!
L 01/20/2025 - 17:35:19: [AMXX] To enable debug mode, add "debug" after the plugin name in plugins.ini (without quotes).
L 01/20/2025 - 17:52:32: Start of error session.
L 01/20/2025 - 17:52:32: Info (map "cs_estate") (file "addons/amxmodx/logs/error_20250120.log")
L 01/20/2025 - 17:52:32: [AMXX] Plugin ("cucarachas_main.amxx") is setting itself as failed.
L 01/20/2025 - 17:52:32: [AMXX] Plugin says: Utiliza el Map Tool para adaptar este mapa a Cuca Mod.
L 01/20/2025 - 17:52:32: [AMXX] Run time error 1 (plugin "cucarachas_main.amxx") - forced exit
L 01/20/2025 - 17:52:32: Called dynanative into a paused plugin.
L 01/20/2025 - 17:52:32: [AMXX] Run time error 10 (plugin "cucarachas_extras.amxx") (native "cm_register_extra_item") - debug not enabled!
L 01/20/2025 - 17:52:32: [AMXX] To enable debug mode, add "debug" after the plugin name in plugins.ini (without quotes).
L 01/20/2025 - 18:09:45: Start of error session.
L 01/20/2025 - 18:09:45: Info (map "zm_ice_attack") (file "addons/amxmodx/logs/error_20250120.log")
L 01/20/2025 - 18:09:45: [AMXX] Plugin ("cucarachas_main.amxx") is setting itself as failed.
L 01/20/2025 - 18:09:45: [AMXX] Plugin says: Utiliza el Map Tool para adaptar este mapa a Cuca Mod.
L 01/20/2025 - 18:09:45: [AMXX] Run time error 1 (plugin "cucarachas_main.amxx") - forced exit
L 01/20/2025 - 18:09:45: Called dynanative into a paused plugin.
L 01/20/2025 - 18:09:45: [AMXX] Run time error 10 (plugin "cucarachas_extras.amxx") (native "cm_register_extra_item") - debug not enabled!
L 01/20/2025 - 18:09:45: [AMXX] To enable debug mode, add "debug" after the plugin name in plugins.ini (without quotes).
L 01/20/2025 - 18:30:56: Start of error session.
L 01/20/2025 - 18:30:56: Info (map "zm_toronto") (file "addons/amxmodx/logs/error_20250120.log")
L 01/20/2025 - 18:30:56: [AMXX] Plugin ("cucarachas_main.amxx") is setting itself as failed.
L 01/20/2025 - 18:30:56: [AMXX] Plugin says: Utiliza el Map Tool para adaptar este mapa a Cuca Mod.
L 01/20/2025 - 18:30:56: [AMXX] Run time error 1 (plugin "cucarachas_main.amxx") - forced exit
L 01/20/2025 - 18:30:56: Called dynanative into a paused plugin.
L 01/20/2025 - 18:30:56: [AMXX] Run time error 10 (plugin "cucarachas_extras.amxx") (native "cm_register_extra_item") - debug not enabled!
L 01/20/2025 - 18:30:56: [AMXX] To enable debug mode, add "debug" after the plugin name in plugins.ini (without quotes).
L 01/20/2025 - 18:52:06: Start of error session.
L 01/20/2025 - 18:52:06: Info (map "zm_ice_attack") (file "addons/amxmodx/logs/error_20250120.log")
L 01/20/2025 - 18:52:06: [AMXX] Plugin ("cucarachas_main.amxx") is setting itself as failed.
L 01/20/2025 - 18:52:06: [AMXX] Plugin says: Utiliza el Map Tool para adaptar este mapa a Cuca Mod.
L 01/20/2025 - 18:52:06: [AMXX] Run time error 1 (plugin "cucarachas_main.amxx") - forced exit
L 01/20/2025 - 18:52:06: Called dynanative into a paused plugin.
L 01/20/2025 - 18:52:06: [AMXX] Run time error 10 (plugin "cucarachas_extras.amxx") (native "cm_register_extra_item") - debug not enabled!
L 01/20/2025 - 18:52:06: [AMXX] To enable debug mode, add "debug" after the plugin name in plugins.ini (without quotes).
L 01/20/2025 - 19:13:16: Start of error session.
L 01/20/2025 - 19:13:16: Info (map "de_dust2") (file "addons/amxmodx/logs/error_20250120.log")
L 01/20/2025 - 19:13:16: [AMXX] Plugin ("cucarachas_main.amxx") is setting itself as failed.
L 01/20/2025 - 19:13:16: [AMXX] Plugin says: Utiliza el Map Tool para adaptar este mapa a Cuca Mod.
L 01/20/2025 - 19:13:16: [AMXX] Run time error 1 (plugin "cucarachas_main.amxx") - forced exit
L 01/20/2025 - 19:13:16: Called dynanative into a paused plugin.
L 01/20/2025 - 19:13:16: [AMXX] Run time error 10 (plugin "cucarachas_extras.amxx") (native "cm_register_extra_item") - debug not enabled!
L 01/20/2025 - 19:13:16: [AMXX] To enable debug mode, add "debug" after the plugin name in plugins.ini (without quotes).
L 01/20/2025 - 19:36:26: Start of error session.
L 01/20/2025 - 19:36:26: Info (map "de_aztec") (file "addons/amxmodx/logs/error_20250120.log")
L 01/20/2025 - 19:36:26: [AMXX] Plugin ("cucarachas_main.amxx") is setting itself as failed.
L 01/20/2025 - 19:36:26: [AMXX] Plugin says: Utiliza el Map Tool para adaptar este mapa a Cuca Mod.
L 01/20/2025 - 19:36:26: [AMXX] Run time error 1 (plugin "cucarachas_main.amxx") - forced exit
L 01/20/2025 - 19:36:26: Called dynanative into a paused plugin.
L 01/20/2025 - 19:36:26: [AMXX] Run time error 10 (plugin "cucarachas_extras.amxx") (native "cm_register_extra_item") - debug not enabled!
L 01/20/2025 - 19:36:26: [AMXX] To enable debug mode, add "debug" after the plugin name in plugins.ini (without quotes).
L 01/20/2025 - 19:59:36: Start of error session.
L 01/20/2025 - 19:59:36: Info (map "zm_ice_attack") (file "addons/amxmodx/logs/error_20250120.log")
L 01/20/2025 - 19:59:36: [AMXX] Plugin ("cucarachas_main.amxx") is setting itself as failed.
L 01/20/2025 - 19:59:36: [AMXX] Plugin says: Utiliza el Map Tool para adaptar este mapa a Cuca Mod.
L 01/20/2025 - 19:59:36: [AMXX] Run time error 1 (plugin "cucarachas_main.amxx") - forced exit
L 01/20/2025 - 19:59:36: Called dynanative into a paused plugin.
L 01/20/2025 - 19:59:36: [AMXX] Run time error 10 (plugin "cucarachas_extras.amxx") (native "cm_register_extra_item") - debug not enabled!
L 01/20/2025 - 19:59:36: [AMXX] To enable debug mode, add "debug" after the plugin name in plugins.ini (without quotes).
L 01/20/2025 - 20:20:46: Start of error session.
L 01/20/2025 - 20:20:46: Info (map "zm_toronto") (file "addons/amxmodx/logs/error_20250120.log")
L 01/20/2025 - 20:20:46: [AMXX] Plugin ("cucarachas_main.amxx") is setting itself as failed.
L 01/20/2025 - 20:20:46: [AMXX] Plugin says: Utiliza el Map Tool para adaptar este mapa a Cuca Mod.
L 01/20/2025 - 20:20:46: [AMXX] Run time error 1 (plugin "cucarachas_main.amxx") - forced exit
L 01/20/2025 - 20:20:46: Called dynanative into a paused plugin.
L 01/20/2025 - 20:20:46: [AMXX] Run time error 10 (plugin "cucarachas_extras.amxx") (native "cm_register_extra_item") - debug not enabled!
L 01/20/2025 - 20:20:46: [AMXX] To enable debug mode, add "debug" after the plugin name in plugins.ini (without quotes).
L 01/20/2025 - 20:41:56: Start of error session.
L 01/20/2025 - 20:41:56: Info (map "zm_ice_attack") (file "addons/amxmodx/logs/error_20250120.log")
L 01/20/2025 - 20:41:56: [AMXX] Plugin ("cucarachas_main.amxx") is setting itself as failed.
L 01/20/2025 - 20:41:56: [AMXX] Plugin says: Utiliza el Map Tool para adaptar este mapa a Cuca Mod.
L 01/20/2025 - 20:41:56: [AMXX] Run time error 1 (plugin "cucarachas_main.amxx") - forced exit
L 01/20/2025 - 20:41:56: Called dynanative into a paused plugin.
L 01/20/2025 - 20:41:56: [AMXX] Run time error 10 (plugin "cucarachas_extras.amxx") (native "cm_register_extra_item") - debug not enabled!
L 01/20/2025 - 20:41:56: [AMXX] To enable debug mode, add "debug" after the plugin name in plugins.ini (without quotes).
L 01/20/2025 - 21:03:06: Start of error session.
L 01/20/2025 - 21:03:06: Info (map "rubaka_2forts") (file "addons/amxmodx/logs/error_20250120.log")
L 01/20/2025 - 21:03:06: [AMXX] Plugin ("cucarachas_main.amxx") is setting itself as failed.
L 01/20/2025 - 21:03:06: [AMXX] Plugin says: Utiliza el Map Tool para adaptar este mapa a Cuca Mod.
L 01/20/2025 - 21:03:06: [AMXX] Run time error 1 (plugin "cucarachas_main.amxx") - forced exit
L 01/20/2025 - 21:03:06: Called dynanative into a paused plugin.
L 01/20/2025 - 21:03:06: [AMXX] Run time error 10 (plugin "cucarachas_extras.amxx") (native "cm_register_extra_item") - debug not enabled!
L 01/20/2025 - 21:03:06: [AMXX] To enable debug mode, add "debug" after the plugin name in plugins.ini (without quotes).
L 01/20/2025 - 21:24:48: Start of error session.
L 01/20/2025 - 21:24:48: Info (map "35hp_gx") (file "addons/amxmodx/logs/error_20250120.log")
L 01/20/2025 - 21:24:48: [AMXX] Plugin ("cucarachas_main.amxx") is setting itself as failed.
L 01/20/2025 - 21:24:48: [AMXX] Plugin says: Utiliza el Map Tool para adaptar este mapa a Cuca Mod.
L 01/20/2025 - 21:24:48: [AMXX] Run time error 1 (plugin "cucarachas_main.amxx") - forced exit
L 01/20/2025 - 21:24:48: Called dynanative into a paused plugin.
L 01/20/2025 - 21:24:48: [AMXX] Run time error 10 (plugin "cucarachas_extras.amxx") (native "cm_register_extra_item") - debug not enabled!
L 01/20/2025 - 21:24:48: [AMXX] To enable debug mode, add "debug" after the plugin name in plugins.ini (without quotes).
L 01/20/2025 - 21:46:31: Start of error session.
L 01/20/2025 - 21:46:31: Info (map "cs_assault") (file "addons/amxmodx/logs/error_20250120.log")
L 01/20/2025 - 21:46:31: [AMXX] Plugin ("cucarachas_main.amxx") is setting itself as failed.
L 01/20/2025 - 21:46:31: [AMXX] Plugin says: Utiliza el Map Tool para adaptar este mapa a Cuca Mod.
L 01/20/2025 - 21:46:31: [AMXX] Run time error 1 (plugin "cucarachas_main.amxx") - forced exit
L 01/20/2025 - 21:46:31: Called dynanative into a paused plugin.
L 01/20/2025 - 21:46:31: [AMXX] Run time error 10 (plugin "cucarachas_extras.amxx") (native "cm_register_extra_item") - debug not enabled!
L 01/20/2025 - 21:46:31: [AMXX] To enable debug mode, add "debug" after the plugin name in plugins.ini (without quotes).
L 01/20/2025 - 22:05:40: Start of error session.
L 01/20/2025 - 22:05:40: Info (map "de_chateau") (file "addons/amxmodx/logs/error_20250120.log")
L 01/20/2025 - 22:05:40: [AMXX] Plugin ("cucarachas_main.amxx") is setting itself as failed.
L 01/20/2025 - 22:05:40: [AMXX] Plugin says: Utiliza el Map Tool para adaptar este mapa a Cuca Mod.
L 01/20/2025 - 22:05:40: [AMXX] Run time error 1 (plugin "cucarachas_main.amxx") - forced exit
L 01/20/2025 - 22:05:40: Called dynanative into a paused plugin.
L 01/20/2025 - 22:05:40: [AMXX] Run time error 10 (plugin "cucarachas_extras.amxx") (native "cm_register_extra_item") - debug not enabled!
L 01/20/2025 - 22:05:40: [AMXX] To enable debug mode, add "debug" after the plugin name in plugins.ini (without quotes).
L 01/20/2025 - 22:24:50: Start of error session.
L 01/20/2025 - 22:24:50: Info (map "cs_assault") (file "addons/amxmodx/logs/error_20250120.log")
L 01/20/2025 - 22:24:50: [AMXX] Plugin ("cucarachas_main.amxx") is setting itself as failed.
L 01/20/2025 - 22:24:50: [AMXX] Plugin says: Utiliza el Map Tool para adaptar este mapa a Cuca Mod.
L 01/20/2025 - 22:24:50: [AMXX] Run time error 1 (plugin "cucarachas_main.amxx") - forced exit
L 01/20/2025 - 22:24:50: Called dynanative into a paused plugin.
L 01/20/2025 - 22:24:50: [AMXX] Run time error 10 (plugin "cucarachas_extras.amxx") (native "cm_register_extra_item") - debug not enabled!
L 01/20/2025 - 22:24:50: [AMXX] To enable debug mode, add "debug" after the plugin name in plugins.ini (without quotes).
L 01/20/2025 - 22:44:00: Start of error session.
L 01/20/2025 - 22:44:00: Info (map "as_oilrig") (file "addons/amxmodx/logs/error_20250120.log")
L 01/20/2025 - 22:44:00: [AMXX] Plugin ("cucarachas_main.amxx") is setting itself as failed.
L 01/20/2025 - 22:44:00: [AMXX] Plugin says: Utiliza el Map Tool para adaptar este mapa a Cuca Mod.
L 01/20/2025 - 22:44:00: [AMXX] Run time error 1 (plugin "cucarachas_main.amxx") - forced exit
L 01/20/2025 - 22:44:00: Called dynanative into a paused plugin.
L 01/20/2025 - 22:44:00: [AMXX] Run time error 10 (plugin "cucarachas_extras.amxx") (native "cm_register_extra_item") - debug not enabled!
L 01/20/2025 - 22:44:00: [AMXX] To enable debug mode, add "debug" after the plugin name in plugins.ini (without quotes).
L 01/20/2025 - 23:09:10: Start of error session.
L 01/20/2025 - 23:09:10: Info (map "as_crazytank3") (file "addons/amxmodx/logs/error_20250120.log")
L 01/20/2025 - 23:09:10: [AMXX] Plugin ("cucarachas_main.amxx") is setting itself as failed.
L 01/20/2025 - 23:09:10: [AMXX] Plugin says: Utiliza el Map Tool para adaptar este mapa a Cuca Mod.
L 01/20/2025 - 23:09:10: [AMXX] Run time error 1 (plugin "cucarachas_main.amxx") - forced exit
L 01/20/2025 - 23:09:10: Called dynanative into a paused plugin.
L 01/20/2025 - 23:09:10: [AMXX] Run time error 10 (plugin "cucarachas_extras.amxx") (native "cm_register_extra_item") - debug not enabled!
L 01/20/2025 - 23:09:10: [AMXX] To enable debug mode, add "debug" after the plugin name in plugins.ini (without quotes).
L 01/20/2025 - 23:34:20: Start of error session.
L 01/20/2025 - 23:34:20: Info (map "as_oilrig") (file "addons/amxmodx/logs/error_20250120.log")
L 01/20/2025 - 23:34:20: [AMXX] Plugin ("cucarachas_main.amxx") is setting itself as failed.
L 01/20/2025 - 23:34:20: [AMXX] Plugin says: Utiliza el Map Tool para adaptar este mapa a Cuca Mod.
L 01/20/2025 - 23:34:20: [AMXX] Run time error 1 (plugin "cucarachas_main.amxx") - forced exit
L 01/20/2025 - 23:34:20: Called dynanative into a paused plugin.
L 01/20/2025 - 23:34:20: [AMXX] Run time error 10 (plugin "cucarachas_extras.amxx") (native "cm_register_extra_item") - debug not enabled!
L 01/20/2025 - 23:34:20: [AMXX] To enable debug mode, add "debug" after the plugin name in plugins.ini (without quotes).
L 01/20/2025 - 23:59:30: Start of error session.
L 01/20/2025 - 23:59:30: Info (map "rubaka_2forts") (file "addons/amxmodx/logs/error_20250120.log")
L 01/20/2025 - 23:59:30: [AMXX] Plugin ("cucarachas_main.amxx") is setting itself as failed.
L 01/20/2025 - 23:59:30: [AMXX] Plugin says: Utiliza el Map Tool para adaptar este mapa a Cuca Mod.
L 01/20/2025 - 23:59:30: [AMXX] Run time error 1 (plugin "cucarachas_main.amxx") - forced exit
L 01/20/2025 - 23:59:30: Called dynanative into a paused plugin.
L 01/20/2025 - 23:59:30: [AMXX] Run time error 10 (plugin "cucarachas_extras.amxx") (native "cm_register_extra_item") - debug not enabled!
L 01/20/2025 - 23:59:30: [AMXX] To enable debug mode, add "debug" after the plugin name in plugins.ini (without quotes).
