L 01/30/2025 - 00:16:10: Start of error session.
L 01/30/2025 - 00:16:10: Info (map "cs_estate") (file "addons/amxmodx/logs/error_20250130.log")
L 01/30/2025 - 00:16:10: [AMXX] Plugin ("cucarachas_main.amxx") is setting itself as failed.
L 01/30/2025 - 00:16:10: [AMXX] Plugin says: Utiliza el Map Tool para adaptar este mapa a Cuca Mod.
L 01/30/2025 - 00:16:10: [AMXX] Run time error 1 (plugin "cucarachas_main.amxx") - forced exit
L 01/30/2025 - 00:16:10: Called dynanative into a paused plugin.
L 01/30/2025 - 00:16:10: [AMXX] Run time error 10 (plugin "cucarachas_extras.amxx") (native "cm_register_extra_item") - debug not enabled!
L 01/30/2025 - 00:16:10: [AMXX] To enable debug mode, add "debug" after the plugin name in plugins.ini (without quotes).
L 01/30/2025 - 00:33:20: Start of error session.
L 01/30/2025 - 00:33:20: Info (map "de_dust") (file "addons/amxmodx/logs/error_20250130.log")
L 01/30/2025 - 00:33:20: [AMXX] Plugin ("cucarachas_main.amxx") is setting itself as failed.
L 01/30/2025 - 00:33:20: [AMXX] Plugin says: Utiliza el Map Tool para adaptar este mapa a Cuca Mod.
L 01/30/2025 - 00:33:20: [AMXX] Run time error 1 (plugin "cucarachas_main.amxx") - forced exit
L 01/30/2025 - 00:33:20: Called dynanative into a paused plugin.
L 01/30/2025 - 00:33:20: [AMXX] Run time error 10 (plugin "cucarachas_extras.amxx") (native "cm_register_extra_item") - debug not enabled!
L 01/30/2025 - 00:33:20: [AMXX] To enable debug mode, add "debug" after the plugin name in plugins.ini (without quotes).
L 01/30/2025 - 00:50:30: Start of error session.
L 01/30/2025 - 00:50:30: Info (map "de_dust2") (file "addons/amxmodx/logs/error_20250130.log")
L 01/30/2025 - 00:50:30: [AMXX] Plugin ("cucarachas_main.amxx") is setting itself as failed.
L 01/30/2025 - 00:50:30: [AMXX] Plugin says: Utiliza el Map Tool para adaptar este mapa a Cuca Mod.
L 01/30/2025 - 00:50:30: [AMXX] Run time error 1 (plugin "cucarachas_main.amxx") - forced exit
L 01/30/2025 - 00:50:30: Called dynanative into a paused plugin.
L 01/30/2025 - 00:50:30: [AMXX] Run time error 10 (plugin "cucarachas_extras.amxx") (native "cm_register_extra_item") - debug not enabled!
L 01/30/2025 - 00:50:30: [AMXX] To enable debug mode, add "debug" after the plugin name in plugins.ini (without quotes).
L 01/30/2025 - 01:10:40: Start of error session.
L 01/30/2025 - 01:10:40: Info (map "de_inferno") (file "addons/amxmodx/logs/error_20250130.log")
L 01/30/2025 - 01:10:40: [AMXX] Plugin ("cucarachas_main.amxx") is setting itself as failed.
L 01/30/2025 - 01:10:40: [AMXX] Plugin says: Utiliza el Map Tool para adaptar este mapa a Cuca Mod.
L 01/30/2025 - 01:10:40: [AMXX] Run time error 1 (plugin "cucarachas_main.amxx") - forced exit
L 01/30/2025 - 01:10:40: Called dynanative into a paused plugin.
L 01/30/2025 - 01:10:40: [AMXX] Run time error 10 (plugin "cucarachas_extras.amxx") (native "cm_register_extra_item") - debug not enabled!
L 01/30/2025 - 01:10:40: [AMXX] To enable debug mode, add "debug" after the plugin name in plugins.ini (without quotes).
L 01/30/2025 - 01:30:50: Start of error session.
L 01/30/2025 - 01:30:50: Info (map "de_dust2") (file "addons/amxmodx/logs/error_20250130.log")
L 01/30/2025 - 01:30:50: [AMXX] Plugin ("cucarachas_main.amxx") is setting itself as failed.
L 01/30/2025 - 01:30:50: [AMXX] Plugin says: Utiliza el Map Tool para adaptar este mapa a Cuca Mod.
L 01/30/2025 - 01:30:50: [AMXX] Run time error 1 (plugin "cucarachas_main.amxx") - forced exit
L 01/30/2025 - 01:30:50: Called dynanative into a paused plugin.
L 01/30/2025 - 01:30:50: [AMXX] Run time error 10 (plugin "cucarachas_extras.amxx") (native "cm_register_extra_item") - debug not enabled!
L 01/30/2025 - 01:30:50: [AMXX] To enable debug mode, add "debug" after the plugin name in plugins.ini (without quotes).
L 01/30/2025 - 01:50:59: Start of error session.
L 01/30/2025 - 01:50:59: Info (map "de_dust2") (file "addons/amxmodx/logs/error_20250130.log")
L 01/30/2025 - 01:50:59: [AMXX] Plugin ("cucarachas_main.amxx") is setting itself as failed.
L 01/30/2025 - 01:50:59: [AMXX] Plugin says: Utiliza el Map Tool para adaptar este mapa a Cuca Mod.
L 01/30/2025 - 01:50:59: [AMXX] Run time error 1 (plugin "cucarachas_main.amxx") - forced exit
L 01/30/2025 - 01:50:59: Called dynanative into a paused plugin.
L 01/30/2025 - 01:50:59: [AMXX] Run time error 10 (plugin "cucarachas_extras.amxx") (native "cm_register_extra_item") - debug not enabled!
L 01/30/2025 - 01:50:59: [AMXX] To enable debug mode, add "debug" after the plugin name in plugins.ini (without quotes).
L 01/30/2025 - 02:14:09: Start of error session.
L 01/30/2025 - 02:14:09: Info (map "de_aztec") (file "addons/amxmodx/logs/error_20250130.log")
L 01/30/2025 - 02:14:09: [AMXX] Plugin ("cucarachas_main.amxx") is setting itself as failed.
L 01/30/2025 - 02:14:09: [AMXX] Plugin says: Utiliza el Map Tool para adaptar este mapa a Cuca Mod.
L 01/30/2025 - 02:14:09: [AMXX] Run time error 1 (plugin "cucarachas_main.amxx") - forced exit
L 01/30/2025 - 02:14:09: Called dynanative into a paused plugin.
L 01/30/2025 - 02:14:09: [AMXX] Run time error 10 (plugin "cucarachas_extras.amxx") (native "cm_register_extra_item") - debug not enabled!
L 01/30/2025 - 02:14:09: [AMXX] To enable debug mode, add "debug" after the plugin name in plugins.ini (without quotes).
L 01/30/2025 - 02:37:19: Start of error session.
L 01/30/2025 - 02:37:19: Info (map "de_dust2") (file "addons/amxmodx/logs/error_20250130.log")
L 01/30/2025 - 02:37:19: [AMXX] Plugin ("cucarachas_main.amxx") is setting itself as failed.
L 01/30/2025 - 02:37:19: [AMXX] Plugin says: Utiliza el Map Tool para adaptar este mapa a Cuca Mod.
L 01/30/2025 - 02:37:19: [AMXX] Run time error 1 (plugin "cucarachas_main.amxx") - forced exit
L 01/30/2025 - 02:37:19: Called dynanative into a paused plugin.
L 01/30/2025 - 02:37:19: [AMXX] Run time error 10 (plugin "cucarachas_extras.amxx") (native "cm_register_extra_item") - debug not enabled!
L 01/30/2025 - 02:37:19: [AMXX] To enable debug mode, add "debug" after the plugin name in plugins.ini (without quotes).
L 01/30/2025 - 03:00:28: Start of error session.
L 01/30/2025 - 03:00:28: Info (map "de_aztec") (file "addons/amxmodx/logs/error_20250130.log")
L 01/30/2025 - 03:00:28: [AMXX] Plugin ("cucarachas_main.amxx") is setting itself as failed.
L 01/30/2025 - 03:00:28: [AMXX] Plugin says: Utiliza el Map Tool para adaptar este mapa a Cuca Mod.
L 01/30/2025 - 03:00:28: [AMXX] Run time error 1 (plugin "cucarachas_main.amxx") - forced exit
L 01/30/2025 - 03:00:28: Called dynanative into a paused plugin.
L 01/30/2025 - 03:00:28: [AMXX] Run time error 10 (plugin "cucarachas_extras.amxx") (native "cm_register_extra_item") - debug not enabled!
L 01/30/2025 - 03:00:28: [AMXX] To enable debug mode, add "debug" after the plugin name in plugins.ini (without quotes).
L 01/30/2025 - 03:23:38: Start of error session.
L 01/30/2025 - 03:23:38: Info (map "cs_estate") (file "addons/amxmodx/logs/error_20250130.log")
L 01/30/2025 - 03:23:38: [AMXX] Plugin ("cucarachas_main.amxx") is setting itself as failed.
L 01/30/2025 - 03:23:38: [AMXX] Plugin says: Utiliza el Map Tool para adaptar este mapa a Cuca Mod.
L 01/30/2025 - 03:23:38: [AMXX] Run time error 1 (plugin "cucarachas_main.amxx") - forced exit
L 01/30/2025 - 03:23:38: Called dynanative into a paused plugin.
L 01/30/2025 - 03:23:38: [AMXX] Run time error 10 (plugin "cucarachas_extras.amxx") (native "cm_register_extra_item") - debug not enabled!
L 01/30/2025 - 03:23:38: [AMXX] To enable debug mode, add "debug" after the plugin name in plugins.ini (without quotes).
L 01/30/2025 - 03:40:48: Start of error session.
L 01/30/2025 - 03:40:48: Info (map "de_dust") (file "addons/amxmodx/logs/error_20250130.log")
L 01/30/2025 - 03:40:48: [AMXX] Plugin ("cucarachas_main.amxx") is setting itself as failed.
L 01/30/2025 - 03:40:48: [AMXX] Plugin says: Utiliza el Map Tool para adaptar este mapa a Cuca Mod.
L 01/30/2025 - 03:40:48: [AMXX] Run time error 1 (plugin "cucarachas_main.amxx") - forced exit
L 01/30/2025 - 03:40:48: Called dynanative into a paused plugin.
L 01/30/2025 - 03:40:48: [AMXX] Run time error 10 (plugin "cucarachas_extras.amxx") (native "cm_register_extra_item") - debug not enabled!
L 01/30/2025 - 03:40:48: [AMXX] To enable debug mode, add "debug" after the plugin name in plugins.ini (without quotes).
L 01/30/2025 - 03:57:58: Start of error session.
L 01/30/2025 - 03:57:58: Info (map "de_dust2") (file "addons/amxmodx/logs/error_20250130.log")
L 01/30/2025 - 03:57:58: [AMXX] Plugin ("cucarachas_main.amxx") is setting itself as failed.
L 01/30/2025 - 03:57:58: [AMXX] Plugin says: Utiliza el Map Tool para adaptar este mapa a Cuca Mod.
L 01/30/2025 - 03:57:58: [AMXX] Run time error 1 (plugin "cucarachas_main.amxx") - forced exit
L 01/30/2025 - 03:57:58: Called dynanative into a paused plugin.
L 01/30/2025 - 03:57:58: [AMXX] Run time error 10 (plugin "cucarachas_extras.amxx") (native "cm_register_extra_item") - debug not enabled!
L 01/30/2025 - 03:57:58: [AMXX] To enable debug mode, add "debug" after the plugin name in plugins.ini (without quotes).
L 01/30/2025 - 04:18:08: Start of error session.
L 01/30/2025 - 04:18:08: Info (map "surf_iceday_remake") (file "addons/amxmodx/logs/error_20250130.log")
L 01/30/2025 - 04:18:08: [AMXX] Plugin ("cucarachas_main.amxx") is setting itself as failed.
L 01/30/2025 - 04:18:08: [AMXX] Plugin says: Utiliza el Map Tool para adaptar este mapa a Cuca Mod.
L 01/30/2025 - 04:18:08: [AMXX] Run time error 1 (plugin "cucarachas_main.amxx") - forced exit
L 01/30/2025 - 04:18:08: Called dynanative into a paused plugin.
L 01/30/2025 - 04:18:08: [AMXX] Run time error 10 (plugin "cucarachas_extras.amxx") (native "cm_register_extra_item") - debug not enabled!
L 01/30/2025 - 04:18:08: [AMXX] To enable debug mode, add "debug" after the plugin name in plugins.ini (without quotes).
L 01/30/2025 - 04:38:17: Start of error session.
L 01/30/2025 - 04:38:17: Info (map "de_dust2") (file "addons/amxmodx/logs/error_20250130.log")
L 01/30/2025 - 04:38:17: [AMXX] Plugin ("cucarachas_main.amxx") is setting itself as failed.
L 01/30/2025 - 04:38:17: [AMXX] Plugin says: Utiliza el Map Tool para adaptar este mapa a Cuca Mod.
L 01/30/2025 - 04:38:17: [AMXX] Run time error 1 (plugin "cucarachas_main.amxx") - forced exit
L 01/30/2025 - 04:38:17: Called dynanative into a paused plugin.
L 01/30/2025 - 04:38:17: [AMXX] Run time error 10 (plugin "cucarachas_extras.amxx") (native "cm_register_extra_item") - debug not enabled!
L 01/30/2025 - 04:38:17: [AMXX] To enable debug mode, add "debug" after the plugin name in plugins.ini (without quotes).
L 01/30/2025 - 04:58:27: Start of error session.
L 01/30/2025 - 04:58:27: Info (map "de_inferno") (file "addons/amxmodx/logs/error_20250130.log")
L 01/30/2025 - 04:58:27: [AMXX] Plugin ("cucarachas_main.amxx") is setting itself as failed.
L 01/30/2025 - 04:58:27: [AMXX] Plugin says: Utiliza el Map Tool para adaptar este mapa a Cuca Mod.
L 01/30/2025 - 04:58:27: [AMXX] Run time error 1 (plugin "cucarachas_main.amxx") - forced exit
L 01/30/2025 - 04:58:27: Called dynanative into a paused plugin.
L 01/30/2025 - 04:58:27: [AMXX] Run time error 10 (plugin "cucarachas_extras.amxx") (native "cm_register_extra_item") - debug not enabled!
L 01/30/2025 - 04:58:27: [AMXX] To enable debug mode, add "debug" after the plugin name in plugins.ini (without quotes).
L 01/30/2025 - 05:18:37: Start of error session.
L 01/30/2025 - 05:18:37: Info (map "de_dust2") (file "addons/amxmodx/logs/error_20250130.log")
L 01/30/2025 - 05:18:37: [AMXX] Plugin ("cucarachas_main.amxx") is setting itself as failed.
L 01/30/2025 - 05:18:37: [AMXX] Plugin says: Utiliza el Map Tool para adaptar este mapa a Cuca Mod.
L 01/30/2025 - 05:18:37: [AMXX] Run time error 1 (plugin "cucarachas_main.amxx") - forced exit
L 01/30/2025 - 05:18:37: Called dynanative into a paused plugin.
L 01/30/2025 - 05:18:37: [AMXX] Run time error 10 (plugin "cucarachas_extras.amxx") (native "cm_register_extra_item") - debug not enabled!
L 01/30/2025 - 05:18:37: [AMXX] To enable debug mode, add "debug" after the plugin name in plugins.ini (without quotes).
L 01/30/2025 - 05:38:46: Start of error session.
L 01/30/2025 - 05:38:46: Info (map "as_oilrig") (file "addons/amxmodx/logs/error_20250130.log")
L 01/30/2025 - 05:38:46: [AMXX] Plugin ("cucarachas_main.amxx") is setting itself as failed.
L 01/30/2025 - 05:38:46: [AMXX] Plugin says: Utiliza el Map Tool para adaptar este mapa a Cuca Mod.
L 01/30/2025 - 05:38:46: [AMXX] Run time error 1 (plugin "cucarachas_main.amxx") - forced exit
L 01/30/2025 - 05:38:46: Called dynanative into a paused plugin.
L 01/30/2025 - 05:38:46: [AMXX] Run time error 10 (plugin "cucarachas_extras.amxx") (native "cm_register_extra_item") - debug not enabled!
L 01/30/2025 - 05:38:46: [AMXX] To enable debug mode, add "debug" after the plugin name in plugins.ini (without quotes).
L 01/30/2025 - 06:03:56: Start of error session.
L 01/30/2025 - 06:03:56: Info (map "as_crazytank3") (file "addons/amxmodx/logs/error_20250130.log")
L 01/30/2025 - 06:03:56: [AMXX] Plugin ("cucarachas_main.amxx") is setting itself as failed.
L 01/30/2025 - 06:03:56: [AMXX] Plugin says: Utiliza el Map Tool para adaptar este mapa a Cuca Mod.
L 01/30/2025 - 06:03:56: [AMXX] Run time error 1 (plugin "cucarachas_main.amxx") - forced exit
L 01/30/2025 - 06:03:56: Called dynanative into a paused plugin.
L 01/30/2025 - 06:03:56: [AMXX] Run time error 10 (plugin "cucarachas_extras.amxx") (native "cm_register_extra_item") - debug not enabled!
L 01/30/2025 - 06:03:56: [AMXX] To enable debug mode, add "debug" after the plugin name in plugins.ini (without quotes).
L 01/30/2025 - 06:29:06: Start of error session.
L 01/30/2025 - 06:29:06: Info (map "as_oilrig") (file "addons/amxmodx/logs/error_20250130.log")
L 01/30/2025 - 06:29:06: [AMXX] Plugin ("cucarachas_main.amxx") is setting itself as failed.
L 01/30/2025 - 06:29:06: [AMXX] Plugin says: Utiliza el Map Tool para adaptar este mapa a Cuca Mod.
L 01/30/2025 - 06:29:06: [AMXX] Run time error 1 (plugin "cucarachas_main.amxx") - forced exit
L 01/30/2025 - 06:29:06: Called dynanative into a paused plugin.
L 01/30/2025 - 06:29:06: [AMXX] Run time error 10 (plugin "cucarachas_extras.amxx") (native "cm_register_extra_item") - debug not enabled!
L 01/30/2025 - 06:29:06: [AMXX] To enable debug mode, add "debug" after the plugin name in plugins.ini (without quotes).
L 01/30/2025 - 06:54:16: Start of error session.
L 01/30/2025 - 06:54:16: Info (map "rubaka_2forts") (file "addons/amxmodx/logs/error_20250130.log")
L 01/30/2025 - 06:54:16: [AMXX] Plugin ("cucarachas_main.amxx") is setting itself as failed.
L 01/30/2025 - 06:54:16: [AMXX] Plugin says: Utiliza el Map Tool para adaptar este mapa a Cuca Mod.
L 01/30/2025 - 06:54:16: [AMXX] Run time error 1 (plugin "cucarachas_main.amxx") - forced exit
L 01/30/2025 - 06:54:16: Called dynanative into a paused plugin.
L 01/30/2025 - 06:54:16: [AMXX] Run time error 10 (plugin "cucarachas_extras.amxx") (native "cm_register_extra_item") - debug not enabled!
L 01/30/2025 - 06:54:16: [AMXX] To enable debug mode, add "debug" after the plugin name in plugins.ini (without quotes).
L 01/30/2025 - 07:15:58: Start of error session.
L 01/30/2025 - 07:15:58: Info (map "rubaka_arena") (file "addons/amxmodx/logs/error_20250130.log")
L 01/30/2025 - 07:15:58: [AMXX] Plugin ("cucarachas_main.amxx") is setting itself as failed.
L 01/30/2025 - 07:15:58: [AMXX] Plugin says: Utiliza el Map Tool para adaptar este mapa a Cuca Mod.
L 01/30/2025 - 07:15:58: [AMXX] Run time error 1 (plugin "cucarachas_main.amxx") - forced exit
L 01/30/2025 - 07:15:58: Called dynanative into a paused plugin.
L 01/30/2025 - 07:15:58: [AMXX] Run time error 10 (plugin "cucarachas_extras.amxx") (native "cm_register_extra_item") - debug not enabled!
L 01/30/2025 - 07:15:58: [AMXX] To enable debug mode, add "debug" after the plugin name in plugins.ini (without quotes).
L 01/30/2025 - 07:37:41: Start of error session.
L 01/30/2025 - 07:37:41: Info (map "fy_titanic") (file "addons/amxmodx/logs/error_20250130.log")
L 01/30/2025 - 07:37:41: [AMXX] Plugin ("cucarachas_main.amxx") is setting itself as failed.
L 01/30/2025 - 07:37:41: [AMXX] Plugin says: Utiliza el Map Tool para adaptar este mapa a Cuca Mod.
L 01/30/2025 - 07:37:41: [AMXX] Run time error 1 (plugin "cucarachas_main.amxx") - forced exit
L 01/30/2025 - 07:37:41: Called dynanative into a paused plugin.
L 01/30/2025 - 07:37:41: [AMXX] Run time error 10 (plugin "cucarachas_extras.amxx") (native "cm_register_extra_item") - debug not enabled!
L 01/30/2025 - 07:37:41: [AMXX] To enable debug mode, add "debug" after the plugin name in plugins.ini (without quotes).
L 01/30/2025 - 08:22:50: Start of error session.
L 01/30/2025 - 08:22:50: Info (map "fy_pool_suite") (file "addons/amxmodx/logs/error_20250130.log")
L 01/30/2025 - 08:22:50: [AMXX] Plugin ("cucarachas_main.amxx") is setting itself as failed.
L 01/30/2025 - 08:22:50: [AMXX] Plugin says: Utiliza el Map Tool para adaptar este mapa a Cuca Mod.
L 01/30/2025 - 08:22:50: [AMXX] Run time error 1 (plugin "cucarachas_main.amxx") - forced exit
L 01/30/2025 - 08:22:50: Called dynanative into a paused plugin.
L 01/30/2025 - 08:22:50: [AMXX] Run time error 10 (plugin "cucarachas_extras.amxx") (native "cm_register_extra_item") - debug not enabled!
L 01/30/2025 - 08:22:50: [AMXX] To enable debug mode, add "debug" after the plugin name in plugins.ini (without quotes).
L 01/30/2025 - 09:08:00: Start of error session.
L 01/30/2025 - 09:08:00: Info (map "fy_titanic") (file "addons/amxmodx/logs/error_20250130.log")
L 01/30/2025 - 09:08:00: [AMXX] Plugin ("cucarachas_main.amxx") is setting itself as failed.
L 01/30/2025 - 09:08:00: [AMXX] Plugin says: Utiliza el Map Tool para adaptar este mapa a Cuca Mod.
L 01/30/2025 - 09:08:00: [AMXX] Run time error 1 (plugin "cucarachas_main.amxx") - forced exit
L 01/30/2025 - 09:08:00: Called dynanative into a paused plugin.
L 01/30/2025 - 09:08:00: [AMXX] Run time error 10 (plugin "cucarachas_extras.amxx") (native "cm_register_extra_item") - debug not enabled!
L 01/30/2025 - 09:08:00: [AMXX] To enable debug mode, add "debug" after the plugin name in plugins.ini (without quotes).
L 01/30/2025 - 09:53:10: Start of error session.
L 01/30/2025 - 09:53:10: Info (map "cs_estate") (file "addons/amxmodx/logs/error_20250130.log")
L 01/30/2025 - 09:53:10: [AMXX] Plugin ("cucarachas_main.amxx") is setting itself as failed.
L 01/30/2025 - 09:53:10: [AMXX] Plugin says: Utiliza el Map Tool para adaptar este mapa a Cuca Mod.
L 01/30/2025 - 09:53:10: [AMXX] Run time error 1 (plugin "cucarachas_main.amxx") - forced exit
L 01/30/2025 - 09:53:10: Called dynanative into a paused plugin.
L 01/30/2025 - 09:53:10: [AMXX] Run time error 10 (plugin "cucarachas_extras.amxx") (native "cm_register_extra_item") - debug not enabled!
L 01/30/2025 - 09:53:10: [AMXX] To enable debug mode, add "debug" after the plugin name in plugins.ini (without quotes).
L 01/30/2025 - 10:10:20: Start of error session.
L 01/30/2025 - 10:10:20: Info (map "de_dust") (file "addons/amxmodx/logs/error_20250130.log")
L 01/30/2025 - 10:10:20: [AMXX] Plugin ("cucarachas_main.amxx") is setting itself as failed.
L 01/30/2025 - 10:10:20: [AMXX] Plugin says: Utiliza el Map Tool para adaptar este mapa a Cuca Mod.
L 01/30/2025 - 10:10:20: [AMXX] Run time error 1 (plugin "cucarachas_main.amxx") - forced exit
L 01/30/2025 - 10:10:20: Called dynanative into a paused plugin.
L 01/30/2025 - 10:10:20: [AMXX] Run time error 10 (plugin "cucarachas_extras.amxx") (native "cm_register_extra_item") - debug not enabled!
L 01/30/2025 - 10:10:20: [AMXX] To enable debug mode, add "debug" after the plugin name in plugins.ini (without quotes).
L 01/30/2025 - 10:27:30: Start of error session.
L 01/30/2025 - 10:27:30: Info (map "rubaka_2forts") (file "addons/amxmodx/logs/error_20250130.log")
L 01/30/2025 - 10:27:30: [AMXX] Plugin ("cucarachas_main.amxx") is setting itself as failed.
L 01/30/2025 - 10:27:30: [AMXX] Plugin says: Utiliza el Map Tool para adaptar este mapa a Cuca Mod.
L 01/30/2025 - 10:27:30: [AMXX] Run time error 1 (plugin "cucarachas_main.amxx") - forced exit
L 01/30/2025 - 10:27:30: Called dynanative into a paused plugin.
L 01/30/2025 - 10:27:30: [AMXX] Run time error 10 (plugin "cucarachas_extras.amxx") (native "cm_register_extra_item") - debug not enabled!
L 01/30/2025 - 10:27:30: [AMXX] To enable debug mode, add "debug" after the plugin name in plugins.ini (without quotes).
L 01/30/2025 - 10:49:13: Start of error session.
L 01/30/2025 - 10:49:13: Info (map "35hp_gx") (file "addons/amxmodx/logs/error_20250130.log")
L 01/30/2025 - 10:49:13: [AMXX] Plugin ("cucarachas_main.amxx") is setting itself as failed.
L 01/30/2025 - 10:49:13: [AMXX] Plugin says: Utiliza el Map Tool para adaptar este mapa a Cuca Mod.
L 01/30/2025 - 10:49:13: [AMXX] Run time error 1 (plugin "cucarachas_main.amxx") - forced exit
L 01/30/2025 - 10:49:13: Called dynanative into a paused plugin.
L 01/30/2025 - 10:49:13: [AMXX] Run time error 10 (plugin "cucarachas_extras.amxx") (native "cm_register_extra_item") - debug not enabled!
L 01/30/2025 - 10:49:13: [AMXX] To enable debug mode, add "debug" after the plugin name in plugins.ini (without quotes).
L 01/30/2025 - 11:10:55: Start of error session.
L 01/30/2025 - 11:10:55: Info (map "cs_paintball") (file "addons/amxmodx/logs/error_20250130.log")
L 01/30/2025 - 11:10:55: [AMXX] Plugin ("cucarachas_main.amxx") is setting itself as failed.
L 01/30/2025 - 11:10:55: [AMXX] Plugin says: Utiliza el Map Tool para adaptar este mapa a Cuca Mod.
L 01/30/2025 - 11:10:55: [AMXX] Run time error 1 (plugin "cucarachas_main.amxx") - forced exit
L 01/30/2025 - 11:10:55: Called dynanative into a paused plugin.
L 01/30/2025 - 11:10:55: [AMXX] Run time error 10 (plugin "cucarachas_extras.amxx") (native "cm_register_extra_item") - debug not enabled!
L 01/30/2025 - 11:10:55: [AMXX] To enable debug mode, add "debug" after the plugin name in plugins.ini (without quotes).
L 01/30/2025 - 11:31:05: Start of error session.
L 01/30/2025 - 11:31:05: Info (map "de_dust2") (file "addons/amxmodx/logs/error_20250130.log")
L 01/30/2025 - 11:31:05: [AMXX] Plugin ("cucarachas_main.amxx") is setting itself as failed.
L 01/30/2025 - 11:31:05: [AMXX] Plugin says: Utiliza el Map Tool para adaptar este mapa a Cuca Mod.
L 01/30/2025 - 11:31:05: [AMXX] Run time error 1 (plugin "cucarachas_main.amxx") - forced exit
L 01/30/2025 - 11:31:05: Called dynanative into a paused plugin.
L 01/30/2025 - 11:31:05: [AMXX] Run time error 10 (plugin "cucarachas_extras.amxx") (native "cm_register_extra_item") - debug not enabled!
L 01/30/2025 - 11:31:05: [AMXX] To enable debug mode, add "debug" after the plugin name in plugins.ini (without quotes).
L 01/30/2025 - 11:51:15: Start of error session.
L 01/30/2025 - 11:51:15: Info (map "kz_arsacid") (file "addons/amxmodx/logs/error_20250130.log")
L 01/30/2025 - 11:51:15: [AMXX] Plugin ("cucarachas_main.amxx") is setting itself as failed.
L 01/30/2025 - 11:51:15: [AMXX] Plugin says: Utiliza el Map Tool para adaptar este mapa a Cuca Mod.
L 01/30/2025 - 11:51:15: [AMXX] Run time error 1 (plugin "cucarachas_main.amxx") - forced exit
L 01/30/2025 - 11:51:15: Called dynanative into a paused plugin.
L 01/30/2025 - 11:51:15: [AMXX] Run time error 10 (plugin "cucarachas_extras.amxx") (native "cm_register_extra_item") - debug not enabled!
L 01/30/2025 - 11:51:15: [AMXX] To enable debug mode, add "debug" after the plugin name in plugins.ini (without quotes).
L 01/30/2025 - 12:11:25: Start of error session.
L 01/30/2025 - 12:11:25: Info (map "kz_xj_brickjump") (file "addons/amxmodx/logs/error_20250130.log")
L 01/30/2025 - 12:11:25: [AMXX] Plugin ("cucarachas_main.amxx") is setting itself as failed.
L 01/30/2025 - 12:11:25: [AMXX] Plugin says: Utiliza el Map Tool para adaptar este mapa a Cuca Mod.
L 01/30/2025 - 12:11:25: [AMXX] Run time error 1 (plugin "cucarachas_main.amxx") - forced exit
L 01/30/2025 - 12:11:25: Called dynanative into a paused plugin.
L 01/30/2025 - 12:11:25: [AMXX] Run time error 10 (plugin "cucarachas_extras.amxx") (native "cm_register_extra_item") - debug not enabled!
L 01/30/2025 - 12:11:25: [AMXX] To enable debug mode, add "debug" after the plugin name in plugins.ini (without quotes).
L 01/30/2025 - 12:31:34: Start of error session.
L 01/30/2025 - 12:31:34: Info (map "bkz_goldbhop") (file "addons/amxmodx/logs/error_20250130.log")
L 01/30/2025 - 12:31:34: [AMXX] Plugin ("cucarachas_main.amxx") is setting itself as failed.
L 01/30/2025 - 12:31:34: [AMXX] Plugin says: Utiliza el Map Tool para adaptar este mapa a Cuca Mod.
L 01/30/2025 - 12:31:34: [AMXX] Run time error 1 (plugin "cucarachas_main.amxx") - forced exit
L 01/30/2025 - 12:31:34: Called dynanative into a paused plugin.
L 01/30/2025 - 12:31:34: [AMXX] Run time error 10 (plugin "cucarachas_extras.amxx") (native "cm_register_extra_item") - debug not enabled!
L 01/30/2025 - 12:31:34: [AMXX] To enable debug mode, add "debug" after the plugin name in plugins.ini (without quotes).
L 01/30/2025 - 12:51:44: Start of error session.
L 01/30/2025 - 12:51:44: Info (map "cs_office") (file "addons/amxmodx/logs/error_20250130.log")
L 01/30/2025 - 12:51:44: [AMXX] Plugin ("cucarachas_main.amxx") is setting itself as failed.
L 01/30/2025 - 12:51:44: [AMXX] Plugin says: Utiliza el Map Tool para adaptar este mapa a Cuca Mod.
L 01/30/2025 - 12:51:44: [AMXX] Run time error 1 (plugin "cucarachas_main.amxx") - forced exit
L 01/30/2025 - 12:51:44: Called dynanative into a paused plugin.
L 01/30/2025 - 12:51:44: [AMXX] Run time error 10 (plugin "cucarachas_extras.amxx") (native "cm_register_extra_item") - debug not enabled!
L 01/30/2025 - 12:51:44: [AMXX] To enable debug mode, add "debug" after the plugin name in plugins.ini (without quotes).
L 01/30/2025 - 13:10:54: Start of error session.
L 01/30/2025 - 13:10:54: Info (map "cs_assault") (file "addons/amxmodx/logs/error_20250130.log")
L 01/30/2025 - 13:10:54: [AMXX] Plugin ("cucarachas_main.amxx") is setting itself as failed.
L 01/30/2025 - 13:10:54: [AMXX] Plugin says: Utiliza el Map Tool para adaptar este mapa a Cuca Mod.
L 01/30/2025 - 13:10:54: [AMXX] Run time error 1 (plugin "cucarachas_main.amxx") - forced exit
L 01/30/2025 - 13:10:54: Called dynanative into a paused plugin.
L 01/30/2025 - 13:10:54: [AMXX] Run time error 10 (plugin "cucarachas_extras.amxx") (native "cm_register_extra_item") - debug not enabled!
L 01/30/2025 - 13:10:54: [AMXX] To enable debug mode, add "debug" after the plugin name in plugins.ini (without quotes).
L 01/30/2025 - 13:30:04: Start of error session.
L 01/30/2025 - 13:30:04: Info (map "de_chateau") (file "addons/amxmodx/logs/error_20250130.log")
L 01/30/2025 - 13:30:04: [AMXX] Plugin ("cucarachas_main.amxx") is setting itself as failed.
L 01/30/2025 - 13:30:04: [AMXX] Plugin says: Utiliza el Map Tool para adaptar este mapa a Cuca Mod.
L 01/30/2025 - 13:30:04: [AMXX] Run time error 1 (plugin "cucarachas_main.amxx") - forced exit
L 01/30/2025 - 13:30:04: Called dynanative into a paused plugin.
L 01/30/2025 - 13:30:04: [AMXX] Run time error 10 (plugin "cucarachas_extras.amxx") (native "cm_register_extra_item") - debug not enabled!
L 01/30/2025 - 13:30:04: [AMXX] To enable debug mode, add "debug" after the plugin name in plugins.ini (without quotes).
L 01/30/2025 - 13:49:13: Start of error session.
L 01/30/2025 - 13:49:13: Info (map "rubaka_2forts") (file "addons/amxmodx/logs/error_20250130.log")
L 01/30/2025 - 13:49:13: [AMXX] Plugin ("cucarachas_main.amxx") is setting itself as failed.
L 01/30/2025 - 13:49:13: [AMXX] Plugin says: Utiliza el Map Tool para adaptar este mapa a Cuca Mod.
L 01/30/2025 - 13:49:13: [AMXX] Run time error 1 (plugin "cucarachas_main.amxx") - forced exit
L 01/30/2025 - 13:49:13: Called dynanative into a paused plugin.
L 01/30/2025 - 13:49:13: [AMXX] Run time error 10 (plugin "cucarachas_extras.amxx") (native "cm_register_extra_item") - debug not enabled!
L 01/30/2025 - 13:49:13: [AMXX] To enable debug mode, add "debug" after the plugin name in plugins.ini (without quotes).
L 01/30/2025 - 14:10:56: Start of error session.
L 01/30/2025 - 14:10:56: Info (map "35hp_gx") (file "addons/amxmodx/logs/error_20250130.log")
L 01/30/2025 - 14:10:56: [AMXX] Plugin ("cucarachas_main.amxx") is setting itself as failed.
L 01/30/2025 - 14:10:56: [AMXX] Plugin says: Utiliza el Map Tool para adaptar este mapa a Cuca Mod.
L 01/30/2025 - 14:10:56: [AMXX] Run time error 1 (plugin "cucarachas_main.amxx") - forced exit
L 01/30/2025 - 14:10:56: Called dynanative into a paused plugin.
L 01/30/2025 - 14:10:56: [AMXX] Run time error 10 (plugin "cucarachas_extras.amxx") (native "cm_register_extra_item") - debug not enabled!
L 01/30/2025 - 14:10:56: [AMXX] To enable debug mode, add "debug" after the plugin name in plugins.ini (without quotes).
L 01/30/2025 - 14:32:38: Start of error session.
L 01/30/2025 - 14:32:38: Info (map "as_oilrig") (file "addons/amxmodx/logs/error_20250130.log")
L 01/30/2025 - 14:32:38: [AMXX] Plugin ("cucarachas_main.amxx") is setting itself as failed.
L 01/30/2025 - 14:32:38: [AMXX] Plugin says: Utiliza el Map Tool para adaptar este mapa a Cuca Mod.
L 01/30/2025 - 14:32:38: [AMXX] Run time error 1 (plugin "cucarachas_main.amxx") - forced exit
L 01/30/2025 - 14:32:38: Called dynanative into a paused plugin.
L 01/30/2025 - 14:32:38: [AMXX] Run time error 10 (plugin "cucarachas_extras.amxx") (native "cm_register_extra_item") - debug not enabled!
L 01/30/2025 - 14:32:38: [AMXX] To enable debug mode, add "debug" after the plugin name in plugins.ini (without quotes).
L 01/30/2025 - 14:57:48: Start of error session.
L 01/30/2025 - 14:57:48: Info (map "as_crazytank3") (file "addons/amxmodx/logs/error_20250130.log")
L 01/30/2025 - 14:57:48: [AMXX] Plugin ("cucarachas_main.amxx") is setting itself as failed.
L 01/30/2025 - 14:57:48: [AMXX] Plugin says: Utiliza el Map Tool para adaptar este mapa a Cuca Mod.
L 01/30/2025 - 14:57:48: [AMXX] Run time error 1 (plugin "cucarachas_main.amxx") - forced exit
L 01/30/2025 - 14:57:48: Called dynanative into a paused plugin.
L 01/30/2025 - 14:57:48: [AMXX] Run time error 10 (plugin "cucarachas_extras.amxx") (native "cm_register_extra_item") - debug not enabled!
L 01/30/2025 - 14:57:48: [AMXX] To enable debug mode, add "debug" after the plugin name in plugins.ini (without quotes).
L 01/30/2025 - 15:22:58: Start of error session.
L 01/30/2025 - 15:22:58: Info (map "as_oilrig") (file "addons/amxmodx/logs/error_20250130.log")
L 01/30/2025 - 15:22:58: [AMXX] Plugin ("cucarachas_main.amxx") is setting itself as failed.
L 01/30/2025 - 15:22:58: [AMXX] Plugin says: Utiliza el Map Tool para adaptar este mapa a Cuca Mod.
L 01/30/2025 - 15:22:58: [AMXX] Run time error 1 (plugin "cucarachas_main.amxx") - forced exit
L 01/30/2025 - 15:22:58: Called dynanative into a paused plugin.
L 01/30/2025 - 15:22:58: [AMXX] Run time error 10 (plugin "cucarachas_extras.amxx") (native "cm_register_extra_item") - debug not enabled!
L 01/30/2025 - 15:22:58: [AMXX] To enable debug mode, add "debug" after the plugin name in plugins.ini (without quotes).
L 01/30/2025 - 15:48:08: Start of error session.
L 01/30/2025 - 15:48:08: Info (map "rubaka_2forts") (file "addons/amxmodx/logs/error_20250130.log")
L 01/30/2025 - 15:48:08: [AMXX] Plugin ("cucarachas_main.amxx") is setting itself as failed.
L 01/30/2025 - 15:48:08: [AMXX] Plugin says: Utiliza el Map Tool para adaptar este mapa a Cuca Mod.
L 01/30/2025 - 15:48:08: [AMXX] Run time error 1 (plugin "cucarachas_main.amxx") - forced exit
L 01/30/2025 - 15:48:08: Called dynanative into a paused plugin.
L 01/30/2025 - 15:48:08: [AMXX] Run time error 10 (plugin "cucarachas_extras.amxx") (native "cm_register_extra_item") - debug not enabled!
L 01/30/2025 - 15:48:08: [AMXX] To enable debug mode, add "debug" after the plugin name in plugins.ini (without quotes).
L 01/30/2025 - 16:09:50: Start of error session.
L 01/30/2025 - 16:09:50: Info (map "rubaka_arena") (file "addons/amxmodx/logs/error_20250130.log")
L 01/30/2025 - 16:09:50: [AMXX] Plugin ("cucarachas_main.amxx") is setting itself as failed.
L 01/30/2025 - 16:09:50: [AMXX] Plugin says: Utiliza el Map Tool para adaptar este mapa a Cuca Mod.
L 01/30/2025 - 16:09:50: [AMXX] Run time error 1 (plugin "cucarachas_main.amxx") - forced exit
L 01/30/2025 - 16:09:50: Called dynanative into a paused plugin.
L 01/30/2025 - 16:09:50: [AMXX] Run time error 10 (plugin "cucarachas_extras.amxx") (native "cm_register_extra_item") - debug not enabled!
L 01/30/2025 - 16:09:50: [AMXX] To enable debug mode, add "debug" after the plugin name in plugins.ini (without quotes).
L 01/30/2025 - 16:31:33: Start of error session.
L 01/30/2025 - 16:31:33: Info (map "deathrace_brio") (file "addons/amxmodx/logs/error_20250130.log")
L 01/30/2025 - 16:31:33: [AMXX] Plugin ("cucarachas_main.amxx") is setting itself as failed.
L 01/30/2025 - 16:31:33: [AMXX] Plugin says: Utiliza el Map Tool para adaptar este mapa a Cuca Mod.
L 01/30/2025 - 16:31:33: [AMXX] Run time error 1 (plugin "cucarachas_main.amxx") - forced exit
L 01/30/2025 - 16:31:33: Called dynanative into a paused plugin.
L 01/30/2025 - 16:31:33: [AMXX] Run time error 10 (plugin "cucarachas_extras.amxx") (native "cm_register_extra_item") - debug not enabled!
L 01/30/2025 - 16:31:33: [AMXX] To enable debug mode, add "debug" after the plugin name in plugins.ini (without quotes).
L 01/30/2025 - 16:52:45: Start of error session.
L 01/30/2025 - 16:52:45: Info (map "deathrace_dangerous") (file "addons/amxmodx/logs/error_20250130.log")
L 01/30/2025 - 16:52:45: [AMXX] Plugin ("cucarachas_main.amxx") is setting itself as failed.
L 01/30/2025 - 16:52:45: [AMXX] Plugin says: Utiliza el Map Tool para adaptar este mapa a Cuca Mod.
L 01/30/2025 - 16:52:45: [AMXX] Run time error 1 (plugin "cucarachas_main.amxx") - forced exit
L 01/30/2025 - 16:52:45: Called dynanative into a paused plugin.
L 01/30/2025 - 16:52:45: [AMXX] Run time error 10 (plugin "cucarachas_extras.amxx") (native "cm_register_extra_item") - debug not enabled!
L 01/30/2025 - 16:52:45: [AMXX] To enable debug mode, add "debug" after the plugin name in plugins.ini (without quotes).
L 01/30/2025 - 17:13:56: Start of error session.
L 01/30/2025 - 17:13:56: Info (map "cs_assault") (file "addons/amxmodx/logs/error_20250130.log")
L 01/30/2025 - 17:13:56: [AMXX] Plugin ("cucarachas_main.amxx") is setting itself as failed.
L 01/30/2025 - 17:13:56: [AMXX] Plugin says: Utiliza el Map Tool para adaptar este mapa a Cuca Mod.
L 01/30/2025 - 17:13:56: [AMXX] Run time error 1 (plugin "cucarachas_main.amxx") - forced exit
L 01/30/2025 - 17:13:56: Called dynanative into a paused plugin.
L 01/30/2025 - 17:13:56: [AMXX] Run time error 10 (plugin "cucarachas_extras.amxx") (native "cm_register_extra_item") - debug not enabled!
L 01/30/2025 - 17:13:56: [AMXX] To enable debug mode, add "debug" after the plugin name in plugins.ini (without quotes).
L 01/30/2025 - 17:33:06: Start of error session.
L 01/30/2025 - 17:33:06: Info (map "de_chateau") (file "addons/amxmodx/logs/error_20250130.log")
L 01/30/2025 - 17:33:06: [AMXX] Plugin ("cucarachas_main.amxx") is setting itself as failed.
L 01/30/2025 - 17:33:06: [AMXX] Plugin says: Utiliza el Map Tool para adaptar este mapa a Cuca Mod.
L 01/30/2025 - 17:33:06: [AMXX] Run time error 1 (plugin "cucarachas_main.amxx") - forced exit
L 01/30/2025 - 17:33:06: Called dynanative into a paused plugin.
L 01/30/2025 - 17:33:06: [AMXX] Run time error 10 (plugin "cucarachas_extras.amxx") (native "cm_register_extra_item") - debug not enabled!
L 01/30/2025 - 17:33:06: [AMXX] To enable debug mode, add "debug" after the plugin name in plugins.ini (without quotes).
L 01/30/2025 - 17:52:16: Start of error session.
L 01/30/2025 - 17:52:16: Info (map "cs_assault") (file "addons/amxmodx/logs/error_20250130.log")
L 01/30/2025 - 17:52:16: [AMXX] Plugin ("cucarachas_main.amxx") is setting itself as failed.
L 01/30/2025 - 17:52:16: [AMXX] Plugin says: Utiliza el Map Tool para adaptar este mapa a Cuca Mod.
L 01/30/2025 - 17:52:16: [AMXX] Run time error 1 (plugin "cucarachas_main.amxx") - forced exit
L 01/30/2025 - 17:52:16: Called dynanative into a paused plugin.
L 01/30/2025 - 17:52:16: [AMXX] Run time error 10 (plugin "cucarachas_extras.amxx") (native "cm_register_extra_item") - debug not enabled!
L 01/30/2025 - 17:52:16: [AMXX] To enable debug mode, add "debug" after the plugin name in plugins.ini (without quotes).
L 01/30/2025 - 18:11:26: Start of error session.
L 01/30/2025 - 18:11:26: Info (map "rubaka_2forts") (file "addons/amxmodx/logs/error_20250130.log")
L 01/30/2025 - 18:11:26: [AMXX] Plugin ("cucarachas_main.amxx") is setting itself as failed.
L 01/30/2025 - 18:11:26: [AMXX] Plugin says: Utiliza el Map Tool para adaptar este mapa a Cuca Mod.
L 01/30/2025 - 18:11:26: [AMXX] Run time error 1 (plugin "cucarachas_main.amxx") - forced exit
L 01/30/2025 - 18:11:26: Called dynanative into a paused plugin.
L 01/30/2025 - 18:11:26: [AMXX] Run time error 10 (plugin "cucarachas_extras.amxx") (native "cm_register_extra_item") - debug not enabled!
L 01/30/2025 - 18:11:26: [AMXX] To enable debug mode, add "debug" after the plugin name in plugins.ini (without quotes).
L 01/30/2025 - 18:33:08: Start of error session.
L 01/30/2025 - 18:33:08: Info (map "35hp_gx") (file "addons/amxmodx/logs/error_20250130.log")
L 01/30/2025 - 18:33:08: [AMXX] Plugin ("cucarachas_main.amxx") is setting itself as failed.
L 01/30/2025 - 18:33:08: [AMXX] Plugin says: Utiliza el Map Tool para adaptar este mapa a Cuca Mod.
L 01/30/2025 - 18:33:08: [AMXX] Run time error 1 (plugin "cucarachas_main.amxx") - forced exit
L 01/30/2025 - 18:33:08: Called dynanative into a paused plugin.
L 01/30/2025 - 18:33:08: [AMXX] Run time error 10 (plugin "cucarachas_extras.amxx") (native "cm_register_extra_item") - debug not enabled!
L 01/30/2025 - 18:33:08: [AMXX] To enable debug mode, add "debug" after the plugin name in plugins.ini (without quotes).
L 01/30/2025 - 18:54:51: Start of error session.
L 01/30/2025 - 18:54:51: Info (map "kz_arsacid") (file "addons/amxmodx/logs/error_20250130.log")
L 01/30/2025 - 18:54:51: [AMXX] Plugin ("cucarachas_main.amxx") is setting itself as failed.
L 01/30/2025 - 18:54:51: [AMXX] Plugin says: Utiliza el Map Tool para adaptar este mapa a Cuca Mod.
L 01/30/2025 - 18:54:51: [AMXX] Run time error 1 (plugin "cucarachas_main.amxx") - forced exit
L 01/30/2025 - 18:54:51: Called dynanative into a paused plugin.
L 01/30/2025 - 18:54:51: [AMXX] Run time error 10 (plugin "cucarachas_extras.amxx") (native "cm_register_extra_item") - debug not enabled!
L 01/30/2025 - 18:54:51: [AMXX] To enable debug mode, add "debug" after the plugin name in plugins.ini (without quotes).
L 01/30/2025 - 19:15:01: Start of error session.
L 01/30/2025 - 19:15:01: Info (map "bkz_goldbhop") (file "addons/amxmodx/logs/error_20250130.log")
L 01/30/2025 - 19:15:01: [AMXX] Plugin ("cucarachas_main.amxx") is setting itself as failed.
L 01/30/2025 - 19:15:01: [AMXX] Plugin says: Utiliza el Map Tool para adaptar este mapa a Cuca Mod.
L 01/30/2025 - 19:15:01: [AMXX] Run time error 1 (plugin "cucarachas_main.amxx") - forced exit
L 01/30/2025 - 19:15:01: Called dynanative into a paused plugin.
L 01/30/2025 - 19:15:01: [AMXX] Run time error 10 (plugin "cucarachas_extras.amxx") (native "cm_register_extra_item") - debug not enabled!
L 01/30/2025 - 19:15:01: [AMXX] To enable debug mode, add "debug" after the plugin name in plugins.ini (without quotes).
L 01/30/2025 - 19:35:11: Start of error session.
L 01/30/2025 - 19:35:11: Info (map "kz_xj_brickjump") (file "addons/amxmodx/logs/error_20250130.log")
L 01/30/2025 - 19:35:11: [AMXX] Plugin ("cucarachas_main.amxx") is setting itself as failed.
L 01/30/2025 - 19:35:11: [AMXX] Plugin says: Utiliza el Map Tool para adaptar este mapa a Cuca Mod.
L 01/30/2025 - 19:35:11: [AMXX] Run time error 1 (plugin "cucarachas_main.amxx") - forced exit
L 01/30/2025 - 19:35:11: Called dynanative into a paused plugin.
L 01/30/2025 - 19:35:11: [AMXX] Run time error 10 (plugin "cucarachas_extras.amxx") (native "cm_register_extra_item") - debug not enabled!
L 01/30/2025 - 19:35:11: [AMXX] To enable debug mode, add "debug" after the plugin name in plugins.ini (without quotes).
L 01/30/2025 - 19:55:20: Start of error session.
L 01/30/2025 - 19:55:20: Info (map "de_dust") (file "addons/amxmodx/logs/error_20250130.log")
L 01/30/2025 - 19:55:20: [AMXX] Plugin ("cucarachas_main.amxx") is setting itself as failed.
L 01/30/2025 - 19:55:20: [AMXX] Plugin says: Utiliza el Map Tool para adaptar este mapa a Cuca Mod.
L 01/30/2025 - 19:55:20: [AMXX] Run time error 1 (plugin "cucarachas_main.amxx") - forced exit
L 01/30/2025 - 19:55:20: Called dynanative into a paused plugin.
L 01/30/2025 - 19:55:20: [AMXX] Run time error 10 (plugin "cucarachas_extras.amxx") (native "cm_register_extra_item") - debug not enabled!
L 01/30/2025 - 19:55:20: [AMXX] To enable debug mode, add "debug" after the plugin name in plugins.ini (without quotes).
L 01/30/2025 - 20:16:30: Start of error session.
L 01/30/2025 - 20:16:30: Info (map "de_dust2") (file "addons/amxmodx/logs/error_20250130.log")
L 01/30/2025 - 20:16:30: [AMXX] Plugin ("cucarachas_main.amxx") is setting itself as failed.
L 01/30/2025 - 20:16:30: [AMXX] Plugin says: Utiliza el Map Tool para adaptar este mapa a Cuca Mod.
L 01/30/2025 - 20:16:30: [AMXX] Run time error 1 (plugin "cucarachas_main.amxx") - forced exit
L 01/30/2025 - 20:16:30: Called dynanative into a paused plugin.
L 01/30/2025 - 20:16:30: [AMXX] Run time error 10 (plugin "cucarachas_extras.amxx") (native "cm_register_extra_item") - debug not enabled!
L 01/30/2025 - 20:16:30: [AMXX] To enable debug mode, add "debug" after the plugin name in plugins.ini (without quotes).
L 01/30/2025 - 20:37:40: Start of error session.
L 01/30/2025 - 20:37:40: Info (map "zm_ice_attack") (file "addons/amxmodx/logs/error_20250130.log")
L 01/30/2025 - 20:37:40: [AMXX] Plugin ("cucarachas_main.amxx") is setting itself as failed.
L 01/30/2025 - 20:37:40: [AMXX] Plugin says: Utiliza el Map Tool para adaptar este mapa a Cuca Mod.
L 01/30/2025 - 20:37:40: [AMXX] Run time error 1 (plugin "cucarachas_main.amxx") - forced exit
L 01/30/2025 - 20:37:40: Called dynanative into a paused plugin.
L 01/30/2025 - 20:37:40: [AMXX] Run time error 10 (plugin "cucarachas_extras.amxx") (native "cm_register_extra_item") - debug not enabled!
L 01/30/2025 - 20:37:40: [AMXX] To enable debug mode, add "debug" after the plugin name in plugins.ini (without quotes).
L 01/30/2025 - 20:58:50: Start of error session.
L 01/30/2025 - 20:58:50: Info (map "zm_toronto") (file "addons/amxmodx/logs/error_20250130.log")
L 01/30/2025 - 20:58:50: [AMXX] Plugin ("cucarachas_main.amxx") is setting itself as failed.
L 01/30/2025 - 20:58:50: [AMXX] Plugin says: Utiliza el Map Tool para adaptar este mapa a Cuca Mod.
L 01/30/2025 - 20:58:50: [AMXX] Run time error 1 (plugin "cucarachas_main.amxx") - forced exit
L 01/30/2025 - 20:58:50: Called dynanative into a paused plugin.
L 01/30/2025 - 20:58:50: [AMXX] Run time error 10 (plugin "cucarachas_extras.amxx") (native "cm_register_extra_item") - debug not enabled!
L 01/30/2025 - 20:58:50: [AMXX] To enable debug mode, add "debug" after the plugin name in plugins.ini (without quotes).
L 01/30/2025 - 21:20:00: Start of error session.
L 01/30/2025 - 21:20:00: Info (map "zm_ice_attack") (file "addons/amxmodx/logs/error_20250130.log")
L 01/30/2025 - 21:20:00: [AMXX] Plugin ("cucarachas_main.amxx") is setting itself as failed.
L 01/30/2025 - 21:20:00: [AMXX] Plugin says: Utiliza el Map Tool para adaptar este mapa a Cuca Mod.
L 01/30/2025 - 21:20:00: [AMXX] Run time error 1 (plugin "cucarachas_main.amxx") - forced exit
L 01/30/2025 - 21:20:00: Called dynanative into a paused plugin.
L 01/30/2025 - 21:20:00: [AMXX] Run time error 10 (plugin "cucarachas_extras.amxx") (native "cm_register_extra_item") - debug not enabled!
L 01/30/2025 - 21:20:00: [AMXX] To enable debug mode, add "debug" after the plugin name in plugins.ini (without quotes).
L 01/30/2025 - 21:41:10: Start of error session.
L 01/30/2025 - 21:41:10: Info (map "de_dust2") (file "addons/amxmodx/logs/error_20250130.log")
L 01/30/2025 - 21:41:10: [AMXX] Plugin ("cucarachas_main.amxx") is setting itself as failed.
L 01/30/2025 - 21:41:10: [AMXX] Plugin says: Utiliza el Map Tool para adaptar este mapa a Cuca Mod.
L 01/30/2025 - 21:41:10: [AMXX] Run time error 1 (plugin "cucarachas_main.amxx") - forced exit
L 01/30/2025 - 21:41:10: Called dynanative into a paused plugin.
L 01/30/2025 - 21:41:10: [AMXX] Run time error 10 (plugin "cucarachas_extras.amxx") (native "cm_register_extra_item") - debug not enabled!
L 01/30/2025 - 21:41:10: [AMXX] To enable debug mode, add "debug" after the plugin name in plugins.ini (without quotes).
L 01/30/2025 - 22:04:20: Start of error session.
L 01/30/2025 - 22:04:20: Info (map "de_aztec") (file "addons/amxmodx/logs/error_20250130.log")
L 01/30/2025 - 22:04:20: [AMXX] Plugin ("cucarachas_main.amxx") is setting itself as failed.
L 01/30/2025 - 22:04:20: [AMXX] Plugin says: Utiliza el Map Tool para adaptar este mapa a Cuca Mod.
L 01/30/2025 - 22:04:20: [AMXX] Run time error 1 (plugin "cucarachas_main.amxx") - forced exit
L 01/30/2025 - 22:04:20: Called dynanative into a paused plugin.
L 01/30/2025 - 22:04:20: [AMXX] Run time error 10 (plugin "cucarachas_extras.amxx") (native "cm_register_extra_item") - debug not enabled!
L 01/30/2025 - 22:04:20: [AMXX] To enable debug mode, add "debug" after the plugin name in plugins.ini (without quotes).
L 01/30/2025 - 22:27:30: Start of error session.
L 01/30/2025 - 22:27:30: Info (map "zm_ice_attack") (file "addons/amxmodx/logs/error_20250130.log")
L 01/30/2025 - 22:27:30: [AMXX] Plugin ("cucarachas_main.amxx") is setting itself as failed.
L 01/30/2025 - 22:27:30: [AMXX] Plugin says: Utiliza el Map Tool para adaptar este mapa a Cuca Mod.
L 01/30/2025 - 22:27:30: [AMXX] Run time error 1 (plugin "cucarachas_main.amxx") - forced exit
L 01/30/2025 - 22:27:30: Called dynanative into a paused plugin.
L 01/30/2025 - 22:27:30: [AMXX] Run time error 10 (plugin "cucarachas_extras.amxx") (native "cm_register_extra_item") - debug not enabled!
L 01/30/2025 - 22:27:30: [AMXX] To enable debug mode, add "debug" after the plugin name in plugins.ini (without quotes).
L 01/30/2025 - 22:48:40: Start of error session.
L 01/30/2025 - 22:48:40: Info (map "zm_toronto") (file "addons/amxmodx/logs/error_20250130.log")
L 01/30/2025 - 22:48:40: [AMXX] Plugin ("cucarachas_main.amxx") is setting itself as failed.
L 01/30/2025 - 22:48:40: [AMXX] Plugin says: Utiliza el Map Tool para adaptar este mapa a Cuca Mod.
L 01/30/2025 - 22:48:40: [AMXX] Run time error 1 (plugin "cucarachas_main.amxx") - forced exit
L 01/30/2025 - 22:48:40: Called dynanative into a paused plugin.
L 01/30/2025 - 22:48:40: [AMXX] Run time error 10 (plugin "cucarachas_extras.amxx") (native "cm_register_extra_item") - debug not enabled!
L 01/30/2025 - 22:48:40: [AMXX] To enable debug mode, add "debug" after the plugin name in plugins.ini (without quotes).
L 01/30/2025 - 23:09:50: Start of error session.
L 01/30/2025 - 23:09:50: Info (map "zm_ice_attack") (file "addons/amxmodx/logs/error_20250130.log")
L 01/30/2025 - 23:09:50: [AMXX] Plugin ("cucarachas_main.amxx") is setting itself as failed.
L 01/30/2025 - 23:09:50: [AMXX] Plugin says: Utiliza el Map Tool para adaptar este mapa a Cuca Mod.
L 01/30/2025 - 23:09:50: [AMXX] Run time error 1 (plugin "cucarachas_main.amxx") - forced exit
L 01/30/2025 - 23:09:50: Called dynanative into a paused plugin.
L 01/30/2025 - 23:09:50: [AMXX] Run time error 10 (plugin "cucarachas_extras.amxx") (native "cm_register_extra_item") - debug not enabled!
L 01/30/2025 - 23:09:50: [AMXX] To enable debug mode, add "debug" after the plugin name in plugins.ini (without quotes).
L 01/30/2025 - 23:30:59: Start of error session.
L 01/30/2025 - 23:30:59: Info (map "as_oilrig") (file "addons/amxmodx/logs/error_20250130.log")
L 01/30/2025 - 23:30:59: [AMXX] Plugin ("cucarachas_main.amxx") is setting itself as failed.
L 01/30/2025 - 23:30:59: [AMXX] Plugin says: Utiliza el Map Tool para adaptar este mapa a Cuca Mod.
L 01/30/2025 - 23:30:59: [AMXX] Run time error 1 (plugin "cucarachas_main.amxx") - forced exit
L 01/30/2025 - 23:30:59: Called dynanative into a paused plugin.
L 01/30/2025 - 23:30:59: [AMXX] Run time error 10 (plugin "cucarachas_extras.amxx") (native "cm_register_extra_item") - debug not enabled!
L 01/30/2025 - 23:30:59: [AMXX] To enable debug mode, add "debug" after the plugin name in plugins.ini (without quotes).
L 01/30/2025 - 23:56:09: Start of error session.
L 01/30/2025 - 23:56:09: Info (map "as_crazytank3") (file "addons/amxmodx/logs/error_20250130.log")
L 01/30/2025 - 23:56:09: [AMXX] Plugin ("cucarachas_main.amxx") is setting itself as failed.
L 01/30/2025 - 23:56:09: [AMXX] Plugin says: Utiliza el Map Tool para adaptar este mapa a Cuca Mod.
L 01/30/2025 - 23:56:09: [AMXX] Run time error 1 (plugin "cucarachas_main.amxx") - forced exit
L 01/30/2025 - 23:56:09: Called dynanative into a paused plugin.
L 01/30/2025 - 23:56:09: [AMXX] Run time error 10 (plugin "cucarachas_extras.amxx") (native "cm_register_extra_item") - debug not enabled!
L 01/30/2025 - 23:56:09: [AMXX] To enable debug mode, add "debug" after the plugin name in plugins.ini (without quotes).
