L 01/07/2025 - 05:39:05: Start of error session.
L 01/07/2025 - 05:39:05: Info (map "deathrun_minecraft_fg") (file "addons/amxmodx/logs/error_20250107.log")
L 01/07/2025 - 05:39:05: Invalid player id 0
L 01/07/2025 - 05:39:05: [AMXX] Run time error 10 (plugin "status_monitor.amxx") (native "get_user_info") - debug not enabled!
L 01/07/2025 - 05:39:05: [AMXX] To enable debug mode, add "debug" after the plugin name in plugins.ini (without quotes).
L 01/07/2025 - 05:59:42: Start of error session.
L 01/07/2025 - 05:59:42: Info (map "deathrun_taringacs_hombrealagua") (file "addons/amxmodx/logs/error_20250107.log")
L 01/07/2025 - 05:59:42: Invalid player id 0
L 01/07/2025 - 05:59:42: [AMXX] Run time error 10 (plugin "status_monitor.amxx") (native "get_user_info") - debug not enabled!
L 01/07/2025 - 05:59:42: [AMXX] To enable debug mode, add "debug" after the plugin name in plugins.ini (without quotes).
L 01/07/2025 - 06:20:22: Start of error session.
L 01/07/2025 - 06:20:22: Info (map "deathrun_temple2") (file "addons/amxmodx/logs/error_20250107.log")
L 01/07/2025 - 06:20:22: Invalid player id 0
L 01/07/2025 - 06:20:22: [AMXX] Run time error 10 (plugin "status_monitor.amxx") (native "get_user_info") - debug not enabled!
L 01/07/2025 - 06:20:22: [AMXX] To enable debug mode, add "debug" after the plugin name in plugins.ini (without quotes).
L 01/07/2025 - 06:40:59: Start of error session.
L 01/07/2025 - 06:40:59: Info (map "bkz_goldbhop") (file "addons/amxmodx/logs/error_20250107.log")
L 01/07/2025 - 06:40:59: Invalid player id 0
L 01/07/2025 - 06:40:59: [AMXX] Run time error 10 (plugin "status_monitor.amxx") (native "get_user_info") - debug not enabled!
L 01/07/2025 - 06:40:59: [AMXX] To enable debug mode, add "debug" after the plugin name in plugins.ini (without quotes).
L 01/07/2025 - 07:01:15: Start of error session.
L 01/07/2025 - 07:01:15: Info (map "kz_xj_brickjump") (file "addons/amxmodx/logs/error_20250107.log")
L 01/07/2025 - 07:01:15: Invalid player id 0
L 01/07/2025 - 07:01:15: [AMXX] Run time error 10 (plugin "status_monitor.amxx") (native "get_user_info") - debug not enabled!
L 01/07/2025 - 07:01:15: [AMXX] To enable debug mode, add "debug" after the plugin name in plugins.ini (without quotes).
L 01/07/2025 - 07:21:29: Start of error session.
L 01/07/2025 - 07:21:29: Info (map "bkz_goldbhop") (file "addons/amxmodx/logs/error_20250107.log")
L 01/07/2025 - 07:21:29: Invalid player id 0
L 01/07/2025 - 07:21:29: [AMXX] Run time error 10 (plugin "status_monitor.amxx") (native "get_user_info") - debug not enabled!
L 01/07/2025 - 07:21:29: [AMXX] To enable debug mode, add "debug" after the plugin name in plugins.ini (without quotes).
L 01/07/2025 - 07:36:54: Invalid player id 0
L 01/07/2025 - 07:36:54: [AMXX] Run time error 10 (plugin "status_monitor.amxx") (native "get_user_info") - debug not enabled!
L 01/07/2025 - 07:36:54: [AMXX] To enable debug mode, add "debug" after the plugin name in plugins.ini (without quotes).
L 01/07/2025 - 08:11:51: Start of error session.
L 01/07/2025 - 08:11:51: Info (map "happyvalley_2nd_lt") (file "addons/amxmodx/logs/error_20250107.log")
L 01/07/2025 - 08:11:51: Invalid player id 0
L 01/07/2025 - 08:11:51: [AMXX] Run time error 10 (plugin "status_monitor.amxx") (native "get_user_info") - debug not enabled!
L 01/07/2025 - 08:11:51: [AMXX] To enable debug mode, add "debug" after the plugin name in plugins.ini (without quotes).
L 01/07/2025 - 08:24:25: Start of error session.
L 01/07/2025 - 08:24:25: Info (map "skariz_brainhard7") (file "addons/amxmodx/logs/error_20250107.log")
L 01/07/2025 - 08:24:25: Invalid player id 0
L 01/07/2025 - 08:24:25: [AMXX] Run time error 10 (plugin "status_monitor.amxx") (native "get_user_info") - debug not enabled!
L 01/07/2025 - 08:24:25: [AMXX] To enable debug mode, add "debug" after the plugin name in plugins.ini (without quotes).
L 01/07/2025 - 08:26:10: Invalid player id 0
L 01/07/2025 - 08:26:10: [AMXX] Run time error 10 (plugin "status_monitor.amxx") (native "get_user_info") - debug not enabled!
L 01/07/2025 - 08:26:10: [AMXX] To enable debug mode, add "debug" after the plugin name in plugins.ini (without quotes).
L 01/07/2025 - 09:13:40: Start of error session.
L 01/07/2025 - 09:13:40: Info (map "he_tennis") (file "addons/amxmodx/logs/error_20250107.log")
L 01/07/2025 - 09:13:40: Invalid player id 0
L 01/07/2025 - 09:13:40: [AMXX] Run time error 10 (plugin "status_monitor.amxx") (native "get_user_info") - debug not enabled!
L 01/07/2025 - 09:13:40: [AMXX] To enable debug mode, add "debug" after the plugin name in plugins.ini (without quotes).
L 01/07/2025 - 10:04:36: Start of error session.
L 01/07/2025 - 10:04:36: Info (map "de_dust2") (file "addons/amxmodx/logs/error_20250107.log")
L 01/07/2025 - 10:04:36: Invalid player id 0
L 01/07/2025 - 10:04:36: [AMXX] Run time error 10 (plugin "status_monitor.amxx") (native "get_user_info") - debug not enabled!
L 01/07/2025 - 10:04:36: [AMXX] To enable debug mode, add "debug" after the plugin name in plugins.ini (without quotes).
L 01/07/2025 - 10:12:31: Start of error session.
L 01/07/2025 - 10:12:31: Info (map "de_inferno") (file "addons/amxmodx/logs/error_20250107.log")
L 01/07/2025 - 10:12:31: Invalid player id 0
L 01/07/2025 - 10:12:31: [AMXX] Run time error 10 (plugin "status_monitor.amxx") (native "get_user_info") - debug not enabled!
L 01/07/2025 - 10:12:31: [AMXX] To enable debug mode, add "debug" after the plugin name in plugins.ini (without quotes).
L 01/07/2025 - 10:13:22: Invalid player id 0
L 01/07/2025 - 10:13:22: [AMXX] Run time error 10 (plugin "status_monitor.amxx") (native "get_user_info") - debug not enabled!
L 01/07/2025 - 10:13:22: [AMXX] To enable debug mode, add "debug" after the plugin name in plugins.ini (without quotes).
L 01/07/2025 - 10:23:02: Invalid player id 0
L 01/07/2025 - 10:23:02: [AMXX] Run time error 10 (plugin "status_monitor.amxx") (native "get_user_info") - debug not enabled!
L 01/07/2025 - 10:23:02: [AMXX] To enable debug mode, add "debug" after the plugin name in plugins.ini (without quotes).
L 01/07/2025 - 10:34:03: Start of error session.
L 01/07/2025 - 10:34:03: Info (map "deathrace_calle_pg") (file "addons/amxmodx/logs/error_20250107.log")
L 01/07/2025 - 10:34:03: Invalid player id 0
L 01/07/2025 - 10:34:03: [AMXX] Run time error 10 (plugin "status_monitor.amxx") (native "get_user_info") - debug not enabled!
L 01/07/2025 - 10:34:03: [AMXX] To enable debug mode, add "debug" after the plugin name in plugins.ini (without quotes).
L 01/07/2025 - 10:55:19: Start of error session.
L 01/07/2025 - 10:55:19: Info (map "deathrace_brio") (file "addons/amxmodx/logs/error_20250107.log")
L 01/07/2025 - 10:55:19: Invalid player id 0
L 01/07/2025 - 10:55:19: [AMXX] Run time error 10 (plugin "status_monitor.amxx") (native "get_user_info") - debug not enabled!
L 01/07/2025 - 10:55:19: [AMXX] To enable debug mode, add "debug" after the plugin name in plugins.ini (without quotes).
L 01/07/2025 - 11:16:34: Start of error session.
L 01/07/2025 - 11:16:34: Info (map "skariz_brainhard8") (file "addons/amxmodx/logs/error_20250107.log")
L 01/07/2025 - 11:16:34: Invalid player id 0
L 01/07/2025 - 11:16:34: [AMXX] Run time error 10 (plugin "status_monitor.amxx") (native "get_user_info") - debug not enabled!
L 01/07/2025 - 11:16:34: [AMXX] To enable debug mode, add "debug" after the plugin name in plugins.ini (without quotes).
L 01/07/2025 - 11:37:49: Start of error session.
L 01/07/2025 - 11:37:49: Info (map "skariz_brainhard4") (file "addons/amxmodx/logs/error_20250107.log")
L 01/07/2025 - 11:37:49: Invalid player id 0
L 01/07/2025 - 11:37:49: [AMXX] Run time error 10 (plugin "status_monitor.amxx") (native "get_user_info") - debug not enabled!
L 01/07/2025 - 11:37:49: [AMXX] To enable debug mode, add "debug" after the plugin name in plugins.ini (without quotes).
L 01/07/2025 - 12:20:48: Start of error session.
L 01/07/2025 - 12:20:48: Info (map "de_dust2") (file "addons/amxmodx/logs/error_20250107.log")
L 01/07/2025 - 12:20:48: [AMXX] Run time error 3 (plugin "slender.amxx") - debug not enabled!
L 01/07/2025 - 12:20:48: [AMXX] To enable debug mode, add "debug" after the plugin name in plugins.ini (without quotes).
L 01/07/2025 - 12:20:53: Invalid player id 0
L 01/07/2025 - 12:20:53: [AMXX] Run time error 10 (plugin "status_monitor.amxx") (native "get_user_info") - debug not enabled!
L 01/07/2025 - 12:20:53: [AMXX] To enable debug mode, add "debug" after the plugin name in plugins.ini (without quotes).
L 01/07/2025 - 12:21:10: Start of error session.
L 01/07/2025 - 12:21:10: Info (map "de_dust2") (file "addons/amxmodx/logs/error_20250107.log")
L 01/07/2025 - 12:21:10: Invalid player id 0
L 01/07/2025 - 12:21:10: [AMXX] Run time error 10 (plugin "status_monitor.amxx") (native "get_user_info") - debug not enabled!
L 01/07/2025 - 12:21:10: [AMXX] To enable debug mode, add "debug" after the plugin name in plugins.ini (without quotes).
L 01/07/2025 - 12:21:23: Invalid player id 0
L 01/07/2025 - 12:21:23: [AMXX] Run time error 10 (plugin "status_monitor.amxx") (native "get_user_info") - debug not enabled!
L 01/07/2025 - 12:21:23: [AMXX] To enable debug mode, add "debug" after the plugin name in plugins.ini (without quotes).
L 01/07/2025 - 14:12:03: Start of error session.
L 01/07/2025 - 14:12:03: Info (map "as_oilrig") (file "addons/amxmodx/logs/error_20250107.log")
L 01/07/2025 - 14:12:03: Invalid player id 0
L 01/07/2025 - 14:12:03: [AMXX] Run time error 10 (plugin "status_monitor.amxx") (native "get_user_info") - debug not enabled!
L 01/07/2025 - 14:12:03: [AMXX] To enable debug mode, add "debug" after the plugin name in plugins.ini (without quotes).
L 01/07/2025 - 14:12:44: Invalid player id 0
L 01/07/2025 - 14:12:44: [AMXX] Run time error 10 (plugin "status_monitor.amxx") (native "get_user_info") - debug not enabled!
L 01/07/2025 - 14:12:44: [AMXX] To enable debug mode, add "debug" after the plugin name in plugins.ini (without quotes).
L 01/07/2025 - 14:13:56: Start of error session.
L 01/07/2025 - 14:13:56: Info (map "carros-chocones_pg2") (file "addons/amxmodx/logs/error_20250107.log")
L 01/07/2025 - 14:13:56: Invalid player id 0
L 01/07/2025 - 14:13:56: [AMXX] Run time error 10 (plugin "status_monitor.amxx") (native "get_user_info") - debug not enabled!
L 01/07/2025 - 14:13:56: [AMXX] To enable debug mode, add "debug" after the plugin name in plugins.ini (without quotes).
L 01/07/2025 - 14:14:28: Invalid player id 0
L 01/07/2025 - 14:14:28: [AMXX] Run time error 10 (plugin "status_monitor.amxx") (native "get_user_info") - debug not enabled!
L 01/07/2025 - 14:14:28: [AMXX] To enable debug mode, add "debug" after the plugin name in plugins.ini (without quotes).
L 01/07/2025 - 15:18:32: Start of error session.
L 01/07/2025 - 15:18:32: Info (map "deathrun_minecraft_fg") (file "addons/amxmodx/logs/error_20250107.log")
L 01/07/2025 - 15:18:32: Invalid player id 0
L 01/07/2025 - 15:18:32: [AMXX] Run time error 10 (plugin "status_monitor.amxx") (native "get_user_info") - debug not enabled!
L 01/07/2025 - 15:18:32: [AMXX] To enable debug mode, add "debug" after the plugin name in plugins.ini (without quotes).
L 01/07/2025 - 15:34:30: Invalid player id 0
L 01/07/2025 - 15:34:30: [AMXX] Run time error 10 (plugin "status_monitor.amxx") (native "get_user_info") - debug not enabled!
L 01/07/2025 - 15:34:30: [AMXX] To enable debug mode, add "debug" after the plugin name in plugins.ini (without quotes).
L 01/07/2025 - 15:36:05: Start of error session.
L 01/07/2025 - 15:36:05: Info (map "de_dust2") (file "addons/amxmodx/logs/error_20250107.log")
L 01/07/2025 - 15:36:05: Invalid player id 0
L 01/07/2025 - 15:36:05: [AMXX] Run time error 10 (plugin "status_monitor.amxx") (native "get_user_info") - debug not enabled!
L 01/07/2025 - 15:36:05: [AMXX] To enable debug mode, add "debug" after the plugin name in plugins.ini (without quotes).
L 01/07/2025 - 15:36:17: Invalid player id 0
L 01/07/2025 - 15:36:17: [AMXX] Run time error 10 (plugin "status_monitor.amxx") (native "get_user_info") - debug not enabled!
L 01/07/2025 - 15:36:17: [AMXX] To enable debug mode, add "debug" after the plugin name in plugins.ini (without quotes).
L 01/07/2025 - 15:36:17: Invalid player id 0
L 01/07/2025 - 15:36:17: [AMXX] Run time error 10 (plugin "status_monitor.amxx") (native "get_user_info") - debug not enabled!
L 01/07/2025 - 15:36:17: [AMXX] To enable debug mode, add "debug" after the plugin name in plugins.ini (without quotes).
L 01/07/2025 - 15:36:38: Start of error session.
L 01/07/2025 - 15:36:38: Info (map "de_dust2") (file "addons/amxmodx/logs/error_20250107.log")
L 01/07/2025 - 15:36:38: Invalid player id 0
L 01/07/2025 - 15:36:38: [AMXX] Run time error 10 (plugin "status_monitor.amxx") (native "get_user_info") - debug not enabled!
L 01/07/2025 - 15:36:38: [AMXX] To enable debug mode, add "debug" after the plugin name in plugins.ini (without quotes).
L 01/07/2025 - 15:36:39: Invalid player id 0
L 01/07/2025 - 15:36:39: [AMXX] Run time error 10 (plugin "status_monitor.amxx") (native "get_user_info") - debug not enabled!
L 01/07/2025 - 15:36:39: [AMXX] To enable debug mode, add "debug" after the plugin name in plugins.ini (without quotes).
L 01/07/2025 - 15:36:39: Invalid player id 0
L 01/07/2025 - 15:36:39: [AMXX] Run time error 10 (plugin "status_monitor.amxx") (native "get_user_info") - debug not enabled!
L 01/07/2025 - 15:36:39: [AMXX] To enable debug mode, add "debug" after the plugin name in plugins.ini (without quotes).
L 01/07/2025 - 16:00:07: Start of error session.
L 01/07/2025 - 16:00:07: Info (map "cs_assault") (file "addons/amxmodx/logs/error_20250107.log")
L 01/07/2025 - 16:00:07: Invalid player id 0
L 01/07/2025 - 16:00:07: [AMXX] Run time error 10 (plugin "status_monitor.amxx") (native "get_user_info") - debug not enabled!
L 01/07/2025 - 16:00:07: [AMXX] To enable debug mode, add "debug" after the plugin name in plugins.ini (without quotes).
L 01/07/2025 - 20:21:22: Start of error session.
L 01/07/2025 - 20:21:22: Info (map "deathrun_minecraft_fg") (file "addons/amxmodx/logs/error_20250107.log")
L 01/07/2025 - 20:21:22: Invalid player id 0
L 01/07/2025 - 20:21:22: [AMXX] Run time error 10 (plugin "status_monitor.amxx") (native "get_user_info") - debug not enabled!
L 01/07/2025 - 20:21:22: [AMXX] To enable debug mode, add "debug" after the plugin name in plugins.ini (without quotes).
L 01/07/2025 - 20:41:59: Start of error session.
L 01/07/2025 - 20:41:59: Info (map "deathrun_fuzzy") (file "addons/amxmodx/logs/error_20250107.log")
L 01/07/2025 - 20:41:59: Invalid player id 0
L 01/07/2025 - 20:41:59: [AMXX] Run time error 10 (plugin "status_monitor.amxx") (native "get_user_info") - debug not enabled!
L 01/07/2025 - 20:41:59: [AMXX] To enable debug mode, add "debug" after the plugin name in plugins.ini (without quotes).
L 01/07/2025 - 20:47:23: Invalid player id 0
L 01/07/2025 - 20:47:23: [AMXX] Run time error 10 (plugin "status_monitor.amxx") (native "get_user_info") - debug not enabled!
L 01/07/2025 - 20:47:23: [AMXX] To enable debug mode, add "debug" after the plugin name in plugins.ini (without quotes).
L 01/07/2025 - 21:07:48: Start of error session.
L 01/07/2025 - 21:07:48: Info (map "deathrun_poolday") (file "addons/amxmodx/logs/error_20250107.log")
L 01/07/2025 - 21:07:48: Invalid player id 0
L 01/07/2025 - 21:07:48: [AMXX] Run time error 10 (plugin "status_monitor.amxx") (native "get_user_info") - debug not enabled!
L 01/07/2025 - 21:07:48: [AMXX] To enable debug mode, add "debug" after the plugin name in plugins.ini (without quotes).
L 01/07/2025 - 21:39:30: Start of error session.
L 01/07/2025 - 21:39:30: Info (map "sj_smackdownvsraw") (file "addons/amxmodx/logs/error_20250107.log")
L 01/07/2025 - 21:39:30: Invalid player id 0
L 01/07/2025 - 21:39:30: [AMXX] Run time error 10 (plugin "status_monitor.amxx") (native "get_user_info") - debug not enabled!
L 01/07/2025 - 21:39:30: [AMXX] To enable debug mode, add "debug" after the plugin name in plugins.ini (without quotes).
L 01/07/2025 - 21:39:50: Invalid player id 0
L 01/07/2025 - 21:39:50: [AMXX] Run time error 10 (plugin "status_monitor.amxx") (native "get_user_info") - debug not enabled!
L 01/07/2025 - 21:39:50: [AMXX] To enable debug mode, add "debug" after the plugin name in plugins.ini (without quotes).
L 01/07/2025 - 21:41:19: Invalid player id 0
L 01/07/2025 - 21:41:19: [AMXX] Run time error 10 (plugin "status_monitor.amxx") (native "get_user_info") - debug not enabled!
L 01/07/2025 - 21:41:19: [AMXX] To enable debug mode, add "debug" after the plugin name in plugins.ini (without quotes).
L 01/07/2025 - 21:46:15: Invalid player id 0
L 01/07/2025 - 21:46:15: [AMXX] Run time error 10 (plugin "status_monitor.amxx") (native "get_user_info") - debug not enabled!
L 01/07/2025 - 21:46:15: [AMXX] To enable debug mode, add "debug" after the plugin name in plugins.ini (without quotes).
L 01/07/2025 - 21:46:46: Invalid player id 0
L 01/07/2025 - 21:46:46: [AMXX] Run time error 10 (plugin "status_monitor.amxx") (native "get_user_info") - debug not enabled!
L 01/07/2025 - 21:46:46: [AMXX] To enable debug mode, add "debug" after the plugin name in plugins.ini (without quotes).
L 01/07/2025 - 21:47:16: Invalid player id 0
L 01/07/2025 - 21:47:16: [AMXX] Run time error 10 (plugin "status_monitor.amxx") (native "get_user_info") - debug not enabled!
L 01/07/2025 - 21:47:16: [AMXX] To enable debug mode, add "debug" after the plugin name in plugins.ini (without quotes).
L 01/07/2025 - 21:47:50: Start of error session.
L 01/07/2025 - 21:47:50: Info (map "skariz_brainhard8") (file "addons/amxmodx/logs/error_20250107.log")
L 01/07/2025 - 21:47:50: Invalid player id 0
L 01/07/2025 - 21:47:50: [AMXX] Run time error 10 (plugin "status_monitor.amxx") (native "get_user_info") - debug not enabled!
L 01/07/2025 - 21:47:50: [AMXX] To enable debug mode, add "debug" after the plugin name in plugins.ini (without quotes).
L 01/07/2025 - 21:47:50: Invalid player id 0
L 01/07/2025 - 21:47:50: [AMXX] Run time error 10 (plugin "status_monitor.amxx") (native "get_user_info") - debug not enabled!
L 01/07/2025 - 21:47:50: [AMXX] To enable debug mode, add "debug" after the plugin name in plugins.ini (without quotes).
L 01/07/2025 - 21:47:50: Invalid player id 0
L 01/07/2025 - 21:47:50: [AMXX] Run time error 10 (plugin "status_monitor.amxx") (native "get_user_info") - debug not enabled!
L 01/07/2025 - 21:47:50: [AMXX] To enable debug mode, add "debug" after the plugin name in plugins.ini (without quotes).
L 01/07/2025 - 21:47:51: Invalid player id 0
L 01/07/2025 - 21:47:51: [AMXX] Run time error 10 (plugin "status_monitor.amxx") (native "get_user_info") - debug not enabled!
L 01/07/2025 - 21:47:51: [AMXX] To enable debug mode, add "debug" after the plugin name in plugins.ini (without quotes).
L 01/07/2025 - 21:47:51: Invalid player id 0
L 01/07/2025 - 21:47:51: [AMXX] Run time error 10 (plugin "status_monitor.amxx") (native "get_user_info") - debug not enabled!
L 01/07/2025 - 21:47:51: [AMXX] To enable debug mode, add "debug" after the plugin name in plugins.ini (without quotes).
L 01/07/2025 - 21:47:51: Invalid player id 0
L 01/07/2025 - 21:47:51: [AMXX] Run time error 10 (plugin "status_monitor.amxx") (native "get_user_info") - debug not enabled!
L 01/07/2025 - 21:47:51: [AMXX] To enable debug mode, add "debug" after the plugin name in plugins.ini (without quotes).
L 01/07/2025 - 21:54:13: Invalid player id 0
L 01/07/2025 - 21:54:13: [AMXX] Run time error 10 (plugin "status_monitor.amxx") (native "get_user_info") - debug not enabled!
L 01/07/2025 - 21:54:13: [AMXX] To enable debug mode, add "debug" after the plugin name in plugins.ini (without quotes).
L 01/07/2025 - 21:54:42: Start of error session.
L 01/07/2025 - 21:54:42: Info (map "de_dust2") (file "addons/amxmodx/logs/error_20250107.log")
L 01/07/2025 - 21:54:42: Invalid player id 0
L 01/07/2025 - 21:54:42: [AMXX] Run time error 10 (plugin "status_monitor.amxx") (native "get_user_info") - debug not enabled!
L 01/07/2025 - 21:54:42: [AMXX] To enable debug mode, add "debug" after the plugin name in plugins.ini (without quotes).
L 01/07/2025 - 21:54:42: Invalid player id 0
L 01/07/2025 - 21:54:42: [AMXX] Run time error 10 (plugin "status_monitor.amxx") (native "get_user_info") - debug not enabled!
L 01/07/2025 - 21:54:42: [AMXX] To enable debug mode, add "debug" after the plugin name in plugins.ini (without quotes).
L 01/07/2025 - 21:54:42: Invalid player id 0
L 01/07/2025 - 21:54:42: [AMXX] Run time error 10 (plugin "status_monitor.amxx") (native "get_user_info") - debug not enabled!
L 01/07/2025 - 21:54:42: [AMXX] To enable debug mode, add "debug" after the plugin name in plugins.ini (without quotes).
L 01/07/2025 - 21:54:42: Invalid player id 0
L 01/07/2025 - 21:54:42: [AMXX] Run time error 10 (plugin "status_monitor.amxx") (native "get_user_info") - debug not enabled!
L 01/07/2025 - 21:54:42: [AMXX] To enable debug mode, add "debug" after the plugin name in plugins.ini (without quotes).
L 01/07/2025 - 21:54:42: Invalid player id 0
L 01/07/2025 - 21:54:42: [AMXX] Run time error 10 (plugin "status_monitor.amxx") (native "get_user_info") - debug not enabled!
L 01/07/2025 - 21:54:42: [AMXX] To enable debug mode, add "debug" after the plugin name in plugins.ini (without quotes).
L 01/07/2025 - 21:54:44: Invalid player id 0
L 01/07/2025 - 21:54:44: [AMXX] Run time error 10 (plugin "status_monitor.amxx") (native "get_user_info") - debug not enabled!
L 01/07/2025 - 21:54:44: [AMXX] To enable debug mode, add "debug" after the plugin name in plugins.ini (without quotes).
L 01/07/2025 - 21:54:44: Invalid player id 0
L 01/07/2025 - 21:54:44: [AMXX] Run time error 10 (plugin "status_monitor.amxx") (native "get_user_info") - debug not enabled!
L 01/07/2025 - 21:54:44: [AMXX] To enable debug mode, add "debug" after the plugin name in plugins.ini (without quotes).
L 01/07/2025 - 21:56:30: Start of error session.
L 01/07/2025 - 21:56:30: Info (map "skariz_brainhard8") (file "addons/amxmodx/logs/error_20250107.log")
L 01/07/2025 - 21:56:30: Invalid player id 0
L 01/07/2025 - 21:56:30: [AMXX] Run time error 10 (plugin "status_monitor.amxx") (native "get_user_info") - debug not enabled!
L 01/07/2025 - 21:56:30: [AMXX] To enable debug mode, add "debug" after the plugin name in plugins.ini (without quotes).
L 01/07/2025 - 21:56:30: Invalid player id 0
L 01/07/2025 - 21:56:30: [AMXX] Run time error 10 (plugin "status_monitor.amxx") (native "get_user_info") - debug not enabled!
L 01/07/2025 - 21:56:30: [AMXX] To enable debug mode, add "debug" after the plugin name in plugins.ini (without quotes).
L 01/07/2025 - 21:56:30: Invalid player id 0
L 01/07/2025 - 21:56:30: [AMXX] Run time error 10 (plugin "status_monitor.amxx") (native "get_user_info") - debug not enabled!
L 01/07/2025 - 21:56:30: [AMXX] To enable debug mode, add "debug" after the plugin name in plugins.ini (without quotes).
L 01/07/2025 - 21:56:30: Invalid player id 0
L 01/07/2025 - 21:56:30: [AMXX] Run time error 10 (plugin "status_monitor.amxx") (native "get_user_info") - debug not enabled!
L 01/07/2025 - 21:56:30: [AMXX] To enable debug mode, add "debug" after the plugin name in plugins.ini (without quotes).
L 01/07/2025 - 21:56:30: Invalid player id 0
L 01/07/2025 - 21:56:30: [AMXX] Run time error 10 (plugin "status_monitor.amxx") (native "get_user_info") - debug not enabled!
L 01/07/2025 - 21:56:30: [AMXX] To enable debug mode, add "debug" after the plugin name in plugins.ini (without quotes).
L 01/07/2025 - 21:56:30: Invalid player id 0
L 01/07/2025 - 21:56:30: [AMXX] Run time error 10 (plugin "status_monitor.amxx") (native "get_user_info") - debug not enabled!
L 01/07/2025 - 21:56:30: [AMXX] To enable debug mode, add "debug" after the plugin name in plugins.ini (without quotes).
L 01/07/2025 - 21:56:31: Invalid player id 0
L 01/07/2025 - 21:56:31: [AMXX] Run time error 10 (plugin "status_monitor.amxx") (native "get_user_info") - debug not enabled!
L 01/07/2025 - 21:56:31: [AMXX] To enable debug mode, add "debug" after the plugin name in plugins.ini (without quotes).
L 01/07/2025 - 21:57:03: Invalid player id 0
L 01/07/2025 - 21:57:03: [AMXX] Run time error 10 (plugin "status_monitor.amxx") (native "get_user_info") - debug not enabled!
L 01/07/2025 - 21:57:03: [AMXX] To enable debug mode, add "debug" after the plugin name in plugins.ini (without quotes).
L 01/07/2025 - 21:57:08: Invalid player id 0
L 01/07/2025 - 21:57:08: [AMXX] Run time error 10 (plugin "status_monitor.amxx") (native "get_user_info") - debug not enabled!
L 01/07/2025 - 21:57:08: [AMXX] To enable debug mode, add "debug" after the plugin name in plugins.ini (without quotes).
L 01/07/2025 - 21:57:26: Invalid player id 0
L 01/07/2025 - 21:57:26: [AMXX] Run time error 10 (plugin "status_monitor.amxx") (native "get_user_info") - debug not enabled!
L 01/07/2025 - 21:57:26: [AMXX] To enable debug mode, add "debug" after the plugin name in plugins.ini (without quotes).
L 01/07/2025 - 22:00:31: Invalid player id 0
L 01/07/2025 - 22:00:31: [AMXX] Run time error 10 (plugin "status_monitor.amxx") (native "get_user_info") - debug not enabled!
L 01/07/2025 - 22:00:31: [AMXX] To enable debug mode, add "debug" after the plugin name in plugins.ini (without quotes).
L 01/07/2025 - 22:08:47: Invalid player id 0
L 01/07/2025 - 22:08:47: [AMXX] Run time error 10 (plugin "status_monitor.amxx") (native "get_user_info") - debug not enabled!
L 01/07/2025 - 22:08:47: [AMXX] To enable debug mode, add "debug" after the plugin name in plugins.ini (without quotes).
L 01/07/2025 - 22:09:53: Invalid player id 0
L 01/07/2025 - 22:09:53: [AMXX] Run time error 10 (plugin "status_monitor.amxx") (native "get_user_info") - debug not enabled!
L 01/07/2025 - 22:09:53: [AMXX] To enable debug mode, add "debug" after the plugin name in plugins.ini (without quotes).
L 01/07/2025 - 22:18:45: Invalid player id 0
L 01/07/2025 - 22:18:45: [AMXX] Run time error 10 (plugin "status_monitor.amxx") (native "get_user_info") - debug not enabled!
L 01/07/2025 - 22:18:45: [AMXX] To enable debug mode, add "debug" after the plugin name in plugins.ini (without quotes).
L 01/07/2025 - 22:25:39: Invalid player id 0
L 01/07/2025 - 22:25:39: [AMXX] Run time error 10 (plugin "status_monitor.amxx") (native "get_user_info") - debug not enabled!
L 01/07/2025 - 22:25:39: [AMXX] To enable debug mode, add "debug" after the plugin name in plugins.ini (without quotes).
L 01/07/2025 - 22:29:19: Invalid player id 0
L 01/07/2025 - 22:29:19: [AMXX] Run time error 10 (plugin "status_monitor.amxx") (native "get_user_info") - debug not enabled!
L 01/07/2025 - 22:29:19: [AMXX] To enable debug mode, add "debug" after the plugin name in plugins.ini (without quotes).
L 01/07/2025 - 22:33:20: Start of error session.
L 01/07/2025 - 22:33:20: Info (map "de_dust2") (file "addons/amxmodx/logs/error_20250107.log")
L 01/07/2025 - 22:33:20: [AMXX] Run time error 3 (plugin "slender.amxx") - debug not enabled!
L 01/07/2025 - 22:33:20: [AMXX] To enable debug mode, add "debug" after the plugin name in plugins.ini (without quotes).
L 01/07/2025 - 22:33:51: Start of error session.
L 01/07/2025 - 22:33:51: Info (map "de_dust2") (file "addons/amxmodx/logs/error_20250107.log")
L 01/07/2025 - 22:33:51: [AMXX] Run time error 3 (plugin "slender.amxx") - debug not enabled!
L 01/07/2025 - 22:33:51: [AMXX] To enable debug mode, add "debug" after the plugin name in plugins.ini (without quotes).
L 01/07/2025 - 22:34:16: Start of error session.
L 01/07/2025 - 22:34:16: Info (map "de_dust2") (file "addons/amxmodx/logs/error_20250107.log")
L 01/07/2025 - 22:34:16: [AMXX] Run time error 3 (plugin "slender.amxx") - debug not enabled!
L 01/07/2025 - 22:34:16: [AMXX] To enable debug mode, add "debug" after the plugin name in plugins.ini (without quotes).
L 01/07/2025 - 22:34:32: Start of error session.
L 01/07/2025 - 22:34:32: Info (map "de_dust2") (file "addons/amxmodx/logs/error_20250107.log")
L 01/07/2025 - 22:34:32: Invalid player id 0
L 01/07/2025 - 22:34:32: [AMXX] Run time error 10 (plugin "status_monitor.amxx") (native "get_user_info") - debug not enabled!
L 01/07/2025 - 22:34:32: [AMXX] To enable debug mode, add "debug" after the plugin name in plugins.ini (without quotes).
L 01/07/2025 - 22:34:33: Invalid player id 0
L 01/07/2025 - 22:34:33: [AMXX] Run time error 10 (plugin "status_monitor.amxx") (native "get_user_info") - debug not enabled!
L 01/07/2025 - 22:34:33: [AMXX] To enable debug mode, add "debug" after the plugin name in plugins.ini (without quotes).
L 01/07/2025 - 22:34:35: Invalid player id 0
L 01/07/2025 - 22:34:35: [AMXX] Run time error 10 (plugin "status_monitor.amxx") (native "get_user_info") - debug not enabled!
L 01/07/2025 - 22:34:35: [AMXX] To enable debug mode, add "debug" after the plugin name in plugins.ini (without quotes).
L 01/07/2025 - 22:34:38: Invalid player id 0
L 01/07/2025 - 22:34:38: [AMXX] Run time error 10 (plugin "status_monitor.amxx") (native "get_user_info") - debug not enabled!
L 01/07/2025 - 22:34:38: [AMXX] To enable debug mode, add "debug" after the plugin name in plugins.ini (without quotes).
L 01/07/2025 - 22:34:38: Invalid player id 0
L 01/07/2025 - 22:34:38: [AMXX] Run time error 10 (plugin "status_monitor.amxx") (native "get_user_info") - debug not enabled!
L 01/07/2025 - 22:34:38: [AMXX] To enable debug mode, add "debug" after the plugin name in plugins.ini (without quotes).
L 01/07/2025 - 22:34:47: Invalid player id 0
L 01/07/2025 - 22:34:47: [AMXX] Run time error 10 (plugin "status_monitor.amxx") (native "get_user_info") - debug not enabled!
L 01/07/2025 - 22:34:47: [AMXX] To enable debug mode, add "debug" after the plugin name in plugins.ini (without quotes).
L 01/07/2025 - 22:34:52: Invalid player id 0
L 01/07/2025 - 22:34:52: [AMXX] Run time error 10 (plugin "status_monitor.amxx") (native "get_user_info") - debug not enabled!
L 01/07/2025 - 22:34:52: [AMXX] To enable debug mode, add "debug" after the plugin name in plugins.ini (without quotes).
L 01/07/2025 - 22:35:00: Invalid player id 0
L 01/07/2025 - 22:35:00: [AMXX] Run time error 10 (plugin "status_monitor.amxx") (native "get_user_info") - debug not enabled!
L 01/07/2025 - 22:35:00: [AMXX] To enable debug mode, add "debug" after the plugin name in plugins.ini (without quotes).
L 01/07/2025 - 22:35:36: Invalid player id 0
L 01/07/2025 - 22:35:36: [AMXX] Run time error 10 (plugin "status_monitor.amxx") (native "get_user_info") - debug not enabled!
L 01/07/2025 - 22:35:36: [AMXX] To enable debug mode, add "debug" after the plugin name in plugins.ini (without quotes).
L 01/07/2025 - 22:35:42: Invalid player id 0
L 01/07/2025 - 22:35:42: [AMXX] Run time error 10 (plugin "status_monitor.amxx") (native "get_user_info") - debug not enabled!
L 01/07/2025 - 22:35:42: [AMXX] To enable debug mode, add "debug" after the plugin name in plugins.ini (without quotes).
L 01/07/2025 - 22:35:43: Invalid player id 0
L 01/07/2025 - 22:35:43: [AMXX] Run time error 10 (plugin "status_monitor.amxx") (native "get_user_info") - debug not enabled!
L 01/07/2025 - 22:35:43: [AMXX] To enable debug mode, add "debug" after the plugin name in plugins.ini (without quotes).
L 01/07/2025 - 22:35:48: Invalid player id 0
L 01/07/2025 - 22:35:48: [AMXX] Run time error 10 (plugin "status_monitor.amxx") (native "get_user_info") - debug not enabled!
L 01/07/2025 - 22:35:48: [AMXX] To enable debug mode, add "debug" after the plugin name in plugins.ini (without quotes).
L 01/07/2025 - 22:36:50: Start of error session.
L 01/07/2025 - 22:36:50: Info (map "de_vertigo") (file "addons/amxmodx/logs/error_20250107.log")
L 01/07/2025 - 22:36:50: Invalid player id 0
L 01/07/2025 - 22:36:50: [AMXX] Run time error 10 (plugin "status_monitor.amxx") (native "get_user_info") - debug not enabled!
L 01/07/2025 - 22:36:50: [AMXX] To enable debug mode, add "debug" after the plugin name in plugins.ini (without quotes).
L 01/07/2025 - 22:36:52: Invalid player id 0
L 01/07/2025 - 22:36:52: [AMXX] Run time error 10 (plugin "status_monitor.amxx") (native "get_user_info") - debug not enabled!
L 01/07/2025 - 22:36:52: [AMXX] To enable debug mode, add "debug" after the plugin name in plugins.ini (without quotes).
L 01/07/2025 - 22:36:52: Invalid player id 0
L 01/07/2025 - 22:36:52: [AMXX] Run time error 10 (plugin "status_monitor.amxx") (native "get_user_info") - debug not enabled!
L 01/07/2025 - 22:36:52: [AMXX] To enable debug mode, add "debug" after the plugin name in plugins.ini (without quotes).
L 01/07/2025 - 22:36:52: Invalid player id 0
L 01/07/2025 - 22:36:52: [AMXX] Run time error 10 (plugin "status_monitor.amxx") (native "get_user_info") - debug not enabled!
L 01/07/2025 - 22:36:52: [AMXX] To enable debug mode, add "debug" after the plugin name in plugins.ini (without quotes).
L 01/07/2025 - 22:36:52: Invalid player id 0
L 01/07/2025 - 22:36:52: [AMXX] Run time error 10 (plugin "status_monitor.amxx") (native "get_user_info") - debug not enabled!
L 01/07/2025 - 22:36:52: [AMXX] To enable debug mode, add "debug" after the plugin name in plugins.ini (without quotes).
L 01/07/2025 - 22:36:53: Invalid player id 0
L 01/07/2025 - 22:36:53: [AMXX] Run time error 10 (plugin "status_monitor.amxx") (native "get_user_info") - debug not enabled!
L 01/07/2025 - 22:36:53: [AMXX] To enable debug mode, add "debug" after the plugin name in plugins.ini (without quotes).
L 01/07/2025 - 22:36:53: Invalid player id 0
L 01/07/2025 - 22:36:53: [AMXX] Run time error 10 (plugin "status_monitor.amxx") (native "get_user_info") - debug not enabled!
L 01/07/2025 - 22:36:53: [AMXX] To enable debug mode, add "debug" after the plugin name in plugins.ini (without quotes).
L 01/07/2025 - 22:36:53: Invalid player id 0
L 01/07/2025 - 22:36:53: [AMXX] Run time error 10 (plugin "status_monitor.amxx") (native "get_user_info") - debug not enabled!
L 01/07/2025 - 22:36:53: [AMXX] To enable debug mode, add "debug" after the plugin name in plugins.ini (without quotes).
L 01/07/2025 - 22:36:53: Invalid player id 0
L 01/07/2025 - 22:36:53: [AMXX] Run time error 10 (plugin "status_monitor.amxx") (native "get_user_info") - debug not enabled!
L 01/07/2025 - 22:36:53: [AMXX] To enable debug mode, add "debug" after the plugin name in plugins.ini (without quotes).
L 01/07/2025 - 22:36:54: Invalid player id 0
L 01/07/2025 - 22:36:54: [AMXX] Run time error 10 (plugin "status_monitor.amxx") (native "get_user_info") - debug not enabled!
L 01/07/2025 - 22:36:54: [AMXX] To enable debug mode, add "debug" after the plugin name in plugins.ini (without quotes).
L 01/07/2025 - 22:36:54: Invalid player id 0
L 01/07/2025 - 22:36:54: [AMXX] Run time error 10 (plugin "status_monitor.amxx") (native "get_user_info") - debug not enabled!
L 01/07/2025 - 22:36:54: [AMXX] To enable debug mode, add "debug" after the plugin name in plugins.ini (without quotes).
L 01/07/2025 - 22:36:57: Invalid player id 0
L 01/07/2025 - 22:36:57: [AMXX] Run time error 10 (plugin "status_monitor.amxx") (native "get_user_info") - debug not enabled!
L 01/07/2025 - 22:36:57: [AMXX] To enable debug mode, add "debug" after the plugin name in plugins.ini (without quotes).
L 01/07/2025 - 22:39:49: Invalid player id 0
L 01/07/2025 - 22:39:49: [AMXX] Run time error 10 (plugin "status_monitor.amxx") (native "get_user_info") - debug not enabled!
L 01/07/2025 - 22:39:49: [AMXX] To enable debug mode, add "debug" after the plugin name in plugins.ini (without quotes).
L 01/07/2025 - 22:41:17: Invalid player id 0
L 01/07/2025 - 22:41:17: [AMXX] Run time error 10 (plugin "status_monitor.amxx") (native "get_user_info") - debug not enabled!
L 01/07/2025 - 22:41:17: [AMXX] To enable debug mode, add "debug" after the plugin name in plugins.ini (without quotes).
L 01/07/2025 - 22:43:59: Invalid player id 0
L 01/07/2025 - 22:43:59: [AMXX] Run time error 10 (plugin "status_monitor.amxx") (native "get_user_info") - debug not enabled!
L 01/07/2025 - 22:43:59: [AMXX] To enable debug mode, add "debug" after the plugin name in plugins.ini (without quotes).
L 01/07/2025 - 22:47:44: Start of error session.
L 01/07/2025 - 22:47:44: Info (map "mini_dust_pro") (file "addons/amxmodx/logs/error_20250107.log")
L 01/07/2025 - 22:47:44: Invalid player id 0
L 01/07/2025 - 22:47:44: [AMXX] Run time error 10 (plugin "status_monitor.amxx") (native "get_user_info") - debug not enabled!
L 01/07/2025 - 22:47:44: [AMXX] To enable debug mode, add "debug" after the plugin name in plugins.ini (without quotes).
L 01/07/2025 - 22:47:46: Invalid player id 0
L 01/07/2025 - 22:47:46: [AMXX] Run time error 10 (plugin "status_monitor.amxx") (native "get_user_info") - debug not enabled!
L 01/07/2025 - 22:47:46: [AMXX] To enable debug mode, add "debug" after the plugin name in plugins.ini (without quotes).
L 01/07/2025 - 22:47:46: Invalid player id 0
L 01/07/2025 - 22:47:46: [AMXX] Run time error 10 (plugin "status_monitor.amxx") (native "get_user_info") - debug not enabled!
L 01/07/2025 - 22:47:46: [AMXX] To enable debug mode, add "debug" after the plugin name in plugins.ini (without quotes).
L 01/07/2025 - 22:47:46: Invalid player id 0
L 01/07/2025 - 22:47:46: [AMXX] Run time error 10 (plugin "status_monitor.amxx") (native "get_user_info") - debug not enabled!
L 01/07/2025 - 22:47:46: [AMXX] To enable debug mode, add "debug" after the plugin name in plugins.ini (without quotes).
L 01/07/2025 - 22:47:46: Invalid player id 0
L 01/07/2025 - 22:47:46: [AMXX] Run time error 10 (plugin "status_monitor.amxx") (native "get_user_info") - debug not enabled!
L 01/07/2025 - 22:47:46: [AMXX] To enable debug mode, add "debug" after the plugin name in plugins.ini (without quotes).
L 01/07/2025 - 22:47:46: Invalid player id 0
L 01/07/2025 - 22:47:46: [AMXX] Run time error 10 (plugin "status_monitor.amxx") (native "get_user_info") - debug not enabled!
L 01/07/2025 - 22:47:46: [AMXX] To enable debug mode, add "debug" after the plugin name in plugins.ini (without quotes).
L 01/07/2025 - 22:47:47: Invalid player id 0
L 01/07/2025 - 22:47:47: [AMXX] Run time error 10 (plugin "status_monitor.amxx") (native "get_user_info") - debug not enabled!
L 01/07/2025 - 22:47:47: [AMXX] To enable debug mode, add "debug" after the plugin name in plugins.ini (without quotes).
L 01/07/2025 - 22:47:47: Invalid player id 0
L 01/07/2025 - 22:47:47: [AMXX] Run time error 10 (plugin "status_monitor.amxx") (native "get_user_info") - debug not enabled!
L 01/07/2025 - 22:47:47: [AMXX] To enable debug mode, add "debug" after the plugin name in plugins.ini (without quotes).
L 01/07/2025 - 22:47:47: Invalid player id 0
L 01/07/2025 - 22:47:47: [AMXX] Run time error 10 (plugin "status_monitor.amxx") (native "get_user_info") - debug not enabled!
L 01/07/2025 - 22:47:47: [AMXX] To enable debug mode, add "debug" after the plugin name in plugins.ini (without quotes).
L 01/07/2025 - 22:47:47: Invalid player id 0
L 01/07/2025 - 22:47:47: [AMXX] Run time error 10 (plugin "status_monitor.amxx") (native "get_user_info") - debug not enabled!
L 01/07/2025 - 22:47:47: [AMXX] To enable debug mode, add "debug" after the plugin name in plugins.ini (without quotes).
L 01/07/2025 - 22:47:48: Invalid player id 0
L 01/07/2025 - 22:47:48: [AMXX] Run time error 10 (plugin "status_monitor.amxx") (native "get_user_info") - debug not enabled!
L 01/07/2025 - 22:47:48: [AMXX] To enable debug mode, add "debug" after the plugin name in plugins.ini (without quotes).
L 01/07/2025 - 22:47:48: Invalid player id 0
L 01/07/2025 - 22:47:48: [AMXX] Run time error 10 (plugin "status_monitor.amxx") (native "get_user_info") - debug not enabled!
L 01/07/2025 - 22:47:48: [AMXX] To enable debug mode, add "debug" after the plugin name in plugins.ini (without quotes).
L 01/07/2025 - 22:47:49: Invalid player id 0
L 01/07/2025 - 22:47:49: [AMXX] Run time error 10 (plugin "status_monitor.amxx") (native "get_user_info") - debug not enabled!
L 01/07/2025 - 22:47:49: [AMXX] To enable debug mode, add "debug" after the plugin name in plugins.ini (without quotes).
L 01/07/2025 - 22:47:52: Invalid player id 0
L 01/07/2025 - 22:47:52: [AMXX] Run time error 10 (plugin "status_monitor.amxx") (native "get_user_info") - debug not enabled!
L 01/07/2025 - 22:47:52: [AMXX] To enable debug mode, add "debug" after the plugin name in plugins.ini (without quotes).
L 01/07/2025 - 22:58:13: Invalid player id 0
L 01/07/2025 - 22:58:13: [AMXX] Run time error 10 (plugin "status_monitor.amxx") (native "get_user_info") - debug not enabled!
L 01/07/2025 - 22:58:13: [AMXX] To enable debug mode, add "debug" after the plugin name in plugins.ini (without quotes).
L 01/07/2025 - 23:02:08: Start of error session.
L 01/07/2025 - 23:02:08: Info (map "de_dust2_largo") (file "addons/amxmodx/logs/error_20250107.log")
L 01/07/2025 - 23:02:08: Invalid player id 0
L 01/07/2025 - 23:02:08: [AMXX] Run time error 10 (plugin "status_monitor.amxx") (native "get_user_info") - debug not enabled!
L 01/07/2025 - 23:02:08: [AMXX] To enable debug mode, add "debug" after the plugin name in plugins.ini (without quotes).
L 01/07/2025 - 23:02:09: Invalid player id 0
L 01/07/2025 - 23:02:09: [AMXX] Run time error 10 (plugin "status_monitor.amxx") (native "get_user_info") - debug not enabled!
L 01/07/2025 - 23:02:09: [AMXX] To enable debug mode, add "debug" after the plugin name in plugins.ini (without quotes).
L 01/07/2025 - 23:02:09: Invalid player id 0
L 01/07/2025 - 23:02:09: [AMXX] Run time error 10 (plugin "status_monitor.amxx") (native "get_user_info") - debug not enabled!
L 01/07/2025 - 23:02:09: [AMXX] To enable debug mode, add "debug" after the plugin name in plugins.ini (without quotes).
L 01/07/2025 - 23:02:10: Invalid player id 0
L 01/07/2025 - 23:02:10: [AMXX] Run time error 10 (plugin "status_monitor.amxx") (native "get_user_info") - debug not enabled!
L 01/07/2025 - 23:02:10: [AMXX] To enable debug mode, add "debug" after the plugin name in plugins.ini (without quotes).
L 01/07/2025 - 23:02:10: Invalid player id 0
L 01/07/2025 - 23:02:10: [AMXX] Run time error 10 (plugin "status_monitor.amxx") (native "get_user_info") - debug not enabled!
L 01/07/2025 - 23:02:10: [AMXX] To enable debug mode, add "debug" after the plugin name in plugins.ini (without quotes).
L 01/07/2025 - 23:02:11: Invalid player id 0
L 01/07/2025 - 23:02:11: [AMXX] Run time error 10 (plugin "status_monitor.amxx") (native "get_user_info") - debug not enabled!
L 01/07/2025 - 23:02:11: [AMXX] To enable debug mode, add "debug" after the plugin name in plugins.ini (without quotes).
L 01/07/2025 - 23:02:11: Invalid player id 0
L 01/07/2025 - 23:02:11: [AMXX] Run time error 10 (plugin "status_monitor.amxx") (native "get_user_info") - debug not enabled!
L 01/07/2025 - 23:02:11: [AMXX] To enable debug mode, add "debug" after the plugin name in plugins.ini (without quotes).
L 01/07/2025 - 23:02:11: Invalid player id 0
L 01/07/2025 - 23:02:11: [AMXX] Run time error 10 (plugin "status_monitor.amxx") (native "get_user_info") - debug not enabled!
L 01/07/2025 - 23:02:11: [AMXX] To enable debug mode, add "debug" after the plugin name in plugins.ini (without quotes).
L 01/07/2025 - 23:02:11: Invalid player id 0
L 01/07/2025 - 23:02:11: [AMXX] Run time error 10 (plugin "status_monitor.amxx") (native "get_user_info") - debug not enabled!
L 01/07/2025 - 23:02:11: [AMXX] To enable debug mode, add "debug" after the plugin name in plugins.ini (without quotes).
L 01/07/2025 - 23:02:11: Invalid player id 0
L 01/07/2025 - 23:02:11: [AMXX] Run time error 10 (plugin "status_monitor.amxx") (native "get_user_info") - debug not enabled!
L 01/07/2025 - 23:02:11: [AMXX] To enable debug mode, add "debug" after the plugin name in plugins.ini (without quotes).
L 01/07/2025 - 23:02:11: Invalid player id 0
L 01/07/2025 - 23:02:11: [AMXX] Run time error 10 (plugin "status_monitor.amxx") (native "get_user_info") - debug not enabled!
L 01/07/2025 - 23:02:11: [AMXX] To enable debug mode, add "debug" after the plugin name in plugins.ini (without quotes).
L 01/07/2025 - 23:02:12: Invalid player id 0
L 01/07/2025 - 23:02:12: [AMXX] Run time error 10 (plugin "status_monitor.amxx") (native "get_user_info") - debug not enabled!
L 01/07/2025 - 23:02:12: [AMXX] To enable debug mode, add "debug" after the plugin name in plugins.ini (without quotes).
L 01/07/2025 - 23:02:13: Invalid player id 0
L 01/07/2025 - 23:02:13: [AMXX] Run time error 10 (plugin "status_monitor.amxx") (native "get_user_info") - debug not enabled!
L 01/07/2025 - 23:02:13: [AMXX] To enable debug mode, add "debug" after the plugin name in plugins.ini (without quotes).
L 01/07/2025 - 23:02:13: Invalid player id 0
L 01/07/2025 - 23:02:13: [AMXX] Run time error 10 (plugin "status_monitor.amxx") (native "get_user_info") - debug not enabled!
L 01/07/2025 - 23:02:13: [AMXX] To enable debug mode, add "debug" after the plugin name in plugins.ini (without quotes).
L 01/07/2025 - 23:03:24: Invalid player id 0
L 01/07/2025 - 23:03:24: [AMXX] Run time error 10 (plugin "status_monitor.amxx") (native "get_user_info") - debug not enabled!
L 01/07/2025 - 23:03:24: [AMXX] To enable debug mode, add "debug" after the plugin name in plugins.ini (without quotes).
L 01/07/2025 - 23:03:41: Start of error session.
L 01/07/2025 - 23:03:41: Info (map "sj_trix_zone") (file "addons/amxmodx/logs/error_20250107.log")
L 01/07/2025 - 23:03:41: Player 4 is not in game.
L 01/07/2025 - 23:03:41: [AMXX] Displaying debug trace (plugin "soccerjam.amxx", version "6.0b")
L 01/07/2025 - 23:03:41: [AMXX] Run time error 10: native error (native "menu_display")
L 01/07/2025 - 23:03:41: [AMXX]    [0] Untitled.sma::BuyUpgrade (line 2901)
L 01/07/2025 - 23:03:48: Invalid player id 0
L 01/07/2025 - 23:03:48: [AMXX] Run time error 10 (plugin "status_monitor.amxx") (native "get_user_info") - debug not enabled!
L 01/07/2025 - 23:03:48: [AMXX] To enable debug mode, add "debug" after the plugin name in plugins.ini (without quotes).
L 01/07/2025 - 23:03:50: Invalid player id 0
L 01/07/2025 - 23:03:50: [AMXX] Run time error 10 (plugin "status_monitor.amxx") (native "get_user_info") - debug not enabled!
L 01/07/2025 - 23:03:50: [AMXX] To enable debug mode, add "debug" after the plugin name in plugins.ini (without quotes).
L 01/07/2025 - 23:03:50: Invalid player id 0
L 01/07/2025 - 23:03:50: [AMXX] Run time error 10 (plugin "status_monitor.amxx") (native "get_user_info") - debug not enabled!
L 01/07/2025 - 23:03:50: [AMXX] To enable debug mode, add "debug" after the plugin name in plugins.ini (without quotes).
L 01/07/2025 - 23:03:51: Invalid player id 0
L 01/07/2025 - 23:03:51: [AMXX] Run time error 10 (plugin "status_monitor.amxx") (native "get_user_info") - debug not enabled!
L 01/07/2025 - 23:03:51: [AMXX] To enable debug mode, add "debug" after the plugin name in plugins.ini (without quotes).
L 01/07/2025 - 23:03:51: Invalid player id 0
L 01/07/2025 - 23:03:51: [AMXX] Run time error 10 (plugin "status_monitor.amxx") (native "get_user_info") - debug not enabled!
L 01/07/2025 - 23:03:51: [AMXX] To enable debug mode, add "debug" after the plugin name in plugins.ini (without quotes).
L 01/07/2025 - 23:03:51: Invalid player id 0
L 01/07/2025 - 23:03:51: [AMXX] Run time error 10 (plugin "status_monitor.amxx") (native "get_user_info") - debug not enabled!
L 01/07/2025 - 23:03:51: [AMXX] To enable debug mode, add "debug" after the plugin name in plugins.ini (without quotes).
L 01/07/2025 - 23:03:51: Invalid player id 0
L 01/07/2025 - 23:03:51: [AMXX] Run time error 10 (plugin "status_monitor.amxx") (native "get_user_info") - debug not enabled!
L 01/07/2025 - 23:03:51: [AMXX] To enable debug mode, add "debug" after the plugin name in plugins.ini (without quotes).
L 01/07/2025 - 23:03:52: Invalid player id 0
L 01/07/2025 - 23:03:52: [AMXX] Run time error 10 (plugin "status_monitor.amxx") (native "get_user_info") - debug not enabled!
L 01/07/2025 - 23:03:52: [AMXX] To enable debug mode, add "debug" after the plugin name in plugins.ini (without quotes).
L 01/07/2025 - 23:03:53: Invalid player id 0
L 01/07/2025 - 23:03:53: [AMXX] Run time error 10 (plugin "status_monitor.amxx") (native "get_user_info") - debug not enabled!
L 01/07/2025 - 23:03:53: [AMXX] To enable debug mode, add "debug" after the plugin name in plugins.ini (without quotes).
L 01/07/2025 - 23:03:53: Invalid player id 0
L 01/07/2025 - 23:03:53: [AMXX] Run time error 10 (plugin "status_monitor.amxx") (native "get_user_info") - debug not enabled!
L 01/07/2025 - 23:03:53: [AMXX] To enable debug mode, add "debug" after the plugin name in plugins.ini (without quotes).
L 01/07/2025 - 23:03:53: Invalid player id 0
L 01/07/2025 - 23:03:53: [AMXX] Run time error 10 (plugin "status_monitor.amxx") (native "get_user_info") - debug not enabled!
L 01/07/2025 - 23:03:53: [AMXX] To enable debug mode, add "debug" after the plugin name in plugins.ini (without quotes).
L 01/07/2025 - 23:03:54: Invalid player id 0
L 01/07/2025 - 23:03:54: [AMXX] Run time error 10 (plugin "status_monitor.amxx") (native "get_user_info") - debug not enabled!
L 01/07/2025 - 23:03:54: [AMXX] To enable debug mode, add "debug" after the plugin name in plugins.ini (without quotes).
L 01/07/2025 - 23:03:54: Invalid player id 0
L 01/07/2025 - 23:03:54: [AMXX] Run time error 10 (plugin "status_monitor.amxx") (native "get_user_info") - debug not enabled!
L 01/07/2025 - 23:03:54: [AMXX] To enable debug mode, add "debug" after the plugin name in plugins.ini (without quotes).
L 01/07/2025 - 23:03:56: Invalid player id 0
L 01/07/2025 - 23:03:56: [AMXX] Run time error 10 (plugin "status_monitor.amxx") (native "get_user_info") - debug not enabled!
L 01/07/2025 - 23:03:56: [AMXX] To enable debug mode, add "debug" after the plugin name in plugins.ini (without quotes).
L 01/07/2025 - 23:03:56: Invalid player id 0
L 01/07/2025 - 23:03:56: [AMXX] Run time error 10 (plugin "status_monitor.amxx") (native "get_user_info") - debug not enabled!
L 01/07/2025 - 23:03:56: [AMXX] To enable debug mode, add "debug" after the plugin name in plugins.ini (without quotes).
L 01/07/2025 - 23:03:59: Invalid player id 0
L 01/07/2025 - 23:03:59: [AMXX] Run time error 10 (plugin "status_monitor.amxx") (native "get_user_info") - debug not enabled!
L 01/07/2025 - 23:03:59: [AMXX] To enable debug mode, add "debug" after the plugin name in plugins.ini (without quotes).
L 01/07/2025 - 23:04:45: Invalid player id 0
L 01/07/2025 - 23:04:45: [AMXX] Run time error 10 (plugin "status_monitor.amxx") (native "get_user_info") - debug not enabled!
L 01/07/2025 - 23:04:45: [AMXX] To enable debug mode, add "debug" after the plugin name in plugins.ini (without quotes).
L 01/07/2025 - 23:05:04: Invalid player id 0
L 01/07/2025 - 23:05:04: [AMXX] Run time error 10 (plugin "status_monitor.amxx") (native "get_user_info") - debug not enabled!
L 01/07/2025 - 23:05:04: [AMXX] To enable debug mode, add "debug" after the plugin name in plugins.ini (without quotes).
L 01/07/2025 - 23:06:23: Invalid player id 0
L 01/07/2025 - 23:06:23: [AMXX] Run time error 10 (plugin "status_monitor.amxx") (native "get_user_info") - debug not enabled!
L 01/07/2025 - 23:06:23: [AMXX] To enable debug mode, add "debug" after the plugin name in plugins.ini (without quotes).
L 01/07/2025 - 23:07:37: Invalid player id 0
L 01/07/2025 - 23:07:37: [AMXX] Run time error 10 (plugin "status_monitor.amxx") (native "get_user_info") - debug not enabled!
L 01/07/2025 - 23:07:37: [AMXX] To enable debug mode, add "debug" after the plugin name in plugins.ini (without quotes).
L 01/07/2025 - 23:08:17: String formatted incorrectly - parameter 6 (total 5)
L 01/07/2025 - 23:08:17: [AMXX] Run time error 25 (plugin "adminhelp.amxx") - debug not enabled!
L 01/07/2025 - 23:08:17: [AMXX] To enable debug mode, add "debug" after the plugin name in plugins.ini (without quotes).
L 01/07/2025 - 23:08:25: String formatted incorrectly - parameter 6 (total 5)
L 01/07/2025 - 23:08:25: [AMXX] Run time error 25 (plugin "adminhelp.amxx") - debug not enabled!
L 01/07/2025 - 23:08:25: [AMXX] To enable debug mode, add "debug" after the plugin name in plugins.ini (without quotes).
L 01/07/2025 - 23:08:42: String formatted incorrectly - parameter 6 (total 5)
L 01/07/2025 - 23:08:42: [AMXX] Run time error 25 (plugin "adminhelp.amxx") - debug not enabled!
L 01/07/2025 - 23:08:42: [AMXX] To enable debug mode, add "debug" after the plugin name in plugins.ini (without quotes).
L 01/07/2025 - 23:08:44: Invalid player id 0
L 01/07/2025 - 23:08:44: [AMXX] Run time error 10 (plugin "status_monitor.amxx") (native "get_user_info") - debug not enabled!
L 01/07/2025 - 23:08:44: [AMXX] To enable debug mode, add "debug" after the plugin name in plugins.ini (without quotes).
L 01/07/2025 - 23:08:47: String formatted incorrectly - parameter 6 (total 5)
L 01/07/2025 - 23:08:47: [AMXX] Run time error 25 (plugin "adminhelp.amxx") - debug not enabled!
L 01/07/2025 - 23:08:47: [AMXX] To enable debug mode, add "debug" after the plugin name in plugins.ini (without quotes).
L 01/07/2025 - 23:09:41: String formatted incorrectly - parameter 6 (total 5)
L 01/07/2025 - 23:09:41: [AMXX] Run time error 25 (plugin "adminhelp.amxx") - debug not enabled!
L 01/07/2025 - 23:09:41: [AMXX] To enable debug mode, add "debug" after the plugin name in plugins.ini (without quotes).
L 01/07/2025 - 23:09:43: String formatted incorrectly - parameter 6 (total 5)
L 01/07/2025 - 23:09:43: [AMXX] Run time error 25 (plugin "adminhelp.amxx") - debug not enabled!
L 01/07/2025 - 23:09:43: [AMXX] To enable debug mode, add "debug" after the plugin name in plugins.ini (without quotes).
L 01/07/2025 - 23:09:55: Invalid player id 0
L 01/07/2025 - 23:09:55: [AMXX] Run time error 10 (plugin "status_monitor.amxx") (native "get_user_info") - debug not enabled!
L 01/07/2025 - 23:09:55: [AMXX] To enable debug mode, add "debug" after the plugin name in plugins.ini (without quotes).
L 01/07/2025 - 23:10:05: String formatted incorrectly - parameter 6 (total 5)
L 01/07/2025 - 23:10:05: [AMXX] Run time error 25 (plugin "adminhelp.amxx") - debug not enabled!
L 01/07/2025 - 23:10:05: [AMXX] To enable debug mode, add "debug" after the plugin name in plugins.ini (without quotes).
L 01/07/2025 - 23:10:08: String formatted incorrectly - parameter 6 (total 5)
L 01/07/2025 - 23:10:08: [AMXX] Run time error 25 (plugin "adminhelp.amxx") - debug not enabled!
L 01/07/2025 - 23:10:08: [AMXX] To enable debug mode, add "debug" after the plugin name in plugins.ini (without quotes).
L 01/07/2025 - 23:10:10: String formatted incorrectly - parameter 6 (total 5)
L 01/07/2025 - 23:10:10: [AMXX] Run time error 25 (plugin "adminhelp.amxx") - debug not enabled!
L 01/07/2025 - 23:10:10: [AMXX] To enable debug mode, add "debug" after the plugin name in plugins.ini (without quotes).
L 01/07/2025 - 23:10:48: Invalid player id 0
L 01/07/2025 - 23:10:48: [AMXX] Run time error 10 (plugin "status_monitor.amxx") (native "get_user_info") - debug not enabled!
L 01/07/2025 - 23:10:48: [AMXX] To enable debug mode, add "debug" after the plugin name in plugins.ini (without quotes).
L 01/07/2025 - 23:12:48: String formatted incorrectly - parameter 6 (total 5)
L 01/07/2025 - 23:12:48: [AMXX] Run time error 25 (plugin "adminhelp.amxx") - debug not enabled!
L 01/07/2025 - 23:12:48: [AMXX] To enable debug mode, add "debug" after the plugin name in plugins.ini (without quotes).
L 01/07/2025 - 23:12:50: String formatted incorrectly - parameter 6 (total 5)
L 01/07/2025 - 23:12:50: [AMXX] Run time error 25 (plugin "adminhelp.amxx") - debug not enabled!
L 01/07/2025 - 23:12:50: [AMXX] To enable debug mode, add "debug" after the plugin name in plugins.ini (without quotes).
L 01/07/2025 - 23:12:57: String formatted incorrectly - parameter 6 (total 5)
L 01/07/2025 - 23:12:57: [AMXX] Run time error 25 (plugin "adminhelp.amxx") - debug not enabled!
L 01/07/2025 - 23:12:57: [AMXX] To enable debug mode, add "debug" after the plugin name in plugins.ini (without quotes).
L 01/07/2025 - 23:12:59: String formatted incorrectly - parameter 6 (total 5)
L 01/07/2025 - 23:12:59: [AMXX] Run time error 25 (plugin "adminhelp.amxx") - debug not enabled!
L 01/07/2025 - 23:12:59: [AMXX] To enable debug mode, add "debug" after the plugin name in plugins.ini (without quotes).
L 01/07/2025 - 23:13:01: String formatted incorrectly - parameter 6 (total 5)
L 01/07/2025 - 23:13:01: [AMXX] Run time error 25 (plugin "adminhelp.amxx") - debug not enabled!
L 01/07/2025 - 23:13:01: [AMXX] To enable debug mode, add "debug" after the plugin name in plugins.ini (without quotes).
L 01/07/2025 - 23:13:02: String formatted incorrectly - parameter 5 (total 4)
L 01/07/2025 - 23:13:02: [AMXX] Run time error 25 (plugin "adminhelp.amxx") - debug not enabled!
L 01/07/2025 - 23:13:02: [AMXX] To enable debug mode, add "debug" after the plugin name in plugins.ini (without quotes).
L 01/07/2025 - 23:14:57: Invalid player id 0
L 01/07/2025 - 23:14:57: [AMXX] Run time error 10 (plugin "status_monitor.amxx") (native "get_user_info") - debug not enabled!
L 01/07/2025 - 23:14:57: [AMXX] To enable debug mode, add "debug" after the plugin name in plugins.ini (without quotes).
L 01/07/2025 - 23:20:22: Invalid player id 0
L 01/07/2025 - 23:20:22: [AMXX] Run time error 10 (plugin "status_monitor.amxx") (native "get_user_info") - debug not enabled!
L 01/07/2025 - 23:20:22: [AMXX] To enable debug mode, add "debug" after the plugin name in plugins.ini (without quotes).
L 01/07/2025 - 23:25:29: Invalid player id 0
L 01/07/2025 - 23:25:29: [AMXX] Run time error 10 (plugin "status_monitor.amxx") (native "get_user_info") - debug not enabled!
L 01/07/2025 - 23:25:29: [AMXX] To enable debug mode, add "debug" after the plugin name in plugins.ini (without quotes).
L 01/07/2025 - 23:28:29: Invalid player id 0
L 01/07/2025 - 23:28:29: [AMXX] Run time error 10 (plugin "status_monitor.amxx") (native "get_user_info") - debug not enabled!
L 01/07/2025 - 23:28:29: [AMXX] To enable debug mode, add "debug" after the plugin name in plugins.ini (without quotes).
L 01/07/2025 - 23:28:46: Invalid player id 0
L 01/07/2025 - 23:28:46: [AMXX] Run time error 10 (plugin "status_monitor.amxx") (native "get_user_info") - debug not enabled!
L 01/07/2025 - 23:28:46: [AMXX] To enable debug mode, add "debug" after the plugin name in plugins.ini (without quotes).
L 01/07/2025 - 23:30:46: Invalid player id 0
L 01/07/2025 - 23:30:46: [AMXX] Run time error 10 (plugin "status_monitor.amxx") (native "get_user_info") - debug not enabled!
L 01/07/2025 - 23:30:46: [AMXX] To enable debug mode, add "debug" after the plugin name in plugins.ini (without quotes).
L 01/07/2025 - 23:36:33: Invalid player id 0
L 01/07/2025 - 23:36:33: [AMXX] Run time error 10 (plugin "status_monitor.amxx") (native "get_user_info") - debug not enabled!
L 01/07/2025 - 23:36:33: [AMXX] To enable debug mode, add "debug" after the plugin name in plugins.ini (without quotes).
L 01/07/2025 - 23:53:09: Start of error session.
L 01/07/2025 - 23:53:09: Info (map "de_inferno") (file "addons/amxmodx/logs/error_20250107.log")
L 01/07/2025 - 23:53:09: Player 21 is not in game.
L 01/07/2025 - 23:53:09: [AMXX] Run time error 10 (plugin "menuconm.amxx") (native "menu_display") - debug not enabled!
L 01/07/2025 - 23:53:09: [AMXX] To enable debug mode, add "debug" after the plugin name in plugins.ini (without quotes).
L 01/07/2025 - 23:53:09: Player 21 is not in game.
L 01/07/2025 - 23:53:09: [AMXX] Run time error 10 (plugin "menuconm.amxx") (native "menu_display") - debug not enabled!
L 01/07/2025 - 23:53:09: [AMXX] To enable debug mode, add "debug" after the plugin name in plugins.ini (without quotes).
L 01/07/2025 - 23:53:09: Player 21 is not in game.
L 01/07/2025 - 23:53:09: [AMXX] Run time error 10 (plugin "menuconm.amxx") (native "menu_display") - debug not enabled!
L 01/07/2025 - 23:53:09: [AMXX] To enable debug mode, add "debug" after the plugin name in plugins.ini (without quotes).
L 01/07/2025 - 23:53:19: Invalid player id 0
L 01/07/2025 - 23:53:19: [AMXX] Run time error 10 (plugin "status_monitor.amxx") (native "get_user_info") - debug not enabled!
L 01/07/2025 - 23:53:19: [AMXX] To enable debug mode, add "debug" after the plugin name in plugins.ini (without quotes).
L 01/07/2025 - 23:53:20: Invalid player id 0
L 01/07/2025 - 23:53:20: [AMXX] Run time error 10 (plugin "status_monitor.amxx") (native "get_user_info") - debug not enabled!
L 01/07/2025 - 23:53:20: [AMXX] To enable debug mode, add "debug" after the plugin name in plugins.ini (without quotes).
L 01/07/2025 - 23:53:20: Invalid player id 0
L 01/07/2025 - 23:53:20: [AMXX] Run time error 10 (plugin "status_monitor.amxx") (native "get_user_info") - debug not enabled!
L 01/07/2025 - 23:53:20: [AMXX] To enable debug mode, add "debug" after the plugin name in plugins.ini (without quotes).
L 01/07/2025 - 23:53:20: Invalid player id 0
L 01/07/2025 - 23:53:20: [AMXX] Run time error 10 (plugin "status_monitor.amxx") (native "get_user_info") - debug not enabled!
L 01/07/2025 - 23:53:20: [AMXX] To enable debug mode, add "debug" after the plugin name in plugins.ini (without quotes).
L 01/07/2025 - 23:53:21: Invalid player id 0
L 01/07/2025 - 23:53:21: [AMXX] Run time error 10 (plugin "status_monitor.amxx") (native "get_user_info") - debug not enabled!
L 01/07/2025 - 23:53:21: [AMXX] To enable debug mode, add "debug" after the plugin name in plugins.ini (without quotes).
L 01/07/2025 - 23:53:21: Invalid player id 0
L 01/07/2025 - 23:53:21: [AMXX] Run time error 10 (plugin "status_monitor.amxx") (native "get_user_info") - debug not enabled!
L 01/07/2025 - 23:53:21: [AMXX] To enable debug mode, add "debug" after the plugin name in plugins.ini (without quotes).
L 01/07/2025 - 23:53:21: Invalid player id 0
L 01/07/2025 - 23:53:21: [AMXX] Run time error 10 (plugin "status_monitor.amxx") (native "get_user_info") - debug not enabled!
L 01/07/2025 - 23:53:21: [AMXX] To enable debug mode, add "debug" after the plugin name in plugins.ini (without quotes).
L 01/07/2025 - 23:53:22: Invalid player id 0
L 01/07/2025 - 23:53:22: [AMXX] Run time error 10 (plugin "status_monitor.amxx") (native "get_user_info") - debug not enabled!
L 01/07/2025 - 23:53:22: [AMXX] To enable debug mode, add "debug" after the plugin name in plugins.ini (without quotes).
L 01/07/2025 - 23:53:23: Invalid player id 0
L 01/07/2025 - 23:53:23: [AMXX] Run time error 10 (plugin "status_monitor.amxx") (native "get_user_info") - debug not enabled!
L 01/07/2025 - 23:53:23: [AMXX] To enable debug mode, add "debug" after the plugin name in plugins.ini (without quotes).
L 01/07/2025 - 23:53:24: Invalid player id 0
L 01/07/2025 - 23:53:24: [AMXX] Run time error 10 (plugin "status_monitor.amxx") (native "get_user_info") - debug not enabled!
L 01/07/2025 - 23:53:24: [AMXX] To enable debug mode, add "debug" after the plugin name in plugins.ini (without quotes).
L 01/07/2025 - 23:53:24: Invalid player id 0
L 01/07/2025 - 23:53:24: [AMXX] Run time error 10 (plugin "status_monitor.amxx") (native "get_user_info") - debug not enabled!
L 01/07/2025 - 23:53:24: [AMXX] To enable debug mode, add "debug" after the plugin name in plugins.ini (without quotes).
L 01/07/2025 - 23:53:57: Invalid player id 0
L 01/07/2025 - 23:53:57: [AMXX] Run time error 10 (plugin "status_monitor.amxx") (native "get_user_info") - debug not enabled!
L 01/07/2025 - 23:53:57: [AMXX] To enable debug mode, add "debug" after the plugin name in plugins.ini (without quotes).
L 01/07/2025 - 23:54:44: Invalid player id 0
L 01/07/2025 - 23:54:44: [AMXX] Run time error 10 (plugin "status_monitor.amxx") (native "get_user_info") - debug not enabled!
L 01/07/2025 - 23:54:44: [AMXX] To enable debug mode, add "debug" after the plugin name in plugins.ini (without quotes).
L 01/07/2025 - 23:58:53: Player 17 is not in game
L 01/07/2025 - 23:58:53: [AMXX] Displaying debug trace (plugin "polymorph.amxx", version "1.1.3")
L 01/07/2025 - 23:58:53: [AMXX] Run time error 10: native error (native "menu_cancel")
L 01/07/2025 - 23:58:53: [AMXX]    [0] polymorph.sma::MapMenuHandler (line 636)
L 01/07/2025 - 23:59:09: Start of error session.
L 01/07/2025 - 23:59:09: Info (map "deathrun_taringacs_hombrealagua") (file "addons/amxmodx/logs/error_20250107.log")
L 01/07/2025 - 23:59:09: Invalid player id 0
L 01/07/2025 - 23:59:09: [AMXX] Run time error 10 (plugin "status_monitor.amxx") (native "get_user_info") - debug not enabled!
L 01/07/2025 - 23:59:09: [AMXX] To enable debug mode, add "debug" after the plugin name in plugins.ini (without quotes).
L 01/07/2025 - 23:59:18: Invalid player id 0
L 01/07/2025 - 23:59:18: [AMXX] Run time error 10 (plugin "status_monitor.amxx") (native "get_user_info") - debug not enabled!
L 01/07/2025 - 23:59:18: [AMXX] To enable debug mode, add "debug" after the plugin name in plugins.ini (without quotes).
L 01/07/2025 - 23:59:19: Invalid player id 0
L 01/07/2025 - 23:59:19: [AMXX] Run time error 10 (plugin "status_monitor.amxx") (native "get_user_info") - debug not enabled!
L 01/07/2025 - 23:59:19: [AMXX] To enable debug mode, add "debug" after the plugin name in plugins.ini (without quotes).
L 01/07/2025 - 23:59:21: Invalid player id 0
L 01/07/2025 - 23:59:21: [AMXX] Run time error 10 (plugin "status_monitor.amxx") (native "get_user_info") - debug not enabled!
L 01/07/2025 - 23:59:21: [AMXX] To enable debug mode, add "debug" after the plugin name in plugins.ini (without quotes).
