L 12/29/2024 - 00:02:09: Start of error session.
L 12/29/2024 - 00:02:09: Info (map "as_oilrig") (file "addons/amxmodx/logs/error_20241229.log")
L 12/29/2024 - 00:02:09: Invalid player id 0
L 12/29/2024 - 00:02:09: [AMXX] Run time error 10 (plugin "status_monitor.amxx") (native "get_user_info") - debug not enabled!
L 12/29/2024 - 00:02:09: [AMXX] To enable debug mode, add "debug" after the plugin name in plugins.ini (without quotes).
L 12/29/2024 - 00:10:21: Invalid player id 0
L 12/29/2024 - 00:10:21: [AMXX] Run time error 10 (plugin "status_monitor.amxx") (native "get_user_info") - debug not enabled!
L 12/29/2024 - 00:10:21: [AMXX] To enable debug mode, add "debug" after the plugin name in plugins.ini (without quotes).
L 12/29/2024 - 00:17:13: Invalid player id 0
L 12/29/2024 - 00:17:13: [AMXX] Run time error 10 (plugin "status_monitor.amxx") (native "get_user_info") - debug not enabled!
L 12/29/2024 - 00:17:13: [AMXX] To enable debug mode, add "debug" after the plugin name in plugins.ini (without quotes).
L 12/29/2024 - 00:17:40: Invalid player id 0
L 12/29/2024 - 00:17:40: [AMXX] Run time error 10 (plugin "status_monitor.amxx") (native "get_user_info") - debug not enabled!
L 12/29/2024 - 00:17:40: [AMXX] To enable debug mode, add "debug" after the plugin name in plugins.ini (without quotes).
L 12/29/2024 - 00:20:29: Start of error session.
L 12/29/2024 - 00:20:29: Info (map "sj_smackdownvsraw") (file "addons/amxmodx/logs/error_20241229.log")
L 12/29/2024 - 00:20:29: Invalid player id 0
L 12/29/2024 - 00:20:29: [AMXX] Run time error 10 (plugin "status_monitor.amxx") (native "get_user_info") - debug not enabled!
L 12/29/2024 - 00:20:29: [AMXX] To enable debug mode, add "debug" after the plugin name in plugins.ini (without quotes).
L 12/29/2024 - 00:20:30: Invalid player id 0
L 12/29/2024 - 00:20:30: [AMXX] Run time error 10 (plugin "status_monitor.amxx") (native "get_user_info") - debug not enabled!
L 12/29/2024 - 00:20:30: [AMXX] To enable debug mode, add "debug" after the plugin name in plugins.ini (without quotes).
L 12/29/2024 - 00:20:31: Invalid player id 0
L 12/29/2024 - 00:20:31: [AMXX] Run time error 10 (plugin "status_monitor.amxx") (native "get_user_info") - debug not enabled!
L 12/29/2024 - 00:20:31: [AMXX] To enable debug mode, add "debug" after the plugin name in plugins.ini (without quotes).
L 12/29/2024 - 00:20:32: Invalid player id 0
L 12/29/2024 - 00:20:32: [AMXX] Run time error 10 (plugin "status_monitor.amxx") (native "get_user_info") - debug not enabled!
L 12/29/2024 - 00:20:32: [AMXX] To enable debug mode, add "debug" after the plugin name in plugins.ini (without quotes).
L 12/29/2024 - 00:21:05: Invalid player id 0
L 12/29/2024 - 00:21:05: [AMXX] Run time error 10 (plugin "status_monitor.amxx") (native "get_user_info") - debug not enabled!
L 12/29/2024 - 00:21:05: [AMXX] To enable debug mode, add "debug" after the plugin name in plugins.ini (without quotes).
L 12/29/2024 - 00:21:08: Invalid player id 0
L 12/29/2024 - 00:21:08: [AMXX] Run time error 10 (plugin "status_monitor.amxx") (native "get_user_info") - debug not enabled!
L 12/29/2024 - 00:21:08: [AMXX] To enable debug mode, add "debug" after the plugin name in plugins.ini (without quotes).
L 12/29/2024 - 00:21:28: Invalid player id 0
L 12/29/2024 - 00:21:28: [AMXX] Run time error 10 (plugin "status_monitor.amxx") (native "get_user_info") - debug not enabled!
L 12/29/2024 - 00:21:28: [AMXX] To enable debug mode, add "debug" after the plugin name in plugins.ini (without quotes).
L 12/29/2024 - 00:22:25: Invalid player id 0
L 12/29/2024 - 00:22:25: [AMXX] Run time error 10 (plugin "status_monitor.amxx") (native "get_user_info") - debug not enabled!
L 12/29/2024 - 00:22:25: [AMXX] To enable debug mode, add "debug" after the plugin name in plugins.ini (without quotes).
L 12/29/2024 - 00:22:54: Start of error session.
L 12/29/2024 - 00:22:54: Info (map "gg_ak-colt_palm_beach") (file "addons/amxmodx/logs/error_20241229.log")
L 12/29/2024 - 00:22:54: Invalid player id 0
L 12/29/2024 - 00:22:54: [AMXX] Run time error 10 (plugin "status_monitor.amxx") (native "get_user_info") - debug not enabled!
L 12/29/2024 - 00:22:54: [AMXX] To enable debug mode, add "debug" after the plugin name in plugins.ini (without quotes).
L 12/29/2024 - 00:22:55: Invalid player id 0
L 12/29/2024 - 00:22:55: [AMXX] Run time error 10 (plugin "status_monitor.amxx") (native "get_user_info") - debug not enabled!
L 12/29/2024 - 00:22:55: [AMXX] To enable debug mode, add "debug" after the plugin name in plugins.ini (without quotes).
L 12/29/2024 - 00:22:56: Invalid player id 0
L 12/29/2024 - 00:22:56: [AMXX] Run time error 10 (plugin "status_monitor.amxx") (native "get_user_info") - debug not enabled!
L 12/29/2024 - 00:22:56: [AMXX] To enable debug mode, add "debug" after the plugin name in plugins.ini (without quotes).
L 12/29/2024 - 00:22:57: Invalid player id 0
L 12/29/2024 - 00:22:57: [AMXX] Run time error 10 (plugin "status_monitor.amxx") (native "get_user_info") - debug not enabled!
L 12/29/2024 - 00:22:57: [AMXX] To enable debug mode, add "debug" after the plugin name in plugins.ini (without quotes).
L 12/29/2024 - 00:22:58: Invalid player id 0
L 12/29/2024 - 00:22:58: [AMXX] Run time error 10 (plugin "status_monitor.amxx") (native "get_user_info") - debug not enabled!
L 12/29/2024 - 00:22:58: [AMXX] To enable debug mode, add "debug" after the plugin name in plugins.ini (without quotes).
L 12/29/2024 - 00:23:00: Invalid player id 0
L 12/29/2024 - 00:23:00: [AMXX] Run time error 10 (plugin "status_monitor.amxx") (native "get_user_info") - debug not enabled!
L 12/29/2024 - 00:23:00: [AMXX] To enable debug mode, add "debug" after the plugin name in plugins.ini (without quotes).
L 12/29/2024 - 00:23:03: Invalid player id 0
L 12/29/2024 - 00:23:03: [AMXX] Run time error 10 (plugin "status_monitor.amxx") (native "get_user_info") - debug not enabled!
L 12/29/2024 - 00:23:03: [AMXX] To enable debug mode, add "debug" after the plugin name in plugins.ini (without quotes).
L 12/29/2024 - 00:25:31: Invalid player id 0
L 12/29/2024 - 00:25:31: [AMXX] Run time error 10 (plugin "status_monitor.amxx") (native "get_user_info") - debug not enabled!
L 12/29/2024 - 00:25:31: [AMXX] To enable debug mode, add "debug" after the plugin name in plugins.ini (without quotes).
L 12/29/2024 - 00:29:33: Invalid player id 0
L 12/29/2024 - 00:29:33: [AMXX] Run time error 10 (plugin "status_monitor.amxx") (native "get_user_info") - debug not enabled!
L 12/29/2024 - 00:29:33: [AMXX] To enable debug mode, add "debug" after the plugin name in plugins.ini (without quotes).
L 12/29/2024 - 00:31:38: Start of error session.
L 12/29/2024 - 00:31:38: Info (map "bb_minecraft_rmk") (file "addons/amxmodx/logs/error_20241229.log")
L 12/29/2024 - 00:31:38: Invalid player id 0
L 12/29/2024 - 00:31:38: [AMXX] Run time error 10 (plugin "status_monitor.amxx") (native "get_user_info") - debug not enabled!
L 12/29/2024 - 00:31:38: [AMXX] To enable debug mode, add "debug" after the plugin name in plugins.ini (without quotes).
L 12/29/2024 - 00:31:41: Invalid player id 0
L 12/29/2024 - 00:31:41: [AMXX] Run time error 10 (plugin "status_monitor.amxx") (native "get_user_info") - debug not enabled!
L 12/29/2024 - 00:31:41: [AMXX] To enable debug mode, add "debug" after the plugin name in plugins.ini (without quotes).
L 12/29/2024 - 00:31:47: Invalid player id 0
L 12/29/2024 - 00:31:47: [AMXX] Run time error 10 (plugin "status_monitor.amxx") (native "get_user_info") - debug not enabled!
L 12/29/2024 - 00:31:47: [AMXX] To enable debug mode, add "debug" after the plugin name in plugins.ini (without quotes).
L 12/29/2024 - 00:31:49: Invalid player id 0
L 12/29/2024 - 00:31:49: [AMXX] Run time error 10 (plugin "status_monitor.amxx") (native "get_user_info") - debug not enabled!
L 12/29/2024 - 00:31:49: [AMXX] To enable debug mode, add "debug" after the plugin name in plugins.ini (without quotes).
L 12/29/2024 - 00:31:50: Invalid player id 0
L 12/29/2024 - 00:31:50: [AMXX] Run time error 10 (plugin "status_monitor.amxx") (native "get_user_info") - debug not enabled!
L 12/29/2024 - 00:31:50: [AMXX] To enable debug mode, add "debug" after the plugin name in plugins.ini (without quotes).
L 12/29/2024 - 00:31:52: Invalid player id 0
L 12/29/2024 - 00:31:52: [AMXX] Run time error 10 (plugin "status_monitor.amxx") (native "get_user_info") - debug not enabled!
L 12/29/2024 - 00:31:52: [AMXX] To enable debug mode, add "debug" after the plugin name in plugins.ini (without quotes).
L 12/29/2024 - 00:31:58: Invalid player id 0
L 12/29/2024 - 00:31:58: [AMXX] Run time error 10 (plugin "status_monitor.amxx") (native "get_user_info") - debug not enabled!
L 12/29/2024 - 00:31:58: [AMXX] To enable debug mode, add "debug" after the plugin name in plugins.ini (without quotes).
L 12/29/2024 - 00:32:19: Invalid player id 0
L 12/29/2024 - 00:32:19: [AMXX] Run time error 10 (plugin "status_monitor.amxx") (native "get_user_info") - debug not enabled!
L 12/29/2024 - 00:32:19: [AMXX] To enable debug mode, add "debug" after the plugin name in plugins.ini (without quotes).
L 12/29/2024 - 00:40:23: Invalid player id 0
L 12/29/2024 - 00:40:23: [AMXX] Run time error 10 (plugin "status_monitor.amxx") (native "get_user_info") - debug not enabled!
L 12/29/2024 - 00:40:23: [AMXX] To enable debug mode, add "debug" after the plugin name in plugins.ini (without quotes).
L 12/29/2024 - 00:51:54: Invalid player id 0
L 12/29/2024 - 00:51:54: [AMXX] Run time error 10 (plugin "status_monitor.amxx") (native "get_user_info") - debug not enabled!
L 12/29/2024 - 00:51:54: [AMXX] To enable debug mode, add "debug" after the plugin name in plugins.ini (without quotes).
L 12/29/2024 - 00:53:34: Invalid player id 0
L 12/29/2024 - 00:53:34: [AMXX] Run time error 10 (plugin "status_monitor.amxx") (native "get_user_info") - debug not enabled!
L 12/29/2024 - 00:53:34: [AMXX] To enable debug mode, add "debug" after the plugin name in plugins.ini (without quotes).
L 12/29/2024 - 00:57:02: Start of error session.
L 12/29/2024 - 00:57:02: Info (map "ze_jurassicworld_escape_fr3_v1") (file "addons/amxmodx/logs/error_20241229.log")
L 12/29/2024 - 00:57:02: Invalid player id 0
L 12/29/2024 - 00:57:02: [AMXX] Run time error 10 (plugin "status_monitor.amxx") (native "get_user_info") - debug not enabled!
L 12/29/2024 - 00:57:02: [AMXX] To enable debug mode, add "debug" after the plugin name in plugins.ini (without quotes).
L 12/29/2024 - 00:57:05: [AMXX] Run time error 5 (plugin "zp_sprites_on_hud.amxx") - debug not enabled!
L 12/29/2024 - 00:57:05: [AMXX] To enable debug mode, add "debug" after the plugin name in plugins.ini (without quotes).
L 12/29/2024 - 00:57:05: Unhandled dynamic native error
L 12/29/2024 - 00:57:05: [AMXX] Run time error 10 (plugin "zp_advanced_win_msgs.amxx") (native "zp_display_hud_sprite") - debug not enabled!
L 12/29/2024 - 00:57:05: [AMXX] To enable debug mode, add "debug" after the plugin name in plugins.ini (without quotes).
L 12/29/2024 - 00:57:05: Invalid player id 0
L 12/29/2024 - 00:57:05: [AMXX] Run time error 10 (plugin "status_monitor.amxx") (native "get_user_info") - debug not enabled!
L 12/29/2024 - 00:57:05: [AMXX] To enable debug mode, add "debug" after the plugin name in plugins.ini (without quotes).
L 12/29/2024 - 00:57:06: Invalid player id 0
L 12/29/2024 - 00:57:06: [AMXX] Run time error 10 (plugin "status_monitor.amxx") (native "get_user_info") - debug not enabled!
L 12/29/2024 - 00:57:06: [AMXX] To enable debug mode, add "debug" after the plugin name in plugins.ini (without quotes).
L 12/29/2024 - 00:57:12: Invalid player id 0
L 12/29/2024 - 00:57:12: [AMXX] Run time error 10 (plugin "status_monitor.amxx") (native "get_user_info") - debug not enabled!
L 12/29/2024 - 00:57:12: [AMXX] To enable debug mode, add "debug" after the plugin name in plugins.ini (without quotes).
L 12/29/2024 - 00:57:12: Invalid player id 0
L 12/29/2024 - 00:57:12: [AMXX] Run time error 10 (plugin "status_monitor.amxx") (native "get_user_info") - debug not enabled!
L 12/29/2024 - 00:57:12: [AMXX] To enable debug mode, add "debug" after the plugin name in plugins.ini (without quotes).
L 12/29/2024 - 00:57:14: Invalid player id 0
L 12/29/2024 - 00:57:14: [AMXX] Run time error 10 (plugin "status_monitor.amxx") (native "get_user_info") - debug not enabled!
L 12/29/2024 - 00:57:14: [AMXX] To enable debug mode, add "debug" after the plugin name in plugins.ini (without quotes).
L 12/29/2024 - 00:57:15: Invalid player id 0
L 12/29/2024 - 00:57:15: [AMXX] Run time error 10 (plugin "status_monitor.amxx") (native "get_user_info") - debug not enabled!
L 12/29/2024 - 00:57:15: [AMXX] To enable debug mode, add "debug" after the plugin name in plugins.ini (without quotes).
L 12/29/2024 - 00:57:18: Invalid player id 0
L 12/29/2024 - 00:57:18: [AMXX] Run time error 10 (plugin "status_monitor.amxx") (native "get_user_info") - debug not enabled!
L 12/29/2024 - 00:57:18: [AMXX] To enable debug mode, add "debug" after the plugin name in plugins.ini (without quotes).
L 12/29/2024 - 01:00:25: [AMXX] Run time error 5 (plugin "zp_sprites_on_hud.amxx") - debug not enabled!
L 12/29/2024 - 01:00:25: [AMXX] To enable debug mode, add "debug" after the plugin name in plugins.ini (without quotes).
L 12/29/2024 - 01:00:25: Unhandled dynamic native error
L 12/29/2024 - 01:00:25: [AMXX] Run time error 10 (plugin "zp_advanced_win_msgs.amxx") (native "zp_display_hud_sprite") - debug not enabled!
L 12/29/2024 - 01:00:25: [AMXX] To enable debug mode, add "debug" after the plugin name in plugins.ini (without quotes).
L 12/29/2024 - 01:04:18: [AMXX] Run time error 5 (plugin "zp_sprites_on_hud.amxx") - debug not enabled!
L 12/29/2024 - 01:04:18: [AMXX] To enable debug mode, add "debug" after the plugin name in plugins.ini (without quotes).
L 12/29/2024 - 01:04:18: Unhandled dynamic native error
L 12/29/2024 - 01:04:18: [AMXX] Run time error 10 (plugin "zp_advanced_win_msgs.amxx") (native "zp_display_hud_sprite") - debug not enabled!
L 12/29/2024 - 01:04:18: [AMXX] To enable debug mode, add "debug" after the plugin name in plugins.ini (without quotes).
L 12/29/2024 - 01:08:13: [AMXX] Run time error 5 (plugin "zp_sprites_on_hud.amxx") - debug not enabled!
L 12/29/2024 - 01:08:13: [AMXX] To enable debug mode, add "debug" after the plugin name in plugins.ini (without quotes).
L 12/29/2024 - 01:08:13: Unhandled dynamic native error
L 12/29/2024 - 01:08:13: [AMXX] Run time error 10 (plugin "zp_advanced_win_msgs.amxx") (native "zp_display_hud_sprite") - debug not enabled!
L 12/29/2024 - 01:08:13: [AMXX] To enable debug mode, add "debug" after the plugin name in plugins.ini (without quotes).
L 12/29/2024 - 01:10:46: Start of error session.
L 12/29/2024 - 01:10:46: Info (map "rubaka_orange_x") (file "addons/amxmodx/logs/error_20241229.log")
L 12/29/2024 - 01:10:46: Invalid player id 0
L 12/29/2024 - 01:10:46: [AMXX] Run time error 10 (plugin "status_monitor.amxx") (native "get_user_info") - debug not enabled!
L 12/29/2024 - 01:10:46: [AMXX] To enable debug mode, add "debug" after the plugin name in plugins.ini (without quotes).
L 12/29/2024 - 01:10:47: Invalid player id 0
L 12/29/2024 - 01:10:47: [AMXX] Run time error 10 (plugin "status_monitor.amxx") (native "get_user_info") - debug not enabled!
L 12/29/2024 - 01:10:47: [AMXX] To enable debug mode, add "debug" after the plugin name in plugins.ini (without quotes).
L 12/29/2024 - 01:10:48: Invalid player id 0
L 12/29/2024 - 01:10:48: [AMXX] Run time error 10 (plugin "status_monitor.amxx") (native "get_user_info") - debug not enabled!
L 12/29/2024 - 01:10:48: [AMXX] To enable debug mode, add "debug" after the plugin name in plugins.ini (without quotes).
L 12/29/2024 - 01:10:48: Invalid player id 0
L 12/29/2024 - 01:10:48: [AMXX] Run time error 10 (plugin "status_monitor.amxx") (native "get_user_info") - debug not enabled!
L 12/29/2024 - 01:10:48: [AMXX] To enable debug mode, add "debug" after the plugin name in plugins.ini (without quotes).
L 12/29/2024 - 01:10:49: Invalid player id 0
L 12/29/2024 - 01:10:49: [AMXX] Run time error 10 (plugin "status_monitor.amxx") (native "get_user_info") - debug not enabled!
L 12/29/2024 - 01:10:49: [AMXX] To enable debug mode, add "debug" after the plugin name in plugins.ini (without quotes).
L 12/29/2024 - 01:10:49: Invalid player id 0
L 12/29/2024 - 01:10:49: [AMXX] Run time error 10 (plugin "status_monitor.amxx") (native "get_user_info") - debug not enabled!
L 12/29/2024 - 01:10:49: [AMXX] To enable debug mode, add "debug" after the plugin name in plugins.ini (without quotes).
L 12/29/2024 - 01:10:51: Invalid player id 0
L 12/29/2024 - 01:10:51: [AMXX] Run time error 10 (plugin "status_monitor.amxx") (native "get_user_info") - debug not enabled!
L 12/29/2024 - 01:10:51: [AMXX] To enable debug mode, add "debug" after the plugin name in plugins.ini (without quotes).
L 12/29/2024 - 01:10:53: Invalid player id 0
L 12/29/2024 - 01:10:53: [AMXX] Run time error 10 (plugin "status_monitor.amxx") (native "get_user_info") - debug not enabled!
L 12/29/2024 - 01:10:53: [AMXX] To enable debug mode, add "debug" after the plugin name in plugins.ini (without quotes).
L 12/29/2024 - 01:10:53: Invalid player id 0
L 12/29/2024 - 01:10:53: [AMXX] Run time error 10 (plugin "status_monitor.amxx") (native "get_user_info") - debug not enabled!
L 12/29/2024 - 01:10:53: [AMXX] To enable debug mode, add "debug" after the plugin name in plugins.ini (without quotes).
L 12/29/2024 - 01:10:53: Invalid player id 0
L 12/29/2024 - 01:10:53: [AMXX] Run time error 10 (plugin "status_monitor.amxx") (native "get_user_info") - debug not enabled!
L 12/29/2024 - 01:10:53: [AMXX] To enable debug mode, add "debug" after the plugin name in plugins.ini (without quotes).
L 12/29/2024 - 01:12:44: Invalid player id 0
L 12/29/2024 - 01:12:44: [AMXX] Run time error 10 (plugin "status_monitor.amxx") (native "get_user_info") - debug not enabled!
L 12/29/2024 - 01:12:44: [AMXX] To enable debug mode, add "debug" after the plugin name in plugins.ini (without quotes).
L 12/29/2024 - 01:20:09: Start of error session.
L 12/29/2024 - 01:20:09: Info (map "zm_peligro_pg") (file "addons/amxmodx/logs/error_20241229.log")
L 12/29/2024 - 01:20:09: Invalid player id 0
L 12/29/2024 - 01:20:09: [AMXX] Run time error 10 (plugin "status_monitor.amxx") (native "get_user_info") - debug not enabled!
L 12/29/2024 - 01:20:09: [AMXX] To enable debug mode, add "debug" after the plugin name in plugins.ini (without quotes).
L 12/29/2024 - 01:20:09: Invalid player id 0
L 12/29/2024 - 01:20:09: [AMXX] Run time error 10 (plugin "status_monitor.amxx") (native "get_user_info") - debug not enabled!
L 12/29/2024 - 01:20:09: [AMXX] To enable debug mode, add "debug" after the plugin name in plugins.ini (without quotes).
L 12/29/2024 - 01:20:11: Invalid player id 0
L 12/29/2024 - 01:20:11: [AMXX] Run time error 10 (plugin "status_monitor.amxx") (native "get_user_info") - debug not enabled!
L 12/29/2024 - 01:20:11: [AMXX] To enable debug mode, add "debug" after the plugin name in plugins.ini (without quotes).
L 12/29/2024 - 01:20:11: Invalid player id 0
L 12/29/2024 - 01:20:11: [AMXX] Run time error 10 (plugin "status_monitor.amxx") (native "get_user_info") - debug not enabled!
L 12/29/2024 - 01:20:11: [AMXX] To enable debug mode, add "debug" after the plugin name in plugins.ini (without quotes).
L 12/29/2024 - 01:20:14: Invalid player id 0
L 12/29/2024 - 01:20:14: [AMXX] Run time error 10 (plugin "status_monitor.amxx") (native "get_user_info") - debug not enabled!
L 12/29/2024 - 01:20:14: [AMXX] To enable debug mode, add "debug" after the plugin name in plugins.ini (without quotes).
L 12/29/2024 - 01:20:14: Invalid player id 0
L 12/29/2024 - 01:20:14: [AMXX] Run time error 10 (plugin "status_monitor.amxx") (native "get_user_info") - debug not enabled!
L 12/29/2024 - 01:20:14: [AMXX] To enable debug mode, add "debug" after the plugin name in plugins.ini (without quotes).
L 12/29/2024 - 01:20:15: Invalid player id 0
L 12/29/2024 - 01:20:15: [AMXX] Run time error 10 (plugin "status_monitor.amxx") (native "get_user_info") - debug not enabled!
L 12/29/2024 - 01:20:15: [AMXX] To enable debug mode, add "debug" after the plugin name in plugins.ini (without quotes).
L 12/29/2024 - 01:20:16: Invalid player id 0
L 12/29/2024 - 01:20:16: [AMXX] Run time error 10 (plugin "status_monitor.amxx") (native "get_user_info") - debug not enabled!
L 12/29/2024 - 01:20:16: [AMXX] To enable debug mode, add "debug" after the plugin name in plugins.ini (without quotes).
L 12/29/2024 - 01:20:16: Invalid player id 0
L 12/29/2024 - 01:20:16: [AMXX] Run time error 10 (plugin "status_monitor.amxx") (native "get_user_info") - debug not enabled!
L 12/29/2024 - 01:20:16: [AMXX] To enable debug mode, add "debug" after the plugin name in plugins.ini (without quotes).
L 12/29/2024 - 01:41:23: Start of error session.
L 12/29/2024 - 01:41:23: Info (map "ka_roadwars_v3") (file "addons/amxmodx/logs/error_20241229.log")
L 12/29/2024 - 01:41:23: Invalid player id 0
L 12/29/2024 - 01:41:23: [AMXX] Run time error 10 (plugin "status_monitor.amxx") (native "get_user_info") - debug not enabled!
L 12/29/2024 - 01:41:23: [AMXX] To enable debug mode, add "debug" after the plugin name in plugins.ini (without quotes).
L 12/29/2024 - 01:41:24: Invalid player id 0
L 12/29/2024 - 01:41:24: [AMXX] Run time error 10 (plugin "status_monitor.amxx") (native "get_user_info") - debug not enabled!
L 12/29/2024 - 01:41:24: [AMXX] To enable debug mode, add "debug" after the plugin name in plugins.ini (without quotes).
L 12/29/2024 - 01:41:24: Invalid player id 0
L 12/29/2024 - 01:41:24: [AMXX] Run time error 10 (plugin "status_monitor.amxx") (native "get_user_info") - debug not enabled!
L 12/29/2024 - 01:41:24: [AMXX] To enable debug mode, add "debug" after the plugin name in plugins.ini (without quotes).
L 12/29/2024 - 01:41:26: Invalid player id 0
L 12/29/2024 - 01:41:26: [AMXX] Run time error 10 (plugin "status_monitor.amxx") (native "get_user_info") - debug not enabled!
L 12/29/2024 - 01:41:26: [AMXX] To enable debug mode, add "debug" after the plugin name in plugins.ini (without quotes).
L 12/29/2024 - 01:41:27: Invalid player id 0
L 12/29/2024 - 01:41:27: [AMXX] Run time error 10 (plugin "status_monitor.amxx") (native "get_user_info") - debug not enabled!
L 12/29/2024 - 01:41:27: [AMXX] To enable debug mode, add "debug" after the plugin name in plugins.ini (without quotes).
L 12/29/2024 - 01:43:31: Invalid player id 0
L 12/29/2024 - 01:43:31: [AMXX] Run time error 10 (plugin "status_monitor.amxx") (native "get_user_info") - debug not enabled!
L 12/29/2024 - 01:43:31: [AMXX] To enable debug mode, add "debug" after the plugin name in plugins.ini (without quotes).
L 12/29/2024 - 01:43:34: Invalid player id 0
L 12/29/2024 - 01:43:34: [AMXX] Run time error 10 (plugin "status_monitor.amxx") (native "get_user_info") - debug not enabled!
L 12/29/2024 - 01:43:34: [AMXX] To enable debug mode, add "debug" after the plugin name in plugins.ini (without quotes).
L 12/29/2024 - 01:44:04: Invalid player id 0
L 12/29/2024 - 01:44:04: [AMXX] Run time error 10 (plugin "status_monitor.amxx") (native "get_user_info") - debug not enabled!
L 12/29/2024 - 01:44:04: [AMXX] To enable debug mode, add "debug" after the plugin name in plugins.ini (without quotes).
L 12/29/2024 - 01:44:13: Invalid player id 0
L 12/29/2024 - 01:44:13: [AMXX] Run time error 10 (plugin "status_monitor.amxx") (native "get_user_info") - debug not enabled!
L 12/29/2024 - 01:44:13: [AMXX] To enable debug mode, add "debug" after the plugin name in plugins.ini (without quotes).
L 12/29/2024 - 01:49:30: Invalid player id 0
L 12/29/2024 - 01:49:30: [AMXX] Run time error 10 (plugin "status_monitor.amxx") (native "get_user_info") - debug not enabled!
L 12/29/2024 - 01:49:30: [AMXX] To enable debug mode, add "debug" after the plugin name in plugins.ini (without quotes).
L 12/29/2024 - 01:51:05: Invalid player id 0
L 12/29/2024 - 01:51:05: [AMXX] Run time error 10 (plugin "status_monitor.amxx") (native "get_user_info") - debug not enabled!
L 12/29/2024 - 01:51:05: [AMXX] To enable debug mode, add "debug" after the plugin name in plugins.ini (without quotes).
L 12/29/2024 - 01:51:31: Start of error session.
L 12/29/2024 - 01:51:31: Info (map "mini_dust_pro") (file "addons/amxmodx/logs/error_20241229.log")
L 12/29/2024 - 01:51:31: Invalid player id 0
L 12/29/2024 - 01:51:31: [AMXX] Run time error 10 (plugin "status_monitor.amxx") (native "get_user_info") - debug not enabled!
L 12/29/2024 - 01:51:31: [AMXX] To enable debug mode, add "debug" after the plugin name in plugins.ini (without quotes).
L 12/29/2024 - 01:51:32: Invalid player id 0
L 12/29/2024 - 01:51:32: [AMXX] Run time error 10 (plugin "status_monitor.amxx") (native "get_user_info") - debug not enabled!
L 12/29/2024 - 01:51:32: [AMXX] To enable debug mode, add "debug" after the plugin name in plugins.ini (without quotes).
L 12/29/2024 - 01:51:33: Invalid player id 0
L 12/29/2024 - 01:51:33: [AMXX] Run time error 10 (plugin "status_monitor.amxx") (native "get_user_info") - debug not enabled!
L 12/29/2024 - 01:51:33: [AMXX] To enable debug mode, add "debug" after the plugin name in plugins.ini (without quotes).
L 12/29/2024 - 01:51:34: Invalid player id 0
L 12/29/2024 - 01:51:34: [AMXX] Run time error 10 (plugin "status_monitor.amxx") (native "get_user_info") - debug not enabled!
L 12/29/2024 - 01:51:34: [AMXX] To enable debug mode, add "debug" after the plugin name in plugins.ini (without quotes).
L 12/29/2024 - 01:51:35: Invalid player id 0
L 12/29/2024 - 01:51:35: [AMXX] Run time error 10 (plugin "status_monitor.amxx") (native "get_user_info") - debug not enabled!
L 12/29/2024 - 01:51:35: [AMXX] To enable debug mode, add "debug" after the plugin name in plugins.ini (without quotes).
L 12/29/2024 - 01:51:35: Invalid player id 0
L 12/29/2024 - 01:51:35: [AMXX] Run time error 10 (plugin "status_monitor.amxx") (native "get_user_info") - debug not enabled!
L 12/29/2024 - 01:51:35: [AMXX] To enable debug mode, add "debug" after the plugin name in plugins.ini (without quotes).
L 12/29/2024 - 02:06:50: String formatted incorrectly - parameter 8 (total 7)
L 12/29/2024 - 02:06:50: [AMXX] Run time error 25 (plugin "gungame.amxx") - debug not enabled!
L 12/29/2024 - 02:06:50: [AMXX] To enable debug mode, add "debug" after the plugin name in plugins.ini (without quotes).
L 12/29/2024 - 02:07:18: Start of error session.
L 12/29/2024 - 02:07:18: Info (map "fy_chavo") (file "addons/amxmodx/logs/error_20241229.log")
L 12/29/2024 - 02:07:18: Invalid player id 0
L 12/29/2024 - 02:07:18: [AMXX] Run time error 10 (plugin "status_monitor.amxx") (native "get_user_info") - debug not enabled!
L 12/29/2024 - 02:07:18: [AMXX] To enable debug mode, add "debug" after the plugin name in plugins.ini (without quotes).
L 12/29/2024 - 02:08:13: Start of error session.
L 12/29/2024 - 02:08:13: Info (map "fy_chavo") (file "addons/amxmodx/logs/error_20241229.log")
L 12/29/2024 - 02:08:13: Invalid player id 0
L 12/29/2024 - 02:08:13: [AMXX] Run time error 10 (plugin "status_monitor.amxx") (native "get_user_info") - debug not enabled!
L 12/29/2024 - 02:08:13: [AMXX] To enable debug mode, add "debug" after the plugin name in plugins.ini (without quotes).
L 12/29/2024 - 10:02:36: Start of error session.
L 12/29/2024 - 10:02:36: Info (map "rubaka_orange_x") (file "addons/amxmodx/logs/error_20241229.log")
L 12/29/2024 - 10:02:36: Invalid player id 0
L 12/29/2024 - 10:02:36: [AMXX] Run time error 10 (plugin "status_monitor.amxx") (native "get_user_info") - debug not enabled!
L 12/29/2024 - 10:02:36: [AMXX] To enable debug mode, add "debug" after the plugin name in plugins.ini (without quotes).
L 12/29/2024 - 10:02:36: Invalid player id 0
L 12/29/2024 - 10:02:36: [AMXX] Run time error 10 (plugin "status_monitor.amxx") (native "get_user_info") - debug not enabled!
L 12/29/2024 - 10:02:36: [AMXX] To enable debug mode, add "debug" after the plugin name in plugins.ini (without quotes).
L 12/29/2024 - 10:24:22: Start of error session.
L 12/29/2024 - 10:24:22: Info (map "rubaka_arena") (file "addons/amxmodx/logs/error_20241229.log")
L 12/29/2024 - 10:24:22: Invalid player id 0
L 12/29/2024 - 10:24:22: [AMXX] Run time error 10 (plugin "status_monitor.amxx") (native "get_user_info") - debug not enabled!
L 12/29/2024 - 10:24:22: [AMXX] To enable debug mode, add "debug" after the plugin name in plugins.ini (without quotes).
L 12/29/2024 - 10:24:22: Invalid player id 0
L 12/29/2024 - 10:24:22: [AMXX] Run time error 10 (plugin "status_monitor.amxx") (native "get_user_info") - debug not enabled!
L 12/29/2024 - 10:24:22: [AMXX] To enable debug mode, add "debug" after the plugin name in plugins.ini (without quotes).
L 12/29/2024 - 11:32:18: Start of error session.
L 12/29/2024 - 11:32:18: Info (map "bb_tql") (file "addons/amxmodx/logs/error_20241229.log")
L 12/29/2024 - 11:32:18: Invalid player id 0
L 12/29/2024 - 11:32:18: [AMXX] Run time error 10 (plugin "status_monitor.amxx") (native "get_user_info") - debug not enabled!
L 12/29/2024 - 11:32:18: [AMXX] To enable debug mode, add "debug" after the plugin name in plugins.ini (without quotes).
L 12/29/2024 - 11:36:55: Start of error session.
L 12/29/2024 - 11:36:55: Info (map "cs_estate") (file "addons/amxmodx/logs/error_20241229.log")
L 12/29/2024 - 11:36:55: Invalid player id 0
L 12/29/2024 - 11:36:55: [AMXX] Run time error 10 (plugin "status_monitor.amxx") (native "get_user_info") - debug not enabled!
L 12/29/2024 - 11:36:55: [AMXX] To enable debug mode, add "debug" after the plugin name in plugins.ini (without quotes).
L 12/29/2024 - 13:17:54: Start of error session.
L 12/29/2024 - 13:17:54: Info (map "35hp_gx") (file "addons/amxmodx/logs/error_20241229.log")
L 12/29/2024 - 13:17:54: Invalid player id 0
L 12/29/2024 - 13:17:54: [AMXX] Run time error 10 (plugin "status_monitor.amxx") (native "get_user_info") - debug not enabled!
L 12/29/2024 - 13:17:54: [AMXX] To enable debug mode, add "debug" after the plugin name in plugins.ini (without quotes).
L 12/29/2024 - 13:17:54: Invalid player id 0
L 12/29/2024 - 13:17:54: [AMXX] Run time error 10 (plugin "status_monitor.amxx") (native "get_user_info") - debug not enabled!
L 12/29/2024 - 13:17:54: [AMXX] To enable debug mode, add "debug" after the plugin name in plugins.ini (without quotes).
L 12/29/2024 - 13:39:40: Start of error session.
L 12/29/2024 - 13:39:40: Info (map "35hp_gx") (file "addons/amxmodx/logs/error_20241229.log")
L 12/29/2024 - 13:39:40: Invalid player id 0
L 12/29/2024 - 13:39:40: [AMXX] Run time error 10 (plugin "status_monitor.amxx") (native "get_user_info") - debug not enabled!
L 12/29/2024 - 13:39:40: [AMXX] To enable debug mode, add "debug" after the plugin name in plugins.ini (without quotes).
L 12/29/2024 - 13:39:40: Invalid player id 0
L 12/29/2024 - 13:39:40: [AMXX] Run time error 10 (plugin "status_monitor.amxx") (native "get_user_info") - debug not enabled!
L 12/29/2024 - 13:39:40: [AMXX] To enable debug mode, add "debug" after the plugin name in plugins.ini (without quotes).
L 12/29/2024 - 13:59:37: Invalid player id 0
L 12/29/2024 - 13:59:37: [AMXX] Run time error 10 (plugin "status_monitor.amxx") (native "get_user_info") - debug not enabled!
L 12/29/2024 - 13:59:37: [AMXX] To enable debug mode, add "debug" after the plugin name in plugins.ini (without quotes).
L 12/29/2024 - 15:42:57: Start of error session.
L 12/29/2024 - 15:42:57: Info (map "mini_dust_pro") (file "addons/amxmodx/logs/error_20241229.log")
L 12/29/2024 - 15:42:57: Invalid player id 0
L 12/29/2024 - 15:42:57: [AMXX] Run time error 10 (plugin "status_monitor.amxx") (native "get_user_info") - debug not enabled!
L 12/29/2024 - 15:42:57: [AMXX] To enable debug mode, add "debug" after the plugin name in plugins.ini (without quotes).
L 12/29/2024 - 15:45:00: Start of error session.
L 12/29/2024 - 15:45:00: Info (map "deathrun_fuzzy") (file "addons/amxmodx/logs/error_20241229.log")
L 12/29/2024 - 15:45:00: Invalid player id 0
L 12/29/2024 - 15:45:00: [AMXX] Run time error 10 (plugin "status_monitor.amxx") (native "get_user_info") - debug not enabled!
L 12/29/2024 - 15:45:00: [AMXX] To enable debug mode, add "debug" after the plugin name in plugins.ini (without quotes).
L 12/29/2024 - 15:57:11: Invalid player id 0
L 12/29/2024 - 15:57:11: [AMXX] Run time error 10 (plugin "status_monitor.amxx") (native "get_user_info") - debug not enabled!
L 12/29/2024 - 15:57:11: [AMXX] To enable debug mode, add "debug" after the plugin name in plugins.ini (without quotes).
L 12/29/2024 - 15:59:45: String formatted incorrectly - parameter 6 (total 5)
L 12/29/2024 - 15:59:45: [AMXX] Run time error 25 (plugin "adminhelp.amxx") - debug not enabled!
L 12/29/2024 - 15:59:45: [AMXX] To enable debug mode, add "debug" after the plugin name in plugins.ini (without quotes).
L 12/29/2024 - 15:59:55: String formatted incorrectly - parameter 6 (total 5)
L 12/29/2024 - 15:59:55: [AMXX] Run time error 25 (plugin "adminhelp.amxx") - debug not enabled!
L 12/29/2024 - 15:59:55: [AMXX] To enable debug mode, add "debug" after the plugin name in plugins.ini (without quotes).
L 12/29/2024 - 16:00:06: String formatted incorrectly - parameter 6 (total 5)
L 12/29/2024 - 16:00:06: [AMXX] Run time error 25 (plugin "adminhelp.amxx") - debug not enabled!
L 12/29/2024 - 16:00:06: [AMXX] To enable debug mode, add "debug" after the plugin name in plugins.ini (without quotes).
L 12/29/2024 - 16:00:12: String formatted incorrectly - parameter 6 (total 5)
L 12/29/2024 - 16:00:12: [AMXX] Run time error 25 (plugin "adminhelp.amxx") - debug not enabled!
L 12/29/2024 - 16:00:12: [AMXX] To enable debug mode, add "debug" after the plugin name in plugins.ini (without quotes).
L 12/29/2024 - 16:00:21: String formatted incorrectly - parameter 6 (total 5)
L 12/29/2024 - 16:00:21: [AMXX] Run time error 25 (plugin "adminhelp.amxx") - debug not enabled!
L 12/29/2024 - 16:00:21: [AMXX] To enable debug mode, add "debug" after the plugin name in plugins.ini (without quotes).
L 12/29/2024 - 16:00:41: String formatted incorrectly - parameter 5 (total 4)
L 12/29/2024 - 16:00:41: [AMXX] Run time error 25 (plugin "adminhelp.amxx") - debug not enabled!
L 12/29/2024 - 16:00:41: [AMXX] To enable debug mode, add "debug" after the plugin name in plugins.ini (without quotes).
L 12/29/2024 - 16:01:15: String formatted incorrectly - parameter 6 (total 5)
L 12/29/2024 - 16:01:15: [AMXX] Run time error 25 (plugin "adminhelp.amxx") - debug not enabled!
L 12/29/2024 - 16:01:15: [AMXX] To enable debug mode, add "debug" after the plugin name in plugins.ini (without quotes).
L 12/29/2024 - 16:35:26: Start of error session.
L 12/29/2024 - 16:35:26: Info (map "de_vertigo") (file "addons/amxmodx/logs/error_20241229.log")
L 12/29/2024 - 16:35:26: Invalid player id 0
L 12/29/2024 - 16:35:26: [AMXX] Run time error 10 (plugin "status_monitor.amxx") (native "get_user_info") - debug not enabled!
L 12/29/2024 - 16:35:26: [AMXX] To enable debug mode, add "debug" after the plugin name in plugins.ini (without quotes).
L 12/29/2024 - 16:36:10: Invalid player id 0
L 12/29/2024 - 16:36:10: [AMXX] Run time error 10 (plugin "status_monitor.amxx") (native "get_user_info") - debug not enabled!
L 12/29/2024 - 16:36:10: [AMXX] To enable debug mode, add "debug" after the plugin name in plugins.ini (without quotes).
L 12/29/2024 - 16:45:47: Start of error session.
L 12/29/2024 - 16:45:47: Info (map "de_vertigo") (file "addons/amxmodx/logs/error_20241229.log")
L 12/29/2024 - 16:45:47: Invalid player id 0
L 12/29/2024 - 16:45:47: [AMXX] Run time error 10 (plugin "status_monitor.amxx") (native "get_user_info") - debug not enabled!
L 12/29/2024 - 16:45:47: [AMXX] To enable debug mode, add "debug" after the plugin name in plugins.ini (without quotes).
L 12/29/2024 - 16:57:12: Invalid player id 0
L 12/29/2024 - 16:57:12: [AMXX] Run time error 10 (plugin "status_monitor.amxx") (native "get_user_info") - debug not enabled!
L 12/29/2024 - 16:57:12: [AMXX] To enable debug mode, add "debug" after the plugin name in plugins.ini (without quotes).
