L 01/04/2025 - 00:08:58: Invalid player id 0
L 01/04/2025 - 00:08:58: [AMXX] Run time error 10 (plugin "status_monitor.amxx") (native "get_user_info") - debug not enabled!
L 01/04/2025 - 00:08:58: [AMXX] To enable debug mode, add "debug" after the plugin name in plugins.ini (without quotes).
L 01/04/2025 - 00:13:05: Start of error session.
L 01/04/2025 - 00:13:05: Info (map "de_dust2") (file "addons/amxmodx/logs/error_20250104.log")
L 01/04/2025 - 00:13:05: Invalid player id 0
L 01/04/2025 - 00:13:05: [AMXX] Run time error 10 (plugin "status_monitor.amxx") (native "get_user_info") - debug not enabled!
L 01/04/2025 - 00:13:05: [AMXX] To enable debug mode, add "debug" after the plugin name in plugins.ini (without quotes).
L 01/04/2025 - 00:13:05: Invalid player id 0
L 01/04/2025 - 00:13:05: [AMXX] Run time error 10 (plugin "status_monitor.amxx") (native "get_user_info") - debug not enabled!
L 01/04/2025 - 00:13:05: [AMXX] To enable debug mode, add "debug" after the plugin name in plugins.ini (without quotes).
L 01/04/2025 - 00:13:05: Invalid player id 0
L 01/04/2025 - 00:13:05: [AMXX] Run time error 10 (plugin "status_monitor.amxx") (native "get_user_info") - debug not enabled!
L 01/04/2025 - 00:13:05: [AMXX] To enable debug mode, add "debug" after the plugin name in plugins.ini (without quotes).
L 01/04/2025 - 00:13:07: Invalid player id 0
L 01/04/2025 - 00:13:07: [AMXX] Run time error 10 (plugin "status_monitor.amxx") (native "get_user_info") - debug not enabled!
L 01/04/2025 - 00:13:07: [AMXX] To enable debug mode, add "debug" after the plugin name in plugins.ini (without quotes).
L 01/04/2025 - 00:13:08: Invalid player id 0
L 01/04/2025 - 00:13:08: [AMXX] Run time error 10 (plugin "status_monitor.amxx") (native "get_user_info") - debug not enabled!
L 01/04/2025 - 00:13:08: [AMXX] To enable debug mode, add "debug" after the plugin name in plugins.ini (without quotes).
L 01/04/2025 - 00:13:08: Invalid player id 0
L 01/04/2025 - 00:13:08: [AMXX] Run time error 10 (plugin "status_monitor.amxx") (native "get_user_info") - debug not enabled!
L 01/04/2025 - 00:13:08: [AMXX] To enable debug mode, add "debug" after the plugin name in plugins.ini (without quotes).
L 01/04/2025 - 00:13:08: Invalid player id 0
L 01/04/2025 - 00:13:08: [AMXX] Run time error 10 (plugin "status_monitor.amxx") (native "get_user_info") - debug not enabled!
L 01/04/2025 - 00:13:08: [AMXX] To enable debug mode, add "debug" after the plugin name in plugins.ini (without quotes).
L 01/04/2025 - 00:13:09: Invalid player id 0
L 01/04/2025 - 00:13:09: [AMXX] Run time error 10 (plugin "status_monitor.amxx") (native "get_user_info") - debug not enabled!
L 01/04/2025 - 00:13:09: [AMXX] To enable debug mode, add "debug" after the plugin name in plugins.ini (without quotes).
L 01/04/2025 - 00:13:09: Invalid player id 0
L 01/04/2025 - 00:13:09: [AMXX] Run time error 10 (plugin "status_monitor.amxx") (native "get_user_info") - debug not enabled!
L 01/04/2025 - 00:13:09: [AMXX] To enable debug mode, add "debug" after the plugin name in plugins.ini (without quotes).
L 01/04/2025 - 00:13:53: Start of error session.
L 01/04/2025 - 00:13:53: Info (map "fy_chavo") (file "addons/amxmodx/logs/error_20250104.log")
L 01/04/2025 - 00:13:53: Invalid player id 0
L 01/04/2025 - 00:13:53: [AMXX] Run time error 10 (plugin "status_monitor.amxx") (native "get_user_info") - debug not enabled!
L 01/04/2025 - 00:13:53: [AMXX] To enable debug mode, add "debug" after the plugin name in plugins.ini (without quotes).
L 01/04/2025 - 00:13:53: Invalid player id 0
L 01/04/2025 - 00:13:53: [AMXX] Run time error 10 (plugin "status_monitor.amxx") (native "get_user_info") - debug not enabled!
L 01/04/2025 - 00:13:53: [AMXX] To enable debug mode, add "debug" after the plugin name in plugins.ini (without quotes).
L 01/04/2025 - 00:13:54: Invalid player id 0
L 01/04/2025 - 00:13:54: [AMXX] Run time error 10 (plugin "status_monitor.amxx") (native "get_user_info") - debug not enabled!
L 01/04/2025 - 00:13:54: [AMXX] To enable debug mode, add "debug" after the plugin name in plugins.ini (without quotes).
L 01/04/2025 - 00:13:55: Invalid player id 0
L 01/04/2025 - 00:13:55: [AMXX] Run time error 10 (plugin "status_monitor.amxx") (native "get_user_info") - debug not enabled!
L 01/04/2025 - 00:13:55: [AMXX] To enable debug mode, add "debug" after the plugin name in plugins.ini (without quotes).
L 01/04/2025 - 00:13:58: Invalid player id 0
L 01/04/2025 - 00:13:58: [AMXX] Run time error 10 (plugin "status_monitor.amxx") (native "get_user_info") - debug not enabled!
L 01/04/2025 - 00:13:58: [AMXX] To enable debug mode, add "debug" after the plugin name in plugins.ini (without quotes).
L 01/04/2025 - 00:14:07: Invalid player id 0
L 01/04/2025 - 00:14:07: [AMXX] Run time error 10 (plugin "status_monitor.amxx") (native "get_user_info") - debug not enabled!
L 01/04/2025 - 00:14:07: [AMXX] To enable debug mode, add "debug" after the plugin name in plugins.ini (without quotes).
L 01/04/2025 - 00:14:18: Invalid player id 0
L 01/04/2025 - 00:14:18: [AMXX] Run time error 10 (plugin "status_monitor.amxx") (native "get_user_info") - debug not enabled!
L 01/04/2025 - 00:14:18: [AMXX] To enable debug mode, add "debug" after the plugin name in plugins.ini (without quotes).
L 01/04/2025 - 00:14:25: Invalid player id 0
L 01/04/2025 - 00:14:25: [AMXX] Run time error 10 (plugin "status_monitor.amxx") (native "get_user_info") - debug not enabled!
L 01/04/2025 - 00:14:25: [AMXX] To enable debug mode, add "debug" after the plugin name in plugins.ini (without quotes).
L 01/04/2025 - 00:14:41: Invalid player id 0
L 01/04/2025 - 00:14:41: [AMXX] Run time error 10 (plugin "status_monitor.amxx") (native "get_user_info") - debug not enabled!
L 01/04/2025 - 00:14:41: [AMXX] To enable debug mode, add "debug" after the plugin name in plugins.ini (without quotes).
L 01/04/2025 - 00:16:44: Invalid player id 0
L 01/04/2025 - 00:16:44: [AMXX] Run time error 10 (plugin "status_monitor.amxx") (native "get_user_info") - debug not enabled!
L 01/04/2025 - 00:16:44: [AMXX] To enable debug mode, add "debug" after the plugin name in plugins.ini (without quotes).
L 01/04/2025 - 00:19:45: Invalid player id 0
L 01/04/2025 - 00:19:45: [AMXX] Run time error 10 (plugin "status_monitor.amxx") (native "get_user_info") - debug not enabled!
L 01/04/2025 - 00:19:45: [AMXX] To enable debug mode, add "debug" after the plugin name in plugins.ini (without quotes).
L 01/04/2025 - 00:28:34: Invalid player id 0
L 01/04/2025 - 00:28:34: [AMXX] Run time error 10 (plugin "status_monitor.amxx") (native "get_user_info") - debug not enabled!
L 01/04/2025 - 00:28:34: [AMXX] To enable debug mode, add "debug" after the plugin name in plugins.ini (without quotes).
L 01/04/2025 - 00:33:22: Start of error session.
L 01/04/2025 - 00:33:22: Info (map "de_nuke") (file "addons/amxmodx/logs/error_20250104.log")
L 01/04/2025 - 00:33:22: Invalid player id 0
L 01/04/2025 - 00:33:22: [AMXX] Run time error 10 (plugin "status_monitor.amxx") (native "get_user_info") - debug not enabled!
L 01/04/2025 - 00:33:22: [AMXX] To enable debug mode, add "debug" after the plugin name in plugins.ini (without quotes).
L 01/04/2025 - 00:33:22: Invalid player id 0
L 01/04/2025 - 00:33:22: [AMXX] Run time error 10 (plugin "status_monitor.amxx") (native "get_user_info") - debug not enabled!
L 01/04/2025 - 00:33:22: [AMXX] To enable debug mode, add "debug" after the plugin name in plugins.ini (without quotes).
L 01/04/2025 - 00:33:22: Invalid player id 0
L 01/04/2025 - 00:33:22: [AMXX] Run time error 10 (plugin "status_monitor.amxx") (native "get_user_info") - debug not enabled!
L 01/04/2025 - 00:33:22: [AMXX] To enable debug mode, add "debug" after the plugin name in plugins.ini (without quotes).
L 01/04/2025 - 00:33:23: Invalid player id 0
L 01/04/2025 - 00:33:23: [AMXX] Run time error 10 (plugin "status_monitor.amxx") (native "get_user_info") - debug not enabled!
L 01/04/2025 - 00:33:23: [AMXX] To enable debug mode, add "debug" after the plugin name in plugins.ini (without quotes).
L 01/04/2025 - 00:33:23: Invalid player id 0
L 01/04/2025 - 00:33:23: [AMXX] Run time error 10 (plugin "status_monitor.amxx") (native "get_user_info") - debug not enabled!
L 01/04/2025 - 00:33:23: [AMXX] To enable debug mode, add "debug" after the plugin name in plugins.ini (without quotes).
L 01/04/2025 - 00:33:23: Invalid player id 0
L 01/04/2025 - 00:33:23: [AMXX] Run time error 10 (plugin "status_monitor.amxx") (native "get_user_info") - debug not enabled!
L 01/04/2025 - 00:33:23: [AMXX] To enable debug mode, add "debug" after the plugin name in plugins.ini (without quotes).
L 01/04/2025 - 00:33:23: Invalid player id 0
L 01/04/2025 - 00:33:23: [AMXX] Run time error 10 (plugin "status_monitor.amxx") (native "get_user_info") - debug not enabled!
L 01/04/2025 - 00:33:23: [AMXX] To enable debug mode, add "debug" after the plugin name in plugins.ini (without quotes).
L 01/04/2025 - 00:33:23: Invalid player id 0
L 01/04/2025 - 00:33:23: [AMXX] Run time error 10 (plugin "status_monitor.amxx") (native "get_user_info") - debug not enabled!
L 01/04/2025 - 00:33:23: [AMXX] To enable debug mode, add "debug" after the plugin name in plugins.ini (without quotes).
L 01/04/2025 - 00:33:25: Invalid player id 0
L 01/04/2025 - 00:33:25: [AMXX] Run time error 10 (plugin "status_monitor.amxx") (native "get_user_info") - debug not enabled!
L 01/04/2025 - 00:33:25: [AMXX] To enable debug mode, add "debug" after the plugin name in plugins.ini (without quotes).
L 01/04/2025 - 00:33:54: Start of error session.
L 01/04/2025 - 00:33:54: Info (map "mini_dust2") (file "addons/amxmodx/logs/error_20250104.log")
L 01/04/2025 - 00:33:54: Invalid player id 0
L 01/04/2025 - 00:33:54: [AMXX] Run time error 10 (plugin "status_monitor.amxx") (native "get_user_info") - debug not enabled!
L 01/04/2025 - 00:33:54: [AMXX] To enable debug mode, add "debug" after the plugin name in plugins.ini (without quotes).
L 01/04/2025 - 00:33:54: Invalid player id 0
L 01/04/2025 - 00:33:54: [AMXX] Run time error 10 (plugin "status_monitor.amxx") (native "get_user_info") - debug not enabled!
L 01/04/2025 - 00:33:54: [AMXX] To enable debug mode, add "debug" after the plugin name in plugins.ini (without quotes).
L 01/04/2025 - 00:33:55: Invalid player id 0
L 01/04/2025 - 00:33:55: [AMXX] Run time error 10 (plugin "status_monitor.amxx") (native "get_user_info") - debug not enabled!
L 01/04/2025 - 00:33:55: [AMXX] To enable debug mode, add "debug" after the plugin name in plugins.ini (without quotes).
L 01/04/2025 - 00:33:55: Invalid player id 0
L 01/04/2025 - 00:33:55: [AMXX] Run time error 10 (plugin "status_monitor.amxx") (native "get_user_info") - debug not enabled!
L 01/04/2025 - 00:33:55: [AMXX] To enable debug mode, add "debug" after the plugin name in plugins.ini (without quotes).
L 01/04/2025 - 00:33:55: Invalid player id 0
L 01/04/2025 - 00:33:55: [AMXX] Run time error 10 (plugin "status_monitor.amxx") (native "get_user_info") - debug not enabled!
L 01/04/2025 - 00:33:55: [AMXX] To enable debug mode, add "debug" after the plugin name in plugins.ini (without quotes).
L 01/04/2025 - 00:33:56: Invalid player id 0
L 01/04/2025 - 00:33:56: [AMXX] Run time error 10 (plugin "status_monitor.amxx") (native "get_user_info") - debug not enabled!
L 01/04/2025 - 00:33:56: [AMXX] To enable debug mode, add "debug" after the plugin name in plugins.ini (without quotes).
L 01/04/2025 - 00:33:56: Invalid player id 0
L 01/04/2025 - 00:33:56: [AMXX] Run time error 10 (plugin "status_monitor.amxx") (native "get_user_info") - debug not enabled!
L 01/04/2025 - 00:33:56: [AMXX] To enable debug mode, add "debug" after the plugin name in plugins.ini (without quotes).
L 01/04/2025 - 00:33:57: Invalid player id 0
L 01/04/2025 - 00:33:57: [AMXX] Run time error 10 (plugin "status_monitor.amxx") (native "get_user_info") - debug not enabled!
L 01/04/2025 - 00:33:57: [AMXX] To enable debug mode, add "debug" after the plugin name in plugins.ini (without quotes).
L 01/04/2025 - 00:34:48: Start of error session.
L 01/04/2025 - 00:34:48: Info (map "mini_dust2") (file "addons/amxmodx/logs/error_20250104.log")
L 01/04/2025 - 00:34:48: Invalid player id 0
L 01/04/2025 - 00:34:48: [AMXX] Run time error 10 (plugin "status_monitor.amxx") (native "get_user_info") - debug not enabled!
L 01/04/2025 - 00:34:48: [AMXX] To enable debug mode, add "debug" after the plugin name in plugins.ini (without quotes).
L 01/04/2025 - 00:34:48: Invalid player id 0
L 01/04/2025 - 00:34:48: [AMXX] Run time error 10 (plugin "status_monitor.amxx") (native "get_user_info") - debug not enabled!
L 01/04/2025 - 00:34:48: [AMXX] To enable debug mode, add "debug" after the plugin name in plugins.ini (without quotes).
L 01/04/2025 - 00:34:49: Invalid player id 0
L 01/04/2025 - 00:34:49: [AMXX] Run time error 10 (plugin "status_monitor.amxx") (native "get_user_info") - debug not enabled!
L 01/04/2025 - 00:34:49: [AMXX] To enable debug mode, add "debug" after the plugin name in plugins.ini (without quotes).
L 01/04/2025 - 00:34:49: Invalid player id 0
L 01/04/2025 - 00:34:49: [AMXX] Run time error 10 (plugin "status_monitor.amxx") (native "get_user_info") - debug not enabled!
L 01/04/2025 - 00:34:49: [AMXX] To enable debug mode, add "debug" after the plugin name in plugins.ini (without quotes).
L 01/04/2025 - 00:34:49: Invalid player id 0
L 01/04/2025 - 00:34:49: [AMXX] Run time error 10 (plugin "status_monitor.amxx") (native "get_user_info") - debug not enabled!
L 01/04/2025 - 00:34:49: [AMXX] To enable debug mode, add "debug" after the plugin name in plugins.ini (without quotes).
L 01/04/2025 - 00:34:49: Invalid player id 0
L 01/04/2025 - 00:34:49: [AMXX] Run time error 10 (plugin "status_monitor.amxx") (native "get_user_info") - debug not enabled!
L 01/04/2025 - 00:34:49: [AMXX] To enable debug mode, add "debug" after the plugin name in plugins.ini (without quotes).
L 01/04/2025 - 00:34:50: Invalid player id 0
L 01/04/2025 - 00:34:50: [AMXX] Run time error 10 (plugin "status_monitor.amxx") (native "get_user_info") - debug not enabled!
L 01/04/2025 - 00:34:50: [AMXX] To enable debug mode, add "debug" after the plugin name in plugins.ini (without quotes).
L 01/04/2025 - 00:34:51: Invalid player id 0
L 01/04/2025 - 00:34:51: [AMXX] Run time error 10 (plugin "status_monitor.amxx") (native "get_user_info") - debug not enabled!
L 01/04/2025 - 00:34:51: [AMXX] To enable debug mode, add "debug" after the plugin name in plugins.ini (without quotes).
L 01/04/2025 - 00:35:00: Invalid player id 0
L 01/04/2025 - 00:35:00: [AMXX] Run time error 10 (plugin "status_monitor.amxx") (native "get_user_info") - debug not enabled!
L 01/04/2025 - 00:35:00: [AMXX] To enable debug mode, add "debug" after the plugin name in plugins.ini (without quotes).
L 01/04/2025 - 00:37:12: Invalid player id 0
L 01/04/2025 - 00:37:12: [AMXX] Run time error 10 (plugin "status_monitor.amxx") (native "get_user_info") - debug not enabled!
L 01/04/2025 - 00:37:12: [AMXX] To enable debug mode, add "debug" after the plugin name in plugins.ini (without quotes).
L 01/04/2025 - 00:45:09: Invalid player id 0
L 01/04/2025 - 00:45:09: [AMXX] Run time error 10 (plugin "status_monitor.amxx") (native "get_user_info") - debug not enabled!
L 01/04/2025 - 00:45:09: [AMXX] To enable debug mode, add "debug" after the plugin name in plugins.ini (without quotes).
L 01/04/2025 - 00:54:00: Invalid player id 0
L 01/04/2025 - 00:54:00: [AMXX] Run time error 10 (plugin "status_monitor.amxx") (native "get_user_info") - debug not enabled!
L 01/04/2025 - 00:54:00: [AMXX] To enable debug mode, add "debug" after the plugin name in plugins.ini (without quotes).
L 01/04/2025 - 00:54:41: Start of error session.
L 01/04/2025 - 00:54:41: Info (map "de_nuke") (file "addons/amxmodx/logs/error_20250104.log")
L 01/04/2025 - 00:54:41: Invalid player id 0
L 01/04/2025 - 00:54:41: [AMXX] Run time error 10 (plugin "status_monitor.amxx") (native "get_user_info") - debug not enabled!
L 01/04/2025 - 00:54:41: [AMXX] To enable debug mode, add "debug" after the plugin name in plugins.ini (without quotes).
L 01/04/2025 - 00:54:41: Invalid player id 0
L 01/04/2025 - 00:54:41: [AMXX] Run time error 10 (plugin "status_monitor.amxx") (native "get_user_info") - debug not enabled!
L 01/04/2025 - 00:54:41: [AMXX] To enable debug mode, add "debug" after the plugin name in plugins.ini (without quotes).
L 01/04/2025 - 00:54:42: Invalid player id 0
L 01/04/2025 - 00:54:42: [AMXX] Run time error 10 (plugin "status_monitor.amxx") (native "get_user_info") - debug not enabled!
L 01/04/2025 - 00:54:42: [AMXX] To enable debug mode, add "debug" after the plugin name in plugins.ini (without quotes).
L 01/04/2025 - 00:54:42: Invalid player id 0
L 01/04/2025 - 00:54:42: [AMXX] Run time error 10 (plugin "status_monitor.amxx") (native "get_user_info") - debug not enabled!
L 01/04/2025 - 00:54:42: [AMXX] To enable debug mode, add "debug" after the plugin name in plugins.ini (without quotes).
L 01/04/2025 - 00:54:42: Invalid player id 0
L 01/04/2025 - 00:54:42: [AMXX] Run time error 10 (plugin "status_monitor.amxx") (native "get_user_info") - debug not enabled!
L 01/04/2025 - 00:54:42: [AMXX] To enable debug mode, add "debug" after the plugin name in plugins.ini (without quotes).
L 01/04/2025 - 00:54:42: Invalid player id 0
L 01/04/2025 - 00:54:42: [AMXX] Run time error 10 (plugin "status_monitor.amxx") (native "get_user_info") - debug not enabled!
L 01/04/2025 - 00:54:42: [AMXX] To enable debug mode, add "debug" after the plugin name in plugins.ini (without quotes).
L 01/04/2025 - 00:54:43: Invalid player id 0
L 01/04/2025 - 00:54:43: [AMXX] Run time error 10 (plugin "status_monitor.amxx") (native "get_user_info") - debug not enabled!
L 01/04/2025 - 00:54:43: [AMXX] To enable debug mode, add "debug" after the plugin name in plugins.ini (without quotes).
L 01/04/2025 - 00:54:44: Invalid player id 0
L 01/04/2025 - 00:54:44: [AMXX] Run time error 10 (plugin "status_monitor.amxx") (native "get_user_info") - debug not enabled!
L 01/04/2025 - 00:54:44: [AMXX] To enable debug mode, add "debug" after the plugin name in plugins.ini (without quotes).
L 01/04/2025 - 00:54:44: Invalid player id 0
L 01/04/2025 - 00:54:44: [AMXX] Run time error 10 (plugin "status_monitor.amxx") (native "get_user_info") - debug not enabled!
L 01/04/2025 - 00:54:44: [AMXX] To enable debug mode, add "debug" after the plugin name in plugins.ini (without quotes).
L 01/04/2025 - 00:54:45: Invalid player id 0
L 01/04/2025 - 00:54:45: [AMXX] Run time error 10 (plugin "status_monitor.amxx") (native "get_user_info") - debug not enabled!
L 01/04/2025 - 00:54:45: [AMXX] To enable debug mode, add "debug" after the plugin name in plugins.ini (without quotes).
L 01/04/2025 - 00:55:21: Start of error session.
L 01/04/2025 - 00:55:21: Info (map "mini_dust_pro") (file "addons/amxmodx/logs/error_20250104.log")
L 01/04/2025 - 00:55:21: Invalid player id 0
L 01/04/2025 - 00:55:21: [AMXX] Run time error 10 (plugin "status_monitor.amxx") (native "get_user_info") - debug not enabled!
L 01/04/2025 - 00:55:21: [AMXX] To enable debug mode, add "debug" after the plugin name in plugins.ini (without quotes).
L 01/04/2025 - 00:55:21: Invalid player id 0
L 01/04/2025 - 00:55:21: [AMXX] Run time error 10 (plugin "status_monitor.amxx") (native "get_user_info") - debug not enabled!
L 01/04/2025 - 00:55:21: [AMXX] To enable debug mode, add "debug" after the plugin name in plugins.ini (without quotes).
L 01/04/2025 - 00:55:22: Invalid player id 0
L 01/04/2025 - 00:55:22: [AMXX] Run time error 10 (plugin "status_monitor.amxx") (native "get_user_info") - debug not enabled!
L 01/04/2025 - 00:55:22: [AMXX] To enable debug mode, add "debug" after the plugin name in plugins.ini (without quotes).
L 01/04/2025 - 00:55:22: Invalid player id 0
L 01/04/2025 - 00:55:22: [AMXX] Run time error 10 (plugin "status_monitor.amxx") (native "get_user_info") - debug not enabled!
L 01/04/2025 - 00:55:22: [AMXX] To enable debug mode, add "debug" after the plugin name in plugins.ini (without quotes).
L 01/04/2025 - 00:55:22: Invalid player id 0
L 01/04/2025 - 00:55:22: [AMXX] Run time error 10 (plugin "status_monitor.amxx") (native "get_user_info") - debug not enabled!
L 01/04/2025 - 00:55:22: [AMXX] To enable debug mode, add "debug" after the plugin name in plugins.ini (without quotes).
L 01/04/2025 - 00:55:23: Invalid player id 0
L 01/04/2025 - 00:55:23: [AMXX] Run time error 10 (plugin "status_monitor.amxx") (native "get_user_info") - debug not enabled!
L 01/04/2025 - 00:55:23: [AMXX] To enable debug mode, add "debug" after the plugin name in plugins.ini (without quotes).
L 01/04/2025 - 00:55:23: Invalid player id 0
L 01/04/2025 - 00:55:23: [AMXX] Run time error 10 (plugin "status_monitor.amxx") (native "get_user_info") - debug not enabled!
L 01/04/2025 - 00:55:23: [AMXX] To enable debug mode, add "debug" after the plugin name in plugins.ini (without quotes).
L 01/04/2025 - 00:55:23: Invalid player id 0
L 01/04/2025 - 00:55:23: [AMXX] Run time error 10 (plugin "status_monitor.amxx") (native "get_user_info") - debug not enabled!
L 01/04/2025 - 00:55:23: [AMXX] To enable debug mode, add "debug" after the plugin name in plugins.ini (without quotes).
L 01/04/2025 - 00:55:24: Invalid player id 0
L 01/04/2025 - 00:55:24: [AMXX] Run time error 10 (plugin "status_monitor.amxx") (native "get_user_info") - debug not enabled!
L 01/04/2025 - 00:55:24: [AMXX] To enable debug mode, add "debug" after the plugin name in plugins.ini (without quotes).
L 01/04/2025 - 00:55:24: Invalid player id 0
L 01/04/2025 - 00:55:24: [AMXX] Run time error 10 (plugin "status_monitor.amxx") (native "get_user_info") - debug not enabled!
L 01/04/2025 - 00:55:24: [AMXX] To enable debug mode, add "debug" after the plugin name in plugins.ini (without quotes).
L 01/04/2025 - 00:57:42: Start of error session.
L 01/04/2025 - 00:57:42: Info (map "sj_trix_zone") (file "addons/amxmodx/logs/error_20250104.log")
L 01/04/2025 - 00:57:42: Invalid player id 0
L 01/04/2025 - 00:57:42: [AMXX] Run time error 10 (plugin "status_monitor.amxx") (native "get_user_info") - debug not enabled!
L 01/04/2025 - 00:57:42: [AMXX] To enable debug mode, add "debug" after the plugin name in plugins.ini (without quotes).
L 01/04/2025 - 00:57:43: Invalid player id 0
L 01/04/2025 - 00:57:43: [AMXX] Run time error 10 (plugin "status_monitor.amxx") (native "get_user_info") - debug not enabled!
L 01/04/2025 - 00:57:43: [AMXX] To enable debug mode, add "debug" after the plugin name in plugins.ini (without quotes).
L 01/04/2025 - 00:57:44: Invalid player id 0
L 01/04/2025 - 00:57:44: [AMXX] Run time error 10 (plugin "status_monitor.amxx") (native "get_user_info") - debug not enabled!
L 01/04/2025 - 00:57:44: [AMXX] To enable debug mode, add "debug" after the plugin name in plugins.ini (without quotes).
L 01/04/2025 - 00:57:45: Invalid player id 0
L 01/04/2025 - 00:57:45: [AMXX] Run time error 10 (plugin "status_monitor.amxx") (native "get_user_info") - debug not enabled!
L 01/04/2025 - 00:57:45: [AMXX] To enable debug mode, add "debug" after the plugin name in plugins.ini (without quotes).
L 01/04/2025 - 00:57:46: Invalid player id 0
L 01/04/2025 - 00:57:46: [AMXX] Run time error 10 (plugin "status_monitor.amxx") (native "get_user_info") - debug not enabled!
L 01/04/2025 - 00:57:46: [AMXX] To enable debug mode, add "debug" after the plugin name in plugins.ini (without quotes).
L 01/04/2025 - 00:57:47: Invalid player id 0
L 01/04/2025 - 00:57:47: [AMXX] Run time error 10 (plugin "status_monitor.amxx") (native "get_user_info") - debug not enabled!
L 01/04/2025 - 00:57:47: [AMXX] To enable debug mode, add "debug" after the plugin name in plugins.ini (without quotes).
L 01/04/2025 - 00:57:48: Invalid player id 0
L 01/04/2025 - 00:57:48: [AMXX] Run time error 10 (plugin "status_monitor.amxx") (native "get_user_info") - debug not enabled!
L 01/04/2025 - 00:57:48: [AMXX] To enable debug mode, add "debug" after the plugin name in plugins.ini (without quotes).
L 01/04/2025 - 00:57:51: Invalid player id 0
L 01/04/2025 - 00:57:51: [AMXX] Run time error 10 (plugin "status_monitor.amxx") (native "get_user_info") - debug not enabled!
L 01/04/2025 - 00:57:51: [AMXX] To enable debug mode, add "debug" after the plugin name in plugins.ini (without quotes).
L 01/04/2025 - 00:57:56: Invalid player id 0
L 01/04/2025 - 00:57:56: [AMXX] Run time error 10 (plugin "status_monitor.amxx") (native "get_user_info") - debug not enabled!
L 01/04/2025 - 00:57:56: [AMXX] To enable debug mode, add "debug" after the plugin name in plugins.ini (without quotes).
L 01/04/2025 - 01:07:43: [AMXX] Displaying debug trace (plugin "soccerjam.amxx", version "6.0b")
L 01/04/2025 - 01:07:43: [AMXX] Run time error 4: index out of bounds 
L 01/04/2025 - 01:07:43: [AMXX]    [0] Untitled.sma::touchNet (line 1941)
L 01/04/2025 - 01:18:15: [AMXX] Displaying debug trace (plugin "soccerjam.amxx", version "6.0b")
L 01/04/2025 - 01:18:15: [AMXX] Run time error 4: index out of bounds 
L 01/04/2025 - 01:18:15: [AMXX]    [0] Untitled.sma::touchNet (line 1941)
L 01/04/2025 - 01:27:31: Start of error session.
L 01/04/2025 - 01:27:31: Info (map "jail_flexible_amazon") (file "addons/amxmodx/logs/error_20250104.log")
L 01/04/2025 - 01:27:31: Invalid player id 0
L 01/04/2025 - 01:27:31: [AMXX] Run time error 10 (plugin "status_monitor.amxx") (native "get_user_info") - debug not enabled!
L 01/04/2025 - 01:27:31: [AMXX] To enable debug mode, add "debug" after the plugin name in plugins.ini (without quotes).
L 01/04/2025 - 01:29:30: Start of error session.
L 01/04/2025 - 01:29:30: Info (map "jail_piedras_gordas_pg") (file "addons/amxmodx/logs/error_20250104.log")
L 01/04/2025 - 01:29:30: Invalid player id 0
L 01/04/2025 - 01:29:30: [AMXX] Run time error 10 (plugin "status_monitor.amxx") (native "get_user_info") - debug not enabled!
L 01/04/2025 - 01:29:30: [AMXX] To enable debug mode, add "debug" after the plugin name in plugins.ini (without quotes).
L 01/04/2025 - 01:29:32: Invalid player id 0
L 01/04/2025 - 01:29:32: [AMXX] Run time error 10 (plugin "status_monitor.amxx") (native "get_user_info") - debug not enabled!
L 01/04/2025 - 01:29:32: [AMXX] To enable debug mode, add "debug" after the plugin name in plugins.ini (without quotes).
L 01/04/2025 - 01:29:35: Invalid player id 0
L 01/04/2025 - 01:29:35: [AMXX] Run time error 10 (plugin "status_monitor.amxx") (native "get_user_info") - debug not enabled!
L 01/04/2025 - 01:29:35: [AMXX] To enable debug mode, add "debug" after the plugin name in plugins.ini (without quotes).
L 01/04/2025 - 01:42:05: Start of error session.
L 01/04/2025 - 01:42:05: Info (map "de_dust2") (file "addons/amxmodx/logs/error_20250104.log")
L 01/04/2025 - 01:42:05: Invalid player id 0
L 01/04/2025 - 01:42:05: [AMXX] Run time error 10 (plugin "status_monitor.amxx") (native "get_user_info") - debug not enabled!
L 01/04/2025 - 01:42:05: [AMXX] To enable debug mode, add "debug" after the plugin name in plugins.ini (without quotes).
L 01/04/2025 - 01:43:05: Invalid player id 0
L 01/04/2025 - 01:43:05: [AMXX] Run time error 10 (plugin "status_monitor.amxx") (native "get_user_info") - debug not enabled!
L 01/04/2025 - 01:43:05: [AMXX] To enable debug mode, add "debug" after the plugin name in plugins.ini (without quotes).
L 01/04/2025 - 01:48:21: Invalid player id 0
L 01/04/2025 - 01:48:21: [AMXX] Run time error 10 (plugin "status_monitor.amxx") (native "get_user_info") - debug not enabled!
L 01/04/2025 - 01:48:21: [AMXX] To enable debug mode, add "debug" after the plugin name in plugins.ini (without quotes).
L 01/04/2025 - 01:53:52: Invalid player id 0
L 01/04/2025 - 01:53:52: [AMXX] Run time error 10 (plugin "status_monitor.amxx") (native "get_user_info") - debug not enabled!
L 01/04/2025 - 01:53:52: [AMXX] To enable debug mode, add "debug" after the plugin name in plugins.ini (without quotes).
L 01/04/2025 - 01:59:49: Start of error session.
L 01/04/2025 - 01:59:49: Info (map "de_dust2") (file "addons/amxmodx/logs/error_20250104.log")
L 01/04/2025 - 01:59:49: Invalid player id 0
L 01/04/2025 - 01:59:49: [AMXX] Run time error 10 (plugin "status_monitor.amxx") (native "get_user_info") - debug not enabled!
L 01/04/2025 - 01:59:49: [AMXX] To enable debug mode, add "debug" after the plugin name in plugins.ini (without quotes).
L 01/04/2025 - 02:14:28: Invalid player id 0
L 01/04/2025 - 02:14:28: [AMXX] Run time error 10 (plugin "status_monitor.amxx") (native "get_user_info") - debug not enabled!
L 01/04/2025 - 02:14:28: [AMXX] To enable debug mode, add "debug" after the plugin name in plugins.ini (without quotes).
L 01/04/2025 - 02:17:08: Invalid player id 0
L 01/04/2025 - 02:17:08: [AMXX] Run time error 10 (plugin "status_monitor.amxx") (native "get_user_info") - debug not enabled!
L 01/04/2025 - 02:17:08: [AMXX] To enable debug mode, add "debug" after the plugin name in plugins.ini (without quotes).
L 01/04/2025 - 02:17:54: Start of error session.
L 01/04/2025 - 02:17:54: Info (map "de_dust2") (file "addons/amxmodx/logs/error_20250104.log")
L 01/04/2025 - 02:17:54: Invalid player id 0
L 01/04/2025 - 02:17:54: [AMXX] Run time error 10 (plugin "status_monitor.amxx") (native "get_user_info") - debug not enabled!
L 01/04/2025 - 02:17:54: [AMXX] To enable debug mode, add "debug" after the plugin name in plugins.ini (without quotes).
L 01/04/2025 - 02:21:02: Start of error session.
L 01/04/2025 - 02:21:02: Info (map "mini_dust_pro") (file "addons/amxmodx/logs/error_20250104.log")
L 01/04/2025 - 02:21:02: Invalid player id 0
L 01/04/2025 - 02:21:02: [AMXX] Run time error 10 (plugin "status_monitor.amxx") (native "get_user_info") - debug not enabled!
L 01/04/2025 - 02:21:02: [AMXX] To enable debug mode, add "debug" after the plugin name in plugins.ini (without quotes).
L 01/04/2025 - 02:21:05: Public function -1 is invalid
L 01/04/2025 - 02:21:05: [AMXX] Run time error 10 (plugin "gungame.amxx") (native "callfunc_begin_i") - debug not enabled!
L 01/04/2025 - 02:21:05: [AMXX] To enable debug mode, add "debug" after the plugin name in plugins.ini (without quotes).
L 01/04/2025 - 02:23:18: Start of error session.
L 01/04/2025 - 02:23:18: Info (map "mini_dust_pro") (file "addons/amxmodx/logs/error_20250104.log")
L 01/04/2025 - 02:23:18: Invalid player id 0
L 01/04/2025 - 02:23:18: [AMXX] Run time error 10 (plugin "status_monitor.amxx") (native "get_user_info") - debug not enabled!
L 01/04/2025 - 02:23:18: [AMXX] To enable debug mode, add "debug" after the plugin name in plugins.ini (without quotes).
L 01/04/2025 - 02:30:32: Start of error session.
L 01/04/2025 - 02:30:32: Info (map "fy_pool_day") (file "addons/amxmodx/logs/error_20250104.log")
L 01/04/2025 - 02:30:32: Invalid player id 0
L 01/04/2025 - 02:30:32: [AMXX] Run time error 10 (plugin "status_monitor.amxx") (native "get_user_info") - debug not enabled!
L 01/04/2025 - 02:30:32: [AMXX] To enable debug mode, add "debug" after the plugin name in plugins.ini (without quotes).
L 01/04/2025 - 03:14:22: Invalid index 8 (count: 6)
L 01/04/2025 - 03:14:22: [AMXX] Displaying debug trace (plugin "polymorph.amxx", version "1.1.3")
L 01/04/2025 - 03:14:22: [AMXX] Run time error 10: native error (native "ArrayGetString")
L 01/04/2025 - 03:14:22: [AMXX]    [0] polymorph.sma::checkMapVotes (line 1422)
L 01/04/2025 - 13:42:28: Start of error session.
L 01/04/2025 - 13:42:28: Info (map "surf_iceday_remake") (file "addons/amxmodx/logs/error_20250104.log")
L 01/04/2025 - 13:42:28: Invalid player id 0
L 01/04/2025 - 13:42:28: [AMXX] Run time error 10 (plugin "status_monitor.amxx") (native "get_user_info") - debug not enabled!
L 01/04/2025 - 13:42:28: [AMXX] To enable debug mode, add "debug" after the plugin name in plugins.ini (without quotes).
L 01/04/2025 - 15:02:46: Start of error session.
L 01/04/2025 - 15:02:46: Info (map "crazycar_v2") (file "addons/amxmodx/logs/error_20250104.log")
L 01/04/2025 - 15:02:46: Invalid player id 0
L 01/04/2025 - 15:02:46: [AMXX] Run time error 10 (plugin "status_monitor.amxx") (native "get_user_info") - debug not enabled!
L 01/04/2025 - 15:02:46: [AMXX] To enable debug mode, add "debug" after the plugin name in plugins.ini (without quotes).
L 01/04/2025 - 15:12:06: Invalid player id 0
L 01/04/2025 - 15:12:06: [AMXX] Run time error 10 (plugin "status_monitor.amxx") (native "get_user_info") - debug not enabled!
L 01/04/2025 - 15:12:06: [AMXX] To enable debug mode, add "debug" after the plugin name in plugins.ini (without quotes).
L 01/04/2025 - 15:14:24: Start of error session.
L 01/04/2025 - 15:14:24: Info (map "kz_arsacid") (file "addons/amxmodx/logs/error_20250104.log")
L 01/04/2025 - 15:14:24: Invalid player id 0
L 01/04/2025 - 15:14:24: [AMXX] Run time error 10 (plugin "status_monitor.amxx") (native "get_user_info") - debug not enabled!
L 01/04/2025 - 15:14:24: [AMXX] To enable debug mode, add "debug" after the plugin name in plugins.ini (without quotes).
L 01/04/2025 - 15:14:33: Invalid player id 0
L 01/04/2025 - 15:14:33: [AMXX] Run time error 10 (plugin "status_monitor.amxx") (native "get_user_info") - debug not enabled!
L 01/04/2025 - 15:14:33: [AMXX] To enable debug mode, add "debug" after the plugin name in plugins.ini (without quotes).
L 01/04/2025 - 15:26:09: Invalid player id 0
L 01/04/2025 - 15:26:09: [AMXX] Run time error 10 (plugin "status_monitor.amxx") (native "get_user_info") - debug not enabled!
L 01/04/2025 - 15:26:09: [AMXX] To enable debug mode, add "debug" after the plugin name in plugins.ini (without quotes).
L 01/04/2025 - 15:27:05: Invalid player id 0
L 01/04/2025 - 15:27:05: [AMXX] Run time error 10 (plugin "status_monitor.amxx") (native "get_user_info") - debug not enabled!
L 01/04/2025 - 15:27:05: [AMXX] To enable debug mode, add "debug" after the plugin name in plugins.ini (without quotes).
L 01/04/2025 - 15:34:23: Player 1 is not in game.
L 01/04/2025 - 15:34:23: [AMXX] Displaying debug trace (plugin "kz_jumpplugin.amxx", version "1.7")
L 01/04/2025 - 15:34:23: [AMXX] Run time error 10: native error (native "menu_display")
L 01/04/2025 - 15:34:23: [AMXX]    [0] Untitled.sma::mainmenu (line 2052)
L 01/04/2025 - 15:34:23: [AMXX]    [1] Untitled.sma::commandsmenufunccions (line 2138)
L 01/04/2025 - 15:34:40: Start of error session.
L 01/04/2025 - 15:34:40: Info (map "kz_xj_brickjump") (file "addons/amxmodx/logs/error_20250104.log")
L 01/04/2025 - 15:34:40: Invalid player id 0
L 01/04/2025 - 15:34:40: [AMXX] Run time error 10 (plugin "status_monitor.amxx") (native "get_user_info") - debug not enabled!
L 01/04/2025 - 15:34:40: [AMXX] To enable debug mode, add "debug" after the plugin name in plugins.ini (without quotes).
L 01/04/2025 - 15:34:49: Invalid player id 0
L 01/04/2025 - 15:34:49: [AMXX] Run time error 10 (plugin "status_monitor.amxx") (native "get_user_info") - debug not enabled!
L 01/04/2025 - 15:34:49: [AMXX] To enable debug mode, add "debug" after the plugin name in plugins.ini (without quotes).
L 01/04/2025 - 15:36:00: Player 1 is not in game.
L 01/04/2025 - 15:36:00: [AMXX] Displaying debug trace (plugin "kz_jumpplugin.amxx", version "1.7")
L 01/04/2025 - 15:36:00: [AMXX] Run time error 10: native error (native "menu_display")
L 01/04/2025 - 15:36:00: [AMXX]    [0] Untitled.sma::mainmenu (line 2052)
L 01/04/2025 - 15:36:00: [AMXX]    [1] Untitled.sma::commandsmenufunccions (line 2138)
L 01/04/2025 - 17:26:41: Start of error session.
L 01/04/2025 - 17:26:41: Info (map "de_dust2") (file "addons/amxmodx/logs/error_20250104.log")
L 01/04/2025 - 17:26:41: Invalid player id 0
L 01/04/2025 - 17:26:41: [AMXX] Run time error 10 (plugin "status_monitor.amxx") (native "get_user_info") - debug not enabled!
L 01/04/2025 - 17:26:41: [AMXX] To enable debug mode, add "debug" after the plugin name in plugins.ini (without quotes).
L 01/04/2025 - 18:32:56: Start of error session.
L 01/04/2025 - 18:32:56: Info (map "deathrun_minecraft_fg") (file "addons/amxmodx/logs/error_20250104.log")
L 01/04/2025 - 18:32:56: Invalid player id 0
L 01/04/2025 - 18:32:56: [AMXX] Run time error 10 (plugin "status_monitor.amxx") (native "get_user_info") - debug not enabled!
L 01/04/2025 - 18:32:56: [AMXX] To enable debug mode, add "debug" after the plugin name in plugins.ini (without quotes).
L 01/04/2025 - 18:53:34: Start of error session.
L 01/04/2025 - 18:53:34: Info (map "deathrun_barbie_remake") (file "addons/amxmodx/logs/error_20250104.log")
L 01/04/2025 - 18:53:34: Invalid player id 0
L 01/04/2025 - 18:53:34: [AMXX] Run time error 10 (plugin "status_monitor.amxx") (native "get_user_info") - debug not enabled!
L 01/04/2025 - 18:53:34: [AMXX] To enable debug mode, add "debug" after the plugin name in plugins.ini (without quotes).
L 01/04/2025 - 19:14:12: Start of error session.
L 01/04/2025 - 19:14:12: Info (map "deathrun_poolday") (file "addons/amxmodx/logs/error_20250104.log")
L 01/04/2025 - 19:14:12: Invalid player id 0
L 01/04/2025 - 19:14:12: [AMXX] Run time error 10 (plugin "status_monitor.amxx") (native "get_user_info") - debug not enabled!
L 01/04/2025 - 19:14:12: [AMXX] To enable debug mode, add "debug" after the plugin name in plugins.ini (without quotes).
L 01/04/2025 - 20:30:57: Start of error session.
L 01/04/2025 - 20:30:57: Info (map "fy_titanic") (file "addons/amxmodx/logs/error_20250104.log")
L 01/04/2025 - 20:30:57: Invalid player id 0
L 01/04/2025 - 20:30:57: [AMXX] Run time error 10 (plugin "status_monitor.amxx") (native "get_user_info") - debug not enabled!
L 01/04/2025 - 20:30:57: [AMXX] To enable debug mode, add "debug" after the plugin name in plugins.ini (without quotes).
L 01/04/2025 - 21:09:02: Start of error session.
L 01/04/2025 - 21:09:02: Info (map "fy_pool_suite") (file "addons/amxmodx/logs/error_20250104.log")
L 01/04/2025 - 21:09:02: Invalid player id 0
L 01/04/2025 - 21:09:02: [AMXX] Run time error 10 (plugin "status_monitor.amxx") (native "get_user_info") - debug not enabled!
L 01/04/2025 - 21:09:02: [AMXX] To enable debug mode, add "debug" after the plugin name in plugins.ini (without quotes).
L 01/04/2025 - 21:12:57: Invalid player id 0
L 01/04/2025 - 21:12:57: [AMXX] Run time error 10 (plugin "status_monitor.amxx") (native "get_user_info") - debug not enabled!
L 01/04/2025 - 21:12:57: [AMXX] To enable debug mode, add "debug" after the plugin name in plugins.ini (without quotes).
L 01/04/2025 - 21:24:39: Invalid player id 0
L 01/04/2025 - 21:24:39: [AMXX] Run time error 10 (plugin "status_monitor.amxx") (native "get_user_info") - debug not enabled!
L 01/04/2025 - 21:24:39: [AMXX] To enable debug mode, add "debug" after the plugin name in plugins.ini (without quotes).
L 01/04/2025 - 21:26:40: Start of error session.
L 01/04/2025 - 21:26:40: Info (map "sj_superball") (file "addons/amxmodx/logs/error_20250104.log")
L 01/04/2025 - 21:26:40: Invalid player id 0
L 01/04/2025 - 21:26:40: [AMXX] Run time error 10 (plugin "status_monitor.amxx") (native "get_user_info") - debug not enabled!
L 01/04/2025 - 21:26:40: [AMXX] To enable debug mode, add "debug" after the plugin name in plugins.ini (without quotes).
L 01/04/2025 - 21:37:13: Invalid player id 0
L 01/04/2025 - 21:37:13: [AMXX] Run time error 10 (plugin "status_monitor.amxx") (native "get_user_info") - debug not enabled!
L 01/04/2025 - 21:37:13: [AMXX] To enable debug mode, add "debug" after the plugin name in plugins.ini (without quotes).
L 01/04/2025 - 21:43:01: Start of error session.
L 01/04/2025 - 21:43:01: Info (map "ze_portal2_test") (file "addons/amxmodx/logs/error_20250104.log")
L 01/04/2025 - 21:43:01: Invalid player id 0
L 01/04/2025 - 21:43:01: [AMXX] Run time error 10 (plugin "status_monitor.amxx") (native "get_user_info") - debug not enabled!
L 01/04/2025 - 21:43:01: [AMXX] To enable debug mode, add "debug" after the plugin name in plugins.ini (without quotes).
L 01/04/2025 - 21:44:39: [AMXX] Run time error 5 (plugin "zp_sprites_on_hud.amxx") - debug not enabled!
L 01/04/2025 - 21:44:39: [AMXX] To enable debug mode, add "debug" after the plugin name in plugins.ini (without quotes).
L 01/04/2025 - 21:44:39: Unhandled dynamic native error
L 01/04/2025 - 21:44:39: [AMXX] Run time error 10 (plugin "zp_advanced_win_msgs.amxx") (native "zp_display_hud_sprite") - debug not enabled!
L 01/04/2025 - 21:44:39: [AMXX] To enable debug mode, add "debug" after the plugin name in plugins.ini (without quotes).
L 01/04/2025 - 21:45:58: [AMXX] Run time error 5 (plugin "zp_sprites_on_hud.amxx") - debug not enabled!
L 01/04/2025 - 21:45:58: [AMXX] To enable debug mode, add "debug" after the plugin name in plugins.ini (without quotes).
L 01/04/2025 - 21:45:58: Unhandled dynamic native error
L 01/04/2025 - 21:45:58: [AMXX] Run time error 10 (plugin "zp_advanced_win_msgs.amxx") (native "zp_display_hud_sprite") - debug not enabled!
L 01/04/2025 - 21:45:58: [AMXX] To enable debug mode, add "debug" after the plugin name in plugins.ini (without quotes).
L 01/04/2025 - 21:47:13: [AMXX] Run time error 5 (plugin "zp_sprites_on_hud.amxx") - debug not enabled!
L 01/04/2025 - 21:47:13: [AMXX] To enable debug mode, add "debug" after the plugin name in plugins.ini (without quotes).
L 01/04/2025 - 21:47:13: Unhandled dynamic native error
L 01/04/2025 - 21:47:13: [AMXX] Run time error 10 (plugin "zp_advanced_win_msgs.amxx") (native "zp_display_hud_sprite") - debug not enabled!
L 01/04/2025 - 21:47:13: [AMXX] To enable debug mode, add "debug" after the plugin name in plugins.ini (without quotes).
L 01/04/2025 - 22:22:05: Start of error session.
L 01/04/2025 - 22:22:05: Info (map "ze_deadspace_v2") (file "addons/amxmodx/logs/error_20250104.log")
L 01/04/2025 - 22:22:05: Invalid player id 0
L 01/04/2025 - 22:22:05: [AMXX] Run time error 10 (plugin "status_monitor.amxx") (native "get_user_info") - debug not enabled!
L 01/04/2025 - 22:22:05: [AMXX] To enable debug mode, add "debug" after the plugin name in plugins.ini (without quotes).
L 01/04/2025 - 22:22:35: [AMXX] Run time error 5 (plugin "zp_sprites_on_hud.amxx") - debug not enabled!
L 01/04/2025 - 22:22:35: [AMXX] To enable debug mode, add "debug" after the plugin name in plugins.ini (without quotes).
L 01/04/2025 - 22:22:35: Unhandled dynamic native error
L 01/04/2025 - 22:22:35: [AMXX] Run time error 10 (plugin "zp_advanced_win_msgs.amxx") (native "zp_display_hud_sprite") - debug not enabled!
L 01/04/2025 - 22:22:35: [AMXX] To enable debug mode, add "debug" after the plugin name in plugins.ini (without quotes).
L 01/04/2025 - 22:23:22: Start of error session.
L 01/04/2025 - 22:23:22: Info (map "ze_remesa_old_final") (file "addons/amxmodx/logs/error_20250104.log")
L 01/04/2025 - 22:23:22: Invalid player id 0
L 01/04/2025 - 22:23:22: [AMXX] Run time error 10 (plugin "status_monitor.amxx") (native "get_user_info") - debug not enabled!
L 01/04/2025 - 22:23:22: [AMXX] To enable debug mode, add "debug" after the plugin name in plugins.ini (without quotes).
L 01/04/2025 - 22:27:07: Invalid player id 0
L 01/04/2025 - 22:27:07: [AMXX] Run time error 10 (plugin "status_monitor.amxx") (native "get_user_info") - debug not enabled!
L 01/04/2025 - 22:27:07: [AMXX] To enable debug mode, add "debug" after the plugin name in plugins.ini (without quotes).
L 01/04/2025 - 22:28:06: [AMXX] Run time error 5 (plugin "zp_sprites_on_hud.amxx") - debug not enabled!
L 01/04/2025 - 22:28:06: [AMXX] To enable debug mode, add "debug" after the plugin name in plugins.ini (without quotes).
L 01/04/2025 - 22:28:06: Unhandled dynamic native error
L 01/04/2025 - 22:28:06: [AMXX] Run time error 10 (plugin "zp_advanced_win_msgs.amxx") (native "zp_display_hud_sprite") - debug not enabled!
L 01/04/2025 - 22:28:06: [AMXX] To enable debug mode, add "debug" after the plugin name in plugins.ini (without quotes).
L 01/04/2025 - 22:29:52: [AMXX] Run time error 5 (plugin "zp_sprites_on_hud.amxx") - debug not enabled!
L 01/04/2025 - 22:29:52: [AMXX] To enable debug mode, add "debug" after the plugin name in plugins.ini (without quotes).
L 01/04/2025 - 22:29:52: Unhandled dynamic native error
L 01/04/2025 - 22:29:52: [AMXX] Run time error 10 (plugin "zp_advanced_win_msgs.amxx") (native "zp_display_hud_sprite") - debug not enabled!
L 01/04/2025 - 22:29:52: [AMXX] To enable debug mode, add "debug" after the plugin name in plugins.ini (without quotes).
L 01/04/2025 - 22:30:48: [AMXX] Run time error 5 (plugin "zp_sprites_on_hud.amxx") - debug not enabled!
L 01/04/2025 - 22:30:48: [AMXX] To enable debug mode, add "debug" after the plugin name in plugins.ini (without quotes).
L 01/04/2025 - 22:30:48: Unhandled dynamic native error
L 01/04/2025 - 22:30:48: [AMXX] Run time error 10 (plugin "zp_advanced_win_msgs.amxx") (native "zp_display_hud_sprite") - debug not enabled!
L 01/04/2025 - 22:30:48: [AMXX] To enable debug mode, add "debug" after the plugin name in plugins.ini (without quotes).
L 01/04/2025 - 22:32:02: [AMXX] Run time error 5 (plugin "zp_sprites_on_hud.amxx") - debug not enabled!
L 01/04/2025 - 22:32:02: [AMXX] To enable debug mode, add "debug" after the plugin name in plugins.ini (without quotes).
L 01/04/2025 - 22:32:02: Unhandled dynamic native error
L 01/04/2025 - 22:32:02: [AMXX] Run time error 10 (plugin "zp_advanced_win_msgs.amxx") (native "zp_display_hud_sprite") - debug not enabled!
L 01/04/2025 - 22:32:02: [AMXX] To enable debug mode, add "debug" after the plugin name in plugins.ini (without quotes).
L 01/04/2025 - 22:34:05: [AMXX] Run time error 5 (plugin "zp_sprites_on_hud.amxx") - debug not enabled!
L 01/04/2025 - 22:34:05: [AMXX] To enable debug mode, add "debug" after the plugin name in plugins.ini (without quotes).
L 01/04/2025 - 22:34:05: Unhandled dynamic native error
L 01/04/2025 - 22:34:05: [AMXX] Run time error 10 (plugin "zp_advanced_win_msgs.amxx") (native "zp_display_hud_sprite") - debug not enabled!
L 01/04/2025 - 22:34:05: [AMXX] To enable debug mode, add "debug" after the plugin name in plugins.ini (without quotes).
L 01/04/2025 - 22:40:40: [AMXX] Run time error 5 (plugin "zp_sprites_on_hud.amxx") - debug not enabled!
L 01/04/2025 - 22:40:40: [AMXX] To enable debug mode, add "debug" after the plugin name in plugins.ini (without quotes).
L 01/04/2025 - 22:40:40: Unhandled dynamic native error
L 01/04/2025 - 22:40:40: [AMXX] Run time error 10 (plugin "zp_advanced_win_msgs.amxx") (native "zp_display_hud_sprite") - debug not enabled!
L 01/04/2025 - 22:40:40: [AMXX] To enable debug mode, add "debug" after the plugin name in plugins.ini (without quotes).
L 01/04/2025 - 22:47:15: [AMXX] Run time error 5 (plugin "zp_sprites_on_hud.amxx") - debug not enabled!
L 01/04/2025 - 22:47:15: [AMXX] To enable debug mode, add "debug" after the plugin name in plugins.ini (without quotes).
L 01/04/2025 - 22:47:15: Unhandled dynamic native error
L 01/04/2025 - 22:47:15: [AMXX] Run time error 10 (plugin "zp_advanced_win_msgs.amxx") (native "zp_display_hud_sprite") - debug not enabled!
L 01/04/2025 - 22:47:15: [AMXX] To enable debug mode, add "debug" after the plugin name in plugins.ini (without quotes).
L 01/04/2025 - 22:55:38: Start of error session.
L 01/04/2025 - 22:55:38: Info (map "bomberman_final") (file "addons/amxmodx/logs/error_20250104.log")
L 01/04/2025 - 22:55:38: Invalid player id 0
L 01/04/2025 - 22:55:38: [AMXX] Run time error 10 (plugin "status_monitor.amxx") (native "get_user_info") - debug not enabled!
L 01/04/2025 - 22:55:38: [AMXX] To enable debug mode, add "debug" after the plugin name in plugins.ini (without quotes).
L 01/04/2025 - 23:04:56: Start of error session.
L 01/04/2025 - 23:04:56: Info (map "ze_portal2_test") (file "addons/amxmodx/logs/error_20250104.log")
L 01/04/2025 - 23:04:56: Invalid player id 0
L 01/04/2025 - 23:04:56: [AMXX] Run time error 10 (plugin "status_monitor.amxx") (native "get_user_info") - debug not enabled!
L 01/04/2025 - 23:04:56: [AMXX] To enable debug mode, add "debug" after the plugin name in plugins.ini (without quotes).
L 01/04/2025 - 23:06:42: [AMXX] Run time error 5 (plugin "zp_sprites_on_hud.amxx") - debug not enabled!
L 01/04/2025 - 23:06:42: [AMXX] To enable debug mode, add "debug" after the plugin name in plugins.ini (without quotes).
L 01/04/2025 - 23:06:42: Unhandled dynamic native error
L 01/04/2025 - 23:06:42: [AMXX] Run time error 10 (plugin "zp_advanced_win_msgs.amxx") (native "zp_display_hud_sprite") - debug not enabled!
L 01/04/2025 - 23:06:42: [AMXX] To enable debug mode, add "debug" after the plugin name in plugins.ini (without quotes).
L 01/04/2025 - 23:13:17: [AMXX] Run time error 5 (plugin "zp_sprites_on_hud.amxx") - debug not enabled!
L 01/04/2025 - 23:13:17: [AMXX] To enable debug mode, add "debug" after the plugin name in plugins.ini (without quotes).
L 01/04/2025 - 23:13:17: Unhandled dynamic native error
L 01/04/2025 - 23:13:17: [AMXX] Run time error 10 (plugin "zp_advanced_win_msgs.amxx") (native "zp_display_hud_sprite") - debug not enabled!
L 01/04/2025 - 23:13:17: [AMXX] To enable debug mode, add "debug" after the plugin name in plugins.ini (without quotes).
L 01/04/2025 - 23:41:55: Start of error session.
L 01/04/2025 - 23:41:55: Info (map "ze_deadspace_v2") (file "addons/amxmodx/logs/error_20250104.log")
L 01/04/2025 - 23:41:55: Invalid player id 0
L 01/04/2025 - 23:41:55: [AMXX] Run time error 10 (plugin "status_monitor.amxx") (native "get_user_info") - debug not enabled!
L 01/04/2025 - 23:41:55: [AMXX] To enable debug mode, add "debug" after the plugin name in plugins.ini (without quotes).
L 01/04/2025 - 23:43:38: Invalid player id 0
L 01/04/2025 - 23:43:38: [AMXX] Run time error 10 (plugin "status_monitor.amxx") (native "get_user_info") - debug not enabled!
L 01/04/2025 - 23:43:38: [AMXX] To enable debug mode, add "debug" after the plugin name in plugins.ini (without quotes).
L 01/04/2025 - 23:43:40: [AMXX] Run time error 5 (plugin "zp_sprites_on_hud.amxx") - debug not enabled!
L 01/04/2025 - 23:43:40: [AMXX] To enable debug mode, add "debug" after the plugin name in plugins.ini (without quotes).
L 01/04/2025 - 23:43:40: Unhandled dynamic native error
L 01/04/2025 - 23:43:40: [AMXX] Run time error 10 (plugin "zp_advanced_win_msgs.amxx") (native "zp_display_hud_sprite") - debug not enabled!
L 01/04/2025 - 23:43:40: [AMXX] To enable debug mode, add "debug" after the plugin name in plugins.ini (without quotes).
L 01/04/2025 - 23:44:25: [AMXX] Run time error 5 (plugin "zp_sprites_on_hud.amxx") - debug not enabled!
L 01/04/2025 - 23:44:25: [AMXX] To enable debug mode, add "debug" after the plugin name in plugins.ini (without quotes).
L 01/04/2025 - 23:44:25: Unhandled dynamic native error
L 01/04/2025 - 23:44:25: [AMXX] Run time error 10 (plugin "zp_advanced_win_msgs.amxx") (native "zp_display_hud_sprite") - debug not enabled!
L 01/04/2025 - 23:44:25: [AMXX] To enable debug mode, add "debug" after the plugin name in plugins.ini (without quotes).
L 01/04/2025 - 23:44:44: Invalid player id 0
L 01/04/2025 - 23:44:44: [AMXX] Run time error 10 (plugin "status_monitor.amxx") (native "get_user_info") - debug not enabled!
L 01/04/2025 - 23:44:44: [AMXX] To enable debug mode, add "debug" after the plugin name in plugins.ini (without quotes).
L 01/04/2025 - 23:44:48: Invalid player id 0
L 01/04/2025 - 23:44:48: [AMXX] Run time error 10 (plugin "status_monitor.amxx") (native "get_user_info") - debug not enabled!
L 01/04/2025 - 23:44:48: [AMXX] To enable debug mode, add "debug" after the plugin name in plugins.ini (without quotes).
L 01/04/2025 - 23:45:19: Invalid player id 0
L 01/04/2025 - 23:45:19: [AMXX] Run time error 10 (plugin "status_monitor.amxx") (native "get_user_info") - debug not enabled!
L 01/04/2025 - 23:45:19: [AMXX] To enable debug mode, add "debug" after the plugin name in plugins.ini (without quotes).
L 01/04/2025 - 23:45:49: Invalid player id 0
L 01/04/2025 - 23:45:49: [AMXX] Run time error 10 (plugin "status_monitor.amxx") (native "get_user_info") - debug not enabled!
L 01/04/2025 - 23:45:49: [AMXX] To enable debug mode, add "debug" after the plugin name in plugins.ini (without quotes).
L 01/04/2025 - 23:47:00: [AMXX] Run time error 5 (plugin "zp_sprites_on_hud.amxx") - debug not enabled!
L 01/04/2025 - 23:47:00: [AMXX] To enable debug mode, add "debug" after the plugin name in plugins.ini (without quotes).
L 01/04/2025 - 23:47:00: Unhandled dynamic native error
L 01/04/2025 - 23:47:00: [AMXX] Run time error 10 (plugin "zp_advanced_win_msgs.amxx") (native "zp_display_hud_sprite") - debug not enabled!
L 01/04/2025 - 23:47:00: [AMXX] To enable debug mode, add "debug" after the plugin name in plugins.ini (without quotes).
L 01/04/2025 - 23:47:07: Invalid player id 0
L 01/04/2025 - 23:47:07: [AMXX] Run time error 10 (plugin "status_monitor.amxx") (native "get_user_info") - debug not enabled!
L 01/04/2025 - 23:47:07: [AMXX] To enable debug mode, add "debug" after the plugin name in plugins.ini (without quotes).
L 01/04/2025 - 23:48:20: [AMXX] Run time error 5 (plugin "zp_sprites_on_hud.amxx") - debug not enabled!
L 01/04/2025 - 23:48:20: [AMXX] To enable debug mode, add "debug" after the plugin name in plugins.ini (without quotes).
L 01/04/2025 - 23:48:20: Unhandled dynamic native error
L 01/04/2025 - 23:48:20: [AMXX] Run time error 10 (plugin "zp_advanced_win_msgs.amxx") (native "zp_display_hud_sprite") - debug not enabled!
L 01/04/2025 - 23:48:20: [AMXX] To enable debug mode, add "debug" after the plugin name in plugins.ini (without quotes).
L 01/04/2025 - 23:51:21: Invalid player id 0
L 01/04/2025 - 23:51:21: [AMXX] Run time error 10 (plugin "status_monitor.amxx") (native "get_user_info") - debug not enabled!
L 01/04/2025 - 23:51:21: [AMXX] To enable debug mode, add "debug" after the plugin name in plugins.ini (without quotes).
L 01/04/2025 - 23:51:40: [AMXX] Run time error 5 (plugin "zp_sprites_on_hud.amxx") - debug not enabled!
L 01/04/2025 - 23:51:40: [AMXX] To enable debug mode, add "debug" after the plugin name in plugins.ini (without quotes).
L 01/04/2025 - 23:51:40: Unhandled dynamic native error
L 01/04/2025 - 23:51:40: [AMXX] Run time error 10 (plugin "zp_advanced_win_msgs.amxx") (native "zp_display_hud_sprite") - debug not enabled!
L 01/04/2025 - 23:51:40: [AMXX] To enable debug mode, add "debug" after the plugin name in plugins.ini (without quotes).
L 01/04/2025 - 23:53:15: [AMXX] Run time error 5 (plugin "zp_sprites_on_hud.amxx") - debug not enabled!
L 01/04/2025 - 23:53:15: [AMXX] To enable debug mode, add "debug" after the plugin name in plugins.ini (without quotes).
L 01/04/2025 - 23:53:15: Unhandled dynamic native error
L 01/04/2025 - 23:53:15: [AMXX] Run time error 10 (plugin "zp_advanced_win_msgs.amxx") (native "zp_display_hud_sprite") - debug not enabled!
L 01/04/2025 - 23:53:15: [AMXX] To enable debug mode, add "debug" after the plugin name in plugins.ini (without quotes).
L 01/04/2025 - 23:53:54: Invalid player id 0
L 01/04/2025 - 23:53:54: [AMXX] Run time error 10 (plugin "status_monitor.amxx") (native "get_user_info") - debug not enabled!
L 01/04/2025 - 23:53:54: [AMXX] To enable debug mode, add "debug" after the plugin name in plugins.ini (without quotes).
L 01/04/2025 - 23:59:16: [AMXX] Run time error 5 (plugin "zp_sprites_on_hud.amxx") - debug not enabled!
L 01/04/2025 - 23:59:16: [AMXX] To enable debug mode, add "debug" after the plugin name in plugins.ini (without quotes).
L 01/04/2025 - 23:59:16: Unhandled dynamic native error
L 01/04/2025 - 23:59:16: [AMXX] Run time error 10 (plugin "zp_advanced_win_msgs.amxx") (native "zp_display_hud_sprite") - debug not enabled!
L 01/04/2025 - 23:59:16: [AMXX] To enable debug mode, add "debug" after the plugin name in plugins.ini (without quotes).
