L 02/19/2025 - 00:08:38: Start of error session.
L 02/19/2025 - 00:08:38: Info (map "de_dust2") (file "addons/amxmodx/logs/error_20250219.log")
L 02/19/2025 - 00:08:38: [AMXX] Plugin ("cucarachas_main.amxx") is setting itself as failed.
L 02/19/2025 - 00:08:38: [AMXX] Plugin says: Utiliza el Map Tool para adaptar este mapa a Cuca Mod.
L 02/19/2025 - 00:08:38: [AMXX] Run time error 1 (plugin "cucarachas_main.amxx") - forced exit
L 02/19/2025 - 00:08:38: Called dynanative into a paused plugin.
L 02/19/2025 - 00:08:38: [AMXX] Run time error 10 (plugin "cucarachas_extras.amxx") (native "cm_register_extra_item") - debug not enabled!
L 02/19/2025 - 00:08:38: [AMXX] To enable debug mode, add "debug" after the plugin name in plugins.ini (without quotes).
L 02/19/2025 - 00:31:48: Start of error session.
L 02/19/2025 - 00:31:48: Info (map "de_aztec") (file "addons/amxmodx/logs/error_20250219.log")
L 02/19/2025 - 00:31:48: [AMXX] Plugin ("cucarachas_main.amxx") is setting itself as failed.
L 02/19/2025 - 00:31:48: [AMXX] Plugin says: Utiliza el Map Tool para adaptar este mapa a Cuca Mod.
L 02/19/2025 - 00:31:48: [AMXX] Run time error 1 (plugin "cucarachas_main.amxx") - forced exit
L 02/19/2025 - 00:31:48: Called dynanative into a paused plugin.
L 02/19/2025 - 00:31:48: [AMXX] Run time error 10 (plugin "cucarachas_extras.amxx") (native "cm_register_extra_item") - debug not enabled!
L 02/19/2025 - 00:31:48: [AMXX] To enable debug mode, add "debug" after the plugin name in plugins.ini (without quotes).
L 02/19/2025 - 00:54:58: Start of error session.
L 02/19/2025 - 00:54:58: Info (map "zm_ice_attack") (file "addons/amxmodx/logs/error_20250219.log")
L 02/19/2025 - 00:54:58: [AMXX] Plugin ("cucarachas_main.amxx") is setting itself as failed.
L 02/19/2025 - 00:54:58: [AMXX] Plugin says: Utiliza el Map Tool para adaptar este mapa a Cuca Mod.
L 02/19/2025 - 00:54:58: [AMXX] Run time error 1 (plugin "cucarachas_main.amxx") - forced exit
L 02/19/2025 - 00:54:58: Called dynanative into a paused plugin.
L 02/19/2025 - 00:54:58: [AMXX] Run time error 10 (plugin "cucarachas_extras.amxx") (native "cm_register_extra_item") - debug not enabled!
L 02/19/2025 - 00:54:58: [AMXX] To enable debug mode, add "debug" after the plugin name in plugins.ini (without quotes).
L 02/19/2025 - 01:16:09: Start of error session.
L 02/19/2025 - 01:16:09: Info (map "zm_toronto") (file "addons/amxmodx/logs/error_20250219.log")
L 02/19/2025 - 01:16:09: [AMXX] Plugin ("cucarachas_main.amxx") is setting itself as failed.
L 02/19/2025 - 01:16:09: [AMXX] Plugin says: Utiliza el Map Tool para adaptar este mapa a Cuca Mod.
L 02/19/2025 - 01:16:09: [AMXX] Run time error 1 (plugin "cucarachas_main.amxx") - forced exit
L 02/19/2025 - 01:16:09: Called dynanative into a paused plugin.
L 02/19/2025 - 01:16:09: [AMXX] Run time error 10 (plugin "cucarachas_extras.amxx") (native "cm_register_extra_item") - debug not enabled!
L 02/19/2025 - 01:16:09: [AMXX] To enable debug mode, add "debug" after the plugin name in plugins.ini (without quotes).
L 02/19/2025 - 01:37:19: Start of error session.
L 02/19/2025 - 01:37:19: Info (map "zm_ice_attack") (file "addons/amxmodx/logs/error_20250219.log")
L 02/19/2025 - 01:37:19: [AMXX] Plugin ("cucarachas_main.amxx") is setting itself as failed.
L 02/19/2025 - 01:37:19: [AMXX] Plugin says: Utiliza el Map Tool para adaptar este mapa a Cuca Mod.
L 02/19/2025 - 01:37:19: [AMXX] Run time error 1 (plugin "cucarachas_main.amxx") - forced exit
L 02/19/2025 - 01:37:19: Called dynanative into a paused plugin.
L 02/19/2025 - 01:37:19: [AMXX] Run time error 10 (plugin "cucarachas_extras.amxx") (native "cm_register_extra_item") - debug not enabled!
L 02/19/2025 - 01:37:19: [AMXX] To enable debug mode, add "debug" after the plugin name in plugins.ini (without quotes).
L 02/19/2025 - 01:58:29: Start of error session.
L 02/19/2025 - 01:58:29: Info (map "kz_arsacid") (file "addons/amxmodx/logs/error_20250219.log")
L 02/19/2025 - 01:58:29: [AMXX] Plugin ("cucarachas_main.amxx") is setting itself as failed.
L 02/19/2025 - 01:58:29: [AMXX] Plugin says: Utiliza el Map Tool para adaptar este mapa a Cuca Mod.
L 02/19/2025 - 01:58:29: [AMXX] Run time error 1 (plugin "cucarachas_main.amxx") - forced exit
L 02/19/2025 - 01:58:29: Called dynanative into a paused plugin.
L 02/19/2025 - 01:58:29: [AMXX] Run time error 10 (plugin "cucarachas_extras.amxx") (native "cm_register_extra_item") - debug not enabled!
L 02/19/2025 - 01:58:29: [AMXX] To enable debug mode, add "debug" after the plugin name in plugins.ini (without quotes).
L 02/19/2025 - 02:18:39: Start of error session.
L 02/19/2025 - 02:18:39: Info (map "bkz_goldbhop") (file "addons/amxmodx/logs/error_20250219.log")
L 02/19/2025 - 02:18:39: [AMXX] Plugin ("cucarachas_main.amxx") is setting itself as failed.
L 02/19/2025 - 02:18:39: [AMXX] Plugin says: Utiliza el Map Tool para adaptar este mapa a Cuca Mod.
L 02/19/2025 - 02:18:39: [AMXX] Run time error 1 (plugin "cucarachas_main.amxx") - forced exit
L 02/19/2025 - 02:18:39: Called dynanative into a paused plugin.
L 02/19/2025 - 02:18:39: [AMXX] Run time error 10 (plugin "cucarachas_extras.amxx") (native "cm_register_extra_item") - debug not enabled!
L 02/19/2025 - 02:18:39: [AMXX] To enable debug mode, add "debug" after the plugin name in plugins.ini (without quotes).
L 02/19/2025 - 02:38:49: Start of error session.
L 02/19/2025 - 02:38:49: Info (map "kz_arsacid") (file "addons/amxmodx/logs/error_20250219.log")
L 02/19/2025 - 02:38:49: [AMXX] Plugin ("cucarachas_main.amxx") is setting itself as failed.
L 02/19/2025 - 02:38:49: [AMXX] Plugin says: Utiliza el Map Tool para adaptar este mapa a Cuca Mod.
L 02/19/2025 - 02:38:49: [AMXX] Run time error 1 (plugin "cucarachas_main.amxx") - forced exit
L 02/19/2025 - 02:38:49: Called dynanative into a paused plugin.
L 02/19/2025 - 02:38:49: [AMXX] Run time error 10 (plugin "cucarachas_extras.amxx") (native "cm_register_extra_item") - debug not enabled!
L 02/19/2025 - 02:38:49: [AMXX] To enable debug mode, add "debug" after the plugin name in plugins.ini (without quotes).
L 02/19/2025 - 02:59:00: Start of error session.
L 02/19/2025 - 02:59:00: Info (map "de_dust2_largo") (file "addons/amxmodx/logs/error_20250219.log")
L 02/19/2025 - 02:59:00: [AMXX] Plugin ("cucarachas_main.amxx") is setting itself as failed.
L 02/19/2025 - 02:59:00: [AMXX] Plugin says: Utiliza el Map Tool para adaptar este mapa a Cuca Mod.
L 02/19/2025 - 02:59:00: [AMXX] Run time error 1 (plugin "cucarachas_main.amxx") - forced exit
L 02/19/2025 - 02:59:00: Called dynanative into a paused plugin.
L 02/19/2025 - 02:59:00: [AMXX] Run time error 10 (plugin "cucarachas_extras.amxx") (native "cm_register_extra_item") - debug not enabled!
L 02/19/2025 - 02:59:00: [AMXX] To enable debug mode, add "debug" after the plugin name in plugins.ini (without quotes).
L 02/19/2025 - 03:44:10: Start of error session.
L 02/19/2025 - 03:44:10: Info (map "fy_titanic") (file "addons/amxmodx/logs/error_20250219.log")
L 02/19/2025 - 03:44:10: [AMXX] Plugin ("cucarachas_main.amxx") is setting itself as failed.
L 02/19/2025 - 03:44:10: [AMXX] Plugin says: Utiliza el Map Tool para adaptar este mapa a Cuca Mod.
L 02/19/2025 - 03:44:10: [AMXX] Run time error 1 (plugin "cucarachas_main.amxx") - forced exit
L 02/19/2025 - 03:44:10: Called dynanative into a paused plugin.
L 02/19/2025 - 03:44:10: [AMXX] Run time error 10 (plugin "cucarachas_extras.amxx") (native "cm_register_extra_item") - debug not enabled!
L 02/19/2025 - 03:44:10: [AMXX] To enable debug mode, add "debug" after the plugin name in plugins.ini (without quotes).
L 02/19/2025 - 04:29:20: Start of error session.
L 02/19/2025 - 04:29:20: Info (map "fy_pool_suite") (file "addons/amxmodx/logs/error_20250219.log")
L 02/19/2025 - 04:29:20: [AMXX] Plugin ("cucarachas_main.amxx") is setting itself as failed.
L 02/19/2025 - 04:29:20: [AMXX] Plugin says: Utiliza el Map Tool para adaptar este mapa a Cuca Mod.
L 02/19/2025 - 04:29:20: [AMXX] Run time error 1 (plugin "cucarachas_main.amxx") - forced exit
L 02/19/2025 - 04:29:20: Called dynanative into a paused plugin.
L 02/19/2025 - 04:29:20: [AMXX] Run time error 10 (plugin "cucarachas_extras.amxx") (native "cm_register_extra_item") - debug not enabled!
L 02/19/2025 - 04:29:20: [AMXX] To enable debug mode, add "debug" after the plugin name in plugins.ini (without quotes).
L 02/19/2025 - 05:14:30: Start of error session.
L 02/19/2025 - 05:14:30: Info (map "cs_estate") (file "addons/amxmodx/logs/error_20250219.log")
L 02/19/2025 - 05:14:30: [AMXX] Plugin ("cucarachas_main.amxx") is setting itself as failed.
L 02/19/2025 - 05:14:30: [AMXX] Plugin says: Utiliza el Map Tool para adaptar este mapa a Cuca Mod.
L 02/19/2025 - 05:14:30: [AMXX] Run time error 1 (plugin "cucarachas_main.amxx") - forced exit
L 02/19/2025 - 05:14:30: Called dynanative into a paused plugin.
L 02/19/2025 - 05:14:30: [AMXX] Run time error 10 (plugin "cucarachas_extras.amxx") (native "cm_register_extra_item") - debug not enabled!
L 02/19/2025 - 05:14:30: [AMXX] To enable debug mode, add "debug" after the plugin name in plugins.ini (without quotes).
L 02/19/2025 - 05:31:40: Start of error session.
L 02/19/2025 - 05:31:40: Info (map "de_dust") (file "addons/amxmodx/logs/error_20250219.log")
L 02/19/2025 - 05:31:40: [AMXX] Plugin ("cucarachas_main.amxx") is setting itself as failed.
L 02/19/2025 - 05:31:40: [AMXX] Plugin says: Utiliza el Map Tool para adaptar este mapa a Cuca Mod.
L 02/19/2025 - 05:31:40: [AMXX] Run time error 1 (plugin "cucarachas_main.amxx") - forced exit
L 02/19/2025 - 05:31:40: Called dynanative into a paused plugin.
L 02/19/2025 - 05:31:40: [AMXX] Run time error 10 (plugin "cucarachas_extras.amxx") (native "cm_register_extra_item") - debug not enabled!
L 02/19/2025 - 05:31:40: [AMXX] To enable debug mode, add "debug" after the plugin name in plugins.ini (without quotes).
L 02/19/2025 - 05:48:50: Start of error session.
L 02/19/2025 - 05:48:50: Info (map "as_oilrig") (file "addons/amxmodx/logs/error_20250219.log")
L 02/19/2025 - 05:48:50: [AMXX] Plugin ("cucarachas_main.amxx") is setting itself as failed.
L 02/19/2025 - 05:48:50: [AMXX] Plugin says: Utiliza el Map Tool para adaptar este mapa a Cuca Mod.
L 02/19/2025 - 05:48:50: [AMXX] Run time error 1 (plugin "cucarachas_main.amxx") - forced exit
L 02/19/2025 - 05:48:50: Called dynanative into a paused plugin.
L 02/19/2025 - 05:48:50: [AMXX] Run time error 10 (plugin "cucarachas_extras.amxx") (native "cm_register_extra_item") - debug not enabled!
L 02/19/2025 - 05:48:50: [AMXX] To enable debug mode, add "debug" after the plugin name in plugins.ini (without quotes).
L 02/19/2025 - 06:14:00: Start of error session.
L 02/19/2025 - 06:14:00: Info (map "as_crazytank3") (file "addons/amxmodx/logs/error_20250219.log")
L 02/19/2025 - 06:14:00: [AMXX] Plugin ("cucarachas_main.amxx") is setting itself as failed.
L 02/19/2025 - 06:14:00: [AMXX] Plugin says: Utiliza el Map Tool para adaptar este mapa a Cuca Mod.
L 02/19/2025 - 06:14:00: [AMXX] Run time error 1 (plugin "cucarachas_main.amxx") - forced exit
L 02/19/2025 - 06:14:00: Called dynanative into a paused plugin.
L 02/19/2025 - 06:14:00: [AMXX] Run time error 10 (plugin "cucarachas_extras.amxx") (native "cm_register_extra_item") - debug not enabled!
L 02/19/2025 - 06:14:00: [AMXX] To enable debug mode, add "debug" after the plugin name in plugins.ini (without quotes).
L 02/19/2025 - 06:39:10: Start of error session.
L 02/19/2025 - 06:39:10: Info (map "as_oilrig") (file "addons/amxmodx/logs/error_20250219.log")
L 02/19/2025 - 06:39:10: [AMXX] Plugin ("cucarachas_main.amxx") is setting itself as failed.
L 02/19/2025 - 06:39:10: [AMXX] Plugin says: Utiliza el Map Tool para adaptar este mapa a Cuca Mod.
L 02/19/2025 - 06:39:10: [AMXX] Run time error 1 (plugin "cucarachas_main.amxx") - forced exit
L 02/19/2025 - 06:39:10: Called dynanative into a paused plugin.
L 02/19/2025 - 06:39:10: [AMXX] Run time error 10 (plugin "cucarachas_extras.amxx") (native "cm_register_extra_item") - debug not enabled!
L 02/19/2025 - 06:39:10: [AMXX] To enable debug mode, add "debug" after the plugin name in plugins.ini (without quotes).
L 02/19/2025 - 07:04:20: Start of error session.
L 02/19/2025 - 07:04:20: Info (map "as_crazytank3") (file "addons/amxmodx/logs/error_20250219.log")
L 02/19/2025 - 07:04:20: [AMXX] Plugin ("cucarachas_main.amxx") is setting itself as failed.
L 02/19/2025 - 07:04:20: [AMXX] Plugin says: Utiliza el Map Tool para adaptar este mapa a Cuca Mod.
L 02/19/2025 - 07:04:20: [AMXX] Run time error 1 (plugin "cucarachas_main.amxx") - forced exit
L 02/19/2025 - 07:04:20: Called dynanative into a paused plugin.
L 02/19/2025 - 07:04:20: [AMXX] Run time error 10 (plugin "cucarachas_extras.amxx") (native "cm_register_extra_item") - debug not enabled!
L 02/19/2025 - 07:04:20: [AMXX] To enable debug mode, add "debug" after the plugin name in plugins.ini (without quotes).
L 02/19/2025 - 07:29:30: Start of error session.
L 02/19/2025 - 07:29:30: Info (map "as_oilrig") (file "addons/amxmodx/logs/error_20250219.log")
L 02/19/2025 - 07:29:30: [AMXX] Plugin ("cucarachas_main.amxx") is setting itself as failed.
L 02/19/2025 - 07:29:30: [AMXX] Plugin says: Utiliza el Map Tool para adaptar este mapa a Cuca Mod.
L 02/19/2025 - 07:29:30: [AMXX] Run time error 1 (plugin "cucarachas_main.amxx") - forced exit
L 02/19/2025 - 07:29:30: Called dynanative into a paused plugin.
L 02/19/2025 - 07:29:30: [AMXX] Run time error 10 (plugin "cucarachas_extras.amxx") (native "cm_register_extra_item") - debug not enabled!
L 02/19/2025 - 07:29:30: [AMXX] To enable debug mode, add "debug" after the plugin name in plugins.ini (without quotes).
L 02/19/2025 - 07:54:40: Start of error session.
L 02/19/2025 - 07:54:40: Info (map "as_crazytank3") (file "addons/amxmodx/logs/error_20250219.log")
L 02/19/2025 - 07:54:40: [AMXX] Plugin ("cucarachas_main.amxx") is setting itself as failed.
L 02/19/2025 - 07:54:40: [AMXX] Plugin says: Utiliza el Map Tool para adaptar este mapa a Cuca Mod.
L 02/19/2025 - 07:54:40: [AMXX] Run time error 1 (plugin "cucarachas_main.amxx") - forced exit
L 02/19/2025 - 07:54:40: Called dynanative into a paused plugin.
L 02/19/2025 - 07:54:40: [AMXX] Run time error 10 (plugin "cucarachas_extras.amxx") (native "cm_register_extra_item") - debug not enabled!
L 02/19/2025 - 07:54:40: [AMXX] To enable debug mode, add "debug" after the plugin name in plugins.ini (without quotes).
L 02/19/2025 - 08:19:50: Start of error session.
L 02/19/2025 - 08:19:50: Info (map "kz_arsacid") (file "addons/amxmodx/logs/error_20250219.log")
L 02/19/2025 - 08:19:50: [AMXX] Plugin ("cucarachas_main.amxx") is setting itself as failed.
L 02/19/2025 - 08:19:50: [AMXX] Plugin says: Utiliza el Map Tool para adaptar este mapa a Cuca Mod.
L 02/19/2025 - 08:19:50: [AMXX] Run time error 1 (plugin "cucarachas_main.amxx") - forced exit
L 02/19/2025 - 08:19:50: Called dynanative into a paused plugin.
L 02/19/2025 - 08:19:50: [AMXX] Run time error 10 (plugin "cucarachas_extras.amxx") (native "cm_register_extra_item") - debug not enabled!
L 02/19/2025 - 08:19:50: [AMXX] To enable debug mode, add "debug" after the plugin name in plugins.ini (without quotes).
L 02/19/2025 - 08:40:00: Start of error session.
L 02/19/2025 - 08:40:00: Info (map "bkz_goldbhop") (file "addons/amxmodx/logs/error_20250219.log")
L 02/19/2025 - 08:40:00: [AMXX] Plugin ("cucarachas_main.amxx") is setting itself as failed.
L 02/19/2025 - 08:40:00: [AMXX] Plugin says: Utiliza el Map Tool para adaptar este mapa a Cuca Mod.
L 02/19/2025 - 08:40:00: [AMXX] Run time error 1 (plugin "cucarachas_main.amxx") - forced exit
L 02/19/2025 - 08:40:00: Called dynanative into a paused plugin.
L 02/19/2025 - 08:40:00: [AMXX] Run time error 10 (plugin "cucarachas_extras.amxx") (native "cm_register_extra_item") - debug not enabled!
L 02/19/2025 - 08:40:00: [AMXX] To enable debug mode, add "debug" after the plugin name in plugins.ini (without quotes).
L 02/19/2025 - 09:00:10: Start of error session.
L 02/19/2025 - 09:00:10: Info (map "kz_xj_brickjump") (file "addons/amxmodx/logs/error_20250219.log")
L 02/19/2025 - 09:00:10: [AMXX] Plugin ("cucarachas_main.amxx") is setting itself as failed.
L 02/19/2025 - 09:00:10: [AMXX] Plugin says: Utiliza el Map Tool para adaptar este mapa a Cuca Mod.
L 02/19/2025 - 09:00:10: [AMXX] Run time error 1 (plugin "cucarachas_main.amxx") - forced exit
L 02/19/2025 - 09:00:10: Called dynanative into a paused plugin.
L 02/19/2025 - 09:00:10: [AMXX] Run time error 10 (plugin "cucarachas_extras.amxx") (native "cm_register_extra_item") - debug not enabled!
L 02/19/2025 - 09:00:10: [AMXX] To enable debug mode, add "debug" after the plugin name in plugins.ini (without quotes).
L 02/19/2025 - 09:20:21: Start of error session.
L 02/19/2025 - 09:20:21: Info (map "zm_ice_attack") (file "addons/amxmodx/logs/error_20250219.log")
L 02/19/2025 - 09:20:21: [AMXX] Plugin ("cucarachas_main.amxx") is setting itself as failed.
L 02/19/2025 - 09:20:21: [AMXX] Plugin says: Utiliza el Map Tool para adaptar este mapa a Cuca Mod.
L 02/19/2025 - 09:20:21: [AMXX] Run time error 1 (plugin "cucarachas_main.amxx") - forced exit
L 02/19/2025 - 09:20:21: Called dynanative into a paused plugin.
L 02/19/2025 - 09:20:21: [AMXX] Run time error 10 (plugin "cucarachas_extras.amxx") (native "cm_register_extra_item") - debug not enabled!
L 02/19/2025 - 09:20:21: [AMXX] To enable debug mode, add "debug" after the plugin name in plugins.ini (without quotes).
L 02/19/2025 - 09:41:31: Start of error session.
L 02/19/2025 - 09:41:31: Info (map "zm_toronto") (file "addons/amxmodx/logs/error_20250219.log")
L 02/19/2025 - 09:41:31: [AMXX] Plugin ("cucarachas_main.amxx") is setting itself as failed.
L 02/19/2025 - 09:41:31: [AMXX] Plugin says: Utiliza el Map Tool para adaptar este mapa a Cuca Mod.
L 02/19/2025 - 09:41:31: [AMXX] Run time error 1 (plugin "cucarachas_main.amxx") - forced exit
L 02/19/2025 - 09:41:31: Called dynanative into a paused plugin.
L 02/19/2025 - 09:41:31: [AMXX] Run time error 10 (plugin "cucarachas_extras.amxx") (native "cm_register_extra_item") - debug not enabled!
L 02/19/2025 - 09:41:31: [AMXX] To enable debug mode, add "debug" after the plugin name in plugins.ini (without quotes).
L 02/19/2025 - 10:02:41: Start of error session.
L 02/19/2025 - 10:02:41: Info (map "zm_ice_attack") (file "addons/amxmodx/logs/error_20250219.log")
L 02/19/2025 - 10:02:41: [AMXX] Plugin ("cucarachas_main.amxx") is setting itself as failed.
L 02/19/2025 - 10:02:41: [AMXX] Plugin says: Utiliza el Map Tool para adaptar este mapa a Cuca Mod.
L 02/19/2025 - 10:02:41: [AMXX] Run time error 1 (plugin "cucarachas_main.amxx") - forced exit
L 02/19/2025 - 10:02:41: Called dynanative into a paused plugin.
L 02/19/2025 - 10:02:41: [AMXX] Run time error 10 (plugin "cucarachas_extras.amxx") (native "cm_register_extra_item") - debug not enabled!
L 02/19/2025 - 10:02:41: [AMXX] To enable debug mode, add "debug" after the plugin name in plugins.ini (without quotes).
L 02/19/2025 - 10:23:51: Start of error session.
L 02/19/2025 - 10:23:51: Info (map "rubaka_2forts") (file "addons/amxmodx/logs/error_20250219.log")
L 02/19/2025 - 10:23:51: [AMXX] Plugin ("cucarachas_main.amxx") is setting itself as failed.
L 02/19/2025 - 10:23:51: [AMXX] Plugin says: Utiliza el Map Tool para adaptar este mapa a Cuca Mod.
L 02/19/2025 - 10:23:51: [AMXX] Run time error 1 (plugin "cucarachas_main.amxx") - forced exit
L 02/19/2025 - 10:23:51: Called dynanative into a paused plugin.
L 02/19/2025 - 10:23:51: [AMXX] Run time error 10 (plugin "cucarachas_extras.amxx") (native "cm_register_extra_item") - debug not enabled!
L 02/19/2025 - 10:23:51: [AMXX] To enable debug mode, add "debug" after the plugin name in plugins.ini (without quotes).
L 02/19/2025 - 10:45:34: Start of error session.
L 02/19/2025 - 10:45:34: Info (map "rubaka_orange_x") (file "addons/amxmodx/logs/error_20250219.log")
L 02/19/2025 - 10:45:34: [AMXX] Plugin ("cucarachas_main.amxx") is setting itself as failed.
L 02/19/2025 - 10:45:34: [AMXX] Plugin says: Utiliza el Map Tool para adaptar este mapa a Cuca Mod.
L 02/19/2025 - 10:45:34: [AMXX] Run time error 1 (plugin "cucarachas_main.amxx") - forced exit
L 02/19/2025 - 10:45:34: Called dynanative into a paused plugin.
L 02/19/2025 - 10:45:34: [AMXX] Run time error 10 (plugin "cucarachas_extras.amxx") (native "cm_register_extra_item") - debug not enabled!
L 02/19/2025 - 10:45:34: [AMXX] To enable debug mode, add "debug" after the plugin name in plugins.ini (without quotes).
L 02/19/2025 - 11:07:17: Start of error session.
L 02/19/2025 - 11:07:17: Info (map "surf_iceday_remake") (file "addons/amxmodx/logs/error_20250219.log")
L 02/19/2025 - 11:07:17: [AMXX] Plugin ("cucarachas_main.amxx") is setting itself as failed.
L 02/19/2025 - 11:07:17: [AMXX] Plugin says: Utiliza el Map Tool para adaptar este mapa a Cuca Mod.
L 02/19/2025 - 11:07:17: [AMXX] Run time error 1 (plugin "cucarachas_main.amxx") - forced exit
L 02/19/2025 - 11:07:17: Called dynanative into a paused plugin.
L 02/19/2025 - 11:07:17: [AMXX] Run time error 10 (plugin "cucarachas_extras.amxx") (native "cm_register_extra_item") - debug not enabled!
L 02/19/2025 - 11:07:17: [AMXX] To enable debug mode, add "debug" after the plugin name in plugins.ini (without quotes).
L 02/19/2025 - 11:27:28: Start of error session.
L 02/19/2025 - 11:27:28: Info (map "surf_ski_2") (file "addons/amxmodx/logs/error_20250219.log")
L 02/19/2025 - 11:27:28: [AMXX] Plugin ("cucarachas_main.amxx") is setting itself as failed.
L 02/19/2025 - 11:27:28: [AMXX] Plugin says: Utiliza el Map Tool para adaptar este mapa a Cuca Mod.
L 02/19/2025 - 11:27:28: [AMXX] Run time error 1 (plugin "cucarachas_main.amxx") - forced exit
L 02/19/2025 - 11:27:28: Called dynanative into a paused plugin.
L 02/19/2025 - 11:27:28: [AMXX] Run time error 10 (plugin "cucarachas_extras.amxx") (native "cm_register_extra_item") - debug not enabled!
L 02/19/2025 - 11:27:28: [AMXX] To enable debug mode, add "debug" after the plugin name in plugins.ini (without quotes).
L 02/19/2025 - 11:47:38: Start of error session.
L 02/19/2025 - 11:47:38: Info (map "surf_iceday_remake") (file "addons/amxmodx/logs/error_20250219.log")
L 02/19/2025 - 11:47:38: [AMXX] Plugin ("cucarachas_main.amxx") is setting itself as failed.
L 02/19/2025 - 11:47:38: [AMXX] Plugin says: Utiliza el Map Tool para adaptar este mapa a Cuca Mod.
L 02/19/2025 - 11:47:38: [AMXX] Run time error 1 (plugin "cucarachas_main.amxx") - forced exit
L 02/19/2025 - 11:47:38: Called dynanative into a paused plugin.
L 02/19/2025 - 11:47:38: [AMXX] Run time error 10 (plugin "cucarachas_extras.amxx") (native "cm_register_extra_item") - debug not enabled!
L 02/19/2025 - 11:47:38: [AMXX] To enable debug mode, add "debug" after the plugin name in plugins.ini (without quotes).
L 02/19/2025 - 12:07:48: Start of error session.
L 02/19/2025 - 12:07:48: Info (map "de_dust2") (file "addons/amxmodx/logs/error_20250219.log")
L 02/19/2025 - 12:07:48: [AMXX] Plugin ("cucarachas_main.amxx") is setting itself as failed.
L 02/19/2025 - 12:07:48: [AMXX] Plugin says: Utiliza el Map Tool para adaptar este mapa a Cuca Mod.
L 02/19/2025 - 12:07:48: [AMXX] Run time error 1 (plugin "cucarachas_main.amxx") - forced exit
L 02/19/2025 - 12:07:48: Called dynanative into a paused plugin.
L 02/19/2025 - 12:07:48: [AMXX] Run time error 10 (plugin "cucarachas_extras.amxx") (native "cm_register_extra_item") - debug not enabled!
L 02/19/2025 - 12:07:48: [AMXX] To enable debug mode, add "debug" after the plugin name in plugins.ini (without quotes).
L 02/19/2025 - 12:27:58: Start of error session.
L 02/19/2025 - 12:27:58: Info (map "surf_iceday_remake") (file "addons/amxmodx/logs/error_20250219.log")
L 02/19/2025 - 12:27:58: [AMXX] Plugin ("cucarachas_main.amxx") is setting itself as failed.
L 02/19/2025 - 12:27:58: [AMXX] Plugin says: Utiliza el Map Tool para adaptar este mapa a Cuca Mod.
L 02/19/2025 - 12:27:58: [AMXX] Run time error 1 (plugin "cucarachas_main.amxx") - forced exit
L 02/19/2025 - 12:27:58: Called dynanative into a paused plugin.
L 02/19/2025 - 12:27:58: [AMXX] Run time error 10 (plugin "cucarachas_extras.amxx") (native "cm_register_extra_item") - debug not enabled!
L 02/19/2025 - 12:27:58: [AMXX] To enable debug mode, add "debug" after the plugin name in plugins.ini (without quotes).
L 02/19/2025 - 12:48:08: Start of error session.
L 02/19/2025 - 12:48:08: Info (map "cs_assault") (file "addons/amxmodx/logs/error_20250219.log")
L 02/19/2025 - 12:48:08: [AMXX] Plugin ("cucarachas_main.amxx") is setting itself as failed.
L 02/19/2025 - 12:48:08: [AMXX] Plugin says: Utiliza el Map Tool para adaptar este mapa a Cuca Mod.
L 02/19/2025 - 12:48:08: [AMXX] Run time error 1 (plugin "cucarachas_main.amxx") - forced exit
L 02/19/2025 - 12:48:08: Called dynanative into a paused plugin.
L 02/19/2025 - 12:48:08: [AMXX] Run time error 10 (plugin "cucarachas_extras.amxx") (native "cm_register_extra_item") - debug not enabled!
L 02/19/2025 - 12:48:08: [AMXX] To enable debug mode, add "debug" after the plugin name in plugins.ini (without quotes).
L 02/19/2025 - 13:07:18: Start of error session.
L 02/19/2025 - 13:07:18: Info (map "de_chateau") (file "addons/amxmodx/logs/error_20250219.log")
L 02/19/2025 - 13:07:18: [AMXX] Plugin ("cucarachas_main.amxx") is setting itself as failed.
L 02/19/2025 - 13:07:18: [AMXX] Plugin says: Utiliza el Map Tool para adaptar este mapa a Cuca Mod.
L 02/19/2025 - 13:07:18: [AMXX] Run time error 1 (plugin "cucarachas_main.amxx") - forced exit
L 02/19/2025 - 13:07:18: Called dynanative into a paused plugin.
L 02/19/2025 - 13:07:18: [AMXX] Run time error 10 (plugin "cucarachas_extras.amxx") (native "cm_register_extra_item") - debug not enabled!
L 02/19/2025 - 13:07:18: [AMXX] To enable debug mode, add "debug" after the plugin name in plugins.ini (without quotes).
L 02/19/2025 - 13:26:28: Start of error session.
L 02/19/2025 - 13:26:28: Info (map "cs_assault") (file "addons/amxmodx/logs/error_20250219.log")
L 02/19/2025 - 13:26:28: [AMXX] Plugin ("cucarachas_main.amxx") is setting itself as failed.
L 02/19/2025 - 13:26:28: [AMXX] Plugin says: Utiliza el Map Tool para adaptar este mapa a Cuca Mod.
L 02/19/2025 - 13:26:28: [AMXX] Run time error 1 (plugin "cucarachas_main.amxx") - forced exit
L 02/19/2025 - 13:26:28: Called dynanative into a paused plugin.
L 02/19/2025 - 13:26:28: [AMXX] Run time error 10 (plugin "cucarachas_extras.amxx") (native "cm_register_extra_item") - debug not enabled!
L 02/19/2025 - 13:26:28: [AMXX] To enable debug mode, add "debug" after the plugin name in plugins.ini (without quotes).
L 02/19/2025 - 13:45:38: Start of error session.
L 02/19/2025 - 13:45:38: Info (map "rubaka_2forts") (file "addons/amxmodx/logs/error_20250219.log")
L 02/19/2025 - 13:45:38: [AMXX] Plugin ("cucarachas_main.amxx") is setting itself as failed.
L 02/19/2025 - 13:45:38: [AMXX] Plugin says: Utiliza el Map Tool para adaptar este mapa a Cuca Mod.
L 02/19/2025 - 13:45:38: [AMXX] Run time error 1 (plugin "cucarachas_main.amxx") - forced exit
L 02/19/2025 - 13:45:38: Called dynanative into a paused plugin.
L 02/19/2025 - 13:45:38: [AMXX] Run time error 10 (plugin "cucarachas_extras.amxx") (native "cm_register_extra_item") - debug not enabled!
L 02/19/2025 - 13:45:38: [AMXX] To enable debug mode, add "debug" after the plugin name in plugins.ini (without quotes).
L 02/19/2025 - 14:07:21: Start of error session.
L 02/19/2025 - 14:07:21: Info (map "rubaka_arena") (file "addons/amxmodx/logs/error_20250219.log")
L 02/19/2025 - 14:07:21: [AMXX] Plugin ("cucarachas_main.amxx") is setting itself as failed.
L 02/19/2025 - 14:07:21: [AMXX] Plugin says: Utiliza el Map Tool para adaptar este mapa a Cuca Mod.
L 02/19/2025 - 14:07:21: [AMXX] Run time error 1 (plugin "cucarachas_main.amxx") - forced exit
L 02/19/2025 - 14:07:21: Called dynanative into a paused plugin.
L 02/19/2025 - 14:07:21: [AMXX] Run time error 10 (plugin "cucarachas_extras.amxx") (native "cm_register_extra_item") - debug not enabled!
L 02/19/2025 - 14:07:21: [AMXX] To enable debug mode, add "debug" after the plugin name in plugins.ini (without quotes).
L 02/19/2025 - 14:29:04: Start of error session.
L 02/19/2025 - 14:29:04: Info (map "bomberman_final") (file "addons/amxmodx/logs/error_20250219.log")
L 02/19/2025 - 14:29:04: [AMXX] Plugin ("cucarachas_main.amxx") is setting itself as failed.
L 02/19/2025 - 14:29:04: [AMXX] Plugin says: Utiliza el Map Tool para adaptar este mapa a Cuca Mod.
L 02/19/2025 - 14:29:04: [AMXX] Run time error 1 (plugin "cucarachas_main.amxx") - forced exit
L 02/19/2025 - 14:29:04: Called dynanative into a paused plugin.
L 02/19/2025 - 14:29:04: [AMXX] Run time error 10 (plugin "cucarachas_extras.amxx") (native "cm_register_extra_item") - debug not enabled!
L 02/19/2025 - 14:29:04: [AMXX] To enable debug mode, add "debug" after the plugin name in plugins.ini (without quotes).
L 02/19/2025 - 14:45:14: Start of error session.
L 02/19/2025 - 14:45:14: Info (map "de_dust2") (file "addons/amxmodx/logs/error_20250219.log")
L 02/19/2025 - 14:45:14: [AMXX] Plugin ("cucarachas_main.amxx") is setting itself as failed.
L 02/19/2025 - 14:45:14: [AMXX] Plugin says: Utiliza el Map Tool para adaptar este mapa a Cuca Mod.
L 02/19/2025 - 14:45:14: [AMXX] Run time error 1 (plugin "cucarachas_main.amxx") - forced exit
L 02/19/2025 - 14:45:14: Called dynanative into a paused plugin.
L 02/19/2025 - 14:45:14: [AMXX] Run time error 10 (plugin "cucarachas_extras.amxx") (native "cm_register_extra_item") - debug not enabled!
L 02/19/2025 - 14:45:14: [AMXX] To enable debug mode, add "debug" after the plugin name in plugins.ini (without quotes).
L 02/19/2025 - 14:51:21: Start of error session.
L 02/19/2025 - 14:51:21: Info (map "de_dust2") (file "addons/amxmodx/logs/error_20250219.log")
L 02/19/2025 - 14:51:21: [AMXX] Plugin ("cucarachas_main.amxx") is setting itself as failed.
L 02/19/2025 - 14:51:21: [AMXX] Plugin says: Utiliza el Map Tool para adaptar este mapa a Cuca Mod.
L 02/19/2025 - 14:51:21: [AMXX] Run time error 1 (plugin "cucarachas_main.amxx") - forced exit
L 02/19/2025 - 14:51:21: Called dynanative into a paused plugin.
L 02/19/2025 - 14:51:21: [AMXX] Run time error 10 (plugin "cucarachas_extras.amxx") (native "cm_register_extra_item") - debug not enabled!
L 02/19/2025 - 14:51:21: [AMXX] To enable debug mode, add "debug" after the plugin name in plugins.ini (without quotes).
L 02/19/2025 - 15:03:27: Start of error session.
L 02/19/2025 - 15:03:27: Info (map "de_dust2") (file "addons/amxmodx/logs/error_20250219.log")
L 02/19/2025 - 15:03:27: [AMXX] Plugin ("cucarachas_main.amxx") is setting itself as failed.
L 02/19/2025 - 15:03:27: [AMXX] Plugin says: Utiliza el Map Tool para adaptar este mapa a Cuca Mod.
L 02/19/2025 - 15:03:27: [AMXX] Run time error 1 (plugin "cucarachas_main.amxx") - forced exit
L 02/19/2025 - 15:03:27: Called dynanative into a paused plugin.
L 02/19/2025 - 15:03:27: [AMXX] Run time error 10 (plugin "cucarachas_extras.amxx") (native "cm_register_extra_item") - debug not enabled!
L 02/19/2025 - 15:03:27: [AMXX] To enable debug mode, add "debug" after the plugin name in plugins.ini (without quotes).
L 02/19/2025 - 15:23:51: Start of error session.
L 02/19/2025 - 15:23:51: Info (map "de_inferno") (file "addons/amxmodx/logs/error_20250219.log")
L 02/19/2025 - 15:23:51: [AMXX] Plugin ("cucarachas_main.amxx") is setting itself as failed.
L 02/19/2025 - 15:23:51: [AMXX] Plugin says: Utiliza el Map Tool para adaptar este mapa a Cuca Mod.
L 02/19/2025 - 15:23:51: [AMXX] Run time error 1 (plugin "cucarachas_main.amxx") - forced exit
L 02/19/2025 - 15:23:51: Called dynanative into a paused plugin.
L 02/19/2025 - 15:23:51: [AMXX] Run time error 10 (plugin "cucarachas_extras.amxx") (native "cm_register_extra_item") - debug not enabled!
L 02/19/2025 - 15:23:51: [AMXX] To enable debug mode, add "debug" after the plugin name in plugins.ini (without quotes).
L 02/19/2025 - 15:44:01: Start of error session.
L 02/19/2025 - 15:44:01: Info (map "de_dust2") (file "addons/amxmodx/logs/error_20250219.log")
L 02/19/2025 - 15:44:01: [AMXX] Plugin ("cucarachas_main.amxx") is setting itself as failed.
L 02/19/2025 - 15:44:01: [AMXX] Plugin says: Utiliza el Map Tool para adaptar este mapa a Cuca Mod.
L 02/19/2025 - 15:44:01: [AMXX] Run time error 1 (plugin "cucarachas_main.amxx") - forced exit
L 02/19/2025 - 15:44:01: Called dynanative into a paused plugin.
L 02/19/2025 - 15:44:01: [AMXX] Run time error 10 (plugin "cucarachas_extras.amxx") (native "cm_register_extra_item") - debug not enabled!
L 02/19/2025 - 15:44:01: [AMXX] To enable debug mode, add "debug" after the plugin name in plugins.ini (without quotes).
L 02/19/2025 - 16:04:12: Start of error session.
L 02/19/2025 - 16:04:12: Info (map "de_dust2") (file "addons/amxmodx/logs/error_20250219.log")
L 02/19/2025 - 16:04:12: [AMXX] Plugin ("cucarachas_main.amxx") is setting itself as failed.
L 02/19/2025 - 16:04:12: [AMXX] Plugin says: Utiliza el Map Tool para adaptar este mapa a Cuca Mod.
L 02/19/2025 - 16:04:12: [AMXX] Run time error 1 (plugin "cucarachas_main.amxx") - forced exit
L 02/19/2025 - 16:04:12: Called dynanative into a paused plugin.
L 02/19/2025 - 16:04:12: [AMXX] Run time error 10 (plugin "cucarachas_extras.amxx") (native "cm_register_extra_item") - debug not enabled!
L 02/19/2025 - 16:04:12: [AMXX] To enable debug mode, add "debug" after the plugin name in plugins.ini (without quotes).
L 02/19/2025 - 16:24:23: Start of error session.
L 02/19/2025 - 16:24:23: Info (map "surf_iceday_remake") (file "addons/amxmodx/logs/error_20250219.log")
L 02/19/2025 - 16:24:23: [AMXX] Plugin ("cucarachas_main.amxx") is setting itself as failed.
L 02/19/2025 - 16:24:23: [AMXX] Plugin says: Utiliza el Map Tool para adaptar este mapa a Cuca Mod.
L 02/19/2025 - 16:24:23: [AMXX] Run time error 1 (plugin "cucarachas_main.amxx") - forced exit
L 02/19/2025 - 16:24:23: Called dynanative into a paused plugin.
L 02/19/2025 - 16:24:23: [AMXX] Run time error 10 (plugin "cucarachas_extras.amxx") (native "cm_register_extra_item") - debug not enabled!
L 02/19/2025 - 16:24:23: [AMXX] To enable debug mode, add "debug" after the plugin name in plugins.ini (without quotes).
L 02/19/2025 - 16:44:33: Start of error session.
L 02/19/2025 - 16:44:33: Info (map "rubaka_2forts") (file "addons/amxmodx/logs/error_20250219.log")
L 02/19/2025 - 16:44:33: [AMXX] Plugin ("cucarachas_main.amxx") is setting itself as failed.
L 02/19/2025 - 16:44:33: [AMXX] Plugin says: Utiliza el Map Tool para adaptar este mapa a Cuca Mod.
L 02/19/2025 - 16:44:33: [AMXX] Run time error 1 (plugin "cucarachas_main.amxx") - forced exit
L 02/19/2025 - 16:44:33: Called dynanative into a paused plugin.
L 02/19/2025 - 16:44:33: [AMXX] Run time error 10 (plugin "cucarachas_extras.amxx") (native "cm_register_extra_item") - debug not enabled!
L 02/19/2025 - 16:44:33: [AMXX] To enable debug mode, add "debug" after the plugin name in plugins.ini (without quotes).
L 02/19/2025 - 17:06:16: Start of error session.
L 02/19/2025 - 17:06:16: Info (map "rubaka_arena") (file "addons/amxmodx/logs/error_20250219.log")
L 02/19/2025 - 17:06:16: [AMXX] Plugin ("cucarachas_main.amxx") is setting itself as failed.
L 02/19/2025 - 17:06:16: [AMXX] Plugin says: Utiliza el Map Tool para adaptar este mapa a Cuca Mod.
L 02/19/2025 - 17:06:16: [AMXX] Run time error 1 (plugin "cucarachas_main.amxx") - forced exit
L 02/19/2025 - 17:06:16: Called dynanative into a paused plugin.
L 02/19/2025 - 17:06:16: [AMXX] Run time error 10 (plugin "cucarachas_extras.amxx") (native "cm_register_extra_item") - debug not enabled!
L 02/19/2025 - 17:06:16: [AMXX] To enable debug mode, add "debug" after the plugin name in plugins.ini (without quotes).
L 02/19/2025 - 17:27:59: Start of error session.
L 02/19/2025 - 17:27:59: Info (map "de_dust2") (file "addons/amxmodx/logs/error_20250219.log")
L 02/19/2025 - 17:27:59: [AMXX] Plugin ("cucarachas_main.amxx") is setting itself as failed.
L 02/19/2025 - 17:27:59: [AMXX] Plugin says: Utiliza el Map Tool para adaptar este mapa a Cuca Mod.
L 02/19/2025 - 17:27:59: [AMXX] Run time error 1 (plugin "cucarachas_main.amxx") - forced exit
L 02/19/2025 - 17:27:59: Called dynanative into a paused plugin.
L 02/19/2025 - 17:27:59: [AMXX] Run time error 10 (plugin "cucarachas_extras.amxx") (native "cm_register_extra_item") - debug not enabled!
L 02/19/2025 - 17:27:59: [AMXX] To enable debug mode, add "debug" after the plugin name in plugins.ini (without quotes).
L 02/19/2025 - 17:48:09: Start of error session.
L 02/19/2025 - 17:48:09: Info (map "de_inferno") (file "addons/amxmodx/logs/error_20250219.log")
L 02/19/2025 - 17:48:09: [AMXX] Plugin ("cucarachas_main.amxx") is setting itself as failed.
L 02/19/2025 - 17:48:09: [AMXX] Plugin says: Utiliza el Map Tool para adaptar este mapa a Cuca Mod.
L 02/19/2025 - 17:48:09: [AMXX] Run time error 1 (plugin "cucarachas_main.amxx") - forced exit
L 02/19/2025 - 17:48:09: Called dynanative into a paused plugin.
L 02/19/2025 - 17:48:09: [AMXX] Run time error 10 (plugin "cucarachas_extras.amxx") (native "cm_register_extra_item") - debug not enabled!
L 02/19/2025 - 17:48:09: [AMXX] To enable debug mode, add "debug" after the plugin name in plugins.ini (without quotes).
L 02/19/2025 - 18:08:19: Start of error session.
L 02/19/2025 - 18:08:19: Info (map "de_dust2") (file "addons/amxmodx/logs/error_20250219.log")
L 02/19/2025 - 18:08:19: [AMXX] Plugin ("cucarachas_main.amxx") is setting itself as failed.
L 02/19/2025 - 18:08:19: [AMXX] Plugin says: Utiliza el Map Tool para adaptar este mapa a Cuca Mod.
L 02/19/2025 - 18:08:19: [AMXX] Run time error 1 (plugin "cucarachas_main.amxx") - forced exit
L 02/19/2025 - 18:08:19: Called dynanative into a paused plugin.
L 02/19/2025 - 18:08:19: [AMXX] Run time error 10 (plugin "cucarachas_extras.amxx") (native "cm_register_extra_item") - debug not enabled!
L 02/19/2025 - 18:08:19: [AMXX] To enable debug mode, add "debug" after the plugin name in plugins.ini (without quotes).
L 02/19/2025 - 18:28:29: Start of error session.
L 02/19/2025 - 18:28:29: Info (map "as_oilrig") (file "addons/amxmodx/logs/error_20250219.log")
L 02/19/2025 - 18:28:29: [AMXX] Plugin ("cucarachas_main.amxx") is setting itself as failed.
L 02/19/2025 - 18:28:29: [AMXX] Plugin says: Utiliza el Map Tool para adaptar este mapa a Cuca Mod.
L 02/19/2025 - 18:28:29: [AMXX] Run time error 1 (plugin "cucarachas_main.amxx") - forced exit
L 02/19/2025 - 18:28:29: Called dynanative into a paused plugin.
L 02/19/2025 - 18:28:29: [AMXX] Run time error 10 (plugin "cucarachas_extras.amxx") (native "cm_register_extra_item") - debug not enabled!
L 02/19/2025 - 18:28:29: [AMXX] To enable debug mode, add "debug" after the plugin name in plugins.ini (without quotes).
L 02/19/2025 - 18:53:39: Start of error session.
L 02/19/2025 - 18:53:39: Info (map "as_crazytank3") (file "addons/amxmodx/logs/error_20250219.log")
L 02/19/2025 - 18:53:39: [AMXX] Plugin ("cucarachas_main.amxx") is setting itself as failed.
L 02/19/2025 - 18:53:39: [AMXX] Plugin says: Utiliza el Map Tool para adaptar este mapa a Cuca Mod.
L 02/19/2025 - 18:53:39: [AMXX] Run time error 1 (plugin "cucarachas_main.amxx") - forced exit
L 02/19/2025 - 18:53:39: Called dynanative into a paused plugin.
L 02/19/2025 - 18:53:39: [AMXX] Run time error 10 (plugin "cucarachas_extras.amxx") (native "cm_register_extra_item") - debug not enabled!
L 02/19/2025 - 18:53:39: [AMXX] To enable debug mode, add "debug" after the plugin name in plugins.ini (without quotes).
L 02/19/2025 - 19:18:49: Start of error session.
L 02/19/2025 - 19:18:49: Info (map "as_oilrig") (file "addons/amxmodx/logs/error_20250219.log")
L 02/19/2025 - 19:18:49: [AMXX] Plugin ("cucarachas_main.amxx") is setting itself as failed.
L 02/19/2025 - 19:18:49: [AMXX] Plugin says: Utiliza el Map Tool para adaptar este mapa a Cuca Mod.
L 02/19/2025 - 19:18:50: [AMXX] Run time error 1 (plugin "cucarachas_main.amxx") - forced exit
L 02/19/2025 - 19:18:50: Called dynanative into a paused plugin.
L 02/19/2025 - 19:18:50: [AMXX] Run time error 10 (plugin "cucarachas_extras.amxx") (native "cm_register_extra_item") - debug not enabled!
L 02/19/2025 - 19:18:50: [AMXX] To enable debug mode, add "debug" after the plugin name in plugins.ini (without quotes).
L 02/19/2025 - 19:44:00: Start of error session.
L 02/19/2025 - 19:44:00: Info (map "de_dust2") (file "addons/amxmodx/logs/error_20250219.log")
L 02/19/2025 - 19:44:00: [AMXX] Plugin ("cucarachas_main.amxx") is setting itself as failed.
L 02/19/2025 - 19:44:00: [AMXX] Plugin says: Utiliza el Map Tool para adaptar este mapa a Cuca Mod.
L 02/19/2025 - 19:44:00: [AMXX] Run time error 1 (plugin "cucarachas_main.amxx") - forced exit
L 02/19/2025 - 19:44:00: Called dynanative into a paused plugin.
L 02/19/2025 - 19:44:00: [AMXX] Run time error 10 (plugin "cucarachas_extras.amxx") (native "cm_register_extra_item") - debug not enabled!
L 02/19/2025 - 19:44:00: [AMXX] To enable debug mode, add "debug" after the plugin name in plugins.ini (without quotes).
L 02/19/2025 - 20:04:10: Start of error session.
L 02/19/2025 - 20:04:10: Info (map "surf_iceday_remake") (file "addons/amxmodx/logs/error_20250219.log")
L 02/19/2025 - 20:04:10: [AMXX] Plugin ("cucarachas_main.amxx") is setting itself as failed.
L 02/19/2025 - 20:04:10: [AMXX] Plugin says: Utiliza el Map Tool para adaptar este mapa a Cuca Mod.
L 02/19/2025 - 20:04:10: [AMXX] Run time error 1 (plugin "cucarachas_main.amxx") - forced exit
L 02/19/2025 - 20:04:10: Called dynanative into a paused plugin.
L 02/19/2025 - 20:04:10: [AMXX] Run time error 10 (plugin "cucarachas_extras.amxx") (native "cm_register_extra_item") - debug not enabled!
L 02/19/2025 - 20:04:10: [AMXX] To enable debug mode, add "debug" after the plugin name in plugins.ini (without quotes).
L 02/19/2025 - 20:26:35: Start of error session.
L 02/19/2025 - 20:26:35: Info (map "zm_ice_attack") (file "addons/amxmodx/logs/error_20250219.log")
L 02/19/2025 - 20:26:35: [AMXX] Plugin ("cucarachas_main.amxx") is setting itself as failed.
L 02/19/2025 - 20:26:36: [AMXX] Plugin says: Utiliza el Map Tool para adaptar este mapa a Cuca Mod.
L 02/19/2025 - 20:26:36: [AMXX] Run time error 1 (plugin "cucarachas_main.amxx") - forced exit
L 02/19/2025 - 20:26:36: Called dynanative into a paused plugin.
L 02/19/2025 - 20:26:36: [AMXX] Run time error 10 (plugin "cucarachas_extras.amxx") (native "cm_register_extra_item") - debug not enabled!
L 02/19/2025 - 20:26:36: [AMXX] To enable debug mode, add "debug" after the plugin name in plugins.ini (without quotes).
L 02/19/2025 - 20:48:41: Start of error session.
L 02/19/2025 - 20:48:41: Info (map "zm_toronto") (file "addons/amxmodx/logs/error_20250219.log")
L 02/19/2025 - 20:48:41: [AMXX] Plugin ("cucarachas_main.amxx") is setting itself as failed.
L 02/19/2025 - 20:48:41: [AMXX] Plugin says: Utiliza el Map Tool para adaptar este mapa a Cuca Mod.
L 02/19/2025 - 20:48:41: [AMXX] Run time error 1 (plugin "cucarachas_main.amxx") - forced exit
L 02/19/2025 - 20:48:41: Called dynanative into a paused plugin.
L 02/19/2025 - 20:48:41: [AMXX] Run time error 10 (plugin "cucarachas_extras.amxx") (native "cm_register_extra_item") - debug not enabled!
L 02/19/2025 - 20:48:41: [AMXX] To enable debug mode, add "debug" after the plugin name in plugins.ini (without quotes).
L 02/19/2025 - 21:09:53: Start of error session.
L 02/19/2025 - 21:09:53: Info (map "zm_ice_attack") (file "addons/amxmodx/logs/error_20250219.log")
L 02/19/2025 - 21:09:53: [AMXX] Plugin ("cucarachas_main.amxx") is setting itself as failed.
L 02/19/2025 - 21:09:53: [AMXX] Plugin says: Utiliza el Map Tool para adaptar este mapa a Cuca Mod.
L 02/19/2025 - 21:09:53: [AMXX] Run time error 1 (plugin "cucarachas_main.amxx") - forced exit
L 02/19/2025 - 21:09:53: Called dynanative into a paused plugin.
L 02/19/2025 - 21:09:53: [AMXX] Run time error 10 (plugin "cucarachas_extras.amxx") (native "cm_register_extra_item") - debug not enabled!
L 02/19/2025 - 21:09:53: [AMXX] To enable debug mode, add "debug" after the plugin name in plugins.ini (without quotes).
L 02/19/2025 - 21:31:04: Start of error session.
L 02/19/2025 - 21:31:04: Info (map "rubaka_2forts") (file "addons/amxmodx/logs/error_20250219.log")
L 02/19/2025 - 21:31:04: [AMXX] Plugin ("cucarachas_main.amxx") is setting itself as failed.
L 02/19/2025 - 21:31:04: [AMXX] Plugin says: Utiliza el Map Tool para adaptar este mapa a Cuca Mod.
L 02/19/2025 - 21:31:04: [AMXX] Run time error 1 (plugin "cucarachas_main.amxx") - forced exit
L 02/19/2025 - 21:31:04: Called dynanative into a paused plugin.
L 02/19/2025 - 21:31:04: [AMXX] Run time error 10 (plugin "cucarachas_extras.amxx") (native "cm_register_extra_item") - debug not enabled!
L 02/19/2025 - 21:31:04: [AMXX] To enable debug mode, add "debug" after the plugin name in plugins.ini (without quotes).
L 02/19/2025 - 21:52:48: Start of error session.
L 02/19/2025 - 21:52:48: Info (map "35hp_gx") (file "addons/amxmodx/logs/error_20250219.log")
L 02/19/2025 - 21:52:48: [AMXX] Plugin ("cucarachas_main.amxx") is setting itself as failed.
L 02/19/2025 - 21:52:48: [AMXX] Plugin says: Utiliza el Map Tool para adaptar este mapa a Cuca Mod.
L 02/19/2025 - 21:52:48: [AMXX] Run time error 1 (plugin "cucarachas_main.amxx") - forced exit
L 02/19/2025 - 21:52:48: Called dynanative into a paused plugin.
L 02/19/2025 - 21:52:48: [AMXX] Run time error 10 (plugin "cucarachas_extras.amxx") (native "cm_register_extra_item") - debug not enabled!
L 02/19/2025 - 21:52:48: [AMXX] To enable debug mode, add "debug" after the plugin name in plugins.ini (without quotes).
L 02/19/2025 - 22:16:02: Start of error session.
L 02/19/2025 - 22:16:02: Info (map "bomberman_final") (file "addons/amxmodx/logs/error_20250219.log")
L 02/19/2025 - 22:16:02: [AMXX] Plugin ("cucarachas_main.amxx") is setting itself as failed.
L 02/19/2025 - 22:16:02: [AMXX] Plugin says: Utiliza el Map Tool para adaptar este mapa a Cuca Mod.
L 02/19/2025 - 22:16:02: [AMXX] Run time error 1 (plugin "cucarachas_main.amxx") - forced exit
L 02/19/2025 - 22:16:02: Called dynanative into a paused plugin.
L 02/19/2025 - 22:16:02: [AMXX] Run time error 10 (plugin "cucarachas_extras.amxx") (native "cm_register_extra_item") - debug not enabled!
L 02/19/2025 - 22:16:02: [AMXX] To enable debug mode, add "debug" after the plugin name in plugins.ini (without quotes).
L 02/19/2025 - 22:35:45: Start of error session.
L 02/19/2025 - 22:35:45: Info (map "cs_assault") (file "addons/amxmodx/logs/error_20250219.log")
L 02/19/2025 - 22:35:45: [AMXX] Plugin ("cucarachas_main.amxx") is setting itself as failed.
L 02/19/2025 - 22:35:46: [AMXX] Plugin says: Utiliza el Map Tool para adaptar este mapa a Cuca Mod.
L 02/19/2025 - 22:35:46: [AMXX] Run time error 1 (plugin "cucarachas_main.amxx") - forced exit
L 02/19/2025 - 22:35:46: Called dynanative into a paused plugin.
L 02/19/2025 - 22:35:46: [AMXX] Run time error 10 (plugin "cucarachas_extras.amxx") (native "cm_register_extra_item") - debug not enabled!
L 02/19/2025 - 22:35:46: [AMXX] To enable debug mode, add "debug" after the plugin name in plugins.ini (without quotes).
L 02/19/2025 - 22:55:57: Start of error session.
L 02/19/2025 - 22:55:57: Info (map "de_chateau") (file "addons/amxmodx/logs/error_20250219.log")
L 02/19/2025 - 22:55:57: [AMXX] Plugin ("cucarachas_main.amxx") is setting itself as failed.
L 02/19/2025 - 22:55:57: [AMXX] Plugin says: Utiliza el Map Tool para adaptar este mapa a Cuca Mod.
L 02/19/2025 - 22:55:57: [AMXX] Run time error 1 (plugin "cucarachas_main.amxx") - forced exit
L 02/19/2025 - 22:55:57: Called dynanative into a paused plugin.
L 02/19/2025 - 22:55:57: [AMXX] Run time error 10 (plugin "cucarachas_extras.amxx") (native "cm_register_extra_item") - debug not enabled!
L 02/19/2025 - 22:55:57: [AMXX] To enable debug mode, add "debug" after the plugin name in plugins.ini (without quotes).
L 02/19/2025 - 23:15:46: Start of error session.
L 02/19/2025 - 23:15:46: Info (map "cs_assault") (file "addons/amxmodx/logs/error_20250219.log")
L 02/19/2025 - 23:15:46: [AMXX] Plugin ("cucarachas_main.amxx") is setting itself as failed.
L 02/19/2025 - 23:15:46: [AMXX] Plugin says: Utiliza el Map Tool para adaptar este mapa a Cuca Mod.
L 02/19/2025 - 23:15:46: [AMXX] Run time error 1 (plugin "cucarachas_main.amxx") - forced exit
L 02/19/2025 - 23:15:46: Called dynanative into a paused plugin.
L 02/19/2025 - 23:15:46: [AMXX] Run time error 10 (plugin "cucarachas_extras.amxx") (native "cm_register_extra_item") - debug not enabled!
L 02/19/2025 - 23:15:46: [AMXX] To enable debug mode, add "debug" after the plugin name in plugins.ini (without quotes).
L 02/19/2025 - 23:34:58: Start of error session.
L 02/19/2025 - 23:34:58: Info (map "de_dust2") (file "addons/amxmodx/logs/error_20250219.log")
L 02/19/2025 - 23:34:58: [AMXX] Plugin ("cucarachas_main.amxx") is setting itself as failed.
L 02/19/2025 - 23:34:58: [AMXX] Plugin says: Utiliza el Map Tool para adaptar este mapa a Cuca Mod.
L 02/19/2025 - 23:34:58: [AMXX] Run time error 1 (plugin "cucarachas_main.amxx") - forced exit
L 02/19/2025 - 23:34:58: Called dynanative into a paused plugin.
L 02/19/2025 - 23:34:58: [AMXX] Run time error 10 (plugin "cucarachas_extras.amxx") (native "cm_register_extra_item") - debug not enabled!
L 02/19/2025 - 23:34:58: [AMXX] To enable debug mode, add "debug" after the plugin name in plugins.ini (without quotes).
