L 01/31/2025 - 00:19:11: [polymorph.amxx] Vote: Voting for the nextmap started
L 01/31/2025 - 00:19:35: [polymorph.amxx] Vote: Voting for the nextmap finished. The nextmap will be as_oilrig
L 01/31/2025 - 00:21:19: -------- Mapchange to as_oilrig --------
L 01/31/2025 - 00:21:19: [AMXX] Plugin "poly_csdm_off.amxx" failed to load: Plugin uses an unknown function (name "csdm_set_active") - check your modules.ini.
L 01/31/2025 - 00:21:20: [polymorph.amxx] performance issue. Function plugin_cfg executed more than 1069.2ms.
L 01/31/2025 - 00:39:28: [polymorph.amxx] performance issue. Function plugin_end executed more than 127.3ms.
L 01/31/2025 - 02:01:16: -------- Mapchange to de_dust2 --------
L 01/31/2025 - 02:01:19: [GEOIP] Database info: GeoLite2 Country database 2.0
L 01/31/2025 - 02:01:22: [AMXX] Plugin "poly_csdm_off.amxx" failed to load: Plugin uses an unknown function (name "csdm_set_active") - check your modules.ini.
L 01/31/2025 - 02:01:47: [polymorph.amxx] performance issue. Function plugin_cfg executed more than 2301.1ms.
L 01/31/2025 - 02:22:54: [polymorph.amxx] Vote: Voting for the nextmap started
L 01/31/2025 - 02:23:18: [polymorph.amxx] Vote: Voting for the nextmap finished. The nextmap will be rubaka_arena
L 01/31/2025 - 02:23:35: -------- Mapchange to rubaka_arena --------
L 01/31/2025 - 02:23:35: [AMXX] Plugin "poly_csdm_off.amxx" failed to load: Plugin uses an unknown function (name "csdm_set_active") - check your modules.ini.
L 01/31/2025 - 02:23:36: [polymorph.amxx] performance issue. Function plugin_cfg executed more than 1231.5ms.
L 01/31/2025 - 02:44:37: [polymorph.amxx] Vote: Voting for the next mod started
L 01/31/2025 - 02:45:01: [polymorph.amxx] Vote: Voting for the next mod finished. The nextmod will be Soccerjam
L 01/31/2025 - 02:45:17: [polymorph.amxx] Vote: Voting for the nextmap started
L 01/31/2025 - 02:45:17: -------- Mapchange to sj_trix_zone --------
L 01/31/2025 - 02:45:17: [AMXX] Plugin "poly_csdm_off.amxx" failed to load: Plugin uses an unknown function (name "csdm_set_active") - check your modules.ini.
L 01/31/2025 - 02:45:18: [soccerjam.amxx] performance issue. Function plugin_precache executed more than 282.9ms.
L 01/31/2025 - 02:45:18: [soccerjam.amxx] performance issue. Function pfn_keyvalue executed more than 81.6ms.
L 01/31/2025 - 02:45:18: [soccerjam.amxx] performance issue. Function pfn_keyvalue executed more than 20.7ms.
L 01/31/2025 - 02:45:18: [soccerjam.amxx] performance issue. Function pfn_keyvalue executed more than 15.3ms.
L 01/31/2025 - 02:45:18: [soccerjam.amxx] performance issue. Function plugin_init executed more than 34.2ms.
L 01/31/2025 - 02:45:19: [polymorph.amxx] performance issue. Function plugin_cfg executed more than 1229.0ms.
L 01/31/2025 - 03:03:20: [polymorph.amxx] Vote: Voting for the next mod started
L 01/31/2025 - 03:03:44: [polymorph.amxx] Vote: Voting for the next mod finished. The nextmod will be HideN-Seek
L 01/31/2025 - 03:04:00: [polymorph.amxx] Vote: Voting for the nextmap started
L 01/31/2025 - 03:04:24: [polymorph.amxx] Vote: Voting for the nextmap finished. The nextmap will be cs_estate
L 01/31/2025 - 03:05:32: -------- Mapchange to cs_estate --------
L 01/31/2025 - 03:05:32: [AMXX] Plugin "poly_csdm_off.amxx" failed to load: Plugin uses an unknown function (name "csdm_set_active") - check your modules.ini.
L 01/31/2025 - 03:05:35: [polymorph.amxx] performance issue. Function plugin_cfg executed more than 1232.6ms.
L 01/31/2025 - 03:05:35: [uq_jumpstats.amxx] Can't find uq_jumpstats_tops.amxx
L 01/31/2025 - 03:20:36: [polymorph.amxx] Vote: Voting for the nextmap started
L 01/31/2025 - 03:21:00: [polymorph.amxx] Vote: Voting for the nextmap finished. The nextmap will be de_dust
L 01/31/2025 - 03:22:44: -------- Mapchange to de_dust --------
L 01/31/2025 - 03:22:44: [AMXX] Plugin "poly_csdm_off.amxx" failed to load: Plugin uses an unknown function (name "csdm_set_active") - check your modules.ini.
L 01/31/2025 - 03:22:46: [polymorph.amxx] performance issue. Function plugin_cfg executed more than 1229.6ms.
L 01/31/2025 - 03:22:46: [uq_jumpstats.amxx] Can't find uq_jumpstats_tops.amxx
L 01/31/2025 - 03:37:46: [polymorph.amxx] Vote: Voting for the next mod started
L 01/31/2025 - 03:38:10: [polymorph.amxx] Vote: Voting for the next mod finished. The nextmod will be HideN-Seek
L 01/31/2025 - 03:38:27: [polymorph.amxx] Vote: Voting for the nextmap started
L 01/31/2025 - 03:38:51: [polymorph.amxx] Vote: Voting for the nextmap finished. The nextmap will be cs_estate
L 01/31/2025 - 03:39:54: -------- Mapchange to cs_estate --------
L 01/31/2025 - 03:39:54: [AMXX] Plugin "poly_csdm_off.amxx" failed to load: Plugin uses an unknown function (name "csdm_set_active") - check your modules.ini.
L 01/31/2025 - 03:39:56: [polymorph.amxx] performance issue. Function plugin_cfg executed more than 1232.1ms.
L 01/31/2025 - 03:39:56: [uq_jumpstats.amxx] Can't find uq_jumpstats_tops.amxx
L 01/31/2025 - 04:07:49: -------- Mapchange to de_dust2 --------
L 01/31/2025 - 04:07:55: [GEOIP] Database info: GeoLite2 Country database 2.0
L 01/31/2025 - 04:08:03: [AMXX] Plugin "poly_csdm_off.amxx" failed to load: Plugin uses an unknown function (name "csdm_set_active") - check your modules.ini.
L 01/31/2025 - 04:08:29: [polymorph.amxx] performance issue. Function plugin_init executed more than 5.4ms.
L 01/31/2025 - 04:08:33: [polymorph.amxx] performance issue. Function plugin_cfg executed more than 3396.6ms.
L 01/31/2025 - 04:08:33: [uq_jumpstats.amxx] Can't find uq_jumpstats_tops.amxx
L 01/31/2025 - 04:23:41: [polymorph.amxx] Vote: Voting for the nextmap started
L 01/31/2025 - 04:24:05: [polymorph.amxx] Vote: Voting for the nextmap finished. The nextmap will be cs_estate
L 01/31/2025 - 04:25:50: -------- Mapchange to cs_estate --------
L 01/31/2025 - 04:25:50: [AMXX] Plugin "poly_csdm_off.amxx" failed to load: Plugin uses an unknown function (name "csdm_set_active") - check your modules.ini.
L 01/31/2025 - 04:25:53: [polymorph.amxx] performance issue. Function plugin_cfg executed more than 1282.0ms.
L 01/31/2025 - 04:25:53: [uq_jumpstats.amxx] Can't find uq_jumpstats_tops.amxx
L 01/31/2025 - 04:40:54: [polymorph.amxx] Vote: Voting for the next mod started
L 01/31/2025 - 04:41:18: [polymorph.amxx] Vote: Voting for the next mod finished. The nextmod will be CScout
L 01/31/2025 - 04:41:34: [polymorph.amxx] Vote: Voting for the nextmap started
L 01/31/2025 - 04:41:58: [polymorph.amxx] Vote: Voting for the nextmap finished. The nextmap will be de_dust2
L 01/31/2025 - 04:43:02: -------- Mapchange to de_dust2 --------
L 01/31/2025 - 04:43:02: [AMXX] Plugin "poly_csdm_off.amxx" failed to load: Plugin uses an unknown function (name "csdm_set_active") - check your modules.ini.
L 01/31/2025 - 04:43:03: [polymorph.amxx] performance issue. Function plugin_cfg executed more than 1231.7ms.
L 01/31/2025 - 05:01:04: [polymorph.amxx] Vote: Voting for the nextmap started
L 01/31/2025 - 05:01:28: [polymorph.amxx] Vote: Voting for the nextmap finished. The nextmap will be de_inferno
L 01/31/2025 - 05:03:12: -------- Mapchange to de_inferno --------
L 01/31/2025 - 05:03:12: [AMXX] Plugin "poly_csdm_off.amxx" failed to load: Plugin uses an unknown function (name "csdm_set_active") - check your modules.ini.
L 01/31/2025 - 05:03:13: [polymorph.amxx] performance issue. Function plugin_cfg executed more than 1239.2ms.
L 01/31/2025 - 05:21:14: [polymorph.amxx] Vote: Voting for the nextmap started
L 01/31/2025 - 05:21:38: [polymorph.amxx] Vote: Voting for the nextmap finished. The nextmap will be de_dust2
L 01/31/2025 - 05:23:22: -------- Mapchange to de_dust2 --------
L 01/31/2025 - 05:23:22: [AMXX] Plugin "poly_csdm_off.amxx" failed to load: Plugin uses an unknown function (name "csdm_set_active") - check your modules.ini.
L 01/31/2025 - 05:23:23: [polymorph.amxx] performance issue. Function plugin_cfg executed more than 1237.2ms.
L 01/31/2025 - 05:41:24: [polymorph.amxx] Vote: Voting for the next mod started
L 01/31/2025 - 05:41:48: [polymorph.amxx] Vote: Voting for the next mod finished. The nextmod will be Vip
L 01/31/2025 - 05:42:04: [polymorph.amxx] Vote: Voting for the nextmap started
L 01/31/2025 - 05:42:28: [polymorph.amxx] Vote: Voting for the nextmap finished. The nextmap will be as_oilrig
L 01/31/2025 - 05:43:32: -------- Mapchange to as_oilrig --------
L 01/31/2025 - 05:43:32: [AMXX] Plugin "poly_csdm_off.amxx" failed to load: Plugin uses an unknown function (name "csdm_set_active") - check your modules.ini.
L 01/31/2025 - 05:43:34: [polymorph.amxx] performance issue. Function plugin_cfg executed more than 1234.9ms.
L 01/31/2025 - 06:06:34: [polymorph.amxx] Vote: Voting for the nextmap started
L 01/31/2025 - 06:06:58: [polymorph.amxx] Vote: Voting for the nextmap finished. The nextmap will be as_crazytank3
L 01/31/2025 - 06:08:43: -------- Mapchange to as_crazytank3 --------
L 01/31/2025 - 06:08:43: [AMXX] Plugin "poly_csdm_off.amxx" failed to load: Plugin uses an unknown function (name "csdm_set_active") - check your modules.ini.
L 01/31/2025 - 06:08:44: [polymorph.amxx] performance issue. Function plugin_cfg executed more than 1245.2ms.
L 01/31/2025 - 06:31:45: [polymorph.amxx] Vote: Voting for the nextmap started
L 01/31/2025 - 06:32:09: [polymorph.amxx] Vote: Voting for the nextmap finished. The nextmap will be as_oilrig
L 01/31/2025 - 06:33:53: -------- Mapchange to as_oilrig --------
L 01/31/2025 - 06:33:53: [AMXX] Plugin "poly_csdm_off.amxx" failed to load: Plugin uses an unknown function (name "csdm_set_active") - check your modules.ini.
L 01/31/2025 - 06:33:54: [polymorph.amxx] performance issue. Function plugin_cfg executed more than 1230.3ms.
L 01/31/2025 - 06:56:55: [polymorph.amxx] Vote: Voting for the next mod started
L 01/31/2025 - 06:57:19: [polymorph.amxx] Vote: Voting for the next mod finished. The nextmod will be CScout
L 01/31/2025 - 06:57:35: [polymorph.amxx] Vote: Voting for the nextmap started
L 01/31/2025 - 06:57:59: [polymorph.amxx] Vote: Voting for the nextmap finished. The nextmap will be de_dust2
L 01/31/2025 - 06:59:03: -------- Mapchange to de_dust2 --------
L 01/31/2025 - 06:59:03: [AMXX] Plugin "poly_csdm_off.amxx" failed to load: Plugin uses an unknown function (name "csdm_set_active") - check your modules.ini.
L 01/31/2025 - 06:59:04: [polymorph.amxx] performance issue. Function plugin_cfg executed more than 1234.8ms.
L 01/31/2025 - 07:17:05: [polymorph.amxx] Vote: Voting for the nextmap started
L 01/31/2025 - 07:17:29: [polymorph.amxx] Vote: Voting for the nextmap finished. The nextmap will be de_inferno
L 01/31/2025 - 07:19:13: -------- Mapchange to de_inferno --------
L 01/31/2025 - 07:19:13: [AMXX] Plugin "poly_csdm_off.amxx" failed to load: Plugin uses an unknown function (name "csdm_set_active") - check your modules.ini.
L 01/31/2025 - 07:19:14: [polymorph.amxx] performance issue. Function plugin_cfg executed more than 1231.6ms.
L 01/31/2025 - 07:37:15: [polymorph.amxx] Vote: Voting for the nextmap started
L 01/31/2025 - 07:37:39: [polymorph.amxx] Vote: Voting for the nextmap finished. The nextmap will be de_dust2
L 01/31/2025 - 07:39:23: -------- Mapchange to de_dust2 --------
L 01/31/2025 - 07:39:23: [AMXX] Plugin "poly_csdm_off.amxx" failed to load: Plugin uses an unknown function (name "csdm_set_active") - check your modules.ini.
L 01/31/2025 - 07:39:24: [polymorph.amxx] performance issue. Function plugin_cfg executed more than 1240.5ms.
L 01/31/2025 - 07:57:25: [polymorph.amxx] Vote: Voting for the next mod started
L 01/31/2025 - 07:57:49: [polymorph.amxx] Vote: Voting for the next mod finished. The nextmod will be CScout
L 01/31/2025 - 07:58:05: [polymorph.amxx] Vote: Voting for the nextmap started
L 01/31/2025 - 07:58:29: [polymorph.amxx] Vote: Voting for the nextmap finished. The nextmap will be de_inferno
L 01/31/2025 - 07:59:33: -------- Mapchange to de_inferno --------
L 01/31/2025 - 07:59:33: [AMXX] Plugin "poly_csdm_off.amxx" failed to load: Plugin uses an unknown function (name "csdm_set_active") - check your modules.ini.
L 01/31/2025 - 07:59:34: [polymorph.amxx] performance issue. Function plugin_cfg executed more than 1236.1ms.
L 01/31/2025 - 08:17:34: [polymorph.amxx] Vote: Voting for the nextmap started
L 01/31/2025 - 08:17:58: [polymorph.amxx] Vote: Voting for the nextmap finished. The nextmap will be de_dust2
L 01/31/2025 - 08:19:42: -------- Mapchange to de_dust2 --------
L 01/31/2025 - 08:19:43: [AMXX] Plugin "poly_csdm_off.amxx" failed to load: Plugin uses an unknown function (name "csdm_set_active") - check your modules.ini.
L 01/31/2025 - 08:19:44: [polymorph.amxx] performance issue. Function plugin_cfg executed more than 1239.6ms.
L 01/31/2025 - 08:37:44: [polymorph.amxx] Vote: Voting for the nextmap started
L 01/31/2025 - 08:38:08: [polymorph.amxx] Vote: Voting for the nextmap finished. The nextmap will be de_inferno
L 01/31/2025 - 08:39:52: -------- Mapchange to de_inferno --------
L 01/31/2025 - 08:39:52: [AMXX] Plugin "poly_csdm_off.amxx" failed to load: Plugin uses an unknown function (name "csdm_set_active") - check your modules.ini.
L 01/31/2025 - 08:39:54: [polymorph.amxx] performance issue. Function plugin_cfg executed more than 1238.8ms.
L 01/31/2025 - 08:57:54: [polymorph.amxx] Vote: Voting for the next mod started
L 01/31/2025 - 08:58:18: [polymorph.amxx] Vote: Voting for the next mod finished. The nextmod will be Rubaka
L 01/31/2025 - 08:58:34: [polymorph.amxx] Vote: Voting for the nextmap started
L 01/31/2025 - 08:58:58: [polymorph.amxx] Vote: Voting for the nextmap finished. The nextmap will be rubaka_2forts
L 01/31/2025 - 09:00:03: -------- Mapchange to rubaka_2forts --------
L 01/31/2025 - 09:00:03: [AMXX] Plugin "poly_csdm_off.amxx" failed to load: Plugin uses an unknown function (name "csdm_set_active") - check your modules.ini.
L 01/31/2025 - 09:00:04: [polymorph.amxx] performance issue. Function plugin_cfg executed more than 1226.5ms.
L 01/31/2025 - 09:21:05: [polymorph.amxx] Vote: Voting for the nextmap started
L 01/31/2025 - 09:21:29: [polymorph.amxx] Vote: Voting for the nextmap finished. The nextmap will be 35hp_gx
L 01/31/2025 - 09:21:46: -------- Mapchange to 35hp_gx --------
L 01/31/2025 - 09:21:46: [AMXX] Plugin "poly_csdm_off.amxx" failed to load: Plugin uses an unknown function (name "csdm_set_active") - check your modules.ini.
L 01/31/2025 - 09:21:47: [polymorph.amxx] performance issue. Function plugin_cfg executed more than 1241.1ms.
L 01/31/2025 - 09:42:48: [polymorph.amxx] Vote: Voting for the next mod started
L 01/31/2025 - 09:42:48: [polymorph.amxx] performance issue. Function TaskVoteTimer executed more than 2.4ms.
L 01/31/2025 - 09:43:12: [polymorph.amxx] Vote: Voting for the next mod finished. The nextmod will be Zombie-Plague
L 01/31/2025 - 09:43:28: [polymorph.amxx] Vote: Voting for the nextmap started
L 01/31/2025 - 09:43:29: -------- Mapchange to zm_ice_attack --------
L 01/31/2025 - 09:43:29: [AMXX] Plugin "poly_csdm_off.amxx" failed to load: Plugin uses an unknown function (name "csdm_set_active") - check your modules.ini.
L 01/31/2025 - 09:43:30: [zombie_plague43.amxx] performance issue. Function plugin_precache executed more than 732.9ms.
L 01/31/2025 - 09:43:30: [zombie_plague43.amxx] performance issue. Function native_register_zombie_class executed more than 42.7ms.
L 01/31/2025 - 09:43:30: [zombie_plague43.amxx] performance issue. Function native_register_zombie_class executed more than 58.9ms.
L 01/31/2025 - 09:43:30: [zombie_plague43.amxx] performance issue. Function native_register_zombie_class executed more than 42.5ms.
L 01/31/2025 - 09:43:31: [zombie_plague43.amxx] performance issue. Function native_register_zombie_class executed more than 53.8ms.
L 01/31/2025 - 09:43:31: [zombie_plague43.amxx] performance issue. Function native_register_zombie_class executed more than 46.0ms.
L 01/31/2025 - 09:43:31: [zombie_plague43.amxx] performance issue. Function native_register_zombie_class executed more than 133.0ms.
L 01/31/2025 - 09:43:31: [zombie_plague43.amxx] performance issue. Function native_register_zombie_class executed more than 44.1ms.
L 01/31/2025 - 09:43:31: [zombie_plague43.amxx] performance issue. Function native_register_zombie_class executed more than 56.6ms.
L 01/31/2025 - 09:43:32: [zombie_plague43.amxx] performance issue. Function plugin_init executed more than 54.0ms.
L 01/31/2025 - 09:43:33: [polymorph.amxx] performance issue. Function plugin_cfg executed more than 1234.5ms.
L 01/31/2025 - 10:02:34: [polymorph.amxx] Vote: Voting for the nextmap started
L 01/31/2025 - 10:02:58: [polymorph.amxx] Vote: Voting for the nextmap finished. The nextmap will be zm_toronto
L 01/31/2025 - 10:04:42: -------- Mapchange to zm_toronto --------
L 01/31/2025 - 10:04:42: [AMXX] Plugin "poly_csdm_off.amxx" failed to load: Plugin uses an unknown function (name "csdm_set_active") - check your modules.ini.
L 01/31/2025 - 10:04:42: [zombie_plague43.amxx] performance issue. Function plugin_precache executed more than 64.8ms.
L 01/31/2025 - 10:04:42: [zombie_plague43.amxx] performance issue. Function native_register_zombie_class executed more than 4.1ms.
L 01/31/2025 - 10:04:42: [zombie_plague43.amxx] performance issue. Function native_register_zombie_class executed more than 7.1ms.
L 01/31/2025 - 10:04:42: [zombie_plague43.amxx] performance issue. Function native_register_zombie_class executed more than 5.6ms.
L 01/31/2025 - 10:04:42: [zombie_plague43.amxx] performance issue. Function native_register_zombie_class executed more than 3.5ms.
L 01/31/2025 - 10:04:42: [zombie_plague43.amxx] performance issue. Function native_register_zombie_class executed more than 4.1ms.
L 01/31/2025 - 10:04:42: [zombie_plague43.amxx] performance issue. Function native_register_zombie_class executed more than 7.2ms.
L 01/31/2025 - 10:04:42: [zombie_plague43.amxx] performance issue. Function native_register_zombie_class executed more than 2.2ms.
L 01/31/2025 - 10:04:42: [zombie_plague43.amxx] performance issue. Function native_register_zombie_class executed more than 6.2ms.
L 01/31/2025 - 10:04:43: [zombie_plague43.amxx] performance issue. Function plugin_init executed more than 3.6ms.
L 01/31/2025 - 10:04:44: [polymorph.amxx] performance issue. Function plugin_cfg executed more than 1230.1ms.
L 01/31/2025 - 10:23:44: [polymorph.amxx] Vote: Voting for the nextmap started
L 01/31/2025 - 10:24:08: [polymorph.amxx] Vote: Voting for the nextmap finished. The nextmap will be zm_ice_attack
L 01/31/2025 - 10:25:53: -------- Mapchange to zm_ice_attack --------
L 01/31/2025 - 10:25:53: [AMXX] Plugin "poly_csdm_off.amxx" failed to load: Plugin uses an unknown function (name "csdm_set_active") - check your modules.ini.
L 01/31/2025 - 10:25:53: [zombie_plague43.amxx] performance issue. Function plugin_precache executed more than 65.1ms.
L 01/31/2025 - 10:25:53: [zombie_plague43.amxx] performance issue. Function native_register_zombie_class executed more than 4.1ms.
L 01/31/2025 - 10:25:53: [zombie_plague43.amxx] performance issue. Function native_register_zombie_class executed more than 7.1ms.
L 01/31/2025 - 10:25:53: [zombie_plague43.amxx] performance issue. Function native_register_zombie_class executed more than 5.5ms.
L 01/31/2025 - 10:25:53: [zombie_plague43.amxx] performance issue. Function native_register_zombie_class executed more than 3.5ms.
L 01/31/2025 - 10:25:53: [zombie_plague43.amxx] performance issue. Function native_register_zombie_class executed more than 4.1ms.
L 01/31/2025 - 10:25:53: [zombie_plague43.amxx] performance issue. Function native_register_zombie_class executed more than 7.2ms.
L 01/31/2025 - 10:25:53: [zombie_plague43.amxx] performance issue. Function native_register_zombie_class executed more than 2.2ms.
L 01/31/2025 - 10:25:53: [zombie_plague43.amxx] performance issue. Function native_register_zombie_class executed more than 6.2ms.
L 01/31/2025 - 10:25:53: [zombie_plague43.amxx] performance issue. Function plugin_init executed more than 3.6ms.
L 01/31/2025 - 10:25:54: [polymorph.amxx] performance issue. Function plugin_cfg executed more than 1229.7ms.
L 01/31/2025 - 10:44:55: [polymorph.amxx] Vote: Voting for the next mod started
L 01/31/2025 - 10:45:19: [polymorph.amxx] Vote: Voting for the next mod finished. The nextmod will be Kreedz-Kz
L 01/31/2025 - 10:45:35: [polymorph.amxx] Vote: Voting for the nextmap started
L 01/31/2025 - 10:45:59: [polymorph.amxx] Vote: Voting for the nextmap finished. The nextmap will be kz_arsacid
L 01/31/2025 - 10:47:03: -------- Mapchange to kz_arsacid --------
L 01/31/2025 - 10:47:03: [AMXX] Plugin "poly_csdm_off.amxx" failed to load: Plugin uses an unknown function (name "csdm_set_active") - check your modules.ini.
L 01/31/2025 - 10:47:03: [kz_jumpplugin.amxx] performance issue. Function plugin_precache executed more than 6.3ms.
L 01/31/2025 - 10:47:04: New section, unterminated block (file "cstrike/addons/amxmodx/data/lang/kz_jumpplugin.txt" key "// Languages in this ML File:" lang "")
L 01/31/2025 - 10:47:04: [kz_jumpplugin.amxx] performance issue. Function plugin_init executed more than 9.9ms.
L 01/31/2025 - 10:47:05: [polymorph.amxx] performance issue. Function plugin_cfg executed more than 1231.0ms.
L 01/31/2025 - 10:47:05: [kz_jumpplugin.amxx] performance issue. Function plugin_cfg executed more than 37.3ms.
L 01/31/2025 - 10:47:05: [uq_jumpstats.amxx] Can't find uq_jumpstats_tops.amxx
L 01/31/2025 - 10:47:09: [admincmd.amxx] Cmd: "PerGAmes # MultiModos - Zombie <0><><>" set cvar (name "kz_uq_airaccelerate") (value "100")
L 01/31/2025 - 10:47:10: [kz_jumpplugin.amxx] performance issue. Function client_putinserver executed more than 22.1ms.
L 01/31/2025 - 10:47:10: [kz_jumpplugin.amxx] performance issue. Function createbot executed more than 24.3ms.
L 01/31/2025 - 11:05:06: [polymorph.amxx] Vote: Voting for the nextmap started
L 01/31/2025 - 11:05:30: [polymorph.amxx] Vote: Voting for the nextmap finished. The nextmap will be kz_xj_brickjump
L 01/31/2025 - 11:07:14: -------- Mapchange to kz_xj_brickjump --------
L 01/31/2025 - 11:07:14: [AMXX] Plugin "poly_csdm_off.amxx" failed to load: Plugin uses an unknown function (name "csdm_set_active") - check your modules.ini.
L 01/31/2025 - 11:07:14: [kz_jumpplugin.amxx] performance issue. Function plugin_precache executed more than 5.6ms.
L 01/31/2025 - 11:07:14: New section, unterminated block (file "cstrike/addons/amxmodx/data/lang/kz_jumpplugin.txt" key "// Languages in this ML File:" lang "")
L 01/31/2025 - 11:07:15: [polymorph.amxx] performance issue. Function plugin_cfg executed more than 1238.2ms.
L 01/31/2025 - 11:07:15: [kz_jumpplugin.amxx] performance issue. Function plugin_cfg executed more than 13.5ms.
L 01/31/2025 - 11:07:15: [uq_jumpstats.amxx] Can't find uq_jumpstats_tops.amxx
L 01/31/2025 - 11:07:19: [admincmd.amxx] Cmd: "PerGAmes MultiModos - Kreedz by<0><><>" set cvar (name "kz_uq_airaccelerate") (value "100")
L 01/31/2025 - 11:07:20: [kz_jumpplugin.amxx] performance issue. Function createbot executed more than 6.6ms.
L 01/31/2025 - 11:25:16: [polymorph.amxx] Vote: Voting for the nextmap started
L 01/31/2025 - 11:25:40: [polymorph.amxx] Vote: Voting for the nextmap finished. The nextmap will be kz_arsacid
L 01/31/2025 - 11:27:24: -------- Mapchange to kz_arsacid --------
L 01/31/2025 - 11:27:24: [AMXX] Plugin "poly_csdm_off.amxx" failed to load: Plugin uses an unknown function (name "csdm_set_active") - check your modules.ini.
L 01/31/2025 - 11:27:24: [kz_jumpplugin.amxx] performance issue. Function plugin_precache executed more than 5.6ms.
L 01/31/2025 - 11:27:24: New section, unterminated block (file "cstrike/addons/amxmodx/data/lang/kz_jumpplugin.txt" key "// Languages in this ML File:" lang "")
L 01/31/2025 - 11:27:25: [polymorph.amxx] performance issue. Function plugin_cfg executed more than 1230.5ms.
L 01/31/2025 - 11:27:25: [kz_jumpplugin.amxx] performance issue. Function plugin_cfg executed more than 5.6ms.
L 01/31/2025 - 11:27:25: [uq_jumpstats.amxx] Can't find uq_jumpstats_tops.amxx
L 01/31/2025 - 11:27:29: [admincmd.amxx] Cmd: "PerGAmes MultiModos - Kreedz by<0><><>" set cvar (name "kz_uq_airaccelerate") (value "100")
L 01/31/2025 - 11:27:30: [kz_jumpplugin.amxx] performance issue. Function createbot executed more than 6.1ms.
L 01/31/2025 - 11:45:26: [polymorph.amxx] Vote: Voting for the next mod started
L 01/31/2025 - 11:45:50: [polymorph.amxx] Vote: Voting for the next mod finished. The nextmod will be Vip
L 01/31/2025 - 11:46:06: [polymorph.amxx] Vote: Voting for the nextmap started
L 01/31/2025 - 11:46:30: [polymorph.amxx] Vote: Voting for the nextmap finished. The nextmap will be !vip_truck
L 01/31/2025 - 11:47:34: -------- Mapchange to !vip_truck --------
L 01/31/2025 - 11:47:34: [AMXX] Plugin "poly_csdm_off.amxx" failed to load: Plugin uses an unknown function (name "csdm_set_active") - check your modules.ini.
L 01/31/2025 - 11:47:36: [polymorph.amxx] performance issue. Function plugin_cfg executed more than 1232.4ms.
L 01/31/2025 - 12:10:36: [polymorph.amxx] Vote: Voting for the nextmap started
L 01/31/2025 - 12:11:00: [polymorph.amxx] Vote: Voting for the nextmap finished. The nextmap will be as_oilrig
L 01/31/2025 - 12:12:44: -------- Mapchange to as_oilrig --------
L 01/31/2025 - 12:12:44: [AMXX] Plugin "poly_csdm_off.amxx" failed to load: Plugin uses an unknown function (name "csdm_set_active") - check your modules.ini.
L 01/31/2025 - 12:12:46: [polymorph.amxx] performance issue. Function plugin_cfg executed more than 1230.5ms.
L 01/31/2025 - 12:35:46: [polymorph.amxx] Vote: Voting for the nextmap started
L 01/31/2025 - 12:36:10: [polymorph.amxx] Vote: Voting for the nextmap finished. The nextmap will be as_crazytank3
L 01/31/2025 - 12:37:54: -------- Mapchange to as_crazytank3 --------
L 01/31/2025 - 12:37:54: [AMXX] Plugin "poly_csdm_off.amxx" failed to load: Plugin uses an unknown function (name "csdm_set_active") - check your modules.ini.
L 01/31/2025 - 12:37:56: [polymorph.amxx] performance issue. Function plugin_cfg executed more than 1234.8ms.
L 01/31/2025 - 13:00:56: [polymorph.amxx] Vote: Voting for the next mod started
L 01/31/2025 - 13:01:20: [polymorph.amxx] Vote: Voting for the next mod finished. The nextmod will be Vip
L 01/31/2025 - 13:01:36: [polymorph.amxx] Vote: Voting for the nextmap started
L 01/31/2025 - 13:02:00: [polymorph.amxx] Vote: Voting for the nextmap finished. The nextmap will be as_oilrig
L 01/31/2025 - 13:03:04: -------- Mapchange to as_oilrig --------
L 01/31/2025 - 13:03:04: [AMXX] Plugin "poly_csdm_off.amxx" failed to load: Plugin uses an unknown function (name "csdm_set_active") - check your modules.ini.
L 01/31/2025 - 13:03:06: [polymorph.amxx] performance issue. Function plugin_cfg executed more than 1242.2ms.
L 01/31/2025 - 13:26:06: [polymorph.amxx] Vote: Voting for the nextmap started
L 01/31/2025 - 13:26:30: [polymorph.amxx] Vote: Voting for the nextmap finished. The nextmap will be as_crazytank3
L 01/31/2025 - 13:28:14: -------- Mapchange to as_crazytank3 --------
L 01/31/2025 - 13:28:14: [AMXX] Plugin "poly_csdm_off.amxx" failed to load: Plugin uses an unknown function (name "csdm_set_active") - check your modules.ini.
L 01/31/2025 - 13:28:16: [polymorph.amxx] performance issue. Function plugin_cfg executed more than 1238.4ms.
L 01/31/2025 - 13:51:16: [polymorph.amxx] Vote: Voting for the nextmap started
L 01/31/2025 - 13:51:40: [polymorph.amxx] Vote: Voting for the nextmap finished. The nextmap will be as_oilrig
L 01/31/2025 - 13:53:24: -------- Mapchange to as_oilrig --------
L 01/31/2025 - 13:53:24: [AMXX] Plugin "poly_csdm_off.amxx" failed to load: Plugin uses an unknown function (name "csdm_set_active") - check your modules.ini.
L 01/31/2025 - 13:53:26: [polymorph.amxx] performance issue. Function plugin_cfg executed more than 1237.4ms.
L 01/31/2025 - 14:16:26: [polymorph.amxx] Vote: Voting for the next mod started
L 01/31/2025 - 14:16:50: [polymorph.amxx] Vote: Voting for the next mod finished. The nextmod will be Vip
L 01/31/2025 - 14:17:06: [polymorph.amxx] Vote: Voting for the nextmap started
L 01/31/2025 - 14:17:30: [polymorph.amxx] Vote: Voting for the nextmap finished. The nextmap will be as_crazytank3
L 01/31/2025 - 14:18:34: -------- Mapchange to as_crazytank3 --------
L 01/31/2025 - 14:18:34: [AMXX] Plugin "poly_csdm_off.amxx" failed to load: Plugin uses an unknown function (name "csdm_set_active") - check your modules.ini.
L 01/31/2025 - 14:18:36: [polymorph.amxx] performance issue. Function plugin_cfg executed more than 1232.2ms.
L 01/31/2025 - 14:41:36: [polymorph.amxx] Vote: Voting for the nextmap started
L 01/31/2025 - 14:42:00: [polymorph.amxx] Vote: Voting for the nextmap finished. The nextmap will be as_oilrig
L 01/31/2025 - 14:43:44: -------- Mapchange to as_oilrig --------
L 01/31/2025 - 14:43:44: [AMXX] Plugin "poly_csdm_off.amxx" failed to load: Plugin uses an unknown function (name "csdm_set_active") - check your modules.ini.
L 01/31/2025 - 14:43:47: [polymorph.amxx] performance issue. Function plugin_cfg executed more than 2183.5ms.
L 01/31/2025 - 15:06:49: [polymorph.amxx] Vote: Voting for the nextmap started
L 01/31/2025 - 15:07:13: [polymorph.amxx] Vote: Voting for the nextmap finished. The nextmap will be as_crazytank3
L 01/31/2025 - 15:08:57: -------- Mapchange to as_crazytank3 --------
L 01/31/2025 - 15:08:57: [AMXX] Plugin "poly_csdm_off.amxx" failed to load: Plugin uses an unknown function (name "csdm_set_active") - check your modules.ini.
L 01/31/2025 - 15:08:59: [polymorph.amxx] performance issue. Function plugin_cfg executed more than 1241.3ms.
L 01/31/2025 - 15:31:59: [polymorph.amxx] Vote: Voting for the next mod started
L 01/31/2025 - 15:32:23: [polymorph.amxx] Vote: Voting for the next mod finished. The nextmod will be CScout
L 01/31/2025 - 15:32:39: [polymorph.amxx] Vote: Voting for the nextmap started
L 01/31/2025 - 15:33:03: [polymorph.amxx] Vote: Voting for the nextmap finished. The nextmap will be de_dust2
L 01/31/2025 - 15:34:07: -------- Mapchange to de_dust2 --------
L 01/31/2025 - 15:34:07: [AMXX] Plugin "poly_csdm_off.amxx" failed to load: Plugin uses an unknown function (name "csdm_set_active") - check your modules.ini.
L 01/31/2025 - 15:34:09: [polymorph.amxx] performance issue. Function plugin_cfg executed more than 1230.7ms.
L 01/31/2025 - 15:52:09: [polymorph.amxx] Vote: Voting for the nextmap started
L 01/31/2025 - 15:52:33: [polymorph.amxx] Vote: Voting for the nextmap finished. The nextmap will be de_inferno
L 01/31/2025 - 15:54:17: -------- Mapchange to de_inferno --------
L 01/31/2025 - 15:54:17: [AMXX] Plugin "poly_csdm_off.amxx" failed to load: Plugin uses an unknown function (name "csdm_set_active") - check your modules.ini.
L 01/31/2025 - 15:54:19: [polymorph.amxx] performance issue. Function plugin_cfg executed more than 1237.5ms.
L 01/31/2025 - 16:12:19: [polymorph.amxx] Vote: Voting for the nextmap started
L 01/31/2025 - 16:12:43: [polymorph.amxx] Vote: Voting for the nextmap finished. The nextmap will be de_dust2
L 01/31/2025 - 16:14:27: -------- Mapchange to de_dust2 --------
L 01/31/2025 - 16:14:27: [AMXX] Plugin "poly_csdm_off.amxx" failed to load: Plugin uses an unknown function (name "csdm_set_active") - check your modules.ini.
L 01/31/2025 - 16:14:29: [polymorph.amxx] performance issue. Function plugin_cfg executed more than 1234.7ms.
L 01/31/2025 - 16:32:29: [polymorph.amxx] Vote: Voting for the next mod started
L 01/31/2025 - 16:32:53: [polymorph.amxx] Vote: Voting for the next mod finished. The nextmod will be Slender
L 01/31/2025 - 16:33:09: [polymorph.amxx] Vote: Voting for the nextmap started
L 01/31/2025 - 16:33:33: [polymorph.amxx] Vote: Voting for the nextmap finished. The nextmap will be de_dust2
L 01/31/2025 - 16:34:37: -------- Mapchange to de_dust2 --------
L 01/31/2025 - 16:34:37: [AMXX] Plugin "poly_csdm_off.amxx" failed to load: Plugin uses an unknown function (name "csdm_set_active") - check your modules.ini.
L 01/31/2025 - 16:34:39: [polymorph.amxx] performance issue. Function plugin_cfg executed more than 1242.5ms.
L 01/31/2025 - 16:55:39: [polymorph.amxx] Vote: Voting for the nextmap started
L 01/31/2025 - 16:56:03: [polymorph.amxx] Vote: Voting for the nextmap finished. The nextmap will be de_aztec
L 01/31/2025 - 16:57:47: -------- Mapchange to de_aztec --------
L 01/31/2025 - 16:57:47: [AMXX] Plugin "poly_csdm_off.amxx" failed to load: Plugin uses an unknown function (name "csdm_set_active") - check your modules.ini.
L 01/31/2025 - 16:57:49: [polymorph.amxx] performance issue. Function plugin_cfg executed more than 1236.8ms.
L 01/31/2025 - 17:18:49: [polymorph.amxx] Vote: Voting for the next mod started
L 01/31/2025 - 17:19:13: [polymorph.amxx] Vote: Voting for the next mod finished. The nextmod will be Kreedz-Kz
L 01/31/2025 - 17:19:29: [polymorph.amxx] Vote: Voting for the nextmap started
L 01/31/2025 - 17:19:53: [polymorph.amxx] Vote: Voting for the nextmap finished. The nextmap will be kz_arsacid
L 01/31/2025 - 17:20:57: -------- Mapchange to kz_arsacid --------
L 01/31/2025 - 17:20:57: [AMXX] Plugin "poly_csdm_off.amxx" failed to load: Plugin uses an unknown function (name "csdm_set_active") - check your modules.ini.
L 01/31/2025 - 17:20:58: [kz_jumpplugin.amxx] performance issue. Function plugin_precache executed more than 5.6ms.
L 01/31/2025 - 17:20:58: New section, unterminated block (file "cstrike/addons/amxmodx/data/lang/kz_jumpplugin.txt" key "// Languages in this ML File:" lang "")
L 01/31/2025 - 17:20:58: [kz_jumpplugin.amxx] performance issue. Function plugin_init executed more than 1.0ms.
L 01/31/2025 - 17:20:59: [polymorph.amxx] performance issue. Function plugin_cfg executed more than 1234.6ms.
L 01/31/2025 - 17:20:59: [kz_jumpplugin.amxx] performance issue. Function plugin_cfg executed more than 5.7ms.
L 01/31/2025 - 17:20:59: [uq_jumpstats.amxx] Can't find uq_jumpstats_tops.amxx
L 01/31/2025 - 17:21:02: [admincmd.amxx] Cmd: "PerGAmes MultiModos - SlenderMo<0><><>" set cvar (name "kz_uq_airaccelerate") (value "100")
L 01/31/2025 - 17:21:03: [kz_jumpplugin.amxx] performance issue. Function createbot executed more than 6.4ms.
L 01/31/2025 - 17:38:59: [polymorph.amxx] Vote: Voting for the nextmap started
L 01/31/2025 - 17:39:23: [polymorph.amxx] Vote: Voting for the nextmap finished. The nextmap will be bkz_goldbhop
L 01/31/2025 - 17:41:08: -------- Mapchange to bkz_goldbhop --------
L 01/31/2025 - 17:41:08: [AMXX] Plugin "poly_csdm_off.amxx" failed to load: Plugin uses an unknown function (name "csdm_set_active") - check your modules.ini.
L 01/31/2025 - 17:41:08: [kz_jumpplugin.amxx] performance issue. Function plugin_precache executed more than 5.7ms.
L 01/31/2025 - 17:41:08: New section, unterminated block (file "cstrike/addons/amxmodx/data/lang/kz_jumpplugin.txt" key "// Languages in this ML File:" lang "")
L 01/31/2025 - 17:41:08: [kz_jumpplugin.amxx] performance issue. Function plugin_init executed more than 1.0ms.
L 01/31/2025 - 17:41:09: [polymorph.amxx] performance issue. Function plugin_cfg executed more than 1229.3ms.
L 01/31/2025 - 17:41:09: [kz_jumpplugin.amxx] performance issue. Function plugin_cfg executed more than 27.9ms.
L 01/31/2025 - 17:41:09: [uq_jumpstats.amxx] Can't find uq_jumpstats_tops.amxx
L 01/31/2025 - 17:41:13: [admincmd.amxx] Cmd: "PerGAmes MultiModos - Kreedz by<0><><>" set cvar (name "kz_uq_airaccelerate") (value "100")
L 01/31/2025 - 17:41:14: [kz_jumpplugin.amxx] performance issue. Function createbot executed more than 1.5ms.
L 01/31/2025 - 17:59:10: [polymorph.amxx] Vote: Voting for the nextmap started
L 01/31/2025 - 17:59:34: [polymorph.amxx] Vote: Voting for the nextmap finished. The nextmap will be kz_xj_brickjump
L 01/31/2025 - 18:01:18: -------- Mapchange to kz_xj_brickjump --------
L 01/31/2025 - 18:01:18: [AMXX] Plugin "poly_csdm_off.amxx" failed to load: Plugin uses an unknown function (name "csdm_set_active") - check your modules.ini.
L 01/31/2025 - 18:01:18: [kz_jumpplugin.amxx] performance issue. Function plugin_precache executed more than 5.6ms.
L 01/31/2025 - 18:01:18: New section, unterminated block (file "cstrike/addons/amxmodx/data/lang/kz_jumpplugin.txt" key "// Languages in this ML File:" lang "")
L 01/31/2025 - 18:01:19: [polymorph.amxx] performance issue. Function plugin_cfg executed more than 1236.4ms.
L 01/31/2025 - 18:01:19: [kz_jumpplugin.amxx] performance issue. Function plugin_cfg executed more than 5.6ms.
L 01/31/2025 - 18:01:19: [uq_jumpstats.amxx] Can't find uq_jumpstats_tops.amxx
L 01/31/2025 - 18:01:23: [admincmd.amxx] Cmd: "PerGAmes MultiModos - Kreedz by<0><><>" set cvar (name "kz_uq_airaccelerate") (value "100")
L 01/31/2025 - 18:01:24: [kz_jumpplugin.amxx] performance issue. Function createbot executed more than 2.1ms.
L 01/31/2025 - 18:19:20: [polymorph.amxx] Vote: Voting for the next mod started
L 01/31/2025 - 18:19:44: [polymorph.amxx] Vote: Voting for the next mod finished. The nextmod will be Zombie-Plague
L 01/31/2025 - 18:20:00: [polymorph.amxx] Vote: Voting for the nextmap started
L 01/31/2025 - 18:20:24: [polymorph.amxx] Vote: Voting for the nextmap finished. The nextmap will be zm_ice_attack
L 01/31/2025 - 18:21:28: -------- Mapchange to zm_ice_attack --------
L 01/31/2025 - 18:21:28: [AMXX] Plugin "poly_csdm_off.amxx" failed to load: Plugin uses an unknown function (name "csdm_set_active") - check your modules.ini.
L 01/31/2025 - 18:21:28: [zombie_plague43.amxx] performance issue. Function plugin_precache executed more than 60.6ms.
L 01/31/2025 - 18:21:28: [zombie_plague43.amxx] performance issue. Function native_register_zombie_class executed more than 3.6ms.
L 01/31/2025 - 18:21:28: [zombie_plague43.amxx] performance issue. Function native_register_zombie_class executed more than 6.4ms.
L 01/31/2025 - 18:21:28: [zombie_plague43.amxx] performance issue. Function native_register_zombie_class executed more than 5.0ms.
L 01/31/2025 - 18:21:28: [zombie_plague43.amxx] performance issue. Function native_register_zombie_class executed more than 3.4ms.
L 01/31/2025 - 18:21:28: [zombie_plague43.amxx] performance issue. Function native_register_zombie_class executed more than 3.6ms.
L 01/31/2025 - 18:21:28: [zombie_plague43.amxx] performance issue. Function native_register_zombie_class executed more than 6.6ms.
L 01/31/2025 - 18:21:28: [zombie_plague43.amxx] performance issue. Function native_register_zombie_class executed more than 2.1ms.
L 01/31/2025 - 18:21:28: [zombie_plague43.amxx] performance issue. Function native_register_zombie_class executed more than 5.5ms.
L 01/31/2025 - 18:21:28: [zombie_plague43.amxx] performance issue. Function plugin_init executed more than 3.6ms.
L 01/31/2025 - 18:21:29: [polymorph.amxx] performance issue. Function plugin_cfg executed more than 1230.7ms.
L 01/31/2025 - 18:40:30: [polymorph.amxx] Vote: Voting for the nextmap started
L 01/31/2025 - 18:40:54: [polymorph.amxx] Vote: Voting for the nextmap finished. The nextmap will be zm_toronto
L 01/31/2025 - 18:42:38: -------- Mapchange to zm_toronto --------
L 01/31/2025 - 18:42:38: [AMXX] Plugin "poly_csdm_off.amxx" failed to load: Plugin uses an unknown function (name "csdm_set_active") - check your modules.ini.
L 01/31/2025 - 18:42:38: [zombie_plague43.amxx] performance issue. Function plugin_precache executed more than 60.7ms.
L 01/31/2025 - 18:42:38: [zombie_plague43.amxx] performance issue. Function native_register_zombie_class executed more than 3.7ms.
L 01/31/2025 - 18:42:38: [zombie_plague43.amxx] performance issue. Function native_register_zombie_class executed more than 6.4ms.
L 01/31/2025 - 18:42:38: [zombie_plague43.amxx] performance issue. Function native_register_zombie_class executed more than 5.0ms.
L 01/31/2025 - 18:42:38: [zombie_plague43.amxx] performance issue. Function native_register_zombie_class executed more than 3.4ms.
L 01/31/2025 - 18:42:38: [zombie_plague43.amxx] performance issue. Function native_register_zombie_class executed more than 3.6ms.
L 01/31/2025 - 18:42:38: [zombie_plague43.amxx] performance issue. Function native_register_zombie_class executed more than 6.6ms.
L 01/31/2025 - 18:42:38: [zombie_plague43.amxx] performance issue. Function native_register_zombie_class executed more than 2.2ms.
L 01/31/2025 - 18:42:38: [zombie_plague43.amxx] performance issue. Function native_register_zombie_class executed more than 5.5ms.
L 01/31/2025 - 18:42:38: [zombie_plague43.amxx] performance issue. Function plugin_init executed more than 3.6ms.
L 01/31/2025 - 18:42:40: [polymorph.amxx] performance issue. Function plugin_cfg executed more than 1236.2ms.
L 01/31/2025 - 19:01:40: [polymorph.amxx] Vote: Voting for the nextmap started
L 01/31/2025 - 19:02:04: [polymorph.amxx] Vote: Voting for the nextmap finished. The nextmap will be zm_ice_attack
L 01/31/2025 - 19:03:48: -------- Mapchange to zm_ice_attack --------
L 01/31/2025 - 19:03:48: [AMXX] Plugin "poly_csdm_off.amxx" failed to load: Plugin uses an unknown function (name "csdm_set_active") - check your modules.ini.
L 01/31/2025 - 19:03:48: [zombie_plague43.amxx] performance issue. Function plugin_precache executed more than 60.8ms.
L 01/31/2025 - 19:03:48: [zombie_plague43.amxx] performance issue. Function native_register_zombie_class executed more than 3.7ms.
L 01/31/2025 - 19:03:48: [zombie_plague43.amxx] performance issue. Function native_register_zombie_class executed more than 6.4ms.
L 01/31/2025 - 19:03:48: [zombie_plague43.amxx] performance issue. Function native_register_zombie_class executed more than 5.0ms.
L 01/31/2025 - 19:03:48: [zombie_plague43.amxx] performance issue. Function native_register_zombie_class executed more than 3.4ms.
L 01/31/2025 - 19:03:48: [zombie_plague43.amxx] performance issue. Function native_register_zombie_class executed more than 3.6ms.
L 01/31/2025 - 19:03:49: [zombie_plague43.amxx] performance issue. Function native_register_zombie_class executed more than 6.6ms.
L 01/31/2025 - 19:03:49: [zombie_plague43.amxx] performance issue. Function native_register_zombie_class executed more than 2.2ms.
L 01/31/2025 - 19:03:49: [zombie_plague43.amxx] performance issue. Function native_register_zombie_class executed more than 5.5ms.
L 01/31/2025 - 19:03:49: [zombie_plague43.amxx] performance issue. Function plugin_init executed more than 3.6ms.
L 01/31/2025 - 19:03:50: [polymorph.amxx] performance issue. Function plugin_cfg executed more than 1234.7ms.
L 01/31/2025 - 19:22:50: [polymorph.amxx] Vote: Voting for the next mod started
L 01/31/2025 - 19:23:14: [polymorph.amxx] Vote: Voting for the next mod finished. The nextmod will be Rubaka
L 01/31/2025 - 19:23:31: [polymorph.amxx] Vote: Voting for the nextmap started
L 01/31/2025 - 19:23:55: [polymorph.amxx] Vote: Voting for the nextmap finished. The nextmap will be rubaka_2forts
L 01/31/2025 - 19:24:59: -------- Mapchange to rubaka_2forts --------
L 01/31/2025 - 19:24:59: [AMXX] Plugin "poly_csdm_off.amxx" failed to load: Plugin uses an unknown function (name "csdm_set_active") - check your modules.ini.
L 01/31/2025 - 19:25:00: [polymorph.amxx] performance issue. Function plugin_cfg executed more than 1227.6ms.
L 01/31/2025 - 19:46:01: [polymorph.amxx] Vote: Voting for the nextmap started
L 01/31/2025 - 19:46:25: [polymorph.amxx] Vote: Voting for the nextmap finished. The nextmap will be 35hp_gx
L 01/31/2025 - 19:46:41: -------- Mapchange to 35hp_gx --------
L 01/31/2025 - 19:46:41: [AMXX] Plugin "poly_csdm_off.amxx" failed to load: Plugin uses an unknown function (name "csdm_set_active") - check your modules.ini.
L 01/31/2025 - 19:46:43: [polymorph.amxx] performance issue. Function plugin_cfg executed more than 1238.7ms.
L 01/31/2025 - 20:07:43: [polymorph.amxx] Vote: Voting for the next mod started
L 01/31/2025 - 20:08:07: [polymorph.amxx] Vote: Voting for the next mod finished. The nextmod will be Cucarachas
L 01/31/2025 - 20:08:23: [polymorph.amxx] Vote: Voting for the nextmap started
L 01/31/2025 - 20:08:24: -------- Mapchange to cc_multicolor --------
L 01/31/2025 - 20:08:24: [AMXX] Plugin "poly_csdm_off.amxx" failed to load: Plugin uses an unknown function (name "csdm_set_active") - check your modules.ini.
L 01/31/2025 - 20:08:26: [polymorph.amxx] performance issue. Function plugin_cfg executed more than 1231.2ms.
L 01/31/2025 - 20:27:26: [polymorph.amxx] Vote: Voting for the nextmap started
L 01/31/2025 - 20:27:50: [polymorph.amxx] Vote: Voting for the nextmap finished. The nextmap will be fy_iceworld
L 01/31/2025 - 20:29:34: -------- Mapchange to fy_iceworld --------
L 01/31/2025 - 20:29:34: [AMXX] Plugin "poly_csdm_off.amxx" failed to load: Plugin uses an unknown function (name "csdm_set_active") - check your modules.ini.
L 01/31/2025 - 20:29:36: [polymorph.amxx] performance issue. Function plugin_cfg executed more than 1281.4ms.
L 01/31/2025 - 20:48:36: [polymorph.amxx] Vote: Voting for the next mod started
L 01/31/2025 - 20:49:00: [polymorph.amxx] Vote: Voting for the next mod finished. The nextmod will be HideN-Seek
L 01/31/2025 - 20:49:16: [polymorph.amxx] Vote: Voting for the nextmap started
L 01/31/2025 - 20:49:40: [polymorph.amxx] Vote: Voting for the nextmap finished. The nextmap will be cs_estate
L 01/31/2025 - 20:50:44: -------- Mapchange to cs_estate --------
L 01/31/2025 - 20:50:44: [AMXX] Plugin "poly_csdm_off.amxx" failed to load: Plugin uses an unknown function (name "csdm_set_active") - check your modules.ini.
L 01/31/2025 - 20:50:46: [polymorph.amxx] performance issue. Function plugin_cfg executed more than 1231.3ms.
L 01/31/2025 - 20:50:46: [uq_jumpstats.amxx] Can't find uq_jumpstats_tops.amxx
L 01/31/2025 - 21:05:46: [polymorph.amxx] Vote: Voting for the nextmap started
L 01/31/2025 - 21:06:10: [polymorph.amxx] Vote: Voting for the nextmap finished. The nextmap will be de_dust
L 01/31/2025 - 21:07:54: -------- Mapchange to de_dust --------
L 01/31/2025 - 21:07:54: [AMXX] Plugin "poly_csdm_off.amxx" failed to load: Plugin uses an unknown function (name "csdm_set_active") - check your modules.ini.
L 01/31/2025 - 21:07:56: [polymorph.amxx] performance issue. Function plugin_cfg executed more than 1236.2ms.
L 01/31/2025 - 21:07:56: [uq_jumpstats.amxx] Can't find uq_jumpstats_tops.amxx
L 01/31/2025 - 21:22:57: [polymorph.amxx] Vote: Voting for the next mod started
L 01/31/2025 - 21:23:21: [polymorph.amxx] Vote: Voting for the next mod finished. The nextmod will be Rubaka
L 01/31/2025 - 21:23:37: [polymorph.amxx] Vote: Voting for the nextmap started
L 01/31/2025 - 21:24:01: [polymorph.amxx] Vote: Voting for the nextmap finished. The nextmap will be rubaka_2forts
L 01/31/2025 - 21:25:05: -------- Mapchange to rubaka_2forts --------
L 01/31/2025 - 21:25:05: [AMXX] Plugin "poly_csdm_off.amxx" failed to load: Plugin uses an unknown function (name "csdm_set_active") - check your modules.ini.
L 01/31/2025 - 21:25:06: [polymorph.amxx] performance issue. Function plugin_cfg executed more than 1232.7ms.
L 01/31/2025 - 21:46:07: [polymorph.amxx] Vote: Voting for the nextmap started
L 01/31/2025 - 21:46:31: [polymorph.amxx] Vote: Voting for the nextmap finished. The nextmap will be 35hp_gx
L 01/31/2025 - 21:46:47: -------- Mapchange to 35hp_gx --------
L 01/31/2025 - 21:46:47: [AMXX] Plugin "poly_csdm_off.amxx" failed to load: Plugin uses an unknown function (name "csdm_set_active") - check your modules.ini.
L 01/31/2025 - 21:46:49: [polymorph.amxx] performance issue. Function plugin_cfg executed more than 1234.0ms.
L 01/31/2025 - 22:07:49: [polymorph.amxx] Vote: Voting for the next mod started
L 01/31/2025 - 22:08:13: [polymorph.amxx] Vote: Voting for the next mod finished. The nextmod will be Kreedz-Kz
L 01/31/2025 - 22:08:29: [polymorph.amxx] Vote: Voting for the nextmap started
L 01/31/2025 - 22:08:30: -------- Mapchange to kz_arsacid --------
L 01/31/2025 - 22:08:30: [AMXX] Plugin "poly_csdm_off.amxx" failed to load: Plugin uses an unknown function (name "csdm_set_active") - check your modules.ini.
L 01/31/2025 - 22:08:30: [kz_jumpplugin.amxx] performance issue. Function plugin_precache executed more than 5.6ms.
L 01/31/2025 - 22:08:31: New section, unterminated block (file "cstrike/addons/amxmodx/data/lang/kz_jumpplugin.txt" key "// Languages in this ML File:" lang "")
L 01/31/2025 - 22:08:32: [polymorph.amxx] performance issue. Function plugin_cfg executed more than 1238.0ms.
L 01/31/2025 - 22:08:32: [kz_jumpplugin.amxx] performance issue. Function plugin_cfg executed more than 5.6ms.
L 01/31/2025 - 22:08:32: [uq_jumpstats.amxx] Can't find uq_jumpstats_tops.amxx
L 01/31/2025 - 22:08:35: [admincmd.amxx] Cmd: "PerGAmes # MultiModos - Rubaka <0><><>" set cvar (name "kz_uq_airaccelerate") (value "100")
L 01/31/2025 - 22:08:36: [kz_jumpplugin.amxx] performance issue. Function createbot executed more than 6.3ms.
L 01/31/2025 - 22:26:32: [polymorph.amxx] Vote: Voting for the nextmap started
L 01/31/2025 - 22:26:56: [polymorph.amxx] Vote: Voting for the nextmap finished. The nextmap will be kz_xj_brickjump
L 01/31/2025 - 22:28:40: -------- Mapchange to kz_xj_brickjump --------
L 01/31/2025 - 22:28:40: [AMXX] Plugin "poly_csdm_off.amxx" failed to load: Plugin uses an unknown function (name "csdm_set_active") - check your modules.ini.
L 01/31/2025 - 22:28:40: [kz_jumpplugin.amxx] performance issue. Function plugin_precache executed more than 5.6ms.
L 01/31/2025 - 22:28:41: New section, unterminated block (file "cstrike/addons/amxmodx/data/lang/kz_jumpplugin.txt" key "// Languages in this ML File:" lang "")
L 01/31/2025 - 22:28:42: [polymorph.amxx] performance issue. Function plugin_cfg executed more than 1237.3ms.
L 01/31/2025 - 22:28:42: [kz_jumpplugin.amxx] performance issue. Function plugin_cfg executed more than 5.7ms.
L 01/31/2025 - 22:28:42: [uq_jumpstats.amxx] Can't find uq_jumpstats_tops.amxx
L 01/31/2025 - 22:28:45: [admincmd.amxx] Cmd: "PerGAmes MultiModos - Kreedz by<0><><>" set cvar (name "kz_uq_airaccelerate") (value "100")
L 01/31/2025 - 22:28:46: [kz_jumpplugin.amxx] performance issue. Function createbot executed more than 7.1ms.
L 01/31/2025 - 22:46:42: [polymorph.amxx] Vote: Voting for the nextmap started
L 01/31/2025 - 22:47:06: [polymorph.amxx] Vote: Voting for the nextmap finished. The nextmap will be kz_arsacid
L 01/31/2025 - 22:48:50: -------- Mapchange to kz_arsacid --------
L 01/31/2025 - 22:48:50: [AMXX] Plugin "poly_csdm_off.amxx" failed to load: Plugin uses an unknown function (name "csdm_set_active") - check your modules.ini.
L 01/31/2025 - 22:48:51: [kz_jumpplugin.amxx] performance issue. Function plugin_precache executed more than 5.6ms.
L 01/31/2025 - 22:48:51: New section, unterminated block (file "cstrike/addons/amxmodx/data/lang/kz_jumpplugin.txt" key "// Languages in this ML File:" lang "")
L 01/31/2025 - 22:48:52: [polymorph.amxx] performance issue. Function plugin_cfg executed more than 1231.8ms.
L 01/31/2025 - 22:48:52: [kz_jumpplugin.amxx] performance issue. Function plugin_cfg executed more than 5.7ms.
L 01/31/2025 - 22:48:52: [uq_jumpstats.amxx] Can't find uq_jumpstats_tops.amxx
L 01/31/2025 - 22:48:55: [admincmd.amxx] Cmd: "PerGAmes MultiModos - Kreedz by<0><><>" set cvar (name "kz_uq_airaccelerate") (value "100")
L 01/31/2025 - 22:48:56: [kz_jumpplugin.amxx] performance issue. Function createbot executed more than 1.5ms.
L 01/31/2025 - 23:06:52: [polymorph.amxx] Vote: Voting for the next mod started
L 01/31/2025 - 23:07:17: [polymorph.amxx] Vote: Voting for the next mod finished. The nextmod will be MapasFruta
L 01/31/2025 - 23:07:33: [polymorph.amxx] Vote: Voting for the nextmap started
L 01/31/2025 - 23:07:57: [polymorph.amxx] Vote: Voting for the nextmap finished. The nextmap will be happyvalley_2nd_lt
L 01/31/2025 - 23:09:01: -------- Mapchange to happyvalley_2nd_lt --------
L 01/31/2025 - 23:09:01: [AMXX] Plugin "poly_csdm_off.amxx" failed to load: Plugin uses an unknown function (name "csdm_set_active") - check your modules.ini.
L 01/31/2025 - 23:09:03: [polymorph.amxx] performance issue. Function plugin_cfg executed more than 1229.2ms.
L 01/31/2025 - 23:28:04: [polymorph.amxx] Vote: Voting for the nextmap started
L 01/31/2025 - 23:28:28: [polymorph.amxx] Vote: Voting for the nextmap finished. The nextmap will be skariz_brainhard2
L 01/31/2025 - 23:30:12: -------- Mapchange to skariz_brainhard2 --------
L 01/31/2025 - 23:30:12: [AMXX] Plugin "poly_csdm_off.amxx" failed to load: Plugin uses an unknown function (name "csdm_set_active") - check your modules.ini.
L 01/31/2025 - 23:30:14: [polymorph.amxx] performance issue. Function plugin_cfg executed more than 1235.1ms.
L 01/31/2025 - 23:49:14: [polymorph.amxx] Vote: Voting for the nextmap started
L 01/31/2025 - 23:49:38: [polymorph.amxx] Vote: Voting for the nextmap finished. The nextmap will be happyvalley_2nd_lt
L 01/31/2025 - 23:51:23: -------- Mapchange to happyvalley_2nd_lt --------
L 01/31/2025 - 23:51:23: [AMXX] Plugin "poly_csdm_off.amxx" failed to load: Plugin uses an unknown function (name "csdm_set_active") - check your modules.ini.
L 01/31/2025 - 23:51:25: [polymorph.amxx] performance issue. Function plugin_cfg executed more than 1230.2ms.
