L 02/24/2025 - 00:14:06: [polymorph.amxx] Vote: Voting for the next mod started
L 02/24/2025 - 00:14:30: [polymorph.amxx] Vote: Voting for the next mod finished. The nextmod will be Zombie-Escape
L 02/24/2025 - 00:14:46: [polymorph.amxx] Vote: Voting for the nextmap started
L 02/24/2025 - 00:14:47: -------- Mapchange to ze_deadspace_v2 --------
L 02/24/2025 - 00:14:48: [AMXX] Plugin "poly_csdm_off.amxx" failed to load: Plugin uses an unknown function (name "csdm_set_active") - check your modules.ini.
L 02/24/2025 - 00:14:50: [polymorph.amxx] performance issue. Function plugin_cfg executed more than 1259.4ms.
L 02/24/2025 - 00:32:50: [polymorph.amxx] Vote: Voting for the nextmap started
L 02/24/2025 - 00:33:14: [polymorph.amxx] Vote: Voting for the nextmap finished. The nextmap will be ze_remesa_old_final
L 02/24/2025 - 00:34:58: -------- Mapchange to ze_remesa_old_final --------
L 02/24/2025 - 00:34:58: [AMXX] Plugin "poly_csdm_off.amxx" failed to load: Plugin uses an unknown function (name "csdm_set_active") - check your modules.ini.
L 02/24/2025 - 00:35:00: [polymorph.amxx] performance issue. Function plugin_cfg executed more than 1268.0ms.
L 02/24/2025 - 00:53:01: [polymorph.amxx] Vote: Voting for the nextmap started
L 02/24/2025 - 00:53:25: [polymorph.amxx] Vote: Voting for the nextmap finished. The nextmap will be ze_deadspace_v2
L 02/24/2025 - 00:55:09: -------- Mapchange to ze_deadspace_v2 --------
L 02/24/2025 - 00:55:09: [AMXX] Plugin "poly_csdm_off.amxx" failed to load: Plugin uses an unknown function (name "csdm_set_active") - check your modules.ini.
L 02/24/2025 - 00:55:10: [polymorph.amxx] performance issue. Function plugin_cfg executed more than 1260.9ms.
L 02/24/2025 - 01:13:11: [polymorph.amxx] Vote: Voting for the next mod started
L 02/24/2025 - 01:13:35: [polymorph.amxx] Vote: Voting for the next mod finished. The nextmod will be HideN-Seek
L 02/24/2025 - 01:13:51: [polymorph.amxx] Vote: Voting for the nextmap started
L 02/24/2025 - 01:14:15: [polymorph.amxx] Vote: Voting for the nextmap finished. The nextmap will be cs_estate
L 02/24/2025 - 01:15:19: -------- Mapchange to cs_estate --------
L 02/24/2025 - 01:15:19: [AMXX] Plugin "poly_csdm_off.amxx" failed to load: Plugin uses an unknown function (name "csdm_set_active") - check your modules.ini.
L 02/24/2025 - 01:15:21: [polymorph.amxx] performance issue. Function plugin_cfg executed more than 1262.5ms.
L 02/24/2025 - 01:15:21: [uq_jumpstats.amxx] Can't find uq_jumpstats_tops.amxx
L 02/24/2025 - 01:30:21: [polymorph.amxx] Vote: Voting for the nextmap started
L 02/24/2025 - 01:30:45: [polymorph.amxx] Vote: Voting for the nextmap finished. The nextmap will be de_dust
L 02/24/2025 - 01:32:29: -------- Mapchange to de_dust --------
L 02/24/2025 - 01:32:29: [AMXX] Plugin "poly_csdm_off.amxx" failed to load: Plugin uses an unknown function (name "csdm_set_active") - check your modules.ini.
L 02/24/2025 - 01:32:31: [polymorph.amxx] performance issue. Function plugin_cfg executed more than 1255.8ms.
L 02/24/2025 - 01:32:31: [uq_jumpstats.amxx] Can't find uq_jumpstats_tops.amxx
L 02/24/2025 - 01:47:31: [polymorph.amxx] Vote: Voting for the next mod started
L 02/24/2025 - 01:47:55: [polymorph.amxx] Vote: Voting for the next mod finished. The nextmod will be Slender
L 02/24/2025 - 01:48:11: [polymorph.amxx] Vote: Voting for the nextmap started
L 02/24/2025 - 01:48:35: [polymorph.amxx] Vote: Voting for the nextmap finished. The nextmap will be de_dust2
L 02/24/2025 - 01:49:39: -------- Mapchange to de_dust2 --------
L 02/24/2025 - 01:49:39: [AMXX] Plugin "poly_csdm_off.amxx" failed to load: Plugin uses an unknown function (name "csdm_set_active") - check your modules.ini.
L 02/24/2025 - 01:49:41: [polymorph.amxx] performance issue. Function plugin_cfg executed more than 1261.7ms.
L 02/24/2025 - 02:10:41: [polymorph.amxx] Vote: Voting for the nextmap started
L 02/24/2025 - 02:11:05: [polymorph.amxx] Vote: Voting for the nextmap finished. The nextmap will be de_aztec
L 02/24/2025 - 02:12:49: -------- Mapchange to de_aztec --------
L 02/24/2025 - 02:12:49: [AMXX] Plugin "poly_csdm_off.amxx" failed to load: Plugin uses an unknown function (name "csdm_set_active") - check your modules.ini.
L 02/24/2025 - 02:12:51: [polymorph.amxx] performance issue. Function plugin_cfg executed more than 1254.1ms.
L 02/24/2025 - 02:33:51: [polymorph.amxx] Vote: Voting for the next mod started
L 02/24/2025 - 02:34:15: [polymorph.amxx] Vote: Voting for the next mod finished. The nextmod will be Slender
L 02/24/2025 - 02:34:32: [polymorph.amxx] Vote: Voting for the nextmap started
L 02/24/2025 - 02:34:56: [polymorph.amxx] Vote: Voting for the nextmap finished. The nextmap will be de_dust2
L 02/24/2025 - 02:35:59: -------- Mapchange to de_dust2 --------
L 02/24/2025 - 02:35:59: [AMXX] Plugin "poly_csdm_off.amxx" failed to load: Plugin uses an unknown function (name "csdm_set_active") - check your modules.ini.
L 02/24/2025 - 02:36:01: [polymorph.amxx] performance issue. Function plugin_cfg executed more than 1251.3ms.
L 02/24/2025 - 02:57:01: [polymorph.amxx] Vote: Voting for the nextmap started
L 02/24/2025 - 02:57:25: [polymorph.amxx] Vote: Voting for the nextmap finished. The nextmap will be de_aztec
L 02/24/2025 - 02:59:09: -------- Mapchange to de_aztec --------
L 02/24/2025 - 02:59:09: [AMXX] Plugin "poly_csdm_off.amxx" failed to load: Plugin uses an unknown function (name "csdm_set_active") - check your modules.ini.
L 02/24/2025 - 02:59:11: [polymorph.amxx] performance issue. Function plugin_cfg executed more than 1254.7ms.
L 02/24/2025 - 03:20:11: [polymorph.amxx] Vote: Voting for the next mod started
L 02/24/2025 - 03:20:35: [polymorph.amxx] Vote: Voting for the next mod finished. The nextmod will be HideN-Seek
L 02/24/2025 - 03:20:52: [polymorph.amxx] Vote: Voting for the nextmap started
L 02/24/2025 - 03:21:16: [polymorph.amxx] Vote: Voting for the nextmap finished. The nextmap will be cs_estate
L 02/24/2025 - 03:22:19: -------- Mapchange to cs_estate --------
L 02/24/2025 - 03:22:19: [AMXX] Plugin "poly_csdm_off.amxx" failed to load: Plugin uses an unknown function (name "csdm_set_active") - check your modules.ini.
L 02/24/2025 - 03:22:21: [polymorph.amxx] performance issue. Function plugin_cfg executed more than 1249.8ms.
L 02/24/2025 - 03:22:21: [uq_jumpstats.amxx] Can't find uq_jumpstats_tops.amxx
L 02/24/2025 - 03:37:22: [polymorph.amxx] Vote: Voting for the nextmap started
L 02/24/2025 - 03:37:46: [polymorph.amxx] Vote: Voting for the nextmap finished. The nextmap will be de_dust
L 02/24/2025 - 03:39:30: -------- Mapchange to de_dust --------
L 02/24/2025 - 03:39:30: [AMXX] Plugin "poly_csdm_off.amxx" failed to load: Plugin uses an unknown function (name "csdm_set_active") - check your modules.ini.
L 02/24/2025 - 03:39:31: [polymorph.amxx] performance issue. Function plugin_cfg executed more than 1258.5ms.
L 02/24/2025 - 03:39:31: [uq_jumpstats.amxx] Can't find uq_jumpstats_tops.amxx
L 02/24/2025 - 03:54:32: [polymorph.amxx] Vote: Voting for the next mod started
L 02/24/2025 - 03:54:56: [polymorph.amxx] Vote: Voting for the next mod finished. The nextmod will be Free-For-All
L 02/24/2025 - 03:55:12: [polymorph.amxx] Vote: Voting for the nextmap started
L 02/24/2025 - 03:55:36: [polymorph.amxx] Vote: Voting for the nextmap finished. The nextmap will be cs_assault
L 02/24/2025 - 03:56:40: -------- Mapchange to cs_assault --------
L 02/24/2025 - 03:56:40: [AMXX] Plugin "poly_csdm_off.amxx" failed to load: Plugin uses an unknown function (name "csdm_set_active") - check your modules.ini.
L 02/24/2025 - 03:56:41: [polymorph.amxx] performance issue. Function plugin_cfg executed more than 1257.7ms.
L 02/24/2025 - 04:13:42: [polymorph.amxx] Vote: Voting for the nextmap started
L 02/24/2025 - 04:14:06: [polymorph.amxx] Vote: Voting for the nextmap finished. The nextmap will be de_chateau
L 02/24/2025 - 04:15:50: -------- Mapchange to de_chateau --------
L 02/24/2025 - 04:15:50: [AMXX] Plugin "poly_csdm_off.amxx" failed to load: Plugin uses an unknown function (name "csdm_set_active") - check your modules.ini.
L 02/24/2025 - 04:15:54: [polymorph.amxx] performance issue. Function plugin_cfg executed more than 2859.3ms.
L 02/24/2025 - 04:24:31: [polymorph.amxx] Vote: Voting for the next mod started
L 02/24/2025 - 04:24:55: [polymorph.amxx] Vote: Voting for the next mod finished. The nextmod will be Deathrun
L 02/24/2025 - 04:25:11: [polymorph.amxx] Vote: Voting for the nextmap started
L 02/24/2025 - 04:25:35: [polymorph.amxx] Vote: Voting for the nextmap finished. The nextmap will be deathrun_temple2
L 02/24/2025 - 04:25:55: -------- Mapchange to deathrun_temple2 --------
L 02/24/2025 - 04:25:55: [AMXX] Plugin "poly_csdm_off.amxx" failed to load: Plugin uses an unknown function (name "csdm_set_active") - check your modules.ini.
L 02/24/2025 - 04:25:55: [plugin_trail.amxx] performance issue. Function plugin_precache executed more than 20.0ms.
L 02/24/2025 - 04:25:55: [rtd_pg.amxx] performance issue. Function plugin_precache executed more than 15.3ms.
L 02/24/2025 - 04:25:55: [hatspgeditado1.amxx] performance issue. Function plugin_precache executed more than 43.0ms.
L 02/24/2025 - 04:25:55: Invalid multi-lingual line (file "cstrike/addons/amxmodx/data/lang/deathrun.txt" key "Zabi nepriatela pre ziskanie jedneho." lang "sk")
L 02/24/2025 - 04:25:55: [AMXX] Failed to open dictionary file: cstrike/addons/amxmodx/data/lang/DeathrunShopLang.txt
L 02/24/2025 - 04:25:57: [polymorph.amxx] performance issue. Function plugin_cfg executed more than 1263.5ms.
L 02/24/2025 - 04:44:17: [polymorph.amxx] Vote: Voting for the next mod started
L 02/24/2025 - 04:44:41: [polymorph.amxx] Vote: Voting for the next mod finished. The nextmod will be Rubaka
L 02/24/2025 - 04:44:57: [polymorph.amxx] Vote: Voting for the nextmap started
L 02/24/2025 - 04:45:21: [polymorph.amxx] Vote: Voting for the nextmap finished. The nextmap will be rubaka_arena
L 02/24/2025 - 04:46:28: -------- Mapchange to rubaka_arena --------
L 02/24/2025 - 04:46:28: [AMXX] Plugin "poly_csdm_off.amxx" failed to load: Plugin uses an unknown function (name "csdm_set_active") - check your modules.ini.
L 02/24/2025 - 04:46:29: [polymorph.amxx] performance issue. Function plugin_cfg executed more than 1252.3ms.
L 02/24/2025 - 05:07:30: [polymorph.amxx] Vote: Voting for the nextmap started
L 02/24/2025 - 05:07:54: [polymorph.amxx] Vote: Voting for the nextmap finished. The nextmap will be rubaka_orange_x
L 02/24/2025 - 05:08:11: -------- Mapchange to rubaka_orange_x --------
L 02/24/2025 - 05:08:11: [AMXX] Plugin "poly_csdm_off.amxx" failed to load: Plugin uses an unknown function (name "csdm_set_active") - check your modules.ini.
L 02/24/2025 - 05:08:12: [polymorph.amxx] performance issue. Function plugin_cfg executed more than 1259.7ms.
L 02/24/2025 - 05:29:13: [polymorph.amxx] Vote: Voting for the next mod started
L 02/24/2025 - 05:29:37: [polymorph.amxx] Vote: Voting for the next mod finished. The nextmod will be CScout
L 02/24/2025 - 05:29:53: [polymorph.amxx] Vote: Voting for the nextmap started
L 02/24/2025 - 05:29:54: -------- Mapchange to de_dust2 --------
L 02/24/2025 - 05:29:54: [AMXX] Plugin "poly_csdm_off.amxx" failed to load: Plugin uses an unknown function (name "csdm_set_active") - check your modules.ini.
L 02/24/2025 - 05:29:55: [polymorph.amxx] performance issue. Function plugin_cfg executed more than 1264.8ms.
L 02/24/2025 - 05:47:55: [polymorph.amxx] Vote: Voting for the nextmap started
L 02/24/2025 - 05:48:19: [polymorph.amxx] Vote: Voting for the nextmap finished. The nextmap will be de_inferno
L 02/24/2025 - 05:50:04: -------- Mapchange to de_inferno --------
L 02/24/2025 - 05:50:04: [AMXX] Plugin "poly_csdm_off.amxx" failed to load: Plugin uses an unknown function (name "csdm_set_active") - check your modules.ini.
L 02/24/2025 - 05:50:05: [polymorph.amxx] performance issue. Function plugin_cfg executed more than 1255.7ms.
L 02/24/2025 - 06:08:05: [polymorph.amxx] Vote: Voting for the nextmap started
L 02/24/2025 - 06:08:29: [polymorph.amxx] Vote: Voting for the nextmap finished. The nextmap will be de_dust2
L 02/24/2025 - 06:10:13: -------- Mapchange to de_dust2 --------
L 02/24/2025 - 06:10:13: [AMXX] Plugin "poly_csdm_off.amxx" failed to load: Plugin uses an unknown function (name "csdm_set_active") - check your modules.ini.
L 02/24/2025 - 06:10:15: [polymorph.amxx] performance issue. Function plugin_cfg executed more than 1256.2ms.
L 02/24/2025 - 06:28:15: [polymorph.amxx] Vote: Voting for the next mod started
L 02/24/2025 - 06:28:39: [polymorph.amxx] Vote: Voting for the next mod finished. The nextmod will be Slender
L 02/24/2025 - 06:28:55: [polymorph.amxx] Vote: Voting for the nextmap started
L 02/24/2025 - 06:29:19: [polymorph.amxx] Vote: Voting for the nextmap finished. The nextmap will be de_dust2
L 02/24/2025 - 06:30:23: -------- Mapchange to de_dust2 --------
L 02/24/2025 - 06:30:23: [AMXX] Plugin "poly_csdm_off.amxx" failed to load: Plugin uses an unknown function (name "csdm_set_active") - check your modules.ini.
L 02/24/2025 - 06:30:25: [polymorph.amxx] performance issue. Function plugin_cfg executed more than 1263.2ms.
L 02/24/2025 - 06:51:26: [polymorph.amxx] Vote: Voting for the nextmap started
L 02/24/2025 - 06:51:50: [polymorph.amxx] Vote: Voting for the nextmap finished. The nextmap will be de_aztec
L 02/24/2025 - 06:53:34: -------- Mapchange to de_aztec --------
L 02/24/2025 - 06:53:34: [AMXX] Plugin "poly_csdm_off.amxx" failed to load: Plugin uses an unknown function (name "csdm_set_active") - check your modules.ini.
L 02/24/2025 - 06:53:36: [polymorph.amxx] performance issue. Function plugin_cfg executed more than 1261.3ms.
L 02/24/2025 - 07:14:36: [polymorph.amxx] Vote: Voting for the next mod started
L 02/24/2025 - 07:15:00: [polymorph.amxx] Vote: Voting for the next mod finished. The nextmod will be Banderas
L 02/24/2025 - 07:15:16: [polymorph.amxx] Vote: Voting for the nextmap started
L 02/24/2025 - 07:15:40: [polymorph.amxx] Vote: Voting for the nextmap finished. The nextmap will be de_dust2
L 02/24/2025 - 07:16:44: -------- Mapchange to de_dust2 --------
L 02/24/2025 - 07:16:44: [AMXX] Plugin "poly_csdm_off.amxx" failed to load: Plugin uses an unknown function (name "csdm_set_active") - check your modules.ini.
L 02/24/2025 - 07:16:46: [polymorph.amxx] performance issue. Function plugin_cfg executed more than 1262.6ms.
L 02/24/2025 - 07:34:46: [polymorph.amxx] Vote: Voting for the nextmap started
L 02/24/2025 - 07:35:10: [polymorph.amxx] Vote: Voting for the nextmap finished. The nextmap will be surf_iceday_remake
L 02/24/2025 - 07:36:54: -------- Mapchange to surf_iceday_remake --------
L 02/24/2025 - 07:36:54: [AMXX] Plugin "poly_csdm_off.amxx" failed to load: Plugin uses an unknown function (name "csdm_set_active") - check your modules.ini.
L 02/24/2025 - 07:36:56: [polymorph.amxx] performance issue. Function plugin_cfg executed more than 1257.0ms.
L 02/24/2025 - 07:54:56: [polymorph.amxx] Vote: Voting for the next mod started
L 02/24/2025 - 07:55:20: [polymorph.amxx] Vote: Voting for the next mod finished. The nextmod will be Kreedz-Kz
L 02/24/2025 - 07:55:36: [polymorph.amxx] Vote: Voting for the nextmap started
L 02/24/2025 - 07:56:00: [polymorph.amxx] Vote: Voting for the nextmap finished. The nextmap will be kz_arsacid
L 02/24/2025 - 07:57:04: -------- Mapchange to kz_arsacid --------
L 02/24/2025 - 07:57:04: [AMXX] Plugin "poly_csdm_off.amxx" failed to load: Plugin uses an unknown function (name "csdm_set_active") - check your modules.ini.
L 02/24/2025 - 07:57:04: [kz_jumpplugin.amxx] performance issue. Function plugin_precache executed more than 5.7ms.
L 02/24/2025 - 07:57:05: New section, unterminated block (file "cstrike/addons/amxmodx/data/lang/kz_jumpplugin.txt" key "// Languages in this ML File:" lang "")
L 02/24/2025 - 07:57:05: [kz_jumpplugin.amxx] performance issue. Function plugin_init executed more than 1.2ms.
L 02/24/2025 - 07:57:06: [polymorph.amxx] performance issue. Function plugin_cfg executed more than 1261.7ms.
L 02/24/2025 - 07:57:06: [kz_jumpplugin.amxx] performance issue. Function plugin_cfg executed more than 6.8ms.
L 02/24/2025 - 07:57:06: [uq_jumpstats.amxx] Can't find uq_jumpstats_tops.amxx
L 02/24/2025 - 07:57:09: [admincmd.amxx] Cmd: "PerGAmes MultiModos - Banderas <0><><>" set cvar (name "kz_uq_airaccelerate") (value "100")
L 02/24/2025 - 07:57:10: [kz_jumpplugin.amxx] performance issue. Function createbot executed more than 6.8ms.
L 02/24/2025 - 08:15:06: [polymorph.amxx] Vote: Voting for the nextmap started
L 02/24/2025 - 08:15:30: [polymorph.amxx] Vote: Voting for the nextmap finished. The nextmap will be bkz_goldbhop
L 02/24/2025 - 08:17:14: -------- Mapchange to bkz_goldbhop --------
L 02/24/2025 - 08:17:14: [AMXX] Plugin "poly_csdm_off.amxx" failed to load: Plugin uses an unknown function (name "csdm_set_active") - check your modules.ini.
L 02/24/2025 - 08:17:15: [kz_jumpplugin.amxx] performance issue. Function plugin_precache executed more than 5.7ms.
L 02/24/2025 - 08:17:15: New section, unterminated block (file "cstrike/addons/amxmodx/data/lang/kz_jumpplugin.txt" key "// Languages in this ML File:" lang "")
L 02/24/2025 - 08:17:15: [kz_jumpplugin.amxx] performance issue. Function plugin_init executed more than 1.1ms.
L 02/24/2025 - 08:17:16: [polymorph.amxx] performance issue. Function plugin_cfg executed more than 1262.7ms.
L 02/24/2025 - 08:17:16: [kz_jumpplugin.amxx] performance issue. Function plugin_cfg executed more than 6.8ms.
L 02/24/2025 - 08:17:16: [uq_jumpstats.amxx] Can't find uq_jumpstats_tops.amxx
L 02/24/2025 - 08:17:19: [admincmd.amxx] Cmd: "PerGAmes MultiModos - Kreedz by<0><><>" set cvar (name "kz_uq_airaccelerate") (value "100")
L 02/24/2025 - 08:17:20: [kz_jumpplugin.amxx] performance issue. Function createbot executed more than 6.5ms.
L 02/24/2025 - 08:35:16: [polymorph.amxx] Vote: Voting for the nextmap started
L 02/24/2025 - 08:35:40: [polymorph.amxx] Vote: Voting for the nextmap finished. The nextmap will be kz_arsacid
L 02/24/2025 - 08:37:25: -------- Mapchange to kz_arsacid --------
L 02/24/2025 - 08:37:25: [AMXX] Plugin "poly_csdm_off.amxx" failed to load: Plugin uses an unknown function (name "csdm_set_active") - check your modules.ini.
L 02/24/2025 - 08:37:25: [kz_jumpplugin.amxx] performance issue. Function plugin_precache executed more than 5.7ms.
L 02/24/2025 - 08:37:25: New section, unterminated block (file "cstrike/addons/amxmodx/data/lang/kz_jumpplugin.txt" key "// Languages in this ML File:" lang "")
L 02/24/2025 - 08:37:25: [kz_jumpplugin.amxx] performance issue. Function plugin_init executed more than 1.0ms.
L 02/24/2025 - 08:37:26: [polymorph.amxx] performance issue. Function plugin_cfg executed more than 1265.6ms.
L 02/24/2025 - 08:37:26: [kz_jumpplugin.amxx] performance issue. Function plugin_cfg executed more than 6.9ms.
L 02/24/2025 - 08:37:26: [uq_jumpstats.amxx] Can't find uq_jumpstats_tops.amxx
L 02/24/2025 - 08:37:30: [admincmd.amxx] Cmd: "PerGAmes MultiModos - Kreedz by<0><><>" set cvar (name "kz_uq_airaccelerate") (value "100")
L 02/24/2025 - 08:37:31: [kz_jumpplugin.amxx] performance issue. Function createbot executed more than 5.8ms.
L 02/24/2025 - 08:55:27: [polymorph.amxx] Vote: Voting for the next mod started
L 02/24/2025 - 08:55:51: [polymorph.amxx] Vote: Voting for the next mod finished. The nextmod will be Rubaka
L 02/24/2025 - 08:56:07: [polymorph.amxx] Vote: Voting for the nextmap started
L 02/24/2025 - 08:56:31: [polymorph.amxx] Vote: Voting for the nextmap finished. The nextmap will be rubaka_2forts
L 02/24/2025 - 08:57:35: -------- Mapchange to rubaka_2forts --------
L 02/24/2025 - 08:57:35: [AMXX] Plugin "poly_csdm_off.amxx" failed to load: Plugin uses an unknown function (name "csdm_set_active") - check your modules.ini.
L 02/24/2025 - 08:57:37: [polymorph.amxx] performance issue. Function plugin_cfg executed more than 1252.2ms.
L 02/24/2025 - 09:18:37: [polymorph.amxx] Vote: Voting for the nextmap started
L 02/24/2025 - 09:19:01: [polymorph.amxx] Vote: Voting for the nextmap finished. The nextmap will be 35hp_gx
L 02/24/2025 - 09:19:18: -------- Mapchange to 35hp_gx --------
L 02/24/2025 - 09:19:18: [AMXX] Plugin "poly_csdm_off.amxx" failed to load: Plugin uses an unknown function (name "csdm_set_active") - check your modules.ini.
L 02/24/2025 - 09:19:20: [polymorph.amxx] performance issue. Function plugin_cfg executed more than 1256.1ms.
L 02/24/2025 - 09:40:20: [polymorph.amxx] Vote: Voting for the next mod started
L 02/24/2025 - 09:40:44: [polymorph.amxx] Vote: Voting for the next mod finished. The nextmod will be Vip
L 02/24/2025 - 09:41:00: [polymorph.amxx] Vote: Voting for the nextmap started
L 02/24/2025 - 09:41:01: -------- Mapchange to as_oilrig --------
L 02/24/2025 - 09:41:01: [AMXX] Plugin "poly_csdm_off.amxx" failed to load: Plugin uses an unknown function (name "csdm_set_active") - check your modules.ini.
L 02/24/2025 - 09:41:02: [polymorph.amxx] performance issue. Function plugin_cfg executed more than 1256.9ms.
L 02/24/2025 - 10:04:03: [polymorph.amxx] Vote: Voting for the nextmap started
L 02/24/2025 - 10:04:27: [polymorph.amxx] Vote: Voting for the nextmap finished. The nextmap will be as_crazytank3
L 02/24/2025 - 10:06:11: -------- Mapchange to as_crazytank3 --------
L 02/24/2025 - 10:06:11: [AMXX] Plugin "poly_csdm_off.amxx" failed to load: Plugin uses an unknown function (name "csdm_set_active") - check your modules.ini.
L 02/24/2025 - 10:06:12: [polymorph.amxx] performance issue. Function plugin_cfg executed more than 1256.6ms.
L 02/24/2025 - 10:29:13: [polymorph.amxx] Vote: Voting for the nextmap started
L 02/24/2025 - 10:29:37: [polymorph.amxx] Vote: Voting for the nextmap finished. The nextmap will be as_oilrig
L 02/24/2025 - 10:31:21: -------- Mapchange to as_oilrig --------
L 02/24/2025 - 10:31:21: [AMXX] Plugin "poly_csdm_off.amxx" failed to load: Plugin uses an unknown function (name "csdm_set_active") - check your modules.ini.
L 02/24/2025 - 10:31:22: [polymorph.amxx] performance issue. Function plugin_cfg executed more than 1268.9ms.
L 02/24/2025 - 10:54:23: [polymorph.amxx] Vote: Voting for the next mod started
L 02/24/2025 - 10:54:47: [polymorph.amxx] Vote: Voting for the next mod finished. The nextmod will be CScout
L 02/24/2025 - 10:55:03: [polymorph.amxx] Vote: Voting for the nextmap started
L 02/24/2025 - 10:55:27: [polymorph.amxx] Vote: Voting for the nextmap finished. The nextmap will be de_dust2
L 02/24/2025 - 10:56:31: -------- Mapchange to de_dust2 --------
L 02/24/2025 - 10:56:31: [AMXX] Plugin "poly_csdm_off.amxx" failed to load: Plugin uses an unknown function (name "csdm_set_active") - check your modules.ini.
L 02/24/2025 - 10:56:32: [polymorph.amxx] performance issue. Function plugin_cfg executed more than 1257.1ms.
L 02/24/2025 - 11:14:33: [polymorph.amxx] Vote: Voting for the nextmap started
L 02/24/2025 - 11:14:57: [polymorph.amxx] Vote: Voting for the nextmap finished. The nextmap will be de_inferno
L 02/24/2025 - 11:16:41: -------- Mapchange to de_inferno --------
L 02/24/2025 - 11:16:41: [AMXX] Plugin "poly_csdm_off.amxx" failed to load: Plugin uses an unknown function (name "csdm_set_active") - check your modules.ini.
L 02/24/2025 - 11:16:42: [polymorph.amxx] performance issue. Function plugin_cfg executed more than 1247.0ms.
L 02/24/2025 - 11:34:43: [polymorph.amxx] Vote: Voting for the nextmap started
L 02/24/2025 - 11:35:07: [polymorph.amxx] Vote: Voting for the nextmap finished. The nextmap will be de_dust2
L 02/24/2025 - 11:36:51: -------- Mapchange to de_dust2 --------
L 02/24/2025 - 11:36:51: [AMXX] Plugin "poly_csdm_off.amxx" failed to load: Plugin uses an unknown function (name "csdm_set_active") - check your modules.ini.
L 02/24/2025 - 11:36:52: [polymorph.amxx] performance issue. Function plugin_cfg executed more than 1266.3ms.
L 02/24/2025 - 11:54:53: [polymorph.amxx] Vote: Voting for the next mod started
L 02/24/2025 - 11:55:17: [polymorph.amxx] Vote: Voting for the next mod finished. The nextmod will be HideN-Seek
L 02/24/2025 - 11:55:33: [polymorph.amxx] Vote: Voting for the nextmap started
L 02/24/2025 - 11:55:57: [polymorph.amxx] Vote: Voting for the nextmap finished. The nextmap will be cs_estate
L 02/24/2025 - 11:57:01: -------- Mapchange to cs_estate --------
L 02/24/2025 - 11:57:01: [AMXX] Plugin "poly_csdm_off.amxx" failed to load: Plugin uses an unknown function (name "csdm_set_active") - check your modules.ini.
L 02/24/2025 - 11:57:02: [polymorph.amxx] performance issue. Function plugin_cfg executed more than 1251.6ms.
L 02/24/2025 - 11:57:02: [uq_jumpstats.amxx] Can't find uq_jumpstats_tops.amxx
L 02/24/2025 - 12:12:03: [polymorph.amxx] Vote: Voting for the nextmap started
L 02/24/2025 - 12:12:27: [polymorph.amxx] Vote: Voting for the nextmap finished. The nextmap will be de_dust
L 02/24/2025 - 12:14:11: -------- Mapchange to de_dust --------
L 02/24/2025 - 12:14:11: [AMXX] Plugin "poly_csdm_off.amxx" failed to load: Plugin uses an unknown function (name "csdm_set_active") - check your modules.ini.
L 02/24/2025 - 12:14:13: [polymorph.amxx] performance issue. Function plugin_cfg executed more than 1260.4ms.
L 02/24/2025 - 12:14:13: [uq_jumpstats.amxx] Can't find uq_jumpstats_tops.amxx
L 02/24/2025 - 12:29:13: [polymorph.amxx] Vote: Voting for the next mod started
L 02/24/2025 - 12:29:37: [polymorph.amxx] Vote: Voting for the next mod finished. The nextmod will be Vip
L 02/24/2025 - 12:29:53: [polymorph.amxx] Vote: Voting for the nextmap started
L 02/24/2025 - 12:30:17: [polymorph.amxx] Vote: Voting for the nextmap finished. The nextmap will be as_oilrig
L 02/24/2025 - 12:31:21: -------- Mapchange to as_oilrig --------
L 02/24/2025 - 12:31:21: [AMXX] Plugin "poly_csdm_off.amxx" failed to load: Plugin uses an unknown function (name "csdm_set_active") - check your modules.ini.
L 02/24/2025 - 12:31:23: [polymorph.amxx] performance issue. Function plugin_cfg executed more than 1273.7ms.
L 02/24/2025 - 12:54:23: [polymorph.amxx] Vote: Voting for the nextmap started
L 02/24/2025 - 12:54:47: [polymorph.amxx] Vote: Voting for the nextmap finished. The nextmap will be as_crazytank3
L 02/24/2025 - 12:56:31: -------- Mapchange to as_crazytank3 --------
L 02/24/2025 - 12:56:31: [AMXX] Plugin "poly_csdm_off.amxx" failed to load: Plugin uses an unknown function (name "csdm_set_active") - check your modules.ini.
L 02/24/2025 - 12:56:33: [polymorph.amxx] performance issue. Function plugin_cfg executed more than 1259.9ms.
L 02/24/2025 - 13:19:33: [polymorph.amxx] Vote: Voting for the nextmap started
L 02/24/2025 - 13:19:57: [polymorph.amxx] Vote: Voting for the nextmap finished. The nextmap will be as_oilrig
L 02/24/2025 - 13:21:41: -------- Mapchange to as_oilrig --------
L 02/24/2025 - 13:21:41: [AMXX] Plugin "poly_csdm_off.amxx" failed to load: Plugin uses an unknown function (name "csdm_set_active") - check your modules.ini.
L 02/24/2025 - 13:21:43: [polymorph.amxx] performance issue. Function plugin_cfg executed more than 1251.0ms.
L 02/24/2025 - 13:44:43: [polymorph.amxx] Vote: Voting for the next mod started
L 02/24/2025 - 13:45:07: [polymorph.amxx] Vote: Voting for the next mod finished. The nextmod will be Slender
L 02/24/2025 - 13:45:23: [polymorph.amxx] Vote: Voting for the nextmap started
L 02/24/2025 - 13:45:47: [polymorph.amxx] Vote: Voting for the nextmap finished. The nextmap will be de_dust2
L 02/24/2025 - 13:46:51: -------- Mapchange to de_dust2 --------
L 02/24/2025 - 13:46:51: [AMXX] Plugin "poly_csdm_off.amxx" failed to load: Plugin uses an unknown function (name "csdm_set_active") - check your modules.ini.
L 02/24/2025 - 13:46:53: [polymorph.amxx] performance issue. Function plugin_cfg executed more than 1264.9ms.
L 02/24/2025 - 14:07:53: [polymorph.amxx] Vote: Voting for the nextmap started
L 02/24/2025 - 14:08:17: [polymorph.amxx] Vote: Voting for the nextmap finished. The nextmap will be de_aztec
L 02/24/2025 - 14:10:01: -------- Mapchange to de_aztec --------
L 02/24/2025 - 14:10:01: [AMXX] Plugin "poly_csdm_off.amxx" failed to load: Plugin uses an unknown function (name "csdm_set_active") - check your modules.ini.
L 02/24/2025 - 14:10:03: [polymorph.amxx] performance issue. Function plugin_cfg executed more than 1256.8ms.
L 02/24/2025 - 14:31:03: [polymorph.amxx] Vote: Voting for the next mod started
L 02/24/2025 - 14:31:27: [polymorph.amxx] Vote: Voting for the next mod finished. The nextmod will be Slender
L 02/24/2025 - 14:31:43: [polymorph.amxx] Vote: Voting for the nextmap started
L 02/24/2025 - 14:32:07: [polymorph.amxx] Vote: Voting for the nextmap finished. The nextmap will be de_dust2
L 02/24/2025 - 14:33:11: -------- Mapchange to de_dust2 --------
L 02/24/2025 - 14:33:11: [AMXX] Plugin "poly_csdm_off.amxx" failed to load: Plugin uses an unknown function (name "csdm_set_active") - check your modules.ini.
L 02/24/2025 - 14:33:13: [polymorph.amxx] performance issue. Function plugin_cfg executed more than 1265.0ms.
L 02/24/2025 - 14:54:13: [polymorph.amxx] Vote: Voting for the nextmap started
L 02/24/2025 - 14:54:37: [polymorph.amxx] Vote: Voting for the nextmap finished. The nextmap will be de_aztec
L 02/24/2025 - 14:56:21: -------- Mapchange to de_aztec --------
L 02/24/2025 - 14:56:21: [AMXX] Plugin "poly_csdm_off.amxx" failed to load: Plugin uses an unknown function (name "csdm_set_active") - check your modules.ini.
L 02/24/2025 - 14:56:23: [polymorph.amxx] performance issue. Function plugin_cfg executed more than 1255.3ms.
L 02/24/2025 - 15:17:23: [polymorph.amxx] Vote: Voting for the next mod started
L 02/24/2025 - 15:17:47: [polymorph.amxx] Vote: Voting for the next mod finished. The nextmod will be Free-For-All
L 02/24/2025 - 15:18:03: [polymorph.amxx] Vote: Voting for the nextmap started
L 02/24/2025 - 15:18:27: [polymorph.amxx] Vote: Voting for the nextmap finished. The nextmap will be cs_assault
L 02/24/2025 - 15:19:31: -------- Mapchange to cs_assault --------
L 02/24/2025 - 15:19:31: [AMXX] Plugin "poly_csdm_off.amxx" failed to load: Plugin uses an unknown function (name "csdm_set_active") - check your modules.ini.
L 02/24/2025 - 15:19:33: [polymorph.amxx] performance issue. Function plugin_cfg executed more than 1264.2ms.
L 02/24/2025 - 15:36:33: [polymorph.amxx] Vote: Voting for the nextmap started
L 02/24/2025 - 15:36:57: [polymorph.amxx] Vote: Voting for the nextmap finished. The nextmap will be de_chateau
L 02/24/2025 - 15:38:41: -------- Mapchange to de_chateau --------
L 02/24/2025 - 15:38:41: [AMXX] Plugin "poly_csdm_off.amxx" failed to load: Plugin uses an unknown function (name "csdm_set_active") - check your modules.ini.
L 02/24/2025 - 15:38:43: [polymorph.amxx] performance issue. Function plugin_cfg executed more than 1256.3ms.
L 02/24/2025 - 15:55:43: [polymorph.amxx] Vote: Voting for the nextmap started
L 02/24/2025 - 15:56:07: [polymorph.amxx] Vote: Voting for the nextmap finished. The nextmap will be cs_assault
L 02/24/2025 - 15:57:51: -------- Mapchange to cs_assault --------
L 02/24/2025 - 15:57:51: [AMXX] Plugin "poly_csdm_off.amxx" failed to load: Plugin uses an unknown function (name "csdm_set_active") - check your modules.ini.
L 02/24/2025 - 15:57:53: [polymorph.amxx] performance issue. Function plugin_cfg executed more than 1260.2ms.
L 02/24/2025 - 16:14:53: [polymorph.amxx] Vote: Voting for the next mod started
L 02/24/2025 - 16:15:17: [polymorph.amxx] Vote: Voting for the next mod finished. The nextmod will be HideN-Seek
L 02/24/2025 - 16:15:33: [polymorph.amxx] Vote: Voting for the nextmap started
L 02/24/2025 - 16:15:57: [polymorph.amxx] Vote: Voting for the nextmap finished. The nextmap will be cs_estate
L 02/24/2025 - 16:17:01: -------- Mapchange to cs_estate --------
L 02/24/2025 - 16:17:01: [AMXX] Plugin "poly_csdm_off.amxx" failed to load: Plugin uses an unknown function (name "csdm_set_active") - check your modules.ini.
L 02/24/2025 - 16:17:03: [polymorph.amxx] performance issue. Function plugin_cfg executed more than 1254.7ms.
L 02/24/2025 - 16:17:03: [uq_jumpstats.amxx] Can't find uq_jumpstats_tops.amxx
L 02/24/2025 - 16:32:03: [polymorph.amxx] Vote: Voting for the nextmap started
L 02/24/2025 - 16:32:27: [polymorph.amxx] Vote: Voting for the nextmap finished. The nextmap will be de_dust
L 02/24/2025 - 16:34:11: -------- Mapchange to de_dust --------
L 02/24/2025 - 16:34:12: [AMXX] Plugin "poly_csdm_off.amxx" failed to load: Plugin uses an unknown function (name "csdm_set_active") - check your modules.ini.
L 02/24/2025 - 16:34:15: [polymorph.amxx] performance issue. Function plugin_cfg executed more than 1794.4ms.
L 02/24/2025 - 16:34:15: [uq_jumpstats.amxx] Can't find uq_jumpstats_tops.amxx
L 02/24/2025 - 16:49:16: [polymorph.amxx] Vote: Voting for the next mod started
L 02/24/2025 - 16:49:40: [polymorph.amxx] Vote: Voting for the next mod finished. The nextmod will be Zombie-Plague
L 02/24/2025 - 16:49:56: [polymorph.amxx] Vote: Voting for the nextmap started
L 02/24/2025 - 16:50:20: [polymorph.amxx] Vote: Voting for the nextmap finished. The nextmap will be zm_ice_attack
L 02/24/2025 - 16:51:24: -------- Mapchange to zm_ice_attack --------
L 02/24/2025 - 16:51:24: [AMXX] Plugin "poly_csdm_off.amxx" failed to load: Plugin uses an unknown function (name "csdm_set_active") - check your modules.ini.
L 02/24/2025 - 16:51:24: [zombie_plague43.amxx] performance issue. Function plugin_precache executed more than 61.3ms.
L 02/24/2025 - 16:51:24: [zombie_plague43.amxx] performance issue. Function native_register_zombie_class executed more than 3.7ms.
L 02/24/2025 - 16:51:24: [zombie_plague43.amxx] performance issue. Function native_register_zombie_class executed more than 6.4ms.
L 02/24/2025 - 16:51:24: [zombie_plague43.amxx] performance issue. Function native_register_zombie_class executed more than 5.0ms.
L 02/24/2025 - 16:51:24: [zombie_plague43.amxx] performance issue. Function native_register_zombie_class executed more than 3.5ms.
L 02/24/2025 - 16:51:24: [zombie_plague43.amxx] performance issue. Function native_register_zombie_class executed more than 3.6ms.
L 02/24/2025 - 16:51:24: [zombie_plague43.amxx] performance issue. Function native_register_zombie_class executed more than 6.6ms.
L 02/24/2025 - 16:51:24: [zombie_plague43.amxx] performance issue. Function native_register_zombie_class executed more than 2.2ms.
L 02/24/2025 - 16:51:24: [zombie_plague43.amxx] performance issue. Function native_register_zombie_class executed more than 5.6ms.
L 02/24/2025 - 16:51:24: [zombie_plague43.amxx] performance issue. Function plugin_init executed more than 3.8ms.
L 02/24/2025 - 16:51:25: [polymorph.amxx] performance issue. Function plugin_cfg executed more than 1251.6ms.
L 02/24/2025 - 17:10:26: [polymorph.amxx] Vote: Voting for the nextmap started
L 02/24/2025 - 17:10:50: [polymorph.amxx] Vote: Voting for the nextmap finished. The nextmap will be zm_toronto
L 02/24/2025 - 17:12:34: -------- Mapchange to zm_toronto --------
L 02/24/2025 - 17:12:34: [AMXX] Plugin "poly_csdm_off.amxx" failed to load: Plugin uses an unknown function (name "csdm_set_active") - check your modules.ini.
L 02/24/2025 - 17:12:34: [zombie_plague43.amxx] performance issue. Function plugin_precache executed more than 61.0ms.
L 02/24/2025 - 17:12:34: [zombie_plague43.amxx] performance issue. Function native_register_zombie_class executed more than 3.7ms.
L 02/24/2025 - 17:12:34: [zombie_plague43.amxx] performance issue. Function native_register_zombie_class executed more than 6.4ms.
L 02/24/2025 - 17:12:34: [zombie_plague43.amxx] performance issue. Function native_register_zombie_class executed more than 5.0ms.
L 02/24/2025 - 17:12:34: [zombie_plague43.amxx] performance issue. Function native_register_zombie_class executed more than 3.5ms.
L 02/24/2025 - 17:12:34: [zombie_plague43.amxx] performance issue. Function native_register_zombie_class executed more than 3.6ms.
L 02/24/2025 - 17:12:34: [zombie_plague43.amxx] performance issue. Function native_register_zombie_class executed more than 6.6ms.
L 02/24/2025 - 17:12:34: [zombie_plague43.amxx] performance issue. Function native_register_zombie_class executed more than 2.2ms.
L 02/24/2025 - 17:12:34: [zombie_plague43.amxx] performance issue. Function native_register_zombie_class executed more than 5.5ms.
L 02/24/2025 - 17:12:35: [zombie_plague43.amxx] performance issue. Function plugin_init executed more than 3.7ms.
L 02/24/2025 - 17:12:36: [polymorph.amxx] performance issue. Function plugin_cfg executed more than 1253.7ms.
L 02/24/2025 - 17:31:36: [polymorph.amxx] Vote: Voting for the nextmap started
L 02/24/2025 - 17:32:00: [polymorph.amxx] Vote: Voting for the nextmap finished. The nextmap will be zm_ice_attack
L 02/24/2025 - 17:33:44: -------- Mapchange to zm_ice_attack --------
L 02/24/2025 - 17:33:44: [AMXX] Plugin "poly_csdm_off.amxx" failed to load: Plugin uses an unknown function (name "csdm_set_active") - check your modules.ini.
L 02/24/2025 - 17:33:45: [zombie_plague43.amxx] performance issue. Function plugin_precache executed more than 61.0ms.
L 02/24/2025 - 17:33:45: [zombie_plague43.amxx] performance issue. Function native_register_zombie_class executed more than 3.7ms.
L 02/24/2025 - 17:33:45: [zombie_plague43.amxx] performance issue. Function native_register_zombie_class executed more than 6.4ms.
L 02/24/2025 - 17:33:45: [zombie_plague43.amxx] performance issue. Function native_register_zombie_class executed more than 5.0ms.
L 02/24/2025 - 17:33:45: [zombie_plague43.amxx] performance issue. Function native_register_zombie_class executed more than 3.5ms.
L 02/24/2025 - 17:33:45: [zombie_plague43.amxx] performance issue. Function native_register_zombie_class executed more than 3.6ms.
L 02/24/2025 - 17:33:45: [zombie_plague43.amxx] performance issue. Function native_register_zombie_class executed more than 6.6ms.
L 02/24/2025 - 17:33:45: [zombie_plague43.amxx] performance issue. Function native_register_zombie_class executed more than 2.2ms.
L 02/24/2025 - 17:33:45: [zombie_plague43.amxx] performance issue. Function native_register_zombie_class executed more than 5.6ms.
L 02/24/2025 - 17:33:45: [zombie_plague43.amxx] performance issue. Function plugin_init executed more than 4.5ms.
L 02/24/2025 - 17:33:46: [polymorph.amxx] performance issue. Function plugin_cfg executed more than 1251.0ms.
L 02/24/2025 - 17:52:47: [polymorph.amxx] Vote: Voting for the next mod started
L 02/24/2025 - 17:53:11: [polymorph.amxx] Vote: Voting for the next mod finished. The nextmod will be Free-For-All
L 02/24/2025 - 17:53:27: [polymorph.amxx] Vote: Voting for the nextmap started
L 02/24/2025 - 17:53:51: [polymorph.amxx] Vote: Voting for the nextmap finished. The nextmap will be cs_assault
L 02/24/2025 - 17:54:55: -------- Mapchange to cs_assault --------
L 02/24/2025 - 17:54:55: [AMXX] Plugin "poly_csdm_off.amxx" failed to load: Plugin uses an unknown function (name "csdm_set_active") - check your modules.ini.
L 02/24/2025 - 17:54:56: [polymorph.amxx] performance issue. Function plugin_cfg executed more than 1260.2ms.
L 02/24/2025 - 18:11:56: [polymorph.amxx] Vote: Voting for the nextmap started
L 02/24/2025 - 18:12:20: [polymorph.amxx] Vote: Voting for the nextmap finished. The nextmap will be de_chateau
L 02/24/2025 - 18:14:04: -------- Mapchange to de_chateau --------
L 02/24/2025 - 18:14:05: [AMXX] Plugin "poly_csdm_off.amxx" failed to load: Plugin uses an unknown function (name "csdm_set_active") - check your modules.ini.
L 02/24/2025 - 18:14:06: [polymorph.amxx] performance issue. Function plugin_cfg executed more than 1270.6ms.
L 02/24/2025 - 18:31:06: [polymorph.amxx] Vote: Voting for the nextmap started
L 02/24/2025 - 18:31:30: [polymorph.amxx] Vote: Voting for the nextmap finished. The nextmap will be cs_assault
L 02/24/2025 - 18:33:14: -------- Mapchange to cs_assault --------
L 02/24/2025 - 18:33:14: [AMXX] Plugin "poly_csdm_off.amxx" failed to load: Plugin uses an unknown function (name "csdm_set_active") - check your modules.ini.
L 02/24/2025 - 18:33:16: [polymorph.amxx] performance issue. Function plugin_cfg executed more than 1259.9ms.
L 02/24/2025 - 18:50:16: [polymorph.amxx] Vote: Voting for the next mod started
L 02/24/2025 - 18:50:40: [polymorph.amxx] Vote: Voting for the next mod finished. The nextmod will be Rubaka
L 02/24/2025 - 18:50:56: [polymorph.amxx] Vote: Voting for the nextmap started
L 02/24/2025 - 18:51:20: [polymorph.amxx] Vote: Voting for the nextmap finished. The nextmap will be rubaka_2forts
L 02/24/2025 - 18:52:24: -------- Mapchange to rubaka_2forts --------
L 02/24/2025 - 18:52:24: [AMXX] Plugin "poly_csdm_off.amxx" failed to load: Plugin uses an unknown function (name "csdm_set_active") - check your modules.ini.
L 02/24/2025 - 18:52:26: [polymorph.amxx] performance issue. Function plugin_cfg executed more than 1261.1ms.
L 02/24/2025 - 19:13:26: [polymorph.amxx] Vote: Voting for the nextmap started
L 02/24/2025 - 19:13:50: [polymorph.amxx] Vote: Voting for the nextmap finished. The nextmap will be rubaka_arena
L 02/24/2025 - 19:14:07: -------- Mapchange to rubaka_arena --------
L 02/24/2025 - 19:14:08: [AMXX] Plugin "poly_csdm_off.amxx" failed to load: Plugin uses an unknown function (name "csdm_set_active") - check your modules.ini.
L 02/24/2025 - 19:14:13: [polymorph.amxx] performance issue. Function plugin_cfg executed more than 3976.7ms.
L 02/24/2025 - 19:35:13: [polymorph.amxx] Vote: Voting for the next mod started
L 02/24/2025 - 19:35:37: [polymorph.amxx] Vote: Voting for the next mod finished. The nextmod will be Bomberman
L 02/24/2025 - 19:35:53: [polymorph.amxx] Vote: Voting for the nextmap started
L 02/24/2025 - 19:35:54: -------- Mapchange to bomberman_final --------
L 02/24/2025 - 19:35:54: [AMXX] Plugin "poly_csdm_off.amxx" failed to load: Plugin uses an unknown function (name "csdm_set_active") - check your modules.ini.
L 02/24/2025 - 19:35:56: [polymorph.amxx] performance issue. Function plugin_cfg executed more than 1247.5ms.
L 02/24/2025 - 19:49:56: [polymorph.amxx] Vote: Voting for the next mod started
L 02/24/2025 - 19:50:20: [polymorph.amxx] Vote: Voting for the next mod finished. The nextmod will be Vip
L 02/24/2025 - 19:50:36: [polymorph.amxx] Vote: Voting for the nextmap started
L 02/24/2025 - 19:51:00: [polymorph.amxx] Vote: Voting for the nextmap finished. The nextmap will be as_oilrig
L 02/24/2025 - 19:52:04: -------- Mapchange to as_oilrig --------
L 02/24/2025 - 19:52:04: [AMXX] Plugin "poly_csdm_off.amxx" failed to load: Plugin uses an unknown function (name "csdm_set_active") - check your modules.ini.
L 02/24/2025 - 19:52:09: [polymorph.amxx] performance issue. Function plugin_cfg executed more than 4059.0ms.
L 02/24/2025 - 20:15:11: [polymorph.amxx] Vote: Voting for the nextmap started
L 02/24/2025 - 20:15:35: [polymorph.amxx] Vote: Voting for the nextmap finished. The nextmap will be as_crazytank3
L 02/24/2025 - 20:17:19: -------- Mapchange to as_crazytank3 --------
L 02/24/2025 - 20:17:19: [AMXX] Plugin "poly_csdm_off.amxx" failed to load: Plugin uses an unknown function (name "csdm_set_active") - check your modules.ini.
L 02/24/2025 - 20:17:20: [polymorph.amxx] performance issue. Function plugin_cfg executed more than 1264.6ms.
L 02/24/2025 - 20:40:21: [polymorph.amxx] Vote: Voting for the nextmap started
L 02/24/2025 - 20:40:45: [polymorph.amxx] Vote: Voting for the nextmap finished. The nextmap will be as_oilrig
L 02/24/2025 - 20:42:29: -------- Mapchange to as_oilrig --------
L 02/24/2025 - 20:42:29: [AMXX] Plugin "poly_csdm_off.amxx" failed to load: Plugin uses an unknown function (name "csdm_set_active") - check your modules.ini.
L 02/24/2025 - 20:42:30: [polymorph.amxx] performance issue. Function plugin_cfg executed more than 1254.0ms.
L 02/24/2025 - 21:05:31: [polymorph.amxx] Vote: Voting for the next mod started
L 02/24/2025 - 21:05:55: [polymorph.amxx] Vote: Voting for the next mod finished. The nextmod will be Free-For-All
L 02/24/2025 - 21:06:11: [polymorph.amxx] Vote: Voting for the nextmap started
L 02/24/2025 - 21:06:35: [polymorph.amxx] Vote: Voting for the nextmap finished. The nextmap will be cs_assault
L 02/24/2025 - 21:07:39: -------- Mapchange to cs_assault --------
L 02/24/2025 - 21:07:39: [AMXX] Plugin "poly_csdm_off.amxx" failed to load: Plugin uses an unknown function (name "csdm_set_active") - check your modules.ini.
L 02/24/2025 - 21:07:40: [polymorph.amxx] performance issue. Function plugin_cfg executed more than 1284.4ms.
L 02/24/2025 - 21:24:40: [polymorph.amxx] Vote: Voting for the nextmap started
L 02/24/2025 - 21:25:04: [polymorph.amxx] Vote: Voting for the nextmap finished. The nextmap will be de_chateau
L 02/24/2025 - 21:26:48: -------- Mapchange to de_chateau --------
L 02/24/2025 - 21:26:48: [AMXX] Plugin "poly_csdm_off.amxx" failed to load: Plugin uses an unknown function (name "csdm_set_active") - check your modules.ini.
L 02/24/2025 - 21:26:50: [polymorph.amxx] performance issue. Function plugin_cfg executed more than 1254.0ms.
L 02/24/2025 - 21:43:50: [polymorph.amxx] Vote: Voting for the nextmap started
L 02/24/2025 - 21:44:14: [polymorph.amxx] Vote: Voting for the nextmap finished. The nextmap will be cs_assault
L 02/24/2025 - 21:45:58: -------- Mapchange to cs_assault --------
L 02/24/2025 - 21:45:58: [AMXX] Plugin "poly_csdm_off.amxx" failed to load: Plugin uses an unknown function (name "csdm_set_active") - check your modules.ini.
L 02/24/2025 - 21:46:00: [polymorph.amxx] performance issue. Function plugin_cfg executed more than 1256.4ms.
L 02/24/2025 - 22:03:00: [polymorph.amxx] Vote: Voting for the next mod started
L 02/24/2025 - 22:03:24: [polymorph.amxx] Vote: Voting for the next mod finished. The nextmod will be Free-For-All
L 02/24/2025 - 22:03:40: [polymorph.amxx] Vote: Voting for the nextmap started
L 02/24/2025 - 22:04:04: [polymorph.amxx] Vote: Voting for the nextmap finished. The nextmap will be de_chateau
L 02/24/2025 - 22:05:08: -------- Mapchange to de_chateau --------
L 02/24/2025 - 22:05:08: [AMXX] Plugin "poly_csdm_off.amxx" failed to load: Plugin uses an unknown function (name "csdm_set_active") - check your modules.ini.
L 02/24/2025 - 22:05:10: [polymorph.amxx] performance issue. Function plugin_cfg executed more than 1261.5ms.
L 02/24/2025 - 22:22:10: [polymorph.amxx] Vote: Voting for the nextmap started
L 02/24/2025 - 22:22:34: [polymorph.amxx] Vote: Voting for the nextmap finished. The nextmap will be cs_assault
L 02/24/2025 - 22:24:18: -------- Mapchange to cs_assault --------
L 02/24/2025 - 22:24:18: [AMXX] Plugin "poly_csdm_off.amxx" failed to load: Plugin uses an unknown function (name "csdm_set_active") - check your modules.ini.
L 02/24/2025 - 22:24:20: [polymorph.amxx] performance issue. Function plugin_cfg executed more than 1256.3ms.
L 02/24/2025 - 22:41:20: [polymorph.amxx] Vote: Voting for the nextmap started
L 02/24/2025 - 22:41:44: [polymorph.amxx] Vote: Voting for the nextmap finished. The nextmap will be de_chateau
L 02/24/2025 - 22:43:28: -------- Mapchange to de_chateau --------
L 02/24/2025 - 22:43:28: [AMXX] Plugin "poly_csdm_off.amxx" failed to load: Plugin uses an unknown function (name "csdm_set_active") - check your modules.ini.
L 02/24/2025 - 22:43:30: [polymorph.amxx] performance issue. Function plugin_cfg executed more than 1256.5ms.
L 02/24/2025 - 23:00:30: [polymorph.amxx] Vote: Voting for the next mod started
L 02/24/2025 - 23:00:54: [polymorph.amxx] Vote: Voting for the next mod finished. The nextmod will be Banderas
L 02/24/2025 - 23:01:10: [polymorph.amxx] Vote: Voting for the nextmap started
L 02/24/2025 - 23:01:34: [polymorph.amxx] Vote: Voting for the nextmap finished. The nextmap will be de_dust2
L 02/24/2025 - 23:02:38: -------- Mapchange to de_dust2 --------
L 02/24/2025 - 23:02:38: [AMXX] Plugin "poly_csdm_off.amxx" failed to load: Plugin uses an unknown function (name "csdm_set_active") - check your modules.ini.
L 02/24/2025 - 23:02:40: [polymorph.amxx] performance issue. Function plugin_cfg executed more than 1261.0ms.
L 02/24/2025 - 23:20:40: [polymorph.amxx] Vote: Voting for the nextmap started
L 02/24/2025 - 23:21:04: [polymorph.amxx] Vote: Voting for the nextmap finished. The nextmap will be surf_iceday_remake
L 02/24/2025 - 23:22:48: -------- Mapchange to surf_iceday_remake --------
L 02/24/2025 - 23:22:48: [AMXX] Plugin "poly_csdm_off.amxx" failed to load: Plugin uses an unknown function (name "csdm_set_active") - check your modules.ini.
L 02/24/2025 - 23:22:50: [polymorph.amxx] performance issue. Function plugin_cfg executed more than 1262.8ms.
L 02/24/2025 - 23:40:50: [polymorph.amxx] Vote: Voting for the next mod started
L 02/24/2025 - 23:41:14: [polymorph.amxx] Vote: Voting for the next mod finished. The nextmod will be Free-For-All
L 02/24/2025 - 23:41:30: [polymorph.amxx] Vote: Voting for the nextmap started
L 02/24/2025 - 23:41:54: [polymorph.amxx] Vote: Voting for the nextmap finished. The nextmap will be cs_assault
L 02/24/2025 - 23:42:58: -------- Mapchange to cs_assault --------
L 02/24/2025 - 23:42:58: [AMXX] Plugin "poly_csdm_off.amxx" failed to load: Plugin uses an unknown function (name "csdm_set_active") - check your modules.ini.
L 02/24/2025 - 23:43:00: [polymorph.amxx] performance issue. Function plugin_cfg executed more than 1259.2ms.
