L 02/28/2025 - 00:16:35: [polymorph.amxx] Vote: Voting for the nextmap started
L 02/28/2025 - 00:16:59: [polymorph.amxx] Vote: Voting for the nextmap finished. The nextmap will be de_dust2
L 02/28/2025 - 00:18:43: -------- Mapchange to de_dust2 --------
L 02/28/2025 - 00:18:43: [AMXX] Plugin "poly_csdm_off.amxx" failed to load: Plugin uses an unknown function (name "csdm_set_active") - check your modules.ini.
L 02/28/2025 - 00:18:44: [polymorph.amxx] performance issue. Function plugin_cfg executed more than 1252.7ms.
L 02/28/2025 - 00:36:44: [polymorph.amxx] Vote: Voting for the next mod started
L 02/28/2025 - 00:37:08: [polymorph.amxx] Vote: Voting for the next mod finished. The nextmod will be Free-For-All
L 02/28/2025 - 00:37:24: [polymorph.amxx] Vote: Voting for the nextmap started
L 02/28/2025 - 00:37:49: [polymorph.amxx] Vote: Voting for the nextmap finished. The nextmap will be cs_assault
L 02/28/2025 - 00:38:52: -------- Mapchange to cs_assault --------
L 02/28/2025 - 00:38:53: [AMXX] Plugin "poly_csdm_off.amxx" failed to load: Plugin uses an unknown function (name "csdm_set_active") - check your modules.ini.
L 02/28/2025 - 00:38:54: [polymorph.amxx] performance issue. Function plugin_cfg executed more than 1262.7ms.
L 02/28/2025 - 00:55:54: [polymorph.amxx] Vote: Voting for the nextmap started
L 02/28/2025 - 00:56:18: [polymorph.amxx] Vote: Voting for the nextmap finished. The nextmap will be de_chateau
L 02/28/2025 - 00:58:02: -------- Mapchange to de_chateau --------
L 02/28/2025 - 00:58:02: [AMXX] Plugin "poly_csdm_off.amxx" failed to load: Plugin uses an unknown function (name "csdm_set_active") - check your modules.ini.
L 02/28/2025 - 00:58:04: [polymorph.amxx] performance issue. Function plugin_cfg executed more than 1255.8ms.
L 02/28/2025 - 01:15:04: [polymorph.amxx] Vote: Voting for the nextmap started
L 02/28/2025 - 01:15:28: [polymorph.amxx] Vote: Voting for the nextmap finished. The nextmap will be cs_assault
L 02/28/2025 - 01:17:12: -------- Mapchange to cs_assault --------
L 02/28/2025 - 01:17:12: [AMXX] Plugin "poly_csdm_off.amxx" failed to load: Plugin uses an unknown function (name "csdm_set_active") - check your modules.ini.
L 02/28/2025 - 01:17:14: [polymorph.amxx] performance issue. Function plugin_cfg executed more than 1269.2ms.
L 02/28/2025 - 01:34:14: [polymorph.amxx] Vote: Voting for the next mod started
L 02/28/2025 - 01:34:38: [polymorph.amxx] Vote: Voting for the next mod finished. The nextmod will be CScout
L 02/28/2025 - 01:34:54: [polymorph.amxx] Vote: Voting for the nextmap started
L 02/28/2025 - 01:35:18: [polymorph.amxx] Vote: Voting for the nextmap finished. The nextmap will be de_dust2
L 02/28/2025 - 01:36:22: -------- Mapchange to de_dust2 --------
L 02/28/2025 - 01:36:22: [AMXX] Plugin "poly_csdm_off.amxx" failed to load: Plugin uses an unknown function (name "csdm_set_active") - check your modules.ini.
L 02/28/2025 - 01:36:24: [polymorph.amxx] performance issue. Function plugin_cfg executed more than 1268.7ms.
L 02/28/2025 - 01:54:24: [polymorph.amxx] Vote: Voting for the nextmap started
L 02/28/2025 - 01:54:48: [polymorph.amxx] Vote: Voting for the nextmap finished. The nextmap will be de_inferno
L 02/28/2025 - 01:56:32: -------- Mapchange to de_inferno --------
L 02/28/2025 - 01:56:32: [AMXX] Plugin "poly_csdm_off.amxx" failed to load: Plugin uses an unknown function (name "csdm_set_active") - check your modules.ini.
L 02/28/2025 - 01:56:34: [polymorph.amxx] performance issue. Function plugin_cfg executed more than 1247.0ms.
L 02/28/2025 - 02:14:34: [polymorph.amxx] Vote: Voting for the nextmap started
L 02/28/2025 - 02:14:58: [polymorph.amxx] Vote: Voting for the nextmap finished. The nextmap will be de_dust2
L 02/28/2025 - 02:16:42: -------- Mapchange to de_dust2 --------
L 02/28/2025 - 02:16:42: [AMXX] Plugin "poly_csdm_off.amxx" failed to load: Plugin uses an unknown function (name "csdm_set_active") - check your modules.ini.
L 02/28/2025 - 02:16:44: [polymorph.amxx] performance issue. Function plugin_cfg executed more than 1258.8ms.
L 02/28/2025 - 02:34:44: [polymorph.amxx] Vote: Voting for the next mod started
L 02/28/2025 - 02:35:08: [polymorph.amxx] Vote: Voting for the next mod finished. The nextmod will be CScout
L 02/28/2025 - 02:35:24: [polymorph.amxx] Vote: Voting for the nextmap started
L 02/28/2025 - 02:35:48: [polymorph.amxx] Vote: Voting for the nextmap finished. The nextmap will be de_inferno
L 02/28/2025 - 02:36:52: -------- Mapchange to de_inferno --------
L 02/28/2025 - 02:36:52: [AMXX] Plugin "poly_csdm_off.amxx" failed to load: Plugin uses an unknown function (name "csdm_set_active") - check your modules.ini.
L 02/28/2025 - 02:36:54: [polymorph.amxx] performance issue. Function plugin_cfg executed more than 1259.1ms.
L 02/28/2025 - 02:54:54: [polymorph.amxx] Vote: Voting for the nextmap started
L 02/28/2025 - 02:55:18: [polymorph.amxx] Vote: Voting for the nextmap finished. The nextmap will be de_dust2
L 02/28/2025 - 02:57:02: -------- Mapchange to de_dust2 --------
L 02/28/2025 - 02:57:02: [AMXX] Plugin "poly_csdm_off.amxx" failed to load: Plugin uses an unknown function (name "csdm_set_active") - check your modules.ini.
L 02/28/2025 - 02:57:04: [polymorph.amxx] performance issue. Function plugin_cfg executed more than 1260.8ms.
L 02/28/2025 - 03:15:04: [polymorph.amxx] Vote: Voting for the nextmap started
L 02/28/2025 - 03:15:28: [polymorph.amxx] Vote: Voting for the nextmap finished. The nextmap will be de_inferno
L 02/28/2025 - 03:17:12: -------- Mapchange to de_inferno --------
L 02/28/2025 - 03:17:12: [AMXX] Plugin "poly_csdm_off.amxx" failed to load: Plugin uses an unknown function (name "csdm_set_active") - check your modules.ini.
L 02/28/2025 - 03:17:14: [polymorph.amxx] performance issue. Function plugin_cfg executed more than 1265.1ms.
L 02/28/2025 - 03:35:14: [polymorph.amxx] Vote: Voting for the next mod started
L 02/28/2025 - 03:35:38: [polymorph.amxx] Vote: Voting for the next mod finished. The nextmod will be Banderas
L 02/28/2025 - 03:35:54: [polymorph.amxx] Vote: Voting for the nextmap started
L 02/28/2025 - 03:36:18: [polymorph.amxx] Vote: Voting for the nextmap finished. The nextmap will be de_dust2
L 02/28/2025 - 03:37:22: -------- Mapchange to de_dust2 --------
L 02/28/2025 - 03:37:22: [AMXX] Plugin "poly_csdm_off.amxx" failed to load: Plugin uses an unknown function (name "csdm_set_active") - check your modules.ini.
L 02/28/2025 - 03:37:24: [polymorph.amxx] performance issue. Function plugin_cfg executed more than 1288.7ms.
L 02/28/2025 - 03:55:24: [polymorph.amxx] Vote: Voting for the nextmap started
L 02/28/2025 - 03:55:48: [polymorph.amxx] Vote: Voting for the nextmap finished. The nextmap will be surf_iceday_remake
L 02/28/2025 - 03:57:32: -------- Mapchange to surf_iceday_remake --------
L 02/28/2025 - 03:57:32: [AMXX] Plugin "poly_csdm_off.amxx" failed to load: Plugin uses an unknown function (name "csdm_set_active") - check your modules.ini.
L 02/28/2025 - 03:57:34: [polymorph.amxx] performance issue. Function plugin_cfg executed more than 1268.3ms.
L 02/28/2025 - 04:15:34: [polymorph.amxx] Vote: Voting for the next mod started
L 02/28/2025 - 04:15:58: [polymorph.amxx] Vote: Voting for the next mod finished. The nextmod will be HideN-Seek
L 02/28/2025 - 04:16:14: [polymorph.amxx] Vote: Voting for the nextmap started
L 02/28/2025 - 04:16:38: [polymorph.amxx] Vote: Voting for the nextmap finished. The nextmap will be cs_estate
L 02/28/2025 - 04:17:42: -------- Mapchange to cs_estate --------
L 02/28/2025 - 04:17:42: [AMXX] Plugin "poly_csdm_off.amxx" failed to load: Plugin uses an unknown function (name "csdm_set_active") - check your modules.ini.
L 02/28/2025 - 04:17:44: [polymorph.amxx] performance issue. Function plugin_cfg executed more than 1264.4ms.
L 02/28/2025 - 04:17:44: [uq_jumpstats.amxx] Can't find uq_jumpstats_tops.amxx
L 02/28/2025 - 04:32:45: [polymorph.amxx] Vote: Voting for the nextmap started
L 02/28/2025 - 04:33:09: [polymorph.amxx] Vote: Voting for the nextmap finished. The nextmap will be de_dust
L 02/28/2025 - 04:34:53: -------- Mapchange to de_dust --------
L 02/28/2025 - 04:34:53: [AMXX] Plugin "poly_csdm_off.amxx" failed to load: Plugin uses an unknown function (name "csdm_set_active") - check your modules.ini.
L 02/28/2025 - 04:34:54: [polymorph.amxx] performance issue. Function plugin_cfg executed more than 1255.8ms.
L 02/28/2025 - 04:34:54: [uq_jumpstats.amxx] Can't find uq_jumpstats_tops.amxx
L 02/28/2025 - 04:49:55: [polymorph.amxx] Vote: Voting for the next mod started
L 02/28/2025 - 04:50:19: [polymorph.amxx] Vote: Voting for the next mod finished. The nextmod will be CScout
L 02/28/2025 - 04:50:35: [polymorph.amxx] Vote: Voting for the nextmap started
L 02/28/2025 - 04:50:59: [polymorph.amxx] Vote: Voting for the nextmap finished. The nextmap will be de_dust2
L 02/28/2025 - 04:52:03: -------- Mapchange to de_dust2 --------
L 02/28/2025 - 04:52:03: [AMXX] Plugin "poly_csdm_off.amxx" failed to load: Plugin uses an unknown function (name "csdm_set_active") - check your modules.ini.
L 02/28/2025 - 04:52:04: [polymorph.amxx] performance issue. Function plugin_cfg executed more than 1250.7ms.
L 02/28/2025 - 05:10:05: [polymorph.amxx] Vote: Voting for the nextmap started
L 02/28/2025 - 05:10:29: [polymorph.amxx] Vote: Voting for the nextmap finished. The nextmap will be de_inferno
L 02/28/2025 - 05:12:13: -------- Mapchange to de_inferno --------
L 02/28/2025 - 05:12:13: [AMXX] Plugin "poly_csdm_off.amxx" failed to load: Plugin uses an unknown function (name "csdm_set_active") - check your modules.ini.
L 02/28/2025 - 05:12:15: [polymorph.amxx] performance issue. Function plugin_cfg executed more than 1261.2ms.
L 02/28/2025 - 05:30:15: [polymorph.amxx] Vote: Voting for the nextmap started
L 02/28/2025 - 05:30:39: [polymorph.amxx] Vote: Voting for the nextmap finished. The nextmap will be de_dust2
L 02/28/2025 - 05:32:24: -------- Mapchange to de_dust2 --------
L 02/28/2025 - 05:32:24: [AMXX] Plugin "poly_csdm_off.amxx" failed to load: Plugin uses an unknown function (name "csdm_set_active") - check your modules.ini.
L 02/28/2025 - 05:32:25: [polymorph.amxx] performance issue. Function plugin_cfg executed more than 1274.3ms.
L 02/28/2025 - 05:50:26: [polymorph.amxx] Vote: Voting for the next mod started
L 02/28/2025 - 05:50:50: [polymorph.amxx] Vote: Voting for the next mod finished. The nextmod will be Free-For-All
L 02/28/2025 - 05:51:06: [polymorph.amxx] Vote: Voting for the nextmap started
L 02/28/2025 - 05:51:30: [polymorph.amxx] Vote: Voting for the nextmap finished. The nextmap will be cs_assault
L 02/28/2025 - 05:52:33: -------- Mapchange to cs_assault --------
L 02/28/2025 - 05:52:34: [AMXX] Plugin "poly_csdm_off.amxx" failed to load: Plugin uses an unknown function (name "csdm_set_active") - check your modules.ini.
L 02/28/2025 - 05:52:35: [polymorph.amxx] performance issue. Function plugin_cfg executed more than 1273.9ms.
L 02/28/2025 - 06:09:35: [polymorph.amxx] Vote: Voting for the nextmap started
L 02/28/2025 - 06:09:59: [polymorph.amxx] Vote: Voting for the nextmap finished. The nextmap will be de_chateau
L 02/28/2025 - 06:11:43: -------- Mapchange to de_chateau --------
L 02/28/2025 - 06:11:44: [AMXX] Plugin "poly_csdm_off.amxx" failed to load: Plugin uses an unknown function (name "csdm_set_active") - check your modules.ini.
L 02/28/2025 - 06:11:45: [polymorph.amxx] performance issue. Function plugin_cfg executed more than 1278.1ms.
L 02/28/2025 - 06:28:45: [polymorph.amxx] Vote: Voting for the nextmap started
L 02/28/2025 - 06:29:09: [polymorph.amxx] Vote: Voting for the nextmap finished. The nextmap will be cs_assault
L 02/28/2025 - 06:30:53: -------- Mapchange to cs_assault --------
L 02/28/2025 - 06:30:54: [AMXX] Plugin "poly_csdm_off.amxx" failed to load: Plugin uses an unknown function (name "csdm_set_active") - check your modules.ini.
L 02/28/2025 - 06:30:55: [polymorph.amxx] performance issue. Function plugin_cfg executed more than 1263.9ms.
L 02/28/2025 - 06:47:55: [polymorph.amxx] Vote: Voting for the next mod started
L 02/28/2025 - 06:48:19: [polymorph.amxx] Vote: Voting for the next mod finished. The nextmod will be Kreedz-Kz
L 02/28/2025 - 06:48:36: [polymorph.amxx] Vote: Voting for the nextmap started
L 02/28/2025 - 06:49:00: [polymorph.amxx] Vote: Voting for the nextmap finished. The nextmap will be kz_arsacid
L 02/28/2025 - 06:50:03: -------- Mapchange to kz_arsacid --------
L 02/28/2025 - 06:50:03: [AMXX] Plugin "poly_csdm_off.amxx" failed to load: Plugin uses an unknown function (name "csdm_set_active") - check your modules.ini.
L 02/28/2025 - 06:50:04: [kz_jumpplugin.amxx] performance issue. Function plugin_precache executed more than 5.7ms.
L 02/28/2025 - 06:50:04: New section, unterminated block (file "cstrike/addons/amxmodx/data/lang/kz_jumpplugin.txt" key "// Languages in this ML File:" lang "")
L 02/28/2025 - 06:50:04: [kz_jumpplugin.amxx] performance issue. Function plugin_init executed more than 1.0ms.
L 02/28/2025 - 06:50:05: [polymorph.amxx] performance issue. Function plugin_cfg executed more than 1270.6ms.
L 02/28/2025 - 06:50:05: [kz_jumpplugin.amxx] performance issue. Function plugin_cfg executed more than 7.1ms.
L 02/28/2025 - 06:50:05: [uq_jumpstats.amxx] Can't find uq_jumpstats_tops.amxx
L 02/28/2025 - 06:50:09: [admincmd.amxx] Cmd: "PerGAmes MultiModos - Free-For-<0><><>" set cvar (name "kz_uq_airaccelerate") (value "100")
L 02/28/2025 - 06:50:10: [kz_jumpplugin.amxx] performance issue. Function createbot executed more than 6.9ms.
L 02/28/2025 - 07:08:06: [polymorph.amxx] Vote: Voting for the nextmap started
L 02/28/2025 - 07:08:30: [polymorph.amxx] Vote: Voting for the nextmap finished. The nextmap will be bkz_goldbhop
L 02/28/2025 - 07:10:14: -------- Mapchange to bkz_goldbhop --------
L 02/28/2025 - 07:10:14: [AMXX] Plugin "poly_csdm_off.amxx" failed to load: Plugin uses an unknown function (name "csdm_set_active") - check your modules.ini.
L 02/28/2025 - 07:10:14: [kz_jumpplugin.amxx] performance issue. Function plugin_precache executed more than 5.7ms.
L 02/28/2025 - 07:10:14: New section, unterminated block (file "cstrike/addons/amxmodx/data/lang/kz_jumpplugin.txt" key "// Languages in this ML File:" lang "")
L 02/28/2025 - 07:10:14: [kz_jumpplugin.amxx] performance issue. Function plugin_init executed more than 1.0ms.
L 02/28/2025 - 07:10:15: [polymorph.amxx] performance issue. Function plugin_cfg executed more than 1272.9ms.
L 02/28/2025 - 07:10:15: [kz_jumpplugin.amxx] performance issue. Function plugin_cfg executed more than 7.0ms.
L 02/28/2025 - 07:10:15: [uq_jumpstats.amxx] Can't find uq_jumpstats_tops.amxx
L 02/28/2025 - 07:10:19: [admincmd.amxx] Cmd: "PerGAmes MultiModos - Kreedz by<0><><>" set cvar (name "kz_uq_airaccelerate") (value "100")
L 02/28/2025 - 07:10:20: [kz_jumpplugin.amxx] performance issue. Function createbot executed more than 6.5ms.
L 02/28/2025 - 07:28:16: [polymorph.amxx] Vote: Voting for the nextmap started
L 02/28/2025 - 07:28:40: [polymorph.amxx] Vote: Voting for the nextmap finished. The nextmap will be kz_arsacid
L 02/28/2025 - 07:30:24: -------- Mapchange to kz_arsacid --------
L 02/28/2025 - 07:30:24: [AMXX] Plugin "poly_csdm_off.amxx" failed to load: Plugin uses an unknown function (name "csdm_set_active") - check your modules.ini.
L 02/28/2025 - 07:30:24: [kz_jumpplugin.amxx] performance issue. Function plugin_precache executed more than 5.6ms.
L 02/28/2025 - 07:30:24: New section, unterminated block (file "cstrike/addons/amxmodx/data/lang/kz_jumpplugin.txt" key "// Languages in this ML File:" lang "")
L 02/28/2025 - 07:30:24: [kz_jumpplugin.amxx] performance issue. Function plugin_init executed more than 1.0ms.
L 02/28/2025 - 07:30:25: [polymorph.amxx] performance issue. Function plugin_cfg executed more than 1271.9ms.
L 02/28/2025 - 07:30:25: [kz_jumpplugin.amxx] performance issue. Function plugin_cfg executed more than 7.2ms.
L 02/28/2025 - 07:30:25: [uq_jumpstats.amxx] Can't find uq_jumpstats_tops.amxx
L 02/28/2025 - 07:30:29: [admincmd.amxx] Cmd: "PerGAmes MultiModos - Kreedz by<0><><>" set cvar (name "kz_uq_airaccelerate") (value "100")
L 02/28/2025 - 07:30:30: [kz_jumpplugin.amxx] performance issue. Function createbot executed more than 1.7ms.
L 02/28/2025 - 07:48:26: [polymorph.amxx] Vote: Voting for the next mod started
L 02/28/2025 - 07:48:50: [polymorph.amxx] Vote: Voting for the next mod finished. The nextmod will be Zombie-Plague
L 02/28/2025 - 07:49:06: [polymorph.amxx] Vote: Voting for the nextmap started
L 02/28/2025 - 07:49:30: [polymorph.amxx] Vote: Voting for the nextmap finished. The nextmap will be zm_tower8
L 02/28/2025 - 07:50:34: -------- Mapchange to zm_tower8 --------
L 02/28/2025 - 07:50:34: [AMXX] Plugin "poly_csdm_off.amxx" failed to load: Plugin uses an unknown function (name "csdm_set_active") - check your modules.ini.
L 02/28/2025 - 07:50:34: [zombie_plague43.amxx] performance issue. Function plugin_precache executed more than 63.0ms.
L 02/28/2025 - 07:50:34: [zombie_plague43.amxx] performance issue. Function native_register_zombie_class executed more than 3.7ms.
L 02/28/2025 - 07:50:34: [zombie_plague43.amxx] performance issue. Function native_register_zombie_class executed more than 7.2ms.
L 02/28/2025 - 07:50:34: [zombie_plague43.amxx] performance issue. Function native_register_zombie_class executed more than 5.1ms.
L 02/28/2025 - 07:50:34: [zombie_plague43.amxx] performance issue. Function native_register_zombie_class executed more than 3.5ms.
L 02/28/2025 - 07:50:34: [zombie_plague43.amxx] performance issue. Function native_register_zombie_class executed more than 3.6ms.
L 02/28/2025 - 07:50:34: [zombie_plague43.amxx] performance issue. Function native_register_zombie_class executed more than 6.6ms.
L 02/28/2025 - 07:50:34: [zombie_plague43.amxx] performance issue. Function native_register_zombie_class executed more than 2.2ms.
L 02/28/2025 - 07:50:34: [zombie_plague43.amxx] performance issue. Function native_register_zombie_class executed more than 5.6ms.
L 02/28/2025 - 07:50:35: [zombie_plague43.amxx] performance issue. Function plugin_init executed more than 3.8ms.
L 02/28/2025 - 07:50:36: [polymorph.amxx] performance issue. Function plugin_cfg executed more than 1273.1ms.
L 02/28/2025 - 08:07:07: [zombie_plague43.amxx] performance issue. Function native_get_user_nemesis executed more than 1.8ms.
L 02/28/2025 - 08:09:37: [polymorph.amxx] Vote: Voting for the nextmap started
L 02/28/2025 - 08:10:01: [polymorph.amxx] Vote: Voting for the nextmap finished. The nextmap will be zm_ice_attack
L 02/28/2025 - 08:11:44: -------- Mapchange to zm_ice_attack --------
L 02/28/2025 - 08:11:45: [AMXX] Plugin "poly_csdm_off.amxx" failed to load: Plugin uses an unknown function (name "csdm_set_active") - check your modules.ini.
L 02/28/2025 - 08:11:45: [zombie_plague43.amxx] performance issue. Function plugin_precache executed more than 62.3ms.
L 02/28/2025 - 08:11:45: [zombie_plague43.amxx] performance issue. Function native_register_zombie_class executed more than 3.7ms.
L 02/28/2025 - 08:11:45: [zombie_plague43.amxx] performance issue. Function native_register_zombie_class executed more than 6.4ms.
L 02/28/2025 - 08:11:45: [zombie_plague43.amxx] performance issue. Function native_register_zombie_class executed more than 5.0ms.
L 02/28/2025 - 08:11:45: [zombie_plague43.amxx] performance issue. Function native_register_zombie_class executed more than 3.5ms.
L 02/28/2025 - 08:11:45: [zombie_plague43.amxx] performance issue. Function native_register_zombie_class executed more than 3.7ms.
L 02/28/2025 - 08:11:45: [zombie_plague43.amxx] performance issue. Function native_register_zombie_class executed more than 6.6ms.
L 02/28/2025 - 08:11:45: [zombie_plague43.amxx] performance issue. Function native_register_zombie_class executed more than 2.2ms.
L 02/28/2025 - 08:11:45: [zombie_plague43.amxx] performance issue. Function native_register_zombie_class executed more than 5.6ms.
L 02/28/2025 - 08:11:45: [zombie_plague43.amxx] performance issue. Function plugin_init executed more than 3.8ms.
L 02/28/2025 - 08:11:46: [polymorph.amxx] performance issue. Function plugin_cfg executed more than 1265.2ms.
L 02/28/2025 - 08:30:47: [polymorph.amxx] Vote: Voting for the nextmap started
L 02/28/2025 - 08:31:11: [polymorph.amxx] Vote: Voting for the nextmap finished. The nextmap will be zm_toronto
L 02/28/2025 - 08:32:55: -------- Mapchange to zm_toronto --------
L 02/28/2025 - 08:32:55: [AMXX] Plugin "poly_csdm_off.amxx" failed to load: Plugin uses an unknown function (name "csdm_set_active") - check your modules.ini.
L 02/28/2025 - 08:32:55: [zombie_plague43.amxx] performance issue. Function plugin_precache executed more than 62.2ms.
L 02/28/2025 - 08:32:55: [zombie_plague43.amxx] performance issue. Function native_register_zombie_class executed more than 3.7ms.
L 02/28/2025 - 08:32:55: [zombie_plague43.amxx] performance issue. Function native_register_zombie_class executed more than 6.4ms.
L 02/28/2025 - 08:32:55: [zombie_plague43.amxx] performance issue. Function native_register_zombie_class executed more than 5.0ms.
L 02/28/2025 - 08:32:55: [zombie_plague43.amxx] performance issue. Function native_register_zombie_class executed more than 3.5ms.
L 02/28/2025 - 08:32:55: [zombie_plague43.amxx] performance issue. Function native_register_zombie_class executed more than 3.7ms.
L 02/28/2025 - 08:32:55: [zombie_plague43.amxx] performance issue. Function native_register_zombie_class executed more than 6.7ms.
L 02/28/2025 - 08:32:55: [zombie_plague43.amxx] performance issue. Function native_register_zombie_class executed more than 2.2ms.
L 02/28/2025 - 08:32:55: [zombie_plague43.amxx] performance issue. Function native_register_zombie_class executed more than 5.6ms.
L 02/28/2025 - 08:32:55: [zombie_plague43.amxx] performance issue. Function plugin_init executed more than 3.8ms.
L 02/28/2025 - 08:32:57: [polymorph.amxx] performance issue. Function plugin_cfg executed more than 1277.5ms.
L 02/28/2025 - 08:51:57: [polymorph.amxx] Vote: Voting for the next mod started
L 02/28/2025 - 08:52:21: [polymorph.amxx] Vote: Voting for the next mod finished. The nextmod will be Kreedz-Kz
L 02/28/2025 - 08:52:37: [polymorph.amxx] Vote: Voting for the nextmap started
L 02/28/2025 - 08:53:01: [polymorph.amxx] Vote: Voting for the nextmap finished. The nextmap will be kz_arsacid
L 02/28/2025 - 08:54:05: -------- Mapchange to kz_arsacid --------
L 02/28/2025 - 08:54:05: [AMXX] Plugin "poly_csdm_off.amxx" failed to load: Plugin uses an unknown function (name "csdm_set_active") - check your modules.ini.
L 02/28/2025 - 08:54:05: [kz_jumpplugin.amxx] performance issue. Function plugin_precache executed more than 5.7ms.
L 02/28/2025 - 08:54:06: New section, unterminated block (file "cstrike/addons/amxmodx/data/lang/kz_jumpplugin.txt" key "// Languages in this ML File:" lang "")
L 02/28/2025 - 08:54:06: [kz_jumpplugin.amxx] performance issue. Function plugin_init executed more than 1.0ms.
L 02/28/2025 - 08:54:07: [polymorph.amxx] performance issue. Function plugin_cfg executed more than 1278.9ms.
L 02/28/2025 - 08:54:07: [kz_jumpplugin.amxx] performance issue. Function plugin_cfg executed more than 7.2ms.
L 02/28/2025 - 08:54:07: [uq_jumpstats.amxx] Can't find uq_jumpstats_tops.amxx
L 02/28/2025 - 08:54:10: [admincmd.amxx] Cmd: "PerGAmes # MultiModos - Zombie <0><><>" set cvar (name "kz_uq_airaccelerate") (value "100")
L 02/28/2025 - 08:54:11: [kz_jumpplugin.amxx] performance issue. Function createbot executed more than 1.5ms.
L 02/28/2025 - 09:12:07: [polymorph.amxx] Vote: Voting for the nextmap started
L 02/28/2025 - 09:12:31: [polymorph.amxx] Vote: Voting for the nextmap finished. The nextmap will be bkz_goldbhop
L 02/28/2025 - 09:14:15: -------- Mapchange to bkz_goldbhop --------
L 02/28/2025 - 09:14:15: [AMXX] Plugin "poly_csdm_off.amxx" failed to load: Plugin uses an unknown function (name "csdm_set_active") - check your modules.ini.
L 02/28/2025 - 09:14:16: [kz_jumpplugin.amxx] performance issue. Function plugin_precache executed more than 5.6ms.
L 02/28/2025 - 09:14:16: New section, unterminated block (file "cstrike/addons/amxmodx/data/lang/kz_jumpplugin.txt" key "// Languages in this ML File:" lang "")
L 02/28/2025 - 09:14:16: [kz_jumpplugin.amxx] performance issue. Function plugin_init executed more than 1.0ms.
L 02/28/2025 - 09:14:17: [polymorph.amxx] performance issue. Function plugin_cfg executed more than 1274.6ms.
L 02/28/2025 - 09:14:17: [kz_jumpplugin.amxx] performance issue. Function plugin_cfg executed more than 7.1ms.
L 02/28/2025 - 09:14:17: [uq_jumpstats.amxx] Can't find uq_jumpstats_tops.amxx
L 02/28/2025 - 09:14:20: [admincmd.amxx] Cmd: "PerGAmes MultiModos - Kreedz by<0><><>" set cvar (name "kz_uq_airaccelerate") (value "100")
L 02/28/2025 - 09:14:22: [kz_jumpplugin.amxx] performance issue. Function createbot executed more than 6.3ms.
L 02/28/2025 - 09:32:18: [polymorph.amxx] Vote: Voting for the nextmap started
L 02/28/2025 - 09:32:42: [polymorph.amxx] Vote: Voting for the nextmap finished. The nextmap will be kz_arsacid
L 02/28/2025 - 09:34:26: -------- Mapchange to kz_arsacid --------
L 02/28/2025 - 09:34:26: [AMXX] Plugin "poly_csdm_off.amxx" failed to load: Plugin uses an unknown function (name "csdm_set_active") - check your modules.ini.
L 02/28/2025 - 09:34:26: [kz_jumpplugin.amxx] performance issue. Function plugin_precache executed more than 5.6ms.
L 02/28/2025 - 09:34:26: New section, unterminated block (file "cstrike/addons/amxmodx/data/lang/kz_jumpplugin.txt" key "// Languages in this ML File:" lang "")
L 02/28/2025 - 09:34:26: [kz_jumpplugin.amxx] performance issue. Function plugin_init executed more than 1.1ms.
L 02/28/2025 - 09:34:27: [polymorph.amxx] performance issue. Function plugin_cfg executed more than 1270.1ms.
L 02/28/2025 - 09:34:27: [kz_jumpplugin.amxx] performance issue. Function plugin_cfg executed more than 7.1ms.
L 02/28/2025 - 09:34:27: [uq_jumpstats.amxx] Can't find uq_jumpstats_tops.amxx
L 02/28/2025 - 09:34:31: [admincmd.amxx] Cmd: "PerGAmes MultiModos - Kreedz by<0><><>" set cvar (name "kz_uq_airaccelerate") (value "100")
L 02/28/2025 - 09:34:32: [kz_jumpplugin.amxx] performance issue. Function createbot executed more than 6.5ms.
L 02/28/2025 - 09:52:28: [polymorph.amxx] Vote: Voting for the next mod started
L 02/28/2025 - 09:52:52: [polymorph.amxx] Vote: Voting for the next mod finished. The nextmod will be MapasRaros
L 02/28/2025 - 09:53:08: [polymorph.amxx] Vote: Voting for the nextmap started
L 02/28/2025 - 09:53:32: [polymorph.amxx] Vote: Voting for the nextmap finished. The nextmap will be fy_iceworld2k
L 02/28/2025 - 09:54:36: -------- Mapchange to fy_iceworld2k --------
L 02/28/2025 - 09:54:36: [AMXX] Plugin "poly_csdm_off.amxx" failed to load: Plugin uses an unknown function (name "csdm_set_active") - check your modules.ini.
L 02/28/2025 - 09:54:38: [polymorph.amxx] performance issue. Function plugin_cfg executed more than 1270.3ms.
L 02/28/2025 - 10:13:39: [polymorph.amxx] Vote: Voting for the nextmap started
L 02/28/2025 - 10:14:03: [polymorph.amxx] Vote: Voting for the nextmap finished. The nextmap will be crazycar_v2
L 02/28/2025 - 10:15:47: -------- Mapchange to crazycar_v2 --------
L 02/28/2025 - 10:15:47: [AMXX] Plugin "poly_csdm_off.amxx" failed to load: Plugin uses an unknown function (name "csdm_set_active") - check your modules.ini.
L 02/28/2025 - 10:15:49: [polymorph.amxx] performance issue. Function plugin_cfg executed more than 1285.6ms.
L 02/28/2025 - 10:34:49: [polymorph.amxx] Vote: Voting for the nextmap started
L 02/28/2025 - 10:35:13: [polymorph.amxx] Vote: Voting for the nextmap finished. The nextmap will be he_tennis
L 02/28/2025 - 10:36:57: -------- Mapchange to he_tennis --------
L 02/28/2025 - 10:36:57: [AMXX] Plugin "poly_csdm_off.amxx" failed to load: Plugin uses an unknown function (name "csdm_set_active") - check your modules.ini.
L 02/28/2025 - 10:36:59: [polymorph.amxx] performance issue. Function plugin_cfg executed more than 1269.0ms.
L 02/28/2025 - 10:55:59: [polymorph.amxx] Vote: Voting for the next mod started
L 02/28/2025 - 10:56:23: [polymorph.amxx] Vote: Voting for the next mod finished. The nextmod will be Zombie-Plague
L 02/28/2025 - 10:56:39: [polymorph.amxx] Vote: Voting for the nextmap started
L 02/28/2025 - 10:57:03: [polymorph.amxx] Vote: Voting for the nextmap finished. The nextmap will be zm_ice_attack
L 02/28/2025 - 10:58:07: -------- Mapchange to zm_ice_attack --------
L 02/28/2025 - 10:58:07: [AMXX] Plugin "poly_csdm_off.amxx" failed to load: Plugin uses an unknown function (name "csdm_set_active") - check your modules.ini.
L 02/28/2025 - 10:58:07: [zombie_plague43.amxx] performance issue. Function plugin_precache executed more than 62.2ms.
L 02/28/2025 - 10:58:07: [zombie_plague43.amxx] performance issue. Function native_register_zombie_class executed more than 3.7ms.
L 02/28/2025 - 10:58:07: [zombie_plague43.amxx] performance issue. Function native_register_zombie_class executed more than 6.4ms.
L 02/28/2025 - 10:58:07: [zombie_plague43.amxx] performance issue. Function native_register_zombie_class executed more than 5.0ms.
L 02/28/2025 - 10:58:07: [zombie_plague43.amxx] performance issue. Function native_register_zombie_class executed more than 3.5ms.
L 02/28/2025 - 10:58:07: [zombie_plague43.amxx] performance issue. Function native_register_zombie_class executed more than 3.6ms.
L 02/28/2025 - 10:58:07: [zombie_plague43.amxx] performance issue. Function native_register_zombie_class executed more than 6.6ms.
L 02/28/2025 - 10:58:07: [zombie_plague43.amxx] performance issue. Function native_register_zombie_class executed more than 2.2ms.
L 02/28/2025 - 10:58:07: [zombie_plague43.amxx] performance issue. Function native_register_zombie_class executed more than 5.6ms.
L 02/28/2025 - 10:58:08: [zombie_plague43.amxx] performance issue. Function plugin_init executed more than 3.8ms.
L 02/28/2025 - 10:58:09: [polymorph.amxx] performance issue. Function plugin_cfg executed more than 1283.8ms.
L 02/28/2025 - 11:17:09: [polymorph.amxx] Vote: Voting for the nextmap started
L 02/28/2025 - 11:17:33: [polymorph.amxx] Vote: Voting for the nextmap finished. The nextmap will be zm_toronto
L 02/28/2025 - 11:19:17: -------- Mapchange to zm_toronto --------
L 02/28/2025 - 11:19:17: [AMXX] Plugin "poly_csdm_off.amxx" failed to load: Plugin uses an unknown function (name "csdm_set_active") - check your modules.ini.
L 02/28/2025 - 11:19:18: [zombie_plague43.amxx] performance issue. Function plugin_precache executed more than 62.4ms.
L 02/28/2025 - 11:19:18: [zombie_plague43.amxx] performance issue. Function native_register_zombie_class executed more than 3.7ms.
L 02/28/2025 - 11:19:18: [zombie_plague43.amxx] performance issue. Function native_register_zombie_class executed more than 6.4ms.
L 02/28/2025 - 11:19:18: [zombie_plague43.amxx] performance issue. Function native_register_zombie_class executed more than 5.0ms.
L 02/28/2025 - 11:19:18: [zombie_plague43.amxx] performance issue. Function native_register_zombie_class executed more than 3.5ms.
L 02/28/2025 - 11:19:18: [zombie_plague43.amxx] performance issue. Function native_register_zombie_class executed more than 3.7ms.
L 02/28/2025 - 11:19:18: [zombie_plague43.amxx] performance issue. Function native_register_zombie_class executed more than 6.7ms.
L 02/28/2025 - 11:19:18: [zombie_plague43.amxx] performance issue. Function native_register_zombie_class executed more than 2.2ms.
L 02/28/2025 - 11:19:18: [zombie_plague43.amxx] performance issue. Function native_register_zombie_class executed more than 5.6ms.
L 02/28/2025 - 11:19:18: [zombie_plague43.amxx] performance issue. Function plugin_init executed more than 3.8ms.
L 02/28/2025 - 11:19:19: [polymorph.amxx] performance issue. Function plugin_cfg executed more than 1269.0ms.
L 02/28/2025 - 11:38:20: [polymorph.amxx] Vote: Voting for the nextmap started
L 02/28/2025 - 11:38:44: [polymorph.amxx] Vote: Voting for the nextmap finished. The nextmap will be zm_ice_attack
L 02/28/2025 - 11:40:28: -------- Mapchange to zm_ice_attack --------
L 02/28/2025 - 11:40:28: [AMXX] Plugin "poly_csdm_off.amxx" failed to load: Plugin uses an unknown function (name "csdm_set_active") - check your modules.ini.
L 02/28/2025 - 11:40:28: [zombie_plague43.amxx] performance issue. Function plugin_precache executed more than 62.3ms.
L 02/28/2025 - 11:40:28: [zombie_plague43.amxx] performance issue. Function native_register_zombie_class executed more than 3.7ms.
L 02/28/2025 - 11:40:28: [zombie_plague43.amxx] performance issue. Function native_register_zombie_class executed more than 6.4ms.
L 02/28/2025 - 11:40:28: [zombie_plague43.amxx] performance issue. Function native_register_zombie_class executed more than 5.0ms.
L 02/28/2025 - 11:40:28: [zombie_plague43.amxx] performance issue. Function native_register_zombie_class executed more than 3.5ms.
L 02/28/2025 - 11:40:28: [zombie_plague43.amxx] performance issue. Function native_register_zombie_class executed more than 3.6ms.
L 02/28/2025 - 11:40:28: [zombie_plague43.amxx] performance issue. Function native_register_zombie_class executed more than 6.6ms.
L 02/28/2025 - 11:40:28: [zombie_plague43.amxx] performance issue. Function native_register_zombie_class executed more than 2.1ms.
L 02/28/2025 - 11:40:28: [zombie_plague43.amxx] performance issue. Function native_register_zombie_class executed more than 5.6ms.
L 02/28/2025 - 11:40:28: [zombie_plague43.amxx] performance issue. Function plugin_init executed more than 3.8ms.
L 02/28/2025 - 11:40:30: [polymorph.amxx] performance issue. Function plugin_cfg executed more than 1269.4ms.
L 02/28/2025 - 11:59:30: [polymorph.amxx] Vote: Voting for the next mod started
L 02/28/2025 - 11:59:54: [polymorph.amxx] Vote: Voting for the next mod finished. The nextmod will be Vip
L 02/28/2025 - 12:00:10: [polymorph.amxx] Vote: Voting for the nextmap started
L 02/28/2025 - 12:00:34: [polymorph.amxx] Vote: Voting for the nextmap finished. The nextmap will be as_oilrig
L 02/28/2025 - 12:01:38: -------- Mapchange to as_oilrig --------
L 02/28/2025 - 12:01:38: [AMXX] Plugin "poly_csdm_off.amxx" failed to load: Plugin uses an unknown function (name "csdm_set_active") - check your modules.ini.
L 02/28/2025 - 12:01:40: [polymorph.amxx] performance issue. Function plugin_cfg executed more than 1286.4ms.
L 02/28/2025 - 12:24:40: [polymorph.amxx] Vote: Voting for the nextmap started
L 02/28/2025 - 12:25:04: [polymorph.amxx] Vote: Voting for the nextmap finished. The nextmap will be as_crazytank3
L 02/28/2025 - 12:26:48: -------- Mapchange to as_crazytank3 --------
L 02/28/2025 - 12:26:48: [AMXX] Plugin "poly_csdm_off.amxx" failed to load: Plugin uses an unknown function (name "csdm_set_active") - check your modules.ini.
L 02/28/2025 - 12:26:50: [polymorph.amxx] performance issue. Function plugin_cfg executed more than 1277.9ms.
L 02/28/2025 - 12:49:50: [polymorph.amxx] Vote: Voting for the nextmap started
L 02/28/2025 - 12:50:14: [polymorph.amxx] Vote: Voting for the nextmap finished. The nextmap will be as_oilrig
L 02/28/2025 - 12:51:58: -------- Mapchange to as_oilrig --------
L 02/28/2025 - 12:51:58: [AMXX] Plugin "poly_csdm_off.amxx" failed to load: Plugin uses an unknown function (name "csdm_set_active") - check your modules.ini.
L 02/28/2025 - 12:52:00: [polymorph.amxx] performance issue. Function plugin_cfg executed more than 1271.7ms.
L 02/28/2025 - 13:15:00: [polymorph.amxx] Vote: Voting for the next mod started
L 02/28/2025 - 13:15:24: [polymorph.amxx] Vote: Voting for the next mod finished. The nextmod will be CScout
L 02/28/2025 - 13:15:40: [polymorph.amxx] Vote: Voting for the nextmap started
L 02/28/2025 - 13:16:04: [polymorph.amxx] Vote: Voting for the nextmap finished. The nextmap will be de_dust2
L 02/28/2025 - 13:17:08: -------- Mapchange to de_dust2 --------
L 02/28/2025 - 13:17:08: [AMXX] Plugin "poly_csdm_off.amxx" failed to load: Plugin uses an unknown function (name "csdm_set_active") - check your modules.ini.
L 02/28/2025 - 13:17:10: [polymorph.amxx] performance issue. Function plugin_cfg executed more than 1265.6ms.
L 02/28/2025 - 13:35:10: [polymorph.amxx] Vote: Voting for the nextmap started
L 02/28/2025 - 13:35:34: [polymorph.amxx] Vote: Voting for the nextmap finished. The nextmap will be de_inferno
L 02/28/2025 - 13:37:18: -------- Mapchange to de_inferno --------
L 02/28/2025 - 13:37:18: [AMXX] Plugin "poly_csdm_off.amxx" failed to load: Plugin uses an unknown function (name "csdm_set_active") - check your modules.ini.
L 02/28/2025 - 13:37:20: [polymorph.amxx] performance issue. Function plugin_cfg executed more than 1271.1ms.
L 02/28/2025 - 13:55:20: [polymorph.amxx] Vote: Voting for the nextmap started
L 02/28/2025 - 13:55:44: [polymorph.amxx] Vote: Voting for the nextmap finished. The nextmap will be de_dust2
L 02/28/2025 - 13:57:28: -------- Mapchange to de_dust2 --------
L 02/28/2025 - 13:57:28: [AMXX] Plugin "poly_csdm_off.amxx" failed to load: Plugin uses an unknown function (name "csdm_set_active") - check your modules.ini.
L 02/28/2025 - 13:57:30: [polymorph.amxx] performance issue. Function plugin_cfg executed more than 1265.0ms.
L 02/28/2025 - 14:15:30: [polymorph.amxx] Vote: Voting for the next mod started
L 02/28/2025 - 14:15:54: [polymorph.amxx] Vote: Voting for the next mod finished. The nextmod will be CScout
L 02/28/2025 - 14:16:10: [polymorph.amxx] Vote: Voting for the nextmap started
L 02/28/2025 - 14:16:34: [polymorph.amxx] Vote: Voting for the nextmap finished. The nextmap will be de_inferno
L 02/28/2025 - 14:17:38: -------- Mapchange to de_inferno --------
L 02/28/2025 - 14:17:38: [AMXX] Plugin "poly_csdm_off.amxx" failed to load: Plugin uses an unknown function (name "csdm_set_active") - check your modules.ini.
L 02/28/2025 - 14:17:40: [polymorph.amxx] performance issue. Function plugin_cfg executed more than 1269.2ms.
L 02/28/2025 - 14:35:40: [polymorph.amxx] Vote: Voting for the nextmap started
L 02/28/2025 - 14:36:04: [polymorph.amxx] Vote: Voting for the nextmap finished. The nextmap will be de_dust2
L 02/28/2025 - 14:37:48: -------- Mapchange to de_dust2 --------
L 02/28/2025 - 14:37:48: [AMXX] Plugin "poly_csdm_off.amxx" failed to load: Plugin uses an unknown function (name "csdm_set_active") - check your modules.ini.
L 02/28/2025 - 14:37:50: [polymorph.amxx] performance issue. Function plugin_cfg executed more than 1264.1ms.
L 02/28/2025 - 14:55:50: [polymorph.amxx] Vote: Voting for the nextmap started
L 02/28/2025 - 14:56:14: [polymorph.amxx] Vote: Voting for the nextmap finished. The nextmap will be de_inferno
L 02/28/2025 - 14:57:58: -------- Mapchange to de_inferno --------
L 02/28/2025 - 14:57:58: [AMXX] Plugin "poly_csdm_off.amxx" failed to load: Plugin uses an unknown function (name "csdm_set_active") - check your modules.ini.
L 02/28/2025 - 14:58:00: [polymorph.amxx] performance issue. Function plugin_cfg executed more than 1261.5ms.
L 02/28/2025 - 15:16:00: [polymorph.amxx] Vote: Voting for the next mod started
L 02/28/2025 - 15:16:24: [polymorph.amxx] Vote: Voting for the next mod finished. The nextmod will be Kreedz-Kz
L 02/28/2025 - 15:16:40: [polymorph.amxx] Vote: Voting for the nextmap started
L 02/28/2025 - 15:17:04: [polymorph.amxx] Vote: Voting for the nextmap finished. The nextmap will be kz_arsacid
L 02/28/2025 - 15:18:08: -------- Mapchange to kz_arsacid --------
L 02/28/2025 - 15:18:08: [AMXX] Plugin "poly_csdm_off.amxx" failed to load: Plugin uses an unknown function (name "csdm_set_active") - check your modules.ini.
L 02/28/2025 - 15:18:08: [kz_jumpplugin.amxx] performance issue. Function plugin_precache executed more than 5.6ms.
L 02/28/2025 - 15:18:09: New section, unterminated block (file "cstrike/addons/amxmodx/data/lang/kz_jumpplugin.txt" key "// Languages in this ML File:" lang "")
L 02/28/2025 - 15:18:09: [kz_jumpplugin.amxx] performance issue. Function plugin_init executed more than 1.0ms.
L 02/28/2025 - 15:18:10: [polymorph.amxx] performance issue. Function plugin_cfg executed more than 1291.8ms.
L 02/28/2025 - 15:18:10: [kz_jumpplugin.amxx] performance issue. Function plugin_cfg executed more than 7.0ms.
L 02/28/2025 - 15:18:10: [uq_jumpstats.amxx] Can't find uq_jumpstats_tops.amxx
L 02/28/2025 - 15:18:13: [admincmd.amxx] Cmd: "PerGAmes MultiModos - CScout MO<0><><>" set cvar (name "kz_uq_airaccelerate") (value "100")
L 02/28/2025 - 15:18:14: [kz_jumpplugin.amxx] performance issue. Function createbot executed more than 6.5ms.
L 02/28/2025 - 15:36:10: [polymorph.amxx] Vote: Voting for the nextmap started
L 02/28/2025 - 15:36:35: [polymorph.amxx] Vote: Voting for the nextmap finished. The nextmap will be kz_xj_brickjump
L 02/28/2025 - 15:38:19: -------- Mapchange to kz_xj_brickjump --------
L 02/28/2025 - 15:38:19: [AMXX] Plugin "poly_csdm_off.amxx" failed to load: Plugin uses an unknown function (name "csdm_set_active") - check your modules.ini.
L 02/28/2025 - 15:38:19: [kz_jumpplugin.amxx] performance issue. Function plugin_precache executed more than 5.7ms.
L 02/28/2025 - 15:38:19: New section, unterminated block (file "cstrike/addons/amxmodx/data/lang/kz_jumpplugin.txt" key "// Languages in this ML File:" lang "")
L 02/28/2025 - 15:38:19: [kz_jumpplugin.amxx] performance issue. Function plugin_init executed more than 1.3ms.
L 02/28/2025 - 15:38:20: [polymorph.amxx] performance issue. Function plugin_cfg executed more than 1281.9ms.
L 02/28/2025 - 15:38:20: [kz_jumpplugin.amxx] performance issue. Function plugin_cfg executed more than 7.1ms.
L 02/28/2025 - 15:38:20: [uq_jumpstats.amxx] Can't find uq_jumpstats_tops.amxx
L 02/28/2025 - 15:38:24: [admincmd.amxx] Cmd: "PerGAmes MultiModos - Kreedz by<0><><>" set cvar (name "kz_uq_airaccelerate") (value "100")
L 02/28/2025 - 15:38:25: [kz_jumpplugin.amxx] performance issue. Function createbot executed more than 1.8ms.
L 02/28/2025 - 15:56:21: [polymorph.amxx] Vote: Voting for the nextmap started
L 02/28/2025 - 15:56:45: [polymorph.amxx] Vote: Voting for the nextmap finished. The nextmap will be kz_arsacid
L 02/28/2025 - 15:58:29: -------- Mapchange to kz_arsacid --------
L 02/28/2025 - 15:58:29: [AMXX] Plugin "poly_csdm_off.amxx" failed to load: Plugin uses an unknown function (name "csdm_set_active") - check your modules.ini.
L 02/28/2025 - 15:58:29: [kz_jumpplugin.amxx] performance issue. Function plugin_precache executed more than 5.6ms.
L 02/28/2025 - 15:58:29: New section, unterminated block (file "cstrike/addons/amxmodx/data/lang/kz_jumpplugin.txt" key "// Languages in this ML File:" lang "")
L 02/28/2025 - 15:58:29: [kz_jumpplugin.amxx] performance issue. Function plugin_init executed more than 1.0ms.
L 02/28/2025 - 15:58:30: [polymorph.amxx] performance issue. Function plugin_cfg executed more than 1276.3ms.
L 02/28/2025 - 15:58:30: [kz_jumpplugin.amxx] performance issue. Function plugin_cfg executed more than 7.1ms.
L 02/28/2025 - 15:58:30: [uq_jumpstats.amxx] Can't find uq_jumpstats_tops.amxx
L 02/28/2025 - 15:58:34: [admincmd.amxx] Cmd: "PerGAmes MultiModos - Kreedz by<0><><>" set cvar (name "kz_uq_airaccelerate") (value "100")
L 02/28/2025 - 15:58:35: [kz_jumpplugin.amxx] performance issue. Function createbot executed more than 6.3ms.
L 02/28/2025 - 16:16:31: [polymorph.amxx] Vote: Voting for the next mod started
L 02/28/2025 - 16:16:55: [polymorph.amxx] Vote: Voting for the next mod finished. The nextmod will be Free-For-All
L 02/28/2025 - 16:17:11: [polymorph.amxx] Vote: Voting for the nextmap started
L 02/28/2025 - 16:17:35: [polymorph.amxx] Vote: Voting for the nextmap finished. The nextmap will be cs_747
L 02/28/2025 - 16:18:39: -------- Mapchange to cs_747 --------
L 02/28/2025 - 16:18:39: [AMXX] Plugin "poly_csdm_off.amxx" failed to load: Plugin uses an unknown function (name "csdm_set_active") - check your modules.ini.
L 02/28/2025 - 16:18:41: [polymorph.amxx] performance issue. Function plugin_cfg executed more than 1280.9ms.
L 02/28/2025 - 16:35:41: [polymorph.amxx] Vote: Voting for the nextmap started
L 02/28/2025 - 16:36:05: [polymorph.amxx] Vote: Voting for the nextmap finished. The nextmap will be cs_assault
L 02/28/2025 - 16:37:49: -------- Mapchange to cs_assault --------
L 02/28/2025 - 16:37:49: [AMXX] Plugin "poly_csdm_off.amxx" failed to load: Plugin uses an unknown function (name "csdm_set_active") - check your modules.ini.
L 02/28/2025 - 16:37:51: [polymorph.amxx] performance issue. Function plugin_cfg executed more than 1269.9ms.
L 02/28/2025 - 16:54:51: [polymorph.amxx] Vote: Voting for the nextmap started
L 02/28/2025 - 16:55:15: [polymorph.amxx] Vote: Voting for the nextmap finished. The nextmap will be de_chateau
L 02/28/2025 - 16:56:59: -------- Mapchange to de_chateau --------
L 02/28/2025 - 16:56:59: [AMXX] Plugin "poly_csdm_off.amxx" failed to load: Plugin uses an unknown function (name "csdm_set_active") - check your modules.ini.
L 02/28/2025 - 16:57:01: [polymorph.amxx] performance issue. Function plugin_cfg executed more than 1274.9ms.
L 02/28/2025 - 17:14:01: [polymorph.amxx] Vote: Voting for the next mod started
L 02/28/2025 - 17:14:25: [polymorph.amxx] Vote: Voting for the next mod finished. The nextmod will be Banderas
L 02/28/2025 - 17:14:41: [polymorph.amxx] Vote: Voting for the nextmap started
L 02/28/2025 - 17:15:05: [polymorph.amxx] Vote: Voting for the nextmap finished. The nextmap will be de_dust2
L 02/28/2025 - 17:16:09: -------- Mapchange to de_dust2 --------
L 02/28/2025 - 17:16:09: [AMXX] Plugin "poly_csdm_off.amxx" failed to load: Plugin uses an unknown function (name "csdm_set_active") - check your modules.ini.
L 02/28/2025 - 17:16:11: [polymorph.amxx] performance issue. Function plugin_cfg executed more than 1258.4ms.
L 02/28/2025 - 17:34:11: [polymorph.amxx] Vote: Voting for the nextmap started
L 02/28/2025 - 17:34:35: [polymorph.amxx] Vote: Voting for the nextmap finished. The nextmap will be surf_iceday_remake
L 02/28/2025 - 17:36:19: -------- Mapchange to surf_iceday_remake --------
L 02/28/2025 - 17:36:19: [AMXX] Plugin "poly_csdm_off.amxx" failed to load: Plugin uses an unknown function (name "csdm_set_active") - check your modules.ini.
L 02/28/2025 - 17:36:21: [polymorph.amxx] performance issue. Function plugin_cfg executed more than 1308.0ms.
L 02/28/2025 - 17:54:21: [polymorph.amxx] Vote: Voting for the next mod started
L 02/28/2025 - 17:54:45: [polymorph.amxx] Vote: Voting for the next mod finished. The nextmod will be HideN-Seek
L 02/28/2025 - 17:55:01: [polymorph.amxx] Vote: Voting for the nextmap started
L 02/28/2025 - 17:55:25: [polymorph.amxx] Vote: Voting for the nextmap finished. The nextmap will be cs_estate
L 02/28/2025 - 17:56:29: -------- Mapchange to cs_estate --------
L 02/28/2025 - 17:56:29: [AMXX] Plugin "poly_csdm_off.amxx" failed to load: Plugin uses an unknown function (name "csdm_set_active") - check your modules.ini.
L 02/28/2025 - 17:56:31: [polymorph.amxx] performance issue. Function plugin_cfg executed more than 1280.8ms.
L 02/28/2025 - 17:56:31: [uq_jumpstats.amxx] Can't find uq_jumpstats_tops.amxx
L 02/28/2025 - 18:11:31: [polymorph.amxx] Vote: Voting for the nextmap started
L 02/28/2025 - 18:11:55: [polymorph.amxx] Vote: Voting for the nextmap finished. The nextmap will be de_dust
L 02/28/2025 - 18:13:39: -------- Mapchange to de_dust --------
L 02/28/2025 - 18:13:39: [AMXX] Plugin "poly_csdm_off.amxx" failed to load: Plugin uses an unknown function (name "csdm_set_active") - check your modules.ini.
L 02/28/2025 - 18:13:41: [polymorph.amxx] performance issue. Function plugin_cfg executed more than 1270.7ms.
L 02/28/2025 - 18:13:41: [uq_jumpstats.amxx] Can't find uq_jumpstats_tops.amxx
L 02/28/2025 - 18:28:42: [polymorph.amxx] Vote: Voting for the next mod started
L 02/28/2025 - 18:29:06: [polymorph.amxx] Vote: Voting for the next mod finished. The nextmod will be Vip
L 02/28/2025 - 18:29:22: [polymorph.amxx] Vote: Voting for the nextmap started
L 02/28/2025 - 18:29:46: [polymorph.amxx] Vote: Voting for the nextmap finished. The nextmap will be as_oilrig
L 02/28/2025 - 18:30:50: -------- Mapchange to as_oilrig --------
L 02/28/2025 - 18:30:50: [AMXX] Plugin "poly_csdm_off.amxx" failed to load: Plugin uses an unknown function (name "csdm_set_active") - check your modules.ini.
L 02/28/2025 - 18:30:51: [polymorph.amxx] performance issue. Function plugin_cfg executed more than 1275.8ms.
L 02/28/2025 - 18:53:52: [polymorph.amxx] Vote: Voting for the nextmap started
L 02/28/2025 - 18:54:16: [polymorph.amxx] Vote: Voting for the nextmap finished. The nextmap will be as_crazytank3
L 02/28/2025 - 18:56:00: -------- Mapchange to as_crazytank3 --------
L 02/28/2025 - 18:56:00: [AMXX] Plugin "poly_csdm_off.amxx" failed to load: Plugin uses an unknown function (name "csdm_set_active") - check your modules.ini.
L 02/28/2025 - 18:56:01: [polymorph.amxx] performance issue. Function plugin_cfg executed more than 1270.7ms.
L 02/28/2025 - 19:19:02: [polymorph.amxx] Vote: Voting for the nextmap started
L 02/28/2025 - 19:19:26: [polymorph.amxx] Vote: Voting for the nextmap finished. The nextmap will be as_oilrig
L 02/28/2025 - 19:21:10: -------- Mapchange to as_oilrig --------
L 02/28/2025 - 19:21:10: [AMXX] Plugin "poly_csdm_off.amxx" failed to load: Plugin uses an unknown function (name "csdm_set_active") - check your modules.ini.
L 02/28/2025 - 19:21:11: [polymorph.amxx] performance issue. Function plugin_cfg executed more than 1272.4ms.
L 02/28/2025 - 19:44:12: [polymorph.amxx] Vote: Voting for the next mod started
L 02/28/2025 - 19:44:36: [polymorph.amxx] Vote: Voting for the next mod finished. The nextmod will be Slender
L 02/28/2025 - 19:44:52: [polymorph.amxx] Vote: Voting for the nextmap started
L 02/28/2025 - 19:45:16: [polymorph.amxx] Vote: Voting for the nextmap finished. The nextmap will be de_dust2
L 02/28/2025 - 19:46:20: -------- Mapchange to de_dust2 --------
L 02/28/2025 - 19:46:20: [AMXX] Plugin "poly_csdm_off.amxx" failed to load: Plugin uses an unknown function (name "csdm_set_active") - check your modules.ini.
L 02/28/2025 - 19:46:21: [polymorph.amxx] performance issue. Function plugin_cfg executed more than 1268.8ms.
L 02/28/2025 - 20:07:22: [polymorph.amxx] Vote: Voting for the nextmap started
L 02/28/2025 - 20:07:46: [polymorph.amxx] Vote: Voting for the nextmap finished. The nextmap will be de_aztec
L 02/28/2025 - 20:09:30: -------- Mapchange to de_aztec --------
L 02/28/2025 - 20:09:30: [AMXX] Plugin "poly_csdm_off.amxx" failed to load: Plugin uses an unknown function (name "csdm_set_active") - check your modules.ini.
L 02/28/2025 - 20:09:31: [polymorph.amxx] performance issue. Function plugin_cfg executed more than 1264.7ms.
L 02/28/2025 - 20:30:32: [polymorph.amxx] Vote: Voting for the next mod started
L 02/28/2025 - 20:30:56: [polymorph.amxx] Vote: Voting for the next mod finished. The nextmod will be CScout
L 02/28/2025 - 20:31:12: [polymorph.amxx] Vote: Voting for the nextmap started
L 02/28/2025 - 20:31:36: [polymorph.amxx] Vote: Voting for the nextmap finished. The nextmap will be de_dust2
L 02/28/2025 - 20:32:40: -------- Mapchange to de_dust2 --------
L 02/28/2025 - 20:32:40: [AMXX] Plugin "poly_csdm_off.amxx" failed to load: Plugin uses an unknown function (name "csdm_set_active") - check your modules.ini.
L 02/28/2025 - 20:32:41: [polymorph.amxx] performance issue. Function plugin_cfg executed more than 1272.7ms.
L 02/28/2025 - 20:50:42: [polymorph.amxx] Vote: Voting for the nextmap started
L 02/28/2025 - 20:51:06: [polymorph.amxx] Vote: Voting for the nextmap finished. The nextmap will be de_inferno
L 02/28/2025 - 20:52:50: -------- Mapchange to de_inferno --------
L 02/28/2025 - 20:52:50: [AMXX] Plugin "poly_csdm_off.amxx" failed to load: Plugin uses an unknown function (name "csdm_set_active") - check your modules.ini.
L 02/28/2025 - 20:52:51: [polymorph.amxx] performance issue. Function plugin_cfg executed more than 1278.8ms.
L 02/28/2025 - 21:10:53: [polymorph.amxx] Vote: Voting for the nextmap started
L 02/28/2025 - 21:11:17: [polymorph.amxx] Vote: Voting for the nextmap finished. The nextmap will be de_dust2
L 02/28/2025 - 21:13:01: -------- Mapchange to de_dust2 --------
L 02/28/2025 - 21:13:01: [AMXX] Plugin "poly_csdm_off.amxx" failed to load: Plugin uses an unknown function (name "csdm_set_active") - check your modules.ini.
L 02/28/2025 - 21:13:03: [polymorph.amxx] performance issue. Function plugin_cfg executed more than 1267.3ms.
L 02/28/2025 - 21:31:03: [polymorph.amxx] Vote: Voting for the next mod started
L 02/28/2025 - 21:31:27: [polymorph.amxx] Vote: Voting for the next mod finished. The nextmod will be Slender
L 02/28/2025 - 21:31:43: [polymorph.amxx] Vote: Voting for the nextmap started
L 02/28/2025 - 21:32:07: [polymorph.amxx] Vote: Voting for the nextmap finished. The nextmap will be de_dust2
L 02/28/2025 - 21:33:11: -------- Mapchange to de_dust2 --------
L 02/28/2025 - 21:33:11: [AMXX] Plugin "poly_csdm_off.amxx" failed to load: Plugin uses an unknown function (name "csdm_set_active") - check your modules.ini.
L 02/28/2025 - 21:33:13: [polymorph.amxx] performance issue. Function plugin_cfg executed more than 1280.3ms.
L 02/28/2025 - 21:54:13: [polymorph.amxx] Vote: Voting for the nextmap started
L 02/28/2025 - 21:54:37: [polymorph.amxx] Vote: Voting for the nextmap finished. The nextmap will be de_aztec
L 02/28/2025 - 21:56:21: -------- Mapchange to de_aztec --------
L 02/28/2025 - 21:56:21: [AMXX] Plugin "poly_csdm_off.amxx" failed to load: Plugin uses an unknown function (name "csdm_set_active") - check your modules.ini.
L 02/28/2025 - 21:56:23: [polymorph.amxx] performance issue. Function plugin_cfg executed more than 1268.7ms.
L 02/28/2025 - 22:17:23: [polymorph.amxx] Vote: Voting for the next mod started
L 02/28/2025 - 22:17:47: [polymorph.amxx] Vote: Voting for the next mod finished. The nextmod will be Slender
L 02/28/2025 - 22:18:04: [polymorph.amxx] Vote: Voting for the nextmap started
L 02/28/2025 - 22:18:28: [polymorph.amxx] Vote: Voting for the nextmap finished. The nextmap will be de_dust2
L 02/28/2025 - 22:19:32: -------- Mapchange to de_dust2 --------
L 02/28/2025 - 22:19:32: [AMXX] Plugin "poly_csdm_off.amxx" failed to load: Plugin uses an unknown function (name "csdm_set_active") - check your modules.ini.
L 02/28/2025 - 22:19:33: [polymorph.amxx] performance issue. Function plugin_cfg executed more than 1265.6ms.
L 02/28/2025 - 22:40:33: [polymorph.amxx] Vote: Voting for the nextmap started
L 02/28/2025 - 22:40:57: [polymorph.amxx] Vote: Voting for the nextmap finished. The nextmap will be de_aztec
L 02/28/2025 - 22:42:42: -------- Mapchange to de_aztec --------
L 02/28/2025 - 22:42:42: [AMXX] Plugin "poly_csdm_off.amxx" failed to load: Plugin uses an unknown function (name "csdm_set_active") - check your modules.ini.
L 02/28/2025 - 22:42:43: [polymorph.amxx] performance issue. Function plugin_cfg executed more than 1265.6ms.
L 02/28/2025 - 23:03:44: [polymorph.amxx] Vote: Voting for the next mod started
L 02/28/2025 - 23:04:08: [polymorph.amxx] Vote: Voting for the next mod finished. The nextmod will be Free-For-All
L 02/28/2025 - 23:04:24: [polymorph.amxx] Vote: Voting for the nextmap started
L 02/28/2025 - 23:04:48: [polymorph.amxx] Vote: Voting for the nextmap finished. The nextmap will be cs_assault
L 02/28/2025 - 23:05:52: -------- Mapchange to cs_assault --------
L 02/28/2025 - 23:05:52: [AMXX] Plugin "poly_csdm_off.amxx" failed to load: Plugin uses an unknown function (name "csdm_set_active") - check your modules.ini.
L 02/28/2025 - 23:05:53: [polymorph.amxx] performance issue. Function plugin_cfg executed more than 1272.8ms.
L 02/28/2025 - 23:22:54: [polymorph.amxx] Vote: Voting for the nextmap started
L 02/28/2025 - 23:23:18: [polymorph.amxx] Vote: Voting for the nextmap finished. The nextmap will be de_chateau
L 02/28/2025 - 23:25:02: -------- Mapchange to de_chateau --------
L 02/28/2025 - 23:25:02: [AMXX] Plugin "poly_csdm_off.amxx" failed to load: Plugin uses an unknown function (name "csdm_set_active") - check your modules.ini.
L 02/28/2025 - 23:25:03: [polymorph.amxx] performance issue. Function plugin_cfg executed more than 1275.6ms.
L 02/28/2025 - 23:42:03: [polymorph.amxx] Vote: Voting for the nextmap started
L 02/28/2025 - 23:42:27: [polymorph.amxx] Vote: Voting for the nextmap finished. The nextmap will be cs_assault
L 02/28/2025 - 23:44:12: -------- Mapchange to cs_assault --------
L 02/28/2025 - 23:44:12: [AMXX] Plugin "poly_csdm_off.amxx" failed to load: Plugin uses an unknown function (name "csdm_set_active") - check your modules.ini.
L 02/28/2025 - 23:44:13: [polymorph.amxx] performance issue. Function plugin_cfg executed more than 1260.7ms.
