L 02/20/2025 - 00:00:31: [polymorph.amxx] performance issue. Function plugin_init executed more than 272.2ms.
L 02/20/2025 - 00:00:49: [polymorph.amxx] performance issue. Function plugin_cfg executed more than 15101.2ms.
L 02/20/2025 - 00:22:53: [polymorph.amxx] Vote: Voting for the next mod started
L 02/20/2025 - 00:22:54: [polymorph.amxx] performance issue. Function TaskVoteTimer executed more than 1220.6ms.
L 02/20/2025 - 00:23:18: [polymorph.amxx] Vote: Voting for the next mod finished. The nextmod will be HideN-Seek
L 02/20/2025 - 00:23:34: [polymorph.amxx] Vote: Voting for the nextmap started
L 02/20/2025 - 00:23:58: [polymorph.amxx] Vote: Voting for the nextmap finished. The nextmap will be cs_estate
L 02/20/2025 - 00:25:05: [polymorph.amxx] performance issue. Function plugin_end executed more than 2576.6ms.
L 02/20/2025 - 00:25:33: -------- Mapchange to cs_estate --------
L 02/20/2025 - 00:26:18: [AMXX] Plugin "poly_csdm_off.amxx" failed to load: Plugin uses an unknown function (name "csdm_set_active") - check your modules.ini.
L 02/20/2025 - 00:28:22: [polymorph.amxx] performance issue. Function plugin_init executed more than 339.1ms.
L 02/20/2025 - 00:28:43: [polymorph.amxx] performance issue. Function plugin_cfg executed more than 18327.9ms.
L 02/20/2025 - 00:28:45: [uq_jumpstats.amxx] Can't find uq_jumpstats_tops.amxx
L 02/20/2025 - 00:44:42: [polymorph.amxx] Vote: Voting for the nextmap started
L 02/20/2025 - 00:44:42: [polymorph.amxx] performance issue. Function TaskVoteMapTimer executed more than 238.3ms.
L 02/20/2025 - 00:45:06: [polymorph.amxx] Vote: Voting for the nextmap finished. The nextmap will be de_dust
L 02/20/2025 - 00:46:51: -------- Mapchange to de_dust --------
L 02/20/2025 - 00:46:54: [AMXX] Plugin "poly_csdm_off.amxx" failed to load: Plugin uses an unknown function (name "csdm_set_active") - check your modules.ini.
L 02/20/2025 - 00:47:14: [polymorph.amxx] performance issue. Function plugin_init executed more than 4.2ms.
L 02/20/2025 - 00:47:16: [polymorph.amxx] performance issue. Function plugin_cfg executed more than 2618.3ms.
L 02/20/2025 - 00:47:17: [uq_jumpstats.amxx] Can't find uq_jumpstats_tops.amxx
L 02/20/2025 - 01:02:35: [polymorph.amxx] Vote: Voting for the next mod started
L 02/20/2025 - 01:02:37: [polymorph.amxx] performance issue. Function TaskVoteTimer executed more than 2798.4ms.
L 02/20/2025 - 01:03:01: [polymorph.amxx] Vote: Voting for the next mod finished. The nextmod will be Zombie-Plague
L 02/20/2025 - 01:03:17: [polymorph.amxx] Vote: Voting for the nextmap started
L 02/20/2025 - 01:03:41: [polymorph.amxx] Vote: Voting for the nextmap finished. The nextmap will be zm_ice_attack
L 02/20/2025 - 01:04:49: [polymorph.amxx] performance issue. Function plugin_end executed more than 3680.0ms.
L 02/20/2025 - 01:05:27: -------- Mapchange to zm_ice_attack --------
L 02/20/2025 - 01:06:03: [AMXX] Plugin "poly_csdm_off.amxx" failed to load: Plugin uses an unknown function (name "csdm_set_active") - check your modules.ini.
L 02/20/2025 - 01:06:40: [zombie_plague43.amxx] performance issue. Function plugin_precache executed more than 18263.2ms.
L 02/20/2025 - 01:06:41: [zombie_plague43.amxx] performance issue. Function native_register_zombie_class executed more than 884.0ms.
L 02/20/2025 - 01:06:42: [zombie_plague43.amxx] performance issue. Function native_register_zombie_class executed more than 643.2ms.
L 02/20/2025 - 01:06:42: [zombie_plague43.amxx] performance issue. Function native_register_zombie_class executed more than 503.0ms.
L 02/20/2025 - 01:06:43: [zombie_plague43.amxx] performance issue. Function native_register_zombie_class executed more than 880.4ms.
L 02/20/2025 - 01:06:43: [zombie_plague43.amxx] performance issue. Function native_register_zombie_class executed more than 380.2ms.
L 02/20/2025 - 01:06:54: [zombie_plague43.amxx] performance issue. Function native_register_zombie_class executed more than 994.0ms.
L 02/20/2025 - 01:06:55: [zombie_plague43.amxx] performance issue. Function native_register_zombie_class executed more than 449.8ms.
L 02/20/2025 - 01:06:56: [zombie_plague43.amxx] performance issue. Function native_register_zombie_class executed more than 996.5ms.
L 02/20/2025 - 01:07:59: [polymorph.amxx] performance issue. Function plugin_init executed more than 483.9ms.
L 02/20/2025 - 01:08:02: [zombie_plague43.amxx] performance issue. Function plugin_init executed more than 870.0ms.
L 02/20/2025 - 01:08:10: [polymorph.amxx] performance issue. Function plugin_cfg executed more than 7709.8ms.
L 02/20/2025 - 01:27:34: [polymorph.amxx] Vote: Voting for the nextmap started
L 02/20/2025 - 01:27:34: [polymorph.amxx] performance issue. Function TaskVoteMapTimer executed more than 102.8ms.
L 02/20/2025 - 01:27:58: [polymorph.amxx] Vote: Voting for the nextmap finished. The nextmap will be zm_toronto
L 02/20/2025 - 01:30:07: -------- Mapchange to zm_toronto --------
L 02/20/2025 - 01:30:12: [AMXX] Plugin "poly_csdm_off.amxx" failed to load: Plugin uses an unknown function (name "csdm_set_active") - check your modules.ini.
L 02/20/2025 - 01:30:29: [zombie_plague43.amxx] performance issue. Function plugin_precache executed more than 5406.3ms.
L 02/20/2025 - 01:30:30: [zombie_plague43.amxx] performance issue. Function native_register_zombie_class executed more than 342.3ms.
L 02/20/2025 - 01:30:30: [zombie_plague43.amxx] performance issue. Function native_register_zombie_class executed more than 140.8ms.
L 02/20/2025 - 01:30:30: [zombie_plague43.amxx] performance issue. Function native_register_zombie_class executed more than 341.7ms.
L 02/20/2025 - 01:30:30: [zombie_plague43.amxx] performance issue. Function native_register_zombie_class executed more than 382.9ms.
L 02/20/2025 - 01:30:31: [zombie_plague43.amxx] performance issue. Function native_register_zombie_class executed more than 314.0ms.
L 02/20/2025 - 01:30:41: [zombie_plague43.amxx] performance issue. Function native_register_zombie_class executed more than 3062.1ms.
L 02/20/2025 - 01:30:41: [zombie_plague43.amxx] performance issue. Function native_register_zombie_class executed more than 55.7ms.
L 02/20/2025 - 01:30:41: [zombie_plague43.amxx] performance issue. Function native_register_zombie_class executed more than 148.5ms.
L 02/20/2025 - 01:31:11: [polymorph.amxx] performance issue. Function plugin_init executed more than 102.7ms.
L 02/20/2025 - 01:31:13: [zombie_plague43.amxx] performance issue. Function plugin_init executed more than 636.8ms.
L 02/20/2025 - 01:31:16: [polymorph.amxx] performance issue. Function plugin_cfg executed more than 3280.8ms.
L 02/20/2025 - 01:50:19: [polymorph.amxx] Vote: Voting for the nextmap started
L 02/20/2025 - 01:50:20: [polymorph.amxx] performance issue. Function TaskVoteMapTimer executed more than 459.2ms.
L 02/20/2025 - 01:50:43: [polymorph.amxx] Vote: Voting for the nextmap finished. The nextmap will be zm_ice_attack
L 02/20/2025 - 01:52:31: -------- Mapchange to zm_ice_attack --------
L 02/20/2025 - 01:52:37: [AMXX] Plugin "poly_csdm_off.amxx" failed to load: Plugin uses an unknown function (name "csdm_set_active") - check your modules.ini.
L 02/20/2025 - 01:52:38: [zombie_plague43.amxx] performance issue. Function plugin_precache executed more than 762.1ms.
L 02/20/2025 - 01:52:38: [zombie_plague43.amxx] performance issue. Function native_register_zombie_class executed more than 19.0ms.
L 02/20/2025 - 01:52:38: [zombie_plague43.amxx] performance issue. Function native_register_zombie_class executed more than 23.4ms.
L 02/20/2025 - 01:52:38: [zombie_plague43.amxx] performance issue. Function native_register_zombie_class executed more than 9.2ms.
L 02/20/2025 - 01:52:38: [zombie_plague43.amxx] performance issue. Function native_register_zombie_class executed more than 4.9ms.
L 02/20/2025 - 01:52:38: [zombie_plague43.amxx] performance issue. Function native_register_zombie_class executed more than 4.7ms.
L 02/20/2025 - 01:52:38: [zombie_plague43.amxx] performance issue. Function native_register_zombie_class executed more than 7.2ms.
L 02/20/2025 - 01:52:38: [zombie_plague43.amxx] performance issue. Function native_register_zombie_class executed more than 2.4ms.
L 02/20/2025 - 01:52:38: [zombie_plague43.amxx] performance issue. Function native_register_zombie_class executed more than 6.3ms.
L 02/20/2025 - 01:52:39: [zombie_plague43.amxx] performance issue. Function plugin_init executed more than 4.2ms.
L 02/20/2025 - 01:52:40: [polymorph.amxx] performance issue. Function plugin_cfg executed more than 1243.3ms.
L 02/20/2025 - 02:11:41: [polymorph.amxx] Vote: Voting for the next mod started
L 02/20/2025 - 02:12:05: [polymorph.amxx] Vote: Voting for the next mod finished. The nextmod will be CScout
L 02/20/2025 - 02:12:21: [polymorph.amxx] Vote: Voting for the nextmap started
L 02/20/2025 - 02:12:45: [polymorph.amxx] Vote: Voting for the nextmap finished. The nextmap will be de_dust2
L 02/20/2025 - 02:13:49: [polymorph.amxx] performance issue. Function plugin_end executed more than 33.5ms.
L 02/20/2025 - 02:13:49: -------- Mapchange to de_dust2 --------
L 02/20/2025 - 02:13:50: [AMXX] Plugin "poly_csdm_off.amxx" failed to load: Plugin uses an unknown function (name "csdm_set_active") - check your modules.ini.
L 02/20/2025 - 02:13:52: [polymorph.amxx] performance issue. Function plugin_cfg executed more than 1267.2ms.
L 02/20/2025 - 02:31:52: [polymorph.amxx] Vote: Voting for the nextmap started
L 02/20/2025 - 02:32:16: [polymorph.amxx] Vote: Voting for the nextmap finished. The nextmap will be de_inferno
L 02/20/2025 - 02:34:00: -------- Mapchange to de_inferno --------
L 02/20/2025 - 02:34:00: [AMXX] Plugin "poly_csdm_off.amxx" failed to load: Plugin uses an unknown function (name "csdm_set_active") - check your modules.ini.
L 02/20/2025 - 02:34:02: [polymorph.amxx] performance issue. Function plugin_cfg executed more than 1270.6ms.
L 02/20/2025 - 02:52:02: [polymorph.amxx] Vote: Voting for the nextmap started
L 02/20/2025 - 02:52:26: [polymorph.amxx] Vote: Voting for the nextmap finished. The nextmap will be de_dust2
L 02/20/2025 - 02:54:10: -------- Mapchange to de_dust2 --------
L 02/20/2025 - 02:54:10: [AMXX] Plugin "poly_csdm_off.amxx" failed to load: Plugin uses an unknown function (name "csdm_set_active") - check your modules.ini.
L 02/20/2025 - 02:54:12: [polymorph.amxx] performance issue. Function plugin_cfg executed more than 1251.4ms.
L 02/20/2025 - 03:12:12: [polymorph.amxx] Vote: Voting for the next mod started
L 02/20/2025 - 03:12:36: [polymorph.amxx] Vote: Voting for the next mod finished. The nextmod will be HideN-Seek
L 02/20/2025 - 03:12:52: [polymorph.amxx] Vote: Voting for the nextmap started
L 02/20/2025 - 03:13:16: [polymorph.amxx] Vote: Voting for the nextmap finished. The nextmap will be cs_estate
L 02/20/2025 - 03:14:21: -------- Mapchange to cs_estate --------
L 02/20/2025 - 03:14:21: [AMXX] Plugin "poly_csdm_off.amxx" failed to load: Plugin uses an unknown function (name "csdm_set_active") - check your modules.ini.
L 02/20/2025 - 03:14:23: [polymorph.amxx] performance issue. Function plugin_cfg executed more than 1256.3ms.
L 02/20/2025 - 03:14:23: [uq_jumpstats.amxx] Can't find uq_jumpstats_tops.amxx
L 02/20/2025 - 03:29:24: [polymorph.amxx] Vote: Voting for the nextmap started
L 02/20/2025 - 03:29:48: [polymorph.amxx] Vote: Voting for the nextmap finished. The nextmap will be de_dust
L 02/20/2025 - 03:31:32: -------- Mapchange to de_dust --------
L 02/20/2025 - 03:31:32: [AMXX] Plugin "poly_csdm_off.amxx" failed to load: Plugin uses an unknown function (name "csdm_set_active") - check your modules.ini.
L 02/20/2025 - 03:31:34: [polymorph.amxx] performance issue. Function plugin_cfg executed more than 1257.1ms.
L 02/20/2025 - 03:31:34: [uq_jumpstats.amxx] Can't find uq_jumpstats_tops.amxx
L 02/20/2025 - 03:46:35: [polymorph.amxx] Vote: Voting for the next mod started
L 02/20/2025 - 03:46:59: [polymorph.amxx] Vote: Voting for the next mod finished. The nextmod will be HideN-Seek
L 02/20/2025 - 03:47:15: [polymorph.amxx] Vote: Voting for the nextmap started
L 02/20/2025 - 03:47:39: [polymorph.amxx] Vote: Voting for the nextmap finished. The nextmap will be cs_estate
L 02/20/2025 - 03:48:43: -------- Mapchange to cs_estate --------
L 02/20/2025 - 03:48:43: [AMXX] Plugin "poly_csdm_off.amxx" failed to load: Plugin uses an unknown function (name "csdm_set_active") - check your modules.ini.
L 02/20/2025 - 03:48:44: [polymorph.amxx] performance issue. Function plugin_cfg executed more than 1253.8ms.
L 02/20/2025 - 03:48:44: [uq_jumpstats.amxx] Can't find uq_jumpstats_tops.amxx
L 02/20/2025 - 04:03:45: [polymorph.amxx] Vote: Voting for the nextmap started
L 02/20/2025 - 04:04:09: [polymorph.amxx] Vote: Voting for the nextmap finished. The nextmap will be de_dust
L 02/20/2025 - 04:05:53: -------- Mapchange to de_dust --------
L 02/20/2025 - 04:05:53: [AMXX] Plugin "poly_csdm_off.amxx" failed to load: Plugin uses an unknown function (name "csdm_set_active") - check your modules.ini.
L 02/20/2025 - 04:05:54: [polymorph.amxx] performance issue. Function plugin_cfg executed more than 1249.0ms.
L 02/20/2025 - 04:05:54: [uq_jumpstats.amxx] Can't find uq_jumpstats_tops.amxx
L 02/20/2025 - 04:20:55: [polymorph.amxx] Vote: Voting for the next mod started
L 02/20/2025 - 04:21:19: [polymorph.amxx] Vote: Voting for the next mod finished. The nextmod will be Vip
L 02/20/2025 - 04:21:35: [polymorph.amxx] Vote: Voting for the nextmap started
L 02/20/2025 - 04:21:59: [polymorph.amxx] Vote: Voting for the nextmap finished. The nextmap will be as_oilrig
L 02/20/2025 - 04:23:03: -------- Mapchange to as_oilrig --------
L 02/20/2025 - 04:23:03: [AMXX] Plugin "poly_csdm_off.amxx" failed to load: Plugin uses an unknown function (name "csdm_set_active") - check your modules.ini.
L 02/20/2025 - 04:23:05: [polymorph.amxx] performance issue. Function plugin_cfg executed more than 1248.0ms.
L 02/20/2025 - 04:46:06: [polymorph.amxx] Vote: Voting for the nextmap started
L 02/20/2025 - 04:46:30: [polymorph.amxx] Vote: Voting for the nextmap finished. The nextmap will be as_crazytank3
L 02/20/2025 - 04:48:14: -------- Mapchange to as_crazytank3 --------
L 02/20/2025 - 04:48:14: [AMXX] Plugin "poly_csdm_off.amxx" failed to load: Plugin uses an unknown function (name "csdm_set_active") - check your modules.ini.
L 02/20/2025 - 04:48:16: [polymorph.amxx] performance issue. Function plugin_cfg executed more than 1252.7ms.
L 02/20/2025 - 05:11:16: [polymorph.amxx] Vote: Voting for the nextmap started
L 02/20/2025 - 05:11:40: [polymorph.amxx] Vote: Voting for the nextmap finished. The nextmap will be as_oilrig
L 02/20/2025 - 05:13:24: -------- Mapchange to as_oilrig --------
L 02/20/2025 - 05:13:24: [AMXX] Plugin "poly_csdm_off.amxx" failed to load: Plugin uses an unknown function (name "csdm_set_active") - check your modules.ini.
L 02/20/2025 - 05:13:26: [polymorph.amxx] performance issue. Function plugin_cfg executed more than 1269.8ms.
L 02/20/2025 - 05:36:26: [polymorph.amxx] Vote: Voting for the next mod started
L 02/20/2025 - 05:36:50: [polymorph.amxx] Vote: Voting for the next mod finished. The nextmod will be Rubaka
L 02/20/2025 - 05:37:06: [polymorph.amxx] Vote: Voting for the nextmap started
L 02/20/2025 - 05:37:30: [polymorph.amxx] Vote: Voting for the nextmap finished. The nextmap will be rubaka_2forts
L 02/20/2025 - 05:38:35: -------- Mapchange to rubaka_2forts --------
L 02/20/2025 - 05:38:35: [AMXX] Plugin "poly_csdm_off.amxx" failed to load: Plugin uses an unknown function (name "csdm_set_active") - check your modules.ini.
L 02/20/2025 - 05:38:36: [polymorph.amxx] performance issue. Function plugin_cfg executed more than 1249.8ms.
L 02/20/2025 - 05:59:37: [polymorph.amxx] Vote: Voting for the nextmap started
L 02/20/2025 - 06:00:01: [polymorph.amxx] Vote: Voting for the nextmap finished. The nextmap will be 35hp_gx
L 02/20/2025 - 06:00:18: -------- Mapchange to 35hp_gx --------
L 02/20/2025 - 06:00:18: [AMXX] Plugin "poly_csdm_off.amxx" failed to load: Plugin uses an unknown function (name "csdm_set_active") - check your modules.ini.
L 02/20/2025 - 06:00:20: [polymorph.amxx] performance issue. Function plugin_cfg executed more than 1243.8ms.
L 02/20/2025 - 06:21:20: [polymorph.amxx] Vote: Voting for the next mod started
L 02/20/2025 - 06:21:44: [polymorph.amxx] Vote: Voting for the next mod finished. The nextmod will be Gungame
L 02/20/2025 - 06:22:00: [polymorph.amxx] Vote: Voting for the nextmap started
L 02/20/2025 - 06:22:01: -------- Mapchange to fy_titanic --------
L 02/20/2025 - 06:22:01: Invalid multi-lingual line (file "cstrike/addons/amxmodx/data/lang/gungame.txt" key "// For GunGame 2.13 - last updated 10:58 PM 1/2/2013" lang "")
L 02/20/2025 - 06:22:03: [polymorph.amxx] performance issue. Function plugin_cfg executed more than 1253.0ms.
L 02/20/2025 - 07:05:02: [mapchooser.amxx] Vote: Voting for the nextmap started
L 02/20/2025 - 07:05:03: [polymorph.amxx] Vote: Voting for the nextmap started
L 02/20/2025 - 07:05:17: [mapchooser.amxx] Vote: Voting for the nextmap finished. The nextmap will be fy_pool_suite
L 02/20/2025 - 07:05:27: [polymorph.amxx] Vote: Voting for the nextmap finished. The nextmap will be fy_pool_suite
L 02/20/2025 - 07:07:11: -------- Mapchange to fy_pool_suite --------
L 02/20/2025 - 07:07:12: Invalid multi-lingual line (file "cstrike/addons/amxmodx/data/lang/gungame.txt" key "// For GunGame 2.13 - last updated 10:58 PM 1/2/2013" lang "")
L 02/20/2025 - 07:07:13: [polymorph.amxx] performance issue. Function plugin_cfg executed more than 1267.1ms.
L 02/20/2025 - 07:50:12: [mapchooser.amxx] Vote: Voting for the nextmap started
L 02/20/2025 - 07:50:13: [polymorph.amxx] Vote: Voting for the nextmap started
L 02/20/2025 - 07:50:28: [mapchooser.amxx] Vote: Voting for the nextmap finished. The nextmap will be fy_titanic
L 02/20/2025 - 07:50:37: [polymorph.amxx] Vote: Voting for the nextmap finished. The nextmap will be fy_titanic
L 02/20/2025 - 07:52:22: -------- Mapchange to fy_titanic --------
L 02/20/2025 - 07:52:22: Invalid multi-lingual line (file "cstrike/addons/amxmodx/data/lang/gungame.txt" key "// For GunGame 2.13 - last updated 10:58 PM 1/2/2013" lang "")
L 02/20/2025 - 07:52:23: [polymorph.amxx] performance issue. Function plugin_cfg executed more than 1249.4ms.
L 02/20/2025 - 08:35:23: [mapchooser.amxx] Vote: Voting for the nextmap started
L 02/20/2025 - 08:35:24: [polymorph.amxx] Vote: Voting for the next mod started
L 02/20/2025 - 08:35:38: [mapchooser.amxx] Vote: Voting for the nextmap finished. The nextmap will be de_dust2
L 02/20/2025 - 08:35:48: [polymorph.amxx] Vote: Voting for the next mod finished. The nextmod will be Rubaka
L 02/20/2025 - 08:36:04: [polymorph.amxx] Vote: Voting for the nextmap started
L 02/20/2025 - 08:36:28: [polymorph.amxx] Vote: Voting for the nextmap finished. The nextmap will be rubaka_2forts
L 02/20/2025 - 08:37:32: -------- Mapchange to rubaka_2forts --------
L 02/20/2025 - 08:37:32: [AMXX] Plugin "poly_csdm_off.amxx" failed to load: Plugin uses an unknown function (name "csdm_set_active") - check your modules.ini.
L 02/20/2025 - 08:37:33: [polymorph.amxx] performance issue. Function plugin_cfg executed more than 1252.9ms.
L 02/20/2025 - 08:58:34: [polymorph.amxx] Vote: Voting for the nextmap started
L 02/20/2025 - 08:58:58: [polymorph.amxx] Vote: Voting for the nextmap finished. The nextmap will be rubaka_orange_x
L 02/20/2025 - 08:59:15: -------- Mapchange to rubaka_orange_x --------
L 02/20/2025 - 08:59:15: [AMXX] Plugin "poly_csdm_off.amxx" failed to load: Plugin uses an unknown function (name "csdm_set_active") - check your modules.ini.
L 02/20/2025 - 08:59:16: [polymorph.amxx] performance issue. Function plugin_cfg executed more than 1245.3ms.
L 02/20/2025 - 09:20:17: [polymorph.amxx] Vote: Voting for the next mod started
L 02/20/2025 - 09:20:41: [polymorph.amxx] Vote: Voting for the next mod finished. The nextmod will be Zombie-Plague
L 02/20/2025 - 09:20:57: [polymorph.amxx] Vote: Voting for the nextmap started
L 02/20/2025 - 09:20:58: -------- Mapchange to zm_ice_attack --------
L 02/20/2025 - 09:20:58: [AMXX] Plugin "poly_csdm_off.amxx" failed to load: Plugin uses an unknown function (name "csdm_set_active") - check your modules.ini.
L 02/20/2025 - 09:20:58: [zombie_plague43.amxx] performance issue. Function plugin_precache executed more than 66.2ms.
L 02/20/2025 - 09:20:58: [zombie_plague43.amxx] performance issue. Function native_register_zombie_class executed more than 4.2ms.
L 02/20/2025 - 09:20:58: [zombie_plague43.amxx] performance issue. Function native_register_zombie_class executed more than 7.1ms.
L 02/20/2025 - 09:20:58: [zombie_plague43.amxx] performance issue. Function native_register_zombie_class executed more than 5.6ms.
L 02/20/2025 - 09:20:58: [zombie_plague43.amxx] performance issue. Function native_register_zombie_class executed more than 3.7ms.
L 02/20/2025 - 09:20:58: [zombie_plague43.amxx] performance issue. Function native_register_zombie_class executed more than 4.1ms.
L 02/20/2025 - 09:20:58: [zombie_plague43.amxx] performance issue. Function native_register_zombie_class executed more than 7.2ms.
L 02/20/2025 - 09:20:58: [zombie_plague43.amxx] performance issue. Function native_register_zombie_class executed more than 2.4ms.
L 02/20/2025 - 09:20:58: [zombie_plague43.amxx] performance issue. Function native_register_zombie_class executed more than 6.2ms.
L 02/20/2025 - 09:20:58: [zombie_plague43.amxx] performance issue. Function plugin_init executed more than 3.7ms.
L 02/20/2025 - 09:20:59: [polymorph.amxx] performance issue. Function plugin_cfg executed more than 1259.5ms.
L 02/20/2025 - 09:40:00: [polymorph.amxx] Vote: Voting for the nextmap started
L 02/20/2025 - 09:40:24: [polymorph.amxx] Vote: Voting for the nextmap finished. The nextmap will be zm_toronto
L 02/20/2025 - 09:42:08: -------- Mapchange to zm_toronto --------
L 02/20/2025 - 09:42:08: [AMXX] Plugin "poly_csdm_off.amxx" failed to load: Plugin uses an unknown function (name "csdm_set_active") - check your modules.ini.
L 02/20/2025 - 09:42:08: [zombie_plague43.amxx] performance issue. Function plugin_precache executed more than 65.7ms.
L 02/20/2025 - 09:42:08: [zombie_plague43.amxx] performance issue. Function native_register_zombie_class executed more than 4.1ms.
L 02/20/2025 - 09:42:08: [zombie_plague43.amxx] performance issue. Function native_register_zombie_class executed more than 7.1ms.
L 02/20/2025 - 09:42:08: [zombie_plague43.amxx] performance issue. Function native_register_zombie_class executed more than 5.5ms.
L 02/20/2025 - 09:42:08: [zombie_plague43.amxx] performance issue. Function native_register_zombie_class executed more than 3.5ms.
L 02/20/2025 - 09:42:08: [zombie_plague43.amxx] performance issue. Function native_register_zombie_class executed more than 4.1ms.
L 02/20/2025 - 09:42:08: [zombie_plague43.amxx] performance issue. Function native_register_zombie_class executed more than 7.2ms.
L 02/20/2025 - 09:42:08: [zombie_plague43.amxx] performance issue. Function native_register_zombie_class executed more than 2.2ms.
L 02/20/2025 - 09:42:08: [zombie_plague43.amxx] performance issue. Function native_register_zombie_class executed more than 6.2ms.
L 02/20/2025 - 09:42:09: [zombie_plague43.amxx] performance issue. Function plugin_init executed more than 3.7ms.
L 02/20/2025 - 09:42:10: [polymorph.amxx] performance issue. Function plugin_cfg executed more than 1258.7ms.
L 02/20/2025 - 10:01:11: [polymorph.amxx] Vote: Voting for the nextmap started
L 02/20/2025 - 10:01:35: [polymorph.amxx] Vote: Voting for the nextmap finished. The nextmap will be zm_ice_attack
L 02/20/2025 - 10:03:19: -------- Mapchange to zm_ice_attack --------
L 02/20/2025 - 10:03:19: [AMXX] Plugin "poly_csdm_off.amxx" failed to load: Plugin uses an unknown function (name "csdm_set_active") - check your modules.ini.
L 02/20/2025 - 10:03:19: [zombie_plague43.amxx] performance issue. Function plugin_precache executed more than 65.6ms.
L 02/20/2025 - 10:03:19: [zombie_plague43.amxx] performance issue. Function native_register_zombie_class executed more than 4.2ms.
L 02/20/2025 - 10:03:19: [zombie_plague43.amxx] performance issue. Function native_register_zombie_class executed more than 7.1ms.
L 02/20/2025 - 10:03:19: [zombie_plague43.amxx] performance issue. Function native_register_zombie_class executed more than 5.6ms.
L 02/20/2025 - 10:03:19: [zombie_plague43.amxx] performance issue. Function native_register_zombie_class executed more than 3.5ms.
L 02/20/2025 - 10:03:19: [zombie_plague43.amxx] performance issue. Function native_register_zombie_class executed more than 4.1ms.
L 02/20/2025 - 10:03:19: [zombie_plague43.amxx] performance issue. Function native_register_zombie_class executed more than 7.3ms.
L 02/20/2025 - 10:03:19: [zombie_plague43.amxx] performance issue. Function native_register_zombie_class executed more than 2.2ms.
L 02/20/2025 - 10:03:19: [zombie_plague43.amxx] performance issue. Function native_register_zombie_class executed more than 6.2ms.
L 02/20/2025 - 10:03:19: [zombie_plague43.amxx] performance issue. Function plugin_init executed more than 3.6ms.
L 02/20/2025 - 10:03:20: [polymorph.amxx] performance issue. Function plugin_cfg executed more than 1244.4ms.
L 02/20/2025 - 10:22:21: [polymorph.amxx] Vote: Voting for the next mod started
L 02/20/2025 - 10:22:45: [polymorph.amxx] Vote: Voting for the next mod finished. The nextmod will be Rubaka
L 02/20/2025 - 10:23:01: [polymorph.amxx] Vote: Voting for the nextmap started
L 02/20/2025 - 10:23:25: [polymorph.amxx] Vote: Voting for the nextmap finished. The nextmap will be rubaka_2forts
L 02/20/2025 - 10:24:29: -------- Mapchange to rubaka_2forts --------
L 02/20/2025 - 10:24:29: [AMXX] Plugin "poly_csdm_off.amxx" failed to load: Plugin uses an unknown function (name "csdm_set_active") - check your modules.ini.
L 02/20/2025 - 10:24:32: [polymorph.amxx] performance issue. Function plugin_cfg executed more than 1237.5ms.
L 02/20/2025 - 10:45:32: [polymorph.amxx] Vote: Voting for the nextmap started
L 02/20/2025 - 10:45:56: [polymorph.amxx] Vote: Voting for the nextmap finished. The nextmap will be rubaka_arena
L 02/20/2025 - 10:46:13: -------- Mapchange to rubaka_arena --------
L 02/20/2025 - 10:46:13: [AMXX] Plugin "poly_csdm_off.amxx" failed to load: Plugin uses an unknown function (name "csdm_set_active") - check your modules.ini.
L 02/20/2025 - 10:46:15: [polymorph.amxx] performance issue. Function plugin_cfg executed more than 1251.0ms.
L 02/20/2025 - 11:07:15: [polymorph.amxx] Vote: Voting for the next mod started
L 02/20/2025 - 11:07:39: [polymorph.amxx] Vote: Voting for the next mod finished. The nextmod will be Banderas
L 02/20/2025 - 11:07:55: [polymorph.amxx] Vote: Voting for the nextmap started
L 02/20/2025 - 11:07:56: -------- Mapchange to de_dust2 --------
L 02/20/2025 - 11:07:56: [AMXX] Plugin "poly_csdm_off.amxx" failed to load: Plugin uses an unknown function (name "csdm_set_active") - check your modules.ini.
L 02/20/2025 - 11:07:58: [polymorph.amxx] performance issue. Function plugin_cfg executed more than 1240.5ms.
L 02/20/2025 - 11:25:58: [polymorph.amxx] Vote: Voting for the nextmap started
L 02/20/2025 - 11:26:22: [polymorph.amxx] Vote: Voting for the nextmap finished. The nextmap will be surf_iceday_remake
L 02/20/2025 - 11:28:07: -------- Mapchange to surf_iceday_remake --------
L 02/20/2025 - 11:28:07: [AMXX] Plugin "poly_csdm_off.amxx" failed to load: Plugin uses an unknown function (name "csdm_set_active") - check your modules.ini.
L 02/20/2025 - 11:28:09: [polymorph.amxx] performance issue. Function plugin_cfg executed more than 1255.2ms.
L 02/20/2025 - 11:46:09: [polymorph.amxx] Vote: Voting for the next mod started
L 02/20/2025 - 11:46:33: [polymorph.amxx] Vote: Voting for the next mod finished. The nextmod will be Free-For-All
L 02/20/2025 - 11:46:49: [polymorph.amxx] Vote: Voting for the nextmap started
L 02/20/2025 - 11:47:13: [polymorph.amxx] Vote: Voting for the nextmap finished. The nextmap will be cs_assault
L 02/20/2025 - 11:48:17: -------- Mapchange to cs_assault --------
L 02/20/2025 - 11:48:18: [AMXX] Plugin "poly_csdm_off.amxx" failed to load: Plugin uses an unknown function (name "csdm_set_active") - check your modules.ini.
L 02/20/2025 - 11:48:19: [polymorph.amxx] performance issue. Function plugin_cfg executed more than 1243.6ms.
L 02/20/2025 - 12:05:19: [polymorph.amxx] Vote: Voting for the nextmap started
L 02/20/2025 - 12:05:44: [polymorph.amxx] Vote: Voting for the nextmap finished. The nextmap will be de_chateau
L 02/20/2025 - 12:07:28: -------- Mapchange to de_chateau --------
L 02/20/2025 - 12:07:28: [AMXX] Plugin "poly_csdm_off.amxx" failed to load: Plugin uses an unknown function (name "csdm_set_active") - check your modules.ini.
L 02/20/2025 - 12:07:30: [polymorph.amxx] performance issue. Function plugin_cfg executed more than 1249.6ms.
L 02/20/2025 - 12:24:30: [polymorph.amxx] Vote: Voting for the nextmap started
L 02/20/2025 - 12:24:54: [polymorph.amxx] Vote: Voting for the nextmap finished. The nextmap will be cs_assault
L 02/20/2025 - 12:26:38: -------- Mapchange to cs_assault --------
L 02/20/2025 - 12:26:38: [AMXX] Plugin "poly_csdm_off.amxx" failed to load: Plugin uses an unknown function (name "csdm_set_active") - check your modules.ini.
L 02/20/2025 - 12:26:40: [polymorph.amxx] performance issue. Function plugin_cfg executed more than 1249.1ms.
L 02/20/2025 - 12:43:40: [polymorph.amxx] Vote: Voting for the next mod started
L 02/20/2025 - 12:44:04: [polymorph.amxx] Vote: Voting for the next mod finished. The nextmod will be HideN-Seek
L 02/20/2025 - 12:44:20: [polymorph.amxx] Vote: Voting for the nextmap started
L 02/20/2025 - 12:44:44: [polymorph.amxx] Vote: Voting for the nextmap finished. The nextmap will be cs_estate
L 02/20/2025 - 12:45:48: -------- Mapchange to cs_estate --------
L 02/20/2025 - 12:45:48: [AMXX] Plugin "poly_csdm_off.amxx" failed to load: Plugin uses an unknown function (name "csdm_set_active") - check your modules.ini.
L 02/20/2025 - 12:45:50: [polymorph.amxx] performance issue. Function plugin_cfg executed more than 1241.4ms.
L 02/20/2025 - 12:45:50: [uq_jumpstats.amxx] Can't find uq_jumpstats_tops.amxx
L 02/20/2025 - 13:00:50: [polymorph.amxx] Vote: Voting for the nextmap started
L 02/20/2025 - 13:01:14: [polymorph.amxx] Vote: Voting for the nextmap finished. The nextmap will be de_dust
L 02/20/2025 - 13:02:58: -------- Mapchange to de_dust --------
L 02/20/2025 - 13:02:58: [AMXX] Plugin "poly_csdm_off.amxx" failed to load: Plugin uses an unknown function (name "csdm_set_active") - check your modules.ini.
L 02/20/2025 - 13:03:00: [polymorph.amxx] performance issue. Function plugin_cfg executed more than 1256.4ms.
L 02/20/2025 - 13:03:00: [uq_jumpstats.amxx] Can't find uq_jumpstats_tops.amxx
L 02/20/2025 - 13:18:00: [polymorph.amxx] Vote: Voting for the next mod started
L 02/20/2025 - 13:18:24: [polymorph.amxx] Vote: Voting for the next mod finished. The nextmod will be CScout
L 02/20/2025 - 13:18:40: [polymorph.amxx] Vote: Voting for the nextmap started
L 02/20/2025 - 13:19:05: [polymorph.amxx] Vote: Voting for the nextmap finished. The nextmap will be de_dust2
L 02/20/2025 - 13:20:08: -------- Mapchange to de_dust2 --------
L 02/20/2025 - 13:20:08: [AMXX] Plugin "poly_csdm_off.amxx" failed to load: Plugin uses an unknown function (name "csdm_set_active") - check your modules.ini.
L 02/20/2025 - 13:20:10: [polymorph.amxx] performance issue. Function plugin_cfg executed more than 1239.6ms.
L 02/20/2025 - 13:38:10: [polymorph.amxx] Vote: Voting for the nextmap started
L 02/20/2025 - 13:38:34: [polymorph.amxx] Vote: Voting for the nextmap finished. The nextmap will be de_inferno
L 02/20/2025 - 13:40:18: -------- Mapchange to de_inferno --------
L 02/20/2025 - 13:40:18: [AMXX] Plugin "poly_csdm_off.amxx" failed to load: Plugin uses an unknown function (name "csdm_set_active") - check your modules.ini.
L 02/20/2025 - 13:40:20: [polymorph.amxx] performance issue. Function plugin_cfg executed more than 1250.7ms.
L 02/20/2025 - 13:58:20: [polymorph.amxx] Vote: Voting for the nextmap started
L 02/20/2025 - 13:58:44: [polymorph.amxx] Vote: Voting for the nextmap finished. The nextmap will be de_dust2
L 02/20/2025 - 14:00:28: -------- Mapchange to de_dust2 --------
L 02/20/2025 - 14:00:28: [AMXX] Plugin "poly_csdm_off.amxx" failed to load: Plugin uses an unknown function (name "csdm_set_active") - check your modules.ini.
L 02/20/2025 - 14:00:30: [polymorph.amxx] performance issue. Function plugin_cfg executed more than 1254.3ms.
L 02/20/2025 - 14:18:30: [polymorph.amxx] Vote: Voting for the next mod started
L 02/20/2025 - 14:18:54: [polymorph.amxx] Vote: Voting for the next mod finished. The nextmod will be Zombie-Plague
L 02/20/2025 - 14:19:10: [polymorph.amxx] Vote: Voting for the nextmap started
L 02/20/2025 - 14:19:34: [polymorph.amxx] Vote: Voting for the nextmap finished. The nextmap will be zm_ice_attack
L 02/20/2025 - 14:20:38: -------- Mapchange to zm_ice_attack --------
L 02/20/2025 - 14:20:38: [AMXX] Plugin "poly_csdm_off.amxx" failed to load: Plugin uses an unknown function (name "csdm_set_active") - check your modules.ini.
L 02/20/2025 - 14:20:38: [zombie_plague43.amxx] performance issue. Function plugin_precache executed more than 65.2ms.
L 02/20/2025 - 14:20:38: [zombie_plague43.amxx] performance issue. Function native_register_zombie_class executed more than 4.2ms.
L 02/20/2025 - 14:20:39: [zombie_plague43.amxx] performance issue. Function native_register_zombie_class executed more than 7.2ms.
L 02/20/2025 - 14:20:39: [zombie_plague43.amxx] performance issue. Function native_register_zombie_class executed more than 5.6ms.
L 02/20/2025 - 14:20:39: [zombie_plague43.amxx] performance issue. Function native_register_zombie_class executed more than 3.5ms.
L 02/20/2025 - 14:20:39: [zombie_plague43.amxx] performance issue. Function native_register_zombie_class executed more than 4.1ms.
L 02/20/2025 - 14:20:39: [zombie_plague43.amxx] performance issue. Function native_register_zombie_class executed more than 7.2ms.
L 02/20/2025 - 14:20:39: [zombie_plague43.amxx] performance issue. Function native_register_zombie_class executed more than 2.2ms.
L 02/20/2025 - 14:20:39: [zombie_plague43.amxx] performance issue. Function native_register_zombie_class executed more than 6.2ms.
L 02/20/2025 - 14:20:39: [zombie_plague43.amxx] performance issue. Function plugin_init executed more than 3.8ms.
L 02/20/2025 - 14:20:40: [polymorph.amxx] performance issue. Function plugin_cfg executed more than 1260.2ms.
L 02/20/2025 - 14:39:41: [polymorph.amxx] Vote: Voting for the nextmap started
L 02/20/2025 - 14:40:05: [polymorph.amxx] Vote: Voting for the nextmap finished. The nextmap will be zm_toronto
L 02/20/2025 - 14:41:49: -------- Mapchange to zm_toronto --------
L 02/20/2025 - 14:41:49: [AMXX] Plugin "poly_csdm_off.amxx" failed to load: Plugin uses an unknown function (name "csdm_set_active") - check your modules.ini.
L 02/20/2025 - 14:41:49: [zombie_plague43.amxx] performance issue. Function plugin_precache executed more than 65.3ms.
L 02/20/2025 - 14:41:49: [zombie_plague43.amxx] performance issue. Function native_register_zombie_class executed more than 4.1ms.
L 02/20/2025 - 14:41:49: [zombie_plague43.amxx] performance issue. Function native_register_zombie_class executed more than 7.1ms.
L 02/20/2025 - 14:41:49: [zombie_plague43.amxx] performance issue. Function native_register_zombie_class executed more than 5.5ms.
L 02/20/2025 - 14:41:49: [zombie_plague43.amxx] performance issue. Function native_register_zombie_class executed more than 3.5ms.
L 02/20/2025 - 14:41:49: [zombie_plague43.amxx] performance issue. Function native_register_zombie_class executed more than 4.1ms.
L 02/20/2025 - 14:41:49: [zombie_plague43.amxx] performance issue. Function native_register_zombie_class executed more than 7.2ms.
L 02/20/2025 - 14:41:49: [zombie_plague43.amxx] performance issue. Function native_register_zombie_class executed more than 2.2ms.
L 02/20/2025 - 14:41:49: [zombie_plague43.amxx] performance issue. Function native_register_zombie_class executed more than 6.2ms.
L 02/20/2025 - 14:41:49: [zombie_plague43.amxx] performance issue. Function plugin_init executed more than 4.5ms.
L 02/20/2025 - 14:41:50: [polymorph.amxx] performance issue. Function plugin_cfg executed more than 1254.7ms.
L 02/20/2025 - 15:00:51: [polymorph.amxx] Vote: Voting for the nextmap started
L 02/20/2025 - 15:01:15: [polymorph.amxx] Vote: Voting for the nextmap finished. The nextmap will be zm_ice_attack
L 02/20/2025 - 15:02:59: -------- Mapchange to zm_ice_attack --------
L 02/20/2025 - 15:02:59: [AMXX] Plugin "poly_csdm_off.amxx" failed to load: Plugin uses an unknown function (name "csdm_set_active") - check your modules.ini.
L 02/20/2025 - 15:02:59: [zombie_plague43.amxx] performance issue. Function plugin_precache executed more than 65.5ms.
L 02/20/2025 - 15:02:59: [zombie_plague43.amxx] performance issue. Function native_register_zombie_class executed more than 4.1ms.
L 02/20/2025 - 15:02:59: [zombie_plague43.amxx] performance issue. Function native_register_zombie_class executed more than 7.1ms.
L 02/20/2025 - 15:02:59: [zombie_plague43.amxx] performance issue. Function native_register_zombie_class executed more than 5.5ms.
L 02/20/2025 - 15:02:59: [zombie_plague43.amxx] performance issue. Function native_register_zombie_class executed more than 3.5ms.
L 02/20/2025 - 15:02:59: [zombie_plague43.amxx] performance issue. Function native_register_zombie_class executed more than 4.1ms.
L 02/20/2025 - 15:02:59: [zombie_plague43.amxx] performance issue. Function native_register_zombie_class executed more than 7.2ms.
L 02/20/2025 - 15:02:59: [zombie_plague43.amxx] performance issue. Function native_register_zombie_class executed more than 2.2ms.
L 02/20/2025 - 15:02:59: [zombie_plague43.amxx] performance issue. Function native_register_zombie_class executed more than 6.2ms.
L 02/20/2025 - 15:03:00: [zombie_plague43.amxx] performance issue. Function plugin_init executed more than 4.0ms.
L 02/20/2025 - 15:03:01: [polymorph.amxx] performance issue. Function plugin_cfg executed more than 1266.7ms.
L 02/20/2025 - 15:22:01: [polymorph.amxx] Vote: Voting for the next mod started
L 02/20/2025 - 15:22:25: [polymorph.amxx] Vote: Voting for the next mod finished. The nextmod will be HideN-Seek
L 02/20/2025 - 15:22:41: [polymorph.amxx] Vote: Voting for the nextmap started
L 02/20/2025 - 15:23:05: [polymorph.amxx] Vote: Voting for the nextmap finished. The nextmap will be cs_estate
L 02/20/2025 - 15:24:09: -------- Mapchange to cs_estate --------
L 02/20/2025 - 15:24:09: [AMXX] Plugin "poly_csdm_off.amxx" failed to load: Plugin uses an unknown function (name "csdm_set_active") - check your modules.ini.
L 02/20/2025 - 15:24:11: [polymorph.amxx] performance issue. Function plugin_cfg executed more than 1255.1ms.
L 02/20/2025 - 15:24:11: [uq_jumpstats.amxx] Can't find uq_jumpstats_tops.amxx
L 02/20/2025 - 15:39:12: [polymorph.amxx] Vote: Voting for the nextmap started
L 02/20/2025 - 15:39:36: [polymorph.amxx] Vote: Voting for the nextmap finished. The nextmap will be de_dust
L 02/20/2025 - 15:41:20: -------- Mapchange to de_dust --------
L 02/20/2025 - 15:41:20: [AMXX] Plugin "poly_csdm_off.amxx" failed to load: Plugin uses an unknown function (name "csdm_set_active") - check your modules.ini.
L 02/20/2025 - 15:41:21: [polymorph.amxx] performance issue. Function plugin_cfg executed more than 1252.7ms.
L 02/20/2025 - 15:41:21: [uq_jumpstats.amxx] Can't find uq_jumpstats_tops.amxx
L 02/20/2025 - 15:56:22: [polymorph.amxx] Vote: Voting for the next mod started
L 02/20/2025 - 15:56:46: [polymorph.amxx] Vote: Voting for the next mod finished. The nextmod will be Vip
L 02/20/2025 - 15:57:02: [polymorph.amxx] Vote: Voting for the nextmap started
L 02/20/2025 - 15:57:26: [polymorph.amxx] Vote: Voting for the nextmap finished. The nextmap will be as_oilrig
L 02/20/2025 - 15:58:30: -------- Mapchange to as_oilrig --------
L 02/20/2025 - 15:58:30: [AMXX] Plugin "poly_csdm_off.amxx" failed to load: Plugin uses an unknown function (name "csdm_set_active") - check your modules.ini.
L 02/20/2025 - 15:58:31: [polymorph.amxx] performance issue. Function plugin_cfg executed more than 1245.5ms.
L 02/20/2025 - 16:21:32: [polymorph.amxx] Vote: Voting for the nextmap started
L 02/20/2025 - 16:21:56: [polymorph.amxx] Vote: Voting for the nextmap finished. The nextmap will be as_crazytank3
L 02/20/2025 - 16:23:40: -------- Mapchange to as_crazytank3 --------
L 02/20/2025 - 16:23:40: [AMXX] Plugin "poly_csdm_off.amxx" failed to load: Plugin uses an unknown function (name "csdm_set_active") - check your modules.ini.
L 02/20/2025 - 16:23:45: [polymorph.amxx] performance issue. Function plugin_cfg executed more than 3542.9ms.
L 02/20/2025 - 16:46:45: [polymorph.amxx] Vote: Voting for the nextmap started
L 02/20/2025 - 16:47:09: [polymorph.amxx] Vote: Voting for the nextmap finished. The nextmap will be as_oilrig
L 02/20/2025 - 16:48:54: -------- Mapchange to as_oilrig --------
L 02/20/2025 - 16:48:54: [AMXX] Plugin "poly_csdm_off.amxx" failed to load: Plugin uses an unknown function (name "csdm_set_active") - check your modules.ini.
L 02/20/2025 - 16:48:55: [polymorph.amxx] performance issue. Function plugin_cfg executed more than 1236.8ms.
L 02/20/2025 - 17:11:56: [polymorph.amxx] Vote: Voting for the next mod started
L 02/20/2025 - 17:12:20: [polymorph.amxx] Vote: Voting for the next mod finished. The nextmod will be Kreedz-Kz
L 02/20/2025 - 17:12:36: [polymorph.amxx] Vote: Voting for the nextmap started
L 02/20/2025 - 17:13:00: [polymorph.amxx] Vote: Voting for the nextmap finished. The nextmap will be kz_arsacid
L 02/20/2025 - 17:14:04: -------- Mapchange to kz_arsacid --------
L 02/20/2025 - 17:14:04: [AMXX] Plugin "poly_csdm_off.amxx" failed to load: Plugin uses an unknown function (name "csdm_set_active") - check your modules.ini.
L 02/20/2025 - 17:14:04: [kz_jumpplugin.amxx] performance issue. Function plugin_precache executed more than 6.3ms.
L 02/20/2025 - 17:14:05: New section, unterminated block (file "cstrike/addons/amxmodx/data/lang/kz_jumpplugin.txt" key "// Languages in this ML File:" lang "")
L 02/20/2025 - 17:14:05: [kz_jumpplugin.amxx] performance issue. Function plugin_init executed more than 18.8ms.
L 02/20/2025 - 17:14:06: [polymorph.amxx] performance issue. Function plugin_cfg executed more than 1255.6ms.
L 02/20/2025 - 17:14:06: [kz_jumpplugin.amxx] performance issue. Function plugin_cfg executed more than 25.0ms.
L 02/20/2025 - 17:14:06: [uq_jumpstats.amxx] Can't find uq_jumpstats_tops.amxx
L 02/20/2025 - 17:14:09: [admincmd.amxx] Cmd: "PerGAmes MultiModos - Vip by GA<0><><>" set cvar (name "kz_uq_airaccelerate") (value "100")
L 02/20/2025 - 17:14:11: [kz_jumpplugin.amxx] performance issue. Function client_putinserver executed more than 48.2ms.
L 02/20/2025 - 17:14:11: [kz_jumpplugin.amxx] performance issue. Function createbot executed more than 50.2ms.
L 02/20/2025 - 17:32:06: [polymorph.amxx] Vote: Voting for the nextmap started
L 02/20/2025 - 17:32:30: [polymorph.amxx] Vote: Voting for the nextmap finished. The nextmap will be kz_xj_brickjump
L 02/20/2025 - 17:34:15: -------- Mapchange to kz_xj_brickjump --------
L 02/20/2025 - 17:34:15: [AMXX] Plugin "poly_csdm_off.amxx" failed to load: Plugin uses an unknown function (name "csdm_set_active") - check your modules.ini.
L 02/20/2025 - 17:34:15: [kz_jumpplugin.amxx] performance issue. Function plugin_precache executed more than 5.6ms.
L 02/20/2025 - 17:34:15: New section, unterminated block (file "cstrike/addons/amxmodx/data/lang/kz_jumpplugin.txt" key "// Languages in this ML File:" lang "")
L 02/20/2025 - 17:34:16: [polymorph.amxx] performance issue. Function plugin_cfg executed more than 1243.1ms.
L 02/20/2025 - 17:34:16: [kz_jumpplugin.amxx] performance issue. Function plugin_cfg executed more than 7.3ms.
L 02/20/2025 - 17:34:16: [uq_jumpstats.amxx] Can't find uq_jumpstats_tops.amxx
L 02/20/2025 - 17:34:20: [admincmd.amxx] Cmd: "PerGAmes MultiModos - Kreedz by<0><><>" set cvar (name "kz_uq_airaccelerate") (value "100")
L 02/20/2025 - 17:34:21: [kz_jumpplugin.amxx] performance issue. Function createbot executed more than 6.5ms.
L 02/20/2025 - 17:52:17: [polymorph.amxx] Vote: Voting for the nextmap started
L 02/20/2025 - 17:52:41: [polymorph.amxx] Vote: Voting for the nextmap finished. The nextmap will be bkz_goldbhop
L 02/20/2025 - 17:54:25: -------- Mapchange to bkz_goldbhop --------
L 02/20/2025 - 17:54:25: [AMXX] Plugin "poly_csdm_off.amxx" failed to load: Plugin uses an unknown function (name "csdm_set_active") - check your modules.ini.
L 02/20/2025 - 17:54:25: [kz_jumpplugin.amxx] performance issue. Function plugin_precache executed more than 5.7ms.
L 02/20/2025 - 17:54:25: New section, unterminated block (file "cstrike/addons/amxmodx/data/lang/kz_jumpplugin.txt" key "// Languages in this ML File:" lang "")
L 02/20/2025 - 17:54:25: [kz_jumpplugin.amxx] performance issue. Function plugin_init executed more than 1.2ms.
L 02/20/2025 - 17:54:26: [polymorph.amxx] performance issue. Function plugin_cfg executed more than 1250.7ms.
L 02/20/2025 - 17:54:27: [kz_jumpplugin.amxx] performance issue. Function plugin_cfg executed more than 6.4ms.
L 02/20/2025 - 17:54:27: [uq_jumpstats.amxx] Can't find uq_jumpstats_tops.amxx
L 02/20/2025 - 17:54:30: [admincmd.amxx] Cmd: "PerGAmes MultiModos - Kreedz by<0><><>" set cvar (name "kz_uq_airaccelerate") (value "100")
L 02/20/2025 - 17:54:31: [kz_jumpplugin.amxx] performance issue. Function createbot executed more than 1.5ms.
L 02/20/2025 - 18:12:27: [polymorph.amxx] Vote: Voting for the next mod started
L 02/20/2025 - 18:12:51: [polymorph.amxx] Vote: Voting for the next mod finished. The nextmod will be Zombie-Plague
L 02/20/2025 - 18:13:07: [polymorph.amxx] Vote: Voting for the nextmap started
L 02/20/2025 - 18:13:31: [polymorph.amxx] Vote: Voting for the nextmap finished. The nextmap will be zm_tower8
L 02/20/2025 - 18:14:35: -------- Mapchange to zm_tower8 --------
L 02/20/2025 - 18:14:35: [AMXX] Plugin "poly_csdm_off.amxx" failed to load: Plugin uses an unknown function (name "csdm_set_active") - check your modules.ini.
L 02/20/2025 - 18:14:35: [zombie_plague43.amxx] performance issue. Function plugin_precache executed more than 60.9ms.
L 02/20/2025 - 18:14:35: [zombie_plague43.amxx] performance issue. Function native_register_zombie_class executed more than 3.7ms.
L 02/20/2025 - 18:14:35: [zombie_plague43.amxx] performance issue. Function native_register_zombie_class executed more than 6.4ms.
L 02/20/2025 - 18:14:35: [zombie_plague43.amxx] performance issue. Function native_register_zombie_class executed more than 5.0ms.
L 02/20/2025 - 18:14:35: [zombie_plague43.amxx] performance issue. Function native_register_zombie_class executed more than 3.4ms.
L 02/20/2025 - 18:14:35: [zombie_plague43.amxx] performance issue. Function native_register_zombie_class executed more than 3.6ms.
L 02/20/2025 - 18:14:35: [zombie_plague43.amxx] performance issue. Function native_register_zombie_class executed more than 6.5ms.
L 02/20/2025 - 18:14:35: [zombie_plague43.amxx] performance issue. Function native_register_zombie_class executed more than 2.2ms.
L 02/20/2025 - 18:14:35: [zombie_plague43.amxx] performance issue. Function native_register_zombie_class executed more than 5.5ms.
L 02/20/2025 - 18:14:36: [zombie_plague43.amxx] performance issue. Function plugin_init executed more than 3.7ms.
L 02/20/2025 - 18:14:37: [polymorph.amxx] performance issue. Function plugin_cfg executed more than 1246.8ms.
L 02/20/2025 - 18:33:38: [polymorph.amxx] Vote: Voting for the nextmap started
L 02/20/2025 - 18:34:02: [polymorph.amxx] Vote: Voting for the nextmap finished. The nextmap will be zm_ice_attack
L 02/20/2025 - 18:35:46: -------- Mapchange to zm_ice_attack --------
L 02/20/2025 - 18:35:46: [AMXX] Plugin "poly_csdm_off.amxx" failed to load: Plugin uses an unknown function (name "csdm_set_active") - check your modules.ini.
L 02/20/2025 - 18:35:46: [zombie_plague43.amxx] performance issue. Function plugin_precache executed more than 62.2ms.
L 02/20/2025 - 18:35:46: [zombie_plague43.amxx] performance issue. Function native_register_zombie_class executed more than 3.7ms.
L 02/20/2025 - 18:35:46: [zombie_plague43.amxx] performance issue. Function native_register_zombie_class executed more than 6.4ms.
L 02/20/2025 - 18:35:46: [zombie_plague43.amxx] performance issue. Function native_register_zombie_class executed more than 5.0ms.
L 02/20/2025 - 18:35:46: [zombie_plague43.amxx] performance issue. Function native_register_zombie_class executed more than 3.4ms.
L 02/20/2025 - 18:35:46: [zombie_plague43.amxx] performance issue. Function native_register_zombie_class executed more than 3.6ms.
L 02/20/2025 - 18:35:46: [zombie_plague43.amxx] performance issue. Function native_register_zombie_class executed more than 6.6ms.
L 02/20/2025 - 18:35:46: [zombie_plague43.amxx] performance issue. Function native_register_zombie_class executed more than 2.2ms.
L 02/20/2025 - 18:35:46: [zombie_plague43.amxx] performance issue. Function native_register_zombie_class executed more than 5.6ms.
L 02/20/2025 - 18:35:46: [zombie_plague43.amxx] performance issue. Function plugin_init executed more than 3.7ms.
L 02/20/2025 - 18:35:48: [polymorph.amxx] performance issue. Function plugin_cfg executed more than 1251.3ms.
L 02/20/2025 - 18:54:48: [polymorph.amxx] Vote: Voting for the nextmap started
L 02/20/2025 - 18:55:12: [polymorph.amxx] Vote: Voting for the nextmap finished. The nextmap will be zm_toronto
L 02/20/2025 - 18:56:56: -------- Mapchange to zm_toronto --------
L 02/20/2025 - 18:56:56: [AMXX] Plugin "poly_csdm_off.amxx" failed to load: Plugin uses an unknown function (name "csdm_set_active") - check your modules.ini.
L 02/20/2025 - 18:56:56: [zombie_plague43.amxx] performance issue. Function plugin_precache executed more than 61.0ms.
L 02/20/2025 - 18:56:56: [zombie_plague43.amxx] performance issue. Function native_register_zombie_class executed more than 3.7ms.
L 02/20/2025 - 18:56:56: [zombie_plague43.amxx] performance issue. Function native_register_zombie_class executed more than 6.4ms.
L 02/20/2025 - 18:56:56: [zombie_plague43.amxx] performance issue. Function native_register_zombie_class executed more than 5.0ms.
L 02/20/2025 - 18:56:56: [zombie_plague43.amxx] performance issue. Function native_register_zombie_class executed more than 3.4ms.
L 02/20/2025 - 18:56:56: [zombie_plague43.amxx] performance issue. Function native_register_zombie_class executed more than 3.6ms.
L 02/20/2025 - 18:56:56: [zombie_plague43.amxx] performance issue. Function native_register_zombie_class executed more than 6.6ms.
L 02/20/2025 - 18:56:56: [zombie_plague43.amxx] performance issue. Function native_register_zombie_class executed more than 2.1ms.
L 02/20/2025 - 18:56:56: [zombie_plague43.amxx] performance issue. Function native_register_zombie_class executed more than 5.5ms.
L 02/20/2025 - 18:56:57: [zombie_plague43.amxx] performance issue. Function plugin_init executed more than 3.7ms.
L 02/20/2025 - 18:56:58: [polymorph.amxx] performance issue. Function plugin_cfg executed more than 1246.5ms.
L 02/20/2025 - 19:15:58: [polymorph.amxx] Vote: Voting for the next mod started
L 02/20/2025 - 19:16:22: [polymorph.amxx] Vote: Voting for the next mod finished. The nextmod will be Zombie-Plague
L 02/20/2025 - 19:16:39: [polymorph.amxx] Vote: Voting for the nextmap started
L 02/20/2025 - 19:17:03: [polymorph.amxx] Vote: Voting for the nextmap finished. The nextmap will be zm_ice_attack
L 02/20/2025 - 19:18:06: -------- Mapchange to zm_ice_attack --------
L 02/20/2025 - 19:18:07: [AMXX] Plugin "poly_csdm_off.amxx" failed to load: Plugin uses an unknown function (name "csdm_set_active") - check your modules.ini.
L 02/20/2025 - 19:18:07: [zombie_plague43.amxx] performance issue. Function plugin_precache executed more than 60.9ms.
L 02/20/2025 - 19:18:07: [zombie_plague43.amxx] performance issue. Function native_register_zombie_class executed more than 3.7ms.
L 02/20/2025 - 19:18:07: [zombie_plague43.amxx] performance issue. Function native_register_zombie_class executed more than 6.4ms.
L 02/20/2025 - 19:18:07: [zombie_plague43.amxx] performance issue. Function native_register_zombie_class executed more than 5.0ms.
L 02/20/2025 - 19:18:07: [zombie_plague43.amxx] performance issue. Function native_register_zombie_class executed more than 3.5ms.
L 02/20/2025 - 19:18:07: [zombie_plague43.amxx] performance issue. Function native_register_zombie_class executed more than 3.6ms.
L 02/20/2025 - 19:18:07: [zombie_plague43.amxx] performance issue. Function native_register_zombie_class executed more than 6.6ms.
L 02/20/2025 - 19:18:07: [zombie_plague43.amxx] performance issue. Function native_register_zombie_class executed more than 2.1ms.
L 02/20/2025 - 19:18:07: [zombie_plague43.amxx] performance issue. Function native_register_zombie_class executed more than 5.5ms.
L 02/20/2025 - 19:18:07: [zombie_plague43.amxx] performance issue. Function plugin_init executed more than 3.7ms.
L 02/20/2025 - 19:18:08: [polymorph.amxx] performance issue. Function plugin_cfg executed more than 1253.5ms.
L 02/20/2025 - 19:37:09: [polymorph.amxx] Vote: Voting for the nextmap started
L 02/20/2025 - 19:37:33: [polymorph.amxx] Vote: Voting for the nextmap finished. The nextmap will be zm_toronto
L 02/20/2025 - 19:39:17: -------- Mapchange to zm_toronto --------
L 02/20/2025 - 19:39:17: [AMXX] Plugin "poly_csdm_off.amxx" failed to load: Plugin uses an unknown function (name "csdm_set_active") - check your modules.ini.
L 02/20/2025 - 19:39:17: [zombie_plague43.amxx] performance issue. Function plugin_precache executed more than 60.9ms.
L 02/20/2025 - 19:39:17: [zombie_plague43.amxx] performance issue. Function native_register_zombie_class executed more than 3.7ms.
L 02/20/2025 - 19:39:17: [zombie_plague43.amxx] performance issue. Function native_register_zombie_class executed more than 6.4ms.
L 02/20/2025 - 19:39:17: [zombie_plague43.amxx] performance issue. Function native_register_zombie_class executed more than 5.0ms.
L 02/20/2025 - 19:39:17: [zombie_plague43.amxx] performance issue. Function native_register_zombie_class executed more than 3.4ms.
L 02/20/2025 - 19:39:17: [zombie_plague43.amxx] performance issue. Function native_register_zombie_class executed more than 3.6ms.
L 02/20/2025 - 19:39:17: [zombie_plague43.amxx] performance issue. Function native_register_zombie_class executed more than 6.6ms.
L 02/20/2025 - 19:39:17: [zombie_plague43.amxx] performance issue. Function native_register_zombie_class executed more than 2.2ms.
L 02/20/2025 - 19:39:17: [zombie_plague43.amxx] performance issue. Function native_register_zombie_class executed more than 5.5ms.
L 02/20/2025 - 19:39:17: [zombie_plague43.amxx] performance issue. Function plugin_init executed more than 3.7ms.
L 02/20/2025 - 19:39:19: [polymorph.amxx] performance issue. Function plugin_cfg executed more than 1250.0ms.
L 02/20/2025 - 19:58:19: [polymorph.amxx] Vote: Voting for the nextmap started
L 02/20/2025 - 19:58:43: [polymorph.amxx] Vote: Voting for the nextmap finished. The nextmap will be zm_ice_attack
L 02/20/2025 - 20:00:27: -------- Mapchange to zm_ice_attack --------
L 02/20/2025 - 20:00:27: [AMXX] Plugin "poly_csdm_off.amxx" failed to load: Plugin uses an unknown function (name "csdm_set_active") - check your modules.ini.
L 02/20/2025 - 20:00:27: [zombie_plague43.amxx] performance issue. Function plugin_precache executed more than 62.0ms.
L 02/20/2025 - 20:00:27: [zombie_plague43.amxx] performance issue. Function native_register_zombie_class executed more than 3.8ms.
L 02/20/2025 - 20:00:27: [zombie_plague43.amxx] performance issue. Function native_register_zombie_class executed more than 6.4ms.
L 02/20/2025 - 20:00:27: [zombie_plague43.amxx] performance issue. Function native_register_zombie_class executed more than 5.2ms.
L 02/20/2025 - 20:00:27: [zombie_plague43.amxx] performance issue. Function native_register_zombie_class executed more than 3.5ms.
L 02/20/2025 - 20:00:27: [zombie_plague43.amxx] performance issue. Function native_register_zombie_class executed more than 3.6ms.
L 02/20/2025 - 20:00:27: [zombie_plague43.amxx] performance issue. Function native_register_zombie_class executed more than 6.6ms.
L 02/20/2025 - 20:00:27: [zombie_plague43.amxx] performance issue. Function native_register_zombie_class executed more than 2.1ms.
L 02/20/2025 - 20:00:27: [zombie_plague43.amxx] performance issue. Function native_register_zombie_class executed more than 5.5ms.
L 02/20/2025 - 20:00:28: [zombie_plague43.amxx] performance issue. Function plugin_init executed more than 3.7ms.
L 02/20/2025 - 20:00:29: [polymorph.amxx] performance issue. Function plugin_cfg executed more than 1245.9ms.
L 02/20/2025 - 20:19:29: [polymorph.amxx] Vote: Voting for the next mod started
L 02/20/2025 - 20:19:53: [polymorph.amxx] Vote: Voting for the next mod finished. The nextmod will be HideN-Seek
L 02/20/2025 - 20:20:09: [polymorph.amxx] Vote: Voting for the nextmap started
L 02/20/2025 - 20:20:33: [polymorph.amxx] Vote: Voting for the nextmap finished. The nextmap will be cs_estate
L 02/20/2025 - 20:21:37: -------- Mapchange to cs_estate --------
L 02/20/2025 - 20:21:37: [AMXX] Plugin "poly_csdm_off.amxx" failed to load: Plugin uses an unknown function (name "csdm_set_active") - check your modules.ini.
L 02/20/2025 - 20:21:39: [polymorph.amxx] performance issue. Function plugin_cfg executed more than 1269.7ms.
L 02/20/2025 - 20:21:39: [uq_jumpstats.amxx] Can't find uq_jumpstats_tops.amxx
L 02/20/2025 - 20:36:39: [polymorph.amxx] Vote: Voting for the nextmap started
L 02/20/2025 - 20:37:04: [polymorph.amxx] Vote: Voting for the nextmap finished. The nextmap will be de_dust
L 02/20/2025 - 20:38:48: -------- Mapchange to de_dust --------
L 02/20/2025 - 20:38:48: [AMXX] Plugin "poly_csdm_off.amxx" failed to load: Plugin uses an unknown function (name "csdm_set_active") - check your modules.ini.
L 02/20/2025 - 20:38:49: [polymorph.amxx] performance issue. Function plugin_cfg executed more than 1263.8ms.
L 02/20/2025 - 20:38:49: [uq_jumpstats.amxx] Can't find uq_jumpstats_tops.amxx
L 02/20/2025 - 20:53:50: [polymorph.amxx] Vote: Voting for the next mod started
L 02/20/2025 - 20:54:14: [polymorph.amxx] Vote: Voting for the next mod finished. The nextmod will be Vip
L 02/20/2025 - 20:54:30: [polymorph.amxx] Vote: Voting for the nextmap started
L 02/20/2025 - 20:54:54: [polymorph.amxx] Vote: Voting for the nextmap finished. The nextmap will be as_oilrig
L 02/20/2025 - 20:55:58: -------- Mapchange to as_oilrig --------
L 02/20/2025 - 20:55:58: [AMXX] Plugin "poly_csdm_off.amxx" failed to load: Plugin uses an unknown function (name "csdm_set_active") - check your modules.ini.
L 02/20/2025 - 20:55:59: [polymorph.amxx] performance issue. Function plugin_cfg executed more than 1249.9ms.
L 02/20/2025 - 21:19:00: [polymorph.amxx] Vote: Voting for the nextmap started
L 02/20/2025 - 21:19:24: [polymorph.amxx] Vote: Voting for the nextmap finished. The nextmap will be as_crazytank3
L 02/20/2025 - 21:21:08: -------- Mapchange to as_crazytank3 --------
L 02/20/2025 - 21:21:08: [AMXX] Plugin "poly_csdm_off.amxx" failed to load: Plugin uses an unknown function (name "csdm_set_active") - check your modules.ini.
L 02/20/2025 - 21:21:09: [polymorph.amxx] performance issue. Function plugin_cfg executed more than 1257.5ms.
L 02/20/2025 - 21:44:10: [polymorph.amxx] Vote: Voting for the nextmap started
L 02/20/2025 - 21:44:34: [polymorph.amxx] Vote: Voting for the nextmap finished. The nextmap will be as_oilrig
L 02/20/2025 - 21:46:18: -------- Mapchange to as_oilrig --------
L 02/20/2025 - 21:46:18: [AMXX] Plugin "poly_csdm_off.amxx" failed to load: Plugin uses an unknown function (name "csdm_set_active") - check your modules.ini.
L 02/20/2025 - 21:46:19: [polymorph.amxx] performance issue. Function plugin_cfg executed more than 1258.4ms.
L 02/20/2025 - 22:09:20: [polymorph.amxx] Vote: Voting for the next mod started
L 02/20/2025 - 22:09:44: [polymorph.amxx] Vote: Voting for the next mod finished. The nextmod will be Banderas
L 02/20/2025 - 22:10:00: [polymorph.amxx] Vote: Voting for the nextmap started
L 02/20/2025 - 22:10:24: [polymorph.amxx] Vote: Voting for the nextmap finished. The nextmap will be de_dust2
L 02/20/2025 - 22:11:28: -------- Mapchange to de_dust2 --------
L 02/20/2025 - 22:11:28: [AMXX] Plugin "poly_csdm_off.amxx" failed to load: Plugin uses an unknown function (name "csdm_set_active") - check your modules.ini.
L 02/20/2025 - 22:11:29: [polymorph.amxx] performance issue. Function plugin_cfg executed more than 1243.0ms.
L 02/20/2025 - 22:29:30: [polymorph.amxx] Vote: Voting for the nextmap started
L 02/20/2025 - 22:29:54: [polymorph.amxx] Vote: Voting for the nextmap finished. The nextmap will be surf_iceday_remake
L 02/20/2025 - 22:31:38: -------- Mapchange to surf_iceday_remake --------
L 02/20/2025 - 22:31:38: [AMXX] Plugin "poly_csdm_off.amxx" failed to load: Plugin uses an unknown function (name "csdm_set_active") - check your modules.ini.
L 02/20/2025 - 22:31:39: [polymorph.amxx] performance issue. Function plugin_cfg executed more than 1245.8ms.
L 02/20/2025 - 22:49:40: [polymorph.amxx] Vote: Voting for the next mod started
L 02/20/2025 - 22:50:04: [polymorph.amxx] Vote: Voting for the next mod finished. The nextmod will be HideN-Seek
L 02/20/2025 - 22:50:20: [polymorph.amxx] Vote: Voting for the nextmap started
L 02/20/2025 - 22:50:44: [polymorph.amxx] Vote: Voting for the nextmap finished. The nextmap will be cs_estate
L 02/20/2025 - 22:51:48: -------- Mapchange to cs_estate --------
L 02/20/2025 - 22:51:48: [AMXX] Plugin "poly_csdm_off.amxx" failed to load: Plugin uses an unknown function (name "csdm_set_active") - check your modules.ini.
L 02/20/2025 - 22:51:50: [polymorph.amxx] performance issue. Function plugin_cfg executed more than 1261.1ms.
L 02/20/2025 - 22:51:50: [uq_jumpstats.amxx] Can't find uq_jumpstats_tops.amxx
L 02/20/2025 - 23:06:50: [polymorph.amxx] Vote: Voting for the nextmap started
L 02/20/2025 - 23:07:14: [polymorph.amxx] Vote: Voting for the nextmap finished. The nextmap will be de_dust
L 02/20/2025 - 23:08:58: -------- Mapchange to de_dust --------
L 02/20/2025 - 23:08:58: [AMXX] Plugin "poly_csdm_off.amxx" failed to load: Plugin uses an unknown function (name "csdm_set_active") - check your modules.ini.
L 02/20/2025 - 23:09:00: [polymorph.amxx] performance issue. Function plugin_cfg executed more than 1245.0ms.
L 02/20/2025 - 23:09:00: [uq_jumpstats.amxx] Can't find uq_jumpstats_tops.amxx
L 02/20/2025 - 23:24:00: [polymorph.amxx] Vote: Voting for the next mod started
L 02/20/2025 - 23:24:24: [polymorph.amxx] Vote: Voting for the next mod finished. The nextmod will be Kreedz-Kz
L 02/20/2025 - 23:24:40: [polymorph.amxx] Vote: Voting for the nextmap started
L 02/20/2025 - 23:25:04: [polymorph.amxx] Vote: Voting for the nextmap finished. The nextmap will be kz_arsacid
L 02/20/2025 - 23:26:08: [polymorph.amxx] performance issue. Function plugin_end executed more than 2.3ms.
L 02/20/2025 - 23:26:08: -------- Mapchange to kz_arsacid --------
L 02/20/2025 - 23:26:08: [AMXX] Plugin "poly_csdm_off.amxx" failed to load: Plugin uses an unknown function (name "csdm_set_active") - check your modules.ini.
L 02/20/2025 - 23:26:08: [kz_jumpplugin.amxx] performance issue. Function plugin_precache executed more than 5.7ms.
L 02/20/2025 - 23:26:09: New section, unterminated block (file "cstrike/addons/amxmodx/data/lang/kz_jumpplugin.txt" key "// Languages in this ML File:" lang "")
L 02/20/2025 - 23:26:10: [polymorph.amxx] performance issue. Function plugin_cfg executed more than 1268.0ms.
L 02/20/2025 - 23:26:10: [kz_jumpplugin.amxx] performance issue. Function plugin_cfg executed more than 6.4ms.
L 02/20/2025 - 23:26:10: [uq_jumpstats.amxx] Can't find uq_jumpstats_tops.amxx
L 02/20/2025 - 23:26:13: [admincmd.amxx] Cmd: "PerGAmes MultiModos - HideN-See<0><><>" set cvar (name "kz_uq_airaccelerate") (value "100")
L 02/20/2025 - 23:26:14: [kz_jumpplugin.amxx] performance issue. Function createbot executed more than 6.3ms.
L 02/20/2025 - 23:44:10: [polymorph.amxx] Vote: Voting for the nextmap started
L 02/20/2025 - 23:44:34: [polymorph.amxx] Vote: Voting for the nextmap finished. The nextmap will be kz_xj_brickjump
L 02/20/2025 - 23:46:18: -------- Mapchange to kz_xj_brickjump --------
L 02/20/2025 - 23:46:18: [AMXX] Plugin "poly_csdm_off.amxx" failed to load: Plugin uses an unknown function (name "csdm_set_active") - check your modules.ini.
L 02/20/2025 - 23:46:18: [kz_jumpplugin.amxx] performance issue. Function plugin_precache executed more than 5.7ms.
L 02/20/2025 - 23:46:19: New section, unterminated block (file "cstrike/addons/amxmodx/data/lang/kz_jumpplugin.txt" key "// Languages in this ML File:" lang "")
L 02/20/2025 - 23:46:20: [polymorph.amxx] performance issue. Function plugin_cfg executed more than 1246.2ms.
L 02/20/2025 - 23:46:20: [kz_jumpplugin.amxx] performance issue. Function plugin_cfg executed more than 6.3ms.
L 02/20/2025 - 23:46:20: [uq_jumpstats.amxx] Can't find uq_jumpstats_tops.amxx
L 02/20/2025 - 23:46:23: [admincmd.amxx] Cmd: "PerGAmes MultiModos - Kreedz by<0><><>" set cvar (name "kz_uq_airaccelerate") (value "100")
L 02/20/2025 - 23:46:24: [kz_jumpplugin.amxx] performance issue. Function createbot executed more than 6.5ms.
