L 03/09/2025 - 00:12:58: [polymorph.amxx] Vote: Voting for the next mod started
L 03/09/2025 - 00:13:22: [polymorph.amxx] Vote: Voting for the next mod finished. The nextmod will be Free-For-All
L 03/09/2025 - 00:13:39: [polymorph.amxx] Vote: Voting for the nextmap started
L 03/09/2025 - 00:14:03: [polymorph.amxx] Vote: Voting for the nextmap finished. The nextmap will be cs_assault
L 03/09/2025 - 00:15:06: [polymorph.amxx] performance issue. Function plugin_end executed more than 1.6ms.
L 03/09/2025 - 00:15:06: -------- Mapchange to cs_assault --------
L 03/09/2025 - 00:15:06: [AMXX] Plugin "poly_csdm_off.amxx" failed to load: Plugin uses an unknown function (name "csdm_set_active") - check your modules.ini.
L 03/09/2025 - 00:15:08: [polymorph.amxx] performance issue. Function plugin_cfg executed more than 1102.7ms.
L 03/09/2025 - 00:32:08: [polymorph.amxx] Vote: Voting for the nextmap started
L 03/09/2025 - 00:32:32: [polymorph.amxx] Vote: Voting for the nextmap finished. The nextmap will be de_chateau
L 03/09/2025 - 00:34:16: -------- Mapchange to de_chateau --------
L 03/09/2025 - 00:34:16: [AMXX] Plugin "poly_csdm_off.amxx" failed to load: Plugin uses an unknown function (name "csdm_set_active") - check your modules.ini.
L 03/09/2025 - 00:34:17: [polymorph.amxx] performance issue. Function plugin_cfg executed more than 1095.9ms.
L 03/09/2025 - 00:51:18: [polymorph.amxx] Vote: Voting for the nextmap started
L 03/09/2025 - 00:51:42: [polymorph.amxx] Vote: Voting for the nextmap finished. The nextmap will be cs_assault
L 03/09/2025 - 00:53:26: -------- Mapchange to cs_assault --------
L 03/09/2025 - 00:53:26: [AMXX] Plugin "poly_csdm_off.amxx" failed to load: Plugin uses an unknown function (name "csdm_set_active") - check your modules.ini.
L 03/09/2025 - 00:53:27: [polymorph.amxx] performance issue. Function plugin_cfg executed more than 1094.4ms.
L 03/09/2025 - 01:10:27: [polymorph.amxx] Vote: Voting for the next mod started
L 03/09/2025 - 01:10:51: [polymorph.amxx] Vote: Voting for the next mod finished. The nextmod will be HideN-Seek
L 03/09/2025 - 01:11:08: [polymorph.amxx] Vote: Voting for the nextmap started
L 03/09/2025 - 01:11:32: [polymorph.amxx] Vote: Voting for the nextmap finished. The nextmap will be cs_estate
L 03/09/2025 - 01:12:36: -------- Mapchange to cs_estate --------
L 03/09/2025 - 01:12:36: [AMXX] Plugin "poly_csdm_off.amxx" failed to load: Plugin uses an unknown function (name "csdm_set_active") - check your modules.ini.
L 03/09/2025 - 01:12:37: [polymorph.amxx] performance issue. Function plugin_cfg executed more than 1094.1ms.
L 03/09/2025 - 01:12:37: [uq_jumpstats.amxx] Can't find uq_jumpstats_tops.amxx
L 03/09/2025 - 01:27:37: [polymorph.amxx] Vote: Voting for the nextmap started
L 03/09/2025 - 01:28:01: [polymorph.amxx] Vote: Voting for the nextmap finished. The nextmap will be de_dust
L 03/09/2025 - 01:29:45: -------- Mapchange to de_dust --------
L 03/09/2025 - 01:29:45: [AMXX] Plugin "poly_csdm_off.amxx" failed to load: Plugin uses an unknown function (name "csdm_set_active") - check your modules.ini.
L 03/09/2025 - 01:29:47: [polymorph.amxx] performance issue. Function plugin_cfg executed more than 1093.9ms.
L 03/09/2025 - 01:29:47: [uq_jumpstats.amxx] Can't find uq_jumpstats_tops.amxx
L 03/09/2025 - 01:44:47: [polymorph.amxx] Vote: Voting for the next mod started
L 03/09/2025 - 01:45:11: [polymorph.amxx] Vote: Voting for the next mod finished. The nextmod will be Banderas
L 03/09/2025 - 01:45:27: [polymorph.amxx] Vote: Voting for the nextmap started
L 03/09/2025 - 01:45:51: [polymorph.amxx] Vote: Voting for the nextmap finished. The nextmap will be de_dust2
L 03/09/2025 - 01:46:55: -------- Mapchange to de_dust2 --------
L 03/09/2025 - 01:46:55: [AMXX] Plugin "poly_csdm_off.amxx" failed to load: Plugin uses an unknown function (name "csdm_set_active") - check your modules.ini.
L 03/09/2025 - 01:46:57: [polymorph.amxx] performance issue. Function plugin_cfg executed more than 1105.9ms.
L 03/09/2025 - 02:04:57: [polymorph.amxx] Vote: Voting for the nextmap started
L 03/09/2025 - 02:05:21: [polymorph.amxx] Vote: Voting for the nextmap finished. The nextmap will be surf_iceday_remake
L 03/09/2025 - 02:07:05: -------- Mapchange to surf_iceday_remake --------
L 03/09/2025 - 02:07:05: [AMXX] Plugin "poly_csdm_off.amxx" failed to load: Plugin uses an unknown function (name "csdm_set_active") - check your modules.ini.
L 03/09/2025 - 02:07:06: [polymorph.amxx] performance issue. Function plugin_cfg executed more than 1087.4ms.
L 03/09/2025 - 02:25:07: [polymorph.amxx] Vote: Voting for the next mod started
L 03/09/2025 - 02:25:31: [polymorph.amxx] Vote: Voting for the next mod finished. The nextmod will be CScout
L 03/09/2025 - 02:25:47: [polymorph.amxx] Vote: Voting for the nextmap started
L 03/09/2025 - 02:26:11: [polymorph.amxx] Vote: Voting for the nextmap finished. The nextmap will be de_dust2
L 03/09/2025 - 02:27:15: -------- Mapchange to de_dust2 --------
L 03/09/2025 - 02:27:15: [AMXX] Plugin "poly_csdm_off.amxx" failed to load: Plugin uses an unknown function (name "csdm_set_active") - check your modules.ini.
L 03/09/2025 - 02:27:16: [polymorph.amxx] performance issue. Function plugin_cfg executed more than 1093.8ms.
L 03/09/2025 - 02:45:16: [polymorph.amxx] Vote: Voting for the nextmap started
L 03/09/2025 - 02:45:40: [polymorph.amxx] Vote: Voting for the nextmap finished. The nextmap will be de_inferno
L 03/09/2025 - 02:47:24: -------- Mapchange to de_inferno --------
L 03/09/2025 - 02:47:24: [AMXX] Plugin "poly_csdm_off.amxx" failed to load: Plugin uses an unknown function (name "csdm_set_active") - check your modules.ini.
L 03/09/2025 - 02:47:26: [polymorph.amxx] performance issue. Function plugin_cfg executed more than 1092.1ms.
L 03/09/2025 - 03:05:26: [polymorph.amxx] Vote: Voting for the nextmap started
L 03/09/2025 - 03:05:50: [polymorph.amxx] Vote: Voting for the nextmap finished. The nextmap will be de_dust2
L 03/09/2025 - 03:07:34: -------- Mapchange to de_dust2 --------
L 03/09/2025 - 03:07:34: [AMXX] Plugin "poly_csdm_off.amxx" failed to load: Plugin uses an unknown function (name "csdm_set_active") - check your modules.ini.
L 03/09/2025 - 03:07:35: [polymorph.amxx] performance issue. Function plugin_cfg executed more than 1094.5ms.
L 03/09/2025 - 03:25:36: [polymorph.amxx] Vote: Voting for the next mod started
L 03/09/2025 - 03:26:00: [polymorph.amxx] Vote: Voting for the next mod finished. The nextmod will be HideN-Seek
L 03/09/2025 - 03:26:16: [polymorph.amxx] Vote: Voting for the nextmap started
L 03/09/2025 - 03:26:40: [polymorph.amxx] Vote: Voting for the nextmap finished. The nextmap will be cs_estate
L 03/09/2025 - 03:27:44: -------- Mapchange to cs_estate --------
L 03/09/2025 - 03:27:44: [AMXX] Plugin "poly_csdm_off.amxx" failed to load: Plugin uses an unknown function (name "csdm_set_active") - check your modules.ini.
L 03/09/2025 - 03:27:45: [polymorph.amxx] performance issue. Function plugin_cfg executed more than 1090.9ms.
L 03/09/2025 - 03:27:45: [uq_jumpstats.amxx] Can't find uq_jumpstats_tops.amxx
L 03/09/2025 - 03:42:46: [polymorph.amxx] Vote: Voting for the nextmap started
L 03/09/2025 - 03:43:10: [polymorph.amxx] Vote: Voting for the nextmap finished. The nextmap will be de_dust
L 03/09/2025 - 03:44:54: -------- Mapchange to de_dust --------
L 03/09/2025 - 03:44:54: [AMXX] Plugin "poly_csdm_off.amxx" failed to load: Plugin uses an unknown function (name "csdm_set_active") - check your modules.ini.
L 03/09/2025 - 03:44:55: [polymorph.amxx] performance issue. Function plugin_cfg executed more than 1090.4ms.
L 03/09/2025 - 03:44:55: [uq_jumpstats.amxx] Can't find uq_jumpstats_tops.amxx
L 03/09/2025 - 03:59:56: [polymorph.amxx] Vote: Voting for the next mod started
L 03/09/2025 - 04:00:20: [polymorph.amxx] Vote: Voting for the next mod finished. The nextmod will be CScout
L 03/09/2025 - 04:00:36: [polymorph.amxx] Vote: Voting for the nextmap started
L 03/09/2025 - 04:01:00: [polymorph.amxx] Vote: Voting for the nextmap finished. The nextmap will be de_dust2
L 03/09/2025 - 04:02:04: -------- Mapchange to de_dust2 --------
L 03/09/2025 - 04:02:04: [AMXX] Plugin "poly_csdm_off.amxx" failed to load: Plugin uses an unknown function (name "csdm_set_active") - check your modules.ini.
L 03/09/2025 - 04:02:05: [polymorph.amxx] performance issue. Function plugin_cfg executed more than 1102.5ms.
L 03/09/2025 - 04:20:05: [polymorph.amxx] Vote: Voting for the nextmap started
L 03/09/2025 - 04:20:29: [polymorph.amxx] Vote: Voting for the nextmap finished. The nextmap will be de_inferno
L 03/09/2025 - 04:22:13: -------- Mapchange to de_inferno --------
L 03/09/2025 - 04:22:13: [AMXX] Plugin "poly_csdm_off.amxx" failed to load: Plugin uses an unknown function (name "csdm_set_active") - check your modules.ini.
L 03/09/2025 - 04:22:15: [polymorph.amxx] performance issue. Function plugin_cfg executed more than 1092.8ms.
L 03/09/2025 - 04:40:15: [polymorph.amxx] Vote: Voting for the nextmap started
L 03/09/2025 - 04:40:39: [polymorph.amxx] Vote: Voting for the nextmap finished. The nextmap will be de_dust2
L 03/09/2025 - 04:42:23: -------- Mapchange to de_dust2 --------
L 03/09/2025 - 04:42:23: [AMXX] Plugin "poly_csdm_off.amxx" failed to load: Plugin uses an unknown function (name "csdm_set_active") - check your modules.ini.
L 03/09/2025 - 04:42:24: [polymorph.amxx] performance issue. Function plugin_cfg executed more than 1086.7ms.
L 03/09/2025 - 05:00:25: [polymorph.amxx] Vote: Voting for the next mod started
L 03/09/2025 - 05:00:49: [polymorph.amxx] Vote: Voting for the next mod finished. The nextmod will be Zombie-Plague
L 03/09/2025 - 05:01:05: [polymorph.amxx] Vote: Voting for the nextmap started
L 03/09/2025 - 05:01:29: [polymorph.amxx] Vote: Voting for the nextmap finished. The nextmap will be zm_ice_attack
L 03/09/2025 - 05:02:33: -------- Mapchange to zm_ice_attack --------
L 03/09/2025 - 05:02:33: [AMXX] Plugin "poly_csdm_off.amxx" failed to load: Plugin uses an unknown function (name "csdm_set_active") - check your modules.ini.
L 03/09/2025 - 05:02:33: [zombie_plague43.amxx] performance issue. Function plugin_precache executed more than 52.9ms.
L 03/09/2025 - 05:02:33: [zombie_plague43.amxx] performance issue. Function native_register_zombie_class executed more than 3.3ms.
L 03/09/2025 - 05:02:33: [zombie_plague43.amxx] performance issue. Function native_register_zombie_class executed more than 5.5ms.
L 03/09/2025 - 05:02:33: [zombie_plague43.amxx] performance issue. Function native_register_zombie_class executed more than 4.4ms.
L 03/09/2025 - 05:02:33: [zombie_plague43.amxx] performance issue. Function native_register_zombie_class executed more than 3.2ms.
L 03/09/2025 - 05:02:33: [zombie_plague43.amxx] performance issue. Function native_register_zombie_class executed more than 3.2ms.
L 03/09/2025 - 05:02:33: [zombie_plague43.amxx] performance issue. Function native_register_zombie_class executed more than 5.7ms.
L 03/09/2025 - 05:02:33: [zombie_plague43.amxx] performance issue. Function native_register_zombie_class executed more than 2.1ms.
L 03/09/2025 - 05:02:33: [zombie_plague43.amxx] performance issue. Function native_register_zombie_class executed more than 4.8ms.
L 03/09/2025 - 05:02:33: [zombie_plague43.amxx] performance issue. Function plugin_init executed more than 3.3ms.
L 03/09/2025 - 05:02:34: [polymorph.amxx] performance issue. Function plugin_cfg executed more than 1111.4ms.
L 03/09/2025 - 05:21:35: [polymorph.amxx] Vote: Voting for the nextmap started
L 03/09/2025 - 05:21:59: [polymorph.amxx] Vote: Voting for the nextmap finished. The nextmap will be zm_toronto
L 03/09/2025 - 05:23:43: -------- Mapchange to zm_toronto --------
L 03/09/2025 - 05:23:43: [AMXX] Plugin "poly_csdm_off.amxx" failed to load: Plugin uses an unknown function (name "csdm_set_active") - check your modules.ini.
L 03/09/2025 - 05:23:43: [zombie_plague43.amxx] performance issue. Function plugin_precache executed more than 54.0ms.
L 03/09/2025 - 05:23:43: [zombie_plague43.amxx] performance issue. Function native_register_zombie_class executed more than 3.3ms.
L 03/09/2025 - 05:23:43: [zombie_plague43.amxx] performance issue. Function native_register_zombie_class executed more than 5.5ms.
L 03/09/2025 - 05:23:43: [zombie_plague43.amxx] performance issue. Function native_register_zombie_class executed more than 4.4ms.
L 03/09/2025 - 05:23:43: [zombie_plague43.amxx] performance issue. Function native_register_zombie_class executed more than 3.0ms.
L 03/09/2025 - 05:23:43: [zombie_plague43.amxx] performance issue. Function native_register_zombie_class executed more than 3.2ms.
L 03/09/2025 - 05:23:43: [zombie_plague43.amxx] performance issue. Function native_register_zombie_class executed more than 5.7ms.
L 03/09/2025 - 05:23:43: [zombie_plague43.amxx] performance issue. Function native_register_zombie_class executed more than 1.9ms.
L 03/09/2025 - 05:23:43: [zombie_plague43.amxx] performance issue. Function native_register_zombie_class executed more than 4.8ms.
L 03/09/2025 - 05:23:43: [zombie_plague43.amxx] performance issue. Function plugin_init executed more than 3.5ms.
L 03/09/2025 - 05:23:44: [polymorph.amxx] performance issue. Function plugin_cfg executed more than 1102.3ms.
L 03/09/2025 - 05:42:45: [polymorph.amxx] Vote: Voting for the nextmap started
L 03/09/2025 - 05:43:09: [polymorph.amxx] Vote: Voting for the nextmap finished. The nextmap will be zm_ice_attack
L 03/09/2025 - 05:44:53: -------- Mapchange to zm_ice_attack --------
L 03/09/2025 - 05:44:53: [AMXX] Plugin "poly_csdm_off.amxx" failed to load: Plugin uses an unknown function (name "csdm_set_active") - check your modules.ini.
L 03/09/2025 - 05:44:53: [zombie_plague43.amxx] performance issue. Function plugin_precache executed more than 52.9ms.
L 03/09/2025 - 05:44:53: [zombie_plague43.amxx] performance issue. Function native_register_zombie_class executed more than 3.3ms.
L 03/09/2025 - 05:44:53: [zombie_plague43.amxx] performance issue. Function native_register_zombie_class executed more than 5.5ms.
L 03/09/2025 - 05:44:53: [zombie_plague43.amxx] performance issue. Function native_register_zombie_class executed more than 4.4ms.
L 03/09/2025 - 05:44:53: [zombie_plague43.amxx] performance issue. Function native_register_zombie_class executed more than 3.0ms.
L 03/09/2025 - 05:44:53: [zombie_plague43.amxx] performance issue. Function native_register_zombie_class executed more than 3.2ms.
L 03/09/2025 - 05:44:53: [zombie_plague43.amxx] performance issue. Function native_register_zombie_class executed more than 5.7ms.
L 03/09/2025 - 05:44:53: [zombie_plague43.amxx] performance issue. Function native_register_zombie_class executed more than 1.9ms.
L 03/09/2025 - 05:44:53: [zombie_plague43.amxx] performance issue. Function native_register_zombie_class executed more than 4.8ms.
L 03/09/2025 - 05:44:53: [zombie_plague43.amxx] performance issue. Function plugin_init executed more than 3.4ms.
L 03/09/2025 - 05:44:54: [polymorph.amxx] performance issue. Function plugin_cfg executed more than 1088.5ms.
L 03/09/2025 - 06:03:55: [polymorph.amxx] Vote: Voting for the next mod started
L 03/09/2025 - 06:04:19: [polymorph.amxx] Vote: Voting for the next mod finished. The nextmod will be Rubaka
L 03/09/2025 - 06:04:35: [polymorph.amxx] Vote: Voting for the nextmap started
L 03/09/2025 - 06:04:59: [polymorph.amxx] Vote: Voting for the nextmap finished. The nextmap will be rubaka_2forts
L 03/09/2025 - 06:06:03: -------- Mapchange to rubaka_2forts --------
L 03/09/2025 - 06:06:03: [AMXX] Plugin "poly_csdm_off.amxx" failed to load: Plugin uses an unknown function (name "csdm_set_active") - check your modules.ini.
L 03/09/2025 - 06:06:04: [polymorph.amxx] performance issue. Function plugin_cfg executed more than 1100.9ms.
L 03/09/2025 - 06:27:04: [polymorph.amxx] Vote: Voting for the nextmap started
L 03/09/2025 - 06:27:28: [polymorph.amxx] Vote: Voting for the nextmap finished. The nextmap will be rubaka_arena
L 03/09/2025 - 06:27:45: -------- Mapchange to rubaka_arena --------
L 03/09/2025 - 06:27:45: [AMXX] Plugin "poly_csdm_off.amxx" failed to load: Plugin uses an unknown function (name "csdm_set_active") - check your modules.ini.
L 03/09/2025 - 06:27:47: [polymorph.amxx] performance issue. Function plugin_cfg executed more than 1095.7ms.
L 03/09/2025 - 06:48:47: [polymorph.amxx] Vote: Voting for the next mod started
L 03/09/2025 - 06:49:11: [polymorph.amxx] Vote: Voting for the next mod finished. The nextmod will be Zombie-Plague
L 03/09/2025 - 06:49:27: [polymorph.amxx] Vote: Voting for the nextmap started
L 03/09/2025 - 06:49:28: -------- Mapchange to zm_ice_attack --------
L 03/09/2025 - 06:49:28: [AMXX] Plugin "poly_csdm_off.amxx" failed to load: Plugin uses an unknown function (name "csdm_set_active") - check your modules.ini.
L 03/09/2025 - 06:49:28: [zombie_plague43.amxx] performance issue. Function plugin_precache executed more than 52.8ms.
L 03/09/2025 - 06:49:28: [zombie_plague43.amxx] performance issue. Function native_register_zombie_class executed more than 3.3ms.
L 03/09/2025 - 06:49:28: [zombie_plague43.amxx] performance issue. Function native_register_zombie_class executed more than 5.5ms.
L 03/09/2025 - 06:49:28: [zombie_plague43.amxx] performance issue. Function native_register_zombie_class executed more than 4.4ms.
L 03/09/2025 - 06:49:28: [zombie_plague43.amxx] performance issue. Function native_register_zombie_class executed more than 3.0ms.
L 03/09/2025 - 06:49:28: [zombie_plague43.amxx] performance issue. Function native_register_zombie_class executed more than 3.2ms.
L 03/09/2025 - 06:49:28: [zombie_plague43.amxx] performance issue. Function native_register_zombie_class executed more than 5.9ms.
L 03/09/2025 - 06:49:28: [zombie_plague43.amxx] performance issue. Function native_register_zombie_class executed more than 1.9ms.
L 03/09/2025 - 06:49:28: [zombie_plague43.amxx] performance issue. Function native_register_zombie_class executed more than 4.8ms.
L 03/09/2025 - 06:49:28: [zombie_plague43.amxx] performance issue. Function plugin_init executed more than 3.3ms.
L 03/09/2025 - 06:49:29: [polymorph.amxx] performance issue. Function plugin_cfg executed more than 1086.9ms.
L 03/09/2025 - 07:08:30: [polymorph.amxx] Vote: Voting for the nextmap started
L 03/09/2025 - 07:08:54: [polymorph.amxx] Vote: Voting for the nextmap finished. The nextmap will be zm_toronto
L 03/09/2025 - 07:10:38: -------- Mapchange to zm_toronto --------
L 03/09/2025 - 07:10:38: [AMXX] Plugin "poly_csdm_off.amxx" failed to load: Plugin uses an unknown function (name "csdm_set_active") - check your modules.ini.
L 03/09/2025 - 07:10:38: [zombie_plague43.amxx] performance issue. Function plugin_precache executed more than 55.2ms.
L 03/09/2025 - 07:10:38: [zombie_plague43.amxx] performance issue. Function native_register_zombie_class executed more than 3.4ms.
L 03/09/2025 - 07:10:38: [zombie_plague43.amxx] performance issue. Function native_register_zombie_class executed more than 5.7ms.
L 03/09/2025 - 07:10:38: [zombie_plague43.amxx] performance issue. Function native_register_zombie_class executed more than 4.5ms.
L 03/09/2025 - 07:10:38: [zombie_plague43.amxx] performance issue. Function native_register_zombie_class executed more than 3.1ms.
L 03/09/2025 - 07:10:38: [zombie_plague43.amxx] performance issue. Function native_register_zombie_class executed more than 3.2ms.
L 03/09/2025 - 07:10:38: [zombie_plague43.amxx] performance issue. Function native_register_zombie_class executed more than 5.9ms.
L 03/09/2025 - 07:10:38: [zombie_plague43.amxx] performance issue. Function native_register_zombie_class executed more than 1.9ms.
L 03/09/2025 - 07:10:38: [zombie_plague43.amxx] performance issue. Function native_register_zombie_class executed more than 4.9ms.
L 03/09/2025 - 07:10:38: [zombie_plague43.amxx] performance issue. Function plugin_init executed more than 3.3ms.
L 03/09/2025 - 07:10:39: [polymorph.amxx] performance issue. Function plugin_cfg executed more than 1096.4ms.
L 03/09/2025 - 07:29:40: [polymorph.amxx] Vote: Voting for the nextmap started
L 03/09/2025 - 07:30:04: [polymorph.amxx] Vote: Voting for the nextmap finished. The nextmap will be zm_ice_attack
L 03/09/2025 - 07:31:48: -------- Mapchange to zm_ice_attack --------
L 03/09/2025 - 07:31:48: [AMXX] Plugin "poly_csdm_off.amxx" failed to load: Plugin uses an unknown function (name "csdm_set_active") - check your modules.ini.
L 03/09/2025 - 07:31:48: [zombie_plague43.amxx] performance issue. Function plugin_precache executed more than 52.6ms.
L 03/09/2025 - 07:31:48: [zombie_plague43.amxx] performance issue. Function native_register_zombie_class executed more than 3.2ms.
L 03/09/2025 - 07:31:48: [zombie_plague43.amxx] performance issue. Function native_register_zombie_class executed more than 5.6ms.
L 03/09/2025 - 07:31:48: [zombie_plague43.amxx] performance issue. Function native_register_zombie_class executed more than 4.4ms.
L 03/09/2025 - 07:31:48: [zombie_plague43.amxx] performance issue. Function native_register_zombie_class executed more than 3.2ms.
L 03/09/2025 - 07:31:48: [zombie_plague43.amxx] performance issue. Function native_register_zombie_class executed more than 3.2ms.
L 03/09/2025 - 07:31:48: [zombie_plague43.amxx] performance issue. Function native_register_zombie_class executed more than 5.6ms.
L 03/09/2025 - 07:31:48: [zombie_plague43.amxx] performance issue. Function native_register_zombie_class executed more than 2.0ms.
L 03/09/2025 - 07:31:48: [zombie_plague43.amxx] performance issue. Function native_register_zombie_class executed more than 4.9ms.
L 03/09/2025 - 07:31:48: [zombie_plague43.amxx] performance issue. Function plugin_init executed more than 3.3ms.
L 03/09/2025 - 07:31:49: [polymorph.amxx] performance issue. Function plugin_cfg executed more than 1096.9ms.
L 03/09/2025 - 07:50:50: [polymorph.amxx] Vote: Voting for the next mod started
L 03/09/2025 - 07:51:14: [polymorph.amxx] Vote: Voting for the next mod finished. The nextmod will be Vip
L 03/09/2025 - 07:51:30: [polymorph.amxx] Vote: Voting for the nextmap started
L 03/09/2025 - 07:51:54: [polymorph.amxx] Vote: Voting for the nextmap finished. The nextmap will be as_oilrig
L 03/09/2025 - 07:52:58: -------- Mapchange to as_oilrig --------
L 03/09/2025 - 07:52:58: [AMXX] Plugin "poly_csdm_off.amxx" failed to load: Plugin uses an unknown function (name "csdm_set_active") - check your modules.ini.
L 03/09/2025 - 07:52:59: [polymorph.amxx] performance issue. Function plugin_cfg executed more than 1092.1ms.
L 03/09/2025 - 08:16:00: [polymorph.amxx] Vote: Voting for the nextmap started
L 03/09/2025 - 08:16:24: [polymorph.amxx] Vote: Voting for the nextmap finished. The nextmap will be as_crazytank3
L 03/09/2025 - 08:18:08: -------- Mapchange to as_crazytank3 --------
L 03/09/2025 - 08:18:08: [AMXX] Plugin "poly_csdm_off.amxx" failed to load: Plugin uses an unknown function (name "csdm_set_active") - check your modules.ini.
L 03/09/2025 - 08:18:09: [polymorph.amxx] performance issue. Function plugin_cfg executed more than 1102.0ms.
L 03/09/2025 - 08:41:10: [polymorph.amxx] Vote: Voting for the nextmap started
L 03/09/2025 - 08:41:34: [polymorph.amxx] Vote: Voting for the nextmap finished. The nextmap will be as_oilrig
L 03/09/2025 - 08:43:17: -------- Mapchange to as_oilrig --------
L 03/09/2025 - 08:43:18: [AMXX] Plugin "poly_csdm_off.amxx" failed to load: Plugin uses an unknown function (name "csdm_set_active") - check your modules.ini.
L 03/09/2025 - 08:43:19: [polymorph.amxx] performance issue. Function plugin_cfg executed more than 1098.1ms.
L 03/09/2025 - 09:06:19: [polymorph.amxx] Vote: Voting for the next mod started
L 03/09/2025 - 09:06:43: [polymorph.amxx] Vote: Voting for the next mod finished. The nextmod will be Kreedz-Kz
L 03/09/2025 - 09:06:59: [polymorph.amxx] Vote: Voting for the nextmap started
L 03/09/2025 - 09:07:23: [polymorph.amxx] Vote: Voting for the nextmap finished. The nextmap will be kz_arsacid
L 03/09/2025 - 09:08:27: -------- Mapchange to kz_arsacid --------
L 03/09/2025 - 09:08:27: [AMXX] Plugin "poly_csdm_off.amxx" failed to load: Plugin uses an unknown function (name "csdm_set_active") - check your modules.ini.
L 03/09/2025 - 09:08:27: [kz_jumpplugin.amxx] performance issue. Function plugin_precache executed more than 4.8ms.
L 03/09/2025 - 09:08:28: New section, unterminated block (file "cstrike/addons/amxmodx/data/lang/kz_jumpplugin.txt" key "// Languages in this ML File:" lang "")
L 03/09/2025 - 09:08:29: [polymorph.amxx] performance issue. Function plugin_cfg executed more than 1095.7ms.
L 03/09/2025 - 09:08:29: [kz_jumpplugin.amxx] performance issue. Function plugin_cfg executed more than 5.7ms.
L 03/09/2025 - 09:08:29: [uq_jumpstats.amxx] Can't find uq_jumpstats_tops.amxx
L 03/09/2025 - 09:08:32: [admincmd.amxx] Cmd: "PerGAmes MultiModos - Vip by GA<0><><>" set cvar (name "kz_uq_airaccelerate") (value "100")
L 03/09/2025 - 09:08:33: [kz_jumpplugin.amxx] performance issue. Function createbot executed more than 1.3ms.
L 03/09/2025 - 09:26:29: [polymorph.amxx] Vote: Voting for the nextmap started
L 03/09/2025 - 09:26:53: [polymorph.amxx] Vote: Voting for the nextmap finished. The nextmap will be bkz_goldbhop
L 03/09/2025 - 09:28:37: -------- Mapchange to bkz_goldbhop --------
L 03/09/2025 - 09:28:37: [AMXX] Plugin "poly_csdm_off.amxx" failed to load: Plugin uses an unknown function (name "csdm_set_active") - check your modules.ini.
L 03/09/2025 - 09:28:37: [kz_jumpplugin.amxx] performance issue. Function plugin_precache executed more than 4.9ms.
L 03/09/2025 - 09:28:37: New section, unterminated block (file "cstrike/addons/amxmodx/data/lang/kz_jumpplugin.txt" key "// Languages in this ML File:" lang "")
L 03/09/2025 - 09:28:38: [polymorph.amxx] performance issue. Function plugin_cfg executed more than 1097.8ms.
L 03/09/2025 - 09:28:38: [kz_jumpplugin.amxx] performance issue. Function plugin_cfg executed more than 5.7ms.
L 03/09/2025 - 09:28:38: [uq_jumpstats.amxx] Can't find uq_jumpstats_tops.amxx
L 03/09/2025 - 09:28:42: [admincmd.amxx] Cmd: "PerGAmes MultiModos - Kreedz by<0><><>" set cvar (name "kz_uq_airaccelerate") (value "100")
L 03/09/2025 - 09:28:43: [kz_jumpplugin.amxx] performance issue. Function createbot executed more than 1.5ms.
L 03/09/2025 - 09:46:39: [polymorph.amxx] Vote: Voting for the nextmap started
L 03/09/2025 - 09:47:03: [polymorph.amxx] Vote: Voting for the nextmap finished. The nextmap will be kz_arsacid
L 03/09/2025 - 09:48:47: -------- Mapchange to kz_arsacid --------
L 03/09/2025 - 09:48:47: [AMXX] Plugin "poly_csdm_off.amxx" failed to load: Plugin uses an unknown function (name "csdm_set_active") - check your modules.ini.
L 03/09/2025 - 09:48:47: [kz_jumpplugin.amxx] performance issue. Function plugin_precache executed more than 4.9ms.
L 03/09/2025 - 09:48:47: New section, unterminated block (file "cstrike/addons/amxmodx/data/lang/kz_jumpplugin.txt" key "// Languages in this ML File:" lang "")
L 03/09/2025 - 09:48:48: [polymorph.amxx] performance issue. Function plugin_cfg executed more than 1107.8ms.
L 03/09/2025 - 09:48:48: [kz_jumpplugin.amxx] performance issue. Function plugin_cfg executed more than 5.8ms.
L 03/09/2025 - 09:48:48: [uq_jumpstats.amxx] Can't find uq_jumpstats_tops.amxx
L 03/09/2025 - 09:48:52: [admincmd.amxx] Cmd: "PerGAmes MultiModos - Kreedz by<0><><>" set cvar (name "kz_uq_airaccelerate") (value "100")
L 03/09/2025 - 09:48:53: [kz_jumpplugin.amxx] performance issue. Function createbot executed more than 6.3ms.
L 03/09/2025 - 10:06:49: [polymorph.amxx] Vote: Voting for the next mod started
L 03/09/2025 - 10:07:13: [polymorph.amxx] Vote: Voting for the next mod finished. The nextmod will be Gungame
L 03/09/2025 - 10:07:29: [polymorph.amxx] Vote: Voting for the nextmap started
L 03/09/2025 - 10:07:53: [polymorph.amxx] Vote: Voting for the nextmap finished. The nextmap will be gg_dust_2_vk
L 03/09/2025 - 10:08:57: -------- Mapchange to gg_dust_2_vk --------
L 03/09/2025 - 10:08:57: Invalid multi-lingual line (file "cstrike/addons/amxmodx/data/lang/gungame.txt" key "// For GunGame 2.13 - last updated 10:58 PM 1/2/2013" lang "")
L 03/09/2025 - 10:08:59: [polymorph.amxx] performance issue. Function plugin_cfg executed more than 1095.5ms.
L 03/09/2025 - 10:51:58: [mapchooser.amxx] Vote: Voting for the nextmap started
L 03/09/2025 - 10:51:59: [polymorph.amxx] Vote: Voting for the nextmap started
L 03/09/2025 - 10:52:13: [mapchooser.amxx] Vote: Voting for the nextmap finished. The nextmap will be fy_titanic
L 03/09/2025 - 10:52:23: [polymorph.amxx] Vote: Voting for the nextmap finished. The nextmap will be fy_titanic
L 03/09/2025 - 10:54:07: -------- Mapchange to fy_titanic --------
L 03/09/2025 - 10:54:07: Invalid multi-lingual line (file "cstrike/addons/amxmodx/data/lang/gungame.txt" key "// For GunGame 2.13 - last updated 10:58 PM 1/2/2013" lang "")
L 03/09/2025 - 10:54:08: [polymorph.amxx] performance issue. Function plugin_cfg executed more than 1094.1ms.
L 03/09/2025 - 11:37:08: [mapchooser.amxx] Vote: Voting for the nextmap started
L 03/09/2025 - 11:37:09: [polymorph.amxx] Vote: Voting for the nextmap started
L 03/09/2025 - 11:37:23: [mapchooser.amxx] Vote: Voting for the nextmap finished. The nextmap will be fy_pool_suite
L 03/09/2025 - 11:37:33: [polymorph.amxx] Vote: Voting for the nextmap finished. The nextmap will be fy_pool_suite
L 03/09/2025 - 11:39:17: -------- Mapchange to fy_pool_suite --------
L 03/09/2025 - 11:39:17: Invalid multi-lingual line (file "cstrike/addons/amxmodx/data/lang/gungame.txt" key "// For GunGame 2.13 - last updated 10:58 PM 1/2/2013" lang "")
L 03/09/2025 - 11:39:18: [polymorph.amxx] performance issue. Function plugin_cfg executed more than 1096.1ms.
L 03/09/2025 - 12:22:18: [mapchooser.amxx] Vote: Voting for the nextmap started
L 03/09/2025 - 12:22:19: [polymorph.amxx] Vote: Voting for the next mod started
L 03/09/2025 - 12:22:33: [mapchooser.amxx] Vote: Voting for the nextmap finished. The nextmap will be de_dust2
L 03/09/2025 - 12:22:43: [polymorph.amxx] Vote: Voting for the next mod finished. The nextmod will be Rubaka
L 03/09/2025 - 12:22:59: [polymorph.amxx] Vote: Voting for the nextmap started
L 03/09/2025 - 12:23:23: [polymorph.amxx] Vote: Voting for the nextmap finished. The nextmap will be rubaka_2forts
L 03/09/2025 - 12:24:27: -------- Mapchange to rubaka_2forts --------
L 03/09/2025 - 12:24:27: [AMXX] Plugin "poly_csdm_off.amxx" failed to load: Plugin uses an unknown function (name "csdm_set_active") - check your modules.ini.
L 03/09/2025 - 12:24:28: [polymorph.amxx] performance issue. Function plugin_cfg executed more than 1093.4ms.
L 03/09/2025 - 12:45:29: [polymorph.amxx] Vote: Voting for the nextmap started
L 03/09/2025 - 12:45:53: [polymorph.amxx] Vote: Voting for the nextmap finished. The nextmap will be rubaka_orange_x
L 03/09/2025 - 12:46:09: -------- Mapchange to rubaka_orange_x --------
L 03/09/2025 - 12:46:09: [AMXX] Plugin "poly_csdm_off.amxx" failed to load: Plugin uses an unknown function (name "csdm_set_active") - check your modules.ini.
L 03/09/2025 - 12:46:11: [polymorph.amxx] performance issue. Function plugin_cfg executed more than 1099.5ms.
L 03/09/2025 - 13:07:11: [polymorph.amxx] Vote: Voting for the next mod started
L 03/09/2025 - 13:07:35: [polymorph.amxx] Vote: Voting for the next mod finished. The nextmod will be MapasRaros
L 03/09/2025 - 13:07:51: [polymorph.amxx] Vote: Voting for the nextmap started
L 03/09/2025 - 13:07:52: -------- Mapchange to crazycar_v2 --------
L 03/09/2025 - 13:07:52: [AMXX] Plugin "poly_csdm_off.amxx" failed to load: Plugin uses an unknown function (name "csdm_set_active") - check your modules.ini.
L 03/09/2025 - 13:07:53: [polymorph.amxx] performance issue. Function plugin_cfg executed more than 1087.2ms.
L 03/09/2025 - 13:26:54: [polymorph.amxx] Vote: Voting for the nextmap started
L 03/09/2025 - 13:27:18: [polymorph.amxx] Vote: Voting for the nextmap finished. The nextmap will be he_tennis
L 03/09/2025 - 13:29:02: -------- Mapchange to he_tennis --------
L 03/09/2025 - 13:29:02: [AMXX] Plugin "poly_csdm_off.amxx" failed to load: Plugin uses an unknown function (name "csdm_set_active") - check your modules.ini.
L 03/09/2025 - 13:29:03: [polymorph.amxx] performance issue. Function plugin_cfg executed more than 1087.0ms.
L 03/09/2025 - 13:48:03: [polymorph.amxx] Vote: Voting for the nextmap started
L 03/09/2025 - 13:48:27: [polymorph.amxx] Vote: Voting for the nextmap finished. The nextmap will be crazycar_v2
L 03/09/2025 - 13:50:12: -------- Mapchange to crazycar_v2 --------
L 03/09/2025 - 13:50:12: [AMXX] Plugin "poly_csdm_off.amxx" failed to load: Plugin uses an unknown function (name "csdm_set_active") - check your modules.ini.
L 03/09/2025 - 13:50:13: [polymorph.amxx] performance issue. Function plugin_cfg executed more than 1105.7ms.
L 03/09/2025 - 14:09:13: [polymorph.amxx] Vote: Voting for the next mod started
L 03/09/2025 - 14:09:37: [polymorph.amxx] Vote: Voting for the next mod finished. The nextmod will be Kreedz-Kz
L 03/09/2025 - 14:09:53: [polymorph.amxx] Vote: Voting for the nextmap started
L 03/09/2025 - 14:10:17: [polymorph.amxx] Vote: Voting for the nextmap finished. The nextmap will be kz_arsacid
L 03/09/2025 - 14:11:21: -------- Mapchange to kz_arsacid --------
L 03/09/2025 - 14:11:22: [AMXX] Plugin "poly_csdm_off.amxx" failed to load: Plugin uses an unknown function (name "csdm_set_active") - check your modules.ini.
L 03/09/2025 - 14:11:22: [kz_jumpplugin.amxx] performance issue. Function plugin_precache executed more than 4.9ms.
L 03/09/2025 - 14:11:22: New section, unterminated block (file "cstrike/addons/amxmodx/data/lang/kz_jumpplugin.txt" key "// Languages in this ML File:" lang "")
L 03/09/2025 - 14:11:23: [polymorph.amxx] performance issue. Function plugin_cfg executed more than 1090.7ms.
L 03/09/2025 - 14:11:23: [kz_jumpplugin.amxx] performance issue. Function plugin_cfg executed more than 6.0ms.
L 03/09/2025 - 14:11:23: [uq_jumpstats.amxx] Can't find uq_jumpstats_tops.amxx
L 03/09/2025 - 14:11:26: [admincmd.amxx] Cmd: "PerGAmes MultiModos - MapasRaro<0><><>" set cvar (name "kz_uq_airaccelerate") (value "100")
L 03/09/2025 - 14:11:27: [kz_jumpplugin.amxx] performance issue. Function createbot executed more than 6.4ms.
L 03/09/2025 - 14:29:23: [polymorph.amxx] Vote: Voting for the nextmap started
L 03/09/2025 - 14:29:47: [polymorph.amxx] Vote: Voting for the nextmap finished. The nextmap will be bkz_goldbhop
L 03/09/2025 - 14:31:31: -------- Mapchange to bkz_goldbhop --------
L 03/09/2025 - 14:31:31: [AMXX] Plugin "poly_csdm_off.amxx" failed to load: Plugin uses an unknown function (name "csdm_set_active") - check your modules.ini.
L 03/09/2025 - 14:31:31: [kz_jumpplugin.amxx] performance issue. Function plugin_precache executed more than 4.8ms.
L 03/09/2025 - 14:31:32: New section, unterminated block (file "cstrike/addons/amxmodx/data/lang/kz_jumpplugin.txt" key "// Languages in this ML File:" lang "")
L 03/09/2025 - 14:31:33: [polymorph.amxx] performance issue. Function plugin_cfg executed more than 1082.2ms.
L 03/09/2025 - 14:31:33: [kz_jumpplugin.amxx] performance issue. Function plugin_cfg executed more than 6.0ms.
L 03/09/2025 - 14:31:33: [uq_jumpstats.amxx] Can't find uq_jumpstats_tops.amxx
L 03/09/2025 - 14:31:36: [admincmd.amxx] Cmd: "PerGAmes MultiModos - Kreedz by<0><><>" set cvar (name "kz_uq_airaccelerate") (value "100")
L 03/09/2025 - 14:31:37: [kz_jumpplugin.amxx] performance issue. Function createbot executed more than 6.9ms.
L 03/09/2025 - 14:49:33: [polymorph.amxx] Vote: Voting for the nextmap started
L 03/09/2025 - 14:49:57: [polymorph.amxx] Vote: Voting for the nextmap finished. The nextmap will be kz_xj_brickjump
L 03/09/2025 - 14:51:41: -------- Mapchange to kz_xj_brickjump --------
L 03/09/2025 - 14:51:41: [AMXX] Plugin "poly_csdm_off.amxx" failed to load: Plugin uses an unknown function (name "csdm_set_active") - check your modules.ini.
L 03/09/2025 - 14:51:41: [kz_jumpplugin.amxx] performance issue. Function plugin_precache executed more than 4.8ms.
L 03/09/2025 - 14:51:41: New section, unterminated block (file "cstrike/addons/amxmodx/data/lang/kz_jumpplugin.txt" key "// Languages in this ML File:" lang "")
L 03/09/2025 - 14:51:42: [polymorph.amxx] performance issue. Function plugin_cfg executed more than 1081.6ms.
L 03/09/2025 - 14:51:42: [kz_jumpplugin.amxx] performance issue. Function plugin_cfg executed more than 5.9ms.
L 03/09/2025 - 14:51:42: [uq_jumpstats.amxx] Can't find uq_jumpstats_tops.amxx
L 03/09/2025 - 14:51:46: [admincmd.amxx] Cmd: "PerGAmes MultiModos - Kreedz by<0><><>" set cvar (name "kz_uq_airaccelerate") (value "100")
L 03/09/2025 - 14:51:47: [kz_jumpplugin.amxx] performance issue. Function createbot executed more than 6.4ms.
L 03/09/2025 - 15:09:43: [polymorph.amxx] Vote: Voting for the next mod started
L 03/09/2025 - 15:10:07: [polymorph.amxx] Vote: Voting for the next mod finished. The nextmod will be BaseBuilder
L 03/09/2025 - 15:10:23: [polymorph.amxx] Vote: Voting for the nextmap started
L 03/09/2025 - 15:10:47: [polymorph.amxx] Vote: Voting for the nextmap finished. The nextmap will be bb_nemesis
L 03/09/2025 - 15:11:51: -------- Mapchange to bb_nemesis --------
L 03/09/2025 - 15:11:51: [AMXX] Plugin "anti-channel.amxx" failed to load: Module/Library "orpheu" required for plugin.  Check modules.ini.
L 03/09/2025 - 15:11:51: [AMXX] Plugin "poly_csdm_off.amxx" failed to load: Plugin uses an unknown function (name "csdm_set_active") - check your modules.ini.
L 03/09/2025 - 15:11:51: [basebuilder65.amxx] performance issue. Function plugin_precache executed more than 1.2ms.
L 03/09/2025 - 15:11:51: [basebuilder65.amxx] performance issue. Function native_register_zombie_class executed more than 66.6ms.
L 03/09/2025 - 15:11:51: [basebuilder65.amxx] performance issue. Function native_register_zombie_class executed more than 57.3ms.
L 03/09/2025 - 15:11:51: [basebuilder65.amxx] performance issue. Function native_register_zombie_class executed more than 47.5ms.
L 03/09/2025 - 15:11:52: [basebuilder65.amxx] performance issue. Function native_register_zombie_class executed more than 17.7ms.
L 03/09/2025 - 15:11:52: [bb_classes65.amxx] performance issue. Function plugin_precache executed more than 189.6ms.
L 03/09/2025 - 15:11:52: [basebuilder65.amxx] performance issue. Function plugin_init executed more than 8.2ms.
L 03/09/2025 - 15:11:53: [polymorph.amxx] performance issue. Function plugin_cfg executed more than 1094.1ms.
L 03/09/2025 - 15:34:53: [polymorph.amxx] Vote: Voting for the nextmap started
L 03/09/2025 - 15:35:17: [polymorph.amxx] Vote: Voting for the nextmap finished. The nextmap will be bb_colours
L 03/09/2025 - 15:37:01: -------- Mapchange to bb_colours --------
L 03/09/2025 - 15:37:01: [AMXX] Plugin "anti-channel.amxx" failed to load: Module/Library "orpheu" required for plugin.  Check modules.ini.
L 03/09/2025 - 15:37:01: [AMXX] Plugin "poly_csdm_off.amxx" failed to load: Plugin uses an unknown function (name "csdm_set_active") - check your modules.ini.
L 03/09/2025 - 15:37:02: [basebuilder65.amxx] performance issue. Function native_register_zombie_class executed more than 4.2ms.
L 03/09/2025 - 15:37:02: [basebuilder65.amxx] performance issue. Function native_register_zombie_class executed more than 4.2ms.
L 03/09/2025 - 15:37:02: [basebuilder65.amxx] performance issue. Function native_register_zombie_class executed more than 3.4ms.
L 03/09/2025 - 15:37:02: [basebuilder65.amxx] performance issue. Function native_register_zombie_class executed more than 5.0ms.
L 03/09/2025 - 15:37:02: [bb_classes65.amxx] performance issue. Function plugin_precache executed more than 17.0ms.
L 03/09/2025 - 15:37:03: [polymorph.amxx] performance issue. Function plugin_cfg executed more than 1094.4ms.
L 03/09/2025 - 16:00:03: [polymorph.amxx] Vote: Voting for the next mod started
L 03/09/2025 - 16:00:27: [polymorph.amxx] Vote: Voting for the next mod finished. The nextmod will be Zombie-Plague
L 03/09/2025 - 16:00:43: [polymorph.amxx] Vote: Voting for the nextmap started
L 03/09/2025 - 16:01:07: [polymorph.amxx] Vote: Voting for the nextmap finished. The nextmap will be zm_ice_attack
L 03/09/2025 - 16:02:11: -------- Mapchange to zm_ice_attack --------
L 03/09/2025 - 16:02:11: [AMXX] Plugin "poly_csdm_off.amxx" failed to load: Plugin uses an unknown function (name "csdm_set_active") - check your modules.ini.
L 03/09/2025 - 16:02:11: [zombie_plague43.amxx] performance issue. Function plugin_precache executed more than 52.6ms.
L 03/09/2025 - 16:02:11: [zombie_plague43.amxx] performance issue. Function native_register_zombie_class executed more than 3.3ms.
L 03/09/2025 - 16:02:11: [zombie_plague43.amxx] performance issue. Function native_register_zombie_class executed more than 5.8ms.
L 03/09/2025 - 16:02:11: [zombie_plague43.amxx] performance issue. Function native_register_zombie_class executed more than 4.4ms.
L 03/09/2025 - 16:02:11: [zombie_plague43.amxx] performance issue. Function native_register_zombie_class executed more than 3.1ms.
L 03/09/2025 - 16:02:11: [zombie_plague43.amxx] performance issue. Function native_register_zombie_class executed more than 3.2ms.
L 03/09/2025 - 16:02:12: [zombie_plague43.amxx] performance issue. Function native_register_zombie_class executed more than 5.7ms.
L 03/09/2025 - 16:02:12: [zombie_plague43.amxx] performance issue. Function native_register_zombie_class executed more than 2.0ms.
L 03/09/2025 - 16:02:12: [zombie_plague43.amxx] performance issue. Function native_register_zombie_class executed more than 4.8ms.
L 03/09/2025 - 16:02:12: [zombie_plague43.amxx] performance issue. Function plugin_init executed more than 3.4ms.
L 03/09/2025 - 16:02:13: [polymorph.amxx] performance issue. Function plugin_cfg executed more than 1109.5ms.
L 03/09/2025 - 16:21:13: [polymorph.amxx] Vote: Voting for the nextmap started
L 03/09/2025 - 16:21:37: [polymorph.amxx] Vote: Voting for the nextmap finished. The nextmap will be zm_toronto
L 03/09/2025 - 16:23:21: -------- Mapchange to zm_toronto --------
L 03/09/2025 - 16:23:21: [AMXX] Plugin "poly_csdm_off.amxx" failed to load: Plugin uses an unknown function (name "csdm_set_active") - check your modules.ini.
L 03/09/2025 - 16:23:22: [zombie_plague43.amxx] performance issue. Function plugin_precache executed more than 52.7ms.
L 03/09/2025 - 16:23:22: [zombie_plague43.amxx] performance issue. Function native_register_zombie_class executed more than 3.3ms.
L 03/09/2025 - 16:23:22: [zombie_plague43.amxx] performance issue. Function native_register_zombie_class executed more than 5.6ms.
L 03/09/2025 - 16:23:22: [zombie_plague43.amxx] performance issue. Function native_register_zombie_class executed more than 4.4ms.
L 03/09/2025 - 16:23:22: [zombie_plague43.amxx] performance issue. Function native_register_zombie_class executed more than 3.0ms.
L 03/09/2025 - 16:23:22: [zombie_plague43.amxx] performance issue. Function native_register_zombie_class executed more than 3.2ms.
L 03/09/2025 - 16:23:22: [zombie_plague43.amxx] performance issue. Function native_register_zombie_class executed more than 5.7ms.
L 03/09/2025 - 16:23:22: [zombie_plague43.amxx] performance issue. Function native_register_zombie_class executed more than 1.9ms.
L 03/09/2025 - 16:23:22: [zombie_plague43.amxx] performance issue. Function native_register_zombie_class executed more than 4.8ms.
L 03/09/2025 - 16:23:22: [zombie_plague43.amxx] performance issue. Function plugin_init executed more than 3.8ms.
L 03/09/2025 - 16:23:23: [polymorph.amxx] performance issue. Function plugin_cfg executed more than 1091.5ms.
L 03/09/2025 - 16:42:23: [polymorph.amxx] Vote: Voting for the nextmap started
L 03/09/2025 - 16:42:47: [polymorph.amxx] Vote: Voting for the nextmap finished. The nextmap will be zm_ice_attack
L 03/09/2025 - 16:44:31: -------- Mapchange to zm_ice_attack --------
L 03/09/2025 - 16:44:31: [AMXX] Plugin "poly_csdm_off.amxx" failed to load: Plugin uses an unknown function (name "csdm_set_active") - check your modules.ini.
L 03/09/2025 - 16:44:32: [zombie_plague43.amxx] performance issue. Function plugin_precache executed more than 52.6ms.
L 03/09/2025 - 16:44:32: [zombie_plague43.amxx] performance issue. Function native_register_zombie_class executed more than 3.3ms.
L 03/09/2025 - 16:44:32: [zombie_plague43.amxx] performance issue. Function native_register_zombie_class executed more than 5.6ms.
L 03/09/2025 - 16:44:32: [zombie_plague43.amxx] performance issue. Function native_register_zombie_class executed more than 4.4ms.
L 03/09/2025 - 16:44:32: [zombie_plague43.amxx] performance issue. Function native_register_zombie_class executed more than 3.1ms.
L 03/09/2025 - 16:44:32: [zombie_plague43.amxx] performance issue. Function native_register_zombie_class executed more than 3.2ms.
L 03/09/2025 - 16:44:32: [zombie_plague43.amxx] performance issue. Function native_register_zombie_class executed more than 6.1ms.
L 03/09/2025 - 16:44:32: [zombie_plague43.amxx] performance issue. Function native_register_zombie_class executed more than 1.9ms.
L 03/09/2025 - 16:44:32: [zombie_plague43.amxx] performance issue. Function native_register_zombie_class executed more than 4.9ms.
L 03/09/2025 - 16:44:32: [zombie_plague43.amxx] performance issue. Function plugin_init executed more than 3.3ms.
L 03/09/2025 - 16:44:33: [polymorph.amxx] performance issue. Function plugin_cfg executed more than 1082.8ms.
L 03/09/2025 - 17:03:33: [polymorph.amxx] Vote: Voting for the next mod started
L 03/09/2025 - 17:03:57: [polymorph.amxx] Vote: Voting for the next mod finished. The nextmod will be Vip
L 03/09/2025 - 17:04:13: [polymorph.amxx] Vote: Voting for the nextmap started
L 03/09/2025 - 17:04:37: [polymorph.amxx] Vote: Voting for the nextmap finished. The nextmap will be as_oilrig
L 03/09/2025 - 17:05:41: -------- Mapchange to as_oilrig --------
L 03/09/2025 - 17:05:41: [AMXX] Plugin "poly_csdm_off.amxx" failed to load: Plugin uses an unknown function (name "csdm_set_active") - check your modules.ini.
L 03/09/2025 - 17:05:43: [polymorph.amxx] performance issue. Function plugin_cfg executed more than 1119.4ms.
L 03/09/2025 - 17:28:43: [polymorph.amxx] Vote: Voting for the nextmap started
L 03/09/2025 - 17:29:07: [polymorph.amxx] Vote: Voting for the nextmap finished. The nextmap will be as_crazytank3
L 03/09/2025 - 17:30:51: -------- Mapchange to as_crazytank3 --------
L 03/09/2025 - 17:30:51: [AMXX] Plugin "poly_csdm_off.amxx" failed to load: Plugin uses an unknown function (name "csdm_set_active") - check your modules.ini.
L 03/09/2025 - 17:30:53: [polymorph.amxx] performance issue. Function plugin_cfg executed more than 1092.4ms.
L 03/09/2025 - 17:53:53: [polymorph.amxx] Vote: Voting for the nextmap started
L 03/09/2025 - 17:54:17: [polymorph.amxx] Vote: Voting for the nextmap finished. The nextmap will be as_oilrig
L 03/09/2025 - 17:56:01: -------- Mapchange to as_oilrig --------
L 03/09/2025 - 17:56:01: [AMXX] Plugin "poly_csdm_off.amxx" failed to load: Plugin uses an unknown function (name "csdm_set_active") - check your modules.ini.
L 03/09/2025 - 17:56:02: [polymorph.amxx] performance issue. Function plugin_cfg executed more than 1098.8ms.
L 03/09/2025 - 18:19:03: [polymorph.amxx] Vote: Voting for the next mod started
L 03/09/2025 - 18:19:27: [polymorph.amxx] Vote: Voting for the next mod finished. The nextmod will be Zombie-Plague
L 03/09/2025 - 18:19:43: [polymorph.amxx] Vote: Voting for the nextmap started
L 03/09/2025 - 18:20:07: [polymorph.amxx] Vote: Voting for the nextmap finished. The nextmap will be zm_ice_attack
L 03/09/2025 - 18:21:11: -------- Mapchange to zm_ice_attack --------
L 03/09/2025 - 18:21:11: [AMXX] Plugin "poly_csdm_off.amxx" failed to load: Plugin uses an unknown function (name "csdm_set_active") - check your modules.ini.
L 03/09/2025 - 18:21:11: [zombie_plague43.amxx] performance issue. Function plugin_precache executed more than 52.6ms.
L 03/09/2025 - 18:21:11: [zombie_plague43.amxx] performance issue. Function native_register_zombie_class executed more than 3.2ms.
L 03/09/2025 - 18:21:11: [zombie_plague43.amxx] performance issue. Function native_register_zombie_class executed more than 5.6ms.
L 03/09/2025 - 18:21:11: [zombie_plague43.amxx] performance issue. Function native_register_zombie_class executed more than 4.4ms.
L 03/09/2025 - 18:21:11: [zombie_plague43.amxx] performance issue. Function native_register_zombie_class executed more than 3.0ms.
L 03/09/2025 - 18:21:11: [zombie_plague43.amxx] performance issue. Function native_register_zombie_class executed more than 3.2ms.
L 03/09/2025 - 18:21:11: [zombie_plague43.amxx] performance issue. Function native_register_zombie_class executed more than 5.7ms.
L 03/09/2025 - 18:21:11: [zombie_plague43.amxx] performance issue. Function native_register_zombie_class executed more than 2.0ms.
L 03/09/2025 - 18:21:11: [zombie_plague43.amxx] performance issue. Function native_register_zombie_class executed more than 4.9ms.
L 03/09/2025 - 18:21:11: [zombie_plague43.amxx] performance issue. Function plugin_init executed more than 3.3ms.
L 03/09/2025 - 18:21:12: [polymorph.amxx] performance issue. Function plugin_cfg executed more than 1095.5ms.
L 03/09/2025 - 18:40:13: [polymorph.amxx] Vote: Voting for the nextmap started
L 03/09/2025 - 18:40:37: [polymorph.amxx] Vote: Voting for the nextmap finished. The nextmap will be zm_toronto
L 03/09/2025 - 18:42:21: -------- Mapchange to zm_toronto --------
L 03/09/2025 - 18:42:21: [AMXX] Plugin "poly_csdm_off.amxx" failed to load: Plugin uses an unknown function (name "csdm_set_active") - check your modules.ini.
L 03/09/2025 - 18:42:21: [zombie_plague43.amxx] performance issue. Function plugin_precache executed more than 52.6ms.
L 03/09/2025 - 18:42:21: [zombie_plague43.amxx] performance issue. Function native_register_zombie_class executed more than 3.3ms.
L 03/09/2025 - 18:42:21: [zombie_plague43.amxx] performance issue. Function native_register_zombie_class executed more than 5.6ms.
L 03/09/2025 - 18:42:21: [zombie_plague43.amxx] performance issue. Function native_register_zombie_class executed more than 4.4ms.
L 03/09/2025 - 18:42:21: [zombie_plague43.amxx] performance issue. Function native_register_zombie_class executed more than 3.2ms.
L 03/09/2025 - 18:42:21: [zombie_plague43.amxx] performance issue. Function native_register_zombie_class executed more than 3.2ms.
L 03/09/2025 - 18:42:21: [zombie_plague43.amxx] performance issue. Function native_register_zombie_class executed more than 5.5ms.
L 03/09/2025 - 18:42:21: [zombie_plague43.amxx] performance issue. Function native_register_zombie_class executed more than 1.9ms.
L 03/09/2025 - 18:42:21: [zombie_plague43.amxx] performance issue. Function native_register_zombie_class executed more than 4.9ms.
L 03/09/2025 - 18:42:21: [zombie_plague43.amxx] performance issue. Function plugin_init executed more than 3.3ms.
L 03/09/2025 - 18:42:22: [polymorph.amxx] performance issue. Function plugin_cfg executed more than 1090.0ms.
L 03/09/2025 - 19:01:23: [polymorph.amxx] Vote: Voting for the nextmap started
L 03/09/2025 - 19:01:47: [polymorph.amxx] Vote: Voting for the nextmap finished. The nextmap will be zm_ice_attack
L 03/09/2025 - 19:03:31: -------- Mapchange to zm_ice_attack --------
L 03/09/2025 - 19:03:31: [AMXX] Plugin "poly_csdm_off.amxx" failed to load: Plugin uses an unknown function (name "csdm_set_active") - check your modules.ini.
L 03/09/2025 - 19:03:31: [zombie_plague43.amxx] performance issue. Function plugin_precache executed more than 52.5ms.
L 03/09/2025 - 19:03:31: [zombie_plague43.amxx] performance issue. Function native_register_zombie_class executed more than 3.3ms.
L 03/09/2025 - 19:03:31: [zombie_plague43.amxx] performance issue. Function native_register_zombie_class executed more than 5.5ms.
L 03/09/2025 - 19:03:31: [zombie_plague43.amxx] performance issue. Function native_register_zombie_class executed more than 4.5ms.
L 03/09/2025 - 19:03:31: [zombie_plague43.amxx] performance issue. Function native_register_zombie_class executed more than 3.1ms.
L 03/09/2025 - 19:03:31: [zombie_plague43.amxx] performance issue. Function native_register_zombie_class executed more than 3.1ms.
L 03/09/2025 - 19:03:31: [zombie_plague43.amxx] performance issue. Function native_register_zombie_class executed more than 5.7ms.
L 03/09/2025 - 19:03:31: [zombie_plague43.amxx] performance issue. Function native_register_zombie_class executed more than 1.9ms.
L 03/09/2025 - 19:03:31: [zombie_plague43.amxx] performance issue. Function native_register_zombie_class executed more than 4.8ms.
L 03/09/2025 - 19:03:31: [zombie_plague43.amxx] performance issue. Function plugin_init executed more than 3.4ms.
L 03/09/2025 - 19:03:32: [polymorph.amxx] performance issue. Function plugin_cfg executed more than 1087.9ms.
L 03/09/2025 - 19:22:33: [polymorph.amxx] Vote: Voting for the next mod started
L 03/09/2025 - 19:22:57: [polymorph.amxx] Vote: Voting for the next mod finished. The nextmod will be Vip
L 03/09/2025 - 19:23:13: [polymorph.amxx] Vote: Voting for the nextmap started
L 03/09/2025 - 19:23:37: [polymorph.amxx] Vote: Voting for the nextmap finished. The nextmap will be as_oilrig
L 03/09/2025 - 19:24:41: -------- Mapchange to as_oilrig --------
L 03/09/2025 - 19:24:41: [AMXX] Plugin "poly_csdm_off.amxx" failed to load: Plugin uses an unknown function (name "csdm_set_active") - check your modules.ini.
L 03/09/2025 - 19:24:42: [polymorph.amxx] performance issue. Function plugin_cfg executed more than 1096.0ms.
L 03/09/2025 - 19:47:42: [polymorph.amxx] Vote: Voting for the nextmap started
L 03/09/2025 - 19:48:06: [polymorph.amxx] Vote: Voting for the nextmap finished. The nextmap will be as_crazytank3
L 03/09/2025 - 19:49:51: -------- Mapchange to as_crazytank3 --------
L 03/09/2025 - 19:49:51: [AMXX] Plugin "poly_csdm_off.amxx" failed to load: Plugin uses an unknown function (name "csdm_set_active") - check your modules.ini.
L 03/09/2025 - 19:49:52: [polymorph.amxx] performance issue. Function plugin_cfg executed more than 1099.0ms.
L 03/09/2025 - 20:12:52: [polymorph.amxx] Vote: Voting for the nextmap started
L 03/09/2025 - 20:13:16: [polymorph.amxx] Vote: Voting for the nextmap finished. The nextmap will be as_oilrig
L 03/09/2025 - 20:15:00: -------- Mapchange to as_oilrig --------
L 03/09/2025 - 20:15:00: [AMXX] Plugin "poly_csdm_off.amxx" failed to load: Plugin uses an unknown function (name "csdm_set_active") - check your modules.ini.
L 03/09/2025 - 20:15:02: [polymorph.amxx] performance issue. Function plugin_cfg executed more than 1118.8ms.
L 03/09/2025 - 20:38:02: [polymorph.amxx] Vote: Voting for the next mod started
L 03/09/2025 - 20:38:26: [polymorph.amxx] Vote: Voting for the next mod finished. The nextmod will be Vip
L 03/09/2025 - 20:38:42: [polymorph.amxx] Vote: Voting for the nextmap started
L 03/09/2025 - 20:39:06: [polymorph.amxx] Vote: Voting for the nextmap finished. The nextmap will be as_crazytank3
L 03/09/2025 - 20:40:10: -------- Mapchange to as_crazytank3 --------
L 03/09/2025 - 20:40:10: [AMXX] Plugin "poly_csdm_off.amxx" failed to load: Plugin uses an unknown function (name "csdm_set_active") - check your modules.ini.
L 03/09/2025 - 20:40:11: [polymorph.amxx] performance issue. Function plugin_cfg executed more than 1119.5ms.
L 03/09/2025 - 21:03:12: [polymorph.amxx] Vote: Voting for the nextmap started
L 03/09/2025 - 21:03:36: [polymorph.amxx] Vote: Voting for the nextmap finished. The nextmap will be as_oilrig
L 03/09/2025 - 21:05:20: -------- Mapchange to as_oilrig --------
L 03/09/2025 - 21:05:20: [AMXX] Plugin "poly_csdm_off.amxx" failed to load: Plugin uses an unknown function (name "csdm_set_active") - check your modules.ini.
L 03/09/2025 - 21:05:21: [polymorph.amxx] performance issue. Function plugin_cfg executed more than 1128.7ms.
L 03/09/2025 - 21:28:22: [polymorph.amxx] Vote: Voting for the nextmap started
L 03/09/2025 - 21:28:46: [polymorph.amxx] Vote: Voting for the nextmap finished. The nextmap will be as_crazytank3
L 03/09/2025 - 21:30:30: -------- Mapchange to as_crazytank3 --------
L 03/09/2025 - 21:30:30: [AMXX] Plugin "poly_csdm_off.amxx" failed to load: Plugin uses an unknown function (name "csdm_set_active") - check your modules.ini.
L 03/09/2025 - 21:30:31: [polymorph.amxx] performance issue. Function plugin_cfg executed more than 1130.5ms.
L 03/09/2025 - 21:53:31: [polymorph.amxx] Vote: Voting for the next mod started
L 03/09/2025 - 21:53:55: [polymorph.amxx] Vote: Voting for the next mod finished. The nextmod will be Rubaka
L 03/09/2025 - 21:54:11: [polymorph.amxx] Vote: Voting for the nextmap started
L 03/09/2025 - 21:54:35: [polymorph.amxx] Vote: Voting for the nextmap finished. The nextmap will be rubaka_2forts
L 03/09/2025 - 21:55:39: -------- Mapchange to rubaka_2forts --------
L 03/09/2025 - 21:55:39: [AMXX] Plugin "poly_csdm_off.amxx" failed to load: Plugin uses an unknown function (name "csdm_set_active") - check your modules.ini.
L 03/09/2025 - 21:55:41: [polymorph.amxx] performance issue. Function plugin_cfg executed more than 1126.4ms.
L 03/09/2025 - 22:16:41: [polymorph.amxx] Vote: Voting for the nextmap started
L 03/09/2025 - 22:17:05: [polymorph.amxx] Vote: Voting for the nextmap finished. The nextmap will be 35hp_gx
L 03/09/2025 - 22:17:22: -------- Mapchange to 35hp_gx --------
L 03/09/2025 - 22:17:22: [AMXX] Plugin "poly_csdm_off.amxx" failed to load: Plugin uses an unknown function (name "csdm_set_active") - check your modules.ini.
L 03/09/2025 - 22:17:23: [polymorph.amxx] performance issue. Function plugin_cfg executed more than 1095.3ms.
L 03/09/2025 - 22:38:24: [polymorph.amxx] Vote: Voting for the next mod started
L 03/09/2025 - 22:38:48: [polymorph.amxx] Vote: Voting for the next mod finished. The nextmod will be Soccerjam
L 03/09/2025 - 22:39:04: [polymorph.amxx] Vote: Voting for the nextmap started
L 03/09/2025 - 22:39:05: -------- Mapchange to sj_trix_zone --------
L 03/09/2025 - 22:39:05: [AMXX] Plugin "poly_csdm_off.amxx" failed to load: Plugin uses an unknown function (name "csdm_set_active") - check your modules.ini.
L 03/09/2025 - 22:39:05: [soccerjam.amxx] performance issue. Function plugin_precache executed more than 12.5ms.
L 03/09/2025 - 22:39:05: [soccerjam.amxx] performance issue. Function pfn_keyvalue executed more than 6.4ms.
L 03/09/2025 - 22:39:05: [soccerjam.amxx] performance issue. Function pfn_keyvalue executed more than 2.1ms.
L 03/09/2025 - 22:39:05: [soccerjam.amxx] performance issue. Function pfn_keyvalue executed more than 2.0ms.
L 03/09/2025 - 22:39:05: [soccerjam.amxx] performance issue. Function plugin_init executed more than 3.6ms.
L 03/09/2025 - 22:39:06: [polymorph.amxx] performance issue. Function plugin_cfg executed more than 1093.7ms.
L 03/09/2025 - 22:57:06: [polymorph.amxx] Vote: Voting for the next mod started
L 03/09/2025 - 22:57:31: [polymorph.amxx] Vote: Voting for the next mod finished. The nextmod will be Banderas
L 03/09/2025 - 22:57:47: [polymorph.amxx] Vote: Voting for the nextmap started
L 03/09/2025 - 22:58:11: [polymorph.amxx] Vote: Voting for the nextmap finished. The nextmap will be de_dust2
L 03/09/2025 - 22:59:19: [polymorph.amxx] performance issue. Function plugin_end executed more than 1.6ms.
L 03/09/2025 - 22:59:19: -------- Mapchange to de_dust2 --------
L 03/09/2025 - 22:59:19: [AMXX] Plugin "poly_csdm_off.amxx" failed to load: Plugin uses an unknown function (name "csdm_set_active") - check your modules.ini.
L 03/09/2025 - 22:59:20: [polymorph.amxx] performance issue. Function plugin_cfg executed more than 1098.8ms.
L 03/09/2025 - 23:17:20: [polymorph.amxx] Vote: Voting for the nextmap started
L 03/09/2025 - 23:17:44: [polymorph.amxx] Vote: Voting for the nextmap finished. The nextmap will be surf_iceday_remake
L 03/09/2025 - 23:19:28: -------- Mapchange to surf_iceday_remake --------
L 03/09/2025 - 23:19:28: [AMXX] Plugin "poly_csdm_off.amxx" failed to load: Plugin uses an unknown function (name "csdm_set_active") - check your modules.ini.
L 03/09/2025 - 23:19:30: [polymorph.amxx] performance issue. Function plugin_cfg executed more than 1108.5ms.
L 03/09/2025 - 23:37:30: [polymorph.amxx] Vote: Voting for the next mod started
L 03/09/2025 - 23:37:54: [polymorph.amxx] Vote: Voting for the next mod finished. The nextmod will be Free-For-All
L 03/09/2025 - 23:38:10: [polymorph.amxx] Vote: Voting for the nextmap started
L 03/09/2025 - 23:38:34: [polymorph.amxx] Vote: Voting for the nextmap finished. The nextmap will be cs_assault
L 03/09/2025 - 23:39:38: -------- Mapchange to cs_assault --------
L 03/09/2025 - 23:39:38: [AMXX] Plugin "poly_csdm_off.amxx" failed to load: Plugin uses an unknown function (name "csdm_set_active") - check your modules.ini.
L 03/09/2025 - 23:39:39: [polymorph.amxx] performance issue. Function plugin_cfg executed more than 1092.1ms.
L 03/09/2025 - 23:56:40: [polymorph.amxx] Vote: Voting for the nextmap started
L 03/09/2025 - 23:57:04: [polymorph.amxx] Vote: Voting for the nextmap finished. The nextmap will be de_chateau
L 03/09/2025 - 23:58:48: -------- Mapchange to de_chateau --------
L 03/09/2025 - 23:58:48: [AMXX] Plugin "poly_csdm_off.amxx" failed to load: Plugin uses an unknown function (name "csdm_set_active") - check your modules.ini.
L 03/09/2025 - 23:58:49: [polymorph.amxx] performance issue. Function plugin_cfg executed more than 1088.5ms.
