L 03/13/2025 - 00:13:17: [polymorph.amxx] Vote: Voting for the next mod started
L 03/13/2025 - 00:13:41: [polymorph.amxx] Vote: Voting for the next mod finished. The nextmod will be HideN-Seek
L 03/13/2025 - 00:13:57: [polymorph.amxx] Vote: Voting for the nextmap started
L 03/13/2025 - 00:14:21: [polymorph.amxx] Vote: Voting for the nextmap finished. The nextmap will be cs_estate
L 03/13/2025 - 00:15:25: -------- Mapchange to cs_estate --------
L 03/13/2025 - 00:15:25: [AMXX] Plugin "poly_csdm_off.amxx" failed to load: Plugin uses an unknown function (name "csdm_set_active") - check your modules.ini.
L 03/13/2025 - 00:15:27: [polymorph.amxx] performance issue. Function plugin_cfg executed more than 1091.7ms.
L 03/13/2025 - 00:15:27: [uq_jumpstats.amxx] Can't find uq_jumpstats_tops.amxx
L 03/13/2025 - 00:30:27: [polymorph.amxx] Vote: Voting for the nextmap started
L 03/13/2025 - 00:30:51: [polymorph.amxx] Vote: Voting for the nextmap finished. The nextmap will be de_dust
L 03/13/2025 - 00:32:35: -------- Mapchange to de_dust --------
L 03/13/2025 - 00:32:35: [AMXX] Plugin "poly_csdm_off.amxx" failed to load: Plugin uses an unknown function (name "csdm_set_active") - check your modules.ini.
L 03/13/2025 - 00:32:36: [polymorph.amxx] performance issue. Function plugin_cfg executed more than 1143.0ms.
L 03/13/2025 - 00:32:36: [uq_jumpstats.amxx] Can't find uq_jumpstats_tops.amxx
L 03/13/2025 - 00:47:37: [polymorph.amxx] Vote: Voting for the next mod started
L 03/13/2025 - 00:48:01: [polymorph.amxx] Vote: Voting for the next mod finished. The nextmod will be CScout
L 03/13/2025 - 00:48:17: [polymorph.amxx] Vote: Voting for the nextmap started
L 03/13/2025 - 00:48:41: [polymorph.amxx] Vote: Voting for the nextmap finished. The nextmap will be de_dust2
L 03/13/2025 - 00:49:45: -------- Mapchange to de_dust2 --------
L 03/13/2025 - 00:49:45: [AMXX] Plugin "poly_csdm_off.amxx" failed to load: Plugin uses an unknown function (name "csdm_set_active") - check your modules.ini.
L 03/13/2025 - 00:49:46: [polymorph.amxx] performance issue. Function plugin_cfg executed more than 1104.0ms.
L 03/13/2025 - 01:07:47: [polymorph.amxx] Vote: Voting for the nextmap started
L 03/13/2025 - 01:08:11: [polymorph.amxx] Vote: Voting for the nextmap finished. The nextmap will be de_inferno
L 03/13/2025 - 01:09:55: -------- Mapchange to de_inferno --------
L 03/13/2025 - 01:09:55: [AMXX] Plugin "poly_csdm_off.amxx" failed to load: Plugin uses an unknown function (name "csdm_set_active") - check your modules.ini.
L 03/13/2025 - 01:09:56: [polymorph.amxx] performance issue. Function plugin_cfg executed more than 1102.6ms.
L 03/13/2025 - 01:27:56: [polymorph.amxx] Vote: Voting for the nextmap started
L 03/13/2025 - 01:28:20: [polymorph.amxx] Vote: Voting for the nextmap finished. The nextmap will be de_dust2
L 03/13/2025 - 01:30:04: -------- Mapchange to de_dust2 --------
L 03/13/2025 - 01:30:04: [AMXX] Plugin "poly_csdm_off.amxx" failed to load: Plugin uses an unknown function (name "csdm_set_active") - check your modules.ini.
L 03/13/2025 - 01:30:06: [polymorph.amxx] performance issue. Function plugin_cfg executed more than 1100.5ms.
L 03/13/2025 - 01:48:06: [polymorph.amxx] Vote: Voting for the next mod started
L 03/13/2025 - 01:48:30: [polymorph.amxx] Vote: Voting for the next mod finished. The nextmod will be Kreedz-Kz
L 03/13/2025 - 01:48:46: [polymorph.amxx] Vote: Voting for the nextmap started
L 03/13/2025 - 01:49:10: [polymorph.amxx] Vote: Voting for the nextmap finished. The nextmap will be kz_arsacid
L 03/13/2025 - 01:50:14: -------- Mapchange to kz_arsacid --------
L 03/13/2025 - 01:50:14: [AMXX] Plugin "poly_csdm_off.amxx" failed to load: Plugin uses an unknown function (name "csdm_set_active") - check your modules.ini.
L 03/13/2025 - 01:50:14: [kz_jumpplugin.amxx] performance issue. Function plugin_precache executed more than 4.9ms.
L 03/13/2025 - 01:50:14: New section, unterminated block (file "cstrike/addons/amxmodx/data/lang/kz_jumpplugin.txt" key "// Languages in this ML File:" lang "")
L 03/13/2025 - 01:50:15: [polymorph.amxx] performance issue. Function plugin_cfg executed more than 1102.9ms.
L 03/13/2025 - 01:50:15: [kz_jumpplugin.amxx] performance issue. Function plugin_cfg executed more than 6.4ms.
L 03/13/2025 - 01:50:15: [uq_jumpstats.amxx] Can't find uq_jumpstats_tops.amxx
L 03/13/2025 - 01:50:19: [admincmd.amxx] Cmd: "PerGAmes MultiModos - CScout MO<0><><>" set cvar (name "kz_uq_airaccelerate") (value "100")
L 03/13/2025 - 01:50:20: [kz_jumpplugin.amxx] performance issue. Function createbot executed more than 6.7ms.
L 03/13/2025 - 02:08:16: [polymorph.amxx] Vote: Voting for the nextmap started
L 03/13/2025 - 02:08:40: [polymorph.amxx] Vote: Voting for the nextmap finished. The nextmap will be bkz_goldbhop
L 03/13/2025 - 02:10:24: -------- Mapchange to bkz_goldbhop --------
L 03/13/2025 - 02:10:24: [AMXX] Plugin "poly_csdm_off.amxx" failed to load: Plugin uses an unknown function (name "csdm_set_active") - check your modules.ini.
L 03/13/2025 - 02:10:24: [kz_jumpplugin.amxx] performance issue. Function plugin_precache executed more than 4.8ms.
L 03/13/2025 - 02:10:24: New section, unterminated block (file "cstrike/addons/amxmodx/data/lang/kz_jumpplugin.txt" key "// Languages in this ML File:" lang "")
L 03/13/2025 - 02:10:25: [polymorph.amxx] performance issue. Function plugin_cfg executed more than 1102.5ms.
L 03/13/2025 - 02:10:25: [kz_jumpplugin.amxx] performance issue. Function plugin_cfg executed more than 6.5ms.
L 03/13/2025 - 02:10:25: [uq_jumpstats.amxx] Can't find uq_jumpstats_tops.amxx
L 03/13/2025 - 02:10:29: [admincmd.amxx] Cmd: "PerGAmes MultiModos - Kreedz by<0><><>" set cvar (name "kz_uq_airaccelerate") (value "100")
L 03/13/2025 - 02:10:30: [kz_jumpplugin.amxx] performance issue. Function createbot executed more than 6.4ms.
L 03/13/2025 - 02:28:26: [polymorph.amxx] Vote: Voting for the nextmap started
L 03/13/2025 - 02:28:50: [polymorph.amxx] Vote: Voting for the nextmap finished. The nextmap will be kz_arsacid
L 03/13/2025 - 02:30:34: -------- Mapchange to kz_arsacid --------
L 03/13/2025 - 02:30:34: [AMXX] Plugin "poly_csdm_off.amxx" failed to load: Plugin uses an unknown function (name "csdm_set_active") - check your modules.ini.
L 03/13/2025 - 02:30:34: [kz_jumpplugin.amxx] performance issue. Function plugin_precache executed more than 4.8ms.
L 03/13/2025 - 02:30:34: New section, unterminated block (file "cstrike/addons/amxmodx/data/lang/kz_jumpplugin.txt" key "// Languages in this ML File:" lang "")
L 03/13/2025 - 02:30:35: [polymorph.amxx] performance issue. Function plugin_cfg executed more than 1106.8ms.
L 03/13/2025 - 02:30:35: [kz_jumpplugin.amxx] performance issue. Function plugin_cfg executed more than 6.7ms.
L 03/13/2025 - 02:30:35: [uq_jumpstats.amxx] Can't find uq_jumpstats_tops.amxx
L 03/13/2025 - 02:30:39: [admincmd.amxx] Cmd: "PerGAmes MultiModos - Kreedz by<0><><>" set cvar (name "kz_uq_airaccelerate") (value "100")
L 03/13/2025 - 02:30:40: [kz_jumpplugin.amxx] performance issue. Function createbot executed more than 1.4ms.
L 03/13/2025 - 02:48:36: [polymorph.amxx] Vote: Voting for the next mod started
L 03/13/2025 - 02:49:00: [polymorph.amxx] Vote: Voting for the next mod finished. The nextmod will be Deathrun
L 03/13/2025 - 02:49:16: [polymorph.amxx] Vote: Voting for the nextmap started
L 03/13/2025 - 02:49:40: [polymorph.amxx] Vote: Voting for the nextmap finished. The nextmap will be deathrun_starwars
L 03/13/2025 - 02:50:44: -------- Mapchange to deathrun_starwars --------
L 03/13/2025 - 02:50:44: [AMXX] Plugin "poly_csdm_off.amxx" failed to load: Plugin uses an unknown function (name "csdm_set_active") - check your modules.ini.
L 03/13/2025 - 02:50:45: [plugin_trail.amxx] performance issue. Function plugin_precache executed more than 114.5ms.
L 03/13/2025 - 02:50:45: [rtd_pg.amxx] performance issue. Function plugin_precache executed more than 130.8ms.
L 03/13/2025 - 02:50:45: [hatspgeditado1.amxx] performance issue. Function plugin_precache executed more than 63.8ms.
L 03/13/2025 - 02:51:24: -------- Mapchange to de_dust2 --------
L 03/13/2025 - 02:51:24: [GEOIP] Database info: GeoLite2 Country database 2.0
L 03/13/2025 - 02:51:24: [AMXX] Plugin "poly_csdm_off.amxx" failed to load: Plugin uses an unknown function (name "csdm_set_active") - check your modules.ini.
L 03/13/2025 - 02:51:24: [plugin_trail.amxx] performance issue. Function plugin_precache executed more than 17.5ms.
L 03/13/2025 - 02:51:24: [rtd_pg.amxx] performance issue. Function plugin_precache executed more than 13.5ms.
L 03/13/2025 - 02:51:24: [hatspgeditado1.amxx] performance issue. Function plugin_precache executed more than 40.1ms.
L 03/13/2025 - 02:51:25: Invalid multi-lingual line (file "cstrike/addons/amxmodx/data/lang/deathrun.txt" key "Zabi nepriatela pre ziskanie jedneho." lang "sk")
L 03/13/2025 - 02:51:25: [AMXX] Failed to open dictionary file: cstrike/addons/amxmodx/data/lang/DeathrunShopLang.txt
L 03/13/2025 - 02:51:25: [plugin_trail.amxx] performance issue. Function plugin_init executed more than 17.2ms.
L 03/13/2025 - 02:51:25: [specteclado.amxx] performance issue. Function plugin_init executed more than 10.6ms.
L 03/13/2025 - 02:51:25: [use_buttons.amxx] performance issue. Function plugin_init executed more than 7.1ms.
L 03/13/2025 - 02:51:25: [antiretry_ronald.amxx] performance issue. Function plugin_init executed more than 1.0ms.
L 03/13/2025 - 02:51:26: [polymorph.amxx] performance issue. Function plugin_cfg executed more than 1147.8ms.
L 03/13/2025 - 03:09:27: [polymorph.amxx] Vote: Voting for the nextmap started
L 03/13/2025 - 03:09:51: [polymorph.amxx] Vote: Voting for the nextmap finished. The nextmap will be deathrun_minecraft_fg
L 03/13/2025 - 03:11:37: -------- Mapchange to deathrun_minecraft_fg --------
L 03/13/2025 - 03:11:37: [AMXX] Plugin "poly_csdm_off.amxx" failed to load: Plugin uses an unknown function (name "csdm_set_active") - check your modules.ini.
L 03/13/2025 - 03:11:37: [plugin_trail.amxx] performance issue. Function plugin_precache executed more than 17.8ms.
L 03/13/2025 - 03:11:37: [rtd_pg.amxx] performance issue. Function plugin_precache executed more than 13.6ms.
L 03/13/2025 - 03:11:38: [hatspgeditado1.amxx] performance issue. Function plugin_precache executed more than 39.9ms.
L 03/13/2025 - 03:11:38: Invalid multi-lingual line (file "cstrike/addons/amxmodx/data/lang/deathrun.txt" key "Zabi nepriatela pre ziskanie jedneho." lang "sk")
L 03/13/2025 - 03:11:38: [AMXX] Failed to open dictionary file: cstrike/addons/amxmodx/data/lang/DeathrunShopLang.txt
L 03/13/2025 - 03:11:39: [polymorph.amxx] performance issue. Function plugin_cfg executed more than 1104.7ms.
L 03/13/2025 - 03:29:59: [polymorph.amxx] Vote: Voting for the nextmap started
L 03/13/2025 - 03:30:23: [polymorph.amxx] Vote: Voting for the nextmap finished. The nextmap will be deathrun_colors
L 03/13/2025 - 03:32:10: -------- Mapchange to deathrun_colors --------
L 03/13/2025 - 03:32:10: [AMXX] Plugin "poly_csdm_off.amxx" failed to load: Plugin uses an unknown function (name "csdm_set_active") - check your modules.ini.
L 03/13/2025 - 03:32:10: [plugin_trail.amxx] performance issue. Function plugin_precache executed more than 17.7ms.
L 03/13/2025 - 03:32:10: [rtd_pg.amxx] performance issue. Function plugin_precache executed more than 13.5ms.
L 03/13/2025 - 03:32:10: Invalid multi-lingual line (file "cstrike/addons/amxmodx/data/lang/deathrun.txt" key "Zabi nepriatela pre ziskanie jedneho." lang "sk")
L 03/13/2025 - 03:32:10: [AMXX] Failed to open dictionary file: cstrike/addons/amxmodx/data/lang/DeathrunShopLang.txt
L 03/13/2025 - 03:32:11: [polymorph.amxx] performance issue. Function plugin_cfg executed more than 1104.9ms.
L 03/13/2025 - 03:50:31: [polymorph.amxx] Vote: Voting for the next mod started
L 03/13/2025 - 03:50:55: [polymorph.amxx] Vote: Voting for the next mod finished. The nextmod will be MapasRaros
L 03/13/2025 - 03:51:11: [polymorph.amxx] Vote: Voting for the nextmap started
L 03/13/2025 - 03:51:35: [polymorph.amxx] Vote: Voting for the nextmap finished. The nextmap will be crazycar_v2
L 03/13/2025 - 03:52:42: -------- Mapchange to crazycar_v2 --------
L 03/13/2025 - 03:52:42: [AMXX] Plugin "poly_csdm_off.amxx" failed to load: Plugin uses an unknown function (name "csdm_set_active") - check your modules.ini.
L 03/13/2025 - 03:52:43: [polymorph.amxx] performance issue. Function plugin_cfg executed more than 1110.9ms.
L 03/13/2025 - 04:11:43: [polymorph.amxx] Vote: Voting for the nextmap started
L 03/13/2025 - 04:12:07: [polymorph.amxx] Vote: Voting for the nextmap finished. The nextmap will be he_tennis
L 03/13/2025 - 04:13:51: -------- Mapchange to he_tennis --------
L 03/13/2025 - 04:13:51: [AMXX] Plugin "poly_csdm_off.amxx" failed to load: Plugin uses an unknown function (name "csdm_set_active") - check your modules.ini.
L 03/13/2025 - 04:13:53: [polymorph.amxx] performance issue. Function plugin_cfg executed more than 1112.3ms.
L 03/13/2025 - 04:32:53: [polymorph.amxx] Vote: Voting for the nextmap started
L 03/13/2025 - 04:33:17: [polymorph.amxx] Vote: Voting for the nextmap finished. The nextmap will be crazycar_v2
L 03/13/2025 - 04:35:01: -------- Mapchange to crazycar_v2 --------
L 03/13/2025 - 04:35:01: [AMXX] Plugin "poly_csdm_off.amxx" failed to load: Plugin uses an unknown function (name "csdm_set_active") - check your modules.ini.
L 03/13/2025 - 04:35:03: [polymorph.amxx] performance issue. Function plugin_cfg executed more than 1100.6ms.
L 03/13/2025 - 04:54:03: [polymorph.amxx] Vote: Voting for the next mod started
L 03/13/2025 - 04:54:27: [polymorph.amxx] Vote: Voting for the next mod finished. The nextmod will be Slender
L 03/13/2025 - 04:54:43: [polymorph.amxx] Vote: Voting for the nextmap started
L 03/13/2025 - 04:55:07: [polymorph.amxx] Vote: Voting for the nextmap finished. The nextmap will be de_dust2
L 03/13/2025 - 04:56:11: -------- Mapchange to de_dust2 --------
L 03/13/2025 - 04:56:11: [AMXX] Plugin "poly_csdm_off.amxx" failed to load: Plugin uses an unknown function (name "csdm_set_active") - check your modules.ini.
L 03/13/2025 - 04:56:12: [polymorph.amxx] performance issue. Function plugin_cfg executed more than 1098.8ms.
L 03/13/2025 - 05:17:13: [polymorph.amxx] Vote: Voting for the nextmap started
L 03/13/2025 - 05:17:37: [polymorph.amxx] Vote: Voting for the nextmap finished. The nextmap will be de_aztec
L 03/13/2025 - 05:19:21: -------- Mapchange to de_aztec --------
L 03/13/2025 - 05:19:21: [AMXX] Plugin "poly_csdm_off.amxx" failed to load: Plugin uses an unknown function (name "csdm_set_active") - check your modules.ini.
L 03/13/2025 - 05:19:22: [polymorph.amxx] performance issue. Function plugin_cfg executed more than 1098.5ms.
L 03/13/2025 - 05:40:22: [polymorph.amxx] Vote: Voting for the next mod started
L 03/13/2025 - 05:40:46: [polymorph.amxx] Vote: Voting for the next mod finished. The nextmod will be Rubaka
L 03/13/2025 - 05:41:02: [polymorph.amxx] Vote: Voting for the nextmap started
L 03/13/2025 - 05:41:27: [polymorph.amxx] Vote: Voting for the nextmap finished. The nextmap will be rubaka_2forts
L 03/13/2025 - 05:42:30: -------- Mapchange to rubaka_2forts --------
L 03/13/2025 - 05:42:31: [AMXX] Plugin "poly_csdm_off.amxx" failed to load: Plugin uses an unknown function (name "csdm_set_active") - check your modules.ini.
L 03/13/2025 - 05:42:32: [polymorph.amxx] performance issue. Function plugin_cfg executed more than 1146.6ms.
L 03/13/2025 - 06:03:32: [polymorph.amxx] Vote: Voting for the nextmap started
L 03/13/2025 - 06:03:56: [polymorph.amxx] Vote: Voting for the nextmap finished. The nextmap will be rubaka_arena
L 03/13/2025 - 06:04:13: -------- Mapchange to rubaka_arena --------
L 03/13/2025 - 06:04:13: [AMXX] Plugin "poly_csdm_off.amxx" failed to load: Plugin uses an unknown function (name "csdm_set_active") - check your modules.ini.
L 03/13/2025 - 06:04:15: [polymorph.amxx] performance issue. Function plugin_cfg executed more than 1132.7ms.
L 03/13/2025 - 06:25:15: [polymorph.amxx] Vote: Voting for the next mod started
L 03/13/2025 - 06:25:39: [polymorph.amxx] Vote: Voting for the next mod finished. The nextmod will be Vip
L 03/13/2025 - 06:25:55: [polymorph.amxx] Vote: Voting for the nextmap started
L 03/13/2025 - 06:25:56: -------- Mapchange to as_oilrig --------
L 03/13/2025 - 06:25:56: [AMXX] Plugin "poly_csdm_off.amxx" failed to load: Plugin uses an unknown function (name "csdm_set_active") - check your modules.ini.
L 03/13/2025 - 06:25:57: [polymorph.amxx] performance issue. Function plugin_cfg executed more than 1098.2ms.
L 03/13/2025 - 06:48:58: [polymorph.amxx] Vote: Voting for the nextmap started
L 03/13/2025 - 06:49:22: [polymorph.amxx] Vote: Voting for the nextmap finished. The nextmap will be as_crazytank3
L 03/13/2025 - 06:51:06: -------- Mapchange to as_crazytank3 --------
L 03/13/2025 - 06:51:06: [AMXX] Plugin "poly_csdm_off.amxx" failed to load: Plugin uses an unknown function (name "csdm_set_active") - check your modules.ini.
L 03/13/2025 - 06:51:07: [polymorph.amxx] performance issue. Function plugin_cfg executed more than 1103.5ms.
L 03/13/2025 - 07:14:07: [polymorph.amxx] Vote: Voting for the nextmap started
L 03/13/2025 - 07:14:31: [polymorph.amxx] Vote: Voting for the nextmap finished. The nextmap will be as_oilrig
L 03/13/2025 - 07:16:15: -------- Mapchange to as_oilrig --------
L 03/13/2025 - 07:16:15: [AMXX] Plugin "poly_csdm_off.amxx" failed to load: Plugin uses an unknown function (name "csdm_set_active") - check your modules.ini.
L 03/13/2025 - 07:16:17: [polymorph.amxx] performance issue. Function plugin_cfg executed more than 1102.7ms.
L 03/13/2025 - 07:39:17: [polymorph.amxx] Vote: Voting for the next mod started
L 03/13/2025 - 07:39:41: [polymorph.amxx] Vote: Voting for the next mod finished. The nextmod will be Vip
L 03/13/2025 - 07:39:57: [polymorph.amxx] Vote: Voting for the nextmap started
L 03/13/2025 - 07:40:21: [polymorph.amxx] Vote: Voting for the nextmap finished. The nextmap will be as_crazytank3
L 03/13/2025 - 07:41:25: -------- Mapchange to as_crazytank3 --------
L 03/13/2025 - 07:41:25: [AMXX] Plugin "poly_csdm_off.amxx" failed to load: Plugin uses an unknown function (name "csdm_set_active") - check your modules.ini.
L 03/13/2025 - 07:41:27: [polymorph.amxx] performance issue. Function plugin_cfg executed more than 1128.4ms.
L 03/13/2025 - 08:04:27: [polymorph.amxx] Vote: Voting for the nextmap started
L 03/13/2025 - 08:04:51: [polymorph.amxx] Vote: Voting for the nextmap finished. The nextmap will be as_oilrig
L 03/13/2025 - 08:06:35: -------- Mapchange to as_oilrig --------
L 03/13/2025 - 08:06:35: [AMXX] Plugin "poly_csdm_off.amxx" failed to load: Plugin uses an unknown function (name "csdm_set_active") - check your modules.ini.
L 03/13/2025 - 08:06:36: [polymorph.amxx] performance issue. Function plugin_cfg executed more than 1102.3ms.
L 03/13/2025 - 08:29:37: [polymorph.amxx] Vote: Voting for the nextmap started
L 03/13/2025 - 08:30:01: [polymorph.amxx] Vote: Voting for the nextmap finished. The nextmap will be as_crazytank3
L 03/13/2025 - 08:31:45: -------- Mapchange to as_crazytank3 --------
L 03/13/2025 - 08:31:45: [AMXX] Plugin "poly_csdm_off.amxx" failed to load: Plugin uses an unknown function (name "csdm_set_active") - check your modules.ini.
L 03/13/2025 - 08:31:46: [polymorph.amxx] performance issue. Function plugin_cfg executed more than 1107.7ms.
L 03/13/2025 - 08:54:46: [polymorph.amxx] Vote: Voting for the next mod started
L 03/13/2025 - 08:55:10: [polymorph.amxx] Vote: Voting for the next mod finished. The nextmod will be Kreedz-Kz
L 03/13/2025 - 08:55:27: [polymorph.amxx] Vote: Voting for the nextmap started
L 03/13/2025 - 08:55:51: [polymorph.amxx] Vote: Voting for the nextmap finished. The nextmap will be kz_arsacid
L 03/13/2025 - 08:56:55: -------- Mapchange to kz_arsacid --------
L 03/13/2025 - 08:56:55: [AMXX] Plugin "poly_csdm_off.amxx" failed to load: Plugin uses an unknown function (name "csdm_set_active") - check your modules.ini.
L 03/13/2025 - 08:56:55: [kz_jumpplugin.amxx] performance issue. Function plugin_precache executed more than 5.4ms.
L 03/13/2025 - 08:56:55: New section, unterminated block (file "cstrike/addons/amxmodx/data/lang/kz_jumpplugin.txt" key "// Languages in this ML File:" lang "")
L 03/13/2025 - 08:56:55: [kz_jumpplugin.amxx] performance issue. Function plugin_init executed more than 1.6ms.
L 03/13/2025 - 08:56:56: [polymorph.amxx] performance issue. Function plugin_cfg executed more than 1101.8ms.
L 03/13/2025 - 08:56:56: [kz_jumpplugin.amxx] performance issue. Function plugin_cfg executed more than 4.1ms.
L 03/13/2025 - 08:56:56: [uq_jumpstats.amxx] Can't find uq_jumpstats_tops.amxx
L 03/13/2025 - 08:56:59: [admincmd.amxx] Cmd: "PerGAmes MultiModos - Vip by GA<0><><>" set cvar (name "kz_uq_airaccelerate") (value "100")
L 03/13/2025 - 08:57:00: [kz_jumpplugin.amxx] performance issue. Function createbot executed more than 6.4ms.
L 03/13/2025 - 09:14:56: [polymorph.amxx] Vote: Voting for the nextmap started
L 03/13/2025 - 09:15:20: [polymorph.amxx] Vote: Voting for the nextmap finished. The nextmap will be bkz_goldbhop
L 03/13/2025 - 09:17:04: -------- Mapchange to bkz_goldbhop --------
L 03/13/2025 - 09:17:05: [AMXX] Plugin "poly_csdm_off.amxx" failed to load: Plugin uses an unknown function (name "csdm_set_active") - check your modules.ini.
L 03/13/2025 - 09:17:05: [kz_jumpplugin.amxx] performance issue. Function plugin_precache executed more than 4.9ms.
L 03/13/2025 - 09:17:05: New section, unterminated block (file "cstrike/addons/amxmodx/data/lang/kz_jumpplugin.txt" key "// Languages in this ML File:" lang "")
L 03/13/2025 - 09:17:06: [polymorph.amxx] performance issue. Function plugin_cfg executed more than 1110.8ms.
L 03/13/2025 - 09:17:06: [kz_jumpplugin.amxx] performance issue. Function plugin_cfg executed more than 4.2ms.
L 03/13/2025 - 09:17:06: [uq_jumpstats.amxx] Can't find uq_jumpstats_tops.amxx
L 03/13/2025 - 09:17:09: [admincmd.amxx] Cmd: "PerGAmes MultiModos - Kreedz by<0><><>" set cvar (name "kz_uq_airaccelerate") (value "100")
L 03/13/2025 - 09:17:10: [kz_jumpplugin.amxx] performance issue. Function createbot executed more than 1.3ms.
L 03/13/2025 - 09:35:06: [polymorph.amxx] Vote: Voting for the nextmap started
L 03/13/2025 - 09:35:30: [polymorph.amxx] Vote: Voting for the nextmap finished. The nextmap will be kz_arsacid
L 03/13/2025 - 09:37:14: -------- Mapchange to kz_arsacid --------
L 03/13/2025 - 09:37:14: [AMXX] Plugin "poly_csdm_off.amxx" failed to load: Plugin uses an unknown function (name "csdm_set_active") - check your modules.ini.
L 03/13/2025 - 09:37:15: [kz_jumpplugin.amxx] performance issue. Function plugin_precache executed more than 5.4ms.
L 03/13/2025 - 09:37:15: New section, unterminated block (file "cstrike/addons/amxmodx/data/lang/kz_jumpplugin.txt" key "// Languages in this ML File:" lang "")
L 03/13/2025 - 09:37:16: [polymorph.amxx] performance issue. Function plugin_cfg executed more than 1099.0ms.
L 03/13/2025 - 09:37:16: [kz_jumpplugin.amxx] performance issue. Function plugin_cfg executed more than 4.3ms.
L 03/13/2025 - 09:37:16: [uq_jumpstats.amxx] Can't find uq_jumpstats_tops.amxx
L 03/13/2025 - 09:37:19: [admincmd.amxx] Cmd: "PerGAmes MultiModos - Kreedz by<0><><>" set cvar (name "kz_uq_airaccelerate") (value "100")
L 03/13/2025 - 09:37:20: [kz_jumpplugin.amxx] performance issue. Function createbot executed more than 6.5ms.
L 03/13/2025 - 09:55:16: [polymorph.amxx] Vote: Voting for the next mod started
L 03/13/2025 - 09:55:40: [polymorph.amxx] Vote: Voting for the next mod finished. The nextmod will be Gungame
L 03/13/2025 - 09:55:56: [polymorph.amxx] Vote: Voting for the nextmap started
L 03/13/2025 - 09:56:20: [polymorph.amxx] Vote: Voting for the nextmap finished. The nextmap will be hamsters
L 03/13/2025 - 09:57:25: -------- Mapchange to hamsters --------
L 03/13/2025 - 09:57:25: Invalid multi-lingual line (file "cstrike/addons/amxmodx/data/lang/gungame.txt" key "// For GunGame 2.13 - last updated 10:58 PM 1/2/2013" lang "")
L 03/13/2025 - 09:57:26: [polymorph.amxx] performance issue. Function plugin_cfg executed more than 1100.1ms.
L 03/13/2025 - 10:40:26: [mapchooser.amxx] Vote: Voting for the nextmap started
L 03/13/2025 - 10:40:27: [polymorph.amxx] Vote: Voting for the nextmap started
L 03/13/2025 - 10:40:41: [mapchooser.amxx] Vote: Voting for the nextmap finished. The nextmap will be fy_titanic
L 03/13/2025 - 10:40:51: [polymorph.amxx] Vote: Voting for the nextmap finished. The nextmap will be fy_titanic
L 03/13/2025 - 10:42:35: -------- Mapchange to fy_titanic --------
L 03/13/2025 - 10:42:35: Invalid multi-lingual line (file "cstrike/addons/amxmodx/data/lang/gungame.txt" key "// For GunGame 2.13 - last updated 10:58 PM 1/2/2013" lang "")
L 03/13/2025 - 10:42:36: [polymorph.amxx] performance issue. Function plugin_cfg executed more than 1105.7ms.
L 03/13/2025 - 11:25:35: [mapchooser.amxx] Vote: Voting for the nextmap started
L 03/13/2025 - 11:25:36: [polymorph.amxx] Vote: Voting for the nextmap started
L 03/13/2025 - 11:25:50: [mapchooser.amxx] Vote: Voting for the nextmap finished. The nextmap will be fy_pool_suite
L 03/13/2025 - 11:26:00: [polymorph.amxx] Vote: Voting for the nextmap finished. The nextmap will be fy_pool_suite
L 03/13/2025 - 11:27:44: -------- Mapchange to fy_pool_suite --------
L 03/13/2025 - 11:27:45: Invalid multi-lingual line (file "cstrike/addons/amxmodx/data/lang/gungame.txt" key "// For GunGame 2.13 - last updated 10:58 PM 1/2/2013" lang "")
L 03/13/2025 - 11:27:46: [polymorph.amxx] performance issue. Function plugin_cfg executed more than 1105.4ms.
L 03/13/2025 - 12:10:45: [mapchooser.amxx] Vote: Voting for the nextmap started
L 03/13/2025 - 12:10:46: [polymorph.amxx] Vote: Voting for the next mod started
L 03/13/2025 - 12:11:00: [mapchooser.amxx] Vote: Voting for the nextmap finished. The nextmap will be de_dust2
L 03/13/2025 - 12:11:10: [polymorph.amxx] Vote: Voting for the next mod finished. The nextmod will be Vip
L 03/13/2025 - 12:11:26: [polymorph.amxx] Vote: Voting for the nextmap started
L 03/13/2025 - 12:11:50: [polymorph.amxx] Vote: Voting for the nextmap finished. The nextmap will be as_oilrig
L 03/13/2025 - 12:12:54: -------- Mapchange to as_oilrig --------
L 03/13/2025 - 12:12:54: [AMXX] Plugin "poly_csdm_off.amxx" failed to load: Plugin uses an unknown function (name "csdm_set_active") - check your modules.ini.
L 03/13/2025 - 12:12:56: [polymorph.amxx] performance issue. Function plugin_cfg executed more than 1095.3ms.
L 03/13/2025 - 12:35:56: [polymorph.amxx] Vote: Voting for the nextmap started
L 03/13/2025 - 12:36:20: [polymorph.amxx] Vote: Voting for the nextmap finished. The nextmap will be as_crazytank3
L 03/13/2025 - 12:38:04: -------- Mapchange to as_crazytank3 --------
L 03/13/2025 - 12:38:04: [AMXX] Plugin "poly_csdm_off.amxx" failed to load: Plugin uses an unknown function (name "csdm_set_active") - check your modules.ini.
L 03/13/2025 - 12:38:05: [polymorph.amxx] performance issue. Function plugin_cfg executed more than 1088.0ms.
L 03/13/2025 - 13:01:06: [polymorph.amxx] Vote: Voting for the nextmap started
L 03/13/2025 - 13:01:30: [polymorph.amxx] Vote: Voting for the nextmap finished. The nextmap will be as_oilrig
L 03/13/2025 - 13:03:14: -------- Mapchange to as_oilrig --------
L 03/13/2025 - 13:03:14: [AMXX] Plugin "poly_csdm_off.amxx" failed to load: Plugin uses an unknown function (name "csdm_set_active") - check your modules.ini.
L 03/13/2025 - 13:03:15: [polymorph.amxx] performance issue. Function plugin_cfg executed more than 1134.9ms.
L 03/13/2025 - 13:26:15: [polymorph.amxx] Vote: Voting for the next mod started
L 03/13/2025 - 13:26:39: [polymorph.amxx] Vote: Voting for the next mod finished. The nextmod will be Vip
L 03/13/2025 - 13:26:56: [polymorph.amxx] Vote: Voting for the nextmap started
L 03/13/2025 - 13:27:20: [polymorph.amxx] Vote: Voting for the nextmap finished. The nextmap will be as_crazytank3
L 03/13/2025 - 13:28:23: -------- Mapchange to as_crazytank3 --------
L 03/13/2025 - 13:28:23: [AMXX] Plugin "poly_csdm_off.amxx" failed to load: Plugin uses an unknown function (name "csdm_set_active") - check your modules.ini.
L 03/13/2025 - 13:28:25: [polymorph.amxx] performance issue. Function plugin_cfg executed more than 1104.8ms.
L 03/13/2025 - 13:51:25: [polymorph.amxx] Vote: Voting for the nextmap started
L 03/13/2025 - 13:51:49: [polymorph.amxx] Vote: Voting for the nextmap finished. The nextmap will be as_oilrig
L 03/13/2025 - 13:53:33: -------- Mapchange to as_oilrig --------
L 03/13/2025 - 13:53:33: [AMXX] Plugin "poly_csdm_off.amxx" failed to load: Plugin uses an unknown function (name "csdm_set_active") - check your modules.ini.
L 03/13/2025 - 13:53:35: [polymorph.amxx] performance issue. Function plugin_cfg executed more than 1104.0ms.
L 03/13/2025 - 14:16:35: [polymorph.amxx] Vote: Voting for the nextmap started
L 03/13/2025 - 14:16:59: [polymorph.amxx] Vote: Voting for the nextmap finished. The nextmap will be as_crazytank3
L 03/13/2025 - 14:18:43: -------- Mapchange to as_crazytank3 --------
L 03/13/2025 - 14:18:43: [AMXX] Plugin "poly_csdm_off.amxx" failed to load: Plugin uses an unknown function (name "csdm_set_active") - check your modules.ini.
L 03/13/2025 - 14:18:45: [polymorph.amxx] performance issue. Function plugin_cfg executed more than 1090.5ms.
L 03/13/2025 - 14:41:45: [polymorph.amxx] Vote: Voting for the next mod started
L 03/13/2025 - 14:42:09: [polymorph.amxx] Vote: Voting for the next mod finished. The nextmod will be CScout
L 03/13/2025 - 14:42:25: [polymorph.amxx] Vote: Voting for the nextmap started
L 03/13/2025 - 14:42:49: [polymorph.amxx] Vote: Voting for the nextmap finished. The nextmap will be de_dust2
L 03/13/2025 - 14:43:53: -------- Mapchange to de_dust2 --------
L 03/13/2025 - 14:43:53: [AMXX] Plugin "poly_csdm_off.amxx" failed to load: Plugin uses an unknown function (name "csdm_set_active") - check your modules.ini.
L 03/13/2025 - 14:43:54: [polymorph.amxx] performance issue. Function plugin_cfg executed more than 1095.1ms.
L 03/13/2025 - 15:01:55: [polymorph.amxx] Vote: Voting for the nextmap started
L 03/13/2025 - 15:02:19: [polymorph.amxx] Vote: Voting for the nextmap finished. The nextmap will be de_inferno
L 03/13/2025 - 15:04:03: -------- Mapchange to de_inferno --------
L 03/13/2025 - 15:04:03: [AMXX] Plugin "poly_csdm_off.amxx" failed to load: Plugin uses an unknown function (name "csdm_set_active") - check your modules.ini.
L 03/13/2025 - 15:04:04: [polymorph.amxx] performance issue. Function plugin_cfg executed more than 1097.0ms.
L 03/13/2025 - 15:22:05: [polymorph.amxx] Vote: Voting for the nextmap started
L 03/13/2025 - 15:22:29: [polymorph.amxx] Vote: Voting for the nextmap finished. The nextmap will be de_dust2
L 03/13/2025 - 15:24:13: -------- Mapchange to de_dust2 --------
L 03/13/2025 - 15:24:13: [AMXX] Plugin "poly_csdm_off.amxx" failed to load: Plugin uses an unknown function (name "csdm_set_active") - check your modules.ini.
L 03/13/2025 - 15:24:14: [polymorph.amxx] performance issue. Function plugin_cfg executed more than 1099.1ms.
L 03/13/2025 - 15:42:14: [polymorph.amxx] Vote: Voting for the next mod started
L 03/13/2025 - 15:42:38: [polymorph.amxx] Vote: Voting for the next mod finished. The nextmod will be Zombie-Plague
L 03/13/2025 - 15:42:54: [polymorph.amxx] Vote: Voting for the nextmap started
L 03/13/2025 - 15:43:18: [polymorph.amxx] Vote: Voting for the nextmap finished. The nextmap will be zm_ice_attack
L 03/13/2025 - 15:44:22: -------- Mapchange to zm_ice_attack --------
L 03/13/2025 - 15:44:22: [AMXX] Plugin "poly_csdm_off.amxx" failed to load: Plugin uses an unknown function (name "csdm_set_active") - check your modules.ini.
L 03/13/2025 - 15:44:22: [zombie_plague43.amxx] performance issue. Function plugin_precache executed more than 53.2ms.
L 03/13/2025 - 15:44:22: [zombie_plague43.amxx] performance issue. Function native_register_zombie_class executed more than 3.3ms.
L 03/13/2025 - 15:44:22: [zombie_plague43.amxx] performance issue. Function native_register_zombie_class executed more than 5.6ms.
L 03/13/2025 - 15:44:22: [zombie_plague43.amxx] performance issue. Function native_register_zombie_class executed more than 4.5ms.
L 03/13/2025 - 15:44:23: [zombie_plague43.amxx] performance issue. Function native_register_zombie_class executed more than 3.2ms.
L 03/13/2025 - 15:44:23: [zombie_plague43.amxx] performance issue. Function native_register_zombie_class executed more than 3.2ms.
L 03/13/2025 - 15:44:23: [zombie_plague43.amxx] performance issue. Function native_register_zombie_class executed more than 5.9ms.
L 03/13/2025 - 15:44:23: [zombie_plague43.amxx] performance issue. Function native_register_zombie_class executed more than 1.9ms.
L 03/13/2025 - 15:44:23: [zombie_plague43.amxx] performance issue. Function native_register_zombie_class executed more than 4.9ms.
L 03/13/2025 - 15:44:23: [zombie_plague43.amxx] performance issue. Function plugin_init executed more than 12.9ms.
L 03/13/2025 - 15:44:24: [polymorph.amxx] performance issue. Function plugin_cfg executed more than 1099.0ms.
L 03/13/2025 - 16:03:24: [polymorph.amxx] Vote: Voting for the nextmap started
L 03/13/2025 - 16:03:48: [polymorph.amxx] Vote: Voting for the nextmap finished. The nextmap will be zm_toronto
L 03/13/2025 - 16:05:32: -------- Mapchange to zm_toronto --------
L 03/13/2025 - 16:05:32: [AMXX] Plugin "poly_csdm_off.amxx" failed to load: Plugin uses an unknown function (name "csdm_set_active") - check your modules.ini.
L 03/13/2025 - 16:05:33: [zombie_plague43.amxx] performance issue. Function plugin_precache executed more than 53.5ms.
L 03/13/2025 - 16:05:33: [zombie_plague43.amxx] performance issue. Function native_register_zombie_class executed more than 3.3ms.
L 03/13/2025 - 16:05:33: [zombie_plague43.amxx] performance issue. Function native_register_zombie_class executed more than 5.6ms.
L 03/13/2025 - 16:05:33: [zombie_plague43.amxx] performance issue. Function native_register_zombie_class executed more than 4.4ms.
L 03/13/2025 - 16:05:33: [zombie_plague43.amxx] performance issue. Function native_register_zombie_class executed more than 3.1ms.
L 03/13/2025 - 16:05:33: [zombie_plague43.amxx] performance issue. Function native_register_zombie_class executed more than 3.2ms.
L 03/13/2025 - 16:05:33: [zombie_plague43.amxx] performance issue. Function native_register_zombie_class executed more than 5.9ms.
L 03/13/2025 - 16:05:33: [zombie_plague43.amxx] performance issue. Function native_register_zombie_class executed more than 1.9ms.
L 03/13/2025 - 16:05:33: [zombie_plague43.amxx] performance issue. Function native_register_zombie_class executed more than 4.9ms.
L 03/13/2025 - 16:05:33: [zombie_plague43.amxx] performance issue. Function plugin_init executed more than 3.2ms.
L 03/13/2025 - 16:05:34: [polymorph.amxx] performance issue. Function plugin_cfg executed more than 1114.4ms.
L 03/13/2025 - 16:24:34: [polymorph.amxx] Vote: Voting for the nextmap started
L 03/13/2025 - 16:24:58: [polymorph.amxx] Vote: Voting for the nextmap finished. The nextmap will be zm_ice_attack
L 03/13/2025 - 16:26:42: -------- Mapchange to zm_ice_attack --------
L 03/13/2025 - 16:26:42: [AMXX] Plugin "poly_csdm_off.amxx" failed to load: Plugin uses an unknown function (name "csdm_set_active") - check your modules.ini.
L 03/13/2025 - 16:26:43: [zombie_plague43.amxx] performance issue. Function plugin_precache executed more than 55.0ms.
L 03/13/2025 - 16:26:43: [zombie_plague43.amxx] performance issue. Function native_register_zombie_class executed more than 3.4ms.
L 03/13/2025 - 16:26:43: [zombie_plague43.amxx] performance issue. Function native_register_zombie_class executed more than 5.6ms.
L 03/13/2025 - 16:26:43: [zombie_plague43.amxx] performance issue. Function native_register_zombie_class executed more than 4.5ms.
L 03/13/2025 - 16:26:43: [zombie_plague43.amxx] performance issue. Function native_register_zombie_class executed more than 3.1ms.
L 03/13/2025 - 16:26:43: [zombie_plague43.amxx] performance issue. Function native_register_zombie_class executed more than 3.2ms.
L 03/13/2025 - 16:26:43: [zombie_plague43.amxx] performance issue. Function native_register_zombie_class executed more than 5.9ms.
L 03/13/2025 - 16:26:43: [zombie_plague43.amxx] performance issue. Function native_register_zombie_class executed more than 2.0ms.
L 03/13/2025 - 16:26:43: [zombie_plague43.amxx] performance issue. Function native_register_zombie_class executed more than 4.9ms.
L 03/13/2025 - 16:26:43: [zombie_plague43.amxx] performance issue. Function plugin_init executed more than 3.2ms.
L 03/13/2025 - 16:26:44: [polymorph.amxx] performance issue. Function plugin_cfg executed more than 1118.2ms.
L 03/13/2025 - 16:45:44: [polymorph.amxx] Vote: Voting for the next mod started
L 03/13/2025 - 16:46:08: [polymorph.amxx] Vote: Voting for the next mod finished. The nextmod will be HideN-Seek
L 03/13/2025 - 16:46:25: [polymorph.amxx] Vote: Voting for the nextmap started
L 03/13/2025 - 16:46:49: [polymorph.amxx] Vote: Voting for the nextmap finished. The nextmap will be cs_estate
L 03/13/2025 - 16:47:52: [polymorph.amxx] performance issue. Function plugin_end executed more than 1.6ms.
L 03/13/2025 - 16:47:53: -------- Mapchange to cs_estate --------
L 03/13/2025 - 16:47:53: [AMXX] Plugin "poly_csdm_off.amxx" failed to load: Plugin uses an unknown function (name "csdm_set_active") - check your modules.ini.
L 03/13/2025 - 16:47:54: [polymorph.amxx] performance issue. Function plugin_cfg executed more than 1108.6ms.
L 03/13/2025 - 16:47:54: [uq_jumpstats.amxx] Can't find uq_jumpstats_tops.amxx
L 03/13/2025 - 17:02:54: [polymorph.amxx] Vote: Voting for the nextmap started
L 03/13/2025 - 17:03:18: [polymorph.amxx] Vote: Voting for the nextmap finished. The nextmap will be de_dust
L 03/13/2025 - 17:05:02: -------- Mapchange to de_dust --------
L 03/13/2025 - 17:05:02: [AMXX] Plugin "poly_csdm_off.amxx" failed to load: Plugin uses an unknown function (name "csdm_set_active") - check your modules.ini.
L 03/13/2025 - 17:05:04: [polymorph.amxx] performance issue. Function plugin_cfg executed more than 1100.9ms.
L 03/13/2025 - 17:05:04: [uq_jumpstats.amxx] Can't find uq_jumpstats_tops.amxx
L 03/13/2025 - 17:20:04: [polymorph.amxx] Vote: Voting for the next mod started
L 03/13/2025 - 17:20:28: [polymorph.amxx] Vote: Voting for the next mod finished. The nextmod will be HideN-Seek
L 03/13/2025 - 17:20:44: [polymorph.amxx] Vote: Voting for the nextmap started
L 03/13/2025 - 17:21:08: [polymorph.amxx] Vote: Voting for the nextmap finished. The nextmap will be cs_estate
L 03/13/2025 - 17:22:12: -------- Mapchange to cs_estate --------
L 03/13/2025 - 17:22:12: [AMXX] Plugin "poly_csdm_off.amxx" failed to load: Plugin uses an unknown function (name "csdm_set_active") - check your modules.ini.
L 03/13/2025 - 17:22:14: [polymorph.amxx] performance issue. Function plugin_cfg executed more than 1099.6ms.
L 03/13/2025 - 17:22:14: [uq_jumpstats.amxx] Can't find uq_jumpstats_tops.amxx
L 03/13/2025 - 17:37:14: [polymorph.amxx] Vote: Voting for the nextmap started
L 03/13/2025 - 17:37:38: [polymorph.amxx] Vote: Voting for the nextmap finished. The nextmap will be de_dust
L 03/13/2025 - 17:39:22: -------- Mapchange to de_dust --------
L 03/13/2025 - 17:39:22: [AMXX] Plugin "poly_csdm_off.amxx" failed to load: Plugin uses an unknown function (name "csdm_set_active") - check your modules.ini.
L 03/13/2025 - 17:39:24: [polymorph.amxx] performance issue. Function plugin_cfg executed more than 1110.7ms.
L 03/13/2025 - 17:39:24: [uq_jumpstats.amxx] Can't find uq_jumpstats_tops.amxx
L 03/13/2025 - 17:54:24: [polymorph.amxx] Vote: Voting for the next mod started
L 03/13/2025 - 17:54:48: [polymorph.amxx] Vote: Voting for the next mod finished. The nextmod will be Rubaka
L 03/13/2025 - 17:55:04: [polymorph.amxx] Vote: Voting for the nextmap started
L 03/13/2025 - 17:55:28: [polymorph.amxx] Vote: Voting for the nextmap finished. The nextmap will be rubaka_2forts
L 03/13/2025 - 17:56:32: -------- Mapchange to rubaka_2forts --------
L 03/13/2025 - 17:56:32: [AMXX] Plugin "poly_csdm_off.amxx" failed to load: Plugin uses an unknown function (name "csdm_set_active") - check your modules.ini.
L 03/13/2025 - 17:56:34: [polymorph.amxx] performance issue. Function plugin_cfg executed more than 1097.4ms.
L 03/13/2025 - 18:17:34: [polymorph.amxx] Vote: Voting for the nextmap started
L 03/13/2025 - 18:17:58: [polymorph.amxx] Vote: Voting for the nextmap finished. The nextmap will be rubaka_arena
L 03/13/2025 - 18:18:15: -------- Mapchange to rubaka_arena --------
L 03/13/2025 - 18:18:15: [AMXX] Plugin "poly_csdm_off.amxx" failed to load: Plugin uses an unknown function (name "csdm_set_active") - check your modules.ini.
L 03/13/2025 - 18:18:16: [polymorph.amxx] performance issue. Function plugin_cfg executed more than 1105.1ms.
L 03/13/2025 - 18:39:16: [polymorph.amxx] Vote: Voting for the next mod started
L 03/13/2025 - 18:39:41: [polymorph.amxx] Vote: Voting for the next mod finished. The nextmod will be BaseBuilder
L 03/13/2025 - 18:39:57: [polymorph.amxx] Vote: Voting for the nextmap started
L 03/13/2025 - 18:39:58: -------- Mapchange to bb_colours --------
L 03/13/2025 - 18:39:58: [AMXX] Plugin "anti-channel.amxx" failed to load: Module/Library "orpheu" required for plugin.  Check modules.ini.
L 03/13/2025 - 18:39:58: [AMXX] Plugin "poly_csdm_off.amxx" failed to load: Plugin uses an unknown function (name "csdm_set_active") - check your modules.ini.
L 03/13/2025 - 18:39:58: [basebuilder65.amxx] performance issue. Function plugin_precache executed more than 1.1ms.
L 03/13/2025 - 18:39:58: [basebuilder65.amxx] performance issue. Function native_register_zombie_class executed more than 3.9ms.
L 03/13/2025 - 18:39:58: [basebuilder65.amxx] performance issue. Function native_register_zombie_class executed more than 4.2ms.
L 03/13/2025 - 18:39:58: [basebuilder65.amxx] performance issue. Function native_register_zombie_class executed more than 3.3ms.
L 03/13/2025 - 18:39:58: [basebuilder65.amxx] performance issue. Function native_register_zombie_class executed more than 4.9ms.
L 03/13/2025 - 18:39:58: [bb_classes65.amxx] performance issue. Function plugin_precache executed more than 16.4ms.
L 03/13/2025 - 18:39:59: [polymorph.amxx] performance issue. Function plugin_cfg executed more than 1095.2ms.
L 03/13/2025 - 19:03:00: [polymorph.amxx] Vote: Voting for the nextmap started
L 03/13/2025 - 19:03:24: [polymorph.amxx] Vote: Voting for the nextmap finished. The nextmap will be bb_lava_reef_ng
L 03/13/2025 - 19:05:08: -------- Mapchange to bb_lava_reef_ng --------
L 03/13/2025 - 19:05:08: [AMXX] Plugin "anti-channel.amxx" failed to load: Module/Library "orpheu" required for plugin.  Check modules.ini.
L 03/13/2025 - 19:05:08: [AMXX] Plugin "poly_csdm_off.amxx" failed to load: Plugin uses an unknown function (name "csdm_set_active") - check your modules.ini.
L 03/13/2025 - 19:05:08: [basebuilder65.amxx] performance issue. Function native_register_zombie_class executed more than 3.9ms.
L 03/13/2025 - 19:05:08: [basebuilder65.amxx] performance issue. Function native_register_zombie_class executed more than 4.2ms.
L 03/13/2025 - 19:05:08: [basebuilder65.amxx] performance issue. Function native_register_zombie_class executed more than 3.4ms.
L 03/13/2025 - 19:05:08: [basebuilder65.amxx] performance issue. Function native_register_zombie_class executed more than 5.0ms.
L 03/13/2025 - 19:05:08: [bb_classes65.amxx] performance issue. Function plugin_precache executed more than 16.5ms.
L 03/13/2025 - 19:05:09: [polymorph.amxx] performance issue. Function plugin_cfg executed more than 1125.4ms.
L 03/13/2025 - 19:28:10: [polymorph.amxx] Vote: Voting for the next mod started
L 03/13/2025 - 19:28:34: [polymorph.amxx] Vote: Voting for the next mod finished. The nextmod will be Zombie-Plague
L 03/13/2025 - 19:28:50: [polymorph.amxx] Vote: Voting for the nextmap started
L 03/13/2025 - 19:29:14: [polymorph.amxx] Vote: Voting for the nextmap finished. The nextmap will be zm_ice_attack
L 03/13/2025 - 19:30:18: -------- Mapchange to zm_ice_attack --------
L 03/13/2025 - 19:30:18: [AMXX] Plugin "poly_csdm_off.amxx" failed to load: Plugin uses an unknown function (name "csdm_set_active") - check your modules.ini.
L 03/13/2025 - 19:30:18: [zombie_plague43.amxx] performance issue. Function plugin_precache executed more than 53.0ms.
L 03/13/2025 - 19:30:18: [zombie_plague43.amxx] performance issue. Function native_register_zombie_class executed more than 3.3ms.
L 03/13/2025 - 19:30:18: [zombie_plague43.amxx] performance issue. Function native_register_zombie_class executed more than 5.7ms.
L 03/13/2025 - 19:30:18: [zombie_plague43.amxx] performance issue. Function native_register_zombie_class executed more than 4.4ms.
L 03/13/2025 - 19:30:18: [zombie_plague43.amxx] performance issue. Function native_register_zombie_class executed more than 3.1ms.
L 03/13/2025 - 19:30:18: [zombie_plague43.amxx] performance issue. Function native_register_zombie_class executed more than 3.2ms.
L 03/13/2025 - 19:30:18: [zombie_plague43.amxx] performance issue. Function native_register_zombie_class executed more than 5.7ms.
L 03/13/2025 - 19:30:18: [zombie_plague43.amxx] performance issue. Function native_register_zombie_class executed more than 2.0ms.
L 03/13/2025 - 19:30:18: [zombie_plague43.amxx] performance issue. Function native_register_zombie_class executed more than 4.9ms.
L 03/13/2025 - 19:30:18: [zombie_plague43.amxx] performance issue. Function plugin_init executed more than 3.3ms.
L 03/13/2025 - 19:30:19: [polymorph.amxx] performance issue. Function plugin_cfg executed more than 1158.4ms.
L 03/13/2025 - 19:49:20: [polymorph.amxx] Vote: Voting for the nextmap started
L 03/13/2025 - 19:49:44: [polymorph.amxx] Vote: Voting for the nextmap finished. The nextmap will be zm_toronto
L 03/13/2025 - 19:51:28: -------- Mapchange to zm_toronto --------
L 03/13/2025 - 19:51:28: [AMXX] Plugin "poly_csdm_off.amxx" failed to load: Plugin uses an unknown function (name "csdm_set_active") - check your modules.ini.
L 03/13/2025 - 19:51:28: [zombie_plague43.amxx] performance issue. Function plugin_precache executed more than 53.4ms.
L 03/13/2025 - 19:51:28: [zombie_plague43.amxx] performance issue. Function native_register_zombie_class executed more than 3.3ms.
L 03/13/2025 - 19:51:28: [zombie_plague43.amxx] performance issue. Function native_register_zombie_class executed more than 5.6ms.
L 03/13/2025 - 19:51:28: [zombie_plague43.amxx] performance issue. Function native_register_zombie_class executed more than 4.4ms.
L 03/13/2025 - 19:51:28: [zombie_plague43.amxx] performance issue. Function native_register_zombie_class executed more than 3.1ms.
L 03/13/2025 - 19:51:28: [zombie_plague43.amxx] performance issue. Function native_register_zombie_class executed more than 3.2ms.
L 03/13/2025 - 19:51:28: [zombie_plague43.amxx] performance issue. Function native_register_zombie_class executed more than 5.6ms.
L 03/13/2025 - 19:51:28: [zombie_plague43.amxx] performance issue. Function native_register_zombie_class executed more than 1.9ms.
L 03/13/2025 - 19:51:28: [zombie_plague43.amxx] performance issue. Function native_register_zombie_class executed more than 4.9ms.
L 03/13/2025 - 19:51:28: [zombie_plague43.amxx] performance issue. Function plugin_init executed more than 3.3ms.
L 03/13/2025 - 19:51:30: [polymorph.amxx] performance issue. Function plugin_cfg executed more than 1107.8ms.
L 03/13/2025 - 20:10:30: [polymorph.amxx] Vote: Voting for the nextmap started
L 03/13/2025 - 20:10:54: [polymorph.amxx] Vote: Voting for the nextmap finished. The nextmap will be zm_ice_attack
L 03/13/2025 - 20:12:38: -------- Mapchange to zm_ice_attack --------
L 03/13/2025 - 20:12:38: [AMXX] Plugin "poly_csdm_off.amxx" failed to load: Plugin uses an unknown function (name "csdm_set_active") - check your modules.ini.
L 03/13/2025 - 20:12:38: [zombie_plague43.amxx] performance issue. Function plugin_precache executed more than 52.8ms.
L 03/13/2025 - 20:12:38: [zombie_plague43.amxx] performance issue. Function native_register_zombie_class executed more than 3.3ms.
L 03/13/2025 - 20:12:38: [zombie_plague43.amxx] performance issue. Function native_register_zombie_class executed more than 5.5ms.
L 03/13/2025 - 20:12:38: [zombie_plague43.amxx] performance issue. Function native_register_zombie_class executed more than 4.3ms.
L 03/13/2025 - 20:12:38: [zombie_plague43.amxx] performance issue. Function native_register_zombie_class executed more than 3.0ms.
L 03/13/2025 - 20:12:38: [zombie_plague43.amxx] performance issue. Function native_register_zombie_class executed more than 3.2ms.
L 03/13/2025 - 20:12:38: [zombie_plague43.amxx] performance issue. Function native_register_zombie_class executed more than 6.0ms.
L 03/13/2025 - 20:12:38: [zombie_plague43.amxx] performance issue. Function native_register_zombie_class executed more than 2.0ms.
L 03/13/2025 - 20:12:38: [zombie_plague43.amxx] performance issue. Function native_register_zombie_class executed more than 5.0ms.
L 03/13/2025 - 20:12:38: [zombie_plague43.amxx] performance issue. Function plugin_init executed more than 3.2ms.
L 03/13/2025 - 20:12:40: [polymorph.amxx] performance issue. Function plugin_cfg executed more than 1106.2ms.
L 03/13/2025 - 20:31:40: [polymorph.amxx] Vote: Voting for the next mod started
L 03/13/2025 - 20:32:04: [polymorph.amxx] Vote: Voting for the next mod finished. The nextmod will be Kreedz-Kz
L 03/13/2025 - 20:32:20: [polymorph.amxx] Vote: Voting for the nextmap started
L 03/13/2025 - 20:32:44: [polymorph.amxx] Vote: Voting for the nextmap finished. The nextmap will be kz_arsacid
L 03/13/2025 - 20:33:48: -------- Mapchange to kz_arsacid --------
L 03/13/2025 - 20:33:48: [AMXX] Plugin "poly_csdm_off.amxx" failed to load: Plugin uses an unknown function (name "csdm_set_active") - check your modules.ini.
L 03/13/2025 - 20:33:48: [kz_jumpplugin.amxx] performance issue. Function plugin_precache executed more than 4.8ms.
L 03/13/2025 - 20:33:48: New section, unterminated block (file "cstrike/addons/amxmodx/data/lang/kz_jumpplugin.txt" key "// Languages in this ML File:" lang "")
L 03/13/2025 - 20:33:50: [polymorph.amxx] performance issue. Function plugin_cfg executed more than 1109.8ms.
L 03/13/2025 - 20:33:50: [kz_jumpplugin.amxx] performance issue. Function plugin_cfg executed more than 6.1ms.
L 03/13/2025 - 20:33:50: [uq_jumpstats.amxx] Can't find uq_jumpstats_tops.amxx
L 03/13/2025 - 20:33:53: [admincmd.amxx] Cmd: "PerGAmes # MultiModos - Zombie <0><><>" set cvar (name "kz_uq_airaccelerate") (value "100")
L 03/13/2025 - 20:33:54: [kz_jumpplugin.amxx] performance issue. Function createbot executed more than 6.4ms.
L 03/13/2025 - 20:51:50: [polymorph.amxx] Vote: Voting for the nextmap started
L 03/13/2025 - 20:52:14: [polymorph.amxx] Vote: Voting for the nextmap finished. The nextmap will be kz_xj_brickjump
L 03/13/2025 - 20:53:58: -------- Mapchange to kz_xj_brickjump --------
L 03/13/2025 - 20:53:58: [AMXX] Plugin "poly_csdm_off.amxx" failed to load: Plugin uses an unknown function (name "csdm_set_active") - check your modules.ini.
L 03/13/2025 - 20:53:58: [kz_jumpplugin.amxx] performance issue. Function plugin_precache executed more than 5.9ms.
L 03/13/2025 - 20:53:58: New section, unterminated block (file "cstrike/addons/amxmodx/data/lang/kz_jumpplugin.txt" key "// Languages in this ML File:" lang "")
L 03/13/2025 - 20:53:58: [kz_jumpplugin.amxx] performance issue. Function plugin_init executed more than 1.5ms.
L 03/13/2025 - 20:54:00: [polymorph.amxx] performance issue. Function plugin_cfg executed more than 1398.4ms.
L 03/13/2025 - 20:54:00: [kz_jumpplugin.amxx] performance issue. Function plugin_cfg executed more than 8.6ms.
L 03/13/2025 - 20:54:00: [uq_jumpstats.amxx] Can't find uq_jumpstats_tops.amxx
L 03/13/2025 - 20:54:03: [admincmd.amxx] Cmd: "PerGAmes MultiModos - Kreedz by<0><><>" set cvar (name "kz_uq_airaccelerate") (value "100")
L 03/13/2025 - 20:54:04: [kz_jumpplugin.amxx] performance issue. Function createbot executed more than 2.0ms.
L 03/13/2025 - 21:12:00: [polymorph.amxx] Vote: Voting for the nextmap started
L 03/13/2025 - 21:12:24: [polymorph.amxx] Vote: Voting for the nextmap finished. The nextmap will be bkz_goldbhop
L 03/13/2025 - 21:14:08: -------- Mapchange to bkz_goldbhop --------
L 03/13/2025 - 21:14:08: [AMXX] Plugin "poly_csdm_off.amxx" failed to load: Plugin uses an unknown function (name "csdm_set_active") - check your modules.ini.
L 03/13/2025 - 21:14:08: [kz_jumpplugin.amxx] performance issue. Function plugin_precache executed more than 4.9ms.
L 03/13/2025 - 21:14:09: New section, unterminated block (file "cstrike/addons/amxmodx/data/lang/kz_jumpplugin.txt" key "// Languages in this ML File:" lang "")
L 03/13/2025 - 21:14:10: [polymorph.amxx] performance issue. Function plugin_cfg executed more than 1100.5ms.
L 03/13/2025 - 21:14:10: [kz_jumpplugin.amxx] performance issue. Function plugin_cfg executed more than 6.2ms.
L 03/13/2025 - 21:14:10: [uq_jumpstats.amxx] Can't find uq_jumpstats_tops.amxx
L 03/13/2025 - 21:14:13: [admincmd.amxx] Cmd: "PerGAmes MultiModos - Kreedz by<0><><>" set cvar (name "kz_uq_airaccelerate") (value "100")
L 03/13/2025 - 21:14:14: [kz_jumpplugin.amxx] performance issue. Function createbot executed more than 2.1ms.
L 03/13/2025 - 21:32:10: [polymorph.amxx] Vote: Voting for the next mod started
L 03/13/2025 - 21:32:34: [polymorph.amxx] Vote: Voting for the next mod finished. The nextmod will be HideN-Seek
L 03/13/2025 - 21:32:50: [polymorph.amxx] Vote: Voting for the nextmap started
L 03/13/2025 - 21:33:14: [polymorph.amxx] Vote: Voting for the nextmap finished. The nextmap will be de_aztec
L 03/13/2025 - 21:34:18: -------- Mapchange to de_aztec --------
L 03/13/2025 - 21:34:18: [AMXX] Plugin "poly_csdm_off.amxx" failed to load: Plugin uses an unknown function (name "csdm_set_active") - check your modules.ini.
L 03/13/2025 - 21:34:19: [polymorph.amxx] performance issue. Function plugin_cfg executed more than 1096.5ms.
L 03/13/2025 - 21:34:19: [uq_jumpstats.amxx] Can't find uq_jumpstats_tops.amxx
L 03/13/2025 - 21:49:20: [polymorph.amxx] Vote: Voting for the nextmap started
L 03/13/2025 - 21:49:44: [polymorph.amxx] Vote: Voting for the nextmap finished. The nextmap will be cs_estate
L 03/13/2025 - 21:51:28: -------- Mapchange to cs_estate --------
L 03/13/2025 - 21:51:28: [AMXX] Plugin "poly_csdm_off.amxx" failed to load: Plugin uses an unknown function (name "csdm_set_active") - check your modules.ini.
L 03/13/2025 - 21:51:29: [polymorph.amxx] performance issue. Function plugin_cfg executed more than 1107.4ms.
L 03/13/2025 - 21:51:29: [uq_jumpstats.amxx] Can't find uq_jumpstats_tops.amxx
L 03/13/2025 - 22:06:30: [polymorph.amxx] Vote: Voting for the next mod started
L 03/13/2025 - 22:06:54: [polymorph.amxx] Vote: Voting for the next mod finished. The nextmod will be Banderas
L 03/13/2025 - 22:07:10: [polymorph.amxx] Vote: Voting for the nextmap started
L 03/13/2025 - 22:07:34: [polymorph.amxx] Vote: Voting for the nextmap finished. The nextmap will be de_dust2
L 03/13/2025 - 22:08:38: -------- Mapchange to de_dust2 --------
L 03/13/2025 - 22:08:38: [AMXX] Plugin "poly_csdm_off.amxx" failed to load: Plugin uses an unknown function (name "csdm_set_active") - check your modules.ini.
L 03/13/2025 - 22:08:39: [polymorph.amxx] performance issue. Function plugin_cfg executed more than 1101.9ms.
L 03/13/2025 - 22:26:40: [polymorph.amxx] Vote: Voting for the nextmap started
L 03/13/2025 - 22:27:04: [polymorph.amxx] Vote: Voting for the nextmap finished. The nextmap will be surf_iceday_remake
L 03/13/2025 - 22:28:48: -------- Mapchange to surf_iceday_remake --------
L 03/13/2025 - 22:28:48: [AMXX] Plugin "poly_csdm_off.amxx" failed to load: Plugin uses an unknown function (name "csdm_set_active") - check your modules.ini.
L 03/13/2025 - 22:28:49: [polymorph.amxx] performance issue. Function plugin_cfg executed more than 1098.0ms.
L 03/13/2025 - 22:46:49: [polymorph.amxx] Vote: Voting for the next mod started
L 03/13/2025 - 22:47:13: [polymorph.amxx] Vote: Voting for the next mod finished. The nextmod will be Kreedz-Kz
L 03/13/2025 - 22:47:29: [polymorph.amxx] Vote: Voting for the nextmap started
L 03/13/2025 - 22:47:53: [polymorph.amxx] Vote: Voting for the nextmap finished. The nextmap will be kz_arsacid
L 03/13/2025 - 22:48:57: -------- Mapchange to kz_arsacid --------
L 03/13/2025 - 22:48:57: [AMXX] Plugin "poly_csdm_off.amxx" failed to load: Plugin uses an unknown function (name "csdm_set_active") - check your modules.ini.
L 03/13/2025 - 22:48:57: [kz_jumpplugin.amxx] performance issue. Function plugin_precache executed more than 4.8ms.
L 03/13/2025 - 22:48:58: New section, unterminated block (file "cstrike/addons/amxmodx/data/lang/kz_jumpplugin.txt" key "// Languages in this ML File:" lang "")
L 03/13/2025 - 22:48:59: [polymorph.amxx] performance issue. Function plugin_cfg executed more than 1113.1ms.
L 03/13/2025 - 22:48:59: [kz_jumpplugin.amxx] performance issue. Function plugin_cfg executed more than 6.2ms.
L 03/13/2025 - 22:48:59: [uq_jumpstats.amxx] Can't find uq_jumpstats_tops.amxx
L 03/13/2025 - 22:49:02: [admincmd.amxx] Cmd: "PerGAmes MultiModos - Banderas <0><><>" set cvar (name "kz_uq_airaccelerate") (value "100")
L 03/13/2025 - 22:49:03: [kz_jumpplugin.amxx] performance issue. Function createbot executed more than 1.5ms.
L 03/13/2025 - 23:06:59: [polymorph.amxx] Vote: Voting for the nextmap started
L 03/13/2025 - 23:07:23: [polymorph.amxx] Vote: Voting for the nextmap finished. The nextmap will be kz_xj_brickjump
L 03/13/2025 - 23:09:07: -------- Mapchange to kz_xj_brickjump --------
L 03/13/2025 - 23:09:08: [AMXX] Plugin "poly_csdm_off.amxx" failed to load: Plugin uses an unknown function (name "csdm_set_active") - check your modules.ini.
L 03/13/2025 - 23:09:08: [kz_jumpplugin.amxx] performance issue. Function plugin_precache executed more than 17.4ms.
L 03/13/2025 - 23:09:09: New section, unterminated block (file "cstrike/addons/amxmodx/data/lang/kz_jumpplugin.txt" key "// Languages in this ML File:" lang "")
L 03/13/2025 - 23:09:09: [kz_jumpplugin.amxx] performance issue. Function plugin_init executed more than 3.2ms.
L 03/13/2025 - 23:09:12: [polymorph.amxx] performance issue. Function plugin_cfg executed more than 3178.3ms.
L 03/13/2025 - 23:09:12: [kz_jumpplugin.amxx] performance issue. Function plugin_cfg executed more than 6.0ms.
L 03/13/2025 - 23:09:12: [uq_jumpstats.amxx] Can't find uq_jumpstats_tops.amxx
L 03/13/2025 - 23:09:16: [admincmd.amxx] Cmd: "PerGAmes MultiModos - Kreedz by<0><><>" set cvar (name "kz_uq_airaccelerate") (value "100")
L 03/13/2025 - 23:09:17: [kz_jumpplugin.amxx] performance issue. Function createbot executed more than 6.4ms.
L 03/13/2025 - 23:27:13: [polymorph.amxx] Vote: Voting for the nextmap started
L 03/13/2025 - 23:27:37: [polymorph.amxx] Vote: Voting for the nextmap finished. The nextmap will be bkz_goldbhop
L 03/13/2025 - 23:29:21: -------- Mapchange to bkz_goldbhop --------
L 03/13/2025 - 23:29:21: [AMXX] Plugin "poly_csdm_off.amxx" failed to load: Plugin uses an unknown function (name "csdm_set_active") - check your modules.ini.
L 03/13/2025 - 23:29:21: [kz_jumpplugin.amxx] performance issue. Function plugin_precache executed more than 4.9ms.
L 03/13/2025 - 23:29:21: New section, unterminated block (file "cstrike/addons/amxmodx/data/lang/kz_jumpplugin.txt" key "// Languages in this ML File:" lang "")
L 03/13/2025 - 23:29:22: [polymorph.amxx] performance issue. Function plugin_cfg executed more than 1103.7ms.
L 03/13/2025 - 23:29:22: [kz_jumpplugin.amxx] performance issue. Function plugin_cfg executed more than 6.0ms.
L 03/13/2025 - 23:29:22: [uq_jumpstats.amxx] Can't find uq_jumpstats_tops.amxx
L 03/13/2025 - 23:29:26: [admincmd.amxx] Cmd: "PerGAmes MultiModos - Kreedz by<0><><>" set cvar (name "kz_uq_airaccelerate") (value "100")
L 03/13/2025 - 23:29:27: [kz_jumpplugin.amxx] performance issue. Function createbot executed more than 1.9ms.
L 03/13/2025 - 23:47:23: [polymorph.amxx] Vote: Voting for the next mod started
L 03/13/2025 - 23:47:47: [polymorph.amxx] Vote: Voting for the next mod finished. The nextmod will be Slender
L 03/13/2025 - 23:48:03: [polymorph.amxx] Vote: Voting for the nextmap started
L 03/13/2025 - 23:48:27: [polymorph.amxx] Vote: Voting for the nextmap finished. The nextmap will be de_dust2
L 03/13/2025 - 23:49:31: -------- Mapchange to de_dust2 --------
L 03/13/2025 - 23:49:31: [AMXX] Plugin "poly_csdm_off.amxx" failed to load: Plugin uses an unknown function (name "csdm_set_active") - check your modules.ini.
L 03/13/2025 - 23:49:32: [polymorph.amxx] performance issue. Function plugin_cfg executed more than 1099.6ms.
