L 03/16/2025 - 00:10:57: [polymorph.amxx] Vote: Voting for the next mod started
L 03/16/2025 - 00:11:21: [polymorph.amxx] Vote: Voting for the next mod finished. The nextmod will be Slender
L 03/16/2025 - 00:11:37: [polymorph.amxx] Vote: Voting for the nextmap started
L 03/16/2025 - 00:12:01: [polymorph.amxx] Vote: Voting for the nextmap finished. The nextmap will be de_aztec
L 03/16/2025 - 00:13:05: -------- Mapchange to de_aztec --------
L 03/16/2025 - 00:13:05: [AMXX] Plugin "poly_csdm_off.amxx" failed to load: Plugin uses an unknown function (name "csdm_set_active") - check your modules.ini.
L 03/16/2025 - 00:13:07: [polymorph.amxx] performance issue. Function plugin_cfg executed more than 1105.2ms.
L 03/16/2025 - 00:34:07: [polymorph.amxx] Vote: Voting for the nextmap started
L 03/16/2025 - 00:34:31: [polymorph.amxx] Vote: Voting for the nextmap finished. The nextmap will be de_dust2
L 03/16/2025 - 00:36:15: -------- Mapchange to de_dust2 --------
L 03/16/2025 - 00:36:15: [AMXX] Plugin "poly_csdm_off.amxx" failed to load: Plugin uses an unknown function (name "csdm_set_active") - check your modules.ini.
L 03/16/2025 - 00:36:16: [polymorph.amxx] performance issue. Function plugin_cfg executed more than 1107.5ms.
L 03/16/2025 - 00:57:17: [polymorph.amxx] Vote: Voting for the next mod started
L 03/16/2025 - 00:57:41: [polymorph.amxx] Vote: Voting for the next mod finished. The nextmod will be Kreedz-Kz
L 03/16/2025 - 00:57:57: [polymorph.amxx] Vote: Voting for the nextmap started
L 03/16/2025 - 00:58:21: [polymorph.amxx] Vote: Voting for the nextmap finished. The nextmap will be kz_arsacid
L 03/16/2025 - 00:59:25: -------- Mapchange to kz_arsacid --------
L 03/16/2025 - 00:59:25: [AMXX] Plugin "poly_csdm_off.amxx" failed to load: Plugin uses an unknown function (name "csdm_set_active") - check your modules.ini.
L 03/16/2025 - 00:59:25: [kz_jumpplugin.amxx] performance issue. Function plugin_precache executed more than 4.8ms.
L 03/16/2025 - 00:59:25: New section, unterminated block (file "cstrike/addons/amxmodx/data/lang/kz_jumpplugin.txt" key "// Languages in this ML File:" lang "")
L 03/16/2025 - 00:59:26: [polymorph.amxx] performance issue. Function plugin_cfg executed more than 1094.5ms.
L 03/16/2025 - 00:59:26: [kz_jumpplugin.amxx] performance issue. Function plugin_cfg executed more than 5.5ms.
L 03/16/2025 - 00:59:26: [uq_jumpstats.amxx] Can't find uq_jumpstats_tops.amxx
L 03/16/2025 - 00:59:30: [admincmd.amxx] Cmd: "PerGAmes MultiModos - SlenderMo<0><><>" set cvar (name "kz_uq_airaccelerate") (value "100")
L 03/16/2025 - 00:59:31: [kz_jumpplugin.amxx] performance issue. Function createbot executed more than 6.7ms.
L 03/16/2025 - 01:17:27: [polymorph.amxx] Vote: Voting for the nextmap started
L 03/16/2025 - 01:17:51: [polymorph.amxx] Vote: Voting for the nextmap finished. The nextmap will be kz_xj_brickjump
L 03/16/2025 - 01:19:35: -------- Mapchange to kz_xj_brickjump --------
L 03/16/2025 - 01:19:35: [AMXX] Plugin "poly_csdm_off.amxx" failed to load: Plugin uses an unknown function (name "csdm_set_active") - check your modules.ini.
L 03/16/2025 - 01:19:35: [kz_jumpplugin.amxx] performance issue. Function plugin_precache executed more than 4.9ms.
L 03/16/2025 - 01:19:35: New section, unterminated block (file "cstrike/addons/amxmodx/data/lang/kz_jumpplugin.txt" key "// Languages in this ML File:" lang "")
L 03/16/2025 - 01:19:35: [kz_jumpplugin.amxx] performance issue. Function plugin_init executed more than 1.0ms.
L 03/16/2025 - 01:19:36: [polymorph.amxx] performance issue. Function plugin_cfg executed more than 1106.3ms.
L 03/16/2025 - 01:19:36: [kz_jumpplugin.amxx] performance issue. Function plugin_cfg executed more than 5.5ms.
L 03/16/2025 - 01:19:36: [uq_jumpstats.amxx] Can't find uq_jumpstats_tops.amxx
L 03/16/2025 - 01:19:40: [admincmd.amxx] Cmd: "PerGAmes MultiModos - Kreedz by<0><><>" set cvar (name "kz_uq_airaccelerate") (value "100")
L 03/16/2025 - 01:19:41: [kz_jumpplugin.amxx] performance issue. Function createbot executed more than 1.4ms.
L 03/16/2025 - 01:37:37: [polymorph.amxx] Vote: Voting for the nextmap started
L 03/16/2025 - 01:38:01: [polymorph.amxx] Vote: Voting for the nextmap finished. The nextmap will be bkz_goldbhop
L 03/16/2025 - 01:39:44: -------- Mapchange to bkz_goldbhop --------
L 03/16/2025 - 01:39:45: [AMXX] Plugin "poly_csdm_off.amxx" failed to load: Plugin uses an unknown function (name "csdm_set_active") - check your modules.ini.
L 03/16/2025 - 01:39:45: [kz_jumpplugin.amxx] performance issue. Function plugin_precache executed more than 4.9ms.
L 03/16/2025 - 01:39:45: New section, unterminated block (file "cstrike/addons/amxmodx/data/lang/kz_jumpplugin.txt" key "// Languages in this ML File:" lang "")
L 03/16/2025 - 01:39:46: [polymorph.amxx] performance issue. Function plugin_cfg executed more than 1103.7ms.
L 03/16/2025 - 01:39:46: [kz_jumpplugin.amxx] performance issue. Function plugin_cfg executed more than 5.6ms.
L 03/16/2025 - 01:39:46: [uq_jumpstats.amxx] Can't find uq_jumpstats_tops.amxx
L 03/16/2025 - 01:39:49: [admincmd.amxx] Cmd: "PerGAmes MultiModos - Kreedz by<0><><>" set cvar (name "kz_uq_airaccelerate") (value "100")
L 03/16/2025 - 01:39:50: [kz_jumpplugin.amxx] performance issue. Function createbot executed more than 6.7ms.
L 03/16/2025 - 01:57:46: [polymorph.amxx] Vote: Voting for the next mod started
L 03/16/2025 - 01:58:10: [polymorph.amxx] Vote: Voting for the next mod finished. The nextmod will be Zombie-Plague
L 03/16/2025 - 01:58:26: [polymorph.amxx] Vote: Voting for the nextmap started
L 03/16/2025 - 01:58:50: [polymorph.amxx] Vote: Voting for the nextmap finished. The nextmap will be zm_tower8
L 03/16/2025 - 01:59:54: -------- Mapchange to zm_tower8 --------
L 03/16/2025 - 01:59:55: [AMXX] Plugin "poly_csdm_off.amxx" failed to load: Plugin uses an unknown function (name "csdm_set_active") - check your modules.ini.
L 03/16/2025 - 01:59:55: [zombie_plague43.amxx] performance issue. Function plugin_precache executed more than 53.9ms.
L 03/16/2025 - 01:59:55: [zombie_plague43.amxx] performance issue. Function native_register_zombie_class executed more than 3.3ms.
L 03/16/2025 - 01:59:55: [zombie_plague43.amxx] performance issue. Function native_register_zombie_class executed more than 5.6ms.
L 03/16/2025 - 01:59:55: [zombie_plague43.amxx] performance issue. Function native_register_zombie_class executed more than 4.5ms.
L 03/16/2025 - 01:59:55: [zombie_plague43.amxx] performance issue. Function native_register_zombie_class executed more than 3.1ms.
L 03/16/2025 - 01:59:55: [zombie_plague43.amxx] performance issue. Function native_register_zombie_class executed more than 3.2ms.
L 03/16/2025 - 01:59:55: [zombie_plague43.amxx] performance issue. Function native_register_zombie_class executed more than 5.6ms.
L 03/16/2025 - 01:59:55: [zombie_plague43.amxx] performance issue. Function native_register_zombie_class executed more than 2.0ms.
L 03/16/2025 - 01:59:55: [zombie_plague43.amxx] performance issue. Function native_register_zombie_class executed more than 5.0ms.
L 03/16/2025 - 01:59:55: [zombie_plague43.amxx] performance issue. Function plugin_init executed more than 3.3ms.
L 03/16/2025 - 01:59:56: [polymorph.amxx] performance issue. Function plugin_cfg executed more than 1112.3ms.
L 03/16/2025 - 02:18:57: [polymorph.amxx] Vote: Voting for the nextmap started
L 03/16/2025 - 02:19:21: [polymorph.amxx] Vote: Voting for the nextmap finished. The nextmap will be zm_ice_attack
L 03/16/2025 - 02:21:05: -------- Mapchange to zm_ice_attack --------
L 03/16/2025 - 02:21:05: [AMXX] Plugin "poly_csdm_off.amxx" failed to load: Plugin uses an unknown function (name "csdm_set_active") - check your modules.ini.
L 03/16/2025 - 02:21:05: [zombie_plague43.amxx] performance issue. Function plugin_precache executed more than 53.5ms.
L 03/16/2025 - 02:21:05: [zombie_plague43.amxx] performance issue. Function native_register_zombie_class executed more than 3.4ms.
L 03/16/2025 - 02:21:05: [zombie_plague43.amxx] performance issue. Function native_register_zombie_class executed more than 5.8ms.
L 03/16/2025 - 02:21:05: [zombie_plague43.amxx] performance issue. Function native_register_zombie_class executed more than 4.7ms.
L 03/16/2025 - 02:21:05: [zombie_plague43.amxx] performance issue. Function native_register_zombie_class executed more than 3.2ms.
L 03/16/2025 - 02:21:05: [zombie_plague43.amxx] performance issue. Function native_register_zombie_class executed more than 3.4ms.
L 03/16/2025 - 02:21:05: [zombie_plague43.amxx] performance issue. Function native_register_zombie_class executed more than 5.7ms.
L 03/16/2025 - 02:21:05: [zombie_plague43.amxx] performance issue. Function native_register_zombie_class executed more than 2.0ms.
L 03/16/2025 - 02:21:05: [zombie_plague43.amxx] performance issue. Function native_register_zombie_class executed more than 5.1ms.
L 03/16/2025 - 02:21:05: [zombie_plague43.amxx] performance issue. Function plugin_init executed more than 3.2ms.
L 03/16/2025 - 02:21:06: [polymorph.amxx] performance issue. Function plugin_cfg executed more than 1146.7ms.
L 03/16/2025 - 02:40:07: [polymorph.amxx] Vote: Voting for the nextmap started
L 03/16/2025 - 02:40:31: [polymorph.amxx] Vote: Voting for the nextmap finished. The nextmap will be zm_toronto
L 03/16/2025 - 02:42:15: -------- Mapchange to zm_toronto --------
L 03/16/2025 - 02:42:15: [AMXX] Plugin "poly_csdm_off.amxx" failed to load: Plugin uses an unknown function (name "csdm_set_active") - check your modules.ini.
L 03/16/2025 - 02:42:15: [zombie_plague43.amxx] performance issue. Function plugin_precache executed more than 52.9ms.
L 03/16/2025 - 02:42:15: [zombie_plague43.amxx] performance issue. Function native_register_zombie_class executed more than 3.3ms.
L 03/16/2025 - 02:42:15: [zombie_plague43.amxx] performance issue. Function native_register_zombie_class executed more than 5.5ms.
L 03/16/2025 - 02:42:15: [zombie_plague43.amxx] performance issue. Function native_register_zombie_class executed more than 4.4ms.
L 03/16/2025 - 02:42:15: [zombie_plague43.amxx] performance issue. Function native_register_zombie_class executed more than 3.1ms.
L 03/16/2025 - 02:42:15: [zombie_plague43.amxx] performance issue. Function native_register_zombie_class executed more than 3.3ms.
L 03/16/2025 - 02:42:15: [zombie_plague43.amxx] performance issue. Function native_register_zombie_class executed more than 5.7ms.
L 03/16/2025 - 02:42:15: [zombie_plague43.amxx] performance issue. Function native_register_zombie_class executed more than 1.9ms.
L 03/16/2025 - 02:42:15: [zombie_plague43.amxx] performance issue. Function native_register_zombie_class executed more than 5.0ms.
L 03/16/2025 - 02:42:15: [zombie_plague43.amxx] performance issue. Function plugin_init executed more than 3.3ms.
L 03/16/2025 - 02:42:16: [polymorph.amxx] performance issue. Function plugin_cfg executed more than 1099.5ms.
L 03/16/2025 - 03:01:17: [polymorph.amxx] Vote: Voting for the next mod started
L 03/16/2025 - 03:01:41: [polymorph.amxx] Vote: Voting for the next mod finished. The nextmod will be HideN-Seek
L 03/16/2025 - 03:01:57: [polymorph.amxx] Vote: Voting for the nextmap started
L 03/16/2025 - 03:02:21: [polymorph.amxx] Vote: Voting for the nextmap finished. The nextmap will be cs_estate
L 03/16/2025 - 03:03:25: -------- Mapchange to cs_estate --------
L 03/16/2025 - 03:03:25: [AMXX] Plugin "poly_csdm_off.amxx" failed to load: Plugin uses an unknown function (name "csdm_set_active") - check your modules.ini.
L 03/16/2025 - 03:03:26: [polymorph.amxx] performance issue. Function plugin_cfg executed more than 1104.8ms.
L 03/16/2025 - 03:03:26: [uq_jumpstats.amxx] Can't find uq_jumpstats_tops.amxx
L 03/16/2025 - 03:18:27: [polymorph.amxx] Vote: Voting for the nextmap started
L 03/16/2025 - 03:18:51: [polymorph.amxx] Vote: Voting for the nextmap finished. The nextmap will be de_dust
L 03/16/2025 - 03:20:35: -------- Mapchange to de_dust --------
L 03/16/2025 - 03:20:35: [AMXX] Plugin "poly_csdm_off.amxx" failed to load: Plugin uses an unknown function (name "csdm_set_active") - check your modules.ini.
L 03/16/2025 - 03:20:36: [polymorph.amxx] performance issue. Function plugin_cfg executed more than 1111.8ms.
L 03/16/2025 - 03:20:36: [uq_jumpstats.amxx] Can't find uq_jumpstats_tops.amxx
L 03/16/2025 - 03:35:37: [polymorph.amxx] Vote: Voting for the next mod started
L 03/16/2025 - 03:36:01: [polymorph.amxx] Vote: Voting for the next mod finished. The nextmod will be Banderas
L 03/16/2025 - 03:36:17: [polymorph.amxx] Vote: Voting for the nextmap started
L 03/16/2025 - 03:36:41: [polymorph.amxx] Vote: Voting for the nextmap finished. The nextmap will be de_dust2
L 03/16/2025 - 03:37:45: -------- Mapchange to de_dust2 --------
L 03/16/2025 - 03:37:45: [AMXX] Plugin "poly_csdm_off.amxx" failed to load: Plugin uses an unknown function (name "csdm_set_active") - check your modules.ini.
L 03/16/2025 - 03:37:46: [polymorph.amxx] performance issue. Function plugin_cfg executed more than 1103.1ms.
L 03/16/2025 - 03:55:46: [polymorph.amxx] Vote: Voting for the nextmap started
L 03/16/2025 - 03:56:11: [polymorph.amxx] Vote: Voting for the nextmap finished. The nextmap will be surf_iceday_remake
L 03/16/2025 - 03:57:54: -------- Mapchange to surf_iceday_remake --------
L 03/16/2025 - 03:57:55: [AMXX] Plugin "poly_csdm_off.amxx" failed to load: Plugin uses an unknown function (name "csdm_set_active") - check your modules.ini.
L 03/16/2025 - 03:57:56: [polymorph.amxx] performance issue. Function plugin_cfg executed more than 1094.1ms.
L 03/16/2025 - 04:15:56: [polymorph.amxx] Vote: Voting for the next mod started
L 03/16/2025 - 04:16:20: [polymorph.amxx] Vote: Voting for the next mod finished. The nextmod will be Banderas
L 03/16/2025 - 04:16:36: [polymorph.amxx] Vote: Voting for the nextmap started
L 03/16/2025 - 04:17:00: [polymorph.amxx] Vote: Voting for the nextmap finished. The nextmap will be de_dust2
L 03/16/2025 - 04:18:04: -------- Mapchange to de_dust2 --------
L 03/16/2025 - 04:18:04: [AMXX] Plugin "poly_csdm_off.amxx" failed to load: Plugin uses an unknown function (name "csdm_set_active") - check your modules.ini.
L 03/16/2025 - 04:18:06: [polymorph.amxx] performance issue. Function plugin_cfg executed more than 1112.6ms.
L 03/16/2025 - 04:36:06: [polymorph.amxx] Vote: Voting for the nextmap started
L 03/16/2025 - 04:36:30: [polymorph.amxx] Vote: Voting for the nextmap finished. The nextmap will be surf_iceday_remake
L 03/16/2025 - 04:38:14: -------- Mapchange to surf_iceday_remake --------
L 03/16/2025 - 04:38:14: [AMXX] Plugin "poly_csdm_off.amxx" failed to load: Plugin uses an unknown function (name "csdm_set_active") - check your modules.ini.
L 03/16/2025 - 04:38:16: [polymorph.amxx] performance issue. Function plugin_cfg executed more than 1313.1ms.
L 03/16/2025 - 04:56:16: [polymorph.amxx] Vote: Voting for the next mod started
L 03/16/2025 - 04:56:40: [polymorph.amxx] Vote: Voting for the next mod finished. The nextmod will be Vip
L 03/16/2025 - 04:56:56: [polymorph.amxx] Vote: Voting for the nextmap started
L 03/16/2025 - 04:57:20: [polymorph.amxx] Vote: Voting for the nextmap finished. The nextmap will be as_oilrig
L 03/16/2025 - 04:58:24: -------- Mapchange to as_oilrig --------
L 03/16/2025 - 04:58:24: [AMXX] Plugin "poly_csdm_off.amxx" failed to load: Plugin uses an unknown function (name "csdm_set_active") - check your modules.ini.
L 03/16/2025 - 04:58:25: [polymorph.amxx] performance issue. Function plugin_cfg executed more than 1154.6ms.
L 03/16/2025 - 05:21:26: [polymorph.amxx] Vote: Voting for the nextmap started
L 03/16/2025 - 05:21:50: [polymorph.amxx] Vote: Voting for the nextmap finished. The nextmap will be as_crazytank3
L 03/16/2025 - 05:23:34: -------- Mapchange to as_crazytank3 --------
L 03/16/2025 - 05:23:34: [AMXX] Plugin "poly_csdm_off.amxx" failed to load: Plugin uses an unknown function (name "csdm_set_active") - check your modules.ini.
L 03/16/2025 - 05:23:35: [polymorph.amxx] performance issue. Function plugin_cfg executed more than 1096.4ms.
L 03/16/2025 - 05:46:36: [polymorph.amxx] Vote: Voting for the nextmap started
L 03/16/2025 - 05:47:00: [polymorph.amxx] Vote: Voting for the nextmap finished. The nextmap will be as_oilrig
L 03/16/2025 - 05:48:44: -------- Mapchange to as_oilrig --------
L 03/16/2025 - 05:48:44: [AMXX] Plugin "poly_csdm_off.amxx" failed to load: Plugin uses an unknown function (name "csdm_set_active") - check your modules.ini.
L 03/16/2025 - 05:48:45: [polymorph.amxx] performance issue. Function plugin_cfg executed more than 1101.4ms.
L 03/16/2025 - 06:11:45: [polymorph.amxx] Vote: Voting for the next mod started
L 03/16/2025 - 06:12:09: [polymorph.amxx] Vote: Voting for the next mod finished. The nextmod will be Rubaka
L 03/16/2025 - 06:12:25: [polymorph.amxx] Vote: Voting for the nextmap started
L 03/16/2025 - 06:12:49: [polymorph.amxx] Vote: Voting for the nextmap finished. The nextmap will be rubaka_2forts
L 03/16/2025 - 06:13:53: -------- Mapchange to rubaka_2forts --------
L 03/16/2025 - 06:13:54: [AMXX] Plugin "poly_csdm_off.amxx" failed to load: Plugin uses an unknown function (name "csdm_set_active") - check your modules.ini.
L 03/16/2025 - 06:13:55: [polymorph.amxx] performance issue. Function plugin_cfg executed more than 1107.5ms.
L 03/16/2025 - 06:34:56: [polymorph.amxx] Vote: Voting for the nextmap started
L 03/16/2025 - 06:35:20: [polymorph.amxx] Vote: Voting for the nextmap finished. The nextmap will be rubaka_arena
L 03/16/2025 - 06:35:37: -------- Mapchange to rubaka_arena --------
L 03/16/2025 - 06:35:37: [AMXX] Plugin "poly_csdm_off.amxx" failed to load: Plugin uses an unknown function (name "csdm_set_active") - check your modules.ini.
L 03/16/2025 - 06:35:38: [polymorph.amxx] performance issue. Function plugin_cfg executed more than 1100.5ms.
L 03/16/2025 - 06:56:38: [polymorph.amxx] Vote: Voting for the next mod started
L 03/16/2025 - 06:57:02: [polymorph.amxx] Vote: Voting for the next mod finished. The nextmod will be Paintball
L 03/16/2025 - 06:57:18: [polymorph.amxx] Vote: Voting for the nextmap started
L 03/16/2025 - 06:57:19: -------- Mapchange to cs_paintball --------
L 03/16/2025 - 06:57:19: [AMXX] Plugin "poly_csdm_off.amxx" failed to load: Plugin uses an unknown function (name "csdm_set_active") - check your modules.ini.
L 03/16/2025 - 06:57:21: [polymorph.amxx] performance issue. Function plugin_cfg executed more than 1101.9ms.
L 03/16/2025 - 07:15:21: [polymorph.amxx] Vote: Voting for the nextmap started
L 03/16/2025 - 07:15:45: [polymorph.amxx] Vote: Voting for the nextmap finished. The nextmap will be de_dust2
L 03/16/2025 - 07:17:29: -------- Mapchange to de_dust2 --------
L 03/16/2025 - 07:17:29: [AMXX] Plugin "poly_csdm_off.amxx" failed to load: Plugin uses an unknown function (name "csdm_set_active") - check your modules.ini.
L 03/16/2025 - 07:17:30: [polymorph.amxx] performance issue. Function plugin_cfg executed more than 1120.5ms.
L 03/16/2025 - 07:35:31: [polymorph.amxx] Vote: Voting for the next mod started
L 03/16/2025 - 07:35:55: [polymorph.amxx] Vote: Voting for the next mod finished. The nextmod will be HideN-Seek
L 03/16/2025 - 07:36:11: [polymorph.amxx] Vote: Voting for the nextmap started
L 03/16/2025 - 07:36:35: [polymorph.amxx] Vote: Voting for the nextmap finished. The nextmap will be cs_estate
L 03/16/2025 - 07:37:39: -------- Mapchange to cs_estate --------
L 03/16/2025 - 07:37:39: [AMXX] Plugin "poly_csdm_off.amxx" failed to load: Plugin uses an unknown function (name "csdm_set_active") - check your modules.ini.
L 03/16/2025 - 07:37:40: [polymorph.amxx] performance issue. Function plugin_cfg executed more than 1099.2ms.
L 03/16/2025 - 07:37:40: [uq_jumpstats.amxx] Can't find uq_jumpstats_tops.amxx
L 03/16/2025 - 07:52:41: [polymorph.amxx] Vote: Voting for the nextmap started
L 03/16/2025 - 07:53:05: [polymorph.amxx] Vote: Voting for the nextmap finished. The nextmap will be de_dust
L 03/16/2025 - 07:54:49: -------- Mapchange to de_dust --------
L 03/16/2025 - 07:54:49: [AMXX] Plugin "poly_csdm_off.amxx" failed to load: Plugin uses an unknown function (name "csdm_set_active") - check your modules.ini.
L 03/16/2025 - 07:54:50: [polymorph.amxx] performance issue. Function plugin_cfg executed more than 1088.8ms.
L 03/16/2025 - 07:54:50: [uq_jumpstats.amxx] Can't find uq_jumpstats_tops.amxx
L 03/16/2025 - 08:09:51: [polymorph.amxx] Vote: Voting for the next mod started
L 03/16/2025 - 08:10:15: [polymorph.amxx] Vote: Voting for the next mod finished. The nextmod will be Banderas
L 03/16/2025 - 08:10:31: [polymorph.amxx] Vote: Voting for the nextmap started
L 03/16/2025 - 08:10:55: [polymorph.amxx] Vote: Voting for the nextmap finished. The nextmap will be de_dust2
L 03/16/2025 - 08:11:59: -------- Mapchange to de_dust2 --------
L 03/16/2025 - 08:11:59: [AMXX] Plugin "poly_csdm_off.amxx" failed to load: Plugin uses an unknown function (name "csdm_set_active") - check your modules.ini.
L 03/16/2025 - 08:12:00: [polymorph.amxx] performance issue. Function plugin_cfg executed more than 1110.3ms.
L 03/16/2025 - 08:30:00: [polymorph.amxx] Vote: Voting for the nextmap started
L 03/16/2025 - 08:30:24: [polymorph.amxx] Vote: Voting for the nextmap finished. The nextmap will be surf_iceday_remake
L 03/16/2025 - 08:32:08: -------- Mapchange to surf_iceday_remake --------
L 03/16/2025 - 08:32:08: [AMXX] Plugin "poly_csdm_off.amxx" failed to load: Plugin uses an unknown function (name "csdm_set_active") - check your modules.ini.
L 03/16/2025 - 08:32:10: [polymorph.amxx] performance issue. Function plugin_cfg executed more than 1101.4ms.
L 03/16/2025 - 08:50:10: [polymorph.amxx] Vote: Voting for the next mod started
L 03/16/2025 - 08:50:34: [polymorph.amxx] Vote: Voting for the next mod finished. The nextmod will be Kreedz-Kz
L 03/16/2025 - 08:50:50: [polymorph.amxx] Vote: Voting for the nextmap started
L 03/16/2025 - 08:51:14: [polymorph.amxx] Vote: Voting for the nextmap finished. The nextmap will be kz_arsacid
L 03/16/2025 - 08:52:18: -------- Mapchange to kz_arsacid --------
L 03/16/2025 - 08:52:18: [AMXX] Plugin "poly_csdm_off.amxx" failed to load: Plugin uses an unknown function (name "csdm_set_active") - check your modules.ini.
L 03/16/2025 - 08:52:18: [kz_jumpplugin.amxx] performance issue. Function plugin_precache executed more than 4.9ms.
L 03/16/2025 - 08:52:19: New section, unterminated block (file "cstrike/addons/amxmodx/data/lang/kz_jumpplugin.txt" key "// Languages in this ML File:" lang "")
L 03/16/2025 - 08:52:20: [polymorph.amxx] performance issue. Function plugin_cfg executed more than 1099.2ms.
L 03/16/2025 - 08:52:20: [kz_jumpplugin.amxx] performance issue. Function plugin_cfg executed more than 5.8ms.
L 03/16/2025 - 08:52:20: [uq_jumpstats.amxx] Can't find uq_jumpstats_tops.amxx
L 03/16/2025 - 08:52:23: [admincmd.amxx] Cmd: "PerGAmes MultiModos - Banderas <0><><>" set cvar (name "kz_uq_airaccelerate") (value "100")
L 03/16/2025 - 08:52:24: [kz_jumpplugin.amxx] performance issue. Function createbot executed more than 6.4ms.
L 03/16/2025 - 09:10:20: [polymorph.amxx] Vote: Voting for the nextmap started
L 03/16/2025 - 09:10:44: [polymorph.amxx] Vote: Voting for the nextmap finished. The nextmap will be kz_xj_brickjump
L 03/16/2025 - 09:12:28: -------- Mapchange to kz_xj_brickjump --------
L 03/16/2025 - 09:12:28: [AMXX] Plugin "poly_csdm_off.amxx" failed to load: Plugin uses an unknown function (name "csdm_set_active") - check your modules.ini.
L 03/16/2025 - 09:12:28: [kz_jumpplugin.amxx] performance issue. Function plugin_precache executed more than 4.8ms.
L 03/16/2025 - 09:12:28: New section, unterminated block (file "cstrike/addons/amxmodx/data/lang/kz_jumpplugin.txt" key "// Languages in this ML File:" lang "")
L 03/16/2025 - 09:12:30: [polymorph.amxx] performance issue. Function plugin_cfg executed more than 1097.2ms.
L 03/16/2025 - 09:12:30: [kz_jumpplugin.amxx] performance issue. Function plugin_cfg executed more than 5.9ms.
L 03/16/2025 - 09:12:30: [uq_jumpstats.amxx] Can't find uq_jumpstats_tops.amxx
L 03/16/2025 - 09:12:33: [admincmd.amxx] Cmd: "PerGAmes MultiModos - Kreedz by<0><><>" set cvar (name "kz_uq_airaccelerate") (value "100")
L 03/16/2025 - 09:12:34: [kz_jumpplugin.amxx] performance issue. Function createbot executed more than 6.5ms.
L 03/16/2025 - 09:30:30: [polymorph.amxx] Vote: Voting for the nextmap started
L 03/16/2025 - 09:30:54: [polymorph.amxx] Vote: Voting for the nextmap finished. The nextmap will be bkz_goldbhop
L 03/16/2025 - 09:32:38: -------- Mapchange to bkz_goldbhop --------
L 03/16/2025 - 09:32:38: [AMXX] Plugin "poly_csdm_off.amxx" failed to load: Plugin uses an unknown function (name "csdm_set_active") - check your modules.ini.
L 03/16/2025 - 09:32:38: [kz_jumpplugin.amxx] performance issue. Function plugin_precache executed more than 4.9ms.
L 03/16/2025 - 09:32:38: New section, unterminated block (file "cstrike/addons/amxmodx/data/lang/kz_jumpplugin.txt" key "// Languages in this ML File:" lang "")
L 03/16/2025 - 09:32:39: [polymorph.amxx] performance issue. Function plugin_cfg executed more than 1105.6ms.
L 03/16/2025 - 09:32:39: [kz_jumpplugin.amxx] performance issue. Function plugin_cfg executed more than 6.0ms.
L 03/16/2025 - 09:32:39: [uq_jumpstats.amxx] Can't find uq_jumpstats_tops.amxx
L 03/16/2025 - 09:32:43: [admincmd.amxx] Cmd: "PerGAmes MultiModos - Kreedz by<0><><>" set cvar (name "kz_uq_airaccelerate") (value "100")
L 03/16/2025 - 09:32:44: [kz_jumpplugin.amxx] performance issue. Function createbot executed more than 6.7ms.
L 03/16/2025 - 09:50:40: [polymorph.amxx] Vote: Voting for the next mod started
L 03/16/2025 - 09:51:04: [polymorph.amxx] Vote: Voting for the next mod finished. The nextmod will be Banderas
L 03/16/2025 - 09:51:20: [polymorph.amxx] Vote: Voting for the nextmap started
L 03/16/2025 - 09:51:44: [polymorph.amxx] Vote: Voting for the nextmap finished. The nextmap will be de_inferno2
L 03/16/2025 - 09:52:48: -------- Mapchange to de_inferno2 --------
L 03/16/2025 - 09:52:48: [AMXX] Plugin "poly_csdm_off.amxx" failed to load: Plugin uses an unknown function (name "csdm_set_active") - check your modules.ini.
L 03/16/2025 - 09:52:49: [polymorph.amxx] performance issue. Function plugin_cfg executed more than 1102.8ms.
L 03/16/2025 - 10:10:50: [polymorph.amxx] Vote: Voting for the nextmap started
L 03/16/2025 - 10:11:14: [polymorph.amxx] Vote: Voting for the nextmap finished. The nextmap will be de_dust2
L 03/16/2025 - 10:12:58: -------- Mapchange to de_dust2 --------
L 03/16/2025 - 10:12:58: [AMXX] Plugin "poly_csdm_off.amxx" failed to load: Plugin uses an unknown function (name "csdm_set_active") - check your modules.ini.
L 03/16/2025 - 10:12:59: [polymorph.amxx] performance issue. Function plugin_cfg executed more than 1112.4ms.
L 03/16/2025 - 10:30:59: [polymorph.amxx] Vote: Voting for the next mod started
L 03/16/2025 - 10:31:23: [polymorph.amxx] Vote: Voting for the next mod finished. The nextmod will be Zombie-Plague
L 03/16/2025 - 10:31:40: [polymorph.amxx] Vote: Voting for the nextmap started
L 03/16/2025 - 10:32:04: [polymorph.amxx] Vote: Voting for the nextmap finished. The nextmap will be zm_ice_attack
L 03/16/2025 - 10:33:07: -------- Mapchange to zm_ice_attack --------
L 03/16/2025 - 10:33:07: [AMXX] Plugin "poly_csdm_off.amxx" failed to load: Plugin uses an unknown function (name "csdm_set_active") - check your modules.ini.
L 03/16/2025 - 10:33:08: [zombie_plague43.amxx] performance issue. Function plugin_precache executed more than 53.4ms.
L 03/16/2025 - 10:33:08: [zombie_plague43.amxx] performance issue. Function native_register_zombie_class executed more than 3.4ms.
L 03/16/2025 - 10:33:08: [zombie_plague43.amxx] performance issue. Function native_register_zombie_class executed more than 5.6ms.
L 03/16/2025 - 10:33:08: [zombie_plague43.amxx] performance issue. Function native_register_zombie_class executed more than 4.5ms.
L 03/16/2025 - 10:33:08: [zombie_plague43.amxx] performance issue. Function native_register_zombie_class executed more than 3.1ms.
L 03/16/2025 - 10:33:08: [zombie_plague43.amxx] performance issue. Function native_register_zombie_class executed more than 3.2ms.
L 03/16/2025 - 10:33:08: [zombie_plague43.amxx] performance issue. Function native_register_zombie_class executed more than 5.8ms.
L 03/16/2025 - 10:33:08: [zombie_plague43.amxx] performance issue. Function native_register_zombie_class executed more than 2.0ms.
L 03/16/2025 - 10:33:08: [zombie_plague43.amxx] performance issue. Function native_register_zombie_class executed more than 4.9ms.
L 03/16/2025 - 10:33:08: [zombie_plague43.amxx] performance issue. Function plugin_init executed more than 3.2ms.
L 03/16/2025 - 10:33:09: [polymorph.amxx] performance issue. Function plugin_cfg executed more than 1098.8ms.
L 03/16/2025 - 10:52:09: [polymorph.amxx] Vote: Voting for the nextmap started
L 03/16/2025 - 10:52:33: [polymorph.amxx] Vote: Voting for the nextmap finished. The nextmap will be zm_toronto
L 03/16/2025 - 10:54:17: -------- Mapchange to zm_toronto --------
L 03/16/2025 - 10:54:17: [AMXX] Plugin "poly_csdm_off.amxx" failed to load: Plugin uses an unknown function (name "csdm_set_active") - check your modules.ini.
L 03/16/2025 - 10:54:18: [zombie_plague43.amxx] performance issue. Function plugin_precache executed more than 52.9ms.
L 03/16/2025 - 10:54:18: [zombie_plague43.amxx] performance issue. Function native_register_zombie_class executed more than 3.3ms.
L 03/16/2025 - 10:54:18: [zombie_plague43.amxx] performance issue. Function native_register_zombie_class executed more than 5.6ms.
L 03/16/2025 - 10:54:18: [zombie_plague43.amxx] performance issue. Function native_register_zombie_class executed more than 4.4ms.
L 03/16/2025 - 10:54:18: [zombie_plague43.amxx] performance issue. Function native_register_zombie_class executed more than 3.1ms.
L 03/16/2025 - 10:54:18: [zombie_plague43.amxx] performance issue. Function native_register_zombie_class executed more than 3.3ms.
L 03/16/2025 - 10:54:18: [zombie_plague43.amxx] performance issue. Function native_register_zombie_class executed more than 5.7ms.
L 03/16/2025 - 10:54:18: [zombie_plague43.amxx] performance issue. Function native_register_zombie_class executed more than 2.0ms.
L 03/16/2025 - 10:54:18: [zombie_plague43.amxx] performance issue. Function native_register_zombie_class executed more than 4.9ms.
L 03/16/2025 - 10:54:18: [zombie_plague43.amxx] performance issue. Function plugin_init executed more than 3.2ms.
L 03/16/2025 - 10:54:19: [polymorph.amxx] performance issue. Function plugin_cfg executed more than 1102.1ms.
L 03/16/2025 - 11:13:19: [polymorph.amxx] Vote: Voting for the nextmap started
L 03/16/2025 - 11:13:43: [polymorph.amxx] Vote: Voting for the nextmap finished. The nextmap will be zm_ice_attack
L 03/16/2025 - 11:15:27: -------- Mapchange to zm_ice_attack --------
L 03/16/2025 - 11:15:27: [AMXX] Plugin "poly_csdm_off.amxx" failed to load: Plugin uses an unknown function (name "csdm_set_active") - check your modules.ini.
L 03/16/2025 - 11:15:28: [zombie_plague43.amxx] performance issue. Function plugin_precache executed more than 54.0ms.
L 03/16/2025 - 11:15:28: [zombie_plague43.amxx] performance issue. Function native_register_zombie_class executed more than 3.3ms.
L 03/16/2025 - 11:15:28: [zombie_plague43.amxx] performance issue. Function native_register_zombie_class executed more than 5.7ms.
L 03/16/2025 - 11:15:28: [zombie_plague43.amxx] performance issue. Function native_register_zombie_class executed more than 4.4ms.
L 03/16/2025 - 11:15:28: [zombie_plague43.amxx] performance issue. Function native_register_zombie_class executed more than 3.3ms.
L 03/16/2025 - 11:15:28: [zombie_plague43.amxx] performance issue. Function native_register_zombie_class executed more than 3.4ms.
L 03/16/2025 - 11:15:28: [zombie_plague43.amxx] performance issue. Function native_register_zombie_class executed more than 5.8ms.
L 03/16/2025 - 11:15:28: [zombie_plague43.amxx] performance issue. Function native_register_zombie_class executed more than 2.0ms.
L 03/16/2025 - 11:15:28: [zombie_plague43.amxx] performance issue. Function native_register_zombie_class executed more than 5.0ms.
L 03/16/2025 - 11:15:28: [zombie_plague43.amxx] performance issue. Function plugin_init executed more than 3.4ms.
L 03/16/2025 - 11:15:29: [polymorph.amxx] performance issue. Function plugin_cfg executed more than 1146.4ms.
L 03/16/2025 - 11:34:29: [polymorph.amxx] Vote: Voting for the next mod started
L 03/16/2025 - 11:34:53: [polymorph.amxx] Vote: Voting for the next mod finished. The nextmod will be Vip
L 03/16/2025 - 11:35:10: [polymorph.amxx] Vote: Voting for the nextmap started
L 03/16/2025 - 11:35:34: [polymorph.amxx] Vote: Voting for the nextmap finished. The nextmap will be as_oilrig
L 03/16/2025 - 11:36:37: [polymorph.amxx] performance issue. Function plugin_end executed more than 23.0ms.
L 03/16/2025 - 11:36:38: -------- Mapchange to as_oilrig --------
L 03/16/2025 - 11:36:38: [AMXX] Plugin "poly_csdm_off.amxx" failed to load: Plugin uses an unknown function (name "csdm_set_active") - check your modules.ini.
L 03/16/2025 - 11:36:39: [polymorph.amxx] performance issue. Function plugin_cfg executed more than 1110.8ms.
L 03/16/2025 - 11:59:39: [polymorph.amxx] Vote: Voting for the nextmap started
L 03/16/2025 - 12:00:03: [polymorph.amxx] Vote: Voting for the nextmap finished. The nextmap will be as_crazytank3
L 03/16/2025 - 12:01:47: -------- Mapchange to as_crazytank3 --------
L 03/16/2025 - 12:01:47: [AMXX] Plugin "poly_csdm_off.amxx" failed to load: Plugin uses an unknown function (name "csdm_set_active") - check your modules.ini.
L 03/16/2025 - 12:01:49: [polymorph.amxx] performance issue. Function plugin_cfg executed more than 1107.1ms.
L 03/16/2025 - 12:24:49: [polymorph.amxx] Vote: Voting for the nextmap started
L 03/16/2025 - 12:25:13: [polymorph.amxx] Vote: Voting for the nextmap finished. The nextmap will be as_oilrig
L 03/16/2025 - 12:26:57: -------- Mapchange to as_oilrig --------
L 03/16/2025 - 12:26:57: [AMXX] Plugin "poly_csdm_off.amxx" failed to load: Plugin uses an unknown function (name "csdm_set_active") - check your modules.ini.
L 03/16/2025 - 12:26:58: [polymorph.amxx] performance issue. Function plugin_cfg executed more than 1101.6ms.
L 03/16/2025 - 12:49:59: [polymorph.amxx] Vote: Voting for the next mod started
L 03/16/2025 - 12:50:23: [polymorph.amxx] Vote: Voting for the next mod finished. The nextmod will be Slender
L 03/16/2025 - 12:50:39: [polymorph.amxx] Vote: Voting for the nextmap started
L 03/16/2025 - 12:51:03: [polymorph.amxx] Vote: Voting for the nextmap finished. The nextmap will be de_dust2
L 03/16/2025 - 12:52:07: -------- Mapchange to de_dust2 --------
L 03/16/2025 - 12:52:07: [AMXX] Plugin "poly_csdm_off.amxx" failed to load: Plugin uses an unknown function (name "csdm_set_active") - check your modules.ini.
L 03/16/2025 - 12:52:08: [polymorph.amxx] performance issue. Function plugin_cfg executed more than 1099.6ms.
L 03/16/2025 - 13:13:09: [polymorph.amxx] Vote: Voting for the nextmap started
L 03/16/2025 - 13:13:33: [polymorph.amxx] Vote: Voting for the nextmap finished. The nextmap will be de_aztec
L 03/16/2025 - 13:15:17: -------- Mapchange to de_aztec --------
L 03/16/2025 - 13:15:17: [AMXX] Plugin "poly_csdm_off.amxx" failed to load: Plugin uses an unknown function (name "csdm_set_active") - check your modules.ini.
L 03/16/2025 - 13:15:18: [polymorph.amxx] performance issue. Function plugin_cfg executed more than 1106.0ms.
L 03/16/2025 - 13:36:18: [polymorph.amxx] Vote: Voting for the next mod started
L 03/16/2025 - 13:36:42: [polymorph.amxx] Vote: Voting for the next mod finished. The nextmod will be CScout
L 03/16/2025 - 13:36:58: [polymorph.amxx] Vote: Voting for the nextmap started
L 03/16/2025 - 13:37:22: [polymorph.amxx] Vote: Voting for the nextmap finished. The nextmap will be de_dust2
L 03/16/2025 - 13:38:26: -------- Mapchange to de_dust2 --------
L 03/16/2025 - 13:38:26: [AMXX] Plugin "poly_csdm_off.amxx" failed to load: Plugin uses an unknown function (name "csdm_set_active") - check your modules.ini.
L 03/16/2025 - 13:38:28: [polymorph.amxx] performance issue. Function plugin_cfg executed more than 1097.5ms.
L 03/16/2025 - 13:56:28: [polymorph.amxx] Vote: Voting for the nextmap started
L 03/16/2025 - 13:56:52: [polymorph.amxx] Vote: Voting for the nextmap finished. The nextmap will be de_inferno
L 03/16/2025 - 13:58:36: -------- Mapchange to de_inferno --------
L 03/16/2025 - 13:58:36: [AMXX] Plugin "poly_csdm_off.amxx" failed to load: Plugin uses an unknown function (name "csdm_set_active") - check your modules.ini.
L 03/16/2025 - 13:58:37: [polymorph.amxx] performance issue. Function plugin_cfg executed more than 1104.6ms.
L 03/16/2025 - 14:16:38: [polymorph.amxx] Vote: Voting for the nextmap started
L 03/16/2025 - 14:17:02: [polymorph.amxx] Vote: Voting for the nextmap finished. The nextmap will be de_dust2
L 03/16/2025 - 14:18:46: -------- Mapchange to de_dust2 --------
L 03/16/2025 - 14:18:46: [AMXX] Plugin "poly_csdm_off.amxx" failed to load: Plugin uses an unknown function (name "csdm_set_active") - check your modules.ini.
L 03/16/2025 - 14:18:47: [polymorph.amxx] performance issue. Function plugin_cfg executed more than 1105.1ms.
L 03/16/2025 - 14:36:47: [polymorph.amxx] Vote: Voting for the next mod started
L 03/16/2025 - 14:37:11: [polymorph.amxx] Vote: Voting for the next mod finished. The nextmod will be HideN-Seek
L 03/16/2025 - 14:37:28: [polymorph.amxx] Vote: Voting for the nextmap started
L 03/16/2025 - 14:37:52: [polymorph.amxx] Vote: Voting for the nextmap finished. The nextmap will be cs_estate
L 03/16/2025 - 14:38:56: -------- Mapchange to cs_estate --------
L 03/16/2025 - 14:38:56: [AMXX] Plugin "poly_csdm_off.amxx" failed to load: Plugin uses an unknown function (name "csdm_set_active") - check your modules.ini.
L 03/16/2025 - 14:38:57: [polymorph.amxx] performance issue. Function plugin_cfg executed more than 1102.5ms.
L 03/16/2025 - 14:38:57: [uq_jumpstats.amxx] Can't find uq_jumpstats_tops.amxx
L 03/16/2025 - 14:53:57: [polymorph.amxx] Vote: Voting for the nextmap started
L 03/16/2025 - 14:54:21: [polymorph.amxx] Vote: Voting for the nextmap finished. The nextmap will be de_dust
L 03/16/2025 - 14:56:05: -------- Mapchange to de_dust --------
L 03/16/2025 - 14:56:06: [AMXX] Plugin "poly_csdm_off.amxx" failed to load: Plugin uses an unknown function (name "csdm_set_active") - check your modules.ini.
L 03/16/2025 - 14:56:07: [polymorph.amxx] performance issue. Function plugin_cfg executed more than 1101.1ms.
L 03/16/2025 - 14:56:07: [uq_jumpstats.amxx] Can't find uq_jumpstats_tops.amxx
L 03/16/2025 - 15:11:07: [polymorph.amxx] Vote: Voting for the next mod started
L 03/16/2025 - 15:11:31: [polymorph.amxx] Vote: Voting for the next mod finished. The nextmod will be Vip
L 03/16/2025 - 15:11:47: [polymorph.amxx] Vote: Voting for the nextmap started
L 03/16/2025 - 15:12:11: [polymorph.amxx] Vote: Voting for the nextmap finished. The nextmap will be as_oilrig
L 03/16/2025 - 15:13:15: -------- Mapchange to as_oilrig --------
L 03/16/2025 - 15:13:15: [AMXX] Plugin "poly_csdm_off.amxx" failed to load: Plugin uses an unknown function (name "csdm_set_active") - check your modules.ini.
L 03/16/2025 - 15:13:17: [polymorph.amxx] performance issue. Function plugin_cfg executed more than 1102.9ms.
L 03/16/2025 - 15:36:17: [polymorph.amxx] Vote: Voting for the nextmap started
L 03/16/2025 - 15:36:41: [polymorph.amxx] Vote: Voting for the nextmap finished. The nextmap will be as_crazytank3
L 03/16/2025 - 15:38:25: -------- Mapchange to as_crazytank3 --------
L 03/16/2025 - 15:38:25: [AMXX] Plugin "poly_csdm_off.amxx" failed to load: Plugin uses an unknown function (name "csdm_set_active") - check your modules.ini.
L 03/16/2025 - 15:38:26: [polymorph.amxx] performance issue. Function plugin_cfg executed more than 1100.0ms.
L 03/16/2025 - 16:01:27: [polymorph.amxx] Vote: Voting for the nextmap started
L 03/16/2025 - 16:01:51: [polymorph.amxx] Vote: Voting for the nextmap finished. The nextmap will be as_oilrig
L 03/16/2025 - 16:03:35: -------- Mapchange to as_oilrig --------
L 03/16/2025 - 16:03:35: [AMXX] Plugin "poly_csdm_off.amxx" failed to load: Plugin uses an unknown function (name "csdm_set_active") - check your modules.ini.
L 03/16/2025 - 16:03:36: [polymorph.amxx] performance issue. Function plugin_cfg executed more than 1103.2ms.
L 03/16/2025 - 16:26:37: [polymorph.amxx] Vote: Voting for the next mod started
L 03/16/2025 - 16:27:01: [polymorph.amxx] Vote: Voting for the next mod finished. The nextmod will be Slender
L 03/16/2025 - 16:27:17: [polymorph.amxx] Vote: Voting for the nextmap started
L 03/16/2025 - 16:27:41: [polymorph.amxx] Vote: Voting for the nextmap finished. The nextmap will be de_dust2
L 03/16/2025 - 16:28:45: -------- Mapchange to de_dust2 --------
L 03/16/2025 - 16:28:45: [AMXX] Plugin "poly_csdm_off.amxx" failed to load: Plugin uses an unknown function (name "csdm_set_active") - check your modules.ini.
L 03/16/2025 - 16:28:46: [polymorph.amxx] performance issue. Function plugin_cfg executed more than 1109.4ms.
L 03/16/2025 - 16:49:46: [polymorph.amxx] Vote: Voting for the nextmap started
L 03/16/2025 - 16:50:10: [polymorph.amxx] Vote: Voting for the nextmap finished. The nextmap will be de_aztec
L 03/16/2025 - 16:51:54: -------- Mapchange to de_aztec --------
L 03/16/2025 - 16:51:54: [AMXX] Plugin "poly_csdm_off.amxx" failed to load: Plugin uses an unknown function (name "csdm_set_active") - check your modules.ini.
L 03/16/2025 - 16:51:56: [polymorph.amxx] performance issue. Function plugin_cfg executed more than 1108.0ms.
L 03/16/2025 - 17:12:56: [polymorph.amxx] Vote: Voting for the next mod started
L 03/16/2025 - 17:13:20: [polymorph.amxx] Vote: Voting for the next mod finished. The nextmod will be CScout
L 03/16/2025 - 17:13:36: [polymorph.amxx] Vote: Voting for the nextmap started
L 03/16/2025 - 17:14:00: [polymorph.amxx] Vote: Voting for the nextmap finished. The nextmap will be de_dust2
L 03/16/2025 - 17:15:04: -------- Mapchange to de_dust2 --------
L 03/16/2025 - 17:15:04: [AMXX] Plugin "poly_csdm_off.amxx" failed to load: Plugin uses an unknown function (name "csdm_set_active") - check your modules.ini.
L 03/16/2025 - 17:15:05: [polymorph.amxx] performance issue. Function plugin_cfg executed more than 1107.4ms.
L 03/16/2025 - 17:33:06: [polymorph.amxx] Vote: Voting for the nextmap started
L 03/16/2025 - 17:33:30: [polymorph.amxx] Vote: Voting for the nextmap finished. The nextmap will be de_inferno
L 03/16/2025 - 17:35:14: -------- Mapchange to de_inferno --------
L 03/16/2025 - 17:35:14: [AMXX] Plugin "poly_csdm_off.amxx" failed to load: Plugin uses an unknown function (name "csdm_set_active") - check your modules.ini.
L 03/16/2025 - 17:35:15: [polymorph.amxx] performance issue. Function plugin_cfg executed more than 1109.4ms.
L 03/16/2025 - 17:53:16: [polymorph.amxx] Vote: Voting for the nextmap started
L 03/16/2025 - 17:53:40: [polymorph.amxx] Vote: Voting for the nextmap finished. The nextmap will be de_dust2
L 03/16/2025 - 17:55:24: -------- Mapchange to de_dust2 --------
L 03/16/2025 - 17:55:24: [AMXX] Plugin "poly_csdm_off.amxx" failed to load: Plugin uses an unknown function (name "csdm_set_active") - check your modules.ini.
L 03/16/2025 - 17:55:25: [polymorph.amxx] performance issue. Function plugin_cfg executed more than 1105.9ms.
L 03/16/2025 - 18:13:25: [polymorph.amxx] Vote: Voting for the next mod started
L 03/16/2025 - 18:13:49: [polymorph.amxx] Vote: Voting for the next mod finished. The nextmod will be HideN-Seek
L 03/16/2025 - 18:14:05: [polymorph.amxx] Vote: Voting for the nextmap started
L 03/16/2025 - 18:14:29: [polymorph.amxx] Vote: Voting for the nextmap finished. The nextmap will be cs_estate
L 03/16/2025 - 18:15:33: -------- Mapchange to cs_estate --------
L 03/16/2025 - 18:15:33: [AMXX] Plugin "poly_csdm_off.amxx" failed to load: Plugin uses an unknown function (name "csdm_set_active") - check your modules.ini.
L 03/16/2025 - 18:15:35: [polymorph.amxx] performance issue. Function plugin_cfg executed more than 1107.7ms.
L 03/16/2025 - 18:15:35: [uq_jumpstats.amxx] Can't find uq_jumpstats_tops.amxx
L 03/16/2025 - 18:30:35: [polymorph.amxx] Vote: Voting for the nextmap started
L 03/16/2025 - 18:30:59: [polymorph.amxx] Vote: Voting for the nextmap finished. The nextmap will be de_dust
L 03/16/2025 - 18:32:43: -------- Mapchange to de_dust --------
L 03/16/2025 - 18:32:43: [AMXX] Plugin "poly_csdm_off.amxx" failed to load: Plugin uses an unknown function (name "csdm_set_active") - check your modules.ini.
L 03/16/2025 - 18:32:45: [polymorph.amxx] performance issue. Function plugin_cfg executed more than 1106.6ms.
L 03/16/2025 - 18:32:45: [uq_jumpstats.amxx] Can't find uq_jumpstats_tops.amxx
L 03/16/2025 - 18:47:45: [polymorph.amxx] Vote: Voting for the next mod started
L 03/16/2025 - 18:48:09: [polymorph.amxx] Vote: Voting for the next mod finished. The nextmod will be Kreedz-Kz
L 03/16/2025 - 18:48:25: [polymorph.amxx] Vote: Voting for the nextmap started
L 03/16/2025 - 18:48:49: [polymorph.amxx] Vote: Voting for the nextmap finished. The nextmap will be kz_arsacid
L 03/16/2025 - 18:49:53: -------- Mapchange to kz_arsacid --------
L 03/16/2025 - 18:49:53: [AMXX] Plugin "poly_csdm_off.amxx" failed to load: Plugin uses an unknown function (name "csdm_set_active") - check your modules.ini.
L 03/16/2025 - 18:49:53: [kz_jumpplugin.amxx] performance issue. Function plugin_precache executed more than 4.9ms.
L 03/16/2025 - 18:49:53: New section, unterminated block (file "cstrike/addons/amxmodx/data/lang/kz_jumpplugin.txt" key "// Languages in this ML File:" lang "")
L 03/16/2025 - 18:49:54: [polymorph.amxx] performance issue. Function plugin_cfg executed more than 1103.6ms.
L 03/16/2025 - 18:49:54: [kz_jumpplugin.amxx] performance issue. Function plugin_cfg executed more than 5.7ms.
L 03/16/2025 - 18:49:54: [uq_jumpstats.amxx] Can't find uq_jumpstats_tops.amxx
L 03/16/2025 - 18:49:58: [admincmd.amxx] Cmd: "PerGAmes MultiModos - HideN-See<0><><>" set cvar (name "kz_uq_airaccelerate") (value "100")
L 03/16/2025 - 18:49:59: [kz_jumpplugin.amxx] performance issue. Function createbot executed more than 6.5ms.
L 03/16/2025 - 19:07:55: [polymorph.amxx] Vote: Voting for the nextmap started
L 03/16/2025 - 19:08:19: [polymorph.amxx] Vote: Voting for the nextmap finished. The nextmap will be kz_xj_brickjump
L 03/16/2025 - 19:10:03: -------- Mapchange to kz_xj_brickjump --------
L 03/16/2025 - 19:10:03: [AMXX] Plugin "poly_csdm_off.amxx" failed to load: Plugin uses an unknown function (name "csdm_set_active") - check your modules.ini.
L 03/16/2025 - 19:10:03: [kz_jumpplugin.amxx] performance issue. Function plugin_precache executed more than 4.9ms.
L 03/16/2025 - 19:10:03: New section, unterminated block (file "cstrike/addons/amxmodx/data/lang/kz_jumpplugin.txt" key "// Languages in this ML File:" lang "")
L 03/16/2025 - 19:10:04: [polymorph.amxx] performance issue. Function plugin_cfg executed more than 1101.1ms.
L 03/16/2025 - 19:10:04: [kz_jumpplugin.amxx] performance issue. Function plugin_cfg executed more than 5.8ms.
L 03/16/2025 - 19:10:04: [uq_jumpstats.amxx] Can't find uq_jumpstats_tops.amxx
L 03/16/2025 - 19:10:08: [admincmd.amxx] Cmd: "PerGAmes MultiModos - Kreedz by<0><><>" set cvar (name "kz_uq_airaccelerate") (value "100")
L 03/16/2025 - 19:10:09: [kz_jumpplugin.amxx] performance issue. Function createbot executed more than 6.6ms.
L 03/16/2025 - 19:28:05: [polymorph.amxx] Vote: Voting for the nextmap started
L 03/16/2025 - 19:28:29: [polymorph.amxx] Vote: Voting for the nextmap finished. The nextmap will be kz_arsacid
L 03/16/2025 - 19:30:13: -------- Mapchange to kz_arsacid --------
L 03/16/2025 - 19:30:13: [AMXX] Plugin "poly_csdm_off.amxx" failed to load: Plugin uses an unknown function (name "csdm_set_active") - check your modules.ini.
L 03/16/2025 - 19:30:13: [kz_jumpplugin.amxx] performance issue. Function plugin_precache executed more than 4.9ms.
L 03/16/2025 - 19:30:13: New section, unterminated block (file "cstrike/addons/amxmodx/data/lang/kz_jumpplugin.txt" key "// Languages in this ML File:" lang "")
L 03/16/2025 - 19:30:14: [polymorph.amxx] performance issue. Function plugin_cfg executed more than 1101.5ms.
L 03/16/2025 - 19:30:14: [kz_jumpplugin.amxx] performance issue. Function plugin_cfg executed more than 5.8ms.
L 03/16/2025 - 19:30:14: [uq_jumpstats.amxx] Can't find uq_jumpstats_tops.amxx
L 03/16/2025 - 19:30:18: [admincmd.amxx] Cmd: "PerGAmes MultiModos - Kreedz by<0><><>" set cvar (name "kz_uq_airaccelerate") (value "100")
L 03/16/2025 - 19:30:19: [kz_jumpplugin.amxx] performance issue. Function createbot executed more than 6.3ms.
L 03/16/2025 - 19:48:15: [polymorph.amxx] Vote: Voting for the next mod started
L 03/16/2025 - 19:48:39: [polymorph.amxx] Vote: Voting for the next mod finished. The nextmod will be BaseBuilder
L 03/16/2025 - 19:48:55: [polymorph.amxx] Vote: Voting for the nextmap started
L 03/16/2025 - 19:49:19: [polymorph.amxx] Vote: Voting for the nextmap finished. The nextmap will be bb_nemesis
L 03/16/2025 - 19:50:23: -------- Mapchange to bb_nemesis --------
L 03/16/2025 - 19:50:23: [AMXX] Plugin "anti-channel.amxx" failed to load: Module/Library "orpheu" required for plugin.  Check modules.ini.
L 03/16/2025 - 19:50:23: [AMXX] Plugin "poly_csdm_off.amxx" failed to load: Plugin uses an unknown function (name "csdm_set_active") - check your modules.ini.
L 03/16/2025 - 19:50:23: [basebuilder65.amxx] performance issue. Function native_register_zombie_class executed more than 3.9ms.
L 03/16/2025 - 19:50:23: [basebuilder65.amxx] performance issue. Function native_register_zombie_class executed more than 4.1ms.
L 03/16/2025 - 19:50:23: [basebuilder65.amxx] performance issue. Function native_register_zombie_class executed more than 3.3ms.
L 03/16/2025 - 19:50:23: [basebuilder65.amxx] performance issue. Function native_register_zombie_class executed more than 4.9ms.
L 03/16/2025 - 19:50:23: [bb_classes65.amxx] performance issue. Function plugin_precache executed more than 16.3ms.
L 03/16/2025 - 19:50:24: [polymorph.amxx] performance issue. Function plugin_cfg executed more than 1101.8ms.
L 03/16/2025 - 20:13:24: [polymorph.amxx] Vote: Voting for the nextmap started
L 03/16/2025 - 20:13:48: [polymorph.amxx] Vote: Voting for the nextmap finished. The nextmap will be bb_colours
L 03/16/2025 - 20:15:32: -------- Mapchange to bb_colours --------
L 03/16/2025 - 20:15:32: [AMXX] Plugin "anti-channel.amxx" failed to load: Module/Library "orpheu" required for plugin.  Check modules.ini.
L 03/16/2025 - 20:15:32: [AMXX] Plugin "poly_csdm_off.amxx" failed to load: Plugin uses an unknown function (name "csdm_set_active") - check your modules.ini.
L 03/16/2025 - 20:15:33: [basebuilder65.amxx] performance issue. Function native_register_zombie_class executed more than 3.9ms.
L 03/16/2025 - 20:15:33: [basebuilder65.amxx] performance issue. Function native_register_zombie_class executed more than 4.1ms.
L 03/16/2025 - 20:15:33: [basebuilder65.amxx] performance issue. Function native_register_zombie_class executed more than 3.3ms.
L 03/16/2025 - 20:15:33: [basebuilder65.amxx] performance issue. Function native_register_zombie_class executed more than 4.9ms.
L 03/16/2025 - 20:15:33: [bb_classes65.amxx] performance issue. Function plugin_precache executed more than 16.2ms.
L 03/16/2025 - 20:15:34: [polymorph.amxx] performance issue. Function plugin_cfg executed more than 1105.8ms.
L 03/16/2025 - 20:38:34: [polymorph.amxx] Vote: Voting for the next mod started
L 03/16/2025 - 20:38:58: [polymorph.amxx] Vote: Voting for the next mod finished. The nextmod will be Banderas
L 03/16/2025 - 20:39:14: [polymorph.amxx] Vote: Voting for the nextmap started
L 03/16/2025 - 20:39:38: [polymorph.amxx] Vote: Voting for the nextmap finished. The nextmap will be de_dust2
L 03/16/2025 - 20:40:42: -------- Mapchange to de_dust2 --------
L 03/16/2025 - 20:40:42: [AMXX] Plugin "poly_csdm_off.amxx" failed to load: Plugin uses an unknown function (name "csdm_set_active") - check your modules.ini.
L 03/16/2025 - 20:40:44: [polymorph.amxx] performance issue. Function plugin_cfg executed more than 1145.9ms.
L 03/16/2025 - 20:58:44: [polymorph.amxx] Vote: Voting for the nextmap started
L 03/16/2025 - 20:59:08: [polymorph.amxx] Vote: Voting for the nextmap finished. The nextmap will be surf_iceday_remake
L 03/16/2025 - 21:00:52: -------- Mapchange to surf_iceday_remake --------
L 03/16/2025 - 21:00:52: [AMXX] Plugin "poly_csdm_off.amxx" failed to load: Plugin uses an unknown function (name "csdm_set_active") - check your modules.ini.
L 03/16/2025 - 21:00:54: [polymorph.amxx] performance issue. Function plugin_cfg executed more than 1101.8ms.
L 03/16/2025 - 21:18:54: [polymorph.amxx] Vote: Voting for the next mod started
L 03/16/2025 - 21:19:18: [polymorph.amxx] Vote: Voting for the next mod finished. The nextmod will be Banderas
L 03/16/2025 - 21:19:34: [polymorph.amxx] Vote: Voting for the nextmap started
L 03/16/2025 - 21:19:58: [polymorph.amxx] Vote: Voting for the nextmap finished. The nextmap will be de_dust2
L 03/16/2025 - 21:21:02: -------- Mapchange to de_dust2 --------
L 03/16/2025 - 21:21:02: [AMXX] Plugin "poly_csdm_off.amxx" failed to load: Plugin uses an unknown function (name "csdm_set_active") - check your modules.ini.
L 03/16/2025 - 21:21:03: [polymorph.amxx] performance issue. Function plugin_cfg executed more than 1103.1ms.
L 03/16/2025 - 21:39:04: [polymorph.amxx] Vote: Voting for the nextmap started
L 03/16/2025 - 21:39:28: [polymorph.amxx] Vote: Voting for the nextmap finished. The nextmap will be surf_iceday_remake
L 03/16/2025 - 21:41:12: -------- Mapchange to surf_iceday_remake --------
L 03/16/2025 - 21:41:12: [AMXX] Plugin "poly_csdm_off.amxx" failed to load: Plugin uses an unknown function (name "csdm_set_active") - check your modules.ini.
L 03/16/2025 - 21:41:13: [polymorph.amxx] performance issue. Function plugin_cfg executed more than 1102.2ms.
L 03/16/2025 - 21:59:14: [polymorph.amxx] Vote: Voting for the next mod started
L 03/16/2025 - 21:59:38: [polymorph.amxx] Vote: Voting for the next mod finished. The nextmod will be HideN-Seek
L 03/16/2025 - 21:59:54: [polymorph.amxx] Vote: Voting for the nextmap started
L 03/16/2025 - 22:00:18: [polymorph.amxx] Vote: Voting for the nextmap finished. The nextmap will be cs_estate
L 03/16/2025 - 22:01:22: -------- Mapchange to cs_estate --------
L 03/16/2025 - 22:01:22: [AMXX] Plugin "poly_csdm_off.amxx" failed to load: Plugin uses an unknown function (name "csdm_set_active") - check your modules.ini.
L 03/16/2025 - 22:01:23: [polymorph.amxx] performance issue. Function plugin_cfg executed more than 1107.9ms.
L 03/16/2025 - 22:01:23: [uq_jumpstats.amxx] Can't find uq_jumpstats_tops.amxx
L 03/16/2025 - 22:16:23: [polymorph.amxx] Vote: Voting for the nextmap started
L 03/16/2025 - 22:16:47: [polymorph.amxx] Vote: Voting for the nextmap finished. The nextmap will be de_dust
L 03/16/2025 - 22:18:31: -------- Mapchange to de_dust --------
L 03/16/2025 - 22:18:31: [AMXX] Plugin "poly_csdm_off.amxx" failed to load: Plugin uses an unknown function (name "csdm_set_active") - check your modules.ini.
L 03/16/2025 - 22:18:33: [polymorph.amxx] performance issue. Function plugin_cfg executed more than 1110.6ms.
L 03/16/2025 - 22:18:33: [uq_jumpstats.amxx] Can't find uq_jumpstats_tops.amxx
L 03/16/2025 - 22:33:34: [polymorph.amxx] Vote: Voting for the next mod started
L 03/16/2025 - 22:33:58: [polymorph.amxx] Vote: Voting for the next mod finished. The nextmod will be Rubaka
L 03/16/2025 - 22:34:14: [polymorph.amxx] Vote: Voting for the nextmap started
L 03/16/2025 - 22:34:38: [polymorph.amxx] Vote: Voting for the nextmap finished. The nextmap will be rubaka_2forts
L 03/16/2025 - 22:35:42: -------- Mapchange to rubaka_2forts --------
L 03/16/2025 - 22:35:42: [AMXX] Plugin "poly_csdm_off.amxx" failed to load: Plugin uses an unknown function (name "csdm_set_active") - check your modules.ini.
L 03/16/2025 - 22:35:43: [polymorph.amxx] performance issue. Function plugin_cfg executed more than 1099.2ms.
L 03/16/2025 - 22:56:43: [polymorph.amxx] Vote: Voting for the nextmap started
L 03/16/2025 - 22:57:07: [polymorph.amxx] Vote: Voting for the nextmap finished. The nextmap will be rubaka_arena
L 03/16/2025 - 22:57:25: -------- Mapchange to rubaka_arena --------
L 03/16/2025 - 22:57:25: [AMXX] Plugin "poly_csdm_off.amxx" failed to load: Plugin uses an unknown function (name "csdm_set_active") - check your modules.ini.
L 03/16/2025 - 22:57:26: [polymorph.amxx] performance issue. Function plugin_cfg executed more than 1099.6ms.
L 03/16/2025 - 23:18:26: [polymorph.amxx] Vote: Voting for the next mod started
L 03/16/2025 - 23:18:50: [polymorph.amxx] Vote: Voting for the next mod finished. The nextmod will be Slender
L 03/16/2025 - 23:19:06: [polymorph.amxx] Vote: Voting for the nextmap started
L 03/16/2025 - 23:19:07: -------- Mapchange to de_dust2 --------
L 03/16/2025 - 23:19:07: [AMXX] Plugin "poly_csdm_off.amxx" failed to load: Plugin uses an unknown function (name "csdm_set_active") - check your modules.ini.
L 03/16/2025 - 23:19:11: [polymorph.amxx] performance issue. Function plugin_cfg executed more than 3925.2ms.
L 03/16/2025 - 23:40:13: [polymorph.amxx] Vote: Voting for the nextmap started
L 03/16/2025 - 23:40:37: [polymorph.amxx] Vote: Voting for the nextmap finished. The nextmap will be de_aztec
L 03/16/2025 - 23:42:21: -------- Mapchange to de_aztec --------
L 03/16/2025 - 23:42:21: [AMXX] Plugin "poly_csdm_off.amxx" failed to load: Plugin uses an unknown function (name "csdm_set_active") - check your modules.ini.
L 03/16/2025 - 23:42:23: [polymorph.amxx] performance issue. Function plugin_cfg executed more than 1100.3ms.
