L 03/15/2025 - 00:01:35: [polymorph.amxx] Vote: Voting for the next mod started
L 03/15/2025 - 00:01:59: [polymorph.amxx] Vote: Voting for the next mod finished. The nextmod will be Rubaka
L 03/15/2025 - 00:02:15: [polymorph.amxx] Vote: Voting for the nextmap started
L 03/15/2025 - 00:02:39: [polymorph.amxx] Vote: Voting for the nextmap finished. The nextmap will be rubaka_2forts
L 03/15/2025 - 00:03:43: -------- Mapchange to rubaka_2forts --------
L 03/15/2025 - 00:03:43: [AMXX] Plugin "poly_csdm_off.amxx" failed to load: Plugin uses an unknown function (name "csdm_set_active") - check your modules.ini.
L 03/15/2025 - 00:03:44: [polymorph.amxx] performance issue. Function plugin_cfg executed more than 1107.7ms.
L 03/15/2025 - 00:24:44: [polymorph.amxx] Vote: Voting for the nextmap started
L 03/15/2025 - 00:25:08: [polymorph.amxx] Vote: Voting for the nextmap finished. The nextmap will be rubaka_orange_x
L 03/15/2025 - 00:25:25: -------- Mapchange to rubaka_orange_x --------
L 03/15/2025 - 00:25:25: [AMXX] Plugin "poly_csdm_off.amxx" failed to load: Plugin uses an unknown function (name "csdm_set_active") - check your modules.ini.
L 03/15/2025 - 00:25:27: [polymorph.amxx] performance issue. Function plugin_cfg executed more than 1092.5ms.
L 03/15/2025 - 00:46:27: [polymorph.amxx] Vote: Voting for the next mod started
L 03/15/2025 - 00:46:51: [polymorph.amxx] Vote: Voting for the next mod finished. The nextmod will be Bomberman
L 03/15/2025 - 00:47:07: [polymorph.amxx] Vote: Voting for the nextmap started
L 03/15/2025 - 00:47:08: -------- Mapchange to bomberman_final --------
L 03/15/2025 - 00:47:08: [AMXX] Plugin "poly_csdm_off.amxx" failed to load: Plugin uses an unknown function (name "csdm_set_active") - check your modules.ini.
L 03/15/2025 - 00:47:09: [polymorph.amxx] performance issue. Function plugin_cfg executed more than 1105.7ms.
L 03/15/2025 - 01:01:10: [polymorph.amxx] Vote: Voting for the next mod started
L 03/15/2025 - 01:01:34: [polymorph.amxx] Vote: Voting for the next mod finished. The nextmod will be Zombie-Plague
L 03/15/2025 - 01:01:50: [polymorph.amxx] Vote: Voting for the nextmap started
L 03/15/2025 - 01:02:14: [polymorph.amxx] Vote: Voting for the nextmap finished. The nextmap will be zm_ice_attack
L 03/15/2025 - 01:03:17: -------- Mapchange to zm_ice_attack --------
L 03/15/2025 - 01:03:18: [AMXX] Plugin "poly_csdm_off.amxx" failed to load: Plugin uses an unknown function (name "csdm_set_active") - check your modules.ini.
L 03/15/2025 - 01:03:18: [zombie_plague43.amxx] performance issue. Function plugin_precache executed more than 53.6ms.
L 03/15/2025 - 01:03:18: [zombie_plague43.amxx] performance issue. Function native_register_zombie_class executed more than 3.3ms.
L 03/15/2025 - 01:03:18: [zombie_plague43.amxx] performance issue. Function native_register_zombie_class executed more than 5.7ms.
L 03/15/2025 - 01:03:18: [zombie_plague43.amxx] performance issue. Function native_register_zombie_class executed more than 4.6ms.
L 03/15/2025 - 01:03:18: [zombie_plague43.amxx] performance issue. Function native_register_zombie_class executed more than 3.1ms.
L 03/15/2025 - 01:03:18: [zombie_plague43.amxx] performance issue. Function native_register_zombie_class executed more than 3.2ms.
L 03/15/2025 - 01:03:18: [zombie_plague43.amxx] performance issue. Function native_register_zombie_class executed more than 5.7ms.
L 03/15/2025 - 01:03:18: [zombie_plague43.amxx] performance issue. Function native_register_zombie_class executed more than 2.0ms.
L 03/15/2025 - 01:03:18: [zombie_plague43.amxx] performance issue. Function native_register_zombie_class executed more than 5.2ms.
L 03/15/2025 - 01:03:18: [zombie_plague43.amxx] performance issue. Function plugin_init executed more than 11.5ms.
L 03/15/2025 - 01:03:19: [polymorph.amxx] performance issue. Function plugin_cfg executed more than 1096.7ms.
L 03/15/2025 - 01:22:20: [polymorph.amxx] Vote: Voting for the nextmap started
L 03/15/2025 - 01:22:44: [polymorph.amxx] Vote: Voting for the nextmap finished. The nextmap will be zm_toronto
L 03/15/2025 - 01:24:28: -------- Mapchange to zm_toronto --------
L 03/15/2025 - 01:24:28: [AMXX] Plugin "poly_csdm_off.amxx" failed to load: Plugin uses an unknown function (name "csdm_set_active") - check your modules.ini.
L 03/15/2025 - 01:24:28: [zombie_plague43.amxx] performance issue. Function plugin_precache executed more than 52.6ms.
L 03/15/2025 - 01:24:28: [zombie_plague43.amxx] performance issue. Function native_register_zombie_class executed more than 3.2ms.
L 03/15/2025 - 01:24:28: [zombie_plague43.amxx] performance issue. Function native_register_zombie_class executed more than 5.6ms.
L 03/15/2025 - 01:24:28: [zombie_plague43.amxx] performance issue. Function native_register_zombie_class executed more than 4.3ms.
L 03/15/2025 - 01:24:28: [zombie_plague43.amxx] performance issue. Function native_register_zombie_class executed more than 3.1ms.
L 03/15/2025 - 01:24:28: [zombie_plague43.amxx] performance issue. Function native_register_zombie_class executed more than 3.2ms.
L 03/15/2025 - 01:24:28: [zombie_plague43.amxx] performance issue. Function native_register_zombie_class executed more than 5.9ms.
L 03/15/2025 - 01:24:28: [zombie_plague43.amxx] performance issue. Function native_register_zombie_class executed more than 1.9ms.
L 03/15/2025 - 01:24:28: [zombie_plague43.amxx] performance issue. Function native_register_zombie_class executed more than 5.0ms.
L 03/15/2025 - 01:24:28: [zombie_plague43.amxx] performance issue. Function plugin_init executed more than 3.2ms.
L 03/15/2025 - 01:24:29: [polymorph.amxx] performance issue. Function plugin_cfg executed more than 1103.7ms.
L 03/15/2025 - 01:43:30: [polymorph.amxx] Vote: Voting for the nextmap started
L 03/15/2025 - 01:43:54: [polymorph.amxx] Vote: Voting for the nextmap finished. The nextmap will be zm_ice_attack
L 03/15/2025 - 01:45:38: -------- Mapchange to zm_ice_attack --------
L 03/15/2025 - 01:45:38: [AMXX] Plugin "poly_csdm_off.amxx" failed to load: Plugin uses an unknown function (name "csdm_set_active") - check your modules.ini.
L 03/15/2025 - 01:45:38: [zombie_plague43.amxx] performance issue. Function plugin_precache executed more than 54.7ms.
L 03/15/2025 - 01:45:38: [zombie_plague43.amxx] performance issue. Function native_register_zombie_class executed more than 3.4ms.
L 03/15/2025 - 01:45:38: [zombie_plague43.amxx] performance issue. Function native_register_zombie_class executed more than 5.8ms.
L 03/15/2025 - 01:45:38: [zombie_plague43.amxx] performance issue. Function native_register_zombie_class executed more than 4.6ms.
L 03/15/2025 - 01:45:38: [zombie_plague43.amxx] performance issue. Function native_register_zombie_class executed more than 3.2ms.
L 03/15/2025 - 01:45:38: [zombie_plague43.amxx] performance issue. Function native_register_zombie_class executed more than 3.3ms.
L 03/15/2025 - 01:45:38: [zombie_plague43.amxx] performance issue. Function native_register_zombie_class executed more than 5.8ms.
L 03/15/2025 - 01:45:38: [zombie_plague43.amxx] performance issue. Function native_register_zombie_class executed more than 2.0ms.
L 03/15/2025 - 01:45:38: [zombie_plague43.amxx] performance issue. Function native_register_zombie_class executed more than 5.1ms.
L 03/15/2025 - 01:45:38: [zombie_plague43.amxx] performance issue. Function plugin_init executed more than 3.3ms.
L 03/15/2025 - 01:45:39: [polymorph.amxx] performance issue. Function plugin_cfg executed more than 1142.6ms.
L 03/15/2025 - 02:04:40: [polymorph.amxx] Vote: Voting for the next mod started
L 03/15/2025 - 02:05:04: [polymorph.amxx] Vote: Voting for the next mod finished. The nextmod will be Zombie-Plague
L 03/15/2025 - 02:05:20: [polymorph.amxx] Vote: Voting for the nextmap started
L 03/15/2025 - 02:05:44: [polymorph.amxx] Vote: Voting for the nextmap finished. The nextmap will be zm_toronto
L 03/15/2025 - 02:06:48: -------- Mapchange to zm_toronto --------
L 03/15/2025 - 02:06:48: [AMXX] Plugin "poly_csdm_off.amxx" failed to load: Plugin uses an unknown function (name "csdm_set_active") - check your modules.ini.
L 03/15/2025 - 02:06:48: [zombie_plague43.amxx] performance issue. Function plugin_precache executed more than 52.5ms.
L 03/15/2025 - 02:06:48: [zombie_plague43.amxx] performance issue. Function native_register_zombie_class executed more than 3.3ms.
L 03/15/2025 - 02:06:48: [zombie_plague43.amxx] performance issue. Function native_register_zombie_class executed more than 5.6ms.
L 03/15/2025 - 02:06:48: [zombie_plague43.amxx] performance issue. Function native_register_zombie_class executed more than 4.5ms.
L 03/15/2025 - 02:06:48: [zombie_plague43.amxx] performance issue. Function native_register_zombie_class executed more than 3.2ms.
L 03/15/2025 - 02:06:48: [zombie_plague43.amxx] performance issue. Function native_register_zombie_class executed more than 3.3ms.
L 03/15/2025 - 02:06:48: [zombie_plague43.amxx] performance issue. Function native_register_zombie_class executed more than 5.7ms.
L 03/15/2025 - 02:06:48: [zombie_plague43.amxx] performance issue. Function native_register_zombie_class executed more than 1.9ms.
L 03/15/2025 - 02:06:48: [zombie_plague43.amxx] performance issue. Function native_register_zombie_class executed more than 4.9ms.
L 03/15/2025 - 02:06:48: [zombie_plague43.amxx] performance issue. Function plugin_init executed more than 3.4ms.
L 03/15/2025 - 02:06:49: [polymorph.amxx] performance issue. Function plugin_cfg executed more than 1103.5ms.
L 03/15/2025 - 02:25:50: [polymorph.amxx] Vote: Voting for the nextmap started
L 03/15/2025 - 02:26:14: [polymorph.amxx] Vote: Voting for the nextmap finished. The nextmap will be zm_ice_attack
L 03/15/2025 - 02:27:58: -------- Mapchange to zm_ice_attack --------
L 03/15/2025 - 02:27:58: [AMXX] Plugin "poly_csdm_off.amxx" failed to load: Plugin uses an unknown function (name "csdm_set_active") - check your modules.ini.
L 03/15/2025 - 02:27:58: [zombie_plague43.amxx] performance issue. Function plugin_precache executed more than 53.3ms.
L 03/15/2025 - 02:27:58: [zombie_plague43.amxx] performance issue. Function native_register_zombie_class executed more than 3.3ms.
L 03/15/2025 - 02:27:58: [zombie_plague43.amxx] performance issue. Function native_register_zombie_class executed more than 5.6ms.
L 03/15/2025 - 02:27:58: [zombie_plague43.amxx] performance issue. Function native_register_zombie_class executed more than 4.4ms.
L 03/15/2025 - 02:27:58: [zombie_plague43.amxx] performance issue. Function native_register_zombie_class executed more than 3.1ms.
L 03/15/2025 - 02:27:58: [zombie_plague43.amxx] performance issue. Function native_register_zombie_class executed more than 3.3ms.
L 03/15/2025 - 02:27:58: [zombie_plague43.amxx] performance issue. Function native_register_zombie_class executed more than 5.7ms.
L 03/15/2025 - 02:27:58: [zombie_plague43.amxx] performance issue. Function native_register_zombie_class executed more than 1.9ms.
L 03/15/2025 - 02:27:58: [zombie_plague43.amxx] performance issue. Function native_register_zombie_class executed more than 4.9ms.
L 03/15/2025 - 02:27:58: [zombie_plague43.amxx] performance issue. Function plugin_init executed more than 3.2ms.
L 03/15/2025 - 02:27:59: [polymorph.amxx] performance issue. Function plugin_cfg executed more than 1104.0ms.
L 03/15/2025 - 02:47:00: [polymorph.amxx] Vote: Voting for the nextmap started
L 03/15/2025 - 02:47:24: [polymorph.amxx] Vote: Voting for the nextmap finished. The nextmap will be zm_toronto
L 03/15/2025 - 02:49:08: -------- Mapchange to zm_toronto --------
L 03/15/2025 - 02:49:08: [AMXX] Plugin "poly_csdm_off.amxx" failed to load: Plugin uses an unknown function (name "csdm_set_active") - check your modules.ini.
L 03/15/2025 - 02:49:08: [zombie_plague43.amxx] performance issue. Function plugin_precache executed more than 52.9ms.
L 03/15/2025 - 02:49:08: [zombie_plague43.amxx] performance issue. Function native_register_zombie_class executed more than 3.4ms.
L 03/15/2025 - 02:49:08: [zombie_plague43.amxx] performance issue. Function native_register_zombie_class executed more than 5.8ms.
L 03/15/2025 - 02:49:08: [zombie_plague43.amxx] performance issue. Function native_register_zombie_class executed more than 4.5ms.
L 03/15/2025 - 02:49:08: [zombie_plague43.amxx] performance issue. Function native_register_zombie_class executed more than 3.1ms.
L 03/15/2025 - 02:49:08: [zombie_plague43.amxx] performance issue. Function native_register_zombie_class executed more than 3.2ms.
L 03/15/2025 - 02:49:08: [zombie_plague43.amxx] performance issue. Function native_register_zombie_class executed more than 5.8ms.
L 03/15/2025 - 02:49:08: [zombie_plague43.amxx] performance issue. Function native_register_zombie_class executed more than 1.9ms.
L 03/15/2025 - 02:49:08: [zombie_plague43.amxx] performance issue. Function native_register_zombie_class executed more than 4.9ms.
L 03/15/2025 - 02:49:08: [zombie_plague43.amxx] performance issue. Function plugin_init executed more than 3.2ms.
L 03/15/2025 - 02:49:09: [polymorph.amxx] performance issue. Function plugin_cfg executed more than 1102.7ms.
L 03/15/2025 - 03:08:10: [polymorph.amxx] Vote: Voting for the next mod started
L 03/15/2025 - 03:08:34: [polymorph.amxx] Vote: Voting for the next mod finished. The nextmod will be Slender
L 03/15/2025 - 03:08:50: [polymorph.amxx] Vote: Voting for the nextmap started
L 03/15/2025 - 03:09:14: [polymorph.amxx] Vote: Voting for the nextmap finished. The nextmap will be de_dust2
L 03/15/2025 - 03:10:18: -------- Mapchange to de_dust2 --------
L 03/15/2025 - 03:10:18: [AMXX] Plugin "poly_csdm_off.amxx" failed to load: Plugin uses an unknown function (name "csdm_set_active") - check your modules.ini.
L 03/15/2025 - 03:10:19: [polymorph.amxx] performance issue. Function plugin_cfg executed more than 1096.6ms.
L 03/15/2025 - 03:31:19: [polymorph.amxx] Vote: Voting for the nextmap started
L 03/15/2025 - 03:31:44: [polymorph.amxx] Vote: Voting for the nextmap finished. The nextmap will be de_aztec
L 03/15/2025 - 03:33:28: -------- Mapchange to de_aztec --------
L 03/15/2025 - 03:33:28: [AMXX] Plugin "poly_csdm_off.amxx" failed to load: Plugin uses an unknown function (name "csdm_set_active") - check your modules.ini.
L 03/15/2025 - 03:33:29: [polymorph.amxx] performance issue. Function plugin_cfg executed more than 1111.9ms.
L 03/15/2025 - 03:54:29: [polymorph.amxx] Vote: Voting for the next mod started
L 03/15/2025 - 03:54:53: [polymorph.amxx] Vote: Voting for the next mod finished. The nextmod will be Rubaka
L 03/15/2025 - 03:55:09: [polymorph.amxx] Vote: Voting for the nextmap started
L 03/15/2025 - 03:55:33: [polymorph.amxx] Vote: Voting for the nextmap finished. The nextmap will be rubaka_2forts
L 03/15/2025 - 03:56:37: -------- Mapchange to rubaka_2forts --------
L 03/15/2025 - 03:56:37: [AMXX] Plugin "poly_csdm_off.amxx" failed to load: Plugin uses an unknown function (name "csdm_set_active") - check your modules.ini.
L 03/15/2025 - 03:56:39: [polymorph.amxx] performance issue. Function plugin_cfg executed more than 1096.5ms.
L 03/15/2025 - 04:17:39: [polymorph.amxx] Vote: Voting for the nextmap started
L 03/15/2025 - 04:18:03: [polymorph.amxx] Vote: Voting for the nextmap finished. The nextmap will be rubaka_orange_x
L 03/15/2025 - 04:18:20: -------- Mapchange to rubaka_orange_x --------
L 03/15/2025 - 04:18:20: [AMXX] Plugin "poly_csdm_off.amxx" failed to load: Plugin uses an unknown function (name "csdm_set_active") - check your modules.ini.
L 03/15/2025 - 04:18:21: [polymorph.amxx] performance issue. Function plugin_cfg executed more than 1092.2ms.
L 03/15/2025 - 04:39:22: [polymorph.amxx] Vote: Voting for the next mod started
L 03/15/2025 - 04:39:46: [polymorph.amxx] Vote: Voting for the next mod finished. The nextmod will be Vip
L 03/15/2025 - 04:40:02: [polymorph.amxx] Vote: Voting for the nextmap started
L 03/15/2025 - 04:40:03: -------- Mapchange to as_oilrig --------
L 03/15/2025 - 04:40:03: [AMXX] Plugin "poly_csdm_off.amxx" failed to load: Plugin uses an unknown function (name "csdm_set_active") - check your modules.ini.
L 03/15/2025 - 04:40:04: [polymorph.amxx] performance issue. Function plugin_cfg executed more than 1108.3ms.
L 03/15/2025 - 05:03:05: [polymorph.amxx] Vote: Voting for the nextmap started
L 03/15/2025 - 05:03:29: [polymorph.amxx] Vote: Voting for the nextmap finished. The nextmap will be as_crazytank3
L 03/15/2025 - 05:05:13: -------- Mapchange to as_crazytank3 --------
L 03/15/2025 - 05:05:13: [AMXX] Plugin "poly_csdm_off.amxx" failed to load: Plugin uses an unknown function (name "csdm_set_active") - check your modules.ini.
L 03/15/2025 - 05:05:14: [polymorph.amxx] performance issue. Function plugin_cfg executed more than 1103.1ms.
L 03/15/2025 - 05:28:14: [polymorph.amxx] Vote: Voting for the nextmap started
L 03/15/2025 - 05:28:38: [polymorph.amxx] Vote: Voting for the nextmap finished. The nextmap will be as_oilrig
L 03/15/2025 - 05:30:22: -------- Mapchange to as_oilrig --------
L 03/15/2025 - 05:30:22: [AMXX] Plugin "poly_csdm_off.amxx" failed to load: Plugin uses an unknown function (name "csdm_set_active") - check your modules.ini.
L 03/15/2025 - 05:30:24: [polymorph.amxx] performance issue. Function plugin_cfg executed more than 1097.7ms.
L 03/15/2025 - 05:53:24: [polymorph.amxx] Vote: Voting for the next mod started
L 03/15/2025 - 05:53:48: [polymorph.amxx] Vote: Voting for the next mod finished. The nextmod will be CScout
L 03/15/2025 - 05:54:04: [polymorph.amxx] Vote: Voting for the nextmap started
L 03/15/2025 - 05:54:28: [polymorph.amxx] Vote: Voting for the nextmap finished. The nextmap will be de_dust2
L 03/15/2025 - 05:55:32: -------- Mapchange to de_dust2 --------
L 03/15/2025 - 05:55:32: [AMXX] Plugin "poly_csdm_off.amxx" failed to load: Plugin uses an unknown function (name "csdm_set_active") - check your modules.ini.
L 03/15/2025 - 05:55:33: [polymorph.amxx] performance issue. Function plugin_cfg executed more than 1139.4ms.
L 03/15/2025 - 06:13:34: [polymorph.amxx] Vote: Voting for the nextmap started
L 03/15/2025 - 06:13:58: [polymorph.amxx] Vote: Voting for the nextmap finished. The nextmap will be de_inferno
L 03/15/2025 - 06:15:42: -------- Mapchange to de_inferno --------
L 03/15/2025 - 06:15:42: [AMXX] Plugin "poly_csdm_off.amxx" failed to load: Plugin uses an unknown function (name "csdm_set_active") - check your modules.ini.
L 03/15/2025 - 06:15:43: [polymorph.amxx] performance issue. Function plugin_cfg executed more than 1090.3ms.
L 03/15/2025 - 06:33:43: [polymorph.amxx] Vote: Voting for the nextmap started
L 03/15/2025 - 06:34:07: [polymorph.amxx] Vote: Voting for the nextmap finished. The nextmap will be de_dust2
L 03/15/2025 - 06:35:52: -------- Mapchange to de_dust2 --------
L 03/15/2025 - 06:35:52: [AMXX] Plugin "poly_csdm_off.amxx" failed to load: Plugin uses an unknown function (name "csdm_set_active") - check your modules.ini.
L 03/15/2025 - 06:35:53: [polymorph.amxx] performance issue. Function plugin_cfg executed more than 1103.7ms.
L 03/15/2025 - 06:53:53: [polymorph.amxx] Vote: Voting for the next mod started
L 03/15/2025 - 06:54:17: [polymorph.amxx] Vote: Voting for the next mod finished. The nextmod will be Vip
L 03/15/2025 - 06:54:33: [polymorph.amxx] Vote: Voting for the nextmap started
L 03/15/2025 - 06:54:57: [polymorph.amxx] Vote: Voting for the nextmap finished. The nextmap will be as_oilrig
L 03/15/2025 - 06:56:01: -------- Mapchange to as_oilrig --------
L 03/15/2025 - 06:56:01: [AMXX] Plugin "poly_csdm_off.amxx" failed to load: Plugin uses an unknown function (name "csdm_set_active") - check your modules.ini.
L 03/15/2025 - 06:56:03: [polymorph.amxx] performance issue. Function plugin_cfg executed more than 1108.9ms.
L 03/15/2025 - 07:19:03: [polymorph.amxx] Vote: Voting for the nextmap started
L 03/15/2025 - 07:19:27: [polymorph.amxx] Vote: Voting for the nextmap finished. The nextmap will be as_crazytank3
L 03/15/2025 - 07:21:11: -------- Mapchange to as_crazytank3 --------
L 03/15/2025 - 07:21:11: [AMXX] Plugin "poly_csdm_off.amxx" failed to load: Plugin uses an unknown function (name "csdm_set_active") - check your modules.ini.
L 03/15/2025 - 07:21:12: [polymorph.amxx] performance issue. Function plugin_cfg executed more than 1102.0ms.
L 03/15/2025 - 07:44:13: [polymorph.amxx] Vote: Voting for the nextmap started
L 03/15/2025 - 07:44:37: [polymorph.amxx] Vote: Voting for the nextmap finished. The nextmap will be as_oilrig
L 03/15/2025 - 07:46:21: -------- Mapchange to as_oilrig --------
L 03/15/2025 - 07:46:21: [AMXX] Plugin "poly_csdm_off.amxx" failed to load: Plugin uses an unknown function (name "csdm_set_active") - check your modules.ini.
L 03/15/2025 - 07:46:22: [polymorph.amxx] performance issue. Function plugin_cfg executed more than 1104.6ms.
L 03/15/2025 - 08:09:23: [polymorph.amxx] Vote: Voting for the next mod started
L 03/15/2025 - 08:09:47: [polymorph.amxx] Vote: Voting for the next mod finished. The nextmod will be Kreedz-Kz
L 03/15/2025 - 08:10:03: [polymorph.amxx] Vote: Voting for the nextmap started
L 03/15/2025 - 08:10:27: [polymorph.amxx] Vote: Voting for the nextmap finished. The nextmap will be kz_arsacid
L 03/15/2025 - 08:11:31: -------- Mapchange to kz_arsacid --------
L 03/15/2025 - 08:11:31: [AMXX] Plugin "poly_csdm_off.amxx" failed to load: Plugin uses an unknown function (name "csdm_set_active") - check your modules.ini.
L 03/15/2025 - 08:11:31: [kz_jumpplugin.amxx] performance issue. Function plugin_precache executed more than 4.9ms.
L 03/15/2025 - 08:11:31: New section, unterminated block (file "cstrike/addons/amxmodx/data/lang/kz_jumpplugin.txt" key "// Languages in this ML File:" lang "")
L 03/15/2025 - 08:11:31: [kz_jumpplugin.amxx] performance issue. Function plugin_init executed more than 2.6ms.
L 03/15/2025 - 08:11:32: [polymorph.amxx] performance issue. Function plugin_cfg executed more than 1109.0ms.
L 03/15/2025 - 08:11:32: [kz_jumpplugin.amxx] performance issue. Function plugin_cfg executed more than 5.5ms.
L 03/15/2025 - 08:11:32: [uq_jumpstats.amxx] Can't find uq_jumpstats_tops.amxx
L 03/15/2025 - 08:11:35: [admincmd.amxx] Cmd: "PerGAmes MultiModos - Vip by GA<0><><>" set cvar (name "kz_uq_airaccelerate") (value "100")
L 03/15/2025 - 08:11:36: [kz_jumpplugin.amxx] performance issue. Function createbot executed more than 6.7ms.
L 03/15/2025 - 08:29:32: [polymorph.amxx] Vote: Voting for the nextmap started
L 03/15/2025 - 08:29:56: [polymorph.amxx] Vote: Voting for the nextmap finished. The nextmap will be kz_xj_brickjump
L 03/15/2025 - 08:31:40: -------- Mapchange to kz_xj_brickjump --------
L 03/15/2025 - 08:31:40: [AMXX] Plugin "poly_csdm_off.amxx" failed to load: Plugin uses an unknown function (name "csdm_set_active") - check your modules.ini.
L 03/15/2025 - 08:31:41: [kz_jumpplugin.amxx] performance issue. Function plugin_precache executed more than 4.9ms.
L 03/15/2025 - 08:31:41: New section, unterminated block (file "cstrike/addons/amxmodx/data/lang/kz_jumpplugin.txt" key "// Languages in this ML File:" lang "")
L 03/15/2025 - 08:31:42: [polymorph.amxx] performance issue. Function plugin_cfg executed more than 1098.1ms.
L 03/15/2025 - 08:31:42: [kz_jumpplugin.amxx] performance issue. Function plugin_cfg executed more than 5.3ms.
L 03/15/2025 - 08:31:42: [uq_jumpstats.amxx] Can't find uq_jumpstats_tops.amxx
L 03/15/2025 - 08:31:45: [admincmd.amxx] Cmd: "PerGAmes MultiModos - Kreedz by<0><><>" set cvar (name "kz_uq_airaccelerate") (value "100")
L 03/15/2025 - 08:31:46: [kz_jumpplugin.amxx] performance issue. Function createbot executed more than 6.8ms.
L 03/15/2025 - 08:49:42: [polymorph.amxx] Vote: Voting for the nextmap started
L 03/15/2025 - 08:50:06: [polymorph.amxx] Vote: Voting for the nextmap finished. The nextmap will be kz_arsacid
L 03/15/2025 - 08:51:50: -------- Mapchange to kz_arsacid --------
L 03/15/2025 - 08:51:50: [AMXX] Plugin "poly_csdm_off.amxx" failed to load: Plugin uses an unknown function (name "csdm_set_active") - check your modules.ini.
L 03/15/2025 - 08:51:50: [kz_jumpplugin.amxx] performance issue. Function plugin_precache executed more than 4.8ms.
L 03/15/2025 - 08:51:51: New section, unterminated block (file "cstrike/addons/amxmodx/data/lang/kz_jumpplugin.txt" key "// Languages in this ML File:" lang "")
L 03/15/2025 - 08:51:52: [polymorph.amxx] performance issue. Function plugin_cfg executed more than 1107.9ms.
L 03/15/2025 - 08:51:52: [kz_jumpplugin.amxx] performance issue. Function plugin_cfg executed more than 5.4ms.
L 03/15/2025 - 08:51:52: [uq_jumpstats.amxx] Can't find uq_jumpstats_tops.amxx
L 03/15/2025 - 08:51:55: [admincmd.amxx] Cmd: "PerGAmes MultiModos - Kreedz by<0><><>" set cvar (name "kz_uq_airaccelerate") (value "100")
L 03/15/2025 - 08:51:56: [kz_jumpplugin.amxx] performance issue. Function createbot executed more than 1.4ms.
L 03/15/2025 - 09:09:52: [polymorph.amxx] Vote: Voting for the next mod started
L 03/15/2025 - 09:10:16: [polymorph.amxx] Vote: Voting for the next mod finished. The nextmod will be Vip
L 03/15/2025 - 09:10:32: [polymorph.amxx] Vote: Voting for the nextmap started
L 03/15/2025 - 09:10:56: [polymorph.amxx] Vote: Voting for the nextmap finished. The nextmap will be !vip_truck
L 03/15/2025 - 09:12:00: -------- Mapchange to !vip_truck --------
L 03/15/2025 - 09:12:00: [AMXX] Plugin "poly_csdm_off.amxx" failed to load: Plugin uses an unknown function (name "csdm_set_active") - check your modules.ini.
L 03/15/2025 - 09:12:02: [polymorph.amxx] performance issue. Function plugin_cfg executed more than 1112.7ms.
L 03/15/2025 - 09:35:02: [polymorph.amxx] Vote: Voting for the nextmap started
L 03/15/2025 - 09:35:26: [polymorph.amxx] Vote: Voting for the nextmap finished. The nextmap will be as_oilrig
L 03/15/2025 - 09:37:10: -------- Mapchange to as_oilrig --------
L 03/15/2025 - 09:37:10: [AMXX] Plugin "poly_csdm_off.amxx" failed to load: Plugin uses an unknown function (name "csdm_set_active") - check your modules.ini.
L 03/15/2025 - 09:37:12: [polymorph.amxx] performance issue. Function plugin_cfg executed more than 1112.0ms.
L 03/15/2025 - 10:00:12: [polymorph.amxx] Vote: Voting for the nextmap started
L 03/15/2025 - 10:00:36: [polymorph.amxx] Vote: Voting for the nextmap finished. The nextmap will be as_crazytank3
L 03/15/2025 - 10:02:20: -------- Mapchange to as_crazytank3 --------
L 03/15/2025 - 10:02:20: [AMXX] Plugin "poly_csdm_off.amxx" failed to load: Plugin uses an unknown function (name "csdm_set_active") - check your modules.ini.
L 03/15/2025 - 10:02:21: [polymorph.amxx] performance issue. Function plugin_cfg executed more than 1102.5ms.
L 03/15/2025 - 10:25:22: [polymorph.amxx] Vote: Voting for the next mod started
L 03/15/2025 - 10:25:46: [polymorph.amxx] Vote: Voting for the next mod finished. The nextmod will be Banderas
L 03/15/2025 - 10:26:02: [polymorph.amxx] Vote: Voting for the nextmap started
L 03/15/2025 - 10:26:26: [polymorph.amxx] Vote: Voting for the nextmap finished. The nextmap will be de_dust2
L 03/15/2025 - 10:27:30: -------- Mapchange to de_dust2 --------
L 03/15/2025 - 10:27:30: [AMXX] Plugin "poly_csdm_off.amxx" failed to load: Plugin uses an unknown function (name "csdm_set_active") - check your modules.ini.
L 03/15/2025 - 10:27:31: [polymorph.amxx] performance issue. Function plugin_cfg executed more than 1104.4ms.
L 03/15/2025 - 10:45:31: [polymorph.amxx] Vote: Voting for the nextmap started
L 03/15/2025 - 10:45:55: [polymorph.amxx] Vote: Voting for the nextmap finished. The nextmap will be surf_iceday_remake
L 03/15/2025 - 10:47:40: -------- Mapchange to surf_iceday_remake --------
L 03/15/2025 - 10:47:40: [AMXX] Plugin "poly_csdm_off.amxx" failed to load: Plugin uses an unknown function (name "csdm_set_active") - check your modules.ini.
L 03/15/2025 - 10:47:41: [polymorph.amxx] performance issue. Function plugin_cfg executed more than 1113.3ms.
L 03/15/2025 - 11:05:41: [polymorph.amxx] Vote: Voting for the next mod started
L 03/15/2025 - 11:06:05: [polymorph.amxx] Vote: Voting for the next mod finished. The nextmod will be HideN-Seek
L 03/15/2025 - 11:06:21: [polymorph.amxx] Vote: Voting for the nextmap started
L 03/15/2025 - 11:06:45: [polymorph.amxx] Vote: Voting for the nextmap finished. The nextmap will be cs_estate
L 03/15/2025 - 11:07:49: -------- Mapchange to cs_estate --------
L 03/15/2025 - 11:07:49: [AMXX] Plugin "poly_csdm_off.amxx" failed to load: Plugin uses an unknown function (name "csdm_set_active") - check your modules.ini.
L 03/15/2025 - 11:07:51: [polymorph.amxx] performance issue. Function plugin_cfg executed more than 1109.0ms.
L 03/15/2025 - 11:07:51: [uq_jumpstats.amxx] Can't find uq_jumpstats_tops.amxx
L 03/15/2025 - 11:22:51: [polymorph.amxx] Vote: Voting for the nextmap started
L 03/15/2025 - 11:23:15: [polymorph.amxx] Vote: Voting for the nextmap finished. The nextmap will be de_dust
L 03/15/2025 - 11:24:59: -------- Mapchange to de_dust --------
L 03/15/2025 - 11:24:59: [AMXX] Plugin "poly_csdm_off.amxx" failed to load: Plugin uses an unknown function (name "csdm_set_active") - check your modules.ini.
L 03/15/2025 - 11:25:01: [polymorph.amxx] performance issue. Function plugin_cfg executed more than 1107.1ms.
L 03/15/2025 - 11:25:01: [uq_jumpstats.amxx] Can't find uq_jumpstats_tops.amxx
L 03/15/2025 - 11:40:01: [polymorph.amxx] Vote: Voting for the next mod started
L 03/15/2025 - 11:40:25: [polymorph.amxx] Vote: Voting for the next mod finished. The nextmod will be Kreedz-Kz
L 03/15/2025 - 11:40:41: [polymorph.amxx] Vote: Voting for the nextmap started
L 03/15/2025 - 11:41:05: [polymorph.amxx] Vote: Voting for the nextmap finished. The nextmap will be kz_arsacid
L 03/15/2025 - 11:42:09: -------- Mapchange to kz_arsacid --------
L 03/15/2025 - 11:42:09: [AMXX] Plugin "poly_csdm_off.amxx" failed to load: Plugin uses an unknown function (name "csdm_set_active") - check your modules.ini.
L 03/15/2025 - 11:42:09: [kz_jumpplugin.amxx] performance issue. Function plugin_precache executed more than 4.9ms.
L 03/15/2025 - 11:42:09: New section, unterminated block (file "cstrike/addons/amxmodx/data/lang/kz_jumpplugin.txt" key "// Languages in this ML File:" lang "")
L 03/15/2025 - 11:42:11: [polymorph.amxx] performance issue. Function plugin_cfg executed more than 1124.2ms.
L 03/15/2025 - 11:42:11: [kz_jumpplugin.amxx] performance issue. Function plugin_cfg executed more than 5.4ms.
L 03/15/2025 - 11:42:11: [uq_jumpstats.amxx] Can't find uq_jumpstats_tops.amxx
L 03/15/2025 - 11:42:14: [admincmd.amxx] Cmd: "PerGAmes MultiModos - HideN-See<0><><>" set cvar (name "kz_uq_airaccelerate") (value "100")
L 03/15/2025 - 11:42:15: [kz_jumpplugin.amxx] performance issue. Function createbot executed more than 1.8ms.
L 03/15/2025 - 12:00:11: [polymorph.amxx] Vote: Voting for the nextmap started
L 03/15/2025 - 12:00:35: [polymorph.amxx] Vote: Voting for the nextmap finished. The nextmap will be bkz_goldbhop
L 03/15/2025 - 12:02:19: -------- Mapchange to bkz_goldbhop --------
L 03/15/2025 - 12:02:19: [AMXX] Plugin "poly_csdm_off.amxx" failed to load: Plugin uses an unknown function (name "csdm_set_active") - check your modules.ini.
L 03/15/2025 - 12:02:19: [kz_jumpplugin.amxx] performance issue. Function plugin_precache executed more than 4.8ms.
L 03/15/2025 - 12:02:19: New section, unterminated block (file "cstrike/addons/amxmodx/data/lang/kz_jumpplugin.txt" key "// Languages in this ML File:" lang "")
L 03/15/2025 - 12:02:20: [polymorph.amxx] performance issue. Function plugin_cfg executed more than 1106.1ms.
L 03/15/2025 - 12:02:20: [kz_jumpplugin.amxx] performance issue. Function plugin_cfg executed more than 5.4ms.
L 03/15/2025 - 12:02:20: [uq_jumpstats.amxx] Can't find uq_jumpstats_tops.amxx
L 03/15/2025 - 12:02:24: [admincmd.amxx] Cmd: "PerGAmes MultiModos - Kreedz by<0><><>" set cvar (name "kz_uq_airaccelerate") (value "100")
L 03/15/2025 - 12:02:25: [kz_jumpplugin.amxx] performance issue. Function createbot executed more than 5.6ms.
L 03/15/2025 - 12:20:21: [polymorph.amxx] Vote: Voting for the nextmap started
L 03/15/2025 - 12:20:45: [polymorph.amxx] Vote: Voting for the nextmap finished. The nextmap will be kz_xj_brickjump
L 03/15/2025 - 12:22:29: -------- Mapchange to kz_xj_brickjump --------
L 03/15/2025 - 12:22:29: [AMXX] Plugin "poly_csdm_off.amxx" failed to load: Plugin uses an unknown function (name "csdm_set_active") - check your modules.ini.
L 03/15/2025 - 12:22:29: [kz_jumpplugin.amxx] performance issue. Function plugin_precache executed more than 4.9ms.
L 03/15/2025 - 12:22:29: New section, unterminated block (file "cstrike/addons/amxmodx/data/lang/kz_jumpplugin.txt" key "// Languages in this ML File:" lang "")
L 03/15/2025 - 12:22:30: [polymorph.amxx] performance issue. Function plugin_cfg executed more than 1104.3ms.
L 03/15/2025 - 12:22:30: [kz_jumpplugin.amxx] performance issue. Function plugin_cfg executed more than 5.5ms.
L 03/15/2025 - 12:22:30: [uq_jumpstats.amxx] Can't find uq_jumpstats_tops.amxx
L 03/15/2025 - 12:22:34: [admincmd.amxx] Cmd: "PerGAmes MultiModos - Kreedz by<0><><>" set cvar (name "kz_uq_airaccelerate") (value "100")
L 03/15/2025 - 12:22:35: [kz_jumpplugin.amxx] performance issue. Function createbot executed more than 6.4ms.
L 03/15/2025 - 12:40:31: [polymorph.amxx] Vote: Voting for the next mod started
L 03/15/2025 - 12:40:55: [polymorph.amxx] Vote: Voting for the next mod finished. The nextmod will be Vip
L 03/15/2025 - 12:41:11: [polymorph.amxx] Vote: Voting for the nextmap started
L 03/15/2025 - 12:41:35: [polymorph.amxx] Vote: Voting for the nextmap finished. The nextmap will be as_oilrig
L 03/15/2025 - 12:42:39: -------- Mapchange to as_oilrig --------
L 03/15/2025 - 12:42:39: [AMXX] Plugin "poly_csdm_off.amxx" failed to load: Plugin uses an unknown function (name "csdm_set_active") - check your modules.ini.
L 03/15/2025 - 12:42:40: [polymorph.amxx] performance issue. Function plugin_cfg executed more than 1111.2ms.
L 03/15/2025 - 13:05:40: [polymorph.amxx] Vote: Voting for the nextmap started
L 03/15/2025 - 13:06:04: [polymorph.amxx] Vote: Voting for the nextmap finished. The nextmap will be as_crazytank3
L 03/15/2025 - 13:07:48: -------- Mapchange to as_crazytank3 --------
L 03/15/2025 - 13:07:48: [AMXX] Plugin "poly_csdm_off.amxx" failed to load: Plugin uses an unknown function (name "csdm_set_active") - check your modules.ini.
L 03/15/2025 - 13:07:50: [polymorph.amxx] performance issue. Function plugin_cfg executed more than 1125.3ms.
L 03/15/2025 - 13:30:50: [polymorph.amxx] Vote: Voting for the nextmap started
L 03/15/2025 - 13:31:14: [polymorph.amxx] Vote: Voting for the nextmap finished. The nextmap will be as_oilrig
L 03/15/2025 - 13:32:58: -------- Mapchange to as_oilrig --------
L 03/15/2025 - 13:32:58: [AMXX] Plugin "poly_csdm_off.amxx" failed to load: Plugin uses an unknown function (name "csdm_set_active") - check your modules.ini.
L 03/15/2025 - 13:33:00: [polymorph.amxx] performance issue. Function plugin_cfg executed more than 1110.7ms.
L 03/15/2025 - 13:56:00: [polymorph.amxx] Vote: Voting for the next mod started
L 03/15/2025 - 13:56:24: [polymorph.amxx] Vote: Voting for the next mod finished. The nextmod will be HideN-Seek
L 03/15/2025 - 13:56:40: [polymorph.amxx] Vote: Voting for the nextmap started
L 03/15/2025 - 13:57:04: [polymorph.amxx] Vote: Voting for the nextmap finished. The nextmap will be cs_estate
L 03/15/2025 - 13:58:08: -------- Mapchange to cs_estate --------
L 03/15/2025 - 13:58:08: [AMXX] Plugin "poly_csdm_off.amxx" failed to load: Plugin uses an unknown function (name "csdm_set_active") - check your modules.ini.
L 03/15/2025 - 13:58:09: [polymorph.amxx] performance issue. Function plugin_cfg executed more than 1108.9ms.
L 03/15/2025 - 13:58:09: [uq_jumpstats.amxx] Can't find uq_jumpstats_tops.amxx
L 03/15/2025 - 14:13:10: [polymorph.amxx] Vote: Voting for the nextmap started
L 03/15/2025 - 14:13:34: [polymorph.amxx] Vote: Voting for the nextmap finished. The nextmap will be de_dust
L 03/15/2025 - 14:15:18: -------- Mapchange to de_dust --------
L 03/15/2025 - 14:15:18: [AMXX] Plugin "poly_csdm_off.amxx" failed to load: Plugin uses an unknown function (name "csdm_set_active") - check your modules.ini.
L 03/15/2025 - 14:15:19: [polymorph.amxx] performance issue. Function plugin_cfg executed more than 1123.4ms.
L 03/15/2025 - 14:15:19: [uq_jumpstats.amxx] Can't find uq_jumpstats_tops.amxx
L 03/15/2025 - 14:30:20: [polymorph.amxx] Vote: Voting for the next mod started
L 03/15/2025 - 14:30:44: [polymorph.amxx] Vote: Voting for the next mod finished. The nextmod will be Zombie-Plague
L 03/15/2025 - 14:31:00: [polymorph.amxx] Vote: Voting for the nextmap started
L 03/15/2025 - 14:31:24: [polymorph.amxx] Vote: Voting for the nextmap finished. The nextmap will be zm_ice_attack
L 03/15/2025 - 14:32:28: -------- Mapchange to zm_ice_attack --------
L 03/15/2025 - 14:32:28: [AMXX] Plugin "poly_csdm_off.amxx" failed to load: Plugin uses an unknown function (name "csdm_set_active") - check your modules.ini.
L 03/15/2025 - 14:32:28: [zombie_plague43.amxx] performance issue. Function plugin_precache executed more than 52.7ms.
L 03/15/2025 - 14:32:28: [zombie_plague43.amxx] performance issue. Function native_register_zombie_class executed more than 3.4ms.
L 03/15/2025 - 14:32:28: [zombie_plague43.amxx] performance issue. Function native_register_zombie_class executed more than 5.6ms.
L 03/15/2025 - 14:32:28: [zombie_plague43.amxx] performance issue. Function native_register_zombie_class executed more than 4.5ms.
L 03/15/2025 - 14:32:28: [zombie_plague43.amxx] performance issue. Function native_register_zombie_class executed more than 3.1ms.
L 03/15/2025 - 14:32:28: [zombie_plague43.amxx] performance issue. Function native_register_zombie_class executed more than 3.2ms.
L 03/15/2025 - 14:32:28: [zombie_plague43.amxx] performance issue. Function native_register_zombie_class executed more than 5.7ms.
L 03/15/2025 - 14:32:28: [zombie_plague43.amxx] performance issue. Function native_register_zombie_class executed more than 2.0ms.
L 03/15/2025 - 14:32:28: [zombie_plague43.amxx] performance issue. Function native_register_zombie_class executed more than 4.9ms.
L 03/15/2025 - 14:32:28: [zombie_plague43.amxx] performance issue. Function plugin_init executed more than 3.2ms.
L 03/15/2025 - 14:32:29: [polymorph.amxx] performance issue. Function plugin_cfg executed more than 1096.2ms.
L 03/15/2025 - 14:51:30: [polymorph.amxx] Vote: Voting for the nextmap started
L 03/15/2025 - 14:51:54: [polymorph.amxx] Vote: Voting for the nextmap finished. The nextmap will be zm_toronto
L 03/15/2025 - 14:53:38: -------- Mapchange to zm_toronto --------
L 03/15/2025 - 14:53:38: [AMXX] Plugin "poly_csdm_off.amxx" failed to load: Plugin uses an unknown function (name "csdm_set_active") - check your modules.ini.
L 03/15/2025 - 14:53:38: [zombie_plague43.amxx] performance issue. Function plugin_precache executed more than 53.1ms.
L 03/15/2025 - 14:53:38: [zombie_plague43.amxx] performance issue. Function native_register_zombie_class executed more than 3.3ms.
L 03/15/2025 - 14:53:38: [zombie_plague43.amxx] performance issue. Function native_register_zombie_class executed more than 5.7ms.
L 03/15/2025 - 14:53:38: [zombie_plague43.amxx] performance issue. Function native_register_zombie_class executed more than 4.4ms.
L 03/15/2025 - 14:53:38: [zombie_plague43.amxx] performance issue. Function native_register_zombie_class executed more than 3.0ms.
L 03/15/2025 - 14:53:38: [zombie_plague43.amxx] performance issue. Function native_register_zombie_class executed more than 3.2ms.
L 03/15/2025 - 14:53:38: [zombie_plague43.amxx] performance issue. Function native_register_zombie_class executed more than 5.7ms.
L 03/15/2025 - 14:53:38: [zombie_plague43.amxx] performance issue. Function native_register_zombie_class executed more than 2.0ms.
L 03/15/2025 - 14:53:38: [zombie_plague43.amxx] performance issue. Function native_register_zombie_class executed more than 5.0ms.
L 03/15/2025 - 14:53:38: [zombie_plague43.amxx] performance issue. Function plugin_init executed more than 3.3ms.
L 03/15/2025 - 14:53:39: [polymorph.amxx] performance issue. Function plugin_cfg executed more than 1107.5ms.
L 03/15/2025 - 15:12:40: [polymorph.amxx] Vote: Voting for the nextmap started
L 03/15/2025 - 15:13:04: [polymorph.amxx] Vote: Voting for the nextmap finished. The nextmap will be zm_ice_attack
L 03/15/2025 - 15:14:48: -------- Mapchange to zm_ice_attack --------
L 03/15/2025 - 15:14:48: [AMXX] Plugin "poly_csdm_off.amxx" failed to load: Plugin uses an unknown function (name "csdm_set_active") - check your modules.ini.
L 03/15/2025 - 15:14:49: [zombie_plague43.amxx] performance issue. Function plugin_precache executed more than 214.9ms.
L 03/15/2025 - 15:14:49: [zombie_plague43.amxx] performance issue. Function native_register_zombie_class executed more than 11.1ms.
L 03/15/2025 - 15:14:49: [zombie_plague43.amxx] performance issue. Function native_register_zombie_class executed more than 17.8ms.
L 03/15/2025 - 15:14:49: [zombie_plague43.amxx] performance issue. Function native_register_zombie_class executed more than 14.2ms.
L 03/15/2025 - 15:14:49: [zombie_plague43.amxx] performance issue. Function native_register_zombie_class executed more than 11.7ms.
L 03/15/2025 - 15:14:49: [zombie_plague43.amxx] performance issue. Function native_register_zombie_class executed more than 10.5ms.
L 03/15/2025 - 15:14:49: [zombie_plague43.amxx] performance issue. Function native_register_zombie_class executed more than 20.5ms.
L 03/15/2025 - 15:14:49: [zombie_plague43.amxx] performance issue. Function native_register_zombie_class executed more than 7.1ms.
L 03/15/2025 - 15:14:49: [zombie_plague43.amxx] performance issue. Function native_register_zombie_class executed more than 15.9ms.
L 03/15/2025 - 15:14:50: [zombie_plague43.amxx] performance issue. Function plugin_init executed more than 13.7ms.
L 03/15/2025 - 15:14:52: [polymorph.amxx] performance issue. Function plugin_cfg executed more than 1388.2ms.
L 03/15/2025 - 15:33:52: [polymorph.amxx] Vote: Voting for the next mod started
L 03/15/2025 - 15:34:16: [polymorph.amxx] Vote: Voting for the next mod finished. The nextmod will be Free-For-All
L 03/15/2025 - 15:34:32: [polymorph.amxx] Vote: Voting for the nextmap started
L 03/15/2025 - 15:34:56: [polymorph.amxx] Vote: Voting for the nextmap finished. The nextmap will be cs_assault
L 03/15/2025 - 15:36:00: -------- Mapchange to cs_assault --------
L 03/15/2025 - 15:36:00: [AMXX] Plugin "poly_csdm_off.amxx" failed to load: Plugin uses an unknown function (name "csdm_set_active") - check your modules.ini.
L 03/15/2025 - 15:36:01: [polymorph.amxx] performance issue. Function plugin_cfg executed more than 1120.7ms.
L 03/15/2025 - 15:53:02: [polymorph.amxx] Vote: Voting for the nextmap started
L 03/15/2025 - 15:53:26: [polymorph.amxx] Vote: Voting for the nextmap finished. The nextmap will be de_chateau
L 03/15/2025 - 15:55:10: -------- Mapchange to de_chateau --------
L 03/15/2025 - 15:55:10: [AMXX] Plugin "poly_csdm_off.amxx" failed to load: Plugin uses an unknown function (name "csdm_set_active") - check your modules.ini.
L 03/15/2025 - 15:55:11: [polymorph.amxx] performance issue. Function plugin_cfg executed more than 1097.3ms.
L 03/15/2025 - 16:12:12: [polymorph.amxx] Vote: Voting for the nextmap started
L 03/15/2025 - 16:12:36: [polymorph.amxx] Vote: Voting for the nextmap finished. The nextmap will be cs_assault
L 03/15/2025 - 16:14:19: -------- Mapchange to cs_assault --------
L 03/15/2025 - 16:14:20: [AMXX] Plugin "poly_csdm_off.amxx" failed to load: Plugin uses an unknown function (name "csdm_set_active") - check your modules.ini.
L 03/15/2025 - 16:14:21: [polymorph.amxx] performance issue. Function plugin_cfg executed more than 1103.8ms.
L 03/15/2025 - 16:31:21: [polymorph.amxx] Vote: Voting for the next mod started
L 03/15/2025 - 16:31:45: [polymorph.amxx] Vote: Voting for the next mod finished. The nextmod will be HideN-Seek
L 03/15/2025 - 16:32:01: [polymorph.amxx] Vote: Voting for the nextmap started
L 03/15/2025 - 16:32:25: [polymorph.amxx] Vote: Voting for the nextmap finished. The nextmap will be cs_estate
L 03/15/2025 - 16:33:29: -------- Mapchange to cs_estate --------
L 03/15/2025 - 16:33:29: [AMXX] Plugin "poly_csdm_off.amxx" failed to load: Plugin uses an unknown function (name "csdm_set_active") - check your modules.ini.
L 03/15/2025 - 16:33:31: [polymorph.amxx] performance issue. Function plugin_cfg executed more than 1124.6ms.
L 03/15/2025 - 16:33:31: [uq_jumpstats.amxx] Can't find uq_jumpstats_tops.amxx
L 03/15/2025 - 16:48:31: [polymorph.amxx] Vote: Voting for the nextmap started
L 03/15/2025 - 16:48:55: [polymorph.amxx] Vote: Voting for the nextmap finished. The nextmap will be de_dust
L 03/15/2025 - 16:50:39: -------- Mapchange to de_dust --------
L 03/15/2025 - 16:50:39: [AMXX] Plugin "poly_csdm_off.amxx" failed to load: Plugin uses an unknown function (name "csdm_set_active") - check your modules.ini.
L 03/15/2025 - 16:50:41: [polymorph.amxx] performance issue. Function plugin_cfg executed more than 1102.9ms.
L 03/15/2025 - 16:50:41: [uq_jumpstats.amxx] Can't find uq_jumpstats_tops.amxx
L 03/15/2025 - 17:05:41: [polymorph.amxx] Vote: Voting for the next mod started
L 03/15/2025 - 17:06:05: [polymorph.amxx] Vote: Voting for the next mod finished. The nextmod will be Slender
L 03/15/2025 - 17:06:21: [polymorph.amxx] Vote: Voting for the nextmap started
L 03/15/2025 - 17:06:45: [polymorph.amxx] Vote: Voting for the nextmap finished. The nextmap will be de_dust2
L 03/15/2025 - 17:07:49: -------- Mapchange to de_dust2 --------
L 03/15/2025 - 17:07:49: [AMXX] Plugin "poly_csdm_off.amxx" failed to load: Plugin uses an unknown function (name "csdm_set_active") - check your modules.ini.
L 03/15/2025 - 17:07:50: [polymorph.amxx] performance issue. Function plugin_cfg executed more than 1111.2ms.
L 03/15/2025 - 17:28:51: [polymorph.amxx] Vote: Voting for the nextmap started
L 03/15/2025 - 17:29:15: [polymorph.amxx] Vote: Voting for the nextmap finished. The nextmap will be de_aztec
L 03/15/2025 - 17:30:59: -------- Mapchange to de_aztec --------
L 03/15/2025 - 17:30:59: [AMXX] Plugin "poly_csdm_off.amxx" failed to load: Plugin uses an unknown function (name "csdm_set_active") - check your modules.ini.
L 03/15/2025 - 17:31:00: [polymorph.amxx] performance issue. Function plugin_cfg executed more than 1104.1ms.
L 03/15/2025 - 17:52:00: [polymorph.amxx] Vote: Voting for the next mod started
L 03/15/2025 - 17:52:24: [polymorph.amxx] Vote: Voting for the next mod finished. The nextmod will be Vip
L 03/15/2025 - 17:52:41: [polymorph.amxx] Vote: Voting for the nextmap started
L 03/15/2025 - 17:53:05: [polymorph.amxx] Vote: Voting for the nextmap finished. The nextmap will be as_oilrig
L 03/15/2025 - 17:54:09: -------- Mapchange to as_oilrig --------
L 03/15/2025 - 17:54:09: [AMXX] Plugin "poly_csdm_off.amxx" failed to load: Plugin uses an unknown function (name "csdm_set_active") - check your modules.ini.
L 03/15/2025 - 17:54:10: [polymorph.amxx] performance issue. Function plugin_cfg executed more than 1111.5ms.
L 03/15/2025 - 18:17:10: [polymorph.amxx] Vote: Voting for the nextmap started
L 03/15/2025 - 18:17:34: [polymorph.amxx] Vote: Voting for the nextmap finished. The nextmap will be as_crazytank3
L 03/15/2025 - 18:19:18: -------- Mapchange to as_crazytank3 --------
L 03/15/2025 - 18:19:18: [AMXX] Plugin "poly_csdm_off.amxx" failed to load: Plugin uses an unknown function (name "csdm_set_active") - check your modules.ini.
L 03/15/2025 - 18:19:20: [polymorph.amxx] performance issue. Function plugin_cfg executed more than 1104.7ms.
L 03/15/2025 - 18:42:20: [polymorph.amxx] Vote: Voting for the nextmap started
L 03/15/2025 - 18:42:44: [polymorph.amxx] Vote: Voting for the nextmap finished. The nextmap will be as_oilrig
L 03/15/2025 - 18:44:28: -------- Mapchange to as_oilrig --------
L 03/15/2025 - 18:44:28: [AMXX] Plugin "poly_csdm_off.amxx" failed to load: Plugin uses an unknown function (name "csdm_set_active") - check your modules.ini.
L 03/15/2025 - 18:44:30: [polymorph.amxx] performance issue. Function plugin_cfg executed more than 1125.3ms.
L 03/15/2025 - 19:07:30: [polymorph.amxx] Vote: Voting for the next mod started
L 03/15/2025 - 19:07:54: [polymorph.amxx] Vote: Voting for the next mod finished. The nextmod will be Banderas
L 03/15/2025 - 19:08:10: [polymorph.amxx] Vote: Voting for the nextmap started
L 03/15/2025 - 19:08:34: [polymorph.amxx] Vote: Voting for the nextmap finished. The nextmap will be de_dust2
L 03/15/2025 - 19:09:38: -------- Mapchange to de_dust2 --------
L 03/15/2025 - 19:09:38: [AMXX] Plugin "poly_csdm_off.amxx" failed to load: Plugin uses an unknown function (name "csdm_set_active") - check your modules.ini.
L 03/15/2025 - 19:09:39: [polymorph.amxx] performance issue. Function plugin_cfg executed more than 1106.2ms.
L 03/15/2025 - 19:27:40: [polymorph.amxx] Vote: Voting for the nextmap started
L 03/15/2025 - 19:28:04: [polymorph.amxx] Vote: Voting for the nextmap finished. The nextmap will be surf_iceday_remake
L 03/15/2025 - 19:29:48: -------- Mapchange to surf_iceday_remake --------
L 03/15/2025 - 19:29:48: [AMXX] Plugin "poly_csdm_off.amxx" failed to load: Plugin uses an unknown function (name "csdm_set_active") - check your modules.ini.
L 03/15/2025 - 19:29:49: [polymorph.amxx] performance issue. Function plugin_cfg executed more than 1105.7ms.
L 03/15/2025 - 19:47:49: [polymorph.amxx] Vote: Voting for the next mod started
L 03/15/2025 - 19:48:13: [polymorph.amxx] Vote: Voting for the next mod finished. The nextmod will be Kreedz-Kz
L 03/15/2025 - 19:48:30: [polymorph.amxx] Vote: Voting for the nextmap started
L 03/15/2025 - 19:48:54: [polymorph.amxx] Vote: Voting for the nextmap finished. The nextmap will be kz_arsacid
L 03/15/2025 - 19:49:58: -------- Mapchange to kz_arsacid --------
L 03/15/2025 - 19:49:58: [AMXX] Plugin "poly_csdm_off.amxx" failed to load: Plugin uses an unknown function (name "csdm_set_active") - check your modules.ini.
L 03/15/2025 - 19:49:58: [kz_jumpplugin.amxx] performance issue. Function plugin_precache executed more than 4.9ms.
L 03/15/2025 - 19:49:58: New section, unterminated block (file "cstrike/addons/amxmodx/data/lang/kz_jumpplugin.txt" key "// Languages in this ML File:" lang "")
L 03/15/2025 - 19:49:59: [polymorph.amxx] performance issue. Function plugin_cfg executed more than 1093.7ms.
L 03/15/2025 - 19:49:59: [kz_jumpplugin.amxx] performance issue. Function plugin_cfg executed more than 5.5ms.
L 03/15/2025 - 19:49:59: [uq_jumpstats.amxx] Can't find uq_jumpstats_tops.amxx
L 03/15/2025 - 19:50:02: [admincmd.amxx] Cmd: "PerGAmes MultiModos - Banderas <0><><>" set cvar (name "kz_uq_airaccelerate") (value "100")
L 03/15/2025 - 19:50:03: [kz_jumpplugin.amxx] performance issue. Function createbot executed more than 1.6ms.
L 03/15/2025 - 20:07:59: [polymorph.amxx] Vote: Voting for the nextmap started
L 03/15/2025 - 20:08:23: [polymorph.amxx] Vote: Voting for the nextmap finished. The nextmap will be bkz_goldbhop
L 03/15/2025 - 20:10:07: -------- Mapchange to bkz_goldbhop --------
L 03/15/2025 - 20:10:07: [AMXX] Plugin "poly_csdm_off.amxx" failed to load: Plugin uses an unknown function (name "csdm_set_active") - check your modules.ini.
L 03/15/2025 - 20:10:08: [kz_jumpplugin.amxx] performance issue. Function plugin_precache executed more than 5.0ms.
L 03/15/2025 - 20:10:08: New section, unterminated block (file "cstrike/addons/amxmodx/data/lang/kz_jumpplugin.txt" key "// Languages in this ML File:" lang "")
L 03/15/2025 - 20:10:09: [polymorph.amxx] performance issue. Function plugin_cfg executed more than 1149.9ms.
L 03/15/2025 - 20:10:09: [kz_jumpplugin.amxx] performance issue. Function plugin_cfg executed more than 5.4ms.
L 03/15/2025 - 20:10:09: [uq_jumpstats.amxx] Can't find uq_jumpstats_tops.amxx
L 03/15/2025 - 20:10:12: [admincmd.amxx] Cmd: "PerGAmes MultiModos - Kreedz by<0><><>" set cvar (name "kz_uq_airaccelerate") (value "100")
L 03/15/2025 - 20:10:13: [kz_jumpplugin.amxx] performance issue. Function createbot executed more than 1.4ms.
L 03/15/2025 - 20:28:09: [polymorph.amxx] Vote: Voting for the nextmap started
L 03/15/2025 - 20:28:33: [polymorph.amxx] Vote: Voting for the nextmap finished. The nextmap will be kz_xj_brickjump
L 03/15/2025 - 20:30:17: -------- Mapchange to kz_xj_brickjump --------
L 03/15/2025 - 20:30:17: [AMXX] Plugin "poly_csdm_off.amxx" failed to load: Plugin uses an unknown function (name "csdm_set_active") - check your modules.ini.
L 03/15/2025 - 20:30:17: [kz_jumpplugin.amxx] performance issue. Function plugin_precache executed more than 5.0ms.
L 03/15/2025 - 20:30:18: New section, unterminated block (file "cstrike/addons/amxmodx/data/lang/kz_jumpplugin.txt" key "// Languages in this ML File:" lang "")
L 03/15/2025 - 20:30:19: [polymorph.amxx] performance issue. Function plugin_cfg executed more than 1124.8ms.
L 03/15/2025 - 20:30:19: [kz_jumpplugin.amxx] performance issue. Function plugin_cfg executed more than 5.5ms.
L 03/15/2025 - 20:30:19: [uq_jumpstats.amxx] Can't find uq_jumpstats_tops.amxx
L 03/15/2025 - 20:30:22: [admincmd.amxx] Cmd: "PerGAmes MultiModos - Kreedz by<0><><>" set cvar (name "kz_uq_airaccelerate") (value "100")
L 03/15/2025 - 20:30:23: [kz_jumpplugin.amxx] performance issue. Function createbot executed more than 6.5ms.
L 03/15/2025 - 20:48:19: [polymorph.amxx] Vote: Voting for the next mod started
L 03/15/2025 - 20:48:43: [polymorph.amxx] Vote: Voting for the next mod finished. The nextmod will be BaseBuilder
L 03/15/2025 - 20:48:59: [polymorph.amxx] Vote: Voting for the nextmap started
L 03/15/2025 - 20:49:23: [polymorph.amxx] Vote: Voting for the nextmap finished. The nextmap will be bb_crete3
L 03/15/2025 - 20:50:27: -------- Mapchange to bb_crete3 --------
L 03/15/2025 - 20:50:27: [AMXX] Plugin "anti-channel.amxx" failed to load: Module/Library "orpheu" required for plugin.  Check modules.ini.
L 03/15/2025 - 20:50:27: [AMXX] Plugin "poly_csdm_off.amxx" failed to load: Plugin uses an unknown function (name "csdm_set_active") - check your modules.ini.
L 03/15/2025 - 20:50:27: [basebuilder65.amxx] performance issue. Function native_register_zombie_class executed more than 4.0ms.
L 03/15/2025 - 20:50:27: [basebuilder65.amxx] performance issue. Function native_register_zombie_class executed more than 4.3ms.
L 03/15/2025 - 20:50:27: [basebuilder65.amxx] performance issue. Function native_register_zombie_class executed more than 3.4ms.
L 03/15/2025 - 20:50:27: [basebuilder65.amxx] performance issue. Function native_register_zombie_class executed more than 4.8ms.
L 03/15/2025 - 20:50:27: [bb_classes65.amxx] performance issue. Function plugin_precache executed more than 16.5ms.
L 03/15/2025 - 20:50:29: [polymorph.amxx] performance issue. Function plugin_cfg executed more than 1094.1ms.
L 03/15/2025 - 21:13:29: [polymorph.amxx] Vote: Voting for the nextmap started
L 03/15/2025 - 21:13:53: [polymorph.amxx] Vote: Voting for the nextmap finished. The nextmap will be bb_colours
L 03/15/2025 - 21:15:37: -------- Mapchange to bb_colours --------
L 03/15/2025 - 21:15:37: [AMXX] Plugin "anti-channel.amxx" failed to load: Module/Library "orpheu" required for plugin.  Check modules.ini.
L 03/15/2025 - 21:15:37: [AMXX] Plugin "poly_csdm_off.amxx" failed to load: Plugin uses an unknown function (name "csdm_set_active") - check your modules.ini.
L 03/15/2025 - 21:15:37: [basebuilder65.amxx] performance issue. Function native_register_zombie_class executed more than 4.1ms.
L 03/15/2025 - 21:15:37: [basebuilder65.amxx] performance issue. Function native_register_zombie_class executed more than 4.1ms.
L 03/15/2025 - 21:15:37: [basebuilder65.amxx] performance issue. Function native_register_zombie_class executed more than 3.4ms.
L 03/15/2025 - 21:15:37: [basebuilder65.amxx] performance issue. Function native_register_zombie_class executed more than 5.0ms.
L 03/15/2025 - 21:15:37: [bb_classes65.amxx] performance issue. Function plugin_precache executed more than 16.7ms.
L 03/15/2025 - 21:15:39: [polymorph.amxx] performance issue. Function plugin_cfg executed more than 1125.7ms.
L 03/15/2025 - 21:38:39: [polymorph.amxx] Vote: Voting for the next mod started
L 03/15/2025 - 21:39:03: [polymorph.amxx] Vote: Voting for the next mod finished. The nextmod will be Free-For-All
L 03/15/2025 - 21:39:19: [polymorph.amxx] Vote: Voting for the nextmap started
L 03/15/2025 - 21:39:43: [polymorph.amxx] Vote: Voting for the nextmap finished. The nextmap will be cs_assault
L 03/15/2025 - 21:40:47: -------- Mapchange to cs_assault --------
L 03/15/2025 - 21:40:47: [AMXX] Plugin "poly_csdm_off.amxx" failed to load: Plugin uses an unknown function (name "csdm_set_active") - check your modules.ini.
L 03/15/2025 - 21:40:48: [polymorph.amxx] performance issue. Function plugin_cfg executed more than 1108.2ms.
L 03/15/2025 - 21:57:49: [polymorph.amxx] Vote: Voting for the nextmap started
L 03/15/2025 - 21:58:13: [polymorph.amxx] Vote: Voting for the nextmap finished. The nextmap will be de_chateau
L 03/15/2025 - 21:59:57: -------- Mapchange to de_chateau --------
L 03/15/2025 - 21:59:57: [AMXX] Plugin "poly_csdm_off.amxx" failed to load: Plugin uses an unknown function (name "csdm_set_active") - check your modules.ini.
L 03/15/2025 - 21:59:58: [polymorph.amxx] performance issue. Function plugin_cfg executed more than 1103.6ms.
L 03/15/2025 - 22:16:58: [polymorph.amxx] Vote: Voting for the nextmap started
L 03/15/2025 - 22:17:22: [polymorph.amxx] Vote: Voting for the nextmap finished. The nextmap will be cs_assault
L 03/15/2025 - 22:19:06: -------- Mapchange to cs_assault --------
L 03/15/2025 - 22:19:06: [AMXX] Plugin "poly_csdm_off.amxx" failed to load: Plugin uses an unknown function (name "csdm_set_active") - check your modules.ini.
L 03/15/2025 - 22:19:08: [polymorph.amxx] performance issue. Function plugin_cfg executed more than 1112.1ms.
L 03/15/2025 - 22:36:08: [polymorph.amxx] Vote: Voting for the next mod started
L 03/15/2025 - 22:36:32: [polymorph.amxx] Vote: Voting for the next mod finished. The nextmod will be HideN-Seek
L 03/15/2025 - 22:36:48: [polymorph.amxx] Vote: Voting for the nextmap started
L 03/15/2025 - 22:37:12: [polymorph.amxx] Vote: Voting for the nextmap finished. The nextmap will be cs_estate
L 03/15/2025 - 22:38:16: -------- Mapchange to cs_estate --------
L 03/15/2025 - 22:38:16: [AMXX] Plugin "poly_csdm_off.amxx" failed to load: Plugin uses an unknown function (name "csdm_set_active") - check your modules.ini.
L 03/15/2025 - 22:38:17: [polymorph.amxx] performance issue. Function plugin_cfg executed more than 1118.8ms.
L 03/15/2025 - 22:38:17: [uq_jumpstats.amxx] Can't find uq_jumpstats_tops.amxx
L 03/15/2025 - 22:53:18: [polymorph.amxx] Vote: Voting for the nextmap started
L 03/15/2025 - 22:53:42: [polymorph.amxx] Vote: Voting for the nextmap finished. The nextmap will be de_dust
L 03/15/2025 - 22:55:26: -------- Mapchange to de_dust --------
L 03/15/2025 - 22:55:26: [AMXX] Plugin "poly_csdm_off.amxx" failed to load: Plugin uses an unknown function (name "csdm_set_active") - check your modules.ini.
L 03/15/2025 - 22:55:27: [polymorph.amxx] performance issue. Function plugin_cfg executed more than 1110.6ms.
L 03/15/2025 - 22:55:27: [uq_jumpstats.amxx] Can't find uq_jumpstats_tops.amxx
L 03/15/2025 - 23:10:28: [polymorph.amxx] Vote: Voting for the next mod started
L 03/15/2025 - 23:10:52: [polymorph.amxx] Vote: Voting for the next mod finished. The nextmod will be Kreedz-Kz
L 03/15/2025 - 23:11:08: [polymorph.amxx] Vote: Voting for the nextmap started
L 03/15/2025 - 23:11:32: [polymorph.amxx] Vote: Voting for the nextmap finished. The nextmap will be kz_arsacid
L 03/15/2025 - 23:12:36: -------- Mapchange to kz_arsacid --------
L 03/15/2025 - 23:12:36: [AMXX] Plugin "poly_csdm_off.amxx" failed to load: Plugin uses an unknown function (name "csdm_set_active") - check your modules.ini.
L 03/15/2025 - 23:12:36: [kz_jumpplugin.amxx] performance issue. Function plugin_precache executed more than 5.1ms.
L 03/15/2025 - 23:12:36: New section, unterminated block (file "cstrike/addons/amxmodx/data/lang/kz_jumpplugin.txt" key "// Languages in this ML File:" lang "")
L 03/15/2025 - 23:12:37: [polymorph.amxx] performance issue. Function plugin_cfg executed more than 1145.8ms.
L 03/15/2025 - 23:12:37: [kz_jumpplugin.amxx] performance issue. Function plugin_cfg executed more than 5.5ms.
L 03/15/2025 - 23:12:37: [uq_jumpstats.amxx] Can't find uq_jumpstats_tops.amxx
L 03/15/2025 - 23:12:41: [admincmd.amxx] Cmd: "PerGAmes MultiModos - HideN-See<0><><>" set cvar (name "kz_uq_airaccelerate") (value "100")
L 03/15/2025 - 23:12:42: [kz_jumpplugin.amxx] performance issue. Function createbot executed more than 6.5ms.
L 03/15/2025 - 23:30:38: [polymorph.amxx] Vote: Voting for the nextmap started
L 03/15/2025 - 23:31:02: [polymorph.amxx] Vote: Voting for the nextmap finished. The nextmap will be bkz_goldbhop
L 03/15/2025 - 23:32:46: -------- Mapchange to bkz_goldbhop --------
L 03/15/2025 - 23:32:46: [AMXX] Plugin "poly_csdm_off.amxx" failed to load: Plugin uses an unknown function (name "csdm_set_active") - check your modules.ini.
L 03/15/2025 - 23:32:46: [kz_jumpplugin.amxx] performance issue. Function plugin_precache executed more than 4.9ms.
L 03/15/2025 - 23:32:46: New section, unterminated block (file "cstrike/addons/amxmodx/data/lang/kz_jumpplugin.txt" key "// Languages in this ML File:" lang "")
L 03/15/2025 - 23:32:47: [polymorph.amxx] performance issue. Function plugin_cfg executed more than 1112.8ms.
L 03/15/2025 - 23:32:47: [kz_jumpplugin.amxx] performance issue. Function plugin_cfg executed more than 5.6ms.
L 03/15/2025 - 23:32:47: [uq_jumpstats.amxx] Can't find uq_jumpstats_tops.amxx
L 03/15/2025 - 23:32:50: [admincmd.amxx] Cmd: "PerGAmes MultiModos - Kreedz by<0><><>" set cvar (name "kz_uq_airaccelerate") (value "100")
L 03/15/2025 - 23:32:51: [kz_jumpplugin.amxx] performance issue. Function createbot executed more than 6.5ms.
L 03/15/2025 - 23:50:47: [polymorph.amxx] Vote: Voting for the nextmap started
L 03/15/2025 - 23:51:11: [polymorph.amxx] Vote: Voting for the nextmap finished. The nextmap will be kz_xj_brickjump
L 03/15/2025 - 23:52:55: -------- Mapchange to kz_xj_brickjump --------
L 03/15/2025 - 23:52:56: [AMXX] Plugin "poly_csdm_off.amxx" failed to load: Plugin uses an unknown function (name "csdm_set_active") - check your modules.ini.
L 03/15/2025 - 23:52:56: [kz_jumpplugin.amxx] performance issue. Function plugin_precache executed more than 5.0ms.
L 03/15/2025 - 23:52:56: New section, unterminated block (file "cstrike/addons/amxmodx/data/lang/kz_jumpplugin.txt" key "// Languages in this ML File:" lang "")
L 03/15/2025 - 23:52:57: [polymorph.amxx] performance issue. Function plugin_cfg executed more than 1099.9ms.
L 03/15/2025 - 23:52:57: [kz_jumpplugin.amxx] performance issue. Function plugin_cfg executed more than 5.6ms.
L 03/15/2025 - 23:52:57: [uq_jumpstats.amxx] Can't find uq_jumpstats_tops.amxx
L 03/15/2025 - 23:53:00: [admincmd.amxx] Cmd: "PerGAmes MultiModos - Kreedz by<0><><>" set cvar (name "kz_uq_airaccelerate") (value "100")
L 03/15/2025 - 23:53:01: [kz_jumpplugin.amxx] performance issue. Function createbot executed more than 6.7ms.
